/workspace/ros2_ws/src/install/p3_pkg/lib/python3.10/site-packages/p3_pkg/movimiento.py
/workspace/ros2_ws/src/install/p3_pkg/lib/python3.10/site-packages/p3_pkg/aparcamiento.py
/workspace/ros2_ws/src/install/p3_pkg/lib/python3.10/site-packages/p3_pkg/dibuja_mov.py
/workspace/ros2_ws/src/install/p3_pkg/lib/python3.10/site-packages/p3_pkg/__init__.py
/workspace/ros2_ws/src/install/p3_pkg/lib/python3.10/site-packages/p3_pkg/__pycache__/movimiento.cpython-310.pyc
/workspace/ros2_ws/src/install/p3_pkg/lib/python3.10/site-packages/p3_pkg/__pycache__/aparcamiento.cpython-310.pyc
/workspace/ros2_ws/src/install/p3_pkg/lib/python3.10/site-packages/p3_pkg/__pycache__/dibuja_mov.cpython-310.pyc
/workspace/ros2_ws/src/install/p3_pkg/lib/python3.10/site-packages/p3_pkg/__pycache__/__init__.cpython-310.pyc
/workspace/ros2_ws/src/install/p3_pkg/share/ament_index/resource_index/packages/p3_pkg
/workspace/ros2_ws/src/install/p3_pkg/share/p3_pkg/package.xml
/workspace/ros2_ws/src/install/p3_pkg/share/p3_pkg/launch/parking_tb3.launch.py
/workspace/ros2_ws/src/install/p3_pkg/share/p3_pkg/worlds/parking.world
/workspace/ros2_ws/src/install/p3_pkg/share/p3_pkg/models/parking/model.config
/workspace/ros2_ws/src/install/p3_pkg/share/p3_pkg/models/parking/model.sdf
/workspace/ros2_ws/src/install/p3_pkg/lib/python3.10/site-packages/p3_pkg-0.0.0-py3.10.egg-info/entry_points.txt
/workspace/ros2_ws/src/install/p3_pkg/lib/python3.10/site-packages/p3_pkg-0.0.0-py3.10.egg-info/PKG-INFO
/workspace/ros2_ws/src/install/p3_pkg/lib/python3.10/site-packages/p3_pkg-0.0.0-py3.10.egg-info/zip-safe
/workspace/ros2_ws/src/install/p3_pkg/lib/python3.10/site-packages/p3_pkg-0.0.0-py3.10.egg-info/dependency_links.txt
/workspace/ros2_ws/src/install/p3_pkg/lib/python3.10/site-packages/p3_pkg-0.0.0-py3.10.egg-info/requires.txt
/workspace/ros2_ws/src/install/p3_pkg/lib/python3.10/site-packages/p3_pkg-0.0.0-py3.10.egg-info/SOURCES.txt
/workspace/ros2_ws/src/install/p3_pkg/lib/python3.10/site-packages/p3_pkg-0.0.0-py3.10.egg-info/top_level.txt
/workspace/ros2_ws/src/install/p3_pkg/lib/p3_pkg/aparcamiento
/workspace/ros2_ws/src/install/p3_pkg/lib/p3_pkg/dibuja_mov
/workspace/ros2_ws/src/install/p3_pkg/lib/p3_pkg/movimiento
