[0.429s] Invoking command in '/workspace/ros2_ws/build/vicpaq': CMAKE_PREFIX_PATH=${CMAKE_PREFIX_PATH}:/workspace/ros2_ws/install/voice_bot_pkg:/workspace/ros2_ws/install/turtlebot3_teleop:/workspace/ros2_ws/install/turtlebot3_example:/workspace/ros2_ws/install/servicio_suma:/workspace/ros2_ws/install/service_temp:/workspace/ros2_ws/install/recolector_pkg:/workspace/ros2_ws/install/primer_paquete:/workspace/ros2_ws/install/paquete1:/workspace/ros2_ws/install/p3_pkg:/workspace/ros2_ws/install/p2pkg:/workspace/ros2_ws/install/mi_accion:/workspace/ros2_ws/install/maze_pkg:/workspace/ros2_ws/install/battery_act:/workspace/ros2_ws/src/voice_bot_pkg/install/voice_bot_pkg:/workspace/install/servicio_suma:/opt/ros/humble /usr/bin/cmake --build /workspace/ros2_ws/build/vicpaq -- -j12 -l12
[1.021s] Invoked command in '/workspace/ros2_ws/build/vicpaq' returned '0': CMAKE_PREFIX_PATH=${CMAKE_PREFIX_PATH}:/workspace/ros2_ws/install/voice_bot_pkg:/workspace/ros2_ws/install/turtlebot3_teleop:/workspace/ros2_ws/install/turtlebot3_example:/workspace/ros2_ws/install/servicio_suma:/workspace/ros2_ws/install/service_temp:/workspace/ros2_ws/install/recolector_pkg:/workspace/ros2_ws/install/primer_paquete:/workspace/ros2_ws/install/paquete1:/workspace/ros2_ws/install/p3_pkg:/workspace/ros2_ws/install/p2pkg:/workspace/ros2_ws/install/mi_accion:/workspace/ros2_ws/install/maze_pkg:/workspace/ros2_ws/install/battery_act:/workspace/ros2_ws/src/voice_bot_pkg/install/voice_bot_pkg:/workspace/install/servicio_suma:/opt/ros/humble /usr/bin/cmake --build /workspace/ros2_ws/build/vicpaq -- -j12 -l12
[1.023s] Invoking command in '/workspace/ros2_ws/build/vicpaq': CMAKE_PREFIX_PATH=${CMAKE_PREFIX_PATH}:/workspace/ros2_ws/install/voice_bot_pkg:/workspace/ros2_ws/install/turtlebot3_teleop:/workspace/ros2_ws/install/turtlebot3_example:/workspace/ros2_ws/install/servicio_suma:/workspace/ros2_ws/install/service_temp:/workspace/ros2_ws/install/recolector_pkg:/workspace/ros2_ws/install/primer_paquete:/workspace/ros2_ws/install/paquete1:/workspace/ros2_ws/install/p3_pkg:/workspace/ros2_ws/install/p2pkg:/workspace/ros2_ws/install/mi_accion:/workspace/ros2_ws/install/maze_pkg:/workspace/ros2_ws/install/battery_act:/workspace/ros2_ws/src/voice_bot_pkg/install/voice_bot_pkg:/workspace/install/servicio_suma:/opt/ros/humble /usr/bin/cmake --install /workspace/ros2_ws/build/vicpaq
[1.037s] -- Install configuration: ""
[1.038s] -- Execute custom install script
[1.038s] -- Up-to-date symlink: /workspace/ros2_ws/install/vicpaq/share/ament_index/resource_index/package_run_dependencies/vicpaq
[1.038s] -- Up-to-date symlink: /workspace/ros2_ws/install/vicpaq/share/ament_index/resource_index/parent_prefix_path/vicpaq
[1.038s] -- Up-to-date symlink: /workspace/ros2_ws/install/vicpaq/share/vicpaq/environment/ament_prefix_path.sh
[1.038s] -- Up-to-date symlink: /workspace/ros2_ws/install/vicpaq/share/vicpaq/environment/ament_prefix_path.dsv
[1.039s] -- Up-to-date symlink: /workspace/ros2_ws/install/vicpaq/share/vicpaq/environment/path.sh
[1.039s] -- Up-to-date symlink: /workspace/ros2_ws/install/vicpaq/share/vicpaq/environment/path.dsv
[1.039s] -- Up-to-date symlink: /workspace/ros2_ws/install/vicpaq/share/vicpaq/local_setup.bash
[1.039s] -- Up-to-date symlink: /workspace/ros2_ws/install/vicpaq/share/vicpaq/local_setup.sh
[1.039s] -- Up-to-date symlink: /workspace/ros2_ws/install/vicpaq/share/vicpaq/local_setup.zsh
[1.040s] -- Up-to-date symlink: /workspace/ros2_ws/install/vicpaq/share/vicpaq/local_setup.dsv
[1.040s] -- Symlinking: /workspace/ros2_ws/install/vicpaq/share/vicpaq/package.dsv
[1.046s] -- Up-to-date symlink: /workspace/ros2_ws/install/vicpaq/share/ament_index/resource_index/packages/vicpaq
[1.047s] -- Up-to-date symlink: /workspace/ros2_ws/install/vicpaq/share/vicpaq/cmake/vicpaqConfig.cmake
[1.048s] -- Up-to-date symlink: /workspace/ros2_ws/install/vicpaq/share/vicpaq/cmake/vicpaqConfig-version.cmake
[1.049s] -- Up-to-date symlink: /workspace/ros2_ws/install/vicpaq/share/vicpaq/package.xml
[1.100s] Invoked command in '/workspace/ros2_ws/build/vicpaq' returned '0': CMAKE_PREFIX_PATH=${CMAKE_PREFIX_PATH}:/workspace/ros2_ws/install/voice_bot_pkg:/workspace/ros2_ws/install/turtlebot3_teleop:/workspace/ros2_ws/install/turtlebot3_example:/workspace/ros2_ws/install/servicio_suma:/workspace/ros2_ws/install/service_temp:/workspace/ros2_ws/install/recolector_pkg:/workspace/ros2_ws/install/primer_paquete:/workspace/ros2_ws/install/paquete1:/workspace/ros2_ws/install/p3_pkg:/workspace/ros2_ws/install/p2pkg:/workspace/ros2_ws/install/mi_accion:/workspace/ros2_ws/install/maze_pkg:/workspace/ros2_ws/install/battery_act:/workspace/ros2_ws/src/voice_bot_pkg/install/voice_bot_pkg:/workspace/install/servicio_suma:/opt/ros/humble /usr/bin/cmake --install /workspace/ros2_ws/build/vicpaq
