running develop
Removing /workspace/ros2_ws/install/paquete1/lib/python3.10/site-packages/paquete1.egg-link (link to .)
running egg_info
writing ../../build/paquete1/paquete1.egg-info/PKG-INFO
writing dependency_links to ../../build/paquete1/paquete1.egg-info/dependency_links.txt
writing entry points to ../../build/paquete1/paquete1.egg-info/entry_points.txt
writing requirements to ../../build/paquete1/paquete1.egg-info/requires.txt
writing top-level names to ../../build/paquete1/paquete1.egg-info/top_level.txt
reading manifest file '../../build/paquete1/paquete1.egg-info/SOURCES.txt'
adding license file 'LICENSE'
writing manifest file '../../build/paquete1/paquete1.egg-info/SOURCES.txt'
running build
running build_py
creating /workspace/ros2_ws/build/paquete1/build
creating /workspace/ros2_ws/build/paquete1/build/lib
creating /workspace/ros2_ws/build/paquete1/build/lib/paquete1
copying paquete1/__init__.py -> /workspace/ros2_ws/build/paquete1/build/lib/paquete1
running install
running install_lib
creating /workspace/ros2_ws/install/paquete1/lib/python3.10/site-packages/paquete1
copying /workspace/ros2_ws/build/paquete1/build/lib/paquete1/__init__.py -> /workspace/ros2_ws/install/paquete1/lib/python3.10/site-packages/paquete1
byte-compiling /workspace/ros2_ws/install/paquete1/lib/python3.10/site-packages/paquete1/__init__.py to __init__.cpython-310.pyc
running install_data
copying resource/paquete1 -> /workspace/ros2_ws/install/paquete1/share/ament_index/resource_index/packages
copying package.xml -> /workspace/ros2_ws/install/paquete1/share/paquete1
running install_egg_info
Copying ../../build/paquete1/paquete1.egg-info to /workspace/ros2_ws/install/paquete1/lib/python3.10/site-packages/paquete1-0.0.0-py3.10.egg-info
running install_scripts
writing list of installed files to '/workspace/ros2_ws/build/paquete1/install.log'
