running egg_info
creating ../build/battery_act/battery_act.egg-info
writing ../build/battery_act/battery_act.egg-info/PKG-INFO
writing dependency_links to ../build/battery_act/battery_act.egg-info/dependency_links.txt
writing entry points to ../build/battery_act/battery_act.egg-info/entry_points.txt
writing requirements to ../build/battery_act/battery_act.egg-info/requires.txt
writing top-level names to ../build/battery_act/battery_act.egg-info/top_level.txt
writing manifest file '../build/battery_act/battery_act.egg-info/SOURCES.txt'
reading manifest file '../build/battery_act/battery_act.egg-info/SOURCES.txt'
adding license file 'LICENSE'
writing manifest file '../build/battery_act/battery_act.egg-info/SOURCES.txt'
running build
running build_py
creating /workspace/ros2_ws/src/build/battery_act/build
creating /workspace/ros2_ws/src/build/battery_act/build/lib
creating /workspace/ros2_ws/src/build/battery_act/build/lib/battery_act
copying battery_act/battery_client.py -> /workspace/ros2_ws/src/build/battery_act/build/lib/battery_act
copying battery_act/battery_charger.py -> /workspace/ros2_ws/src/build/battery_act/build/lib/battery_act
copying battery_act/__init__.py -> /workspace/ros2_ws/src/build/battery_act/build/lib/battery_act
running install
running install_lib
creating /workspace/ros2_ws/src/install/battery_act/lib/python3.10/site-packages/battery_act
copying /workspace/ros2_ws/src/build/battery_act/build/lib/battery_act/battery_client.py -> /workspace/ros2_ws/src/install/battery_act/lib/python3.10/site-packages/battery_act
copying /workspace/ros2_ws/src/build/battery_act/build/lib/battery_act/battery_charger.py -> /workspace/ros2_ws/src/install/battery_act/lib/python3.10/site-packages/battery_act
copying /workspace/ros2_ws/src/build/battery_act/build/lib/battery_act/__init__.py -> /workspace/ros2_ws/src/install/battery_act/lib/python3.10/site-packages/battery_act
byte-compiling /workspace/ros2_ws/src/install/battery_act/lib/python3.10/site-packages/battery_act/battery_client.py to battery_client.cpython-310.pyc
byte-compiling /workspace/ros2_ws/src/install/battery_act/lib/python3.10/site-packages/battery_act/battery_charger.py to battery_charger.cpython-310.pyc
byte-compiling /workspace/ros2_ws/src/install/battery_act/lib/python3.10/site-packages/battery_act/__init__.py to __init__.cpython-310.pyc
running install_data
creating /workspace/ros2_ws/src/install/battery_act/share/ament_index
creating /workspace/ros2_ws/src/install/battery_act/share/ament_index/resource_index
creating /workspace/ros2_ws/src/install/battery_act/share/ament_index/resource_index/packages
copying resource/battery_act -> /workspace/ros2_ws/src/install/battery_act/share/ament_index/resource_index/packages
copying package.xml -> /workspace/ros2_ws/src/install/battery_act/share/battery_act
running install_egg_info
Copying ../build/battery_act/battery_act.egg-info to /workspace/ros2_ws/src/install/battery_act/lib/python3.10/site-packages/battery_act-0.0.0-py3.10.egg-info
running install_scripts
Installing client script to /workspace/ros2_ws/src/install/battery_act/lib/battery_act
Installing server script to /workspace/ros2_ws/src/install/battery_act/lib/battery_act
writing list of installed files to '/workspace/ros2_ws/src/build/battery_act/install.log'
