[2.701s] Invoking command in '/workspace/ros2_ws/src/battery_act': CMAKE_PREFIX_PATH=/workspace/ros2_ws/src/install/interfaz:/workspace/ros2_ws/src/install/vicpaq:/workspace/ros2_ws/src/install/p2pkg:/workspace/ros2_ws/src/install/interfaz_servicio_suma:/workspace/ros2_ws/src/install/interfaz-p2:/workspace/ros2_ws/install/vicpaq:/workspace/ros2_ws/install/turtlebot3:/workspace/ros2_ws/install/turtlebot3_simulations:/workspace/ros2_ws/install/turtlebot3_bringup:/workspace/ros2_ws/install/turtlebot3_node:/workspace/ros2_ws/install/turtlebot3_navigation2:/workspace/ros2_ws/install/turtlebot3_fake_node:/workspace/ros2_ws/install/turtlebot3_msgs:/workspace/ros2_ws/install/turtlebot3_manipulation_gazebo:/workspace/ros2_ws/install/turtlebot3_gazebo:/workspace/ros2_ws/install/turtlebot3_description:/workspace/ros2_ws/install/turtlebot3_cartographer:/workspace/ros2_ws/install/interfaz_servicio_suma:/workspace/ros2_ws/install/interfaz:/workspace/install/interfaz_servicio_suma LD_LIBRARY_PATH=/workspace/ros2_ws/src/install/interfaz/lib:/workspace/ros2_ws/src/install/interfaz_servicio_suma/lib:/workspace/ros2_ws/install/turtlebot3_msgs/lib:/workspace/ros2_ws/install/interfaz_servicio_suma/lib:/workspace/ros2_ws/install/interfaz/lib:/workspace/install/interfaz_servicio_suma/lib:/usr/lib/x86_64-linux-gnu/gazebo-11/plugins:/opt/ros/humble/opt/rviz_ogre_vendor/lib:/opt/ros/humble/lib/x86_64-linux-gnu:/opt/ros/humble/lib PYTHONPATH=/workspace/ros2_ws/src/build/battery_act/prefix_override:/usr/lib/python3/dist-packages/colcon_core/task/python/colcon_distutils_commands:/workspace/ros2_ws/src/install/battery_act/lib/python3.10/site-packages:${PYTHONPATH} /usr/bin/python3 -W ignore:setup.py install is deprecated -W ignore:easy_install command is deprecated setup.py egg_info --egg-base ../build/battery_act build --build-base /workspace/ros2_ws/src/build/battery_act/build install --record /workspace/ros2_ws/src/build/battery_act/install.log --single-version-externally-managed install_data
[3.236s] running egg_info
[3.236s] creating ../build/battery_act/battery_act.egg-info
[3.238s] writing ../build/battery_act/battery_act.egg-info/PKG-INFO
[3.242s] writing dependency_links to ../build/battery_act/battery_act.egg-info/dependency_links.txt
[3.243s] writing entry points to ../build/battery_act/battery_act.egg-info/entry_points.txt
[3.247s] writing requirements to ../build/battery_act/battery_act.egg-info/requires.txt
[3.251s] writing top-level names to ../build/battery_act/battery_act.egg-info/top_level.txt
[3.251s] writing manifest file '../build/battery_act/battery_act.egg-info/SOURCES.txt'
[3.263s] reading manifest file '../build/battery_act/battery_act.egg-info/SOURCES.txt'
[3.264s] adding license file 'LICENSE'
[3.267s] writing manifest file '../build/battery_act/battery_act.egg-info/SOURCES.txt'
[3.267s] running build
[3.267s] running build_py
[3.267s] creating /workspace/ros2_ws/src/build/battery_act/build
[3.267s] creating /workspace/ros2_ws/src/build/battery_act/build/lib
[3.267s] creating /workspace/ros2_ws/src/build/battery_act/build/lib/battery_act
[3.268s] copying battery_act/battery_client.py -> /workspace/ros2_ws/src/build/battery_act/build/lib/battery_act
[3.268s] copying battery_act/battery_charger.py -> /workspace/ros2_ws/src/build/battery_act/build/lib/battery_act
[3.271s] copying battery_act/__init__.py -> /workspace/ros2_ws/src/build/battery_act/build/lib/battery_act
[3.290s] running install
[3.291s] running install_lib
[3.291s] creating /workspace/ros2_ws/src/install/battery_act/lib/python3.10/site-packages/battery_act
[3.291s] copying /workspace/ros2_ws/src/build/battery_act/build/lib/battery_act/battery_client.py -> /workspace/ros2_ws/src/install/battery_act/lib/python3.10/site-packages/battery_act
[3.292s] copying /workspace/ros2_ws/src/build/battery_act/build/lib/battery_act/battery_charger.py -> /workspace/ros2_ws/src/install/battery_act/lib/python3.10/site-packages/battery_act
[3.292s] copying /workspace/ros2_ws/src/build/battery_act/build/lib/battery_act/__init__.py -> /workspace/ros2_ws/src/install/battery_act/lib/python3.10/site-packages/battery_act
[3.293s] byte-compiling /workspace/ros2_ws/src/install/battery_act/lib/python3.10/site-packages/battery_act/battery_client.py to battery_client.cpython-310.pyc
[3.294s] byte-compiling /workspace/ros2_ws/src/install/battery_act/lib/python3.10/site-packages/battery_act/battery_charger.py to battery_charger.cpython-310.pyc
[3.295s] byte-compiling /workspace/ros2_ws/src/install/battery_act/lib/python3.10/site-packages/battery_act/__init__.py to __init__.cpython-310.pyc
[3.299s] running install_data
[3.299s] creating /workspace/ros2_ws/src/install/battery_act/share/ament_index
[3.299s] creating /workspace/ros2_ws/src/install/battery_act/share/ament_index/resource_index
[3.299s] creating /workspace/ros2_ws/src/install/battery_act/share/ament_index/resource_index/packages
[3.299s] copying resource/battery_act -> /workspace/ros2_ws/src/install/battery_act/share/ament_index/resource_index/packages
[3.299s] copying package.xml -> /workspace/ros2_ws/src/install/battery_act/share/battery_act
[3.300s] running install_egg_info
[3.301s] Copying ../build/battery_act/battery_act.egg-info to /workspace/ros2_ws/src/install/battery_act/lib/python3.10/site-packages/battery_act-0.0.0-py3.10.egg-info
[3.303s] running install_scripts
[3.340s] Installing client script to /workspace/ros2_ws/src/install/battery_act/lib/battery_act
[3.340s] Installing server script to /workspace/ros2_ws/src/install/battery_act/lib/battery_act
[3.344s] writing list of installed files to '/workspace/ros2_ws/src/build/battery_act/install.log'
[3.398s] Invoked command in '/workspace/ros2_ws/src/battery_act' returned '0': CMAKE_PREFIX_PATH=/workspace/ros2_ws/src/install/interfaz:/workspace/ros2_ws/src/install/vicpaq:/workspace/ros2_ws/src/install/p2pkg:/workspace/ros2_ws/src/install/interfaz_servicio_suma:/workspace/ros2_ws/src/install/interfaz-p2:/workspace/ros2_ws/install/vicpaq:/workspace/ros2_ws/install/turtlebot3:/workspace/ros2_ws/install/turtlebot3_simulations:/workspace/ros2_ws/install/turtlebot3_bringup:/workspace/ros2_ws/install/turtlebot3_node:/workspace/ros2_ws/install/turtlebot3_navigation2:/workspace/ros2_ws/install/turtlebot3_fake_node:/workspace/ros2_ws/install/turtlebot3_msgs:/workspace/ros2_ws/install/turtlebot3_manipulation_gazebo:/workspace/ros2_ws/install/turtlebot3_gazebo:/workspace/ros2_ws/install/turtlebot3_description:/workspace/ros2_ws/install/turtlebot3_cartographer:/workspace/ros2_ws/install/interfaz_servicio_suma:/workspace/ros2_ws/install/interfaz:/workspace/install/interfaz_servicio_suma LD_LIBRARY_PATH=/workspace/ros2_ws/src/install/interfaz/lib:/workspace/ros2_ws/src/install/interfaz_servicio_suma/lib:/workspace/ros2_ws/install/turtlebot3_msgs/lib:/workspace/ros2_ws/install/interfaz_servicio_suma/lib:/workspace/ros2_ws/install/interfaz/lib:/workspace/install/interfaz_servicio_suma/lib:/usr/lib/x86_64-linux-gnu/gazebo-11/plugins:/opt/ros/humble/opt/rviz_ogre_vendor/lib:/opt/ros/humble/lib/x86_64-linux-gnu:/opt/ros/humble/lib PYTHONPATH=/workspace/ros2_ws/src/build/battery_act/prefix_override:/usr/lib/python3/dist-packages/colcon_core/task/python/colcon_distutils_commands:/workspace/ros2_ws/src/install/battery_act/lib/python3.10/site-packages:${PYTHONPATH} /usr/bin/python3 -W ignore:setup.py install is deprecated -W ignore:easy_install command is deprecated setup.py egg_info --egg-base ../build/battery_act build --build-base /workspace/ros2_ws/src/build/battery_act/build install --record /workspace/ros2_ws/src/build/battery_act/install.log --single-version-externally-managed install_data
