[0.341s] Invoking command in '/workspace/ros2_ws/src/build/vicpaq': CMAKE_PREFIX_PATH=${CMAKE_PREFIX_PATH}:/workspace/ros2_ws/install/primer_paquete:/workspace/ros2_ws/src/primer_paquete/install/primer_paquete:/workspace/ros2_ws/src/install/primer_paquete:/workspace/ros2_ws/src/install/servicio_suma:/workspace/ros2_ws/src/install/paquete1:/workspace/ros2_ws/install/servicio_suma:/workspace/ros2_ws/install/paquete1:/opt/ros/humble /usr/bin/cmake /workspace/ros2_ws/src/vicpaq -DCMAKE_INSTALL_PREFIX=/workspace/ros2_ws/src/install/vicpaq
[0.397s] -- The C compiler identification is GNU 11.4.0
[0.452s] -- The CXX compiler identification is GNU 11.4.0
[0.461s] -- Detecting C compiler ABI info
[0.539s] -- Detecting C compiler ABI info - done
[0.547s] -- Check for working C compiler: /usr/bin/cc - skipped
[0.547s] -- Detecting C compile features
[0.547s] -- Detecting C compile features - done
[0.550s] -- Detecting CXX compiler ABI info
[0.645s] -- Detecting CXX compiler ABI info - done
[0.654s] -- Check for working CXX compiler: /usr/bin/c++ - skipped
[0.654s] -- Detecting CXX compile features
[0.655s] -- Detecting CXX compile features - done
[0.661s] -- Found ament_cmake: 1.3.12 (/opt/ros/humble/share/ament_cmake/cmake)
[0.824s] -- Found Python3: /usr/bin/python3 (found version "3.10.12") found components: Interpreter 
[0.957s] -- Found rclcpp: 16.0.17 (/opt/ros/humble/share/rclcpp/cmake)
[1.029s] -- Found rosidl_generator_c: 3.1.8 (/opt/ros/humble/share/rosidl_generator_c/cmake)
[1.036s] -- Found rosidl_adapter: 3.1.8 (/opt/ros/humble/share/rosidl_adapter/cmake)
[1.049s] -- Found rosidl_generator_cpp: 3.1.8 (/opt/ros/humble/share/rosidl_generator_cpp/cmake)
[1.063s] -- Using all available rosidl_typesupport_c: rosidl_typesupport_fastrtps_c;rosidl_typesupport_introspection_c
[1.083s] -- Using all available rosidl_typesupport_cpp: rosidl_typesupport_fastrtps_cpp;rosidl_typesupport_introspection_cpp
[1.143s] -- Found rmw_implementation_cmake: 6.1.2 (/opt/ros/humble/share/rmw_implementation_cmake/cmake)
[1.149s] -- Found rmw_fastrtps_cpp: 6.2.9 (/opt/ros/humble/share/rmw_fastrtps_cpp/cmake)
[1.245s] -- Found OpenSSL: /usr/lib/x86_64-linux-gnu/libcrypto.so (found version "3.0.2")  
[1.280s] -- Found FastRTPS: /opt/ros/humble/include  
[1.346s] -- Using RMW implementation 'rmw_fastrtps_cpp' as default
[1.357s] -- Looking for pthread.h
[1.431s] -- Looking for pthread.h - found
[1.432s] -- Performing Test CMAKE_HAVE_LIBC_PTHREAD
[1.501s] -- Performing Test CMAKE_HAVE_LIBC_PTHREAD - Success
[1.502s] -- Found Threads: TRUE  
[1.552s] -- Found ament_lint_auto: 0.12.14 (/opt/ros/humble/share/ament_lint_auto/cmake)
[1.629s] -- Added test 'lint_cmake' to check CMake code style
[1.630s] -- Added test 'xmllint' to check XML markup files
[1.631s] -- Configuring done
[1.634s] -- Generating done
[1.635s] -- Build files have been written to: /workspace/ros2_ws/src/build/vicpaq
[1.641s] Invoked command in '/workspace/ros2_ws/src/build/vicpaq' returned '0': CMAKE_PREFIX_PATH=${CMAKE_PREFIX_PATH}:/workspace/ros2_ws/install/primer_paquete:/workspace/ros2_ws/src/primer_paquete/install/primer_paquete:/workspace/ros2_ws/src/install/primer_paquete:/workspace/ros2_ws/src/install/servicio_suma:/workspace/ros2_ws/src/install/paquete1:/workspace/ros2_ws/install/servicio_suma:/workspace/ros2_ws/install/paquete1:/opt/ros/humble /usr/bin/cmake /workspace/ros2_ws/src/vicpaq -DCMAKE_INSTALL_PREFIX=/workspace/ros2_ws/src/install/vicpaq
[1.643s] Invoking command in '/workspace/ros2_ws/src/build/vicpaq': CMAKE_PREFIX_PATH=${CMAKE_PREFIX_PATH}:/workspace/ros2_ws/install/primer_paquete:/workspace/ros2_ws/src/primer_paquete/install/primer_paquete:/workspace/ros2_ws/src/install/primer_paquete:/workspace/ros2_ws/src/install/servicio_suma:/workspace/ros2_ws/src/install/paquete1:/workspace/ros2_ws/install/servicio_suma:/workspace/ros2_ws/install/paquete1:/opt/ros/humble /usr/bin/cmake --build /workspace/ros2_ws/src/build/vicpaq -- -j12 -l12
[1.677s] Invoked command in '/workspace/ros2_ws/src/build/vicpaq' returned '0': CMAKE_PREFIX_PATH=${CMAKE_PREFIX_PATH}:/workspace/ros2_ws/install/primer_paquete:/workspace/ros2_ws/src/primer_paquete/install/primer_paquete:/workspace/ros2_ws/src/install/primer_paquete:/workspace/ros2_ws/src/install/servicio_suma:/workspace/ros2_ws/src/install/paquete1:/workspace/ros2_ws/install/servicio_suma:/workspace/ros2_ws/install/paquete1:/opt/ros/humble /usr/bin/cmake --build /workspace/ros2_ws/src/build/vicpaq -- -j12 -l12
[1.679s] Invoking command in '/workspace/ros2_ws/src/build/vicpaq': CMAKE_PREFIX_PATH=${CMAKE_PREFIX_PATH}:/workspace/ros2_ws/install/primer_paquete:/workspace/ros2_ws/src/primer_paquete/install/primer_paquete:/workspace/ros2_ws/src/install/primer_paquete:/workspace/ros2_ws/src/install/servicio_suma:/workspace/ros2_ws/src/install/paquete1:/workspace/ros2_ws/install/servicio_suma:/workspace/ros2_ws/install/paquete1:/opt/ros/humble /usr/bin/cmake --install /workspace/ros2_ws/src/build/vicpaq
[1.687s] -- Install configuration: ""
[1.687s] -- Installing: /workspace/ros2_ws/src/install/vicpaq/share/ament_index/resource_index/package_run_dependencies/vicpaq
[1.687s] -- Installing: /workspace/ros2_ws/src/install/vicpaq/share/ament_index/resource_index/parent_prefix_path/vicpaq
[1.687s] -- Installing: /workspace/ros2_ws/src/install/vicpaq/share/vicpaq/environment/ament_prefix_path.sh
[1.687s] -- Installing: /workspace/ros2_ws/src/install/vicpaq/share/vicpaq/environment/ament_prefix_path.dsv
[1.688s] -- Installing: /workspace/ros2_ws/src/install/vicpaq/share/vicpaq/environment/path.sh
[1.688s] -- Installing: /workspace/ros2_ws/src/install/vicpaq/share/vicpaq/environment/path.dsv
[1.688s] -- Installing: /workspace/ros2_ws/src/install/vicpaq/share/vicpaq/local_setup.bash
[1.688s] -- Installing: /workspace/ros2_ws/src/install/vicpaq/share/vicpaq/local_setup.sh
[1.688s] -- Installing: /workspace/ros2_ws/src/install/vicpaq/share/vicpaq/local_setup.zsh
[1.688s] -- Installing: /workspace/ros2_ws/src/install/vicpaq/share/vicpaq/local_setup.dsv
[1.688s] -- Installing: /workspace/ros2_ws/src/install/vicpaq/share/vicpaq/package.dsv
[1.688s] -- Installing: /workspace/ros2_ws/src/install/vicpaq/share/ament_index/resource_index/packages/vicpaq
[1.688s] -- Installing: /workspace/ros2_ws/src/install/vicpaq/share/vicpaq/cmake/vicpaqConfig.cmake
[1.688s] -- Installing: /workspace/ros2_ws/src/install/vicpaq/share/vicpaq/cmake/vicpaqConfig-version.cmake
[1.689s] -- Installing: /workspace/ros2_ws/src/install/vicpaq/share/vicpaq/package.xml
[1.690s] Invoked command in '/workspace/ros2_ws/src/build/vicpaq' returned '0': CMAKE_PREFIX_PATH=${CMAKE_PREFIX_PATH}:/workspace/ros2_ws/install/primer_paquete:/workspace/ros2_ws/src/primer_paquete/install/primer_paquete:/workspace/ros2_ws/src/install/primer_paquete:/workspace/ros2_ws/src/install/servicio_suma:/workspace/ros2_ws/src/install/paquete1:/workspace/ros2_ws/install/servicio_suma:/workspace/ros2_ws/install/paquete1:/opt/ros/humble /usr/bin/cmake --install /workspace/ros2_ws/src/build/vicpaq
