[6.676s] Invoking command in '/workspace/ros2_ws/src/turtlebot3/turtlebot3_teleop': PYTHONPATH=/workspace/ros2_ws/build/turtlebot3_teleop/prefix_override:/usr/lib/python3/dist-packages/colcon_core/task/python/colcon_distutils_commands:/workspace/ros2_ws/install/turtlebot3_teleop/lib/python3.10/site-packages:${PYTHONPATH} /usr/bin/python3 -W ignore:setup.py install is deprecated -W ignore:easy_install command is deprecated setup.py egg_info --egg-base ../../../build/turtlebot3_teleop build --build-base /workspace/ros2_ws/build/turtlebot3_teleop/build install --record /workspace/ros2_ws/build/turtlebot3_teleop/install.log --single-version-externally-managed install_data
[7.459s] running egg_info
[7.461s] writing ../../../build/turtlebot3_teleop/turtlebot3_teleop.egg-info/PKG-INFO
[7.462s] writing dependency_links to ../../../build/turtlebot3_teleop/turtlebot3_teleop.egg-info/dependency_links.txt
[7.462s] writing entry points to ../../../build/turtlebot3_teleop/turtlebot3_teleop.egg-info/entry_points.txt
[7.463s] writing requirements to ../../../build/turtlebot3_teleop/turtlebot3_teleop.egg-info/requires.txt
[7.463s] writing top-level names to ../../../build/turtlebot3_teleop/turtlebot3_teleop.egg-info/top_level.txt
[7.467s] reading manifest file '../../../build/turtlebot3_teleop/turtlebot3_teleop.egg-info/SOURCES.txt'
[7.469s] writing manifest file '../../../build/turtlebot3_teleop/turtlebot3_teleop.egg-info/SOURCES.txt'
[7.469s] running build
[7.473s] running build_py
[7.473s] running install
[7.473s] running install_lib
[7.474s] running install_data
[7.475s] running install_egg_info
[7.480s] removing '/workspace/ros2_ws/install/turtlebot3_teleop/lib/python3.10/site-packages/turtlebot3_teleop-2.3.6-py3.10.egg-info' (and everything under it)
[7.482s] Copying ../../../build/turtlebot3_teleop/turtlebot3_teleop.egg-info to /workspace/ros2_ws/install/turtlebot3_teleop/lib/python3.10/site-packages/turtlebot3_teleop-2.3.6-py3.10.egg-info
[7.482s] running install_scripts
[7.537s] Installing teleop_keyboard script to /workspace/ros2_ws/install/turtlebot3_teleop/lib/turtlebot3_teleop
[7.537s] writing list of installed files to '/workspace/ros2_ws/build/turtlebot3_teleop/install.log'
[7.753s] Invoked command in '/workspace/ros2_ws/src/turtlebot3/turtlebot3_teleop' returned '0': PYTHONPATH=/workspace/ros2_ws/build/turtlebot3_teleop/prefix_override:/usr/lib/python3/dist-packages/colcon_core/task/python/colcon_distutils_commands:/workspace/ros2_ws/install/turtlebot3_teleop/lib/python3.10/site-packages:${PYTHONPATH} /usr/bin/python3 -W ignore:setup.py install is deprecated -W ignore:easy_install command is deprecated setup.py egg_info --egg-base ../../../build/turtlebot3_teleop build --build-base /workspace/ros2_ws/build/turtlebot3_teleop/build install --record /workspace/ros2_ws/build/turtlebot3_teleop/install.log --single-version-externally-managed install_data
