[0.020s] Invoking command in '/workspace/ros2_ws/src/build/interfaz': CMAKE_PREFIX_PATH=${CMAKE_PREFIX_PATH}:/workspace/ros2_ws/src/primer_paquete/install/primer_paquete:/workspace/ros2_ws/install/servicio_suma:/workspace/ros2_ws/install/primer_paquete:/workspace/ros2_ws/install/paquete1:/opt/ros/humble /usr/bin/cmake --build /workspace/ros2_ws/src/build/interfaz -- -j12 -l12
[0.249s] -- Found ament_cmake: 1.3.12 (/opt/ros/humble/share/ament_cmake/cmake)
[0.249s] -- Found ament_lint_auto: 0.12.14 (/opt/ros/humble/share/ament_lint_auto/cmake)
[0.276s] -- Found std_msgs: 4.9.0 (/opt/ros/humble/share/std_msgs/cmake)
[0.311s] -- Found rosidl_generator_c: 3.1.8 (/opt/ros/humble/share/rosidl_generator_c/cmake)
[0.313s] -- Found rosidl_adapter: 3.1.8 (/opt/ros/humble/share/rosidl_adapter/cmake)
[0.323s] -- Found rosidl_generator_cpp: 3.1.8 (/opt/ros/humble/share/rosidl_generator_cpp/cmake)
[0.332s] -- Using all available rosidl_typesupport_c: rosidl_typesupport_fastrtps_c;rosidl_typesupport_introspection_c
[0.344s] -- Using all available rosidl_typesupport_cpp: rosidl_typesupport_fastrtps_cpp;rosidl_typesupport_introspection_cpp
[0.365s] -- Found rosidl_default_generators: 1.2.0 (/opt/ros/humble/share/rosidl_default_generators/cmake)
[0.372s] -- Found geometry_msgs: 4.9.0 (/opt/ros/humble/share/geometry_msgs/cmake)
[0.641s] -- Found ament_cmake_ros: 0.10.0 (/opt/ros/humble/share/ament_cmake_ros/cmake)
[1.044s] -- Using all available rosidl_typesupport_c: rosidl_typesupport_fastrtps_c;rosidl_typesupport_introspection_c
[1.188s] -- Using all available rosidl_typesupport_cpp: rosidl_typesupport_fastrtps_cpp;rosidl_typesupport_introspection_cpp
[1.210s] -- Found python_cmake_module: 0.10.0 (/opt/ros/humble/share/python_cmake_module/cmake)
[1.236s] -- Using PYTHON_EXECUTABLE: /usr/bin/python3
[1.236s] -- Using PYTHON_INCLUDE_DIRS: /usr/include/python3.10
[1.236s] -- Using PYTHON_LIBRARIES: /usr/lib/x86_64-linux-gnu/libpython3.10.so
[1.274s] -- Added test 'lint_cmake' to check CMake code style
[1.274s] -- Added test 'xmllint' to check XML markup files
[1.277s] -- Configuring done
[1.312s] -- Generating done
[1.323s] -- Build files have been written to: /workspace/ros2_ws/src/build/interfaz
[1.346s] [  2%] [34m[1mGenerating C code for ROS interfaces[0m
[1.356s] [  4%] [34m[1mGenerating C++ code for ROS interfaces[0m
[1.368s] [  4%] Built target ament_cmake_python_copy_interfaz
[1.580s] running egg_info
[1.580s] writing interfaz.egg-info/PKG-INFO
[1.581s] writing dependency_links to interfaz.egg-info/dependency_links.txt
[1.581s] writing top-level names to interfaz.egg-info/top_level.txt
[1.582s] reading manifest file 'interfaz.egg-info/SOURCES.txt'
[1.583s] writing manifest file 'interfaz.egg-info/SOURCES.txt'
[1.607s] [  4%] Built target ament_cmake_python_build_interfaz_egg
[1.757s] [  4%] Built target interfaz__cpp
[1.768s] [  6%] [34m[1mGenerating C++ type support dispatch for ROS interfaces[0m
[1.769s] [ 10%] [34m[1mGenerating C++ type support for eProsima Fast-RTPS[0m
[1.769s] [ 10%] [34m[1mGenerating C++ introspection for ROS interfaces[0m
[1.831s] [35m[1mConsolidate compiler generated dependencies of target interfaz__rosidl_generator_c[0m
[1.843s] [ 12%] [32mBuilding C object CMakeFiles/interfaz__rosidl_generator_c.dir/rosidl_generator_c/interfaz/action/detail/fibonacci__functions.c.o[0m
[1.845s] [ 17%] [32mBuilding C object CMakeFiles/interfaz__rosidl_generator_c.dir/rosidl_generator_c/interfaz/msg/detail/p2pkg_mensaje__functions.c.o[0m
[1.845s] [ 17%] [32mBuilding C object CMakeFiles/interfaz__rosidl_generator_c.dir/rosidl_generator_c/interfaz/msg/detail/mi_mensaje__functions.c.o[0m
[2.057s] [ 19%] [32m[1mLinking C shared library libinterfaz__rosidl_generator_c.so[0m
[2.076s] [35m[1mConsolidate compiler generated dependencies of target interfaz__rosidl_typesupport_cpp[0m
[2.093s] [ 25%] [32mBuilding CXX object CMakeFiles/interfaz__rosidl_typesupport_cpp.dir/rosidl_typesupport_cpp/interfaz/msg/p2pkg_mensaje__type_support.cpp.o[0m
[2.093s] [ 25%] [32mBuilding CXX object CMakeFiles/interfaz__rosidl_typesupport_cpp.dir/rosidl_typesupport_cpp/interfaz/msg/mi_mensaje__type_support.cpp.o[0m
[2.093s] [ 25%] [32mBuilding CXX object CMakeFiles/interfaz__rosidl_typesupport_cpp.dir/rosidl_typesupport_cpp/interfaz/action/fibonacci__type_support.cpp.o[0m
[2.104s] [ 25%] Built target interfaz__rosidl_generator_c
[2.117s] [ 31%] [34m[1mGenerating C introspection for ROS interfaces[0m
[2.117s] [ 31%] [34m[1mGenerating C type support for eProsima Fast-RTPS[0m
[2.117s] [ 31%] [34m[1mGenerating C type support dispatch for ROS interfaces[0m
[2.159s] [35m[1mConsolidate compiler generated dependencies of target interfaz__rosidl_typesupport_introspection_cpp[0m
[2.175s] [ 34%] [32mBuilding CXX object CMakeFiles/interfaz__rosidl_typesupport_introspection_cpp.dir/rosidl_typesupport_introspection_cpp/interfaz/msg/detail/mi_mensaje__type_support.cpp.o[0m
[2.178s] [ 36%] [32mBuilding CXX object CMakeFiles/interfaz__rosidl_typesupport_introspection_cpp.dir/rosidl_typesupport_introspection_cpp/interfaz/msg/detail/p2pkg_mensaje__type_support.cpp.o[0m
[2.179s] [ 38%] [32mBuilding CXX object CMakeFiles/interfaz__rosidl_typesupport_introspection_cpp.dir/rosidl_typesupport_introspection_cpp/interfaz/action/detail/fibonacci__type_support.cpp.o[0m
[2.454s] [35m[1mConsolidate compiler generated dependencies of target interfaz__rosidl_typesupport_fastrtps_cpp[0m
[2.482s] [ 42%] [32mBuilding CXX object CMakeFiles/interfaz__rosidl_typesupport_fastrtps_cpp.dir/rosidl_typesupport_fastrtps_cpp/interfaz/msg/detail/dds_fastrtps/mi_mensaje__type_support.cpp.o[0m
[2.482s] [ 42%] [32mBuilding CXX object CMakeFiles/interfaz__rosidl_typesupport_fastrtps_cpp.dir/rosidl_typesupport_fastrtps_cpp/interfaz/msg/detail/dds_fastrtps/p2pkg_mensaje__type_support.cpp.o[0m
[2.483s] [ 44%] [32mBuilding CXX object CMakeFiles/interfaz__rosidl_typesupport_fastrtps_cpp.dir/rosidl_typesupport_fastrtps_cpp/interfaz/action/detail/dds_fastrtps/fibonacci__type_support.cpp.o[0m
[2.567s] [35m[1mConsolidate compiler generated dependencies of target interfaz__rosidl_typesupport_c[0m
[2.588s] [ 46%] [32mBuilding CXX object CMakeFiles/interfaz__rosidl_typesupport_c.dir/rosidl_typesupport_c/interfaz/msg/mi_mensaje__type_support.cpp.o[0m
[2.588s] [ 48%] [32mBuilding CXX object CMakeFiles/interfaz__rosidl_typesupport_c.dir/rosidl_typesupport_c/interfaz/msg/p2pkg_mensaje__type_support.cpp.o[0m
[2.625s] [ 51%] [32mBuilding CXX object CMakeFiles/interfaz__rosidl_typesupport_c.dir/rosidl_typesupport_c/interfaz/action/fibonacci__type_support.cpp.o[0m
[2.718s] [ 53%] [32m[1mLinking CXX shared library libinterfaz__rosidl_typesupport_c.so[0m
[2.776s] [ 53%] Built target interfaz__rosidl_typesupport_c
[2.884s] [35m[1mConsolidate compiler generated dependencies of target interfaz__rosidl_typesupport_introspection_c[0m
[2.898s] [ 55%] [32mBuilding C object CMakeFiles/interfaz__rosidl_typesupport_introspection_c.dir/rosidl_typesupport_introspection_c/interfaz/action/detail/fibonacci__type_support.c.o[0m
[2.901s] [35m[1mConsolidate compiler generated dependencies of target interfaz__rosidl_typesupport_fastrtps_c[0m
[2.901s] [ 59%] [32mBuilding C object CMakeFiles/interfaz__rosidl_typesupport_introspection_c.dir/rosidl_typesupport_introspection_c/interfaz/msg/detail/mi_mensaje__type_support.c.o[0m
[2.901s] [ 59%] [32mBuilding C object CMakeFiles/interfaz__rosidl_typesupport_introspection_c.dir/rosidl_typesupport_introspection_c/interfaz/msg/detail/p2pkg_mensaje__type_support.c.o[0m
[2.921s] [ 61%] [32mBuilding CXX object CMakeFiles/interfaz__rosidl_typesupport_fastrtps_c.dir/rosidl_typesupport_fastrtps_c/interfaz/msg/detail/mi_mensaje__type_support_c.cpp.o[0m
[2.921s] [ 63%] [32mBuilding CXX object CMakeFiles/interfaz__rosidl_typesupport_fastrtps_c.dir/rosidl_typesupport_fastrtps_c/interfaz/msg/detail/p2pkg_mensaje__type_support_c.cpp.o[0m
[2.922s] [ 65%] [32mBuilding CXX object CMakeFiles/interfaz__rosidl_typesupport_fastrtps_c.dir/rosidl_typesupport_fastrtps_c/interfaz/action/detail/fibonacci__type_support_c.cpp.o[0m
[2.983s] [ 68%] [32m[1mLinking C shared library libinterfaz__rosidl_typesupport_introspection_c.so[0m
[2.983s] [ 70%] [32m[1mLinking CXX shared library libinterfaz__rosidl_typesupport_cpp.so[0m
[3.027s] [ 70%] Built target interfaz__rosidl_typesupport_introspection_c
[3.048s] [ 70%] Built target interfaz__rosidl_typesupport_cpp
[3.280s] [ 72%] [32m[1mLinking CXX shared library libinterfaz__rosidl_typesupport_introspection_cpp.so[0m
[3.360s] [ 72%] Built target interfaz__rosidl_typesupport_introspection_cpp
[3.371s] [ 74%] [32m[1mLinking CXX shared library libinterfaz__rosidl_typesupport_fastrtps_c.so[0m
[3.398s] [ 76%] [32m[1mLinking CXX shared library libinterfaz__rosidl_typesupport_fastrtps_cpp.so[0m
[3.446s] [ 76%] Built target interfaz__rosidl_typesupport_fastrtps_c
[3.461s] [ 76%] Built target interfaz__rosidl_typesupport_fastrtps_cpp
[3.478s] [ 76%] Built target interfaz
[3.497s] [ 78%] [34m[1mGenerating Python code for ROS interfaces[0m
[3.990s] [ 78%] Built target interfaz__py
[3.999s] [35m[1mConsolidate compiler generated dependencies of target interfaz__rosidl_generator_py[0m
[4.011s] [ 80%] [32mBuilding C object CMakeFiles/interfaz__rosidl_generator_py.dir/rosidl_generator_py/interfaz/msg/_mi_mensaje_s.c.o[0m
[4.011s] [ 82%] [32mBuilding C object CMakeFiles/interfaz__rosidl_generator_py.dir/rosidl_generator_py/interfaz/action/_fibonacci_s.c.o[0m
[4.012s] [ 85%] [32mBuilding C object CMakeFiles/interfaz__rosidl_generator_py.dir/rosidl_generator_py/interfaz/msg/_p2pkg_mensaje_s.c.o[0m
[4.138s] [ 87%] [32m[1mLinking C shared library rosidl_generator_py/interfaz/libinterfaz__rosidl_generator_py.so[0m
[4.177s] [ 87%] Built target interfaz__rosidl_generator_py
[4.188s] [35m[1mConsolidate compiler generated dependencies of target interfaz__rosidl_typesupport_c__pyext[0m
[4.188s] [35m[1mConsolidate compiler generated dependencies of target interfaz__rosidl_typesupport_fastrtps_c__pyext[0m
[4.188s] [35m[1mConsolidate compiler generated dependencies of target interfaz__rosidl_typesupport_introspection_c__pyext[0m
[4.201s] [ 89%] [32mBuilding C object CMakeFiles/interfaz__rosidl_typesupport_c__pyext.dir/rosidl_generator_py/interfaz/_interfaz_s.ep.rosidl_typesupport_c.c.o[0m
[4.201s] [ 93%] [32mBuilding C object CMakeFiles/interfaz__rosidl_typesupport_introspection_c__pyext.dir/rosidl_generator_py/interfaz/_interfaz_s.ep.rosidl_typesupport_introspection_c.c.o[0m
[4.201s] [ 93%] [32mBuilding C object CMakeFiles/interfaz__rosidl_typesupport_fastrtps_c__pyext.dir/rosidl_generator_py/interfaz/_interfaz_s.ep.rosidl_typesupport_fastrtps_c.c.o[0m
[4.304s] [ 95%] [32m[1mLinking C shared library rosidl_generator_py/interfaz/interfaz_s__rosidl_typesupport_fastrtps_c.cpython-310-x86_64-linux-gnu.so[0m
[4.340s] [ 97%] [32m[1mLinking C shared library rosidl_generator_py/interfaz/interfaz_s__rosidl_typesupport_introspection_c.cpython-310-x86_64-linux-gnu.so[0m
[4.350s] [100%] [32m[1mLinking C shared library rosidl_generator_py/interfaz/interfaz_s__rosidl_typesupport_c.cpython-310-x86_64-linux-gnu.so[0m
[4.356s] [100%] Built target interfaz__rosidl_typesupport_fastrtps_c__pyext
[4.387s] [100%] Built target interfaz__rosidl_typesupport_introspection_c__pyext
[4.394s] [100%] Built target interfaz__rosidl_typesupport_c__pyext
[4.404s] Invoked command in '/workspace/ros2_ws/src/build/interfaz' returned '0': CMAKE_PREFIX_PATH=${CMAKE_PREFIX_PATH}:/workspace/ros2_ws/src/primer_paquete/install/primer_paquete:/workspace/ros2_ws/install/servicio_suma:/workspace/ros2_ws/install/primer_paquete:/workspace/ros2_ws/install/paquete1:/opt/ros/humble /usr/bin/cmake --build /workspace/ros2_ws/src/build/interfaz -- -j12 -l12
[4.406s] Invoking command in '/workspace/ros2_ws/src/build/interfaz': CMAKE_PREFIX_PATH=${CMAKE_PREFIX_PATH}:/workspace/ros2_ws/src/primer_paquete/install/primer_paquete:/workspace/ros2_ws/install/servicio_suma:/workspace/ros2_ws/install/primer_paquete:/workspace/ros2_ws/install/paquete1:/opt/ros/humble /usr/bin/cmake --install /workspace/ros2_ws/src/build/interfaz
[4.413s] -- Install configuration: ""
[4.413s] -- Installing: /workspace/ros2_ws/src/install/interfaz/share/ament_index/resource_index/rosidl_interfaces/interfaz
[4.413s] -- Up-to-date: /workspace/ros2_ws/src/install/interfaz/include/interfaz/interfaz
[4.414s] -- Up-to-date: /workspace/ros2_ws/src/install/interfaz/include/interfaz/interfaz/msg
[4.414s] -- Up-to-date: /workspace/ros2_ws/src/install/interfaz/include/interfaz/interfaz/msg/rosidl_generator_c__visibility_control.h
[4.414s] -- Up-to-date: /workspace/ros2_ws/src/install/interfaz/include/interfaz/interfaz/msg/detail
[4.414s] -- Installing: /workspace/ros2_ws/src/install/interfaz/include/interfaz/interfaz/msg/detail/p2pkg_mensaje__struct.h
[4.414s] -- Installing: /workspace/ros2_ws/src/install/interfaz/include/interfaz/interfaz/msg/detail/p2pkg_mensaje__functions.c
[4.414s] -- Installing: /workspace/ros2_ws/src/install/interfaz/include/interfaz/interfaz/msg/detail/mi_mensaje__type_support.h
[4.414s] -- Installing: /workspace/ros2_ws/src/install/interfaz/include/interfaz/interfaz/msg/detail/mi_mensaje__struct.h
[4.414s] -- Installing: /workspace/ros2_ws/src/install/interfaz/include/interfaz/interfaz/msg/detail/p2pkg_mensaje__type_support.h
[4.414s] -- Installing: /workspace/ros2_ws/src/install/interfaz/include/interfaz/interfaz/msg/detail/p2pkg_mensaje__functions.h
[4.415s] -- Installing: /workspace/ros2_ws/src/install/interfaz/include/interfaz/interfaz/msg/detail/mi_mensaje__functions.c
[4.415s] -- Installing: /workspace/ros2_ws/src/install/interfaz/include/interfaz/interfaz/msg/detail/mi_mensaje__functions.h
[4.415s] -- Installing: /workspace/ros2_ws/src/install/interfaz/include/interfaz/interfaz/msg/mi_mensaje.h
[4.415s] -- Installing: /workspace/ros2_ws/src/install/interfaz/include/interfaz/interfaz/msg/p2pkg_mensaje.h
[4.415s] -- Installing: /workspace/ros2_ws/src/install/interfaz/include/interfaz/interfaz/action
[4.415s] -- Installing: /workspace/ros2_ws/src/install/interfaz/include/interfaz/interfaz/action/fibonacci.h
[4.415s] -- Installing: /workspace/ros2_ws/src/install/interfaz/include/interfaz/interfaz/action/detail
[4.415s] -- Installing: /workspace/ros2_ws/src/install/interfaz/include/interfaz/interfaz/action/detail/fibonacci__type_support.h
[4.415s] -- Installing: /workspace/ros2_ws/src/install/interfaz/include/interfaz/interfaz/action/detail/fibonacci__functions.c
[4.415s] -- Installing: /workspace/ros2_ws/src/install/interfaz/include/interfaz/interfaz/action/detail/fibonacci__struct.h
[4.415s] -- Installing: /workspace/ros2_ws/src/install/interfaz/include/interfaz/interfaz/action/detail/fibonacci__functions.h
[4.415s] -- Up-to-date: /workspace/ros2_ws/src/install/interfaz/share/interfaz/environment/library_path.sh
[4.416s] -- Installing: /workspace/ros2_ws/src/install/interfaz/share/interfaz/environment/library_path.dsv
[4.416s] -- Installing: /workspace/ros2_ws/src/install/interfaz/lib/libinterfaz__rosidl_generator_c.so
[4.416s] -- Set runtime path of "/workspace/ros2_ws/src/install/interfaz/lib/libinterfaz__rosidl_generator_c.so" to ""
[4.416s] -- Up-to-date: /workspace/ros2_ws/src/install/interfaz/include/interfaz/interfaz
[4.416s] -- Up-to-date: /workspace/ros2_ws/src/install/interfaz/include/interfaz/interfaz/msg
[4.416s] -- Up-to-date: /workspace/ros2_ws/src/install/interfaz/include/interfaz/interfaz/msg/detail
[4.417s] -- Installing: /workspace/ros2_ws/src/install/interfaz/include/interfaz/interfaz/msg/detail/mi_mensaje__rosidl_typesupport_fastrtps_c.h
[4.417s] -- Installing: /workspace/ros2_ws/src/install/interfaz/include/interfaz/interfaz/msg/detail/p2pkg_mensaje__rosidl_typesupport_fastrtps_c.h
[4.417s] -- Up-to-date: /workspace/ros2_ws/src/install/interfaz/include/interfaz/interfaz/msg/rosidl_typesupport_fastrtps_c__visibility_control.h
[4.417s] -- Up-to-date: /workspace/ros2_ws/src/install/interfaz/include/interfaz/interfaz/action
[4.417s] -- Up-to-date: /workspace/ros2_ws/src/install/interfaz/include/interfaz/interfaz/action/detail
[4.417s] -- Installing: /workspace/ros2_ws/src/install/interfaz/include/interfaz/interfaz/action/detail/fibonacci__rosidl_typesupport_fastrtps_c.h
[4.417s] -- Installing: /workspace/ros2_ws/src/install/interfaz/lib/libinterfaz__rosidl_typesupport_fastrtps_c.so
[4.418s] -- Set runtime path of "/workspace/ros2_ws/src/install/interfaz/lib/libinterfaz__rosidl_typesupport_fastrtps_c.so" to ""
[4.418s] -- Up-to-date: /workspace/ros2_ws/src/install/interfaz/include/interfaz/interfaz
[4.418s] -- Up-to-date: /workspace/ros2_ws/src/install/interfaz/include/interfaz/interfaz/msg
[4.418s] -- Up-to-date: /workspace/ros2_ws/src/install/interfaz/include/interfaz/interfaz/msg/rosidl_generator_cpp__visibility_control.hpp
[4.418s] -- Installing: /workspace/ros2_ws/src/install/interfaz/include/interfaz/interfaz/msg/p2pkg_mensaje.hpp
[4.418s] -- Installing: /workspace/ros2_ws/src/install/interfaz/include/interfaz/interfaz/msg/mi_mensaje.hpp
[4.418s] -- Up-to-date: /workspace/ros2_ws/src/install/interfaz/include/interfaz/interfaz/msg/detail
[4.418s] -- Installing: /workspace/ros2_ws/src/install/interfaz/include/interfaz/interfaz/msg/detail/mi_mensaje__struct.hpp
[4.418s] -- Installing: /workspace/ros2_ws/src/install/interfaz/include/interfaz/interfaz/msg/detail/p2pkg_mensaje__builder.hpp
[4.418s] -- Installing: /workspace/ros2_ws/src/install/interfaz/include/interfaz/interfaz/msg/detail/p2pkg_mensaje__type_support.hpp
[4.418s] -- Installing: /workspace/ros2_ws/src/install/interfaz/include/interfaz/interfaz/msg/detail/p2pkg_mensaje__struct.hpp
[4.419s] -- Installing: /workspace/ros2_ws/src/install/interfaz/include/interfaz/interfaz/msg/detail/mi_mensaje__builder.hpp
[4.419s] -- Installing: /workspace/ros2_ws/src/install/interfaz/include/interfaz/interfaz/msg/detail/p2pkg_mensaje__traits.hpp
[4.419s] -- Installing: /workspace/ros2_ws/src/install/interfaz/include/interfaz/interfaz/msg/detail/mi_mensaje__type_support.hpp
[4.419s] -- Installing: /workspace/ros2_ws/src/install/interfaz/include/interfaz/interfaz/msg/detail/mi_mensaje__traits.hpp
[4.419s] -- Up-to-date: /workspace/ros2_ws/src/install/interfaz/include/interfaz/interfaz/action
[4.419s] -- Up-to-date: /workspace/ros2_ws/src/install/interfaz/include/interfaz/interfaz/action/detail
[4.419s] -- Installing: /workspace/ros2_ws/src/install/interfaz/include/interfaz/interfaz/action/detail/fibonacci__traits.hpp
[4.419s] -- Installing: /workspace/ros2_ws/src/install/interfaz/include/interfaz/interfaz/action/detail/fibonacci__struct.hpp
[4.419s] -- Installing: /workspace/ros2_ws/src/install/interfaz/include/interfaz/interfaz/action/detail/fibonacci__type_support.hpp
[4.419s] -- Installing: /workspace/ros2_ws/src/install/interfaz/include/interfaz/interfaz/action/detail/fibonacci__builder.hpp
[4.419s] -- Installing: /workspace/ros2_ws/src/install/interfaz/include/interfaz/interfaz/action/fibonacci.hpp
[4.419s] -- Up-to-date: /workspace/ros2_ws/src/install/interfaz/include/interfaz/interfaz
[4.420s] -- Up-to-date: /workspace/ros2_ws/src/install/interfaz/include/interfaz/interfaz/msg
[4.420s] -- Up-to-date: /workspace/ros2_ws/src/install/interfaz/include/interfaz/interfaz/msg/rosidl_typesupport_fastrtps_cpp__visibility_control.h
[4.420s] -- Up-to-date: /workspace/ros2_ws/src/install/interfaz/include/interfaz/interfaz/msg/detail
[4.420s] -- Up-to-date: /workspace/ros2_ws/src/install/interfaz/include/interfaz/interfaz/msg/detail/dds_fastrtps
[4.420s] -- Installing: /workspace/ros2_ws/src/install/interfaz/include/interfaz/interfaz/msg/detail/mi_mensaje__rosidl_typesupport_fastrtps_cpp.hpp
[4.420s] -- Installing: /workspace/ros2_ws/src/install/interfaz/include/interfaz/interfaz/msg/detail/p2pkg_mensaje__rosidl_typesupport_fastrtps_cpp.hpp
[4.420s] -- Up-to-date: /workspace/ros2_ws/src/install/interfaz/include/interfaz/interfaz/action
[4.420s] -- Up-to-date: /workspace/ros2_ws/src/install/interfaz/include/interfaz/interfaz/action/detail
[4.420s] -- Installing: /workspace/ros2_ws/src/install/interfaz/include/interfaz/interfaz/action/detail/fibonacci__rosidl_typesupport_fastrtps_cpp.hpp
[4.420s] -- Installing: /workspace/ros2_ws/src/install/interfaz/include/interfaz/interfaz/action/detail/dds_fastrtps
[4.420s] -- Installing: /workspace/ros2_ws/src/install/interfaz/lib/libinterfaz__rosidl_typesupport_fastrtps_cpp.so
[4.420s] -- Set runtime path of "/workspace/ros2_ws/src/install/interfaz/lib/libinterfaz__rosidl_typesupport_fastrtps_cpp.so" to ""
[4.420s] -- Up-to-date: /workspace/ros2_ws/src/install/interfaz/include/interfaz/interfaz
[4.421s] -- Up-to-date: /workspace/ros2_ws/src/install/interfaz/include/interfaz/interfaz/msg
[4.421s] -- Up-to-date: /workspace/ros2_ws/src/install/interfaz/include/interfaz/interfaz/msg/rosidl_typesupport_introspection_c__visibility_control.h
[4.421s] -- Up-to-date: /workspace/ros2_ws/src/install/interfaz/include/interfaz/interfaz/msg/detail
[4.421s] -- Installing: /workspace/ros2_ws/src/install/interfaz/include/interfaz/interfaz/msg/detail/mi_mensaje__type_support.c
[4.421s] -- Installing: /workspace/ros2_ws/src/install/interfaz/include/interfaz/interfaz/msg/detail/mi_mensaje__rosidl_typesupport_introspection_c.h
[4.421s] -- Installing: /workspace/ros2_ws/src/install/interfaz/include/interfaz/interfaz/msg/detail/p2pkg_mensaje__type_support.c
[4.421s] -- Installing: /workspace/ros2_ws/src/install/interfaz/include/interfaz/interfaz/msg/detail/p2pkg_mensaje__rosidl_typesupport_introspection_c.h
[4.421s] -- Up-to-date: /workspace/ros2_ws/src/install/interfaz/include/interfaz/interfaz/action
[4.421s] -- Up-to-date: /workspace/ros2_ws/src/install/interfaz/include/interfaz/interfaz/action/detail
[4.421s] -- Installing: /workspace/ros2_ws/src/install/interfaz/include/interfaz/interfaz/action/detail/fibonacci__type_support.c
[4.421s] -- Installing: /workspace/ros2_ws/src/install/interfaz/include/interfaz/interfaz/action/detail/fibonacci__rosidl_typesupport_introspection_c.h
[4.421s] -- Installing: /workspace/ros2_ws/src/install/interfaz/lib/libinterfaz__rosidl_typesupport_introspection_c.so
[4.422s] -- Set runtime path of "/workspace/ros2_ws/src/install/interfaz/lib/libinterfaz__rosidl_typesupport_introspection_c.so" to ""
[4.422s] -- Installing: /workspace/ros2_ws/src/install/interfaz/lib/libinterfaz__rosidl_typesupport_c.so
[4.422s] -- Set runtime path of "/workspace/ros2_ws/src/install/interfaz/lib/libinterfaz__rosidl_typesupport_c.so" to ""
[4.422s] -- Up-to-date: /workspace/ros2_ws/src/install/interfaz/include/interfaz/interfaz
[4.422s] -- Up-to-date: /workspace/ros2_ws/src/install/interfaz/include/interfaz/interfaz/msg
[4.422s] -- Up-to-date: /workspace/ros2_ws/src/install/interfaz/include/interfaz/interfaz/msg/detail
[4.422s] -- Installing: /workspace/ros2_ws/src/install/interfaz/include/interfaz/interfaz/msg/detail/mi_mensaje__rosidl_typesupport_introspection_cpp.hpp
[4.423s] -- Installing: /workspace/ros2_ws/src/install/interfaz/include/interfaz/interfaz/msg/detail/p2pkg_mensaje__rosidl_typesupport_introspection_cpp.hpp
[4.423s] -- Installing: /workspace/ros2_ws/src/install/interfaz/include/interfaz/interfaz/msg/detail/p2pkg_mensaje__type_support.cpp
[4.423s] -- Installing: /workspace/ros2_ws/src/install/interfaz/include/interfaz/interfaz/msg/detail/mi_mensaje__type_support.cpp
[4.423s] -- Up-to-date: /workspace/ros2_ws/src/install/interfaz/include/interfaz/interfaz/action
[4.423s] -- Up-to-date: /workspace/ros2_ws/src/install/interfaz/include/interfaz/interfaz/action/detail
[4.423s] -- Installing: /workspace/ros2_ws/src/install/interfaz/include/interfaz/interfaz/action/detail/fibonacci__rosidl_typesupport_introspection_cpp.hpp
[4.423s] -- Installing: /workspace/ros2_ws/src/install/interfaz/include/interfaz/interfaz/action/detail/fibonacci__type_support.cpp
[4.423s] -- Installing: /workspace/ros2_ws/src/install/interfaz/lib/libinterfaz__rosidl_typesupport_introspection_cpp.so
[4.423s] -- Set runtime path of "/workspace/ros2_ws/src/install/interfaz/lib/libinterfaz__rosidl_typesupport_introspection_cpp.so" to ""
[4.424s] -- Installing: /workspace/ros2_ws/src/install/interfaz/lib/libinterfaz__rosidl_typesupport_cpp.so
[4.424s] -- Set runtime path of "/workspace/ros2_ws/src/install/interfaz/lib/libinterfaz__rosidl_typesupport_cpp.so" to ""
[4.424s] -- Up-to-date: /workspace/ros2_ws/src/install/interfaz/share/interfaz/environment/pythonpath.sh
[4.424s] -- Installing: /workspace/ros2_ws/src/install/interfaz/share/interfaz/environment/pythonpath.dsv
[4.424s] -- Up-to-date: /workspace/ros2_ws/src/install/interfaz/local/lib/python3.10/dist-packages/interfaz-0.0.0-py3.10.egg-info
[4.424s] -- Installing: /workspace/ros2_ws/src/install/interfaz/local/lib/python3.10/dist-packages/interfaz-0.0.0-py3.10.egg-info/PKG-INFO
[4.424s] -- Installing: /workspace/ros2_ws/src/install/interfaz/local/lib/python3.10/dist-packages/interfaz-0.0.0-py3.10.egg-info/dependency_links.txt
[4.424s] -- Installing: /workspace/ros2_ws/src/install/interfaz/local/lib/python3.10/dist-packages/interfaz-0.0.0-py3.10.egg-info/SOURCES.txt
[4.425s] -- Installing: /workspace/ros2_ws/src/install/interfaz/local/lib/python3.10/dist-packages/interfaz-0.0.0-py3.10.egg-info/top_level.txt
[4.425s] -- Up-to-date: /workspace/ros2_ws/src/install/interfaz/local/lib/python3.10/dist-packages/interfaz
[4.425s] -- Up-to-date: /workspace/ros2_ws/src/install/interfaz/local/lib/python3.10/dist-packages/interfaz/msg
[4.425s] -- Installing: /workspace/ros2_ws/src/install/interfaz/local/lib/python3.10/dist-packages/interfaz/msg/_p2pkg_mensaje.py
[4.425s] -- Installing: /workspace/ros2_ws/src/install/interfaz/local/lib/python3.10/dist-packages/interfaz/msg/_p2pkg_mensaje_s.c
[4.425s] -- Installing: /workspace/ros2_ws/src/install/interfaz/local/lib/python3.10/dist-packages/interfaz/msg/_mi_mensaje.py
[4.425s] -- Installing: /workspace/ros2_ws/src/install/interfaz/local/lib/python3.10/dist-packages/interfaz/msg/_mi_mensaje_s.c
[4.425s] -- Installing: /workspace/ros2_ws/src/install/interfaz/local/lib/python3.10/dist-packages/interfaz/msg/__init__.py
[4.425s] -- Installing: /workspace/ros2_ws/src/install/interfaz/local/lib/python3.10/dist-packages/interfaz/interfaz_s__rosidl_typesupport_fastrtps_c.cpython-310-x86_64-linux-gnu.so
[4.425s] -- Installing: /workspace/ros2_ws/src/install/interfaz/local/lib/python3.10/dist-packages/interfaz/interfaz_s__rosidl_typesupport_introspection_c.cpython-310-x86_64-linux-gnu.so
[4.425s] -- Installing: /workspace/ros2_ws/src/install/interfaz/local/lib/python3.10/dist-packages/interfaz/libinterfaz__rosidl_generator_py.so
[4.425s] -- Installing: /workspace/ros2_ws/src/install/interfaz/local/lib/python3.10/dist-packages/interfaz/action
[4.426s] -- Installing: /workspace/ros2_ws/src/install/interfaz/local/lib/python3.10/dist-packages/interfaz/action/_fibonacci.py
[4.426s] -- Installing: /workspace/ros2_ws/src/install/interfaz/local/lib/python3.10/dist-packages/interfaz/action/_fibonacci_s.c
[4.426s] -- Installing: /workspace/ros2_ws/src/install/interfaz/local/lib/python3.10/dist-packages/interfaz/action/__init__.py
[4.426s] -- Installing: /workspace/ros2_ws/src/install/interfaz/local/lib/python3.10/dist-packages/interfaz/interfaz_s__rosidl_typesupport_c.cpython-310-x86_64-linux-gnu.so
[4.426s] -- Installing: /workspace/ros2_ws/src/install/interfaz/local/lib/python3.10/dist-packages/interfaz/_interfaz_s.ep.rosidl_typesupport_introspection_c.c
[4.426s] -- Installing: /workspace/ros2_ws/src/install/interfaz/local/lib/python3.10/dist-packages/interfaz/__init__.py
[4.426s] -- Installing: /workspace/ros2_ws/src/install/interfaz/local/lib/python3.10/dist-packages/interfaz/_interfaz_s.ep.rosidl_typesupport_c.c
[4.426s] -- Installing: /workspace/ros2_ws/src/install/interfaz/local/lib/python3.10/dist-packages/interfaz/_interfaz_s.ep.rosidl_typesupport_fastrtps_c.c
[4.469s] Listing '/workspace/ros2_ws/src/install/interfaz/local/lib/python3.10/dist-packages/interfaz'...
[4.469s] Compiling '/workspace/ros2_ws/src/install/interfaz/local/lib/python3.10/dist-packages/interfaz/__init__.py'...
[4.469s] Listing '/workspace/ros2_ws/src/install/interfaz/local/lib/python3.10/dist-packages/interfaz/action'...
[4.469s] Compiling '/workspace/ros2_ws/src/install/interfaz/local/lib/python3.10/dist-packages/interfaz/action/__init__.py'...
[4.469s] Compiling '/workspace/ros2_ws/src/install/interfaz/local/lib/python3.10/dist-packages/interfaz/action/_fibonacci.py'...
[4.469s] Listing '/workspace/ros2_ws/src/install/interfaz/local/lib/python3.10/dist-packages/interfaz/msg'...
[4.469s] Compiling '/workspace/ros2_ws/src/install/interfaz/local/lib/python3.10/dist-packages/interfaz/msg/__init__.py'...
[4.469s] Compiling '/workspace/ros2_ws/src/install/interfaz/local/lib/python3.10/dist-packages/interfaz/msg/_mi_mensaje.py'...
[4.469s] Compiling '/workspace/ros2_ws/src/install/interfaz/local/lib/python3.10/dist-packages/interfaz/msg/_p2pkg_mensaje.py'...
[4.473s] -- Installing: /workspace/ros2_ws/src/install/interfaz/local/lib/python3.10/dist-packages/interfaz/interfaz_s__rosidl_typesupport_fastrtps_c.cpython-310-x86_64-linux-gnu.so
[4.473s] -- Set runtime path of "/workspace/ros2_ws/src/install/interfaz/local/lib/python3.10/dist-packages/interfaz/interfaz_s__rosidl_typesupport_fastrtps_c.cpython-310-x86_64-linux-gnu.so" to ""
[4.473s] -- Installing: /workspace/ros2_ws/src/install/interfaz/local/lib/python3.10/dist-packages/interfaz/interfaz_s__rosidl_typesupport_introspection_c.cpython-310-x86_64-linux-gnu.so
[4.473s] -- Set runtime path of "/workspace/ros2_ws/src/install/interfaz/local/lib/python3.10/dist-packages/interfaz/interfaz_s__rosidl_typesupport_introspection_c.cpython-310-x86_64-linux-gnu.so" to ""
[4.473s] -- Installing: /workspace/ros2_ws/src/install/interfaz/local/lib/python3.10/dist-packages/interfaz/interfaz_s__rosidl_typesupport_c.cpython-310-x86_64-linux-gnu.so
[4.473s] -- Set runtime path of "/workspace/ros2_ws/src/install/interfaz/local/lib/python3.10/dist-packages/interfaz/interfaz_s__rosidl_typesupport_c.cpython-310-x86_64-linux-gnu.so" to ""
[4.474s] -- Installing: /workspace/ros2_ws/src/install/interfaz/lib/libinterfaz__rosidl_generator_py.so
[4.474s] -- Set runtime path of "/workspace/ros2_ws/src/install/interfaz/lib/libinterfaz__rosidl_generator_py.so" to ""
[4.474s] -- Up-to-date: /workspace/ros2_ws/src/install/interfaz/share/interfaz/msg/MiMensaje.idl
[4.474s] -- Up-to-date: /workspace/ros2_ws/src/install/interfaz/share/interfaz/msg/P2pkgMensaje.idl
[4.474s] -- Installing: /workspace/ros2_ws/src/install/interfaz/share/interfaz/action/Fibonacci.idl
[4.474s] -- Up-to-date: /workspace/ros2_ws/src/install/interfaz/share/interfaz/msg/MiMensaje.msg
[4.474s] -- Up-to-date: /workspace/ros2_ws/src/install/interfaz/share/interfaz/msg/P2pkgMensaje.msg
[4.475s] -- Installing: /workspace/ros2_ws/src/install/interfaz/share/interfaz/action/Fibonacci.action
[4.475s] -- Installing: /workspace/ros2_ws/src/install/interfaz/share/ament_index/resource_index/package_run_dependencies/interfaz
[4.475s] -- Installing: /workspace/ros2_ws/src/install/interfaz/share/ament_index/resource_index/parent_prefix_path/interfaz
[4.475s] -- Up-to-date: /workspace/ros2_ws/src/install/interfaz/share/interfaz/environment/ament_prefix_path.sh
[4.475s] -- Installing: /workspace/ros2_ws/src/install/interfaz/share/interfaz/environment/ament_prefix_path.dsv
[4.475s] -- Up-to-date: /workspace/ros2_ws/src/install/interfaz/share/interfaz/environment/path.sh
[4.475s] -- Installing: /workspace/ros2_ws/src/install/interfaz/share/interfaz/environment/path.dsv
[4.475s] -- Up-to-date: /workspace/ros2_ws/src/install/interfaz/share/interfaz/local_setup.bash
[4.475s] -- Up-to-date: /workspace/ros2_ws/src/install/interfaz/share/interfaz/local_setup.sh
[4.475s] -- Up-to-date: /workspace/ros2_ws/src/install/interfaz/share/interfaz/local_setup.zsh
[4.475s] -- Installing: /workspace/ros2_ws/src/install/interfaz/share/interfaz/local_setup.dsv
[4.475s] -- Installing: /workspace/ros2_ws/src/install/interfaz/share/interfaz/package.dsv
[4.476s] -- Up-to-date: /workspace/ros2_ws/src/install/interfaz/share/ament_index/resource_index/packages/interfaz
[4.476s] -- Old export file "/workspace/ros2_ws/src/install/interfaz/share/interfaz/cmake/export_interfaz__rosidl_generator_cExport.cmake" will be replaced.  Removing files [/workspace/ros2_ws/src/install/interfaz/share/interfaz/cmake/export_interfaz__rosidl_generator_cExport-noconfig.cmake].
[4.476s] -- Installing: /workspace/ros2_ws/src/install/interfaz/share/interfaz/cmake/export_interfaz__rosidl_generator_cExport.cmake
[4.476s] -- Installing: /workspace/ros2_ws/src/install/interfaz/share/interfaz/cmake/export_interfaz__rosidl_generator_cExport-noconfig.cmake
[4.476s] -- Old export file "/workspace/ros2_ws/src/install/interfaz/share/interfaz/cmake/export_interfaz__rosidl_typesupport_fastrtps_cExport.cmake" will be replaced.  Removing files [/workspace/ros2_ws/src/install/interfaz/share/interfaz/cmake/export_interfaz__rosidl_typesupport_fastrtps_cExport-noconfig.cmake].
[4.476s] -- Installing: /workspace/ros2_ws/src/install/interfaz/share/interfaz/cmake/export_interfaz__rosidl_typesupport_fastrtps_cExport.cmake
[4.476s] -- Installing: /workspace/ros2_ws/src/install/interfaz/share/interfaz/cmake/export_interfaz__rosidl_typesupport_fastrtps_cExport-noconfig.cmake
[4.476s] -- Installing: /workspace/ros2_ws/src/install/interfaz/share/interfaz/cmake/export_interfaz__rosidl_generator_cppExport.cmake
[4.476s] -- Old export file "/workspace/ros2_ws/src/install/interfaz/share/interfaz/cmake/export_interfaz__rosidl_typesupport_fastrtps_cppExport.cmake" will be replaced.  Removing files [/workspace/ros2_ws/src/install/interfaz/share/interfaz/cmake/export_interfaz__rosidl_typesupport_fastrtps_cppExport-noconfig.cmake].
[4.476s] -- Installing: /workspace/ros2_ws/src/install/interfaz/share/interfaz/cmake/export_interfaz__rosidl_typesupport_fastrtps_cppExport.cmake
[4.476s] -- Installing: /workspace/ros2_ws/src/install/interfaz/share/interfaz/cmake/export_interfaz__rosidl_typesupport_fastrtps_cppExport-noconfig.cmake
[4.476s] -- Old export file "/workspace/ros2_ws/src/install/interfaz/share/interfaz/cmake/interfaz__rosidl_typesupport_introspection_cExport.cmake" will be replaced.  Removing files [/workspace/ros2_ws/src/install/interfaz/share/interfaz/cmake/interfaz__rosidl_typesupport_introspection_cExport-noconfig.cmake].
[4.477s] -- Installing: /workspace/ros2_ws/src/install/interfaz/share/interfaz/cmake/interfaz__rosidl_typesupport_introspection_cExport.cmake
[4.477s] -- Installing: /workspace/ros2_ws/src/install/interfaz/share/interfaz/cmake/interfaz__rosidl_typesupport_introspection_cExport-noconfig.cmake
[4.477s] -- Old export file "/workspace/ros2_ws/src/install/interfaz/share/interfaz/cmake/interfaz__rosidl_typesupport_cExport.cmake" will be replaced.  Removing files [/workspace/ros2_ws/src/install/interfaz/share/interfaz/cmake/interfaz__rosidl_typesupport_cExport-noconfig.cmake].
[4.477s] -- Installing: /workspace/ros2_ws/src/install/interfaz/share/interfaz/cmake/interfaz__rosidl_typesupport_cExport.cmake
[4.477s] -- Installing: /workspace/ros2_ws/src/install/interfaz/share/interfaz/cmake/interfaz__rosidl_typesupport_cExport-noconfig.cmake
[4.477s] -- Old export file "/workspace/ros2_ws/src/install/interfaz/share/interfaz/cmake/interfaz__rosidl_typesupport_introspection_cppExport.cmake" will be replaced.  Removing files [/workspace/ros2_ws/src/install/interfaz/share/interfaz/cmake/interfaz__rosidl_typesupport_introspection_cppExport-noconfig.cmake].
[4.477s] -- Installing: /workspace/ros2_ws/src/install/interfaz/share/interfaz/cmake/interfaz__rosidl_typesupport_introspection_cppExport.cmake
[4.477s] -- Installing: /workspace/ros2_ws/src/install/interfaz/share/interfaz/cmake/interfaz__rosidl_typesupport_introspection_cppExport-noconfig.cmake
[4.477s] -- Old export file "/workspace/ros2_ws/src/install/interfaz/share/interfaz/cmake/interfaz__rosidl_typesupport_cppExport.cmake" will be replaced.  Removing files [/workspace/ros2_ws/src/install/interfaz/share/interfaz/cmake/interfaz__rosidl_typesupport_cppExport-noconfig.cmake].
[4.477s] -- Installing: /workspace/ros2_ws/src/install/interfaz/share/interfaz/cmake/interfaz__rosidl_typesupport_cppExport.cmake
[4.477s] -- Installing: /workspace/ros2_ws/src/install/interfaz/share/interfaz/cmake/interfaz__rosidl_typesupport_cppExport-noconfig.cmake
[4.477s] -- Old export file "/workspace/ros2_ws/src/install/interfaz/share/interfaz/cmake/export_interfaz__rosidl_generator_pyExport.cmake" will be replaced.  Removing files [/workspace/ros2_ws/src/install/interfaz/share/interfaz/cmake/export_interfaz__rosidl_generator_pyExport-noconfig.cmake].
[4.478s] -- Installing: /workspace/ros2_ws/src/install/interfaz/share/interfaz/cmake/export_interfaz__rosidl_generator_pyExport.cmake
[4.478s] -- Installing: /workspace/ros2_ws/src/install/interfaz/share/interfaz/cmake/export_interfaz__rosidl_generator_pyExport-noconfig.cmake
[4.478s] -- Installing: /workspace/ros2_ws/src/install/interfaz/share/interfaz/cmake/rosidl_cmake-extras.cmake
[4.478s] -- Installing: /workspace/ros2_ws/src/install/interfaz/share/interfaz/cmake/ament_cmake_export_dependencies-extras.cmake
[4.478s] -- Up-to-date: /workspace/ros2_ws/src/install/interfaz/share/interfaz/cmake/ament_cmake_export_include_directories-extras.cmake
[4.478s] -- Up-to-date: /workspace/ros2_ws/src/install/interfaz/share/interfaz/cmake/ament_cmake_export_libraries-extras.cmake
[4.478s] -- Up-to-date: /workspace/ros2_ws/src/install/interfaz/share/interfaz/cmake/ament_cmake_export_targets-extras.cmake
[4.478s] -- Up-to-date: /workspace/ros2_ws/src/install/interfaz/share/interfaz/cmake/rosidl_cmake_export_typesupport_targets-extras.cmake
[4.478s] -- Up-to-date: /workspace/ros2_ws/src/install/interfaz/share/interfaz/cmake/rosidl_cmake_export_typesupport_libraries-extras.cmake
[4.478s] -- Up-to-date: /workspace/ros2_ws/src/install/interfaz/share/interfaz/cmake/interfazConfig.cmake
[4.478s] -- Up-to-date: /workspace/ros2_ws/src/install/interfaz/share/interfaz/cmake/interfazConfig-version.cmake
[4.478s] -- Installing: /workspace/ros2_ws/src/install/interfaz/share/interfaz/package.xml
[4.480s] Invoked command in '/workspace/ros2_ws/src/build/interfaz' returned '0': CMAKE_PREFIX_PATH=${CMAKE_PREFIX_PATH}:/workspace/ros2_ws/src/primer_paquete/install/primer_paquete:/workspace/ros2_ws/install/servicio_suma:/workspace/ros2_ws/install/primer_paquete:/workspace/ros2_ws/install/paquete1:/opt/ros/humble /usr/bin/cmake --install /workspace/ros2_ws/src/build/interfaz
