[0.361s] Invoking command in '/workspace/ros2_ws/src/servicio_suma': PYTHONPATH=/workspace/ros2_ws/src/build/servicio_suma/prefix_override:/usr/lib/python3/dist-packages/colcon_core/task/python/colcon_distutils_commands:/workspace/ros2_ws/src/install/servicio_suma/lib/python3.10/site-packages:${PYTHONPATH} /usr/bin/python3 -W ignore:setup.py install is deprecated -W ignore:easy_install command is deprecated setup.py egg_info --egg-base ../build/servicio_suma build --build-base /workspace/ros2_ws/src/build/servicio_suma/build install --record /workspace/ros2_ws/src/build/servicio_suma/install.log --single-version-externally-managed install_data
[0.495s] running egg_info
[0.495s] writing ../build/servicio_suma/servicio_suma.egg-info/PKG-INFO
[0.495s] writing dependency_links to ../build/servicio_suma/servicio_suma.egg-info/dependency_links.txt
[0.496s] writing entry points to ../build/servicio_suma/servicio_suma.egg-info/entry_points.txt
[0.496s] writing requirements to ../build/servicio_suma/servicio_suma.egg-info/requires.txt
[0.496s] writing top-level names to ../build/servicio_suma/servicio_suma.egg-info/top_level.txt
[0.497s] reading manifest file '../build/servicio_suma/servicio_suma.egg-info/SOURCES.txt'
[0.497s] adding license file 'LICENSE'
[0.497s] writing manifest file '../build/servicio_suma/servicio_suma.egg-info/SOURCES.txt'
[0.497s] running build
[0.497s] running build_py
[0.497s] copying servicio_suma/add_two_ints_client.py -> /workspace/ros2_ws/src/build/servicio_suma/build/lib/servicio_suma
[0.497s] copying servicio_suma/add_two_ints_server.py -> /workspace/ros2_ws/src/build/servicio_suma/build/lib/servicio_suma
[0.497s] running install
[0.497s] running install_lib
[0.498s] copying /workspace/ros2_ws/src/build/servicio_suma/build/lib/servicio_suma/add_two_ints_client.py -> /workspace/ros2_ws/src/install/servicio_suma/lib/python3.10/site-packages/servicio_suma
[0.498s] copying /workspace/ros2_ws/src/build/servicio_suma/build/lib/servicio_suma/add_two_ints_server.py -> /workspace/ros2_ws/src/install/servicio_suma/lib/python3.10/site-packages/servicio_suma
[0.498s] byte-compiling /workspace/ros2_ws/src/install/servicio_suma/lib/python3.10/site-packages/servicio_suma/add_two_ints_client.py to add_two_ints_client.cpython-310.pyc
[0.499s] byte-compiling /workspace/ros2_ws/src/install/servicio_suma/lib/python3.10/site-packages/servicio_suma/add_two_ints_server.py to add_two_ints_server.cpython-310.pyc
[0.499s] running install_data
[0.499s] running install_egg_info
[0.501s] removing '/workspace/ros2_ws/src/install/servicio_suma/lib/python3.10/site-packages/servicio_suma-0.0.0-py3.10.egg-info' (and everything under it)
[0.501s] Copying ../build/servicio_suma/servicio_suma.egg-info to /workspace/ros2_ws/src/install/servicio_suma/lib/python3.10/site-packages/servicio_suma-0.0.0-py3.10.egg-info
[0.502s] running install_scripts
[0.514s] Installing client script to /workspace/ros2_ws/src/install/servicio_suma/lib/servicio_suma
[0.514s] Installing server script to /workspace/ros2_ws/src/install/servicio_suma/lib/servicio_suma
[0.515s] writing list of installed files to '/workspace/ros2_ws/src/build/servicio_suma/install.log'
[0.530s] Invoked command in '/workspace/ros2_ws/src/servicio_suma' returned '0': PYTHONPATH=/workspace/ros2_ws/src/build/servicio_suma/prefix_override:/usr/lib/python3/dist-packages/colcon_core/task/python/colcon_distutils_commands:/workspace/ros2_ws/src/install/servicio_suma/lib/python3.10/site-packages:${PYTHONPATH} /usr/bin/python3 -W ignore:setup.py install is deprecated -W ignore:easy_install command is deprecated setup.py egg_info --egg-base ../build/servicio_suma build --build-base /workspace/ros2_ws/src/build/servicio_suma/build install --record /workspace/ros2_ws/src/build/servicio_suma/install.log --single-version-externally-managed install_data
