running egg_info
writing ../build/maze_pkg/maze_pkg.egg-info/PKG-INFO
writing dependency_links to ../build/maze_pkg/maze_pkg.egg-info/dependency_links.txt
writing entry points to ../build/maze_pkg/maze_pkg.egg-info/entry_points.txt
writing requirements to ../build/maze_pkg/maze_pkg.egg-info/requires.txt
writing top-level names to ../build/maze_pkg/maze_pkg.egg-info/top_level.txt
reading manifest file '../build/maze_pkg/maze_pkg.egg-info/SOURCES.txt'
writing manifest file '../build/maze_pkg/maze_pkg.egg-info/SOURCES.txt'
running build
running build_py
copying maze_pkg/res_maze.py -> /workspace/ros2_ws/src/build/maze_pkg/build/lib/maze_pkg
running install
running install_lib
copying /workspace/ros2_ws/src/build/maze_pkg/build/lib/maze_pkg/res_maze.py -> /workspace/ros2_ws/src/install/maze_pkg/lib/python3.10/site-packages/maze_pkg
byte-compiling /workspace/ros2_ws/src/install/maze_pkg/lib/python3.10/site-packages/maze_pkg/res_maze.py to res_maze.cpython-310.pyc
running install_data
running install_egg_info
removing '/workspace/ros2_ws/src/install/maze_pkg/lib/python3.10/site-packages/maze_pkg-0.0.0-py3.10.egg-info' (and everything under it)
Copying ../build/maze_pkg/maze_pkg.egg-info to /workspace/ros2_ws/src/install/maze_pkg/lib/python3.10/site-packages/maze_pkg-0.0.0-py3.10.egg-info
running install_scripts
Installing res_maze script to /workspace/ros2_ws/src/install/maze_pkg/lib/maze_pkg
writing list of installed files to '/workspace/ros2_ws/src/build/maze_pkg/install.log'
