[0.452s] Invoking command in '/workspace/ros2_ws/src/maze_pkg': PYTHONPATH=/workspace/ros2_ws/src/build/maze_pkg/prefix_override:/usr/lib/python3/dist-packages/colcon_core/task/python/colcon_distutils_commands:/workspace/ros2_ws/src/install/maze_pkg/lib/python3.10/site-packages:${PYTHONPATH} /usr/bin/python3 -W ignore:setup.py install is deprecated -W ignore:easy_install command is deprecated setup.py egg_info --egg-base ../build/maze_pkg build --build-base /workspace/ros2_ws/src/build/maze_pkg/build install --record /workspace/ros2_ws/src/build/maze_pkg/install.log --single-version-externally-managed install_data
[0.612s] running egg_info
[0.613s] writing ../build/maze_pkg/maze_pkg.egg-info/PKG-INFO
[0.613s] writing dependency_links to ../build/maze_pkg/maze_pkg.egg-info/dependency_links.txt
[0.613s] writing entry points to ../build/maze_pkg/maze_pkg.egg-info/entry_points.txt
[0.613s] writing requirements to ../build/maze_pkg/maze_pkg.egg-info/requires.txt
[0.613s] writing top-level names to ../build/maze_pkg/maze_pkg.egg-info/top_level.txt
[0.614s] reading manifest file '../build/maze_pkg/maze_pkg.egg-info/SOURCES.txt'
[0.615s] writing manifest file '../build/maze_pkg/maze_pkg.egg-info/SOURCES.txt'
[0.615s] running build
[0.615s] running build_py
[0.615s] copying maze_pkg/res_maze.py -> /workspace/ros2_ws/src/build/maze_pkg/build/lib/maze_pkg
[0.615s] running install
[0.615s] running install_lib
[0.616s] copying /workspace/ros2_ws/src/build/maze_pkg/build/lib/maze_pkg/res_maze.py -> /workspace/ros2_ws/src/install/maze_pkg/lib/python3.10/site-packages/maze_pkg
[0.617s] byte-compiling /workspace/ros2_ws/src/install/maze_pkg/lib/python3.10/site-packages/maze_pkg/res_maze.py to res_maze.cpython-310.pyc
[0.617s] running install_data
[0.618s] running install_egg_info
[0.620s] removing '/workspace/ros2_ws/src/install/maze_pkg/lib/python3.10/site-packages/maze_pkg-0.0.0-py3.10.egg-info' (and everything under it)
[0.620s] Copying ../build/maze_pkg/maze_pkg.egg-info to /workspace/ros2_ws/src/install/maze_pkg/lib/python3.10/site-packages/maze_pkg-0.0.0-py3.10.egg-info
[0.620s] running install_scripts
[0.634s] Installing res_maze script to /workspace/ros2_ws/src/install/maze_pkg/lib/maze_pkg
[0.634s] writing list of installed files to '/workspace/ros2_ws/src/build/maze_pkg/install.log'
[0.650s] Invoked command in '/workspace/ros2_ws/src/maze_pkg' returned '0': PYTHONPATH=/workspace/ros2_ws/src/build/maze_pkg/prefix_override:/usr/lib/python3/dist-packages/colcon_core/task/python/colcon_distutils_commands:/workspace/ros2_ws/src/install/maze_pkg/lib/python3.10/site-packages:${PYTHONPATH} /usr/bin/python3 -W ignore:setup.py install is deprecated -W ignore:easy_install command is deprecated setup.py egg_info --egg-base ../build/maze_pkg build --build-base /workspace/ros2_ws/src/build/maze_pkg/build install --record /workspace/ros2_ws/src/build/maze_pkg/install.log --single-version-externally-managed install_data
