running egg_info
writing ../../build/battery_act/battery_act.egg-info/PKG-INFO
writing dependency_links to ../../build/battery_act/battery_act.egg-info/dependency_links.txt
writing entry points to ../../build/battery_act/battery_act.egg-info/entry_points.txt
writing requirements to ../../build/battery_act/battery_act.egg-info/requires.txt
writing top-level names to ../../build/battery_act/battery_act.egg-info/top_level.txt
reading manifest file '../../build/battery_act/battery_act.egg-info/SOURCES.txt'
adding license file 'LICENSE'
writing manifest file '../../build/battery_act/battery_act.egg-info/SOURCES.txt'
running build
running build_py
running install
running install_lib
running install_data
running install_egg_info
removing '/workspace/ros2_ws/install/battery_act/lib/python3.10/site-packages/battery_act-0.0.0-py3.10.egg-info' (and everything under it)
Copying ../../build/battery_act/battery_act.egg-info to /workspace/ros2_ws/install/battery_act/lib/python3.10/site-packages/battery_act-0.0.0-py3.10.egg-info
running install_scripts
Installing client script to /workspace/ros2_ws/install/battery_act/lib/battery_act
Installing server script to /workspace/ros2_ws/install/battery_act/lib/battery_act
writing list of installed files to '/workspace/ros2_ws/build/battery_act/install.log'
