[0.594s] Invoking command in '/workspace/ros2_ws/src/p2pkg': AMENT_PREFIX_PATH=/workspace/ros2_ws/src/install/interfaz:${AMENT_PREFIX_PATH} CMAKE_PREFIX_PATH=/workspace/ros2_ws/src/install/interfaz:${CMAKE_PREFIX_PATH} LD_LIBRARY_PATH=/workspace/ros2_ws/src/install/interfaz/lib:${LD_LIBRARY_PATH} PYTHONPATH=/workspace/ros2_ws/src/build/p2pkg/prefix_override:/usr/lib/python3/dist-packages/colcon_core/task/python/colcon_distutils_commands:/workspace/ros2_ws/src/install/p2pkg/lib/python3.10/site-packages:/workspace/ros2_ws/src/install/interfaz/local/lib/python3.10/dist-packages:${PYTHONPATH} /usr/bin/python3 -W ignore:setup.py install is deprecated -W ignore:easy_install command is deprecated setup.py egg_info --egg-base ../build/p2pkg build --build-base /workspace/ros2_ws/src/build/p2pkg/build install --record /workspace/ros2_ws/src/build/p2pkg/install.log --single-version-externally-managed install_data
[0.768s] running egg_info
[0.768s] creating ../build/p2pkg/p2pkg.egg-info
[0.768s] writing ../build/p2pkg/p2pkg.egg-info/PKG-INFO
[0.769s] writing dependency_links to ../build/p2pkg/p2pkg.egg-info/dependency_links.txt
[0.769s] writing entry points to ../build/p2pkg/p2pkg.egg-info/entry_points.txt
[0.769s] writing requirements to ../build/p2pkg/p2pkg.egg-info/requires.txt
[0.769s] writing top-level names to ../build/p2pkg/p2pkg.egg-info/top_level.txt
[0.769s] writing manifest file '../build/p2pkg/p2pkg.egg-info/SOURCES.txt'
[0.771s] reading manifest file '../build/p2pkg/p2pkg.egg-info/SOURCES.txt'
[0.771s] adding license file 'LICENSE'
[0.771s] writing manifest file '../build/p2pkg/p2pkg.egg-info/SOURCES.txt'
[0.772s] running build
[0.772s] running build_py
[0.772s] creating /workspace/ros2_ws/src/build/p2pkg/build
[0.772s] creating /workspace/ros2_ws/src/build/p2pkg/build/lib
[0.772s] creating /workspace/ros2_ws/src/build/p2pkg/build/lib/p2pkg
[0.772s] copying p2pkg/nodosub_ejercicio2.py -> /workspace/ros2_ws/src/build/p2pkg/build/lib/p2pkg
[0.772s] copying p2pkg/nodopub_ejercicio2.py -> /workspace/ros2_ws/src/build/p2pkg/build/lib/p2pkg
[0.772s] copying p2pkg/__init__.py -> /workspace/ros2_ws/src/build/p2pkg/build/lib/p2pkg
[0.773s] running install
[0.773s] running install_lib
[0.774s] creating /workspace/ros2_ws/src/install/p2pkg/lib/python3.10/site-packages/p2pkg
[0.774s] copying /workspace/ros2_ws/src/build/p2pkg/build/lib/p2pkg/nodosub_ejercicio2.py -> /workspace/ros2_ws/src/install/p2pkg/lib/python3.10/site-packages/p2pkg
[0.774s] copying /workspace/ros2_ws/src/build/p2pkg/build/lib/p2pkg/nodopub_ejercicio2.py -> /workspace/ros2_ws/src/install/p2pkg/lib/python3.10/site-packages/p2pkg
[0.774s] copying /workspace/ros2_ws/src/build/p2pkg/build/lib/p2pkg/__init__.py -> /workspace/ros2_ws/src/install/p2pkg/lib/python3.10/site-packages/p2pkg
[0.775s] byte-compiling /workspace/ros2_ws/src/install/p2pkg/lib/python3.10/site-packages/p2pkg/nodosub_ejercicio2.py to nodosub_ejercicio2.cpython-310.pyc
[0.775s] byte-compiling /workspace/ros2_ws/src/install/p2pkg/lib/python3.10/site-packages/p2pkg/nodopub_ejercicio2.py to nodopub_ejercicio2.cpython-310.pyc
[0.776s] byte-compiling /workspace/ros2_ws/src/install/p2pkg/lib/python3.10/site-packages/p2pkg/__init__.py to __init__.cpython-310.pyc
[0.776s] running install_data
[0.776s] copying resource/p2pkg -> /workspace/ros2_ws/src/install/p2pkg/share/ament_index/resource_index/packages
[0.776s] copying package.xml -> /workspace/ros2_ws/src/install/p2pkg/share/p2pkg
[0.777s] running install_egg_info
[0.779s] Copying ../build/p2pkg/p2pkg.egg-info to /workspace/ros2_ws/src/install/p2pkg/lib/python3.10/site-packages/p2pkg-0.0.0-py3.10.egg-info
[0.780s] running install_scripts
[0.799s] Installing nodopub script to /workspace/ros2_ws/src/install/p2pkg/lib/p2pkg
[0.799s] Installing nodosub script to /workspace/ros2_ws/src/install/p2pkg/lib/p2pkg
[0.799s] writing list of installed files to '/workspace/ros2_ws/src/build/p2pkg/install.log'
[0.817s] Invoked command in '/workspace/ros2_ws/src/p2pkg' returned '0': AMENT_PREFIX_PATH=/workspace/ros2_ws/src/install/interfaz:${AMENT_PREFIX_PATH} CMAKE_PREFIX_PATH=/workspace/ros2_ws/src/install/interfaz:${CMAKE_PREFIX_PATH} LD_LIBRARY_PATH=/workspace/ros2_ws/src/install/interfaz/lib:${LD_LIBRARY_PATH} PYTHONPATH=/workspace/ros2_ws/src/build/p2pkg/prefix_override:/usr/lib/python3/dist-packages/colcon_core/task/python/colcon_distutils_commands:/workspace/ros2_ws/src/install/p2pkg/lib/python3.10/site-packages:/workspace/ros2_ws/src/install/interfaz/local/lib/python3.10/dist-packages:${PYTHONPATH} /usr/bin/python3 -W ignore:setup.py install is deprecated -W ignore:easy_install command is deprecated setup.py egg_info --egg-base ../build/p2pkg build --build-base /workspace/ros2_ws/src/build/p2pkg/build install --record /workspace/ros2_ws/src/build/p2pkg/install.log --single-version-externally-managed install_data
