running develop
running egg_info
creating service_temp.egg-info
writing service_temp.egg-info/PKG-INFO
writing dependency_links to service_temp.egg-info/dependency_links.txt
writing entry points to service_temp.egg-info/entry_points.txt
writing requirements to service_temp.egg-info/requires.txt
writing top-level names to service_temp.egg-info/top_level.txt
writing manifest file 'service_temp.egg-info/SOURCES.txt'
reading manifest file 'service_temp.egg-info/SOURCES.txt'
writing manifest file 'service_temp.egg-info/SOURCES.txt'
running build_ext
Creating /workspace/ros2_ws/install/service_temp/lib/python3.10/site-packages/service-temp.egg-link (link to .)
Installing client script to /workspace/ros2_ws/install/service_temp/lib/service_temp
Installing server script to /workspace/ros2_ws/install/service_temp/lib/service_temp

Installed /workspace/ros2_ws/build/service_temp
running symlink_data
creating /workspace/ros2_ws/install/service_temp/share/ament_index
creating /workspace/ros2_ws/install/service_temp/share/ament_index/resource_index
creating /workspace/ros2_ws/install/service_temp/share/ament_index/resource_index/packages
symbolically linking /workspace/ros2_ws/build/service_temp/resource/service_temp -> /workspace/ros2_ws/install/service_temp/share/ament_index/resource_index/packages
symbolically linking /workspace/ros2_ws/build/service_temp/package.xml -> /workspace/ros2_ws/install/service_temp/share/service_temp
