[0.597s] Invoking command in '/workspace/ros2_ws/src/servicio_suma': CMAKE_PREFIX_PATH=/workspace/ros2_ws/src/install/interfaz_servicio_suma:/workspace/ros2_ws/install/p2pkg:/workspace/ros2_ws/install/interfaz-p2:/workspace/ros2_ws/src/install/interfaz-p2:/workspace/ros2_ws/install/interfaz:/workspace/ros2_ws/src/interfaz/install/interfaz:/workspace/ros2_ws/install/vicpaq:/workspace/ros2_ws/src/install/interfaz:/workspace/ros2_ws/install/interfaz_servicio_suma LD_LIBRARY_PATH=/workspace/ros2_ws/src/install/interfaz_servicio_suma/lib:/workspace/ros2_ws/install/interfaz/lib:/workspace/ros2_ws/src/interfaz/install/interfaz/lib:/workspace/ros2_ws/install/interfaz_servicio_suma/lib:/opt/ros/humble/opt/rviz_ogre_vendor/lib:/opt/ros/humble/lib/x86_64-linux-gnu:/opt/ros/humble/lib PYTHONPATH=/workspace/ros2_ws/src/build/servicio_suma/prefix_override:/usr/lib/python3/dist-packages/colcon_core/task/python/colcon_distutils_commands:/workspace/ros2_ws/src/install/servicio_suma/lib/python3.10/site-packages:${PYTHONPATH} /usr/bin/python3 -W ignore:setup.py install is deprecated -W ignore:easy_install command is deprecated setup.py egg_info --egg-base ../build/servicio_suma build --build-base /workspace/ros2_ws/src/build/servicio_suma/build install --record /workspace/ros2_ws/src/build/servicio_suma/install.log --single-version-externally-managed install_data
[0.790s] running egg_info
[0.790s] writing ../build/servicio_suma/servicio_suma.egg-info/PKG-INFO
[0.791s] writing dependency_links to ../build/servicio_suma/servicio_suma.egg-info/dependency_links.txt
[0.791s] writing entry points to ../build/servicio_suma/servicio_suma.egg-info/entry_points.txt
[0.791s] writing requirements to ../build/servicio_suma/servicio_suma.egg-info/requires.txt
[0.791s] writing top-level names to ../build/servicio_suma/servicio_suma.egg-info/top_level.txt
[0.792s] reading manifest file '../build/servicio_suma/servicio_suma.egg-info/SOURCES.txt'
[0.793s] adding license file 'LICENSE'
[0.794s] writing manifest file '../build/servicio_suma/servicio_suma.egg-info/SOURCES.txt'
[0.794s] running build
[0.794s] running build_py
[0.794s] running install
[0.794s] running install_lib
[0.796s] running install_data
[0.796s] running install_egg_info
[0.798s] removing '/workspace/ros2_ws/src/install/servicio_suma/lib/python3.10/site-packages/servicio_suma-0.0.0-py3.10.egg-info' (and everything under it)
[0.798s] Copying ../build/servicio_suma/servicio_suma.egg-info to /workspace/ros2_ws/src/install/servicio_suma/lib/python3.10/site-packages/servicio_suma-0.0.0-py3.10.egg-info
[0.800s] running install_scripts
[0.817s] Installing client script to /workspace/ros2_ws/src/install/servicio_suma/lib/servicio_suma
[0.817s] Installing server script to /workspace/ros2_ws/src/install/servicio_suma/lib/servicio_suma
[0.817s] writing list of installed files to '/workspace/ros2_ws/src/build/servicio_suma/install.log'
[0.837s] Invoked command in '/workspace/ros2_ws/src/servicio_suma' returned '0': CMAKE_PREFIX_PATH=/workspace/ros2_ws/src/install/interfaz_servicio_suma:/workspace/ros2_ws/install/p2pkg:/workspace/ros2_ws/install/interfaz-p2:/workspace/ros2_ws/src/install/interfaz-p2:/workspace/ros2_ws/install/interfaz:/workspace/ros2_ws/src/interfaz/install/interfaz:/workspace/ros2_ws/install/vicpaq:/workspace/ros2_ws/src/install/interfaz:/workspace/ros2_ws/install/interfaz_servicio_suma LD_LIBRARY_PATH=/workspace/ros2_ws/src/install/interfaz_servicio_suma/lib:/workspace/ros2_ws/install/interfaz/lib:/workspace/ros2_ws/src/interfaz/install/interfaz/lib:/workspace/ros2_ws/install/interfaz_servicio_suma/lib:/opt/ros/humble/opt/rviz_ogre_vendor/lib:/opt/ros/humble/lib/x86_64-linux-gnu:/opt/ros/humble/lib PYTHONPATH=/workspace/ros2_ws/src/build/servicio_suma/prefix_override:/usr/lib/python3/dist-packages/colcon_core/task/python/colcon_distutils_commands:/workspace/ros2_ws/src/install/servicio_suma/lib/python3.10/site-packages:${PYTHONPATH} /usr/bin/python3 -W ignore:setup.py install is deprecated -W ignore:easy_install command is deprecated setup.py egg_info --egg-base ../build/servicio_suma build --build-base /workspace/ros2_ws/src/build/servicio_suma/build install --record /workspace/ros2_ws/src/build/servicio_suma/install.log --single-version-externally-managed install_data
