[0.305s] Invoking command in '/workspace/ros2_ws/build/interfaz': CMAKE_PREFIX_PATH=${CMAKE_PREFIX_PATH}:/workspace/ros2_ws/install/turtlebot3_teleop:/workspace/ros2_ws/install/turtlebot3_example:/workspace/ros2_ws/install/servicio_suma:/workspace/ros2_ws/install/service_temp:/workspace/ros2_ws/install/primer_paquete:/workspace/ros2_ws/install/paquete1:/workspace/ros2_ws/install/p2pkg:/workspace/ros2_ws/install/mi_accion:/workspace/ros2_ws/install/battery_act:/workspace/install/servicio_suma:/opt/ros/humble /usr/bin/cmake --build /workspace/ros2_ws/build/interfaz -- -j12 -l12
[3.186s] [  1%] Built target interfaz__cpp
[3.188s] [  1%] Built target ament_cmake_python_symlink_interfaz
[3.189s] [ 12%] Built target interfaz__rosidl_typesupport_introspection_cpp
[3.189s] running egg_info
[3.189s] writing interfaz.egg-info/PKG-INFO
[3.189s] writing dependency_links to interfaz.egg-info/dependency_links.txt
[3.189s] writing top-level names to interfaz.egg-info/top_level.txt
[3.189s] reading manifest file 'interfaz.egg-info/SOURCES.txt'
[3.190s] writing manifest file 'interfaz.egg-info/SOURCES.txt'
[3.190s] [ 12%] Built target ament_cmake_python_build_interfaz_egg
[3.190s] [ 23%] Built target interfaz__rosidl_typesupport_fastrtps_cpp
[3.190s] [ 35%] Built target interfaz__rosidl_typesupport_cpp
[3.191s] [ 46%] Built target interfaz__rosidl_generator_c
[3.191s] [ 57%] Built target interfaz__rosidl_typesupport_fastrtps_c
[3.191s] [ 69%] Built target interfaz__rosidl_typesupport_c
[3.191s] [ 80%] Built target interfaz__rosidl_typesupport_introspection_c
[3.191s] [ 80%] Built target interfaz
[3.191s] [ 81%] Built target interfaz__py
[3.192s] [ 91%] Built target interfaz__rosidl_generator_py
[3.192s] [ 94%] Built target interfaz__rosidl_typesupport_fastrtps_c__pyext
[3.192s] [ 97%] Built target interfaz__rosidl_typesupport_c__pyext
[3.192s] [100%] Built target interfaz__rosidl_typesupport_introspection_c__pyext
[3.280s] Invoked command in '/workspace/ros2_ws/build/interfaz' returned '0': CMAKE_PREFIX_PATH=${CMAKE_PREFIX_PATH}:/workspace/ros2_ws/install/turtlebot3_teleop:/workspace/ros2_ws/install/turtlebot3_example:/workspace/ros2_ws/install/servicio_suma:/workspace/ros2_ws/install/service_temp:/workspace/ros2_ws/install/primer_paquete:/workspace/ros2_ws/install/paquete1:/workspace/ros2_ws/install/p2pkg:/workspace/ros2_ws/install/mi_accion:/workspace/ros2_ws/install/battery_act:/workspace/install/servicio_suma:/opt/ros/humble /usr/bin/cmake --build /workspace/ros2_ws/build/interfaz -- -j12 -l12
[3.286s] Invoking command in '/workspace/ros2_ws/build/interfaz': CMAKE_PREFIX_PATH=${CMAKE_PREFIX_PATH}:/workspace/ros2_ws/install/turtlebot3_teleop:/workspace/ros2_ws/install/turtlebot3_example:/workspace/ros2_ws/install/servicio_suma:/workspace/ros2_ws/install/service_temp:/workspace/ros2_ws/install/primer_paquete:/workspace/ros2_ws/install/paquete1:/workspace/ros2_ws/install/p2pkg:/workspace/ros2_ws/install/mi_accion:/workspace/ros2_ws/install/battery_act:/workspace/install/servicio_suma:/opt/ros/humble /usr/bin/cmake --install /workspace/ros2_ws/build/interfaz
[3.519s] -- Install configuration: ""
[3.519s] -- Execute custom install script
[3.519s] -- Up-to-date symlink: /workspace/ros2_ws/install/interfaz/share/ament_index/resource_index/rosidl_interfaces/interfaz
[3.519s] -- Up-to-date symlink: /workspace/ros2_ws/install/interfaz/include/interfaz/interfaz/action/battery.h
[3.519s] -- Up-to-date symlink: /workspace/ros2_ws/install/interfaz/include/interfaz/interfaz/action/detail/battery__functions.h
[3.519s] -- Up-to-date symlink: /workspace/ros2_ws/install/interfaz/include/interfaz/interfaz/action/detail/battery__struct.h
[3.520s] -- Up-to-date symlink: /workspace/ros2_ws/install/interfaz/include/interfaz/interfaz/action/detail/battery__type_support.h
[3.523s] -- Up-to-date symlink: /workspace/ros2_ws/install/interfaz/include/interfaz/interfaz/action/detail/ej_fibonacci__functions.h
[3.524s] -- Up-to-date symlink: /workspace/ros2_ws/install/interfaz/include/interfaz/interfaz/action/detail/ej_fibonacci__struct.h
[3.524s] -- Up-to-date symlink: /workspace/ros2_ws/install/interfaz/include/interfaz/interfaz/action/detail/ej_fibonacci__type_support.h
[3.524s] -- Up-to-date symlink: /workspace/ros2_ws/install/interfaz/include/interfaz/interfaz/action/detail/fibonacci__functions.h
[3.524s] -- Up-to-date symlink: /workspace/ros2_ws/install/interfaz/include/interfaz/interfaz/action/detail/fibonacci__struct.h
[3.524s] -- Up-to-date symlink: /workspace/ros2_ws/install/interfaz/include/interfaz/interfaz/action/detail/fibonacci__type_support.h
[3.524s] -- Up-to-date symlink: /workspace/ros2_ws/install/interfaz/include/interfaz/interfaz/action/ej_fibonacci.h
[3.524s] -- Up-to-date symlink: /workspace/ros2_ws/install/interfaz/include/interfaz/interfaz/action/fibonacci.h
[3.524s] -- Up-to-date symlink: /workspace/ros2_ws/install/interfaz/include/interfaz/interfaz/msg/detail/mi_mensaje__functions.h
[3.525s] -- Up-to-date symlink: /workspace/ros2_ws/install/interfaz/include/interfaz/interfaz/msg/detail/mi_mensaje__struct.h
[3.525s] -- Up-to-date symlink: /workspace/ros2_ws/install/interfaz/include/interfaz/interfaz/msg/detail/mi_mensaje__type_support.h
[3.525s] -- Up-to-date symlink: /workspace/ros2_ws/install/interfaz/include/interfaz/interfaz/msg/detail/p2pkg_mensaje__functions.h
[3.525s] -- Up-to-date symlink: /workspace/ros2_ws/install/interfaz/include/interfaz/interfaz/msg/detail/p2pkg_mensaje__struct.h
[3.525s] -- Up-to-date symlink: /workspace/ros2_ws/install/interfaz/include/interfaz/interfaz/msg/detail/p2pkg_mensaje__type_support.h
[3.525s] -- Up-to-date symlink: /workspace/ros2_ws/install/interfaz/include/interfaz/interfaz/msg/mi_mensaje.h
[3.525s] -- Up-to-date symlink: /workspace/ros2_ws/install/interfaz/include/interfaz/interfaz/msg/p2pkg_mensaje.h
[3.525s] -- Up-to-date symlink: /workspace/ros2_ws/install/interfaz/include/interfaz/interfaz/msg/rosidl_generator_c__visibility_control.h
[3.526s] -- Up-to-date symlink: /workspace/ros2_ws/install/interfaz/include/interfaz/interfaz/srv/convert_temp.h
[3.526s] -- Up-to-date symlink: /workspace/ros2_ws/install/interfaz/include/interfaz/interfaz/srv/detail/convert_temp__functions.h
[3.526s] -- Up-to-date symlink: /workspace/ros2_ws/install/interfaz/include/interfaz/interfaz/srv/detail/convert_temp__struct.h
[3.526s] -- Up-to-date symlink: /workspace/ros2_ws/install/interfaz/include/interfaz/interfaz/srv/detail/convert_temp__type_support.h
[3.526s] -- Up-to-date symlink: /workspace/ros2_ws/install/interfaz/share/interfaz/environment/library_path.sh
[3.526s] -- Up-to-date symlink: /workspace/ros2_ws/install/interfaz/share/interfaz/environment/library_path.dsv
[3.526s] -- Up-to-date symlink: /workspace/ros2_ws/install/interfaz/include/interfaz/interfaz/action/detail/battery__rosidl_typesupport_fastrtps_c.h
[3.526s] -- Up-to-date symlink: /workspace/ros2_ws/install/interfaz/include/interfaz/interfaz/action/detail/ej_fibonacci__rosidl_typesupport_fastrtps_c.h
[3.529s] -- Up-to-date symlink: /workspace/ros2_ws/install/interfaz/include/interfaz/interfaz/action/detail/fibonacci__rosidl_typesupport_fastrtps_c.h
[3.529s] -- Up-to-date symlink: /workspace/ros2_ws/install/interfaz/include/interfaz/interfaz/msg/detail/mi_mensaje__rosidl_typesupport_fastrtps_c.h
[3.529s] -- Up-to-date symlink: /workspace/ros2_ws/install/interfaz/include/interfaz/interfaz/msg/detail/p2pkg_mensaje__rosidl_typesupport_fastrtps_c.h
[3.535s] -- Up-to-date symlink: /workspace/ros2_ws/install/interfaz/include/interfaz/interfaz/msg/rosidl_typesupport_fastrtps_c__visibility_control.h
[3.536s] -- Up-to-date symlink: /workspace/ros2_ws/install/interfaz/include/interfaz/interfaz/srv/detail/convert_temp__rosidl_typesupport_fastrtps_c.h
[3.536s] -- Up-to-date symlink: /workspace/ros2_ws/install/interfaz/include/interfaz/interfaz/action/battery.hpp
[3.536s] -- Up-to-date symlink: /workspace/ros2_ws/install/interfaz/include/interfaz/interfaz/action/detail/battery__builder.hpp
[3.536s] -- Up-to-date symlink: /workspace/ros2_ws/install/interfaz/include/interfaz/interfaz/action/detail/battery__struct.hpp
[3.536s] -- Up-to-date symlink: /workspace/ros2_ws/install/interfaz/include/interfaz/interfaz/action/detail/battery__traits.hpp
[3.537s] -- Up-to-date symlink: /workspace/ros2_ws/install/interfaz/include/interfaz/interfaz/action/detail/battery__type_support.hpp
[3.540s] -- Up-to-date symlink: /workspace/ros2_ws/install/interfaz/include/interfaz/interfaz/action/detail/ej_fibonacci__builder.hpp
[3.540s] -- Up-to-date symlink: /workspace/ros2_ws/install/interfaz/include/interfaz/interfaz/action/detail/ej_fibonacci__struct.hpp
[3.541s] -- Up-to-date symlink: /workspace/ros2_ws/install/interfaz/include/interfaz/interfaz/action/detail/ej_fibonacci__traits.hpp
[3.541s] -- Up-to-date symlink: /workspace/ros2_ws/install/interfaz/include/interfaz/interfaz/action/detail/ej_fibonacci__type_support.hpp
[3.541s] -- Up-to-date symlink: /workspace/ros2_ws/install/interfaz/include/interfaz/interfaz/action/detail/fibonacci__builder.hpp
[3.541s] -- Up-to-date symlink: /workspace/ros2_ws/install/interfaz/include/interfaz/interfaz/action/detail/fibonacci__struct.hpp
[3.541s] -- Up-to-date symlink: /workspace/ros2_ws/install/interfaz/include/interfaz/interfaz/action/detail/fibonacci__traits.hpp
[3.541s] -- Up-to-date symlink: /workspace/ros2_ws/install/interfaz/include/interfaz/interfaz/action/detail/fibonacci__type_support.hpp
[3.541s] -- Up-to-date symlink: /workspace/ros2_ws/install/interfaz/include/interfaz/interfaz/action/ej_fibonacci.hpp
[3.541s] -- Up-to-date symlink: /workspace/ros2_ws/install/interfaz/include/interfaz/interfaz/action/fibonacci.hpp
[3.542s] -- Up-to-date symlink: /workspace/ros2_ws/install/interfaz/include/interfaz/interfaz/msg/detail/mi_mensaje__builder.hpp
[3.542s] -- Up-to-date symlink: /workspace/ros2_ws/install/interfaz/include/interfaz/interfaz/msg/detail/mi_mensaje__struct.hpp
[3.542s] -- Up-to-date symlink: /workspace/ros2_ws/install/interfaz/include/interfaz/interfaz/msg/detail/mi_mensaje__traits.hpp
[3.542s] -- Up-to-date symlink: /workspace/ros2_ws/install/interfaz/include/interfaz/interfaz/msg/detail/mi_mensaje__type_support.hpp
[3.542s] -- Up-to-date symlink: /workspace/ros2_ws/install/interfaz/include/interfaz/interfaz/msg/detail/p2pkg_mensaje__builder.hpp
[3.542s] -- Up-to-date symlink: /workspace/ros2_ws/install/interfaz/include/interfaz/interfaz/msg/detail/p2pkg_mensaje__struct.hpp
[3.542s] -- Up-to-date symlink: /workspace/ros2_ws/install/interfaz/include/interfaz/interfaz/msg/detail/p2pkg_mensaje__traits.hpp
[3.542s] -- Up-to-date symlink: /workspace/ros2_ws/install/interfaz/include/interfaz/interfaz/msg/detail/p2pkg_mensaje__type_support.hpp
[3.543s] -- Up-to-date symlink: /workspace/ros2_ws/install/interfaz/include/interfaz/interfaz/msg/mi_mensaje.hpp
[3.543s] -- Up-to-date symlink: /workspace/ros2_ws/install/interfaz/include/interfaz/interfaz/msg/p2pkg_mensaje.hpp
[3.543s] -- Up-to-date symlink: /workspace/ros2_ws/install/interfaz/include/interfaz/interfaz/msg/rosidl_generator_cpp__visibility_control.hpp
[3.543s] -- Up-to-date symlink: /workspace/ros2_ws/install/interfaz/include/interfaz/interfaz/srv/convert_temp.hpp
[3.543s] -- Up-to-date symlink: /workspace/ros2_ws/install/interfaz/include/interfaz/interfaz/srv/detail/convert_temp__builder.hpp
[3.543s] -- Up-to-date symlink: /workspace/ros2_ws/install/interfaz/include/interfaz/interfaz/srv/detail/convert_temp__struct.hpp
[3.543s] -- Up-to-date symlink: /workspace/ros2_ws/install/interfaz/include/interfaz/interfaz/srv/detail/convert_temp__traits.hpp
[3.543s] -- Up-to-date symlink: /workspace/ros2_ws/install/interfaz/include/interfaz/interfaz/srv/detail/convert_temp__type_support.hpp
[3.544s] -- Up-to-date symlink: /workspace/ros2_ws/install/interfaz/include/interfaz/interfaz/action/detail/battery__rosidl_typesupport_fastrtps_cpp.hpp
[3.544s] -- Up-to-date symlink: /workspace/ros2_ws/install/interfaz/include/interfaz/interfaz/action/detail/ej_fibonacci__rosidl_typesupport_fastrtps_cpp.hpp
[3.544s] -- Up-to-date symlink: /workspace/ros2_ws/install/interfaz/include/interfaz/interfaz/action/detail/fibonacci__rosidl_typesupport_fastrtps_cpp.hpp
[3.544s] -- Up-to-date symlink: /workspace/ros2_ws/install/interfaz/include/interfaz/interfaz/msg/detail/mi_mensaje__rosidl_typesupport_fastrtps_cpp.hpp
[3.545s] -- Up-to-date symlink: /workspace/ros2_ws/install/interfaz/include/interfaz/interfaz/msg/detail/p2pkg_mensaje__rosidl_typesupport_fastrtps_cpp.hpp
[3.545s] -- Up-to-date symlink: /workspace/ros2_ws/install/interfaz/include/interfaz/interfaz/msg/rosidl_typesupport_fastrtps_cpp__visibility_control.h
[3.545s] -- Up-to-date symlink: /workspace/ros2_ws/install/interfaz/include/interfaz/interfaz/srv/detail/convert_temp__rosidl_typesupport_fastrtps_cpp.hpp
[3.545s] -- Up-to-date symlink: /workspace/ros2_ws/install/interfaz/include/interfaz/interfaz/action/detail/battery__rosidl_typesupport_introspection_c.h
[3.545s] -- Up-to-date symlink: /workspace/ros2_ws/install/interfaz/include/interfaz/interfaz/action/detail/ej_fibonacci__rosidl_typesupport_introspection_c.h
[3.545s] -- Up-to-date symlink: /workspace/ros2_ws/install/interfaz/include/interfaz/interfaz/action/detail/fibonacci__rosidl_typesupport_introspection_c.h
[3.545s] -- Up-to-date symlink: /workspace/ros2_ws/install/interfaz/include/interfaz/interfaz/msg/detail/mi_mensaje__rosidl_typesupport_introspection_c.h
[3.546s] -- Up-to-date symlink: /workspace/ros2_ws/install/interfaz/include/interfaz/interfaz/msg/detail/p2pkg_mensaje__rosidl_typesupport_introspection_c.h
[3.546s] -- Up-to-date symlink: /workspace/ros2_ws/install/interfaz/include/interfaz/interfaz/msg/rosidl_typesupport_introspection_c__visibility_control.h
[3.546s] -- Up-to-date symlink: /workspace/ros2_ws/install/interfaz/include/interfaz/interfaz/srv/detail/convert_temp__rosidl_typesupport_introspection_c.h
[3.546s] -- Up-to-date symlink: /workspace/ros2_ws/install/interfaz/include/interfaz/interfaz/action/detail/battery__rosidl_typesupport_introspection_cpp.hpp
[3.547s] -- Up-to-date symlink: /workspace/ros2_ws/install/interfaz/include/interfaz/interfaz/action/detail/ej_fibonacci__rosidl_typesupport_introspection_cpp.hpp
[3.547s] -- Up-to-date symlink: /workspace/ros2_ws/install/interfaz/include/interfaz/interfaz/action/detail/fibonacci__rosidl_typesupport_introspection_cpp.hpp
[3.547s] -- Up-to-date symlink: /workspace/ros2_ws/install/interfaz/include/interfaz/interfaz/msg/detail/mi_mensaje__rosidl_typesupport_introspection_cpp.hpp
[3.547s] -- Up-to-date symlink: /workspace/ros2_ws/install/interfaz/include/interfaz/interfaz/msg/detail/p2pkg_mensaje__rosidl_typesupport_introspection_cpp.hpp
[3.549s] -- Up-to-date symlink: /workspace/ros2_ws/install/interfaz/include/interfaz/interfaz/srv/detail/convert_temp__rosidl_typesupport_introspection_cpp.hpp
[3.549s] -- Up-to-date symlink: /workspace/ros2_ws/install/interfaz/share/interfaz/environment/pythonpath.sh
[3.549s] -- Up-to-date symlink: /workspace/ros2_ws/install/interfaz/share/interfaz/environment/pythonpath.dsv
[3.549s] -- Up-to-date symlink: /workspace/ros2_ws/install/interfaz/local/lib/python3.10/dist-packages/interfaz-0.0.0-py3.10.egg-info/PKG-INFO
[3.549s] -- Up-to-date symlink: /workspace/ros2_ws/install/interfaz/local/lib/python3.10/dist-packages/interfaz-0.0.0-py3.10.egg-info/SOURCES.txt
[3.550s] -- Up-to-date symlink: /workspace/ros2_ws/install/interfaz/local/lib/python3.10/dist-packages/interfaz-0.0.0-py3.10.egg-info/dependency_links.txt
[3.550s] -- Up-to-date symlink: /workspace/ros2_ws/install/interfaz/local/lib/python3.10/dist-packages/interfaz-0.0.0-py3.10.egg-info/top_level.txt
[3.550s] -- Up-to-date symlink: /workspace/ros2_ws/install/interfaz/local/lib/python3.10/dist-packages/interfaz/__init__.py
[3.550s] -- Up-to-date symlink: /workspace/ros2_ws/install/interfaz/local/lib/python3.10/dist-packages/interfaz/_interfaz_s.ep.rosidl_typesupport_c.c
[3.550s] -- Up-to-date symlink: /workspace/ros2_ws/install/interfaz/local/lib/python3.10/dist-packages/interfaz/_interfaz_s.ep.rosidl_typesupport_fastrtps_c.c
[3.550s] -- Up-to-date symlink: /workspace/ros2_ws/install/interfaz/local/lib/python3.10/dist-packages/interfaz/_interfaz_s.ep.rosidl_typesupport_introspection_c.c
[3.550s] -- Up-to-date symlink: /workspace/ros2_ws/install/interfaz/local/lib/python3.10/dist-packages/interfaz/action/__init__.py
[3.550s] -- Up-to-date symlink: /workspace/ros2_ws/install/interfaz/local/lib/python3.10/dist-packages/interfaz/action/_battery.py
[3.551s] -- Up-to-date symlink: /workspace/ros2_ws/install/interfaz/local/lib/python3.10/dist-packages/interfaz/action/_battery_s.c
[3.551s] -- Up-to-date symlink: /workspace/ros2_ws/install/interfaz/local/lib/python3.10/dist-packages/interfaz/action/_ej_fibonacci.py
[3.551s] -- Up-to-date symlink: /workspace/ros2_ws/install/interfaz/local/lib/python3.10/dist-packages/interfaz/action/_ej_fibonacci_s.c
[3.551s] -- Up-to-date symlink: /workspace/ros2_ws/install/interfaz/local/lib/python3.10/dist-packages/interfaz/action/_fibonacci.py
[3.574s] -- Up-to-date symlink: /workspace/ros2_ws/install/interfaz/local/lib/python3.10/dist-packages/interfaz/action/_fibonacci_s.c
[3.574s] -- Up-to-date symlink: /workspace/ros2_ws/install/interfaz/local/lib/python3.10/dist-packages/interfaz/interfaz_s__rosidl_typesupport_c.cpython-310-x86_64-linux-gnu.so
[3.574s] -- Up-to-date symlink: /workspace/ros2_ws/install/interfaz/local/lib/python3.10/dist-packages/interfaz/interfaz_s__rosidl_typesupport_fastrtps_c.cpython-310-x86_64-linux-gnu.so
[3.575s] -- Up-to-date symlink: /workspace/ros2_ws/install/interfaz/local/lib/python3.10/dist-packages/interfaz/interfaz_s__rosidl_typesupport_introspection_c.cpython-310-x86_64-linux-gnu.so
[3.575s] -- Up-to-date symlink: /workspace/ros2_ws/install/interfaz/local/lib/python3.10/dist-packages/interfaz/libinterfaz__rosidl_generator_py.so
[3.575s] -- Up-to-date symlink: /workspace/ros2_ws/install/interfaz/local/lib/python3.10/dist-packages/interfaz/msg/__init__.py
[3.575s] -- Up-to-date symlink: /workspace/ros2_ws/install/interfaz/local/lib/python3.10/dist-packages/interfaz/msg/_mi_mensaje.py
[3.575s] -- Up-to-date symlink: /workspace/ros2_ws/install/interfaz/local/lib/python3.10/dist-packages/interfaz/msg/_mi_mensaje_s.c
[3.575s] -- Up-to-date symlink: /workspace/ros2_ws/install/interfaz/local/lib/python3.10/dist-packages/interfaz/msg/_p2pkg_mensaje.py
[3.575s] -- Up-to-date symlink: /workspace/ros2_ws/install/interfaz/local/lib/python3.10/dist-packages/interfaz/msg/_p2pkg_mensaje_s.c
[3.575s] -- Up-to-date symlink: /workspace/ros2_ws/install/interfaz/local/lib/python3.10/dist-packages/interfaz/srv/__init__.py
[3.583s] -- Up-to-date symlink: /workspace/ros2_ws/install/interfaz/local/lib/python3.10/dist-packages/interfaz/srv/_convert_temp.py
[3.583s] -- Up-to-date symlink: /workspace/ros2_ws/install/interfaz/local/lib/python3.10/dist-packages/interfaz/srv/_convert_temp_s.c
[3.598s] -- Up-to-date symlink: /workspace/ros2_ws/install/interfaz/local/lib/python3.10/dist-packages/interfaz/interfaz_s__rosidl_typesupport_fastrtps_c.cpython-310-x86_64-linux-gnu.so
[3.598s] -- Up-to-date symlink: /workspace/ros2_ws/install/interfaz/local/lib/python3.10/dist-packages/interfaz/interfaz_s__rosidl_typesupport_introspection_c.cpython-310-x86_64-linux-gnu.so
[3.602s] -- Up-to-date symlink: /workspace/ros2_ws/install/interfaz/local/lib/python3.10/dist-packages/interfaz/interfaz_s__rosidl_typesupport_c.cpython-310-x86_64-linux-gnu.so
[3.602s] -- Up-to-date symlink: /workspace/ros2_ws/install/interfaz/share/interfaz/msg/MiMensaje.idl
[3.602s] -- Up-to-date symlink: /workspace/ros2_ws/install/interfaz/share/interfaz/msg/P2pkgMensaje.idl
[3.602s] -- Up-to-date symlink: /workspace/ros2_ws/install/interfaz/share/interfaz/action/Fibonacci.idl
[3.602s] -- Up-to-date symlink: /workspace/ros2_ws/install/interfaz/share/interfaz/action/EjFibonacci.idl
[3.602s] -- Up-to-date symlink: /workspace/ros2_ws/install/interfaz/share/interfaz/srv/ConvertTemp.idl
[3.603s] -- Up-to-date symlink: /workspace/ros2_ws/install/interfaz/share/interfaz/action/Battery.idl
[3.603s] -- Up-to-date symlink: /workspace/ros2_ws/install/interfaz/share/interfaz/msg/MiMensaje.msg
[3.612s] -- Up-to-date symlink: /workspace/ros2_ws/install/interfaz/share/interfaz/msg/P2pkgMensaje.msg
[3.614s] -- Up-to-date symlink: /workspace/ros2_ws/install/interfaz/share/interfaz/action/Fibonacci.action
[3.615s] -- Up-to-date symlink: /workspace/ros2_ws/install/interfaz/share/interfaz/action/EjFibonacci.action
[3.616s] -- Up-to-date symlink: /workspace/ros2_ws/install/interfaz/share/interfaz/srv/ConvertTemp.srv
[3.616s] -- Up-to-date symlink: /workspace/ros2_ws/install/interfaz/share/interfaz/srv/ConvertTemp_Request.msg
[3.617s] -- Up-to-date symlink: /workspace/ros2_ws/install/interfaz/share/interfaz/srv/ConvertTemp_Response.msg
[3.617s] -- Up-to-date symlink: /workspace/ros2_ws/install/interfaz/share/interfaz/action/Battery.action
[3.617s] -- Up-to-date symlink: /workspace/ros2_ws/install/interfaz/share/ament_index/resource_index/package_run_dependencies/interfaz
[3.617s] -- Up-to-date symlink: /workspace/ros2_ws/install/interfaz/share/ament_index/resource_index/parent_prefix_path/interfaz
[3.617s] -- Up-to-date symlink: /workspace/ros2_ws/install/interfaz/share/interfaz/environment/ament_prefix_path.sh
[3.617s] -- Up-to-date symlink: /workspace/ros2_ws/install/interfaz/share/interfaz/environment/ament_prefix_path.dsv
[3.617s] -- Up-to-date symlink: /workspace/ros2_ws/install/interfaz/share/interfaz/environment/path.sh
[3.625s] -- Up-to-date symlink: /workspace/ros2_ws/install/interfaz/share/interfaz/environment/path.dsv
[3.625s] -- Up-to-date symlink: /workspace/ros2_ws/install/interfaz/share/interfaz/local_setup.bash
[3.625s] -- Up-to-date symlink: /workspace/ros2_ws/install/interfaz/share/interfaz/local_setup.sh
[3.625s] -- Up-to-date symlink: /workspace/ros2_ws/install/interfaz/share/interfaz/local_setup.zsh
[3.626s] -- Up-to-date symlink: /workspace/ros2_ws/install/interfaz/share/interfaz/local_setup.dsv
[3.626s] -- Symlinking: /workspace/ros2_ws/install/interfaz/share/interfaz/package.dsv
[3.646s] -- Up-to-date symlink: /workspace/ros2_ws/install/interfaz/share/ament_index/resource_index/packages/interfaz
[3.646s] -- Up-to-date symlink: /workspace/ros2_ws/install/interfaz/share/interfaz/cmake/rosidl_cmake-extras.cmake
[3.646s] -- Up-to-date symlink: /workspace/ros2_ws/install/interfaz/share/interfaz/cmake/ament_cmake_export_dependencies-extras.cmake
[3.646s] -- Up-to-date symlink: /workspace/ros2_ws/install/interfaz/share/interfaz/cmake/ament_cmake_export_include_directories-extras.cmake
[3.646s] -- Up-to-date symlink: /workspace/ros2_ws/install/interfaz/share/interfaz/cmake/ament_cmake_export_libraries-extras.cmake
[3.650s] -- Up-to-date symlink: /workspace/ros2_ws/install/interfaz/share/interfaz/cmake/ament_cmake_export_targets-extras.cmake
[3.651s] -- Up-to-date symlink: /workspace/ros2_ws/install/interfaz/share/interfaz/cmake/rosidl_cmake_export_typesupport_targets-extras.cmake
[3.651s] -- Up-to-date symlink: /workspace/ros2_ws/install/interfaz/share/interfaz/cmake/rosidl_cmake_export_typesupport_libraries-extras.cmake
[3.651s] -- Up-to-date symlink: /workspace/ros2_ws/install/interfaz/share/interfaz/cmake/interfazConfig.cmake
[3.651s] -- Up-to-date symlink: /workspace/ros2_ws/install/interfaz/share/interfaz/cmake/interfazConfig-version.cmake
[3.651s] -- Up-to-date symlink: /workspace/ros2_ws/install/interfaz/share/interfaz/package.xml
[3.651s] -- Up-to-date: /workspace/ros2_ws/install/interfaz/lib/libinterfaz__rosidl_generator_c.so
[3.652s] -- Up-to-date: /workspace/ros2_ws/install/interfaz/lib/libinterfaz__rosidl_typesupport_fastrtps_c.so
[3.652s] -- Up-to-date: /workspace/ros2_ws/install/interfaz/lib/libinterfaz__rosidl_typesupport_fastrtps_cpp.so
[3.652s] -- Up-to-date: /workspace/ros2_ws/install/interfaz/lib/libinterfaz__rosidl_typesupport_introspection_c.so
[3.652s] -- Up-to-date: /workspace/ros2_ws/install/interfaz/lib/libinterfaz__rosidl_typesupport_c.so
[3.652s] -- Up-to-date: /workspace/ros2_ws/install/interfaz/lib/libinterfaz__rosidl_typesupport_introspection_cpp.so
[3.652s] -- Up-to-date: /workspace/ros2_ws/install/interfaz/lib/libinterfaz__rosidl_typesupport_cpp.so
[3.660s] Listing '/workspace/ros2_ws/install/interfaz/local/lib/python3.10/dist-packages/interfaz'...
[3.660s] Listing '/workspace/ros2_ws/install/interfaz/local/lib/python3.10/dist-packages/interfaz/action'...
[3.660s] Listing '/workspace/ros2_ws/install/interfaz/local/lib/python3.10/dist-packages/interfaz/msg'...
[3.661s] Listing '/workspace/ros2_ws/install/interfaz/local/lib/python3.10/dist-packages/interfaz/srv'...
[3.661s] -- Up-to-date: /workspace/ros2_ws/install/interfaz/lib/libinterfaz__rosidl_generator_py.so
[3.661s] -- Up-to-date: /workspace/ros2_ws/install/interfaz/share/interfaz/cmake/export_interfaz__rosidl_generator_cExport.cmake
[3.662s] -- Up-to-date: /workspace/ros2_ws/install/interfaz/share/interfaz/cmake/export_interfaz__rosidl_generator_cExport-noconfig.cmake
[3.662s] -- Up-to-date: /workspace/ros2_ws/install/interfaz/share/interfaz/cmake/export_interfaz__rosidl_typesupport_fastrtps_cExport.cmake
[3.662s] -- Up-to-date: /workspace/ros2_ws/install/interfaz/share/interfaz/cmake/export_interfaz__rosidl_typesupport_fastrtps_cExport-noconfig.cmake
[3.662s] -- Up-to-date: /workspace/ros2_ws/install/interfaz/share/interfaz/cmake/export_interfaz__rosidl_generator_cppExport.cmake
[3.662s] -- Up-to-date: /workspace/ros2_ws/install/interfaz/share/interfaz/cmake/export_interfaz__rosidl_typesupport_fastrtps_cppExport.cmake
[3.662s] -- Up-to-date: /workspace/ros2_ws/install/interfaz/share/interfaz/cmake/export_interfaz__rosidl_typesupport_fastrtps_cppExport-noconfig.cmake
[3.662s] -- Up-to-date: /workspace/ros2_ws/install/interfaz/share/interfaz/cmake/interfaz__rosidl_typesupport_introspection_cExport.cmake
[3.663s] -- Up-to-date: /workspace/ros2_ws/install/interfaz/share/interfaz/cmake/interfaz__rosidl_typesupport_introspection_cExport-noconfig.cmake
[3.663s] -- Up-to-date: /workspace/ros2_ws/install/interfaz/share/interfaz/cmake/interfaz__rosidl_typesupport_cExport.cmake
[3.663s] -- Up-to-date: /workspace/ros2_ws/install/interfaz/share/interfaz/cmake/interfaz__rosidl_typesupport_cExport-noconfig.cmake
[3.664s] -- Up-to-date: /workspace/ros2_ws/install/interfaz/share/interfaz/cmake/interfaz__rosidl_typesupport_introspection_cppExport.cmake
[3.664s] -- Up-to-date: /workspace/ros2_ws/install/interfaz/share/interfaz/cmake/interfaz__rosidl_typesupport_introspection_cppExport-noconfig.cmake
[3.664s] -- Up-to-date: /workspace/ros2_ws/install/interfaz/share/interfaz/cmake/interfaz__rosidl_typesupport_cppExport.cmake
[3.664s] -- Up-to-date: /workspace/ros2_ws/install/interfaz/share/interfaz/cmake/interfaz__rosidl_typesupport_cppExport-noconfig.cmake
[3.664s] -- Up-to-date: /workspace/ros2_ws/install/interfaz/share/interfaz/cmake/export_interfaz__rosidl_generator_pyExport.cmake
[3.664s] -- Up-to-date: /workspace/ros2_ws/install/interfaz/share/interfaz/cmake/export_interfaz__rosidl_generator_pyExport-noconfig.cmake
[4.003s] Invoked command in '/workspace/ros2_ws/build/interfaz' returned '0': CMAKE_PREFIX_PATH=${CMAKE_PREFIX_PATH}:/workspace/ros2_ws/install/turtlebot3_teleop:/workspace/ros2_ws/install/turtlebot3_example:/workspace/ros2_ws/install/servicio_suma:/workspace/ros2_ws/install/service_temp:/workspace/ros2_ws/install/primer_paquete:/workspace/ros2_ws/install/paquete1:/workspace/ros2_ws/install/p2pkg:/workspace/ros2_ws/install/mi_accion:/workspace/ros2_ws/install/battery_act:/workspace/install/servicio_suma:/opt/ros/humble /usr/bin/cmake --install /workspace/ros2_ws/build/interfaz
