[0.054s] Invoking command in '/workspace/ros2_ws/build/turtlebot3_cartographer': CMAKE_PREFIX_PATH=${CMAKE_PREFIX_PATH}:/workspace/install/servicio_suma:/workspace/ros2_ws/install/vicpaq:/workspace/ros2_ws/install/servicio_suma:/workspace/ros2_ws/install/service_temp:/workspace/ros2_ws/install/primer_paquete:/workspace/ros2_ws/install/paquete1:/workspace/ros2_ws/install/battery_act:/opt/ros/humble /usr/bin/cmake /workspace/ros2_ws/src/turtlebot3/turtlebot3_cartographer -DAMENT_CMAKE_SYMLINK_INSTALL=1 -DCMAKE_INSTALL_PREFIX=/workspace/ros2_ws/install/turtlebot3_cartographer
[1.002s] -- The C compiler identification is GNU 11.4.0
[1.002s] -- The CXX compiler identification is GNU 11.4.0
[1.002s] -- Detecting C compiler ABI info
[1.002s] -- Detecting C compiler ABI info - done
[1.002s] -- Check for working C compiler: /usr/bin/cc - skipped
[1.002s] -- Detecting C compile features
[1.002s] -- Detecting C compile features - done
[1.002s] -- Detecting CXX compiler ABI info
[1.002s] -- Detecting CXX compiler ABI info - done
[1.002s] -- Check for working CXX compiler: /usr/bin/c++ - skipped
[1.002s] -- Detecting CXX compile features
[1.003s] -- Detecting CXX compile features - done
[1.003s] -- Found ament_cmake: 1.3.12 (/opt/ros/humble/share/ament_cmake/cmake)
[1.003s] -- Found Python3: /usr/bin/python3 (found version "3.10.12") found components: Interpreter 
[1.003s] -- Override CMake install command with custom implementation using symlinks instead of copying resources
[1.003s] -- Configuring done
[1.003s] -- Generating done
[1.003s] -- Build files have been written to: /workspace/ros2_ws/build/turtlebot3_cartographer
[1.016s] Invoked command in '/workspace/ros2_ws/build/turtlebot3_cartographer' returned '0': CMAKE_PREFIX_PATH=${CMAKE_PREFIX_PATH}:/workspace/install/servicio_suma:/workspace/ros2_ws/install/vicpaq:/workspace/ros2_ws/install/servicio_suma:/workspace/ros2_ws/install/service_temp:/workspace/ros2_ws/install/primer_paquete:/workspace/ros2_ws/install/paquete1:/workspace/ros2_ws/install/battery_act:/opt/ros/humble /usr/bin/cmake /workspace/ros2_ws/src/turtlebot3/turtlebot3_cartographer -DAMENT_CMAKE_SYMLINK_INSTALL=1 -DCMAKE_INSTALL_PREFIX=/workspace/ros2_ws/install/turtlebot3_cartographer
[1.017s] Invoking command in '/workspace/ros2_ws/build/turtlebot3_cartographer': CMAKE_PREFIX_PATH=${CMAKE_PREFIX_PATH}:/workspace/install/servicio_suma:/workspace/ros2_ws/install/vicpaq:/workspace/ros2_ws/install/servicio_suma:/workspace/ros2_ws/install/service_temp:/workspace/ros2_ws/install/primer_paquete:/workspace/ros2_ws/install/paquete1:/workspace/ros2_ws/install/battery_act:/opt/ros/humble /usr/bin/cmake --build /workspace/ros2_ws/build/turtlebot3_cartographer -- -j12 -l12
[1.077s] Invoked command in '/workspace/ros2_ws/build/turtlebot3_cartographer' returned '0': CMAKE_PREFIX_PATH=${CMAKE_PREFIX_PATH}:/workspace/install/servicio_suma:/workspace/ros2_ws/install/vicpaq:/workspace/ros2_ws/install/servicio_suma:/workspace/ros2_ws/install/service_temp:/workspace/ros2_ws/install/primer_paquete:/workspace/ros2_ws/install/paquete1:/workspace/ros2_ws/install/battery_act:/opt/ros/humble /usr/bin/cmake --build /workspace/ros2_ws/build/turtlebot3_cartographer -- -j12 -l12
[1.082s] Invoking command in '/workspace/ros2_ws/build/turtlebot3_cartographer': CMAKE_PREFIX_PATH=${CMAKE_PREFIX_PATH}:/workspace/install/servicio_suma:/workspace/ros2_ws/install/vicpaq:/workspace/ros2_ws/install/servicio_suma:/workspace/ros2_ws/install/service_temp:/workspace/ros2_ws/install/primer_paquete:/workspace/ros2_ws/install/paquete1:/workspace/ros2_ws/install/battery_act:/opt/ros/humble /usr/bin/cmake --install /workspace/ros2_ws/build/turtlebot3_cartographer
[1.377s] -- Install configuration: ""
[1.377s] -- Execute custom install script
[1.377s] -- Symlinking: /workspace/ros2_ws/install/turtlebot3_cartographer/share/turtlebot3_cartographer/config/turtlebot3_lds_2d.lua
[1.377s] -- Symlinking: /workspace/ros2_ws/install/turtlebot3_cartographer/share/turtlebot3_cartographer/launch/cartographer.launch.py
[1.377s] -- Symlinking: /workspace/ros2_ws/install/turtlebot3_cartographer/share/turtlebot3_cartographer/launch/occupancy_grid.launch.py
[1.377s] -- Symlinking: /workspace/ros2_ws/install/turtlebot3_cartographer/share/turtlebot3_cartographer/rviz/tb3_cartographer.rviz
[1.377s] -- Symlinking: /workspace/ros2_ws/install/turtlebot3_cartographer/share/ament_index/resource_index/package_run_dependencies/turtlebot3_cartographer
[1.378s] -- Symlinking: /workspace/ros2_ws/install/turtlebot3_cartographer/share/ament_index/resource_index/parent_prefix_path/turtlebot3_cartographer
[1.378s] -- Symlinking: /workspace/ros2_ws/install/turtlebot3_cartographer/share/turtlebot3_cartographer/environment/ament_prefix_path.sh
[1.378s] -- Symlinking: /workspace/ros2_ws/install/turtlebot3_cartographer/share/turtlebot3_cartographer/environment/ament_prefix_path.dsv
[1.378s] -- Symlinking: /workspace/ros2_ws/install/turtlebot3_cartographer/share/turtlebot3_cartographer/environment/path.sh
[1.378s] -- Symlinking: /workspace/ros2_ws/install/turtlebot3_cartographer/share/turtlebot3_cartographer/environment/path.dsv
[1.378s] -- Symlinking: /workspace/ros2_ws/install/turtlebot3_cartographer/share/turtlebot3_cartographer/local_setup.bash
[1.378s] -- Symlinking: /workspace/ros2_ws/install/turtlebot3_cartographer/share/turtlebot3_cartographer/local_setup.sh
[1.378s] -- Symlinking: /workspace/ros2_ws/install/turtlebot3_cartographer/share/turtlebot3_cartographer/local_setup.zsh
[1.378s] -- Symlinking: /workspace/ros2_ws/install/turtlebot3_cartographer/share/turtlebot3_cartographer/local_setup.dsv
[1.379s] -- Symlinking: /workspace/ros2_ws/install/turtlebot3_cartographer/share/turtlebot3_cartographer/package.dsv
[1.379s] -- Symlinking: /workspace/ros2_ws/install/turtlebot3_cartographer/share/ament_index/resource_index/packages/turtlebot3_cartographer
[1.381s] -- Symlinking: /workspace/ros2_ws/install/turtlebot3_cartographer/share/turtlebot3_cartographer/cmake/turtlebot3_cartographerConfig.cmake
[1.381s] -- Symlinking: /workspace/ros2_ws/install/turtlebot3_cartographer/share/turtlebot3_cartographer/cmake/turtlebot3_cartographerConfig-version.cmake
[1.381s] -- Symlinking: /workspace/ros2_ws/install/turtlebot3_cartographer/share/turtlebot3_cartographer/package.xml
[1.409s] Invoked command in '/workspace/ros2_ws/build/turtlebot3_cartographer' returned '0': CMAKE_PREFIX_PATH=${CMAKE_PREFIX_PATH}:/workspace/install/servicio_suma:/workspace/ros2_ws/install/vicpaq:/workspace/ros2_ws/install/servicio_suma:/workspace/ros2_ws/install/service_temp:/workspace/ros2_ws/install/primer_paquete:/workspace/ros2_ws/install/paquete1:/workspace/ros2_ws/install/battery_act:/opt/ros/humble /usr/bin/cmake --install /workspace/ros2_ws/build/turtlebot3_cartographer
