[0.069s] Invoking command in '/workspace/ros2_ws/src/build/turtlebot3_description': CMAKE_PREFIX_PATH=${CMAKE_PREFIX_PATH}:/workspace/ros2_ws/src/install/servicio_suma:/workspace/ros2_ws/src/install/primer_paquete:/workspace/ros2_ws/src/install/paquete1:/workspace/ros2_ws/src/install/mi_accion:/workspace/ros2_ws/src/install/maze_pkg:/workspace/ros2_ws/install/turtlebot3_teleop:/workspace/ros2_ws/install/turtlebot3_example:/workspace/ros2_ws/install/servicio_suma:/workspace/ros2_ws/install/service_temp:/workspace/ros2_ws/install/primer_paquete:/workspace/ros2_ws/install/paquete1:/workspace/ros2_ws/install/p3_pkg:/workspace/ros2_ws/install/p2pkg:/workspace/ros2_ws/install/mi_accion:/workspace/ros2_ws/install/battery_act:/workspace/install/servicio_suma:/opt/ros/humble /usr/bin/cmake /workspace/ros2_ws/src/turtlebot3/turtlebot3_description -DCMAKE_INSTALL_PREFIX=/workspace/ros2_ws/src/install/turtlebot3_description
[1.303s] -- The C compiler identification is GNU 11.4.0
[1.303s] -- The CXX compiler identification is GNU 11.4.0
[1.303s] -- Detecting C compiler ABI info
[1.303s] -- Detecting C compiler ABI info - done
[1.303s] -- Check for working C compiler: /usr/bin/cc - skipped
[1.303s] -- Detecting C compile features
[1.303s] -- Detecting C compile features - done
[1.304s] -- Detecting CXX compiler ABI info
[1.304s] -- Detecting CXX compiler ABI info - done
[1.304s] -- Check for working CXX compiler: /usr/bin/c++ - skipped
[1.304s] -- Detecting CXX compile features
[1.304s] -- Detecting CXX compile features - done
[1.304s] -- Found ament_cmake: 1.3.12 (/opt/ros/humble/share/ament_cmake/cmake)
[1.305s] -- Found Python3: /usr/bin/python3 (found version "3.10.12") found components: Interpreter 
[1.305s] -- Found urdf: 2.6.1 (/opt/ros/humble/share/urdf/cmake)
[1.349s] -- Configuring done
[1.352s] -- Generating done
[1.354s] -- Build files have been written to: /workspace/ros2_ws/src/build/turtlebot3_description
[1.585s] Invoked command in '/workspace/ros2_ws/src/build/turtlebot3_description' returned '0': CMAKE_PREFIX_PATH=${CMAKE_PREFIX_PATH}:/workspace/ros2_ws/src/install/servicio_suma:/workspace/ros2_ws/src/install/primer_paquete:/workspace/ros2_ws/src/install/paquete1:/workspace/ros2_ws/src/install/mi_accion:/workspace/ros2_ws/src/install/maze_pkg:/workspace/ros2_ws/install/turtlebot3_teleop:/workspace/ros2_ws/install/turtlebot3_example:/workspace/ros2_ws/install/servicio_suma:/workspace/ros2_ws/install/service_temp:/workspace/ros2_ws/install/primer_paquete:/workspace/ros2_ws/install/paquete1:/workspace/ros2_ws/install/p3_pkg:/workspace/ros2_ws/install/p2pkg:/workspace/ros2_ws/install/mi_accion:/workspace/ros2_ws/install/battery_act:/workspace/install/servicio_suma:/opt/ros/humble /usr/bin/cmake /workspace/ros2_ws/src/turtlebot3/turtlebot3_description -DCMAKE_INSTALL_PREFIX=/workspace/ros2_ws/src/install/turtlebot3_description
[1.586s] Invoking command in '/workspace/ros2_ws/src/build/turtlebot3_description': CMAKE_PREFIX_PATH=${CMAKE_PREFIX_PATH}:/workspace/ros2_ws/src/install/servicio_suma:/workspace/ros2_ws/src/install/primer_paquete:/workspace/ros2_ws/src/install/paquete1:/workspace/ros2_ws/src/install/mi_accion:/workspace/ros2_ws/src/install/maze_pkg:/workspace/ros2_ws/install/turtlebot3_teleop:/workspace/ros2_ws/install/turtlebot3_example:/workspace/ros2_ws/install/servicio_suma:/workspace/ros2_ws/install/service_temp:/workspace/ros2_ws/install/primer_paquete:/workspace/ros2_ws/install/paquete1:/workspace/ros2_ws/install/p3_pkg:/workspace/ros2_ws/install/p2pkg:/workspace/ros2_ws/install/mi_accion:/workspace/ros2_ws/install/battery_act:/workspace/install/servicio_suma:/opt/ros/humble /usr/bin/cmake --build /workspace/ros2_ws/src/build/turtlebot3_description -- -j12 -l12
[1.661s] Invoked command in '/workspace/ros2_ws/src/build/turtlebot3_description' returned '0': CMAKE_PREFIX_PATH=${CMAKE_PREFIX_PATH}:/workspace/ros2_ws/src/install/servicio_suma:/workspace/ros2_ws/src/install/primer_paquete:/workspace/ros2_ws/src/install/paquete1:/workspace/ros2_ws/src/install/mi_accion:/workspace/ros2_ws/src/install/maze_pkg:/workspace/ros2_ws/install/turtlebot3_teleop:/workspace/ros2_ws/install/turtlebot3_example:/workspace/ros2_ws/install/servicio_suma:/workspace/ros2_ws/install/service_temp:/workspace/ros2_ws/install/primer_paquete:/workspace/ros2_ws/install/paquete1:/workspace/ros2_ws/install/p3_pkg:/workspace/ros2_ws/install/p2pkg:/workspace/ros2_ws/install/mi_accion:/workspace/ros2_ws/install/battery_act:/workspace/install/servicio_suma:/opt/ros/humble /usr/bin/cmake --build /workspace/ros2_ws/src/build/turtlebot3_description -- -j12 -l12
[1.662s] Invoking command in '/workspace/ros2_ws/src/build/turtlebot3_description': CMAKE_PREFIX_PATH=${CMAKE_PREFIX_PATH}:/workspace/ros2_ws/src/install/servicio_suma:/workspace/ros2_ws/src/install/primer_paquete:/workspace/ros2_ws/src/install/paquete1:/workspace/ros2_ws/src/install/mi_accion:/workspace/ros2_ws/src/install/maze_pkg:/workspace/ros2_ws/install/turtlebot3_teleop:/workspace/ros2_ws/install/turtlebot3_example:/workspace/ros2_ws/install/servicio_suma:/workspace/ros2_ws/install/service_temp:/workspace/ros2_ws/install/primer_paquete:/workspace/ros2_ws/install/paquete1:/workspace/ros2_ws/install/p3_pkg:/workspace/ros2_ws/install/p2pkg:/workspace/ros2_ws/install/mi_accion:/workspace/ros2_ws/install/battery_act:/workspace/install/servicio_suma:/opt/ros/humble /usr/bin/cmake --install /workspace/ros2_ws/src/build/turtlebot3_description
[1.670s] -- Install configuration: ""
[1.670s] -- Installing: /workspace/ros2_ws/src/install/turtlebot3_description/share/turtlebot3_description/meshes
[1.671s] -- Installing: /workspace/ros2_ws/src/install/turtlebot3_description/share/turtlebot3_description/meshes/bases
[1.671s] -- Installing: /workspace/ros2_ws/src/install/turtlebot3_description/share/turtlebot3_description/meshes/bases/waffle_pi_base.stl
[1.691s] -- Installing: /workspace/ros2_ws/src/install/turtlebot3_description/share/turtlebot3_description/meshes/bases/burger_base.stl
[1.715s] -- Installing: /workspace/ros2_ws/src/install/turtlebot3_description/share/turtlebot3_description/meshes/bases/waffle_base.stl
[1.745s] -- Installing: /workspace/ros2_ws/src/install/turtlebot3_description/share/turtlebot3_description/meshes/sensors
[1.745s] -- Installing: /workspace/ros2_ws/src/install/turtlebot3_description/share/turtlebot3_description/meshes/sensors/astra.dae
[1.763s] -- Installing: /workspace/ros2_ws/src/install/turtlebot3_description/share/turtlebot3_description/meshes/sensors/astra.jpg
[1.764s] -- Installing: /workspace/ros2_ws/src/install/turtlebot3_description/share/turtlebot3_description/meshes/sensors/lds.stl
[1.767s] -- Installing: /workspace/ros2_ws/src/install/turtlebot3_description/share/turtlebot3_description/meshes/sensors/r200.jpg
[1.767s] -- Installing: /workspace/ros2_ws/src/install/turtlebot3_description/share/turtlebot3_description/meshes/sensors/r200.dae
[1.768s] -- Installing: /workspace/ros2_ws/src/install/turtlebot3_description/share/turtlebot3_description/meshes/wheels
[1.768s] -- Installing: /workspace/ros2_ws/src/install/turtlebot3_description/share/turtlebot3_description/meshes/wheels/left_tire.stl
[1.771s] -- Installing: /workspace/ros2_ws/src/install/turtlebot3_description/share/turtlebot3_description/meshes/wheels/right_tire.stl
[1.773s] -- Installing: /workspace/ros2_ws/src/install/turtlebot3_description/share/turtlebot3_description/rviz
[1.776s] -- Installing: /workspace/ros2_ws/src/install/turtlebot3_description/share/turtlebot3_description/rviz/model.rviz
[1.776s] -- Installing: /workspace/ros2_ws/src/install/turtlebot3_description/share/turtlebot3_description/urdf
[1.777s] -- Installing: /workspace/ros2_ws/src/install/turtlebot3_description/share/turtlebot3_description/urdf/turtlebot3_waffle_pi.urdf
[1.777s] -- Installing: /workspace/ros2_ws/src/install/turtlebot3_description/share/turtlebot3_description/urdf/turtlebot3_burger.urdf
[1.777s] -- Installing: /workspace/ros2_ws/src/install/turtlebot3_description/share/turtlebot3_description/urdf/common_properties.urdf
[1.777s] -- Installing: /workspace/ros2_ws/src/install/turtlebot3_description/share/turtlebot3_description/urdf/turtlebot3_waffle.urdf
[1.777s] -- Installing: /workspace/ros2_ws/src/install/turtlebot3_description/share/ament_index/resource_index/package_run_dependencies/turtlebot3_description
[1.777s] -- Installing: /workspace/ros2_ws/src/install/turtlebot3_description/share/ament_index/resource_index/parent_prefix_path/turtlebot3_description
[1.778s] -- Installing: /workspace/ros2_ws/src/install/turtlebot3_description/share/turtlebot3_description/environment/ament_prefix_path.sh
[1.778s] -- Installing: /workspace/ros2_ws/src/install/turtlebot3_description/share/turtlebot3_description/environment/ament_prefix_path.dsv
[1.778s] -- Installing: /workspace/ros2_ws/src/install/turtlebot3_description/share/turtlebot3_description/environment/path.sh
[1.778s] -- Installing: /workspace/ros2_ws/src/install/turtlebot3_description/share/turtlebot3_description/environment/path.dsv
[1.778s] -- Installing: /workspace/ros2_ws/src/install/turtlebot3_description/share/turtlebot3_description/local_setup.bash
[1.778s] -- Installing: /workspace/ros2_ws/src/install/turtlebot3_description/share/turtlebot3_description/local_setup.sh
[1.779s] -- Installing: /workspace/ros2_ws/src/install/turtlebot3_description/share/turtlebot3_description/local_setup.zsh
[1.779s] -- Installing: /workspace/ros2_ws/src/install/turtlebot3_description/share/turtlebot3_description/local_setup.dsv
[1.779s] -- Installing: /workspace/ros2_ws/src/install/turtlebot3_description/share/turtlebot3_description/package.dsv
[1.779s] -- Installing: /workspace/ros2_ws/src/install/turtlebot3_description/share/ament_index/resource_index/packages/turtlebot3_description
[1.779s] -- Installing: /workspace/ros2_ws/src/install/turtlebot3_description/share/turtlebot3_description/cmake/turtlebot3_descriptionConfig.cmake
[1.779s] -- Installing: /workspace/ros2_ws/src/install/turtlebot3_description/share/turtlebot3_description/cmake/turtlebot3_descriptionConfig-version.cmake
[1.779s] -- Installing: /workspace/ros2_ws/src/install/turtlebot3_description/share/turtlebot3_description/package.xml
[2.274s] Invoked command in '/workspace/ros2_ws/src/build/turtlebot3_description' returned '0': CMAKE_PREFIX_PATH=${CMAKE_PREFIX_PATH}:/workspace/ros2_ws/src/install/servicio_suma:/workspace/ros2_ws/src/install/primer_paquete:/workspace/ros2_ws/src/install/paquete1:/workspace/ros2_ws/src/install/mi_accion:/workspace/ros2_ws/src/install/maze_pkg:/workspace/ros2_ws/install/turtlebot3_teleop:/workspace/ros2_ws/install/turtlebot3_example:/workspace/ros2_ws/install/servicio_suma:/workspace/ros2_ws/install/service_temp:/workspace/ros2_ws/install/primer_paquete:/workspace/ros2_ws/install/paquete1:/workspace/ros2_ws/install/p3_pkg:/workspace/ros2_ws/install/p2pkg:/workspace/ros2_ws/install/mi_accion:/workspace/ros2_ws/install/battery_act:/workspace/install/servicio_suma:/opt/ros/humble /usr/bin/cmake --install /workspace/ros2_ws/src/build/turtlebot3_description
