[0.087s] Invoking command in '/workspace/ros2_ws/src/build/interfaz_servicio_suma': CMAKE_PREFIX_PATH=${CMAKE_PREFIX_PATH}:/workspace/ros2_ws/src/install/servicio_suma:/workspace/ros2_ws/src/install/primer_paquete:/workspace/ros2_ws/src/install/paquete1:/workspace/ros2_ws/src/install/mi_accion:/workspace/ros2_ws/src/install/maze_pkg:/workspace/ros2_ws/install/turtlebot3_teleop:/workspace/ros2_ws/install/turtlebot3_example:/workspace/ros2_ws/install/servicio_suma:/workspace/ros2_ws/install/service_temp:/workspace/ros2_ws/install/primer_paquete:/workspace/ros2_ws/install/paquete1:/workspace/ros2_ws/install/p3_pkg:/workspace/ros2_ws/install/p2pkg:/workspace/ros2_ws/install/mi_accion:/workspace/ros2_ws/install/battery_act:/workspace/install/servicio_suma:/opt/ros/humble /usr/bin/cmake --build /workspace/ros2_ws/src/build/interfaz_servicio_suma -- -j12 -l12
[1.301s] [  3%] Built target interfaz_servicio_suma__cpp
[1.301s] [ 12%] Built target interfaz_servicio_suma__rosidl_generator_c
[1.301s] [ 12%] Built target ament_cmake_python_copy_interfaz_servicio_suma
[1.301s] [ 22%] Built target interfaz_servicio_suma__rosidl_typesupport_introspection_cpp
[1.301s] [ 32%] Built target interfaz_servicio_suma__rosidl_typesupport_cpp
[1.301s] [ 41%] Built target interfaz_servicio_suma__rosidl_typesupport_fastrtps_cpp
[1.301s] [ 51%] Built target interfaz_servicio_suma__rosidl_typesupport_fastrtps_c
[1.301s] [ 70%] Built target interfaz_servicio_suma__rosidl_typesupport_c
[1.301s] [ 70%] Built target interfaz_servicio_suma__rosidl_typesupport_introspection_c
[1.301s] [ 70%] Built target interfaz_servicio_suma
[1.302s] [ 74%] Built target interfaz_servicio_suma__py
[1.302s] [ 80%] Built target interfaz_servicio_suma__rosidl_generator_py
[1.302s] [ 87%] Built target interfaz_servicio_suma__rosidl_typesupport_c__pyext
[1.302s] [ 93%] Built target interfaz_servicio_suma__rosidl_typesupport_introspection_c__pyext
[1.302s] [100%] Built target interfaz_servicio_suma__rosidl_typesupport_fastrtps_c__pyext
[1.302s] running egg_info
[1.302s] writing interfaz_servicio_suma.egg-info/PKG-INFO
[1.302s] writing dependency_links to interfaz_servicio_suma.egg-info/dependency_links.txt
[1.302s] writing top-level names to interfaz_servicio_suma.egg-info/top_level.txt
[1.302s] reading manifest file 'interfaz_servicio_suma.egg-info/SOURCES.txt'
[1.302s] writing manifest file 'interfaz_servicio_suma.egg-info/SOURCES.txt'
[1.303s] [100%] Built target ament_cmake_python_build_interfaz_servicio_suma_egg
[1.565s] Invoked command in '/workspace/ros2_ws/src/build/interfaz_servicio_suma' returned '0': CMAKE_PREFIX_PATH=${CMAKE_PREFIX_PATH}:/workspace/ros2_ws/src/install/servicio_suma:/workspace/ros2_ws/src/install/primer_paquete:/workspace/ros2_ws/src/install/paquete1:/workspace/ros2_ws/src/install/mi_accion:/workspace/ros2_ws/src/install/maze_pkg:/workspace/ros2_ws/install/turtlebot3_teleop:/workspace/ros2_ws/install/turtlebot3_example:/workspace/ros2_ws/install/servicio_suma:/workspace/ros2_ws/install/service_temp:/workspace/ros2_ws/install/primer_paquete:/workspace/ros2_ws/install/paquete1:/workspace/ros2_ws/install/p3_pkg:/workspace/ros2_ws/install/p2pkg:/workspace/ros2_ws/install/mi_accion:/workspace/ros2_ws/install/battery_act:/workspace/install/servicio_suma:/opt/ros/humble /usr/bin/cmake --build /workspace/ros2_ws/src/build/interfaz_servicio_suma -- -j12 -l12
[1.578s] Invoking command in '/workspace/ros2_ws/src/build/interfaz_servicio_suma': CMAKE_PREFIX_PATH=${CMAKE_PREFIX_PATH}:/workspace/ros2_ws/src/install/servicio_suma:/workspace/ros2_ws/src/install/primer_paquete:/workspace/ros2_ws/src/install/paquete1:/workspace/ros2_ws/src/install/mi_accion:/workspace/ros2_ws/src/install/maze_pkg:/workspace/ros2_ws/install/turtlebot3_teleop:/workspace/ros2_ws/install/turtlebot3_example:/workspace/ros2_ws/install/servicio_suma:/workspace/ros2_ws/install/service_temp:/workspace/ros2_ws/install/primer_paquete:/workspace/ros2_ws/install/paquete1:/workspace/ros2_ws/install/p3_pkg:/workspace/ros2_ws/install/p2pkg:/workspace/ros2_ws/install/mi_accion:/workspace/ros2_ws/install/battery_act:/workspace/install/servicio_suma:/opt/ros/humble /usr/bin/cmake --install /workspace/ros2_ws/src/build/interfaz_servicio_suma
[1.590s] -- Install configuration: ""
[1.590s] -- Up-to-date: /workspace/ros2_ws/src/install/interfaz_servicio_suma/share/ament_index/resource_index/rosidl_interfaces/interfaz_servicio_suma
[1.590s] -- Up-to-date: /workspace/ros2_ws/src/install/interfaz_servicio_suma/include/interfaz_servicio_suma/interfaz_servicio_suma
[1.590s] -- Up-to-date: /workspace/ros2_ws/src/install/interfaz_servicio_suma/include/interfaz_servicio_suma/interfaz_servicio_suma/msg
[1.590s] -- Up-to-date: /workspace/ros2_ws/src/install/interfaz_servicio_suma/include/interfaz_servicio_suma/interfaz_servicio_suma/msg/rosidl_generator_c__visibility_control.h
[1.590s] -- Up-to-date: /workspace/ros2_ws/src/install/interfaz_servicio_suma/include/interfaz_servicio_suma/interfaz_servicio_suma/srv
[1.590s] -- Up-to-date: /workspace/ros2_ws/src/install/interfaz_servicio_suma/include/interfaz_servicio_suma/interfaz_servicio_suma/srv/detail
[1.590s] -- Up-to-date: /workspace/ros2_ws/src/install/interfaz_servicio_suma/include/interfaz_servicio_suma/interfaz_servicio_suma/srv/detail/add_two_ints__type_support.h
[1.591s] -- Up-to-date: /workspace/ros2_ws/src/install/interfaz_servicio_suma/include/interfaz_servicio_suma/interfaz_servicio_suma/srv/detail/add_two_ints__functions.h
[1.591s] -- Up-to-date: /workspace/ros2_ws/src/install/interfaz_servicio_suma/include/interfaz_servicio_suma/interfaz_servicio_suma/srv/detail/add_two_ints__struct.h
[1.591s] -- Up-to-date: /workspace/ros2_ws/src/install/interfaz_servicio_suma/include/interfaz_servicio_suma/interfaz_servicio_suma/srv/detail/add_two_ints__functions.c
[1.591s] -- Up-to-date: /workspace/ros2_ws/src/install/interfaz_servicio_suma/include/interfaz_servicio_suma/interfaz_servicio_suma/srv/add_two_ints.h
[1.591s] -- Up-to-date: /workspace/ros2_ws/src/install/interfaz_servicio_suma/share/interfaz_servicio_suma/environment/library_path.sh
[1.591s] -- Up-to-date: /workspace/ros2_ws/src/install/interfaz_servicio_suma/share/interfaz_servicio_suma/environment/library_path.dsv
[1.591s] -- Up-to-date: /workspace/ros2_ws/src/install/interfaz_servicio_suma/lib/libinterfaz_servicio_suma__rosidl_generator_c.so
[1.591s] -- Up-to-date: /workspace/ros2_ws/src/install/interfaz_servicio_suma/include/interfaz_servicio_suma/interfaz_servicio_suma
[1.591s] -- Up-to-date: /workspace/ros2_ws/src/install/interfaz_servicio_suma/include/interfaz_servicio_suma/interfaz_servicio_suma/msg
[1.591s] -- Up-to-date: /workspace/ros2_ws/src/install/interfaz_servicio_suma/include/interfaz_servicio_suma/interfaz_servicio_suma/msg/rosidl_typesupport_fastrtps_c__visibility_control.h
[1.592s] -- Up-to-date: /workspace/ros2_ws/src/install/interfaz_servicio_suma/include/interfaz_servicio_suma/interfaz_servicio_suma/srv
[1.592s] -- Up-to-date: /workspace/ros2_ws/src/install/interfaz_servicio_suma/include/interfaz_servicio_suma/interfaz_servicio_suma/srv/detail
[1.592s] -- Up-to-date: /workspace/ros2_ws/src/install/interfaz_servicio_suma/include/interfaz_servicio_suma/interfaz_servicio_suma/srv/detail/add_two_ints__rosidl_typesupport_fastrtps_c.h
[1.592s] -- Up-to-date: /workspace/ros2_ws/src/install/interfaz_servicio_suma/lib/libinterfaz_servicio_suma__rosidl_typesupport_fastrtps_c.so
[1.592s] -- Up-to-date: /workspace/ros2_ws/src/install/interfaz_servicio_suma/include/interfaz_servicio_suma/interfaz_servicio_suma
[1.592s] -- Up-to-date: /workspace/ros2_ws/src/install/interfaz_servicio_suma/include/interfaz_servicio_suma/interfaz_servicio_suma/msg
[1.592s] -- Up-to-date: /workspace/ros2_ws/src/install/interfaz_servicio_suma/include/interfaz_servicio_suma/interfaz_servicio_suma/msg/rosidl_generator_cpp__visibility_control.hpp
[1.592s] -- Up-to-date: /workspace/ros2_ws/src/install/interfaz_servicio_suma/include/interfaz_servicio_suma/interfaz_servicio_suma/srv
[1.592s] -- Up-to-date: /workspace/ros2_ws/src/install/interfaz_servicio_suma/include/interfaz_servicio_suma/interfaz_servicio_suma/srv/detail
[1.592s] -- Up-to-date: /workspace/ros2_ws/src/install/interfaz_servicio_suma/include/interfaz_servicio_suma/interfaz_servicio_suma/srv/detail/add_two_ints__builder.hpp
[1.593s] -- Up-to-date: /workspace/ros2_ws/src/install/interfaz_servicio_suma/include/interfaz_servicio_suma/interfaz_servicio_suma/srv/detail/add_two_ints__traits.hpp
[1.593s] -- Up-to-date: /workspace/ros2_ws/src/install/interfaz_servicio_suma/include/interfaz_servicio_suma/interfaz_servicio_suma/srv/detail/add_two_ints__struct.hpp
[1.595s] -- Up-to-date: /workspace/ros2_ws/src/install/interfaz_servicio_suma/include/interfaz_servicio_suma/interfaz_servicio_suma/srv/detail/add_two_ints__type_support.hpp
[1.595s] -- Up-to-date: /workspace/ros2_ws/src/install/interfaz_servicio_suma/include/interfaz_servicio_suma/interfaz_servicio_suma/srv/add_two_ints.hpp
[1.602s] -- Up-to-date: /workspace/ros2_ws/src/install/interfaz_servicio_suma/include/interfaz_servicio_suma/interfaz_servicio_suma
[1.602s] -- Up-to-date: /workspace/ros2_ws/src/install/interfaz_servicio_suma/include/interfaz_servicio_suma/interfaz_servicio_suma/msg
[1.602s] -- Up-to-date: /workspace/ros2_ws/src/install/interfaz_servicio_suma/include/interfaz_servicio_suma/interfaz_servicio_suma/msg/rosidl_typesupport_fastrtps_cpp__visibility_control.h
[1.602s] -- Up-to-date: /workspace/ros2_ws/src/install/interfaz_servicio_suma/include/interfaz_servicio_suma/interfaz_servicio_suma/srv
[1.602s] -- Up-to-date: /workspace/ros2_ws/src/install/interfaz_servicio_suma/include/interfaz_servicio_suma/interfaz_servicio_suma/srv/detail
[1.602s] -- Up-to-date: /workspace/ros2_ws/src/install/interfaz_servicio_suma/include/interfaz_servicio_suma/interfaz_servicio_suma/srv/detail/dds_fastrtps
[1.602s] -- Up-to-date: /workspace/ros2_ws/src/install/interfaz_servicio_suma/include/interfaz_servicio_suma/interfaz_servicio_suma/srv/detail/add_two_ints__rosidl_typesupport_fastrtps_cpp.hpp
[1.602s] -- Up-to-date: /workspace/ros2_ws/src/install/interfaz_servicio_suma/lib/libinterfaz_servicio_suma__rosidl_typesupport_fastrtps_cpp.so
[1.603s] -- Up-to-date: /workspace/ros2_ws/src/install/interfaz_servicio_suma/include/interfaz_servicio_suma/interfaz_servicio_suma
[1.603s] -- Up-to-date: /workspace/ros2_ws/src/install/interfaz_servicio_suma/include/interfaz_servicio_suma/interfaz_servicio_suma/msg
[1.603s] -- Up-to-date: /workspace/ros2_ws/src/install/interfaz_servicio_suma/include/interfaz_servicio_suma/interfaz_servicio_suma/msg/rosidl_typesupport_introspection_c__visibility_control.h
[1.603s] -- Up-to-date: /workspace/ros2_ws/src/install/interfaz_servicio_suma/include/interfaz_servicio_suma/interfaz_servicio_suma/srv
[1.603s] -- Up-to-date: /workspace/ros2_ws/src/install/interfaz_servicio_suma/include/interfaz_servicio_suma/interfaz_servicio_suma/srv/detail
[1.603s] -- Up-to-date: /workspace/ros2_ws/src/install/interfaz_servicio_suma/include/interfaz_servicio_suma/interfaz_servicio_suma/srv/detail/add_two_ints__rosidl_typesupport_introspection_c.h
[1.603s] -- Up-to-date: /workspace/ros2_ws/src/install/interfaz_servicio_suma/include/interfaz_servicio_suma/interfaz_servicio_suma/srv/detail/add_two_ints__type_support.c
[1.603s] -- Up-to-date: /workspace/ros2_ws/src/install/interfaz_servicio_suma/lib/libinterfaz_servicio_suma__rosidl_typesupport_introspection_c.so
[1.603s] -- Up-to-date: /workspace/ros2_ws/src/install/interfaz_servicio_suma/lib/libinterfaz_servicio_suma__rosidl_typesupport_c.so
[1.603s] -- Up-to-date: /workspace/ros2_ws/src/install/interfaz_servicio_suma/include/interfaz_servicio_suma/interfaz_servicio_suma
[1.603s] -- Up-to-date: /workspace/ros2_ws/src/install/interfaz_servicio_suma/include/interfaz_servicio_suma/interfaz_servicio_suma/srv
[1.604s] -- Up-to-date: /workspace/ros2_ws/src/install/interfaz_servicio_suma/include/interfaz_servicio_suma/interfaz_servicio_suma/srv/detail
[1.604s] -- Up-to-date: /workspace/ros2_ws/src/install/interfaz_servicio_suma/include/interfaz_servicio_suma/interfaz_servicio_suma/srv/detail/add_two_ints__rosidl_typesupport_introspection_cpp.hpp
[1.604s] -- Up-to-date: /workspace/ros2_ws/src/install/interfaz_servicio_suma/include/interfaz_servicio_suma/interfaz_servicio_suma/srv/detail/add_two_ints__type_support.cpp
[1.604s] -- Up-to-date: /workspace/ros2_ws/src/install/interfaz_servicio_suma/lib/libinterfaz_servicio_suma__rosidl_typesupport_introspection_cpp.so
[1.604s] -- Up-to-date: /workspace/ros2_ws/src/install/interfaz_servicio_suma/lib/libinterfaz_servicio_suma__rosidl_typesupport_cpp.so
[1.604s] -- Up-to-date: /workspace/ros2_ws/src/install/interfaz_servicio_suma/share/interfaz_servicio_suma/environment/pythonpath.sh
[1.604s] -- Up-to-date: /workspace/ros2_ws/src/install/interfaz_servicio_suma/share/interfaz_servicio_suma/environment/pythonpath.dsv
[1.604s] -- Up-to-date: /workspace/ros2_ws/src/install/interfaz_servicio_suma/local/lib/python3.10/dist-packages/interfaz_servicio_suma-0.0.0-py3.10.egg-info
[1.604s] -- Installing: /workspace/ros2_ws/src/install/interfaz_servicio_suma/local/lib/python3.10/dist-packages/interfaz_servicio_suma-0.0.0-py3.10.egg-info/PKG-INFO
[1.604s] -- Installing: /workspace/ros2_ws/src/install/interfaz_servicio_suma/local/lib/python3.10/dist-packages/interfaz_servicio_suma-0.0.0-py3.10.egg-info/dependency_links.txt
[1.609s] -- Installing: /workspace/ros2_ws/src/install/interfaz_servicio_suma/local/lib/python3.10/dist-packages/interfaz_servicio_suma-0.0.0-py3.10.egg-info/SOURCES.txt
[1.609s] -- Installing: /workspace/ros2_ws/src/install/interfaz_servicio_suma/local/lib/python3.10/dist-packages/interfaz_servicio_suma-0.0.0-py3.10.egg-info/top_level.txt
[1.609s] -- Up-to-date: /workspace/ros2_ws/src/install/interfaz_servicio_suma/local/lib/python3.10/dist-packages/interfaz_servicio_suma
[1.610s] -- Up-to-date: /workspace/ros2_ws/src/install/interfaz_servicio_suma/local/lib/python3.10/dist-packages/interfaz_servicio_suma/interfaz_servicio_suma_s__rosidl_typesupport_introspection_c.cpython-310-x86_64-linux-gnu.so
[1.610s] -- Up-to-date: /workspace/ros2_ws/src/install/interfaz_servicio_suma/local/lib/python3.10/dist-packages/interfaz_servicio_suma/_interfaz_servicio_suma_s.ep.rosidl_typesupport_fastrtps_c.c
[1.610s] -- Up-to-date: /workspace/ros2_ws/src/install/interfaz_servicio_suma/local/lib/python3.10/dist-packages/interfaz_servicio_suma/interfaz_servicio_suma_s__rosidl_typesupport_c.cpython-310-x86_64-linux-gnu.so
[1.610s] -- Up-to-date: /workspace/ros2_ws/src/install/interfaz_servicio_suma/local/lib/python3.10/dist-packages/interfaz_servicio_suma/libinterfaz_servicio_suma__rosidl_generator_py.so
[1.610s] -- Up-to-date: /workspace/ros2_ws/src/install/interfaz_servicio_suma/local/lib/python3.10/dist-packages/interfaz_servicio_suma/interfaz_servicio_suma_s__rosidl_typesupport_fastrtps_c.cpython-310-x86_64-linux-gnu.so
[1.610s] -- Up-to-date: /workspace/ros2_ws/src/install/interfaz_servicio_suma/local/lib/python3.10/dist-packages/interfaz_servicio_suma/_interfaz_servicio_suma_s.ep.rosidl_typesupport_introspection_c.c
[1.610s] -- Up-to-date: /workspace/ros2_ws/src/install/interfaz_servicio_suma/local/lib/python3.10/dist-packages/interfaz_servicio_suma/srv
[1.610s] -- Up-to-date: /workspace/ros2_ws/src/install/interfaz_servicio_suma/local/lib/python3.10/dist-packages/interfaz_servicio_suma/srv/_add_two_ints.py
[1.610s] -- Up-to-date: /workspace/ros2_ws/src/install/interfaz_servicio_suma/local/lib/python3.10/dist-packages/interfaz_servicio_suma/srv/_add_two_ints_s.c
[1.611s] -- Up-to-date: /workspace/ros2_ws/src/install/interfaz_servicio_suma/local/lib/python3.10/dist-packages/interfaz_servicio_suma/srv/__init__.py
[1.611s] -- Up-to-date: /workspace/ros2_ws/src/install/interfaz_servicio_suma/local/lib/python3.10/dist-packages/interfaz_servicio_suma/__init__.py
[1.611s] -- Up-to-date: /workspace/ros2_ws/src/install/interfaz_servicio_suma/local/lib/python3.10/dist-packages/interfaz_servicio_suma/_interfaz_servicio_suma_s.ep.rosidl_typesupport_c.c
[1.680s] Listing '/workspace/ros2_ws/src/install/interfaz_servicio_suma/local/lib/python3.10/dist-packages/interfaz_servicio_suma'...
[1.680s] Listing '/workspace/ros2_ws/src/install/interfaz_servicio_suma/local/lib/python3.10/dist-packages/interfaz_servicio_suma/srv'...
[1.683s] -- Up-to-date: /workspace/ros2_ws/src/install/interfaz_servicio_suma/local/lib/python3.10/dist-packages/interfaz_servicio_suma/interfaz_servicio_suma_s__rosidl_typesupport_fastrtps_c.cpython-310-x86_64-linux-gnu.so
[1.683s] -- Up-to-date: /workspace/ros2_ws/src/install/interfaz_servicio_suma/local/lib/python3.10/dist-packages/interfaz_servicio_suma/interfaz_servicio_suma_s__rosidl_typesupport_introspection_c.cpython-310-x86_64-linux-gnu.so
[1.685s] -- Up-to-date: /workspace/ros2_ws/src/install/interfaz_servicio_suma/local/lib/python3.10/dist-packages/interfaz_servicio_suma/interfaz_servicio_suma_s__rosidl_typesupport_c.cpython-310-x86_64-linux-gnu.so
[1.686s] -- Up-to-date: /workspace/ros2_ws/src/install/interfaz_servicio_suma/lib/libinterfaz_servicio_suma__rosidl_generator_py.so
[1.687s] -- Up-to-date: /workspace/ros2_ws/src/install/interfaz_servicio_suma/share/interfaz_servicio_suma/srv/AddTwoInts.idl
[1.687s] -- Up-to-date: /workspace/ros2_ws/src/install/interfaz_servicio_suma/share/interfaz_servicio_suma/srv/AddTwoInts.srv
[1.687s] -- Up-to-date: /workspace/ros2_ws/src/install/interfaz_servicio_suma/share/interfaz_servicio_suma/srv/AddTwoInts_Request.msg
[1.687s] -- Up-to-date: /workspace/ros2_ws/src/install/interfaz_servicio_suma/share/interfaz_servicio_suma/srv/AddTwoInts_Response.msg
[1.688s] -- Up-to-date: /workspace/ros2_ws/src/install/interfaz_servicio_suma/share/ament_index/resource_index/package_run_dependencies/interfaz_servicio_suma
[1.688s] -- Up-to-date: /workspace/ros2_ws/src/install/interfaz_servicio_suma/share/ament_index/resource_index/parent_prefix_path/interfaz_servicio_suma
[1.689s] -- Up-to-date: /workspace/ros2_ws/src/install/interfaz_servicio_suma/share/interfaz_servicio_suma/environment/ament_prefix_path.sh
[1.689s] -- Up-to-date: /workspace/ros2_ws/src/install/interfaz_servicio_suma/share/interfaz_servicio_suma/environment/ament_prefix_path.dsv
[1.689s] -- Up-to-date: /workspace/ros2_ws/src/install/interfaz_servicio_suma/share/interfaz_servicio_suma/environment/path.sh
[1.689s] -- Up-to-date: /workspace/ros2_ws/src/install/interfaz_servicio_suma/share/interfaz_servicio_suma/environment/path.dsv
[1.689s] -- Up-to-date: /workspace/ros2_ws/src/install/interfaz_servicio_suma/share/interfaz_servicio_suma/local_setup.bash
[1.690s] -- Up-to-date: /workspace/ros2_ws/src/install/interfaz_servicio_suma/share/interfaz_servicio_suma/local_setup.sh
[1.690s] -- Up-to-date: /workspace/ros2_ws/src/install/interfaz_servicio_suma/share/interfaz_servicio_suma/local_setup.zsh
[1.690s] -- Up-to-date: /workspace/ros2_ws/src/install/interfaz_servicio_suma/share/interfaz_servicio_suma/local_setup.dsv
[1.690s] -- Installing: /workspace/ros2_ws/src/install/interfaz_servicio_suma/share/interfaz_servicio_suma/package.dsv
[1.690s] -- Up-to-date: /workspace/ros2_ws/src/install/interfaz_servicio_suma/share/ament_index/resource_index/packages/interfaz_servicio_suma
[1.691s] -- Up-to-date: /workspace/ros2_ws/src/install/interfaz_servicio_suma/share/interfaz_servicio_suma/cmake/export_interfaz_servicio_suma__rosidl_generator_cExport.cmake
[1.691s] -- Up-to-date: /workspace/ros2_ws/src/install/interfaz_servicio_suma/share/interfaz_servicio_suma/cmake/export_interfaz_servicio_suma__rosidl_generator_cExport-noconfig.cmake
[1.691s] -- Up-to-date: /workspace/ros2_ws/src/install/interfaz_servicio_suma/share/interfaz_servicio_suma/cmake/export_interfaz_servicio_suma__rosidl_typesupport_fastrtps_cExport.cmake
[1.691s] -- Up-to-date: /workspace/ros2_ws/src/install/interfaz_servicio_suma/share/interfaz_servicio_suma/cmake/export_interfaz_servicio_suma__rosidl_typesupport_fastrtps_cExport-noconfig.cmake
[1.692s] -- Up-to-date: /workspace/ros2_ws/src/install/interfaz_servicio_suma/share/interfaz_servicio_suma/cmake/export_interfaz_servicio_suma__rosidl_generator_cppExport.cmake
[1.695s] -- Up-to-date: /workspace/ros2_ws/src/install/interfaz_servicio_suma/share/interfaz_servicio_suma/cmake/export_interfaz_servicio_suma__rosidl_typesupport_fastrtps_cppExport.cmake
[1.695s] -- Up-to-date: /workspace/ros2_ws/src/install/interfaz_servicio_suma/share/interfaz_servicio_suma/cmake/export_interfaz_servicio_suma__rosidl_typesupport_fastrtps_cppExport-noconfig.cmake
[1.696s] -- Up-to-date: /workspace/ros2_ws/src/install/interfaz_servicio_suma/share/interfaz_servicio_suma/cmake/interfaz_servicio_suma__rosidl_typesupport_introspection_cExport.cmake
[1.696s] -- Up-to-date: /workspace/ros2_ws/src/install/interfaz_servicio_suma/share/interfaz_servicio_suma/cmake/interfaz_servicio_suma__rosidl_typesupport_introspection_cExport-noconfig.cmake
[1.696s] -- Up-to-date: /workspace/ros2_ws/src/install/interfaz_servicio_suma/share/interfaz_servicio_suma/cmake/interfaz_servicio_suma__rosidl_typesupport_cExport.cmake
[1.697s] -- Up-to-date: /workspace/ros2_ws/src/install/interfaz_servicio_suma/share/interfaz_servicio_suma/cmake/interfaz_servicio_suma__rosidl_typesupport_cExport-noconfig.cmake
[1.697s] -- Up-to-date: /workspace/ros2_ws/src/install/interfaz_servicio_suma/share/interfaz_servicio_suma/cmake/interfaz_servicio_suma__rosidl_typesupport_introspection_cppExport.cmake
[1.698s] -- Up-to-date: /workspace/ros2_ws/src/install/interfaz_servicio_suma/share/interfaz_servicio_suma/cmake/interfaz_servicio_suma__rosidl_typesupport_introspection_cppExport-noconfig.cmake
[1.699s] -- Up-to-date: /workspace/ros2_ws/src/install/interfaz_servicio_suma/share/interfaz_servicio_suma/cmake/interfaz_servicio_suma__rosidl_typesupport_cppExport.cmake
[1.699s] -- Up-to-date: /workspace/ros2_ws/src/install/interfaz_servicio_suma/share/interfaz_servicio_suma/cmake/interfaz_servicio_suma__rosidl_typesupport_cppExport-noconfig.cmake
[1.703s] -- Up-to-date: /workspace/ros2_ws/src/install/interfaz_servicio_suma/share/interfaz_servicio_suma/cmake/export_interfaz_servicio_suma__rosidl_generator_pyExport.cmake
[1.704s] -- Up-to-date: /workspace/ros2_ws/src/install/interfaz_servicio_suma/share/interfaz_servicio_suma/cmake/export_interfaz_servicio_suma__rosidl_generator_pyExport-noconfig.cmake
[1.704s] -- Up-to-date: /workspace/ros2_ws/src/install/interfaz_servicio_suma/share/interfaz_servicio_suma/cmake/rosidl_cmake-extras.cmake
[1.704s] -- Up-to-date: /workspace/ros2_ws/src/install/interfaz_servicio_suma/share/interfaz_servicio_suma/cmake/ament_cmake_export_dependencies-extras.cmake
[1.704s] -- Up-to-date: /workspace/ros2_ws/src/install/interfaz_servicio_suma/share/interfaz_servicio_suma/cmake/ament_cmake_export_include_directories-extras.cmake
[1.705s] -- Up-to-date: /workspace/ros2_ws/src/install/interfaz_servicio_suma/share/interfaz_servicio_suma/cmake/ament_cmake_export_libraries-extras.cmake
[1.705s] -- Up-to-date: /workspace/ros2_ws/src/install/interfaz_servicio_suma/share/interfaz_servicio_suma/cmake/ament_cmake_export_targets-extras.cmake
[1.705s] -- Up-to-date: /workspace/ros2_ws/src/install/interfaz_servicio_suma/share/interfaz_servicio_suma/cmake/rosidl_cmake_export_typesupport_targets-extras.cmake
[1.706s] -- Up-to-date: /workspace/ros2_ws/src/install/interfaz_servicio_suma/share/interfaz_servicio_suma/cmake/rosidl_cmake_export_typesupport_libraries-extras.cmake
[1.706s] -- Up-to-date: /workspace/ros2_ws/src/install/interfaz_servicio_suma/share/interfaz_servicio_suma/cmake/interfaz_servicio_sumaConfig.cmake
[1.707s] -- Up-to-date: /workspace/ros2_ws/src/install/interfaz_servicio_suma/share/interfaz_servicio_suma/cmake/interfaz_servicio_sumaConfig-version.cmake
[1.707s] -- Up-to-date: /workspace/ros2_ws/src/install/interfaz_servicio_suma/share/interfaz_servicio_suma/package.xml
[1.755s] Invoked command in '/workspace/ros2_ws/src/build/interfaz_servicio_suma' returned '0': CMAKE_PREFIX_PATH=${CMAKE_PREFIX_PATH}:/workspace/ros2_ws/src/install/servicio_suma:/workspace/ros2_ws/src/install/primer_paquete:/workspace/ros2_ws/src/install/paquete1:/workspace/ros2_ws/src/install/mi_accion:/workspace/ros2_ws/src/install/maze_pkg:/workspace/ros2_ws/install/turtlebot3_teleop:/workspace/ros2_ws/install/turtlebot3_example:/workspace/ros2_ws/install/servicio_suma:/workspace/ros2_ws/install/service_temp:/workspace/ros2_ws/install/primer_paquete:/workspace/ros2_ws/install/paquete1:/workspace/ros2_ws/install/p3_pkg:/workspace/ros2_ws/install/p2pkg:/workspace/ros2_ws/install/mi_accion:/workspace/ros2_ws/install/battery_act:/workspace/install/servicio_suma:/opt/ros/humble /usr/bin/cmake --install /workspace/ros2_ws/src/build/interfaz_servicio_suma
