[0.603s] Invoking command in '/workspace/ros2_ws/src/primer_paquete': AMENT_PREFIX_PATH=/workspace/ros2_ws/src/install/interfaz:${AMENT_PREFIX_PATH} CMAKE_PREFIX_PATH=/workspace/ros2_ws/src/install/interfaz:${CMAKE_PREFIX_PATH} LD_LIBRARY_PATH=/workspace/ros2_ws/src/install/interfaz/lib:${LD_LIBRARY_PATH} PYTHONPATH=/workspace/ros2_ws/src/build/primer_paquete/prefix_override:/usr/lib/python3/dist-packages/colcon_core/task/python/colcon_distutils_commands:/workspace/ros2_ws/src/install/primer_paquete/lib/python3.10/site-packages:/workspace/ros2_ws/src/install/interfaz/local/lib/python3.10/dist-packages:${PYTHONPATH} /usr/bin/python3 -W ignore:setup.py install is deprecated -W ignore:easy_install command is deprecated setup.py egg_info --egg-base ../build/primer_paquete build --build-base /workspace/ros2_ws/src/build/primer_paquete/build install --record /workspace/ros2_ws/src/build/primer_paquete/install.log --single-version-externally-managed install_data
[0.778s] running egg_info
[0.778s] writing ../build/primer_paquete/primer_paquete.egg-info/PKG-INFO
[0.779s] writing dependency_links to ../build/primer_paquete/primer_paquete.egg-info/dependency_links.txt
[0.779s] writing entry points to ../build/primer_paquete/primer_paquete.egg-info/entry_points.txt
[0.779s] writing requirements to ../build/primer_paquete/primer_paquete.egg-info/requires.txt
[0.779s] writing top-level names to ../build/primer_paquete/primer_paquete.egg-info/top_level.txt
[0.780s] reading manifest file '../build/primer_paquete/primer_paquete.egg-info/SOURCES.txt'
[0.781s] adding license file 'LICENSE'
[0.782s] writing manifest file '../build/primer_paquete/primer_paquete.egg-info/SOURCES.txt'
[0.782s] running build
[0.782s] running build_py
[0.782s] running install
[0.783s] running install_lib
[0.784s] running install_data
[0.784s] copying package.xml -> /workspace/ros2_ws/src/install/primer_paquete/share/primer_paquete
[0.785s] creating /workspace/ros2_ws/src/install/primer_paquete/share/primer_paquete/launch
[0.785s] copying launch/mi_launch.py -> /workspace/ros2_ws/src/install/primer_paquete/share/primer_paquete/launch
[0.785s] running install_egg_info
[0.787s] removing '/workspace/ros2_ws/src/install/primer_paquete/lib/python3.10/site-packages/primer_paquete-0.0.0-py3.10.egg-info' (and everything under it)
[0.788s] Copying ../build/primer_paquete/primer_paquete.egg-info to /workspace/ros2_ws/src/install/primer_paquete/lib/python3.10/site-packages/primer_paquete-0.0.0-py3.10.egg-info
[0.789s] running install_scripts
[0.808s] Installing client script to /workspace/ros2_ws/src/install/primer_paquete/lib/primer_paquete
[0.808s] Installing server script to /workspace/ros2_ws/src/install/primer_paquete/lib/primer_paquete
[0.808s] writing list of installed files to '/workspace/ros2_ws/src/build/primer_paquete/install.log'
[0.828s] Invoked command in '/workspace/ros2_ws/src/primer_paquete' returned '0': AMENT_PREFIX_PATH=/workspace/ros2_ws/src/install/interfaz:${AMENT_PREFIX_PATH} CMAKE_PREFIX_PATH=/workspace/ros2_ws/src/install/interfaz:${CMAKE_PREFIX_PATH} LD_LIBRARY_PATH=/workspace/ros2_ws/src/install/interfaz/lib:${LD_LIBRARY_PATH} PYTHONPATH=/workspace/ros2_ws/src/build/primer_paquete/prefix_override:/usr/lib/python3/dist-packages/colcon_core/task/python/colcon_distutils_commands:/workspace/ros2_ws/src/install/primer_paquete/lib/python3.10/site-packages:/workspace/ros2_ws/src/install/interfaz/local/lib/python3.10/dist-packages:${PYTHONPATH} /usr/bin/python3 -W ignore:setup.py install is deprecated -W ignore:easy_install command is deprecated setup.py egg_info --egg-base ../build/primer_paquete build --build-base /workspace/ros2_ws/src/build/primer_paquete/build install --record /workspace/ros2_ws/src/build/primer_paquete/install.log --single-version-externally-managed install_data
