[2.154s] Invoking command in '/workspace/ros2_ws/build/turtlebot3_teleop': PYTHONPATH=/workspace/ros2_ws/build/turtlebot3_teleop/prefix_override:/usr/lib/python3/dist-packages/colcon_core/task/python/colcon_distutils_commands:/workspace/ros2_ws/install/turtlebot3_teleop/lib/python3.10/site-packages:${PYTHONPATH} /usr/bin/python3 -W ignore:setup.py install is deprecated -W ignore:easy_install command is deprecated setup.py develop --editable --build-directory /workspace/ros2_ws/build/turtlebot3_teleop/build --no-deps symlink_data
[2.940s] running develop
[3.637s] running egg_info
[3.637s] creating turtlebot3_teleop.egg-info
[3.637s] writing turtlebot3_teleop.egg-info/PKG-INFO
[3.637s] writing dependency_links to turtlebot3_teleop.egg-info/dependency_links.txt
[3.637s] writing entry points to turtlebot3_teleop.egg-info/entry_points.txt
[3.637s] writing requirements to turtlebot3_teleop.egg-info/requires.txt
[3.638s] writing top-level names to turtlebot3_teleop.egg-info/top_level.txt
[3.638s] writing manifest file 'turtlebot3_teleop.egg-info/SOURCES.txt'
[3.650s] reading manifest file 'turtlebot3_teleop.egg-info/SOURCES.txt'
[3.650s] writing manifest file 'turtlebot3_teleop.egg-info/SOURCES.txt'
[3.654s] running build_ext
[3.654s] Creating /workspace/ros2_ws/install/turtlebot3_teleop/lib/python3.10/site-packages/turtlebot3-teleop.egg-link (link to .)
[3.655s] Installing teleop_keyboard script to /workspace/ros2_ws/install/turtlebot3_teleop/lib/turtlebot3_teleop
[3.655s] 
[3.655s] Installed /workspace/ros2_ws/build/turtlebot3_teleop
[3.657s] running symlink_data
[3.657s] creating /workspace/ros2_ws/install/turtlebot3_teleop/share/ament_index
[3.657s] creating /workspace/ros2_ws/install/turtlebot3_teleop/share/ament_index/resource_index
[3.657s] creating /workspace/ros2_ws/install/turtlebot3_teleop/share/ament_index/resource_index/packages
[3.659s] symbolically linking /workspace/ros2_ws/build/turtlebot3_teleop/resource/turtlebot3_teleop -> /workspace/ros2_ws/install/turtlebot3_teleop/share/ament_index/resource_index/packages
[3.661s] symbolically linking /workspace/ros2_ws/build/turtlebot3_teleop/package.xml -> /workspace/ros2_ws/install/turtlebot3_teleop/share/turtlebot3_teleop
[3.787s] Invoked command in '/workspace/ros2_ws/build/turtlebot3_teleop' returned '0': PYTHONPATH=/workspace/ros2_ws/build/turtlebot3_teleop/prefix_override:/usr/lib/python3/dist-packages/colcon_core/task/python/colcon_distutils_commands:/workspace/ros2_ws/install/turtlebot3_teleop/lib/python3.10/site-packages:${PYTHONPATH} /usr/bin/python3 -W ignore:setup.py install is deprecated -W ignore:easy_install command is deprecated setup.py develop --editable --build-directory /workspace/ros2_ws/build/turtlebot3_teleop/build --no-deps symlink_data
