[3.146s] Invoking command in '/workspace/ros2_ws/src/p3_pkg': PYTHONPATH=/workspace/ros2_ws/build/p3_pkg/prefix_override:/usr/lib/python3/dist-packages/colcon_core/task/python/colcon_distutils_commands:/workspace/ros2_ws/install/p3_pkg/lib/python3.10/site-packages:${PYTHONPATH} /usr/bin/python3 -W ignore:setup.py install is deprecated -W ignore:easy_install command is deprecated setup.py egg_info --egg-base ../../build/p3_pkg build --build-base /workspace/ros2_ws/build/p3_pkg/build install --record /workspace/ros2_ws/build/p3_pkg/install.log --single-version-externally-managed install_data
[3.888s] running egg_info
[3.889s] writing ../../build/p3_pkg/p3_pkg.egg-info/PKG-INFO
[3.890s] writing dependency_links to ../../build/p3_pkg/p3_pkg.egg-info/dependency_links.txt
[3.890s] writing entry points to ../../build/p3_pkg/p3_pkg.egg-info/entry_points.txt
[3.890s] writing requirements to ../../build/p3_pkg/p3_pkg.egg-info/requires.txt
[3.891s] writing top-level names to ../../build/p3_pkg/p3_pkg.egg-info/top_level.txt
[3.894s] reading manifest file '../../build/p3_pkg/p3_pkg.egg-info/SOURCES.txt'
[3.897s] writing manifest file '../../build/p3_pkg/p3_pkg.egg-info/SOURCES.txt'
[3.897s] running build
[3.897s] running build_py
[3.898s] running install
[3.899s] running install_lib
[3.902s] running install_data
[3.902s] copying package.xml -> /workspace/ros2_ws/install/p3_pkg/share/p3_pkg
[3.903s] running install_egg_info
[3.912s] removing '/workspace/ros2_ws/install/p3_pkg/lib/python3.10/site-packages/p3_pkg-0.0.0-py3.10.egg-info' (and everything under it)
[3.912s] Copying ../../build/p3_pkg/p3_pkg.egg-info to /workspace/ros2_ws/install/p3_pkg/lib/python3.10/site-packages/p3_pkg-0.0.0-py3.10.egg-info
[3.912s] running install_scripts
[3.962s] Installing dibuja_mov script to /workspace/ros2_ws/install/p3_pkg/lib/p3_pkg
[3.962s] Installing movimiento script to /workspace/ros2_ws/install/p3_pkg/lib/p3_pkg
[3.963s] writing list of installed files to '/workspace/ros2_ws/build/p3_pkg/install.log'
[6.639s] Invoked command in '/workspace/ros2_ws/src/p3_pkg' returned '0': PYTHONPATH=/workspace/ros2_ws/build/p3_pkg/prefix_override:/usr/lib/python3/dist-packages/colcon_core/task/python/colcon_distutils_commands:/workspace/ros2_ws/install/p3_pkg/lib/python3.10/site-packages:${PYTHONPATH} /usr/bin/python3 -W ignore:setup.py install is deprecated -W ignore:easy_install command is deprecated setup.py egg_info --egg-base ../../build/p3_pkg build --build-base /workspace/ros2_ws/build/p3_pkg/build install --record /workspace/ros2_ws/build/p3_pkg/install.log --single-version-externally-managed install_data
