[0.081s] Invoking command in '/workspace/ros2_ws/src/build/turtlebot3_node': AMENT_PREFIX_PATH=/workspace/ros2_ws/src/install/turtlebot3_msgs:${AMENT_PREFIX_PATH} CMAKE_PREFIX_PATH=/workspace/ros2_ws/src/install/turtlebot3_msgs:/workspace/ros2_ws/src/install/vicpaq:/workspace/ros2_ws/src/install/p2pkg:/workspace/ros2_ws/src/install/interfaz_servicio_suma:/workspace/ros2_ws/src/install/interfaz-p2:/workspace/ros2_ws/src/install/interfaz:/workspace/ros2_ws/install/vicpaq:/workspace/ros2_ws/install/turtlebot3:/workspace/ros2_ws/install/turtlebot3_simulations:/workspace/ros2_ws/install/turtlebot3_bringup:/workspace/ros2_ws/install/turtlebot3_node:/workspace/ros2_ws/install/turtlebot3_navigation2:/workspace/ros2_ws/install/turtlebot3_fake_node:/workspace/ros2_ws/install/turtlebot3_msgs:/workspace/ros2_ws/install/turtlebot3_manipulation_gazebo:/workspace/ros2_ws/install/turtlebot3_gazebo:/workspace/ros2_ws/install/turtlebot3_description:/workspace/ros2_ws/install/turtlebot3_cartographer:/workspace/ros2_ws/install/interfaz_servicio_suma:/workspace/ros2_ws/install/interfaz:/workspace/install/interfaz_servicio_suma:/workspace/ros2_ws/src/install/servicio_suma:/workspace/ros2_ws/src/install/primer_paquete:/workspace/ros2_ws/src/install/paquete1:/workspace/ros2_ws/src/install/mi_accion:/workspace/ros2_ws/src/install/maze_pkg:/workspace/ros2_ws/install/turtlebot3_teleop:/workspace/ros2_ws/install/turtlebot3_example:/workspace/ros2_ws/install/servicio_suma:/workspace/ros2_ws/install/service_temp:/workspace/ros2_ws/install/primer_paquete:/workspace/ros2_ws/install/paquete1:/workspace/ros2_ws/install/p3_pkg:/workspace/ros2_ws/install/p2pkg:/workspace/ros2_ws/install/mi_accion:/workspace/ros2_ws/install/battery_act:/workspace/install/servicio_suma:/opt/ros/humble LD_LIBRARY_PATH=/workspace/ros2_ws/src/install/turtlebot3_msgs/lib:${LD_LIBRARY_PATH} PYTHONPATH=/workspace/ros2_ws/src/install/turtlebot3_msgs/local/lib/python3.10/dist-packages:${PYTHONPATH} /usr/bin/cmake /workspace/ros2_ws/src/turtlebot3/turtlebot3_node -DCMAKE_INSTALL_PREFIX=/workspace/ros2_ws/src/install/turtlebot3_node
[0.621s] -- The C compiler identification is GNU 11.4.0
[0.622s] -- The CXX compiler identification is GNU 11.4.0
[0.622s] -- Detecting C compiler ABI info
[0.622s] -- Detecting C compiler ABI info - done
[0.622s] -- Check for working C compiler: /usr/bin/cc - skipped
[0.622s] -- Detecting C compile features
[0.622s] -- Detecting C compile features - done
[0.623s] -- Detecting CXX compiler ABI info
[0.701s] -- Detecting CXX compiler ABI info - done
[0.734s] -- Check for working CXX compiler: /usr/bin/c++ - skipped
[0.736s] -- Detecting CXX compile features
[0.736s] -- Detecting CXX compile features - done
[0.759s] -- Found ament_cmake: 1.3.12 (/opt/ros/humble/share/ament_cmake/cmake)
[1.330s] -- Found Python3: /usr/bin/python3 (found version "3.10.12") found components: Interpreter 
[1.603s] -- Found dynamixel_sdk: 4.0.3 (/opt/ros/humble/share/dynamixel_sdk/cmake)
[1.620s] -- Found geometry_msgs: 4.9.0 (/opt/ros/humble/share/geometry_msgs/cmake)
[1.756s] -- Found rosidl_generator_c: 3.1.8 (/opt/ros/humble/share/rosidl_generator_c/cmake)
[1.781s] -- Found rosidl_adapter: 3.1.8 (/opt/ros/humble/share/rosidl_adapter/cmake)
[1.809s] -- Found rosidl_generator_cpp: 3.1.8 (/opt/ros/humble/share/rosidl_generator_cpp/cmake)
[1.847s] -- Using all available rosidl_typesupport_c: rosidl_typesupport_fastrtps_c;rosidl_typesupport_introspection_c
[1.898s] -- Using all available rosidl_typesupport_cpp: rosidl_typesupport_fastrtps_cpp;rosidl_typesupport_introspection_cpp
[1.998s] -- Found message_filters: 4.3.11 (/opt/ros/humble/share/message_filters/cmake)
[2.157s] -- Found rmw_implementation_cmake: 6.1.2 (/opt/ros/humble/share/rmw_implementation_cmake/cmake)
[2.171s] -- Found rmw_fastrtps_cpp: 6.2.9 (/opt/ros/humble/share/rmw_fastrtps_cpp/cmake)
[2.355s] -- Found OpenSSL: /usr/lib/x86_64-linux-gnu/libcrypto.so (found version "3.0.2")  
[2.404s] -- Found FastRTPS: /opt/ros/humble/include  
[2.470s] -- Using RMW implementation 'rmw_fastrtps_cpp' as default
[2.493s] -- Looking for pthread.h
[2.588s] -- Looking for pthread.h - found
[2.588s] -- Performing Test CMAKE_HAVE_LIBC_PTHREAD
[2.706s] -- Performing Test CMAKE_HAVE_LIBC_PTHREAD - Success
[2.711s] -- Found Threads: TRUE  
[2.810s] -- Found nav_msgs: 4.9.0 (/opt/ros/humble/share/nav_msgs/cmake)
[2.859s] -- Found sensor_msgs: 4.9.0 (/opt/ros/humble/share/sensor_msgs/cmake)
[2.905s] -- Found std_srvs: 4.9.0 (/opt/ros/humble/share/std_srvs/cmake)
[2.936s] -- Found tf2: 0.25.18 (/opt/ros/humble/share/tf2/cmake)
[2.973s] -- Found tf2_ros: 0.25.18 (/opt/ros/humble/share/tf2_ros/cmake)
[3.170s] -- Found turtlebot3_msgs: 2.4.0 (/workspace/ros2_ws/src/install/turtlebot3_msgs/share/turtlebot3_msgs/cmake)
[3.282s] -- Configuring done
[3.310s] -- Generating done
[3.329s] -- Build files have been written to: /workspace/ros2_ws/src/build/turtlebot3_node
[3.349s] Invoked command in '/workspace/ros2_ws/src/build/turtlebot3_node' returned '0': AMENT_PREFIX_PATH=/workspace/ros2_ws/src/install/turtlebot3_msgs:${AMENT_PREFIX_PATH} CMAKE_PREFIX_PATH=/workspace/ros2_ws/src/install/turtlebot3_msgs:/workspace/ros2_ws/src/install/vicpaq:/workspace/ros2_ws/src/install/p2pkg:/workspace/ros2_ws/src/install/interfaz_servicio_suma:/workspace/ros2_ws/src/install/interfaz-p2:/workspace/ros2_ws/src/install/interfaz:/workspace/ros2_ws/install/vicpaq:/workspace/ros2_ws/install/turtlebot3:/workspace/ros2_ws/install/turtlebot3_simulations:/workspace/ros2_ws/install/turtlebot3_bringup:/workspace/ros2_ws/install/turtlebot3_node:/workspace/ros2_ws/install/turtlebot3_navigation2:/workspace/ros2_ws/install/turtlebot3_fake_node:/workspace/ros2_ws/install/turtlebot3_msgs:/workspace/ros2_ws/install/turtlebot3_manipulation_gazebo:/workspace/ros2_ws/install/turtlebot3_gazebo:/workspace/ros2_ws/install/turtlebot3_description:/workspace/ros2_ws/install/turtlebot3_cartographer:/workspace/ros2_ws/install/interfaz_servicio_suma:/workspace/ros2_ws/install/interfaz:/workspace/install/interfaz_servicio_suma:/workspace/ros2_ws/src/install/servicio_suma:/workspace/ros2_ws/src/install/primer_paquete:/workspace/ros2_ws/src/install/paquete1:/workspace/ros2_ws/src/install/mi_accion:/workspace/ros2_ws/src/install/maze_pkg:/workspace/ros2_ws/install/turtlebot3_teleop:/workspace/ros2_ws/install/turtlebot3_example:/workspace/ros2_ws/install/servicio_suma:/workspace/ros2_ws/install/service_temp:/workspace/ros2_ws/install/primer_paquete:/workspace/ros2_ws/install/paquete1:/workspace/ros2_ws/install/p3_pkg:/workspace/ros2_ws/install/p2pkg:/workspace/ros2_ws/install/mi_accion:/workspace/ros2_ws/install/battery_act:/workspace/install/servicio_suma:/opt/ros/humble LD_LIBRARY_PATH=/workspace/ros2_ws/src/install/turtlebot3_msgs/lib:${LD_LIBRARY_PATH} PYTHONPATH=/workspace/ros2_ws/src/install/turtlebot3_msgs/local/lib/python3.10/dist-packages:${PYTHONPATH} /usr/bin/cmake /workspace/ros2_ws/src/turtlebot3/turtlebot3_node -DCMAKE_INSTALL_PREFIX=/workspace/ros2_ws/src/install/turtlebot3_node
[3.350s] Invoking command in '/workspace/ros2_ws/src/build/turtlebot3_node': AMENT_PREFIX_PATH=/workspace/ros2_ws/src/install/turtlebot3_msgs:${AMENT_PREFIX_PATH} CMAKE_PREFIX_PATH=/workspace/ros2_ws/src/install/turtlebot3_msgs:/workspace/ros2_ws/src/install/vicpaq:/workspace/ros2_ws/src/install/p2pkg:/workspace/ros2_ws/src/install/interfaz_servicio_suma:/workspace/ros2_ws/src/install/interfaz-p2:/workspace/ros2_ws/src/install/interfaz:/workspace/ros2_ws/install/vicpaq:/workspace/ros2_ws/install/turtlebot3:/workspace/ros2_ws/install/turtlebot3_simulations:/workspace/ros2_ws/install/turtlebot3_bringup:/workspace/ros2_ws/install/turtlebot3_node:/workspace/ros2_ws/install/turtlebot3_navigation2:/workspace/ros2_ws/install/turtlebot3_fake_node:/workspace/ros2_ws/install/turtlebot3_msgs:/workspace/ros2_ws/install/turtlebot3_manipulation_gazebo:/workspace/ros2_ws/install/turtlebot3_gazebo:/workspace/ros2_ws/install/turtlebot3_description:/workspace/ros2_ws/install/turtlebot3_cartographer:/workspace/ros2_ws/install/interfaz_servicio_suma:/workspace/ros2_ws/install/interfaz:/workspace/install/interfaz_servicio_suma:/workspace/ros2_ws/src/install/servicio_suma:/workspace/ros2_ws/src/install/primer_paquete:/workspace/ros2_ws/src/install/paquete1:/workspace/ros2_ws/src/install/mi_accion:/workspace/ros2_ws/src/install/maze_pkg:/workspace/ros2_ws/install/turtlebot3_teleop:/workspace/ros2_ws/install/turtlebot3_example:/workspace/ros2_ws/install/servicio_suma:/workspace/ros2_ws/install/service_temp:/workspace/ros2_ws/install/primer_paquete:/workspace/ros2_ws/install/paquete1:/workspace/ros2_ws/install/p3_pkg:/workspace/ros2_ws/install/p2pkg:/workspace/ros2_ws/install/mi_accion:/workspace/ros2_ws/install/battery_act:/workspace/install/servicio_suma:/opt/ros/humble LD_LIBRARY_PATH=/workspace/ros2_ws/src/install/turtlebot3_msgs/lib:${LD_LIBRARY_PATH} PYTHONPATH=/workspace/ros2_ws/src/install/turtlebot3_msgs/local/lib/python3.10/dist-packages:${PYTHONPATH} /usr/bin/cmake --build /workspace/ros2_ws/src/build/turtlebot3_node -- -j12 -l12
[3.415s] [ 21%] [32mBuilding CXX object CMakeFiles/turtlebot3_node_lib.dir/src/devices/sound.cpp.o[0m
[3.415s] [ 21%] [32mBuilding CXX object CMakeFiles/turtlebot3_node_lib.dir/src/devices/motor_power.cpp.o[0m
[3.416s] [ 21%] [32mBuilding CXX object CMakeFiles/turtlebot3_node_lib.dir/src/devices/reset.cpp.o[0m
[3.427s] [ 35%] [32mBuilding CXX object CMakeFiles/turtlebot3_node_lib.dir/src/odometry.cpp.o[0m
[3.427s] [ 35%] [32mBuilding CXX object CMakeFiles/turtlebot3_node_lib.dir/src/dynamixel_sdk_wrapper.cpp.o[0m
[3.433s] [ 42%] [32mBuilding CXX object CMakeFiles/turtlebot3_node_lib.dir/src/turtlebot3.cpp.o[0m
[3.443s] [ 57%] [32mBuilding CXX object CMakeFiles/turtlebot3_node_lib.dir/src/diff_drive_controller.cpp.o[0m
[3.443s] [ 57%] [32mBuilding CXX object CMakeFiles/turtlebot3_node_lib.dir/src/sensors/imu.cpp.o[0m
[3.449s] [ 64%] [32mBuilding CXX object CMakeFiles/turtlebot3_node_lib.dir/src/sensors/battery_state.cpp.o[0m
[3.477s] [ 71%] [32mBuilding CXX object CMakeFiles/turtlebot3_node_lib.dir/src/sensors/sensor_state.cpp.o[0m
[3.488s] [ 78%] [32mBuilding CXX object CMakeFiles/turtlebot3_node_lib.dir/src/sensors/joint_state.cpp.o[0m
[21.491s] [ 85%] [32m[1mLinking CXX static library libturtlebot3_node_lib.a[0m
[21.909s] [ 85%] Built target turtlebot3_node_lib
[21.929s] [ 92%] [32mBuilding CXX object CMakeFiles/turtlebot3_ros.dir/src/node_main.cpp.o[0m
[23.981s] [100%] [32m[1mLinking CXX executable turtlebot3_ros[0m
[25.232s] [100%] Built target turtlebot3_ros
[25.241s] Invoked command in '/workspace/ros2_ws/src/build/turtlebot3_node' returned '0': AMENT_PREFIX_PATH=/workspace/ros2_ws/src/install/turtlebot3_msgs:${AMENT_PREFIX_PATH} CMAKE_PREFIX_PATH=/workspace/ros2_ws/src/install/turtlebot3_msgs:/workspace/ros2_ws/src/install/vicpaq:/workspace/ros2_ws/src/install/p2pkg:/workspace/ros2_ws/src/install/interfaz_servicio_suma:/workspace/ros2_ws/src/install/interfaz-p2:/workspace/ros2_ws/src/install/interfaz:/workspace/ros2_ws/install/vicpaq:/workspace/ros2_ws/install/turtlebot3:/workspace/ros2_ws/install/turtlebot3_simulations:/workspace/ros2_ws/install/turtlebot3_bringup:/workspace/ros2_ws/install/turtlebot3_node:/workspace/ros2_ws/install/turtlebot3_navigation2:/workspace/ros2_ws/install/turtlebot3_fake_node:/workspace/ros2_ws/install/turtlebot3_msgs:/workspace/ros2_ws/install/turtlebot3_manipulation_gazebo:/workspace/ros2_ws/install/turtlebot3_gazebo:/workspace/ros2_ws/install/turtlebot3_description:/workspace/ros2_ws/install/turtlebot3_cartographer:/workspace/ros2_ws/install/interfaz_servicio_suma:/workspace/ros2_ws/install/interfaz:/workspace/install/interfaz_servicio_suma:/workspace/ros2_ws/src/install/servicio_suma:/workspace/ros2_ws/src/install/primer_paquete:/workspace/ros2_ws/src/install/paquete1:/workspace/ros2_ws/src/install/mi_accion:/workspace/ros2_ws/src/install/maze_pkg:/workspace/ros2_ws/install/turtlebot3_teleop:/workspace/ros2_ws/install/turtlebot3_example:/workspace/ros2_ws/install/servicio_suma:/workspace/ros2_ws/install/service_temp:/workspace/ros2_ws/install/primer_paquete:/workspace/ros2_ws/install/paquete1:/workspace/ros2_ws/install/p3_pkg:/workspace/ros2_ws/install/p2pkg:/workspace/ros2_ws/install/mi_accion:/workspace/ros2_ws/install/battery_act:/workspace/install/servicio_suma:/opt/ros/humble LD_LIBRARY_PATH=/workspace/ros2_ws/src/install/turtlebot3_msgs/lib:${LD_LIBRARY_PATH} PYTHONPATH=/workspace/ros2_ws/src/install/turtlebot3_msgs/local/lib/python3.10/dist-packages:${PYTHONPATH} /usr/bin/cmake --build /workspace/ros2_ws/src/build/turtlebot3_node -- -j12 -l12
[25.243s] Invoking command in '/workspace/ros2_ws/src/build/turtlebot3_node': AMENT_PREFIX_PATH=/workspace/ros2_ws/src/install/turtlebot3_msgs:${AMENT_PREFIX_PATH} CMAKE_PREFIX_PATH=/workspace/ros2_ws/src/install/turtlebot3_msgs:/workspace/ros2_ws/src/install/vicpaq:/workspace/ros2_ws/src/install/p2pkg:/workspace/ros2_ws/src/install/interfaz_servicio_suma:/workspace/ros2_ws/src/install/interfaz-p2:/workspace/ros2_ws/src/install/interfaz:/workspace/ros2_ws/install/vicpaq:/workspace/ros2_ws/install/turtlebot3:/workspace/ros2_ws/install/turtlebot3_simulations:/workspace/ros2_ws/install/turtlebot3_bringup:/workspace/ros2_ws/install/turtlebot3_node:/workspace/ros2_ws/install/turtlebot3_navigation2:/workspace/ros2_ws/install/turtlebot3_fake_node:/workspace/ros2_ws/install/turtlebot3_msgs:/workspace/ros2_ws/install/turtlebot3_manipulation_gazebo:/workspace/ros2_ws/install/turtlebot3_gazebo:/workspace/ros2_ws/install/turtlebot3_description:/workspace/ros2_ws/install/turtlebot3_cartographer:/workspace/ros2_ws/install/interfaz_servicio_suma:/workspace/ros2_ws/install/interfaz:/workspace/install/interfaz_servicio_suma:/workspace/ros2_ws/src/install/servicio_suma:/workspace/ros2_ws/src/install/primer_paquete:/workspace/ros2_ws/src/install/paquete1:/workspace/ros2_ws/src/install/mi_accion:/workspace/ros2_ws/src/install/maze_pkg:/workspace/ros2_ws/install/turtlebot3_teleop:/workspace/ros2_ws/install/turtlebot3_example:/workspace/ros2_ws/install/servicio_suma:/workspace/ros2_ws/install/service_temp:/workspace/ros2_ws/install/primer_paquete:/workspace/ros2_ws/install/paquete1:/workspace/ros2_ws/install/p3_pkg:/workspace/ros2_ws/install/p2pkg:/workspace/ros2_ws/install/mi_accion:/workspace/ros2_ws/install/battery_act:/workspace/install/servicio_suma:/opt/ros/humble LD_LIBRARY_PATH=/workspace/ros2_ws/src/install/turtlebot3_msgs/lib:${LD_LIBRARY_PATH} PYTHONPATH=/workspace/ros2_ws/src/install/turtlebot3_msgs/local/lib/python3.10/dist-packages:${PYTHONPATH} /usr/bin/cmake --install /workspace/ros2_ws/src/build/turtlebot3_node
[25.250s] -- Install configuration: ""
[25.250s] -- Installing: /workspace/ros2_ws/src/install/turtlebot3_node/share/turtlebot3_node/param
[25.250s] -- Installing: /workspace/ros2_ws/src/install/turtlebot3_node/share/turtlebot3_node/param/waffle_pi.yaml
[25.250s] -- Installing: /workspace/ros2_ws/src/install/turtlebot3_node/share/turtlebot3_node/param/waffle.yaml
[25.251s] -- Installing: /workspace/ros2_ws/src/install/turtlebot3_node/share/turtlebot3_node/param/burger.yaml
[25.251s] -- Installing: /workspace/ros2_ws/src/install/turtlebot3_node/lib/turtlebot3_node/turtlebot3_ros
[25.258s] -- Set runtime path of "/workspace/ros2_ws/src/install/turtlebot3_node/lib/turtlebot3_node/turtlebot3_ros" to ""
[25.259s] -- Installing: /workspace/ros2_ws/src/install/turtlebot3_node/share/ament_index/resource_index/package_run_dependencies/turtlebot3_node
[25.259s] -- Installing: /workspace/ros2_ws/src/install/turtlebot3_node/share/ament_index/resource_index/parent_prefix_path/turtlebot3_node
[25.259s] -- Installing: /workspace/ros2_ws/src/install/turtlebot3_node/share/turtlebot3_node/environment/ament_prefix_path.sh
[25.259s] -- Installing: /workspace/ros2_ws/src/install/turtlebot3_node/share/turtlebot3_node/environment/ament_prefix_path.dsv
[25.259s] -- Installing: /workspace/ros2_ws/src/install/turtlebot3_node/share/turtlebot3_node/environment/path.sh
[25.259s] -- Installing: /workspace/ros2_ws/src/install/turtlebot3_node/share/turtlebot3_node/environment/path.dsv
[25.259s] -- Installing: /workspace/ros2_ws/src/install/turtlebot3_node/share/turtlebot3_node/local_setup.bash
[25.259s] -- Installing: /workspace/ros2_ws/src/install/turtlebot3_node/share/turtlebot3_node/local_setup.sh
[25.259s] -- Installing: /workspace/ros2_ws/src/install/turtlebot3_node/share/turtlebot3_node/local_setup.zsh
[25.259s] -- Installing: /workspace/ros2_ws/src/install/turtlebot3_node/share/turtlebot3_node/local_setup.dsv
[25.260s] -- Installing: /workspace/ros2_ws/src/install/turtlebot3_node/share/turtlebot3_node/package.dsv
[25.260s] -- Installing: /workspace/ros2_ws/src/install/turtlebot3_node/share/ament_index/resource_index/packages/turtlebot3_node
[25.260s] -- Installing: /workspace/ros2_ws/src/install/turtlebot3_node/share/turtlebot3_node/cmake/ament_cmake_export_dependencies-extras.cmake
[25.260s] -- Installing: /workspace/ros2_ws/src/install/turtlebot3_node/share/turtlebot3_node/cmake/ament_cmake_export_include_directories-extras.cmake
[25.260s] -- Installing: /workspace/ros2_ws/src/install/turtlebot3_node/share/turtlebot3_node/cmake/turtlebot3_nodeConfig.cmake
[25.260s] -- Installing: /workspace/ros2_ws/src/install/turtlebot3_node/share/turtlebot3_node/cmake/turtlebot3_nodeConfig-version.cmake
[25.260s] -- Installing: /workspace/ros2_ws/src/install/turtlebot3_node/share/turtlebot3_node/package.xml
[25.261s] Invoked command in '/workspace/ros2_ws/src/build/turtlebot3_node' returned '0': AMENT_PREFIX_PATH=/workspace/ros2_ws/src/install/turtlebot3_msgs:${AMENT_PREFIX_PATH} CMAKE_PREFIX_PATH=/workspace/ros2_ws/src/install/turtlebot3_msgs:/workspace/ros2_ws/src/install/vicpaq:/workspace/ros2_ws/src/install/p2pkg:/workspace/ros2_ws/src/install/interfaz_servicio_suma:/workspace/ros2_ws/src/install/interfaz-p2:/workspace/ros2_ws/src/install/interfaz:/workspace/ros2_ws/install/vicpaq:/workspace/ros2_ws/install/turtlebot3:/workspace/ros2_ws/install/turtlebot3_simulations:/workspace/ros2_ws/install/turtlebot3_bringup:/workspace/ros2_ws/install/turtlebot3_node:/workspace/ros2_ws/install/turtlebot3_navigation2:/workspace/ros2_ws/install/turtlebot3_fake_node:/workspace/ros2_ws/install/turtlebot3_msgs:/workspace/ros2_ws/install/turtlebot3_manipulation_gazebo:/workspace/ros2_ws/install/turtlebot3_gazebo:/workspace/ros2_ws/install/turtlebot3_description:/workspace/ros2_ws/install/turtlebot3_cartographer:/workspace/ros2_ws/install/interfaz_servicio_suma:/workspace/ros2_ws/install/interfaz:/workspace/install/interfaz_servicio_suma:/workspace/ros2_ws/src/install/servicio_suma:/workspace/ros2_ws/src/install/primer_paquete:/workspace/ros2_ws/src/install/paquete1:/workspace/ros2_ws/src/install/mi_accion:/workspace/ros2_ws/src/install/maze_pkg:/workspace/ros2_ws/install/turtlebot3_teleop:/workspace/ros2_ws/install/turtlebot3_example:/workspace/ros2_ws/install/servicio_suma:/workspace/ros2_ws/install/service_temp:/workspace/ros2_ws/install/primer_paquete:/workspace/ros2_ws/install/paquete1:/workspace/ros2_ws/install/p3_pkg:/workspace/ros2_ws/install/p2pkg:/workspace/ros2_ws/install/mi_accion:/workspace/ros2_ws/install/battery_act:/workspace/install/servicio_suma:/opt/ros/humble LD_LIBRARY_PATH=/workspace/ros2_ws/src/install/turtlebot3_msgs/lib:${LD_LIBRARY_PATH} PYTHONPATH=/workspace/ros2_ws/src/install/turtlebot3_msgs/local/lib/python3.10/dist-packages:${PYTHONPATH} /usr/bin/cmake --install /workspace/ros2_ws/src/build/turtlebot3_node
