[0.070s] Invoking command in '/workspace/ros2_ws/build/interfaz': CMAKE_PREFIX_PATH=${CMAKE_PREFIX_PATH}:/workspace/ros2_ws/install/voice_bot_pkg:/workspace/ros2_ws/install/turtlebot3_teleop:/workspace/ros2_ws/install/turtlebot3_example:/workspace/ros2_ws/install/servicio_suma:/workspace/ros2_ws/install/service_temp:/workspace/ros2_ws/install/recolector_pkg:/workspace/ros2_ws/install/primer_paquete:/workspace/ros2_ws/install/paquete1:/workspace/ros2_ws/install/p3_pkg:/workspace/ros2_ws/install/p2pkg:/workspace/ros2_ws/install/mi_accion:/workspace/ros2_ws/install/maze_pkg:/workspace/ros2_ws/install/battery_act:/workspace/ros2_ws/src/voice_bot_pkg/install/voice_bot_pkg:/workspace/install/servicio_suma:/opt/ros/humble /usr/bin/cmake --build /workspace/ros2_ws/build/interfaz -- -j12 -l12
[0.174s] [  1%] Built target interfaz__cpp
[0.174s] [ 12%] Built target interfaz__rosidl_generator_c
[0.226s] [ 12%] Built target ament_cmake_python_symlink_interfaz
[0.283s] [ 23%] Built target interfaz__rosidl_typesupport_fastrtps_c
[0.295s] [ 35%] Built target interfaz__rosidl_typesupport_introspection_cpp
[0.297s] [ 46%] Built target interfaz__rosidl_typesupport_c
[0.301s] [ 66%] Built target interfaz__rosidl_typesupport_introspection_c
[0.303s] [ 78%] Built target interfaz__rosidl_typesupport_cpp
[0.304s] [ 80%] Built target interfaz__rosidl_typesupport_fastrtps_cpp
[0.345s] [ 80%] Built target interfaz
[0.365s] [ 81%] Built target interfaz__py
[0.404s] [ 91%] Built target interfaz__rosidl_generator_py
[0.435s] [ 94%] Built target interfaz__rosidl_typesupport_fastrtps_c__pyext
[0.436s] [ 97%] Built target interfaz__rosidl_typesupport_introspection_c__pyext
[0.439s] [100%] Built target interfaz__rosidl_typesupport_c__pyext
[0.577s] running egg_info
[0.578s] writing interfaz.egg-info/PKG-INFO
[0.578s] writing dependency_links to interfaz.egg-info/dependency_links.txt
[0.578s] writing top-level names to interfaz.egg-info/top_level.txt
[0.580s] reading manifest file 'interfaz.egg-info/SOURCES.txt'
[0.581s] writing manifest file 'interfaz.egg-info/SOURCES.txt'
[0.604s] [100%] Built target ament_cmake_python_build_interfaz_egg
[1.195s] Invoked command in '/workspace/ros2_ws/build/interfaz' returned '0': CMAKE_PREFIX_PATH=${CMAKE_PREFIX_PATH}:/workspace/ros2_ws/install/voice_bot_pkg:/workspace/ros2_ws/install/turtlebot3_teleop:/workspace/ros2_ws/install/turtlebot3_example:/workspace/ros2_ws/install/servicio_suma:/workspace/ros2_ws/install/service_temp:/workspace/ros2_ws/install/recolector_pkg:/workspace/ros2_ws/install/primer_paquete:/workspace/ros2_ws/install/paquete1:/workspace/ros2_ws/install/p3_pkg:/workspace/ros2_ws/install/p2pkg:/workspace/ros2_ws/install/mi_accion:/workspace/ros2_ws/install/maze_pkg:/workspace/ros2_ws/install/battery_act:/workspace/ros2_ws/src/voice_bot_pkg/install/voice_bot_pkg:/workspace/install/servicio_suma:/opt/ros/humble /usr/bin/cmake --build /workspace/ros2_ws/build/interfaz -- -j12 -l12
[1.195s] Invoking command in '/workspace/ros2_ws/build/interfaz': CMAKE_PREFIX_PATH=${CMAKE_PREFIX_PATH}:/workspace/ros2_ws/install/voice_bot_pkg:/workspace/ros2_ws/install/turtlebot3_teleop:/workspace/ros2_ws/install/turtlebot3_example:/workspace/ros2_ws/install/servicio_suma:/workspace/ros2_ws/install/service_temp:/workspace/ros2_ws/install/recolector_pkg:/workspace/ros2_ws/install/primer_paquete:/workspace/ros2_ws/install/paquete1:/workspace/ros2_ws/install/p3_pkg:/workspace/ros2_ws/install/p2pkg:/workspace/ros2_ws/install/mi_accion:/workspace/ros2_ws/install/maze_pkg:/workspace/ros2_ws/install/battery_act:/workspace/ros2_ws/src/voice_bot_pkg/install/voice_bot_pkg:/workspace/install/servicio_suma:/opt/ros/humble /usr/bin/cmake --install /workspace/ros2_ws/build/interfaz
[1.217s] -- Install configuration: ""
[1.217s] -- Execute custom install script
[1.218s] -- Up-to-date symlink: /workspace/ros2_ws/install/interfaz/share/ament_index/resource_index/rosidl_interfaces/interfaz
[1.218s] -- Up-to-date symlink: /workspace/ros2_ws/install/interfaz/include/interfaz/interfaz/action/battery.h
[1.218s] -- Up-to-date symlink: /workspace/ros2_ws/install/interfaz/include/interfaz/interfaz/action/detail/battery__functions.h
[1.218s] -- Up-to-date symlink: /workspace/ros2_ws/install/interfaz/include/interfaz/interfaz/action/detail/battery__struct.h
[1.219s] -- Up-to-date symlink: /workspace/ros2_ws/install/interfaz/include/interfaz/interfaz/action/detail/battery__type_support.h
[1.219s] -- Up-to-date symlink: /workspace/ros2_ws/install/interfaz/include/interfaz/interfaz/action/detail/ej_fibonacci__functions.h
[1.220s] -- Up-to-date symlink: /workspace/ros2_ws/install/interfaz/include/interfaz/interfaz/action/detail/ej_fibonacci__struct.h
[1.220s] -- Up-to-date symlink: /workspace/ros2_ws/install/interfaz/include/interfaz/interfaz/action/detail/ej_fibonacci__type_support.h
[1.220s] -- Up-to-date symlink: /workspace/ros2_ws/install/interfaz/include/interfaz/interfaz/action/detail/fibonacci__functions.h
[1.220s] -- Up-to-date symlink: /workspace/ros2_ws/install/interfaz/include/interfaz/interfaz/action/detail/fibonacci__struct.h
[1.221s] -- Up-to-date symlink: /workspace/ros2_ws/install/interfaz/include/interfaz/interfaz/action/detail/fibonacci__type_support.h
[1.221s] -- Up-to-date symlink: /workspace/ros2_ws/install/interfaz/include/interfaz/interfaz/action/ej_fibonacci.h
[1.221s] -- Up-to-date symlink: /workspace/ros2_ws/install/interfaz/include/interfaz/interfaz/action/fibonacci.h
[1.221s] -- Up-to-date symlink: /workspace/ros2_ws/install/interfaz/include/interfaz/interfaz/msg/detail/mi_mensaje__functions.h
[1.222s] -- Up-to-date symlink: /workspace/ros2_ws/install/interfaz/include/interfaz/interfaz/msg/detail/mi_mensaje__struct.h
[1.222s] -- Up-to-date symlink: /workspace/ros2_ws/install/interfaz/include/interfaz/interfaz/msg/detail/mi_mensaje__type_support.h
[1.222s] -- Up-to-date symlink: /workspace/ros2_ws/install/interfaz/include/interfaz/interfaz/msg/detail/p2pkg_mensaje__functions.h
[1.222s] -- Up-to-date symlink: /workspace/ros2_ws/install/interfaz/include/interfaz/interfaz/msg/detail/p2pkg_mensaje__struct.h
[1.222s] -- Up-to-date symlink: /workspace/ros2_ws/install/interfaz/include/interfaz/interfaz/msg/detail/p2pkg_mensaje__type_support.h
[1.222s] -- Up-to-date symlink: /workspace/ros2_ws/install/interfaz/include/interfaz/interfaz/msg/mi_mensaje.h
[1.223s] -- Up-to-date symlink: /workspace/ros2_ws/install/interfaz/include/interfaz/interfaz/msg/p2pkg_mensaje.h
[1.223s] -- Up-to-date symlink: /workspace/ros2_ws/install/interfaz/include/interfaz/interfaz/msg/rosidl_generator_c__visibility_control.h
[1.223s] -- Up-to-date symlink: /workspace/ros2_ws/install/interfaz/include/interfaz/interfaz/srv/convert_temp.h
[1.223s] -- Up-to-date symlink: /workspace/ros2_ws/install/interfaz/include/interfaz/interfaz/srv/detail/convert_temp__functions.h
[1.223s] -- Up-to-date symlink: /workspace/ros2_ws/install/interfaz/include/interfaz/interfaz/srv/detail/convert_temp__struct.h
[1.223s] -- Up-to-date symlink: /workspace/ros2_ws/install/interfaz/include/interfaz/interfaz/srv/detail/convert_temp__type_support.h
[1.223s] -- Up-to-date symlink: /workspace/ros2_ws/install/interfaz/share/interfaz/environment/library_path.sh
[1.224s] -- Up-to-date symlink: /workspace/ros2_ws/install/interfaz/share/interfaz/environment/library_path.dsv
[1.224s] -- Up-to-date symlink: /workspace/ros2_ws/install/interfaz/include/interfaz/interfaz/action/detail/battery__rosidl_typesupport_fastrtps_c.h
[1.224s] -- Up-to-date symlink: /workspace/ros2_ws/install/interfaz/include/interfaz/interfaz/action/detail/ej_fibonacci__rosidl_typesupport_fastrtps_c.h
[1.224s] -- Up-to-date symlink: /workspace/ros2_ws/install/interfaz/include/interfaz/interfaz/action/detail/fibonacci__rosidl_typesupport_fastrtps_c.h
[1.224s] -- Up-to-date symlink: /workspace/ros2_ws/install/interfaz/include/interfaz/interfaz/msg/detail/mi_mensaje__rosidl_typesupport_fastrtps_c.h
[1.225s] -- Up-to-date symlink: /workspace/ros2_ws/install/interfaz/include/interfaz/interfaz/msg/detail/p2pkg_mensaje__rosidl_typesupport_fastrtps_c.h
[1.225s] -- Up-to-date symlink: /workspace/ros2_ws/install/interfaz/include/interfaz/interfaz/msg/rosidl_typesupport_fastrtps_c__visibility_control.h
[1.225s] -- Up-to-date symlink: /workspace/ros2_ws/install/interfaz/include/interfaz/interfaz/srv/detail/convert_temp__rosidl_typesupport_fastrtps_c.h
[1.225s] -- Up-to-date symlink: /workspace/ros2_ws/install/interfaz/include/interfaz/interfaz/action/battery.hpp
[1.225s] -- Up-to-date symlink: /workspace/ros2_ws/install/interfaz/include/interfaz/interfaz/action/detail/battery__builder.hpp
[1.226s] -- Up-to-date symlink: /workspace/ros2_ws/install/interfaz/include/interfaz/interfaz/action/detail/battery__struct.hpp
[1.226s] -- Up-to-date symlink: /workspace/ros2_ws/install/interfaz/include/interfaz/interfaz/action/detail/battery__traits.hpp
[1.226s] -- Up-to-date symlink: /workspace/ros2_ws/install/interfaz/include/interfaz/interfaz/action/detail/battery__type_support.hpp
[1.226s] -- Up-to-date symlink: /workspace/ros2_ws/install/interfaz/include/interfaz/interfaz/action/detail/ej_fibonacci__builder.hpp
[1.226s] -- Up-to-date symlink: /workspace/ros2_ws/install/interfaz/include/interfaz/interfaz/action/detail/ej_fibonacci__struct.hpp
[1.226s] -- Up-to-date symlink: /workspace/ros2_ws/install/interfaz/include/interfaz/interfaz/action/detail/ej_fibonacci__traits.hpp
[1.227s] -- Up-to-date symlink: /workspace/ros2_ws/install/interfaz/include/interfaz/interfaz/action/detail/ej_fibonacci__type_support.hpp
[1.227s] -- Up-to-date symlink: /workspace/ros2_ws/install/interfaz/include/interfaz/interfaz/action/detail/fibonacci__builder.hpp
[1.227s] -- Up-to-date symlink: /workspace/ros2_ws/install/interfaz/include/interfaz/interfaz/action/detail/fibonacci__struct.hpp
[1.227s] -- Up-to-date symlink: /workspace/ros2_ws/install/interfaz/include/interfaz/interfaz/action/detail/fibonacci__traits.hpp
[1.227s] -- Up-to-date symlink: /workspace/ros2_ws/install/interfaz/include/interfaz/interfaz/action/detail/fibonacci__type_support.hpp
[1.227s] -- Up-to-date symlink: /workspace/ros2_ws/install/interfaz/include/interfaz/interfaz/action/ej_fibonacci.hpp
[1.228s] -- Up-to-date symlink: /workspace/ros2_ws/install/interfaz/include/interfaz/interfaz/action/fibonacci.hpp
[1.228s] -- Up-to-date symlink: /workspace/ros2_ws/install/interfaz/include/interfaz/interfaz/msg/detail/mi_mensaje__builder.hpp
[1.228s] -- Up-to-date symlink: /workspace/ros2_ws/install/interfaz/include/interfaz/interfaz/msg/detail/mi_mensaje__struct.hpp
[1.229s] -- Up-to-date symlink: /workspace/ros2_ws/install/interfaz/include/interfaz/interfaz/msg/detail/mi_mensaje__traits.hpp
[1.229s] -- Up-to-date symlink: /workspace/ros2_ws/install/interfaz/include/interfaz/interfaz/msg/detail/mi_mensaje__type_support.hpp
[1.229s] -- Up-to-date symlink: /workspace/ros2_ws/install/interfaz/include/interfaz/interfaz/msg/detail/p2pkg_mensaje__builder.hpp
[1.230s] -- Up-to-date symlink: /workspace/ros2_ws/install/interfaz/include/interfaz/interfaz/msg/detail/p2pkg_mensaje__struct.hpp
[1.230s] -- Up-to-date symlink: /workspace/ros2_ws/install/interfaz/include/interfaz/interfaz/msg/detail/p2pkg_mensaje__traits.hpp
[1.236s] -- Up-to-date symlink: /workspace/ros2_ws/install/interfaz/include/interfaz/interfaz/msg/detail/p2pkg_mensaje__type_support.hpp
[1.237s] -- Up-to-date symlink: /workspace/ros2_ws/install/interfaz/include/interfaz/interfaz/msg/mi_mensaje.hpp
[1.237s] -- Up-to-date symlink: /workspace/ros2_ws/install/interfaz/include/interfaz/interfaz/msg/p2pkg_mensaje.hpp
[1.237s] -- Up-to-date symlink: /workspace/ros2_ws/install/interfaz/include/interfaz/interfaz/msg/rosidl_generator_cpp__visibility_control.hpp
[1.237s] -- Up-to-date symlink: /workspace/ros2_ws/install/interfaz/include/interfaz/interfaz/srv/convert_temp.hpp
[1.238s] -- Up-to-date symlink: /workspace/ros2_ws/install/interfaz/include/interfaz/interfaz/srv/detail/convert_temp__builder.hpp
[1.238s] -- Up-to-date symlink: /workspace/ros2_ws/install/interfaz/include/interfaz/interfaz/srv/detail/convert_temp__struct.hpp
[1.238s] -- Up-to-date symlink: /workspace/ros2_ws/install/interfaz/include/interfaz/interfaz/srv/detail/convert_temp__traits.hpp
[1.238s] -- Up-to-date symlink: /workspace/ros2_ws/install/interfaz/include/interfaz/interfaz/srv/detail/convert_temp__type_support.hpp
[1.242s] -- Up-to-date symlink: /workspace/ros2_ws/install/interfaz/include/interfaz/interfaz/action/detail/battery__rosidl_typesupport_fastrtps_cpp.hpp
[1.243s] -- Up-to-date symlink: /workspace/ros2_ws/install/interfaz/include/interfaz/interfaz/action/detail/ej_fibonacci__rosidl_typesupport_fastrtps_cpp.hpp
[1.243s] -- Up-to-date symlink: /workspace/ros2_ws/install/interfaz/include/interfaz/interfaz/action/detail/fibonacci__rosidl_typesupport_fastrtps_cpp.hpp
[1.243s] -- Up-to-date symlink: /workspace/ros2_ws/install/interfaz/include/interfaz/interfaz/msg/detail/mi_mensaje__rosidl_typesupport_fastrtps_cpp.hpp
[1.246s] -- Up-to-date symlink: /workspace/ros2_ws/install/interfaz/include/interfaz/interfaz/msg/detail/p2pkg_mensaje__rosidl_typesupport_fastrtps_cpp.hpp
[1.246s] -- Up-to-date symlink: /workspace/ros2_ws/install/interfaz/include/interfaz/interfaz/msg/rosidl_typesupport_fastrtps_cpp__visibility_control.h
[1.247s] -- Up-to-date symlink: /workspace/ros2_ws/install/interfaz/include/interfaz/interfaz/srv/detail/convert_temp__rosidl_typesupport_fastrtps_cpp.hpp
[1.248s] -- Up-to-date symlink: /workspace/ros2_ws/install/interfaz/include/interfaz/interfaz/action/detail/battery__rosidl_typesupport_introspection_c.h
[1.249s] -- Up-to-date symlink: /workspace/ros2_ws/install/interfaz/include/interfaz/interfaz/action/detail/ej_fibonacci__rosidl_typesupport_introspection_c.h
[1.249s] -- Up-to-date symlink: /workspace/ros2_ws/install/interfaz/include/interfaz/interfaz/action/detail/fibonacci__rosidl_typesupport_introspection_c.h
[1.249s] -- Up-to-date symlink: /workspace/ros2_ws/install/interfaz/include/interfaz/interfaz/msg/detail/mi_mensaje__rosidl_typesupport_introspection_c.h
[1.249s] -- Up-to-date symlink: /workspace/ros2_ws/install/interfaz/include/interfaz/interfaz/msg/detail/p2pkg_mensaje__rosidl_typesupport_introspection_c.h
[1.249s] -- Up-to-date symlink: /workspace/ros2_ws/install/interfaz/include/interfaz/interfaz/msg/rosidl_typesupport_introspection_c__visibility_control.h
[1.250s] -- Up-to-date symlink: /workspace/ros2_ws/install/interfaz/include/interfaz/interfaz/srv/detail/convert_temp__rosidl_typesupport_introspection_c.h
[1.250s] -- Up-to-date symlink: /workspace/ros2_ws/install/interfaz/include/interfaz/interfaz/action/detail/battery__rosidl_typesupport_introspection_cpp.hpp
[1.250s] -- Up-to-date symlink: /workspace/ros2_ws/install/interfaz/include/interfaz/interfaz/action/detail/ej_fibonacci__rosidl_typesupport_introspection_cpp.hpp
[1.251s] -- Up-to-date symlink: /workspace/ros2_ws/install/interfaz/include/interfaz/interfaz/action/detail/fibonacci__rosidl_typesupport_introspection_cpp.hpp
[1.251s] -- Up-to-date symlink: /workspace/ros2_ws/install/interfaz/include/interfaz/interfaz/msg/detail/mi_mensaje__rosidl_typesupport_introspection_cpp.hpp
[1.252s] -- Up-to-date symlink: /workspace/ros2_ws/install/interfaz/include/interfaz/interfaz/msg/detail/p2pkg_mensaje__rosidl_typesupport_introspection_cpp.hpp
[1.252s] -- Up-to-date symlink: /workspace/ros2_ws/install/interfaz/include/interfaz/interfaz/srv/detail/convert_temp__rosidl_typesupport_introspection_cpp.hpp
[1.252s] -- Up-to-date symlink: /workspace/ros2_ws/install/interfaz/share/interfaz/environment/pythonpath.sh
[1.252s] -- Up-to-date symlink: /workspace/ros2_ws/install/interfaz/share/interfaz/environment/pythonpath.dsv
[1.254s] -- Up-to-date symlink: /workspace/ros2_ws/install/interfaz/local/lib/python3.10/dist-packages/interfaz-0.0.0-py3.10.egg-info/PKG-INFO
[1.254s] -- Up-to-date symlink: /workspace/ros2_ws/install/interfaz/local/lib/python3.10/dist-packages/interfaz-0.0.0-py3.10.egg-info/SOURCES.txt
[1.254s] -- Up-to-date symlink: /workspace/ros2_ws/install/interfaz/local/lib/python3.10/dist-packages/interfaz-0.0.0-py3.10.egg-info/dependency_links.txt
[1.254s] -- Up-to-date symlink: /workspace/ros2_ws/install/interfaz/local/lib/python3.10/dist-packages/interfaz-0.0.0-py3.10.egg-info/top_level.txt
[1.255s] -- Up-to-date symlink: /workspace/ros2_ws/install/interfaz/local/lib/python3.10/dist-packages/interfaz/__init__.py
[1.256s] -- Up-to-date symlink: /workspace/ros2_ws/install/interfaz/local/lib/python3.10/dist-packages/interfaz/_interfaz_s.ep.rosidl_typesupport_c.c
[1.256s] -- Up-to-date symlink: /workspace/ros2_ws/install/interfaz/local/lib/python3.10/dist-packages/interfaz/_interfaz_s.ep.rosidl_typesupport_fastrtps_c.c
[1.256s] -- Up-to-date symlink: /workspace/ros2_ws/install/interfaz/local/lib/python3.10/dist-packages/interfaz/_interfaz_s.ep.rosidl_typesupport_introspection_c.c
[1.256s] -- Up-to-date symlink: /workspace/ros2_ws/install/interfaz/local/lib/python3.10/dist-packages/interfaz/action/__init__.py
[1.256s] -- Up-to-date symlink: /workspace/ros2_ws/install/interfaz/local/lib/python3.10/dist-packages/interfaz/action/_battery.py
[1.256s] -- Up-to-date symlink: /workspace/ros2_ws/install/interfaz/local/lib/python3.10/dist-packages/interfaz/action/_battery_s.c
[1.257s] -- Up-to-date symlink: /workspace/ros2_ws/install/interfaz/local/lib/python3.10/dist-packages/interfaz/action/_ej_fibonacci.py
[1.257s] -- Up-to-date symlink: /workspace/ros2_ws/install/interfaz/local/lib/python3.10/dist-packages/interfaz/action/_ej_fibonacci_s.c
[1.257s] -- Up-to-date symlink: /workspace/ros2_ws/install/interfaz/local/lib/python3.10/dist-packages/interfaz/action/_fibonacci.py
[1.258s] -- Up-to-date symlink: /workspace/ros2_ws/install/interfaz/local/lib/python3.10/dist-packages/interfaz/action/_fibonacci_s.c
[1.258s] -- Up-to-date symlink: /workspace/ros2_ws/install/interfaz/local/lib/python3.10/dist-packages/interfaz/interfaz_s__rosidl_typesupport_c.cpython-310-x86_64-linux-gnu.so
[1.259s] -- Up-to-date symlink: /workspace/ros2_ws/install/interfaz/local/lib/python3.10/dist-packages/interfaz/interfaz_s__rosidl_typesupport_fastrtps_c.cpython-310-x86_64-linux-gnu.so
[1.259s] -- Up-to-date symlink: /workspace/ros2_ws/install/interfaz/local/lib/python3.10/dist-packages/interfaz/interfaz_s__rosidl_typesupport_introspection_c.cpython-310-x86_64-linux-gnu.so
[1.259s] -- Up-to-date symlink: /workspace/ros2_ws/install/interfaz/local/lib/python3.10/dist-packages/interfaz/libinterfaz__rosidl_generator_py.so
[1.259s] -- Up-to-date symlink: /workspace/ros2_ws/install/interfaz/local/lib/python3.10/dist-packages/interfaz/msg/__init__.py
[1.260s] -- Up-to-date symlink: /workspace/ros2_ws/install/interfaz/local/lib/python3.10/dist-packages/interfaz/msg/_mi_mensaje.py
[1.260s] -- Up-to-date symlink: /workspace/ros2_ws/install/interfaz/local/lib/python3.10/dist-packages/interfaz/msg/_mi_mensaje_s.c
[1.260s] -- Up-to-date symlink: /workspace/ros2_ws/install/interfaz/local/lib/python3.10/dist-packages/interfaz/msg/_p2pkg_mensaje.py
[1.261s] -- Up-to-date symlink: /workspace/ros2_ws/install/interfaz/local/lib/python3.10/dist-packages/interfaz/msg/_p2pkg_mensaje_s.c
[1.261s] -- Up-to-date symlink: /workspace/ros2_ws/install/interfaz/local/lib/python3.10/dist-packages/interfaz/srv/__init__.py
[1.261s] -- Up-to-date symlink: /workspace/ros2_ws/install/interfaz/local/lib/python3.10/dist-packages/interfaz/srv/_convert_temp.py
[1.262s] -- Up-to-date symlink: /workspace/ros2_ws/install/interfaz/local/lib/python3.10/dist-packages/interfaz/srv/_convert_temp_s.c
[1.262s] -- Up-to-date symlink: /workspace/ros2_ws/install/interfaz/local/lib/python3.10/dist-packages/interfaz/interfaz_s__rosidl_typesupport_fastrtps_c.cpython-310-x86_64-linux-gnu.so
[1.262s] -- Up-to-date symlink: /workspace/ros2_ws/install/interfaz/local/lib/python3.10/dist-packages/interfaz/interfaz_s__rosidl_typesupport_introspection_c.cpython-310-x86_64-linux-gnu.so
[1.263s] -- Up-to-date symlink: /workspace/ros2_ws/install/interfaz/local/lib/python3.10/dist-packages/interfaz/interfaz_s__rosidl_typesupport_c.cpython-310-x86_64-linux-gnu.so
[1.263s] -- Up-to-date symlink: /workspace/ros2_ws/install/interfaz/share/interfaz/msg/MiMensaje.idl
[1.264s] -- Up-to-date symlink: /workspace/ros2_ws/install/interfaz/share/interfaz/msg/P2pkgMensaje.idl
[1.265s] -- Up-to-date symlink: /workspace/ros2_ws/install/interfaz/share/interfaz/action/Fibonacci.idl
[1.266s] -- Up-to-date symlink: /workspace/ros2_ws/install/interfaz/share/interfaz/action/EjFibonacci.idl
[1.267s] -- Up-to-date symlink: /workspace/ros2_ws/install/interfaz/share/interfaz/srv/ConvertTemp.idl
[1.268s] -- Up-to-date symlink: /workspace/ros2_ws/install/interfaz/share/interfaz/action/Battery.idl
[1.270s] -- Up-to-date symlink: /workspace/ros2_ws/install/interfaz/share/interfaz/msg/MiMensaje.msg
[1.271s] -- Up-to-date symlink: /workspace/ros2_ws/install/interfaz/share/interfaz/msg/P2pkgMensaje.msg
[1.271s] -- Up-to-date symlink: /workspace/ros2_ws/install/interfaz/share/interfaz/action/Fibonacci.action
[1.272s] -- Up-to-date symlink: /workspace/ros2_ws/install/interfaz/share/interfaz/action/EjFibonacci.action
[1.272s] -- Up-to-date symlink: /workspace/ros2_ws/install/interfaz/share/interfaz/srv/ConvertTemp.srv
[1.273s] -- Up-to-date symlink: /workspace/ros2_ws/install/interfaz/share/interfaz/srv/ConvertTemp_Request.msg
[1.273s] -- Up-to-date symlink: /workspace/ros2_ws/install/interfaz/share/interfaz/srv/ConvertTemp_Response.msg
[1.273s] -- Up-to-date symlink: /workspace/ros2_ws/install/interfaz/share/interfaz/action/Battery.action
[1.273s] -- Up-to-date symlink: /workspace/ros2_ws/install/interfaz/share/ament_index/resource_index/package_run_dependencies/interfaz
[1.274s] -- Up-to-date symlink: /workspace/ros2_ws/install/interfaz/share/ament_index/resource_index/parent_prefix_path/interfaz
[1.274s] -- Up-to-date symlink: /workspace/ros2_ws/install/interfaz/share/interfaz/environment/ament_prefix_path.sh
[1.274s] -- Up-to-date symlink: /workspace/ros2_ws/install/interfaz/share/interfaz/environment/ament_prefix_path.dsv
[1.274s] -- Up-to-date symlink: /workspace/ros2_ws/install/interfaz/share/interfaz/environment/path.sh
[1.274s] -- Up-to-date symlink: /workspace/ros2_ws/install/interfaz/share/interfaz/environment/path.dsv
[1.275s] -- Up-to-date symlink: /workspace/ros2_ws/install/interfaz/share/interfaz/local_setup.bash
[1.275s] -- Up-to-date symlink: /workspace/ros2_ws/install/interfaz/share/interfaz/local_setup.sh
[1.275s] -- Up-to-date symlink: /workspace/ros2_ws/install/interfaz/share/interfaz/local_setup.zsh
[1.275s] -- Up-to-date symlink: /workspace/ros2_ws/install/interfaz/share/interfaz/local_setup.dsv
[1.275s] -- Symlinking: /workspace/ros2_ws/install/interfaz/share/interfaz/package.dsv
[1.276s] -- Up-to-date symlink: /workspace/ros2_ws/install/interfaz/share/ament_index/resource_index/packages/interfaz
[1.277s] -- Up-to-date symlink: /workspace/ros2_ws/install/interfaz/share/interfaz/cmake/rosidl_cmake-extras.cmake
[1.277s] -- Up-to-date symlink: /workspace/ros2_ws/install/interfaz/share/interfaz/cmake/ament_cmake_export_dependencies-extras.cmake
[1.277s] -- Up-to-date symlink: /workspace/ros2_ws/install/interfaz/share/interfaz/cmake/ament_cmake_export_include_directories-extras.cmake
[1.277s] -- Up-to-date symlink: /workspace/ros2_ws/install/interfaz/share/interfaz/cmake/ament_cmake_export_libraries-extras.cmake
[1.277s] -- Up-to-date symlink: /workspace/ros2_ws/install/interfaz/share/interfaz/cmake/ament_cmake_export_targets-extras.cmake
[1.277s] -- Up-to-date symlink: /workspace/ros2_ws/install/interfaz/share/interfaz/cmake/rosidl_cmake_export_typesupport_targets-extras.cmake
[1.278s] -- Up-to-date symlink: /workspace/ros2_ws/install/interfaz/share/interfaz/cmake/rosidl_cmake_export_typesupport_libraries-extras.cmake
[1.278s] -- Up-to-date symlink: /workspace/ros2_ws/install/interfaz/share/interfaz/cmake/interfazConfig.cmake
[1.278s] -- Up-to-date symlink: /workspace/ros2_ws/install/interfaz/share/interfaz/cmake/interfazConfig-version.cmake
[1.278s] -- Up-to-date symlink: /workspace/ros2_ws/install/interfaz/share/interfaz/package.xml
[1.278s] -- Up-to-date: /workspace/ros2_ws/install/interfaz/lib/libinterfaz__rosidl_generator_c.so
[1.278s] -- Up-to-date: /workspace/ros2_ws/install/interfaz/lib/libinterfaz__rosidl_typesupport_fastrtps_c.so
[1.278s] -- Up-to-date: /workspace/ros2_ws/install/interfaz/lib/libinterfaz__rosidl_typesupport_fastrtps_cpp.so
[1.278s] -- Up-to-date: /workspace/ros2_ws/install/interfaz/lib/libinterfaz__rosidl_typesupport_introspection_c.so
[1.278s] -- Up-to-date: /workspace/ros2_ws/install/interfaz/lib/libinterfaz__rosidl_typesupport_c.so
[1.278s] -- Up-to-date: /workspace/ros2_ws/install/interfaz/lib/libinterfaz__rosidl_typesupport_introspection_cpp.so
[1.279s] -- Up-to-date: /workspace/ros2_ws/install/interfaz/lib/libinterfaz__rosidl_typesupport_cpp.so
[1.304s] Listing '/workspace/ros2_ws/install/interfaz/local/lib/python3.10/dist-packages/interfaz'...
[1.304s] Listing '/workspace/ros2_ws/install/interfaz/local/lib/python3.10/dist-packages/interfaz/action'...
[1.304s] Listing '/workspace/ros2_ws/install/interfaz/local/lib/python3.10/dist-packages/interfaz/msg'...
[1.304s] Listing '/workspace/ros2_ws/install/interfaz/local/lib/python3.10/dist-packages/interfaz/srv'...
[1.308s] -- Up-to-date: /workspace/ros2_ws/install/interfaz/lib/libinterfaz__rosidl_generator_py.so
[1.308s] -- Up-to-date: /workspace/ros2_ws/install/interfaz/share/interfaz/cmake/export_interfaz__rosidl_generator_cExport.cmake
[1.308s] -- Up-to-date: /workspace/ros2_ws/install/interfaz/share/interfaz/cmake/export_interfaz__rosidl_generator_cExport-noconfig.cmake
[1.309s] -- Up-to-date: /workspace/ros2_ws/install/interfaz/share/interfaz/cmake/export_interfaz__rosidl_typesupport_fastrtps_cExport.cmake
[1.309s] -- Up-to-date: /workspace/ros2_ws/install/interfaz/share/interfaz/cmake/export_interfaz__rosidl_typesupport_fastrtps_cExport-noconfig.cmake
[1.309s] -- Up-to-date: /workspace/ros2_ws/install/interfaz/share/interfaz/cmake/export_interfaz__rosidl_generator_cppExport.cmake
[1.309s] -- Up-to-date: /workspace/ros2_ws/install/interfaz/share/interfaz/cmake/export_interfaz__rosidl_typesupport_fastrtps_cppExport.cmake
[1.309s] -- Up-to-date: /workspace/ros2_ws/install/interfaz/share/interfaz/cmake/export_interfaz__rosidl_typesupport_fastrtps_cppExport-noconfig.cmake
[1.309s] -- Up-to-date: /workspace/ros2_ws/install/interfaz/share/interfaz/cmake/interfaz__rosidl_typesupport_introspection_cExport.cmake
[1.309s] -- Up-to-date: /workspace/ros2_ws/install/interfaz/share/interfaz/cmake/interfaz__rosidl_typesupport_introspection_cExport-noconfig.cmake
[1.310s] -- Up-to-date: /workspace/ros2_ws/install/interfaz/share/interfaz/cmake/interfaz__rosidl_typesupport_cExport.cmake
[1.310s] -- Up-to-date: /workspace/ros2_ws/install/interfaz/share/interfaz/cmake/interfaz__rosidl_typesupport_cExport-noconfig.cmake
[1.310s] -- Up-to-date: /workspace/ros2_ws/install/interfaz/share/interfaz/cmake/interfaz__rosidl_typesupport_introspection_cppExport.cmake
[1.310s] -- Up-to-date: /workspace/ros2_ws/install/interfaz/share/interfaz/cmake/interfaz__rosidl_typesupport_introspection_cppExport-noconfig.cmake
[1.310s] -- Up-to-date: /workspace/ros2_ws/install/interfaz/share/interfaz/cmake/interfaz__rosidl_typesupport_cppExport.cmake
[1.310s] -- Up-to-date: /workspace/ros2_ws/install/interfaz/share/interfaz/cmake/interfaz__rosidl_typesupport_cppExport-noconfig.cmake
[1.310s] -- Up-to-date: /workspace/ros2_ws/install/interfaz/share/interfaz/cmake/export_interfaz__rosidl_generator_pyExport.cmake
[1.310s] -- Up-to-date: /workspace/ros2_ws/install/interfaz/share/interfaz/cmake/export_interfaz__rosidl_generator_pyExport-noconfig.cmake
[1.752s] Invoked command in '/workspace/ros2_ws/build/interfaz' returned '0': CMAKE_PREFIX_PATH=${CMAKE_PREFIX_PATH}:/workspace/ros2_ws/install/voice_bot_pkg:/workspace/ros2_ws/install/turtlebot3_teleop:/workspace/ros2_ws/install/turtlebot3_example:/workspace/ros2_ws/install/servicio_suma:/workspace/ros2_ws/install/service_temp:/workspace/ros2_ws/install/recolector_pkg:/workspace/ros2_ws/install/primer_paquete:/workspace/ros2_ws/install/paquete1:/workspace/ros2_ws/install/p3_pkg:/workspace/ros2_ws/install/p2pkg:/workspace/ros2_ws/install/mi_accion:/workspace/ros2_ws/install/maze_pkg:/workspace/ros2_ws/install/battery_act:/workspace/ros2_ws/src/voice_bot_pkg/install/voice_bot_pkg:/workspace/install/servicio_suma:/opt/ros/humble /usr/bin/cmake --install /workspace/ros2_ws/build/interfaz
