[2.560s] Invoking command in '/workspace/ros2_ws/build/service_temp': CMAKE_PREFIX_PATH=/workspace/ros2_ws/install/interfaz:/workspace/ros2_ws/install/vicpaq:/workspace/ros2_ws/install/turtlebot3:/workspace/ros2_ws/install/turtlebot3_simulations:/workspace/ros2_ws/install/turtlebot3_bringup:/workspace/ros2_ws/install/turtlebot3_node:/workspace/ros2_ws/install/turtlebot3_navigation2:/workspace/ros2_ws/install/turtlebot3_fake_node:/workspace/ros2_ws/install/turtlebot3_msgs:/workspace/ros2_ws/install/turtlebot3_manipulation_gazebo:/workspace/ros2_ws/install/turtlebot3_gazebo:/workspace/ros2_ws/install/turtlebot3_description:/workspace/ros2_ws/install/turtlebot3_cartographer:/workspace/ros2_ws/install/interfaz_servicio_suma:/workspace/install/interfaz_servicio_suma LD_LIBRARY_PATH=/workspace/ros2_ws/install/interfaz/lib:/workspace/ros2_ws/install/turtlebot3_msgs/lib:/workspace/ros2_ws/install/interfaz_servicio_suma/lib:/workspace/install/interfaz_servicio_suma/lib:/usr/lib/x86_64-linux-gnu/gazebo-11/plugins:/opt/ros/humble/opt/rviz_ogre_vendor/lib:/opt/ros/humble/lib/x86_64-linux-gnu:/opt/ros/humble/lib PYTHONPATH=/workspace/ros2_ws/build/service_temp/prefix_override:/usr/lib/python3/dist-packages/colcon_core/task/python/colcon_distutils_commands:/workspace/ros2_ws/install/service_temp/lib/python3.10/site-packages:${PYTHONPATH} /usr/bin/python3 -W ignore:setup.py install is deprecated -W ignore:easy_install command is deprecated setup.py develop --uninstall --editable --build-directory /workspace/ros2_ws/build/service_temp/build
[3.028s] running develop
[3.313s] Removing /workspace/ros2_ws/install/service_temp/lib/python3.10/site-packages/service-temp.egg-link (link to .)
[3.366s] Invoked command in '/workspace/ros2_ws/build/service_temp' returned '0': CMAKE_PREFIX_PATH=/workspace/ros2_ws/install/interfaz:/workspace/ros2_ws/install/vicpaq:/workspace/ros2_ws/install/turtlebot3:/workspace/ros2_ws/install/turtlebot3_simulations:/workspace/ros2_ws/install/turtlebot3_bringup:/workspace/ros2_ws/install/turtlebot3_node:/workspace/ros2_ws/install/turtlebot3_navigation2:/workspace/ros2_ws/install/turtlebot3_fake_node:/workspace/ros2_ws/install/turtlebot3_msgs:/workspace/ros2_ws/install/turtlebot3_manipulation_gazebo:/workspace/ros2_ws/install/turtlebot3_gazebo:/workspace/ros2_ws/install/turtlebot3_description:/workspace/ros2_ws/install/turtlebot3_cartographer:/workspace/ros2_ws/install/interfaz_servicio_suma:/workspace/install/interfaz_servicio_suma LD_LIBRARY_PATH=/workspace/ros2_ws/install/interfaz/lib:/workspace/ros2_ws/install/turtlebot3_msgs/lib:/workspace/ros2_ws/install/interfaz_servicio_suma/lib:/workspace/install/interfaz_servicio_suma/lib:/usr/lib/x86_64-linux-gnu/gazebo-11/plugins:/opt/ros/humble/opt/rviz_ogre_vendor/lib:/opt/ros/humble/lib/x86_64-linux-gnu:/opt/ros/humble/lib PYTHONPATH=/workspace/ros2_ws/build/service_temp/prefix_override:/usr/lib/python3/dist-packages/colcon_core/task/python/colcon_distutils_commands:/workspace/ros2_ws/install/service_temp/lib/python3.10/site-packages:${PYTHONPATH} /usr/bin/python3 -W ignore:setup.py install is deprecated -W ignore:easy_install command is deprecated setup.py develop --uninstall --editable --build-directory /workspace/ros2_ws/build/service_temp/build
[3.367s] Invoking command in '/workspace/ros2_ws/src/service_temp': CMAKE_PREFIX_PATH=/workspace/ros2_ws/install/interfaz:/workspace/ros2_ws/install/vicpaq:/workspace/ros2_ws/install/turtlebot3:/workspace/ros2_ws/install/turtlebot3_simulations:/workspace/ros2_ws/install/turtlebot3_bringup:/workspace/ros2_ws/install/turtlebot3_node:/workspace/ros2_ws/install/turtlebot3_navigation2:/workspace/ros2_ws/install/turtlebot3_fake_node:/workspace/ros2_ws/install/turtlebot3_msgs:/workspace/ros2_ws/install/turtlebot3_manipulation_gazebo:/workspace/ros2_ws/install/turtlebot3_gazebo:/workspace/ros2_ws/install/turtlebot3_description:/workspace/ros2_ws/install/turtlebot3_cartographer:/workspace/ros2_ws/install/interfaz_servicio_suma:/workspace/install/interfaz_servicio_suma LD_LIBRARY_PATH=/workspace/ros2_ws/install/interfaz/lib:/workspace/ros2_ws/install/turtlebot3_msgs/lib:/workspace/ros2_ws/install/interfaz_servicio_suma/lib:/workspace/install/interfaz_servicio_suma/lib:/usr/lib/x86_64-linux-gnu/gazebo-11/plugins:/opt/ros/humble/opt/rviz_ogre_vendor/lib:/opt/ros/humble/lib/x86_64-linux-gnu:/opt/ros/humble/lib PYTHONPATH=/workspace/ros2_ws/build/service_temp/prefix_override:/usr/lib/python3/dist-packages/colcon_core/task/python/colcon_distutils_commands:/workspace/ros2_ws/install/service_temp/lib/python3.10/site-packages:${PYTHONPATH} /usr/bin/python3 -W ignore:setup.py install is deprecated -W ignore:easy_install command is deprecated setup.py egg_info --egg-base ../../build/service_temp build --build-base /workspace/ros2_ws/build/service_temp/build install --record /workspace/ros2_ws/build/service_temp/install.log --single-version-externally-managed install_data --force
[3.930s] running egg_info
[3.931s] writing ../../build/service_temp/service_temp.egg-info/PKG-INFO
[3.932s] writing dependency_links to ../../build/service_temp/service_temp.egg-info/dependency_links.txt
[3.932s] writing entry points to ../../build/service_temp/service_temp.egg-info/entry_points.txt
[3.933s] writing requirements to ../../build/service_temp/service_temp.egg-info/requires.txt
[3.933s] writing top-level names to ../../build/service_temp/service_temp.egg-info/top_level.txt
[3.937s] reading manifest file '../../build/service_temp/service_temp.egg-info/SOURCES.txt'
[3.938s] adding license file 'LICENSE'
[3.938s] writing manifest file '../../build/service_temp/service_temp.egg-info/SOURCES.txt'
[3.938s] running build
[3.938s] running build_py
[3.938s] creating /workspace/ros2_ws/build/service_temp/build
[3.939s] creating /workspace/ros2_ws/build/service_temp/build/lib
[3.939s] creating /workspace/ros2_ws/build/service_temp/build/lib/service_temp
[3.939s] copying service_temp/temp_client.py -> /workspace/ros2_ws/build/service_temp/build/lib/service_temp
[3.940s] copying service_temp/temp_server.py -> /workspace/ros2_ws/build/service_temp/build/lib/service_temp
[3.940s] copying service_temp/__init__.py -> /workspace/ros2_ws/build/service_temp/build/lib/service_temp
[3.940s] running install
[3.941s] running install_lib
[3.942s] creating /workspace/ros2_ws/install/service_temp/lib/python3.10/site-packages/service_temp
[3.943s] copying /workspace/ros2_ws/build/service_temp/build/lib/service_temp/temp_client.py -> /workspace/ros2_ws/install/service_temp/lib/python3.10/site-packages/service_temp
[3.943s] copying /workspace/ros2_ws/build/service_temp/build/lib/service_temp/temp_server.py -> /workspace/ros2_ws/install/service_temp/lib/python3.10/site-packages/service_temp
[3.943s] copying /workspace/ros2_ws/build/service_temp/build/lib/service_temp/__init__.py -> /workspace/ros2_ws/install/service_temp/lib/python3.10/site-packages/service_temp
[3.944s] byte-compiling /workspace/ros2_ws/install/service_temp/lib/python3.10/site-packages/service_temp/temp_client.py to temp_client.cpython-310.pyc
[3.946s] byte-compiling /workspace/ros2_ws/install/service_temp/lib/python3.10/site-packages/service_temp/temp_server.py to temp_server.cpython-310.pyc
[3.946s] byte-compiling /workspace/ros2_ws/install/service_temp/lib/python3.10/site-packages/service_temp/__init__.py to __init__.cpython-310.pyc
[3.947s] running install_data
[3.947s] copying resource/service_temp -> /workspace/ros2_ws/install/service_temp/share/ament_index/resource_index/packages
[3.947s] copying package.xml -> /workspace/ros2_ws/install/service_temp/share/service_temp
[3.947s] running install_egg_info
[3.953s] Copying ../../build/service_temp/service_temp.egg-info to /workspace/ros2_ws/install/service_temp/lib/python3.10/site-packages/service_temp-0.0.0-py3.10.egg-info
[3.955s] running install_scripts
[3.998s] Installing client script to /workspace/ros2_ws/install/service_temp/lib/service_temp
[3.998s] Installing server script to /workspace/ros2_ws/install/service_temp/lib/service_temp
[3.999s] writing list of installed files to '/workspace/ros2_ws/build/service_temp/install.log'
[4.041s] Invoked command in '/workspace/ros2_ws/src/service_temp' returned '0': CMAKE_PREFIX_PATH=/workspace/ros2_ws/install/interfaz:/workspace/ros2_ws/install/vicpaq:/workspace/ros2_ws/install/turtlebot3:/workspace/ros2_ws/install/turtlebot3_simulations:/workspace/ros2_ws/install/turtlebot3_bringup:/workspace/ros2_ws/install/turtlebot3_node:/workspace/ros2_ws/install/turtlebot3_navigation2:/workspace/ros2_ws/install/turtlebot3_fake_node:/workspace/ros2_ws/install/turtlebot3_msgs:/workspace/ros2_ws/install/turtlebot3_manipulation_gazebo:/workspace/ros2_ws/install/turtlebot3_gazebo:/workspace/ros2_ws/install/turtlebot3_description:/workspace/ros2_ws/install/turtlebot3_cartographer:/workspace/ros2_ws/install/interfaz_servicio_suma:/workspace/install/interfaz_servicio_suma LD_LIBRARY_PATH=/workspace/ros2_ws/install/interfaz/lib:/workspace/ros2_ws/install/turtlebot3_msgs/lib:/workspace/ros2_ws/install/interfaz_servicio_suma/lib:/workspace/install/interfaz_servicio_suma/lib:/usr/lib/x86_64-linux-gnu/gazebo-11/plugins:/opt/ros/humble/opt/rviz_ogre_vendor/lib:/opt/ros/humble/lib/x86_64-linux-gnu:/opt/ros/humble/lib PYTHONPATH=/workspace/ros2_ws/build/service_temp/prefix_override:/usr/lib/python3/dist-packages/colcon_core/task/python/colcon_distutils_commands:/workspace/ros2_ws/install/service_temp/lib/python3.10/site-packages:${PYTHONPATH} /usr/bin/python3 -W ignore:setup.py install is deprecated -W ignore:easy_install command is deprecated setup.py egg_info --egg-base ../../build/service_temp build --build-base /workspace/ros2_ws/build/service_temp/build install --record /workspace/ros2_ws/build/service_temp/install.log --single-version-externally-managed install_data --force
