[0.008s] Invoking command in '/workspace/ros2_ws/src/build/interfaz-p2': CMAKE_PREFIX_PATH=${CMAKE_PREFIX_PATH}:/workspace/ros2_ws/install/primer_paquete:/workspace/ros2_ws/src/primer_paquete/install/primer_paquete:/workspace/ros2_ws/src/install/primer_paquete:/workspace/ros2_ws/src/install/servicio_suma:/workspace/ros2_ws/src/install/paquete1:/workspace/ros2_ws/install/servicio_suma:/workspace/ros2_ws/install/paquete1:/opt/ros/humble /usr/bin/cmake /workspace/ros2_ws/src/interfaz-p2 -DCMAKE_INSTALL_PREFIX=/workspace/ros2_ws/src/install/interfaz-p2
[0.057s] -- The C compiler identification is GNU 11.4.0
[0.093s] -- The CXX compiler identification is GNU 11.4.0
[0.098s] -- Detecting C compiler ABI info
[0.156s] -- Detecting C compiler ABI info - done
[0.161s] -- Check for working C compiler: /usr/bin/cc - skipped
[0.161s] -- Detecting C compile features
[0.161s] -- Detecting C compile features - done
[0.163s] -- Detecting CXX compiler ABI info
[0.233s] -- Detecting CXX compiler ABI info - done
[0.241s] -- Check for working CXX compiler: /usr/bin/c++ - skipped
[0.241s] -- Detecting CXX compile features
[0.242s] -- Detecting CXX compile features - done
[0.245s] -- Found ament_cmake: 1.3.12 (/opt/ros/humble/share/ament_cmake/cmake)
[0.383s] -- Found Python3: /usr/bin/python3 (found version "3.10.12") found components: Interpreter 
[0.470s] -- Found ament_lint_auto: 0.12.14 (/opt/ros/humble/share/ament_lint_auto/cmake)
[0.535s] -- Added test 'lint_cmake' to check CMake code style
[0.536s] -- Added test 'xmllint' to check XML markup files
[0.537s] -- Configuring done
[0.538s] -- Generating done
[0.539s] -- Build files have been written to: /workspace/ros2_ws/src/build/interfaz-p2
[0.542s] Invoked command in '/workspace/ros2_ws/src/build/interfaz-p2' returned '0': CMAKE_PREFIX_PATH=${CMAKE_PREFIX_PATH}:/workspace/ros2_ws/install/primer_paquete:/workspace/ros2_ws/src/primer_paquete/install/primer_paquete:/workspace/ros2_ws/src/install/primer_paquete:/workspace/ros2_ws/src/install/servicio_suma:/workspace/ros2_ws/src/install/paquete1:/workspace/ros2_ws/install/servicio_suma:/workspace/ros2_ws/install/paquete1:/opt/ros/humble /usr/bin/cmake /workspace/ros2_ws/src/interfaz-p2 -DCMAKE_INSTALL_PREFIX=/workspace/ros2_ws/src/install/interfaz-p2
[0.544s] Invoking command in '/workspace/ros2_ws/src/build/interfaz-p2': CMAKE_PREFIX_PATH=${CMAKE_PREFIX_PATH}:/workspace/ros2_ws/install/primer_paquete:/workspace/ros2_ws/src/primer_paquete/install/primer_paquete:/workspace/ros2_ws/src/install/primer_paquete:/workspace/ros2_ws/src/install/servicio_suma:/workspace/ros2_ws/src/install/paquete1:/workspace/ros2_ws/install/servicio_suma:/workspace/ros2_ws/install/paquete1:/opt/ros/humble /usr/bin/cmake --build /workspace/ros2_ws/src/build/interfaz-p2 -- -j12 -l12
[0.574s] Invoked command in '/workspace/ros2_ws/src/build/interfaz-p2' returned '0': CMAKE_PREFIX_PATH=${CMAKE_PREFIX_PATH}:/workspace/ros2_ws/install/primer_paquete:/workspace/ros2_ws/src/primer_paquete/install/primer_paquete:/workspace/ros2_ws/src/install/primer_paquete:/workspace/ros2_ws/src/install/servicio_suma:/workspace/ros2_ws/src/install/paquete1:/workspace/ros2_ws/install/servicio_suma:/workspace/ros2_ws/install/paquete1:/opt/ros/humble /usr/bin/cmake --build /workspace/ros2_ws/src/build/interfaz-p2 -- -j12 -l12
[0.581s] Invoking command in '/workspace/ros2_ws/src/build/interfaz-p2': CMAKE_PREFIX_PATH=${CMAKE_PREFIX_PATH}:/workspace/ros2_ws/install/primer_paquete:/workspace/ros2_ws/src/primer_paquete/install/primer_paquete:/workspace/ros2_ws/src/install/primer_paquete:/workspace/ros2_ws/src/install/servicio_suma:/workspace/ros2_ws/src/install/paquete1:/workspace/ros2_ws/install/servicio_suma:/workspace/ros2_ws/install/paquete1:/opt/ros/humble /usr/bin/cmake --install /workspace/ros2_ws/src/build/interfaz-p2
[0.585s] -- Install configuration: ""
[0.586s] -- Installing: /workspace/ros2_ws/src/install/interfaz-p2/share/ament_index/resource_index/package_run_dependencies/interfaz-p2
[0.586s] -- Installing: /workspace/ros2_ws/src/install/interfaz-p2/share/ament_index/resource_index/parent_prefix_path/interfaz-p2
[0.586s] -- Installing: /workspace/ros2_ws/src/install/interfaz-p2/share/interfaz-p2/environment/ament_prefix_path.sh
[0.586s] -- Installing: /workspace/ros2_ws/src/install/interfaz-p2/share/interfaz-p2/environment/ament_prefix_path.dsv
[0.586s] -- Installing: /workspace/ros2_ws/src/install/interfaz-p2/share/interfaz-p2/environment/path.sh
[0.586s] -- Installing: /workspace/ros2_ws/src/install/interfaz-p2/share/interfaz-p2/environment/path.dsv
[0.586s] -- Installing: /workspace/ros2_ws/src/install/interfaz-p2/share/interfaz-p2/local_setup.bash
[0.586s] -- Installing: /workspace/ros2_ws/src/install/interfaz-p2/share/interfaz-p2/local_setup.sh
[0.587s] -- Installing: /workspace/ros2_ws/src/install/interfaz-p2/share/interfaz-p2/local_setup.zsh
[0.587s] -- Installing: /workspace/ros2_ws/src/install/interfaz-p2/share/interfaz-p2/local_setup.dsv
[0.587s] -- Installing: /workspace/ros2_ws/src/install/interfaz-p2/share/interfaz-p2/package.dsv
[0.587s] -- Installing: /workspace/ros2_ws/src/install/interfaz-p2/share/ament_index/resource_index/packages/interfaz-p2
[0.587s] -- Installing: /workspace/ros2_ws/src/install/interfaz-p2/share/interfaz-p2/cmake/interfaz-p2Config.cmake
[0.587s] -- Installing: /workspace/ros2_ws/src/install/interfaz-p2/share/interfaz-p2/cmake/interfaz-p2Config-version.cmake
[0.587s] -- Installing: /workspace/ros2_ws/src/install/interfaz-p2/share/interfaz-p2/package.xml
[0.588s] Invoked command in '/workspace/ros2_ws/src/build/interfaz-p2' returned '0': CMAKE_PREFIX_PATH=${CMAKE_PREFIX_PATH}:/workspace/ros2_ws/install/primer_paquete:/workspace/ros2_ws/src/primer_paquete/install/primer_paquete:/workspace/ros2_ws/src/install/primer_paquete:/workspace/ros2_ws/src/install/servicio_suma:/workspace/ros2_ws/src/install/paquete1:/workspace/ros2_ws/install/servicio_suma:/workspace/ros2_ws/install/paquete1:/opt/ros/humble /usr/bin/cmake --install /workspace/ros2_ws/src/build/interfaz-p2
