[1.476s] Invoking command in '/workspace/ros2_ws/src/p3_pkg': PYTHONPATH=/workspace/ros2_ws/build/p3_pkg/prefix_override:/usr/lib/python3/dist-packages/colcon_core/task/python/colcon_distutils_commands:/workspace/ros2_ws/install/p3_pkg/lib/python3.10/site-packages:${PYTHONPATH} /usr/bin/python3 -W ignore:setup.py install is deprecated -W ignore:easy_install command is deprecated setup.py egg_info --egg-base ../../build/p3_pkg build --build-base /workspace/ros2_ws/build/p3_pkg/build install --record /workspace/ros2_ws/build/p3_pkg/install.log --single-version-externally-managed install_data
[1.990s] running egg_info
[1.991s] writing ../../build/p3_pkg/p3_pkg.egg-info/PKG-INFO
[1.991s] writing dependency_links to ../../build/p3_pkg/p3_pkg.egg-info/dependency_links.txt
[1.992s] writing entry points to ../../build/p3_pkg/p3_pkg.egg-info/entry_points.txt
[1.992s] writing requirements to ../../build/p3_pkg/p3_pkg.egg-info/requires.txt
[1.992s] writing top-level names to ../../build/p3_pkg/p3_pkg.egg-info/top_level.txt
[1.994s] reading manifest file '../../build/p3_pkg/p3_pkg.egg-info/SOURCES.txt'
[2.000s] writing manifest file '../../build/p3_pkg/p3_pkg.egg-info/SOURCES.txt'
[2.000s] running build
[2.000s] running build_py
[2.000s] copying p3_pkg/movimiento.py -> /workspace/ros2_ws/build/p3_pkg/build/lib/p3_pkg
[2.000s] running install
[2.001s] running install_lib
[2.001s] copying /workspace/ros2_ws/build/p3_pkg/build/lib/p3_pkg/movimiento.py -> /workspace/ros2_ws/install/p3_pkg/lib/python3.10/site-packages/p3_pkg
[2.001s] byte-compiling /workspace/ros2_ws/install/p3_pkg/lib/python3.10/site-packages/p3_pkg/movimiento.py to movimiento.cpython-310.pyc
[2.004s] running install_data
[2.005s] running install_egg_info
[2.011s] removing '/workspace/ros2_ws/install/p3_pkg/lib/python3.10/site-packages/p3_pkg-0.0.0-py3.10.egg-info' (and everything under it)
[2.012s] Copying ../../build/p3_pkg/p3_pkg.egg-info to /workspace/ros2_ws/install/p3_pkg/lib/python3.10/site-packages/p3_pkg-0.0.0-py3.10.egg-info
[2.016s] running install_scripts
[2.056s] Installing aparcamiento script to /workspace/ros2_ws/install/p3_pkg/lib/p3_pkg
[2.056s] Installing dibuja_mov script to /workspace/ros2_ws/install/p3_pkg/lib/p3_pkg
[2.056s] Installing movimiento script to /workspace/ros2_ws/install/p3_pkg/lib/p3_pkg
[2.056s] writing list of installed files to '/workspace/ros2_ws/build/p3_pkg/install.log'
[2.091s] Invoked command in '/workspace/ros2_ws/src/p3_pkg' returned '0': PYTHONPATH=/workspace/ros2_ws/build/p3_pkg/prefix_override:/usr/lib/python3/dist-packages/colcon_core/task/python/colcon_distutils_commands:/workspace/ros2_ws/install/p3_pkg/lib/python3.10/site-packages:${PYTHONPATH} /usr/bin/python3 -W ignore:setup.py install is deprecated -W ignore:easy_install command is deprecated setup.py egg_info --egg-base ../../build/p3_pkg build --build-base /workspace/ros2_ws/build/p3_pkg/build install --record /workspace/ros2_ws/build/p3_pkg/install.log --single-version-externally-managed install_data
