[0.070s] Invoking command in '/workspace/ros2_ws/src/build/interfaz': CMAKE_PREFIX_PATH=${CMAKE_PREFIX_PATH}:/workspace/ros2_ws/src/install/servicio_suma:/workspace/ros2_ws/src/install/primer_paquete:/workspace/ros2_ws/src/install/paquete1:/workspace/ros2_ws/src/install/mi_accion:/workspace/ros2_ws/src/install/maze_pkg:/workspace/ros2_ws/install/turtlebot3_teleop:/workspace/ros2_ws/install/turtlebot3_example:/workspace/ros2_ws/install/servicio_suma:/workspace/ros2_ws/install/service_temp:/workspace/ros2_ws/install/primer_paquete:/workspace/ros2_ws/install/paquete1:/workspace/ros2_ws/install/p3_pkg:/workspace/ros2_ws/install/p2pkg:/workspace/ros2_ws/install/mi_accion:/workspace/ros2_ws/install/battery_act:/workspace/install/servicio_suma:/opt/ros/humble /usr/bin/cmake --build /workspace/ros2_ws/src/build/interfaz -- -j12 -l12
[1.306s] -- Found ament_cmake: 1.3.12 (/opt/ros/humble/share/ament_cmake/cmake)
[1.306s] -- Found ament_lint_auto: 0.12.14 (/opt/ros/humble/share/ament_lint_auto/cmake)
[1.306s] -- Found std_msgs: 4.9.0 (/opt/ros/humble/share/std_msgs/cmake)
[1.306s] -- Found rosidl_generator_c: 3.1.8 (/opt/ros/humble/share/rosidl_generator_c/cmake)
[1.306s] -- Found rosidl_adapter: 3.1.8 (/opt/ros/humble/share/rosidl_adapter/cmake)
[1.307s] -- Found rosidl_generator_cpp: 3.1.8 (/opt/ros/humble/share/rosidl_generator_cpp/cmake)
[1.307s] -- Using all available rosidl_typesupport_c: rosidl_typesupport_fastrtps_c;rosidl_typesupport_introspection_c
[1.307s] -- Using all available rosidl_typesupport_cpp: rosidl_typesupport_fastrtps_cpp;rosidl_typesupport_introspection_cpp
[1.307s] -- Found rosidl_default_generators: 1.2.0 (/opt/ros/humble/share/rosidl_default_generators/cmake)
[1.307s] -- Found geometry_msgs: 4.9.0 (/opt/ros/humble/share/geometry_msgs/cmake)
[1.318s] -- Found ament_cmake_ros: 0.10.0 (/opt/ros/humble/share/ament_cmake_ros/cmake)
[1.927s] -- Using all available rosidl_typesupport_c: rosidl_typesupport_fastrtps_c;rosidl_typesupport_introspection_c
[2.204s] -- Using all available rosidl_typesupport_cpp: rosidl_typesupport_fastrtps_cpp;rosidl_typesupport_introspection_cpp
[2.247s] -- Found python_cmake_module: 0.10.0 (/opt/ros/humble/share/python_cmake_module/cmake)
[2.286s] -- Using PYTHON_EXECUTABLE: /usr/bin/python3
[2.286s] -- Using PYTHON_INCLUDE_DIRS: /usr/include/python3.10
[2.287s] -- Using PYTHON_LIBRARIES: /usr/lib/x86_64-linux-gnu/libpython3.10.so
[2.422s] -- Added test 'lint_cmake' to check CMake code style
[2.425s] -- Added test 'xmllint' to check XML markup files
[2.434s] -- Configuring done
[2.519s] -- Generating done
[2.544s] -- Build files have been written to: /workspace/ros2_ws/src/build/interfaz
[2.600s] [  1%] [34m[1mGenerating C++ code for ROS interfaces[0m
[2.609s] [  2%] [34m[1mGenerating C code for ROS interfaces[0m
[2.636s] [  2%] Built target ament_cmake_python_copy_interfaz
[3.071s] running egg_info
[3.072s] writing interfaz.egg-info/PKG-INFO
[3.072s] writing dependency_links to interfaz.egg-info/dependency_links.txt
[3.073s] writing top-level names to interfaz.egg-info/top_level.txt
[3.076s] reading manifest file 'interfaz.egg-info/SOURCES.txt'
[3.077s] writing manifest file 'interfaz.egg-info/SOURCES.txt'
[3.113s] [  2%] Built target ament_cmake_python_build_interfaz_egg
[3.996s] [35m[1mConsolidate compiler generated dependencies of target interfaz__rosidl_generator_c[0m
[4.023s] [  4%] [32mBuilding C object CMakeFiles/interfaz__rosidl_generator_c.dir/rosidl_generator_c/interfaz/msg/detail/mi_mensaje__functions.c.o[0m
[4.023s] [  5%] [32mBuilding C object CMakeFiles/interfaz__rosidl_generator_c.dir/rosidl_generator_c/interfaz/action/detail/fibonacci__functions.c.o[0m
[4.024s] [  7%] [32mBuilding C object CMakeFiles/interfaz__rosidl_generator_c.dir/rosidl_generator_c/interfaz/msg/detail/p2pkg_mensaje__functions.c.o[0m
[4.033s] [  8%] [32mBuilding C object CMakeFiles/interfaz__rosidl_generator_c.dir/rosidl_generator_c/interfaz/action/detail/ej_fibonacci__functions.c.o[0m
[4.033s] [  9%] [32mBuilding C object CMakeFiles/interfaz__rosidl_generator_c.dir/rosidl_generator_c/interfaz/srv/detail/convert_temp__functions.c.o[0m
[4.042s] [ 11%] [32mBuilding C object CMakeFiles/interfaz__rosidl_generator_c.dir/rosidl_generator_c/interfaz/action/detail/battery__functions.c.o[0m
[4.187s] [ 11%] Built target interfaz__cpp
[4.202s] [ 14%] [34m[1mGenerating C++ type support for eProsima Fast-RTPS[0m
[4.202s] [ 14%] [34m[1mGenerating C++ type support dispatch for ROS interfaces[0m
[4.203s] [ 15%] [34m[1mGenerating C++ introspection for ROS interfaces[0m
[4.294s] [ 16%] [32m[1mLinking C shared library libinterfaz__rosidl_generator_c.so[0m
[4.362s] [ 16%] Built target interfaz__rosidl_generator_c
[4.394s] [ 18%] [34m[1mGenerating C type support for eProsima Fast-RTPS[0m
[4.400s] [ 19%] [34m[1mGenerating C type support dispatch for ROS interfaces[0m
[4.404s] [ 21%] [34m[1mGenerating C introspection for ROS interfaces[0m
[5.064s] [35m[1mConsolidate compiler generated dependencies of target interfaz__rosidl_typesupport_cpp[0m
[5.120s] [ 22%] [32mBuilding CXX object CMakeFiles/interfaz__rosidl_typesupport_cpp.dir/rosidl_typesupport_cpp/interfaz/msg/mi_mensaje__type_support.cpp.o[0m
[5.123s] [ 23%] [32mBuilding CXX object CMakeFiles/interfaz__rosidl_typesupport_cpp.dir/rosidl_typesupport_cpp/interfaz/msg/p2pkg_mensaje__type_support.cpp.o[0m
[5.134s] [ 25%] [32mBuilding CXX object CMakeFiles/interfaz__rosidl_typesupport_cpp.dir/rosidl_typesupport_cpp/interfaz/action/ej_fibonacci__type_support.cpp.o[0m
[5.139s] [ 26%] [32mBuilding CXX object CMakeFiles/interfaz__rosidl_typesupport_cpp.dir/rosidl_typesupport_cpp/interfaz/srv/convert_temp__type_support.cpp.o[0m
[5.146s] [ 28%] [32mBuilding CXX object CMakeFiles/interfaz__rosidl_typesupport_cpp.dir/rosidl_typesupport_cpp/interfaz/action/fibonacci__type_support.cpp.o[0m
[5.148s] [ 29%] [32mBuilding CXX object CMakeFiles/interfaz__rosidl_typesupport_cpp.dir/rosidl_typesupport_cpp/interfaz/action/battery__type_support.cpp.o[0m
[5.340s] [35m[1mConsolidate compiler generated dependencies of target interfaz__rosidl_typesupport_c[0m
[5.377s] [ 30%] [32mBuilding CXX object CMakeFiles/interfaz__rosidl_typesupport_c.dir/rosidl_typesupport_c/interfaz/msg/p2pkg_mensaje__type_support.cpp.o[0m
[5.382s] [ 32%] [32mBuilding CXX object CMakeFiles/interfaz__rosidl_typesupport_c.dir/rosidl_typesupport_c/interfaz/msg/mi_mensaje__type_support.cpp.o[0m
[5.477s] [ 33%] [32mBuilding CXX object CMakeFiles/interfaz__rosidl_typesupport_c.dir/rosidl_typesupport_c/interfaz/action/fibonacci__type_support.cpp.o[0m
[5.512s] [ 35%] [32mBuilding CXX object CMakeFiles/interfaz__rosidl_typesupport_c.dir/rosidl_typesupport_c/interfaz/action/ej_fibonacci__type_support.cpp.o[0m
[5.638s] [ 36%] [32mBuilding CXX object CMakeFiles/interfaz__rosidl_typesupport_c.dir/rosidl_typesupport_c/interfaz/srv/convert_temp__type_support.cpp.o[0m
[5.701s] [35m[1mConsolidate compiler generated dependencies of target interfaz__rosidl_typesupport_introspection_cpp[0m
[5.763s] [ 38%] [32mBuilding CXX object CMakeFiles/interfaz__rosidl_typesupport_c.dir/rosidl_typesupport_c/interfaz/action/battery__type_support.cpp.o[0m
[5.775s] [ 39%] [32mBuilding CXX object CMakeFiles/interfaz__rosidl_typesupport_introspection_cpp.dir/rosidl_typesupport_introspection_cpp/interfaz/msg/detail/mi_mensaje__type_support.cpp.o[0m
[5.800s] [ 40%] [32mBuilding CXX object CMakeFiles/interfaz__rosidl_typesupport_introspection_cpp.dir/rosidl_typesupport_introspection_cpp/interfaz/msg/detail/p2pkg_mensaje__type_support.cpp.o[0m
[5.901s] [ 42%] [32mBuilding CXX object CMakeFiles/interfaz__rosidl_typesupport_introspection_cpp.dir/rosidl_typesupport_introspection_cpp/interfaz/action/detail/fibonacci__type_support.cpp.o[0m
[5.921s] [ 43%] [32m[1mLinking CXX shared library libinterfaz__rosidl_typesupport_c.so[0m
[5.924s] [35m[1mConsolidate compiler generated dependencies of target interfaz__rosidl_typesupport_fastrtps_c[0m
[5.939s] [ 45%] [32mBuilding CXX object CMakeFiles/interfaz__rosidl_typesupport_introspection_cpp.dir/rosidl_typesupport_introspection_cpp/interfaz/action/detail/ej_fibonacci__type_support.cpp.o[0m
[5.942s] [35m[1mConsolidate compiler generated dependencies of target interfaz__rosidl_typesupport_introspection_c[0m
[5.978s] [ 46%] [32mBuilding CXX object CMakeFiles/interfaz__rosidl_typesupport_fastrtps_c.dir/rosidl_typesupport_fastrtps_c/interfaz/msg/detail/mi_mensaje__type_support_c.cpp.o[0m
[5.983s] [ 47%] [32mBuilding C object CMakeFiles/interfaz__rosidl_typesupport_introspection_c.dir/rosidl_typesupport_introspection_c/interfaz/msg/detail/mi_mensaje__type_support.c.o[0m
[6.005s] [ 49%] [32mBuilding C object CMakeFiles/interfaz__rosidl_typesupport_introspection_c.dir/rosidl_typesupport_introspection_c/interfaz/msg/detail/p2pkg_mensaje__type_support.c.o[0m
[6.116s] [ 49%] Built target interfaz__rosidl_typesupport_c
[6.129s] [35m[1mConsolidate compiler generated dependencies of target interfaz__rosidl_typesupport_fastrtps_cpp[0m
[6.133s] [ 50%] [32mBuilding C object CMakeFiles/interfaz__rosidl_typesupport_introspection_c.dir/rosidl_typesupport_introspection_c/interfaz/action/detail/fibonacci__type_support.c.o[0m
[6.140s] [ 52%] [32mBuilding C object CMakeFiles/interfaz__rosidl_typesupport_introspection_c.dir/rosidl_typesupport_introspection_c/interfaz/action/detail/ej_fibonacci__type_support.c.o[0m
[6.152s] [ 53%] [32mBuilding C object CMakeFiles/interfaz__rosidl_typesupport_introspection_c.dir/rosidl_typesupport_introspection_c/interfaz/srv/detail/convert_temp__type_support.c.o[0m
[6.200s] [ 54%] [32mBuilding CXX object CMakeFiles/interfaz__rosidl_typesupport_fastrtps_cpp.dir/rosidl_typesupport_fastrtps_cpp/interfaz/msg/detail/dds_fastrtps/mi_mensaje__type_support.cpp.o[0m
[6.241s] [ 56%] [32mBuilding CXX object CMakeFiles/interfaz__rosidl_typesupport_fastrtps_cpp.dir/rosidl_typesupport_fastrtps_cpp/interfaz/msg/detail/dds_fastrtps/p2pkg_mensaje__type_support.cpp.o[0m
[6.308s] [ 57%] [32mBuilding CXX object CMakeFiles/interfaz__rosidl_typesupport_introspection_cpp.dir/rosidl_typesupport_introspection_cpp/interfaz/srv/detail/convert_temp__type_support.cpp.o[0m
[6.419s] [ 59%] [32mBuilding C object CMakeFiles/interfaz__rosidl_typesupport_introspection_c.dir/rosidl_typesupport_introspection_c/interfaz/action/detail/battery__type_support.c.o[0m
[6.462s] [ 60%] [32mBuilding CXX object CMakeFiles/interfaz__rosidl_typesupport_introspection_cpp.dir/rosidl_typesupport_introspection_cpp/interfaz/action/detail/battery__type_support.cpp.o[0m
[6.497s] [ 61%] [32mBuilding CXX object CMakeFiles/interfaz__rosidl_typesupport_fastrtps_c.dir/rosidl_typesupport_fastrtps_c/interfaz/msg/detail/p2pkg_mensaje__type_support_c.cpp.o[0m
[6.581s] [ 63%] [32mBuilding CXX object CMakeFiles/interfaz__rosidl_typesupport_fastrtps_cpp.dir/rosidl_typesupport_fastrtps_cpp/interfaz/action/detail/dds_fastrtps/fibonacci__type_support.cpp.o[0m
[6.623s] [ 64%] [32m[1mLinking C shared library libinterfaz__rosidl_typesupport_introspection_c.so[0m
[6.762s] [ 64%] Built target interfaz__rosidl_typesupport_introspection_c
[6.791s] [ 66%] [32mBuilding CXX object CMakeFiles/interfaz__rosidl_typesupport_fastrtps_c.dir/rosidl_typesupport_fastrtps_c/interfaz/action/detail/fibonacci__type_support_c.cpp.o[0m
[6.909s] [ 67%] [32mBuilding CXX object CMakeFiles/interfaz__rosidl_typesupport_fastrtps_c.dir/rosidl_typesupport_fastrtps_c/interfaz/action/detail/ej_fibonacci__type_support_c.cpp.o[0m
[6.917s] [ 69%] [32m[1mLinking CXX shared library libinterfaz__rosidl_typesupport_cpp.so[0m
[7.108s] [ 69%] Built target interfaz__rosidl_typesupport_cpp
[7.127s] [ 70%] [32mBuilding CXX object CMakeFiles/interfaz__rosidl_typesupport_fastrtps_c.dir/rosidl_typesupport_fastrtps_c/interfaz/srv/detail/convert_temp__type_support_c.cpp.o[0m
[7.311s] [ 71%] [32mBuilding CXX object CMakeFiles/interfaz__rosidl_typesupport_fastrtps_cpp.dir/rosidl_typesupport_fastrtps_cpp/interfaz/action/detail/dds_fastrtps/ej_fibonacci__type_support.cpp.o[0m
[7.606s] [ 73%] [32mBuilding CXX object CMakeFiles/interfaz__rosidl_typesupport_fastrtps_cpp.dir/rosidl_typesupport_fastrtps_cpp/interfaz/srv/detail/dds_fastrtps/convert_temp__type_support.cpp.o[0m
[7.647s] [ 74%] [32mBuilding CXX object CMakeFiles/interfaz__rosidl_typesupport_fastrtps_c.dir/rosidl_typesupport_fastrtps_c/interfaz/action/detail/battery__type_support_c.cpp.o[0m
[7.725s] [ 76%] [32mBuilding CXX object CMakeFiles/interfaz__rosidl_typesupport_fastrtps_cpp.dir/rosidl_typesupport_fastrtps_cpp/interfaz/action/detail/dds_fastrtps/battery__type_support.cpp.o[0m
[8.509s] [ 77%] [32m[1mLinking CXX shared library libinterfaz__rosidl_typesupport_fastrtps_c.so[0m
[8.701s] [ 77%] Built target interfaz__rosidl_typesupport_fastrtps_c
[8.989s] [ 78%] [32m[1mLinking CXX shared library libinterfaz__rosidl_typesupport_introspection_cpp.so[0m
[9.210s] [ 78%] Built target interfaz__rosidl_typesupport_introspection_cpp
[9.555s] [ 80%] [32m[1mLinking CXX shared library libinterfaz__rosidl_typesupport_fastrtps_cpp.so[0m
[9.799s] [ 80%] Built target interfaz__rosidl_typesupport_fastrtps_cpp
[9.864s] [ 80%] Built target interfaz
[9.936s] [ 81%] [34m[1mGenerating Python code for ROS interfaces[0m
[13.069s] [ 81%] Built target interfaz__py
[13.085s] [35m[1mConsolidate compiler generated dependencies of target interfaz__rosidl_generator_py[0m
[13.106s] [ 83%] [32mBuilding C object CMakeFiles/interfaz__rosidl_generator_py.dir/rosidl_generator_py/interfaz/msg/_mi_mensaje_s.c.o[0m
[13.107s] [ 87%] [32mBuilding C object CMakeFiles/interfaz__rosidl_generator_py.dir/rosidl_generator_py/interfaz/action/_ej_fibonacci_s.c.o[0m
[13.107s] [ 87%] [32mBuilding C object CMakeFiles/interfaz__rosidl_generator_py.dir/rosidl_generator_py/interfaz/action/_fibonacci_s.c.o[0m
[13.107s] [ 87%] [32mBuilding C object CMakeFiles/interfaz__rosidl_generator_py.dir/rosidl_generator_py/interfaz/srv/_convert_temp_s.c.o[0m
[13.107s] [ 88%] [32mBuilding C object CMakeFiles/interfaz__rosidl_generator_py.dir/rosidl_generator_py/interfaz/msg/_p2pkg_mensaje_s.c.o[0m
[13.117s] [ 90%] [32mBuilding C object CMakeFiles/interfaz__rosidl_generator_py.dir/rosidl_generator_py/interfaz/action/_battery_s.c.o[0m
[13.411s] [ 91%] [32m[1mLinking C shared library rosidl_generator_py/interfaz/libinterfaz__rosidl_generator_py.so[0m
[13.478s] [ 91%] Built target interfaz__rosidl_generator_py
[13.494s] [35m[1mConsolidate compiler generated dependencies of target interfaz__rosidl_typesupport_introspection_c__pyext[0m
[13.495s] [35m[1mConsolidate compiler generated dependencies of target interfaz__rosidl_typesupport_c__pyext[0m
[13.495s] [35m[1mConsolidate compiler generated dependencies of target interfaz__rosidl_typesupport_fastrtps_c__pyext[0m
[13.518s] [ 92%] [32mBuilding C object CMakeFiles/interfaz__rosidl_typesupport_fastrtps_c__pyext.dir/rosidl_generator_py/interfaz/_interfaz_s.ep.rosidl_typesupport_fastrtps_c.c.o[0m
[13.518s] [ 94%] [32mBuilding C object CMakeFiles/interfaz__rosidl_typesupport_introspection_c__pyext.dir/rosidl_generator_py/interfaz/_interfaz_s.ep.rosidl_typesupport_introspection_c.c.o[0m
[13.518s] [ 95%] [32mBuilding C object CMakeFiles/interfaz__rosidl_typesupport_c__pyext.dir/rosidl_generator_py/interfaz/_interfaz_s.ep.rosidl_typesupport_c.c.o[0m
[13.812s] [ 98%] [32m[1mLinking C shared library rosidl_generator_py/interfaz/interfaz_s__rosidl_typesupport_c.cpython-310-x86_64-linux-gnu.so[0m
[13.813s] [ 98%] [32m[1mLinking C shared library rosidl_generator_py/interfaz/interfaz_s__rosidl_typesupport_fastrtps_c.cpython-310-x86_64-linux-gnu.so[0m
[13.888s] [ 98%] Built target interfaz__rosidl_typesupport_fastrtps_c__pyext
[13.891s] [ 98%] Built target interfaz__rosidl_typesupport_c__pyext
[13.907s] [100%] [32m[1mLinking C shared library rosidl_generator_py/interfaz/interfaz_s__rosidl_typesupport_introspection_c.cpython-310-x86_64-linux-gnu.so[0m
[13.982s] [100%] Built target interfaz__rosidl_typesupport_introspection_c__pyext
[14.000s] Invoked command in '/workspace/ros2_ws/src/build/interfaz' returned '0': CMAKE_PREFIX_PATH=${CMAKE_PREFIX_PATH}:/workspace/ros2_ws/src/install/servicio_suma:/workspace/ros2_ws/src/install/primer_paquete:/workspace/ros2_ws/src/install/paquete1:/workspace/ros2_ws/src/install/mi_accion:/workspace/ros2_ws/src/install/maze_pkg:/workspace/ros2_ws/install/turtlebot3_teleop:/workspace/ros2_ws/install/turtlebot3_example:/workspace/ros2_ws/install/servicio_suma:/workspace/ros2_ws/install/service_temp:/workspace/ros2_ws/install/primer_paquete:/workspace/ros2_ws/install/paquete1:/workspace/ros2_ws/install/p3_pkg:/workspace/ros2_ws/install/p2pkg:/workspace/ros2_ws/install/mi_accion:/workspace/ros2_ws/install/battery_act:/workspace/install/servicio_suma:/opt/ros/humble /usr/bin/cmake --build /workspace/ros2_ws/src/build/interfaz -- -j12 -l12
[14.002s] Invoking command in '/workspace/ros2_ws/src/build/interfaz': CMAKE_PREFIX_PATH=${CMAKE_PREFIX_PATH}:/workspace/ros2_ws/src/install/servicio_suma:/workspace/ros2_ws/src/install/primer_paquete:/workspace/ros2_ws/src/install/paquete1:/workspace/ros2_ws/src/install/mi_accion:/workspace/ros2_ws/src/install/maze_pkg:/workspace/ros2_ws/install/turtlebot3_teleop:/workspace/ros2_ws/install/turtlebot3_example:/workspace/ros2_ws/install/servicio_suma:/workspace/ros2_ws/install/service_temp:/workspace/ros2_ws/install/primer_paquete:/workspace/ros2_ws/install/paquete1:/workspace/ros2_ws/install/p3_pkg:/workspace/ros2_ws/install/p2pkg:/workspace/ros2_ws/install/mi_accion:/workspace/ros2_ws/install/battery_act:/workspace/install/servicio_suma:/opt/ros/humble /usr/bin/cmake --install /workspace/ros2_ws/src/build/interfaz
[14.014s] -- Install configuration: ""
[14.014s] -- Installing: /workspace/ros2_ws/src/install/interfaz/share/ament_index/resource_index/rosidl_interfaces/interfaz
[14.014s] -- Up-to-date: /workspace/ros2_ws/src/install/interfaz/include/interfaz/interfaz
[14.014s] -- Up-to-date: /workspace/ros2_ws/src/install/interfaz/include/interfaz/interfaz/msg
[14.015s] -- Up-to-date: /workspace/ros2_ws/src/install/interfaz/include/interfaz/interfaz/msg/rosidl_generator_c__visibility_control.h
[14.015s] -- Up-to-date: /workspace/ros2_ws/src/install/interfaz/include/interfaz/interfaz/msg/detail
[14.015s] -- Installing: /workspace/ros2_ws/src/install/interfaz/include/interfaz/interfaz/msg/detail/p2pkg_mensaje__struct.h
[14.015s] -- Installing: /workspace/ros2_ws/src/install/interfaz/include/interfaz/interfaz/msg/detail/p2pkg_mensaje__functions.c
[14.015s] -- Installing: /workspace/ros2_ws/src/install/interfaz/include/interfaz/interfaz/msg/detail/mi_mensaje__type_support.h
[14.015s] -- Installing: /workspace/ros2_ws/src/install/interfaz/include/interfaz/interfaz/msg/detail/mi_mensaje__struct.h
[14.015s] -- Installing: /workspace/ros2_ws/src/install/interfaz/include/interfaz/interfaz/msg/detail/p2pkg_mensaje__type_support.h
[14.016s] -- Installing: /workspace/ros2_ws/src/install/interfaz/include/interfaz/interfaz/msg/detail/p2pkg_mensaje__functions.h
[14.016s] -- Installing: /workspace/ros2_ws/src/install/interfaz/include/interfaz/interfaz/msg/detail/mi_mensaje__functions.c
[14.016s] -- Installing: /workspace/ros2_ws/src/install/interfaz/include/interfaz/interfaz/msg/detail/mi_mensaje__functions.h
[14.017s] -- Installing: /workspace/ros2_ws/src/install/interfaz/include/interfaz/interfaz/msg/mi_mensaje.h
[14.018s] -- Installing: /workspace/ros2_ws/src/install/interfaz/include/interfaz/interfaz/msg/p2pkg_mensaje.h
[14.018s] -- Up-to-date: /workspace/ros2_ws/src/install/interfaz/include/interfaz/interfaz/action
[14.019s] -- Installing: /workspace/ros2_ws/src/install/interfaz/include/interfaz/interfaz/action/ej_fibonacci.h
[14.019s] -- Installing: /workspace/ros2_ws/src/install/interfaz/include/interfaz/interfaz/action/fibonacci.h
[14.019s] -- Up-to-date: /workspace/ros2_ws/src/install/interfaz/include/interfaz/interfaz/action/detail
[14.019s] -- Installing: /workspace/ros2_ws/src/install/interfaz/include/interfaz/interfaz/action/detail/battery__type_support.h
[14.019s] -- Installing: /workspace/ros2_ws/src/install/interfaz/include/interfaz/interfaz/action/detail/fibonacci__type_support.h
[14.019s] -- Installing: /workspace/ros2_ws/src/install/interfaz/include/interfaz/interfaz/action/detail/fibonacci__functions.c
[14.019s] -- Installing: /workspace/ros2_ws/src/install/interfaz/include/interfaz/interfaz/action/detail/ej_fibonacci__functions.c
[14.019s] -- Installing: /workspace/ros2_ws/src/install/interfaz/include/interfaz/interfaz/action/detail/ej_fibonacci__struct.h
[14.019s] -- Installing: /workspace/ros2_ws/src/install/interfaz/include/interfaz/interfaz/action/detail/ej_fibonacci__type_support.h
[14.019s] -- Installing: /workspace/ros2_ws/src/install/interfaz/include/interfaz/interfaz/action/detail/ej_fibonacci__functions.h
[14.019s] -- Installing: /workspace/ros2_ws/src/install/interfaz/include/interfaz/interfaz/action/detail/battery__functions.c
[14.019s] -- Installing: /workspace/ros2_ws/src/install/interfaz/include/interfaz/interfaz/action/detail/fibonacci__struct.h
[14.020s] -- Installing: /workspace/ros2_ws/src/install/interfaz/include/interfaz/interfaz/action/detail/battery__struct.h
[14.020s] -- Installing: /workspace/ros2_ws/src/install/interfaz/include/interfaz/interfaz/action/detail/battery__functions.h
[14.020s] -- Installing: /workspace/ros2_ws/src/install/interfaz/include/interfaz/interfaz/action/detail/fibonacci__functions.h
[14.020s] -- Installing: /workspace/ros2_ws/src/install/interfaz/include/interfaz/interfaz/action/battery.h
[14.021s] -- Installing: /workspace/ros2_ws/src/install/interfaz/include/interfaz/interfaz/srv
[14.021s] -- Installing: /workspace/ros2_ws/src/install/interfaz/include/interfaz/interfaz/srv/detail
[14.021s] -- Installing: /workspace/ros2_ws/src/install/interfaz/include/interfaz/interfaz/srv/detail/convert_temp__type_support.h
[14.021s] -- Installing: /workspace/ros2_ws/src/install/interfaz/include/interfaz/interfaz/srv/detail/convert_temp__functions.c
[14.023s] -- Installing: /workspace/ros2_ws/src/install/interfaz/include/interfaz/interfaz/srv/detail/convert_temp__functions.h
[14.023s] -- Installing: /workspace/ros2_ws/src/install/interfaz/include/interfaz/interfaz/srv/detail/convert_temp__struct.h
[14.023s] -- Installing: /workspace/ros2_ws/src/install/interfaz/include/interfaz/interfaz/srv/convert_temp.h
[14.023s] -- Up-to-date: /workspace/ros2_ws/src/install/interfaz/share/interfaz/environment/library_path.sh
[14.023s] -- Installing: /workspace/ros2_ws/src/install/interfaz/share/interfaz/environment/library_path.dsv
[14.024s] -- Installing: /workspace/ros2_ws/src/install/interfaz/lib/libinterfaz__rosidl_generator_c.so
[14.025s] -- Set runtime path of "/workspace/ros2_ws/src/install/interfaz/lib/libinterfaz__rosidl_generator_c.so" to ""
[14.025s] -- Up-to-date: /workspace/ros2_ws/src/install/interfaz/include/interfaz/interfaz
[14.025s] -- Up-to-date: /workspace/ros2_ws/src/install/interfaz/include/interfaz/interfaz/msg
[14.025s] -- Up-to-date: /workspace/ros2_ws/src/install/interfaz/include/interfaz/interfaz/msg/detail
[14.025s] -- Installing: /workspace/ros2_ws/src/install/interfaz/include/interfaz/interfaz/msg/detail/mi_mensaje__rosidl_typesupport_fastrtps_c.h
[14.025s] -- Installing: /workspace/ros2_ws/src/install/interfaz/include/interfaz/interfaz/msg/detail/p2pkg_mensaje__rosidl_typesupport_fastrtps_c.h
[14.025s] -- Up-to-date: /workspace/ros2_ws/src/install/interfaz/include/interfaz/interfaz/msg/rosidl_typesupport_fastrtps_c__visibility_control.h
[14.025s] -- Up-to-date: /workspace/ros2_ws/src/install/interfaz/include/interfaz/interfaz/action
[14.026s] -- Up-to-date: /workspace/ros2_ws/src/install/interfaz/include/interfaz/interfaz/action/detail
[14.026s] -- Installing: /workspace/ros2_ws/src/install/interfaz/include/interfaz/interfaz/action/detail/ej_fibonacci__rosidl_typesupport_fastrtps_c.h
[14.027s] -- Installing: /workspace/ros2_ws/src/install/interfaz/include/interfaz/interfaz/action/detail/battery__rosidl_typesupport_fastrtps_c.h
[14.027s] -- Installing: /workspace/ros2_ws/src/install/interfaz/include/interfaz/interfaz/action/detail/fibonacci__rosidl_typesupport_fastrtps_c.h
[14.027s] -- Up-to-date: /workspace/ros2_ws/src/install/interfaz/include/interfaz/interfaz/srv
[14.027s] -- Up-to-date: /workspace/ros2_ws/src/install/interfaz/include/interfaz/interfaz/srv/detail
[14.027s] -- Installing: /workspace/ros2_ws/src/install/interfaz/include/interfaz/interfaz/srv/detail/convert_temp__rosidl_typesupport_fastrtps_c.h
[14.028s] -- Installing: /workspace/ros2_ws/src/install/interfaz/lib/libinterfaz__rosidl_typesupport_fastrtps_c.so
[14.029s] -- Set runtime path of "/workspace/ros2_ws/src/install/interfaz/lib/libinterfaz__rosidl_typesupport_fastrtps_c.so" to ""
[14.029s] -- Up-to-date: /workspace/ros2_ws/src/install/interfaz/include/interfaz/interfaz
[14.029s] -- Up-to-date: /workspace/ros2_ws/src/install/interfaz/include/interfaz/interfaz/msg
[14.029s] -- Up-to-date: /workspace/ros2_ws/src/install/interfaz/include/interfaz/interfaz/msg/rosidl_generator_cpp__visibility_control.hpp
[14.029s] -- Installing: /workspace/ros2_ws/src/install/interfaz/include/interfaz/interfaz/msg/p2pkg_mensaje.hpp
[14.030s] -- Installing: /workspace/ros2_ws/src/install/interfaz/include/interfaz/interfaz/msg/mi_mensaje.hpp
[14.030s] -- Up-to-date: /workspace/ros2_ws/src/install/interfaz/include/interfaz/interfaz/msg/detail
[14.030s] -- Installing: /workspace/ros2_ws/src/install/interfaz/include/interfaz/interfaz/msg/detail/mi_mensaje__struct.hpp
[14.030s] -- Installing: /workspace/ros2_ws/src/install/interfaz/include/interfaz/interfaz/msg/detail/p2pkg_mensaje__builder.hpp
[14.030s] -- Installing: /workspace/ros2_ws/src/install/interfaz/include/interfaz/interfaz/msg/detail/p2pkg_mensaje__type_support.hpp
[14.030s] -- Installing: /workspace/ros2_ws/src/install/interfaz/include/interfaz/interfaz/msg/detail/p2pkg_mensaje__struct.hpp
[14.031s] -- Installing: /workspace/ros2_ws/src/install/interfaz/include/interfaz/interfaz/msg/detail/mi_mensaje__builder.hpp
[14.031s] -- Installing: /workspace/ros2_ws/src/install/interfaz/include/interfaz/interfaz/msg/detail/p2pkg_mensaje__traits.hpp
[14.031s] -- Installing: /workspace/ros2_ws/src/install/interfaz/include/interfaz/interfaz/msg/detail/mi_mensaje__type_support.hpp
[14.031s] -- Installing: /workspace/ros2_ws/src/install/interfaz/include/interfaz/interfaz/msg/detail/mi_mensaje__traits.hpp
[14.031s] -- Up-to-date: /workspace/ros2_ws/src/install/interfaz/include/interfaz/interfaz/action
[14.031s] -- Installing: /workspace/ros2_ws/src/install/interfaz/include/interfaz/interfaz/action/ej_fibonacci.hpp
[14.031s] -- Up-to-date: /workspace/ros2_ws/src/install/interfaz/include/interfaz/interfaz/action/detail
[14.031s] -- Installing: /workspace/ros2_ws/src/install/interfaz/include/interfaz/interfaz/action/detail/fibonacci__traits.hpp
[14.032s] -- Installing: /workspace/ros2_ws/src/install/interfaz/include/interfaz/interfaz/action/detail/fibonacci__struct.hpp
[14.032s] -- Installing: /workspace/ros2_ws/src/install/interfaz/include/interfaz/interfaz/action/detail/battery__traits.hpp
[14.032s] -- Installing: /workspace/ros2_ws/src/install/interfaz/include/interfaz/interfaz/action/detail/ej_fibonacci__traits.hpp
[14.032s] -- Installing: /workspace/ros2_ws/src/install/interfaz/include/interfaz/interfaz/action/detail/ej_fibonacci__struct.hpp
[14.032s] -- Installing: /workspace/ros2_ws/src/install/interfaz/include/interfaz/interfaz/action/detail/battery__struct.hpp
[14.032s] -- Installing: /workspace/ros2_ws/src/install/interfaz/include/interfaz/interfaz/action/detail/ej_fibonacci__builder.hpp
[14.032s] -- Installing: /workspace/ros2_ws/src/install/interfaz/include/interfaz/interfaz/action/detail/battery__builder.hpp
[14.033s] -- Installing: /workspace/ros2_ws/src/install/interfaz/include/interfaz/interfaz/action/detail/fibonacci__type_support.hpp
[14.033s] -- Installing: /workspace/ros2_ws/src/install/interfaz/include/interfaz/interfaz/action/detail/battery__type_support.hpp
[14.033s] -- Installing: /workspace/ros2_ws/src/install/interfaz/include/interfaz/interfaz/action/detail/ej_fibonacci__type_support.hpp
[14.033s] -- Installing: /workspace/ros2_ws/src/install/interfaz/include/interfaz/interfaz/action/detail/fibonacci__builder.hpp
[14.033s] -- Installing: /workspace/ros2_ws/src/install/interfaz/include/interfaz/interfaz/action/fibonacci.hpp
[14.033s] -- Installing: /workspace/ros2_ws/src/install/interfaz/include/interfaz/interfaz/action/battery.hpp
[14.033s] -- Up-to-date: /workspace/ros2_ws/src/install/interfaz/include/interfaz/interfaz/srv
[14.034s] -- Installing: /workspace/ros2_ws/src/install/interfaz/include/interfaz/interfaz/srv/convert_temp.hpp
[14.034s] -- Up-to-date: /workspace/ros2_ws/src/install/interfaz/include/interfaz/interfaz/srv/detail
[14.034s] -- Installing: /workspace/ros2_ws/src/install/interfaz/include/interfaz/interfaz/srv/detail/convert_temp__builder.hpp
[14.034s] -- Installing: /workspace/ros2_ws/src/install/interfaz/include/interfaz/interfaz/srv/detail/convert_temp__type_support.hpp
[14.034s] -- Installing: /workspace/ros2_ws/src/install/interfaz/include/interfaz/interfaz/srv/detail/convert_temp__traits.hpp
[14.034s] -- Installing: /workspace/ros2_ws/src/install/interfaz/include/interfaz/interfaz/srv/detail/convert_temp__struct.hpp
[14.034s] -- Up-to-date: /workspace/ros2_ws/src/install/interfaz/include/interfaz/interfaz
[14.034s] -- Up-to-date: /workspace/ros2_ws/src/install/interfaz/include/interfaz/interfaz/msg
[14.034s] -- Up-to-date: /workspace/ros2_ws/src/install/interfaz/include/interfaz/interfaz/msg/rosidl_typesupport_fastrtps_cpp__visibility_control.h
[14.035s] -- Up-to-date: /workspace/ros2_ws/src/install/interfaz/include/interfaz/interfaz/msg/detail
[14.035s] -- Up-to-date: /workspace/ros2_ws/src/install/interfaz/include/interfaz/interfaz/msg/detail/dds_fastrtps
[14.036s] -- Installing: /workspace/ros2_ws/src/install/interfaz/include/interfaz/interfaz/msg/detail/mi_mensaje__rosidl_typesupport_fastrtps_cpp.hpp
[14.036s] -- Installing: /workspace/ros2_ws/src/install/interfaz/include/interfaz/interfaz/msg/detail/p2pkg_mensaje__rosidl_typesupport_fastrtps_cpp.hpp
[14.036s] -- Up-to-date: /workspace/ros2_ws/src/install/interfaz/include/interfaz/interfaz/action
[14.036s] -- Up-to-date: /workspace/ros2_ws/src/install/interfaz/include/interfaz/interfaz/action/detail
[14.036s] -- Installing: /workspace/ros2_ws/src/install/interfaz/include/interfaz/interfaz/action/detail/fibonacci__rosidl_typesupport_fastrtps_cpp.hpp
[14.036s] -- Installing: /workspace/ros2_ws/src/install/interfaz/include/interfaz/interfaz/action/detail/ej_fibonacci__rosidl_typesupport_fastrtps_cpp.hpp
[14.036s] -- Up-to-date: /workspace/ros2_ws/src/install/interfaz/include/interfaz/interfaz/action/detail/dds_fastrtps
[14.036s] -- Installing: /workspace/ros2_ws/src/install/interfaz/include/interfaz/interfaz/action/detail/battery__rosidl_typesupport_fastrtps_cpp.hpp
[14.036s] -- Up-to-date: /workspace/ros2_ws/src/install/interfaz/include/interfaz/interfaz/srv
[14.036s] -- Up-to-date: /workspace/ros2_ws/src/install/interfaz/include/interfaz/interfaz/srv/detail
[14.037s] -- Installing: /workspace/ros2_ws/src/install/interfaz/include/interfaz/interfaz/srv/detail/dds_fastrtps
[14.037s] -- Installing: /workspace/ros2_ws/src/install/interfaz/include/interfaz/interfaz/srv/detail/convert_temp__rosidl_typesupport_fastrtps_cpp.hpp
[14.037s] -- Installing: /workspace/ros2_ws/src/install/interfaz/lib/libinterfaz__rosidl_typesupport_fastrtps_cpp.so
[14.040s] -- Set runtime path of "/workspace/ros2_ws/src/install/interfaz/lib/libinterfaz__rosidl_typesupport_fastrtps_cpp.so" to ""
[14.041s] -- Up-to-date: /workspace/ros2_ws/src/install/interfaz/include/interfaz/interfaz
[14.041s] -- Up-to-date: /workspace/ros2_ws/src/install/interfaz/include/interfaz/interfaz/msg
[14.041s] -- Up-to-date: /workspace/ros2_ws/src/install/interfaz/include/interfaz/interfaz/msg/rosidl_typesupport_introspection_c__visibility_control.h
[14.041s] -- Up-to-date: /workspace/ros2_ws/src/install/interfaz/include/interfaz/interfaz/msg/detail
[14.041s] -- Installing: /workspace/ros2_ws/src/install/interfaz/include/interfaz/interfaz/msg/detail/mi_mensaje__type_support.c
[14.041s] -- Installing: /workspace/ros2_ws/src/install/interfaz/include/interfaz/interfaz/msg/detail/mi_mensaje__rosidl_typesupport_introspection_c.h
[14.041s] -- Installing: /workspace/ros2_ws/src/install/interfaz/include/interfaz/interfaz/msg/detail/p2pkg_mensaje__type_support.c
[14.041s] -- Installing: /workspace/ros2_ws/src/install/interfaz/include/interfaz/interfaz/msg/detail/p2pkg_mensaje__rosidl_typesupport_introspection_c.h
[14.041s] -- Up-to-date: /workspace/ros2_ws/src/install/interfaz/include/interfaz/interfaz/action
[14.041s] -- Up-to-date: /workspace/ros2_ws/src/install/interfaz/include/interfaz/interfaz/action/detail
[14.042s] -- Installing: /workspace/ros2_ws/src/install/interfaz/include/interfaz/interfaz/action/detail/ej_fibonacci__rosidl_typesupport_introspection_c.h
[14.042s] -- Installing: /workspace/ros2_ws/src/install/interfaz/include/interfaz/interfaz/action/detail/fibonacci__type_support.c
[14.042s] -- Installing: /workspace/ros2_ws/src/install/interfaz/include/interfaz/interfaz/action/detail/ej_fibonacci__type_support.c
[14.042s] -- Installing: /workspace/ros2_ws/src/install/interfaz/include/interfaz/interfaz/action/detail/battery__type_support.c
[14.042s] -- Installing: /workspace/ros2_ws/src/install/interfaz/include/interfaz/interfaz/action/detail/fibonacci__rosidl_typesupport_introspection_c.h
[14.042s] -- Installing: /workspace/ros2_ws/src/install/interfaz/include/interfaz/interfaz/action/detail/battery__rosidl_typesupport_introspection_c.h
[14.042s] -- Up-to-date: /workspace/ros2_ws/src/install/interfaz/include/interfaz/interfaz/srv
[14.043s] -- Up-to-date: /workspace/ros2_ws/src/install/interfaz/include/interfaz/interfaz/srv/detail
[14.043s] -- Installing: /workspace/ros2_ws/src/install/interfaz/include/interfaz/interfaz/srv/detail/convert_temp__type_support.c
[14.043s] -- Installing: /workspace/ros2_ws/src/install/interfaz/include/interfaz/interfaz/srv/detail/convert_temp__rosidl_typesupport_introspection_c.h
[14.044s] -- Installing: /workspace/ros2_ws/src/install/interfaz/lib/libinterfaz__rosidl_typesupport_introspection_c.so
[14.045s] -- Set runtime path of "/workspace/ros2_ws/src/install/interfaz/lib/libinterfaz__rosidl_typesupport_introspection_c.so" to ""
[14.046s] -- Installing: /workspace/ros2_ws/src/install/interfaz/lib/libinterfaz__rosidl_typesupport_c.so
[14.046s] -- Set runtime path of "/workspace/ros2_ws/src/install/interfaz/lib/libinterfaz__rosidl_typesupport_c.so" to ""
[14.046s] -- Up-to-date: /workspace/ros2_ws/src/install/interfaz/include/interfaz/interfaz
[14.047s] -- Up-to-date: /workspace/ros2_ws/src/install/interfaz/include/interfaz/interfaz/msg
[14.047s] -- Up-to-date: /workspace/ros2_ws/src/install/interfaz/include/interfaz/interfaz/msg/detail
[14.047s] -- Installing: /workspace/ros2_ws/src/install/interfaz/include/interfaz/interfaz/msg/detail/mi_mensaje__rosidl_typesupport_introspection_cpp.hpp
[14.047s] -- Installing: /workspace/ros2_ws/src/install/interfaz/include/interfaz/interfaz/msg/detail/p2pkg_mensaje__rosidl_typesupport_introspection_cpp.hpp
[14.047s] -- Installing: /workspace/ros2_ws/src/install/interfaz/include/interfaz/interfaz/msg/detail/p2pkg_mensaje__type_support.cpp
[14.047s] -- Installing: /workspace/ros2_ws/src/install/interfaz/include/interfaz/interfaz/msg/detail/mi_mensaje__type_support.cpp
[14.048s] -- Up-to-date: /workspace/ros2_ws/src/install/interfaz/include/interfaz/interfaz/action
[14.048s] -- Up-to-date: /workspace/ros2_ws/src/install/interfaz/include/interfaz/interfaz/action/detail
[14.048s] -- Installing: /workspace/ros2_ws/src/install/interfaz/include/interfaz/interfaz/action/detail/battery__rosidl_typesupport_introspection_cpp.hpp
[14.048s] -- Installing: /workspace/ros2_ws/src/install/interfaz/include/interfaz/interfaz/action/detail/fibonacci__rosidl_typesupport_introspection_cpp.hpp
[14.048s] -- Installing: /workspace/ros2_ws/src/install/interfaz/include/interfaz/interfaz/action/detail/ej_fibonacci__type_support.cpp
[14.048s] -- Installing: /workspace/ros2_ws/src/install/interfaz/include/interfaz/interfaz/action/detail/battery__type_support.cpp
[14.049s] -- Installing: /workspace/ros2_ws/src/install/interfaz/include/interfaz/interfaz/action/detail/fibonacci__type_support.cpp
[14.049s] -- Installing: /workspace/ros2_ws/src/install/interfaz/include/interfaz/interfaz/action/detail/ej_fibonacci__rosidl_typesupport_introspection_cpp.hpp
[14.049s] -- Up-to-date: /workspace/ros2_ws/src/install/interfaz/include/interfaz/interfaz/srv
[14.049s] -- Up-to-date: /workspace/ros2_ws/src/install/interfaz/include/interfaz/interfaz/srv/detail
[14.049s] -- Installing: /workspace/ros2_ws/src/install/interfaz/include/interfaz/interfaz/srv/detail/convert_temp__type_support.cpp
[14.049s] -- Installing: /workspace/ros2_ws/src/install/interfaz/include/interfaz/interfaz/srv/detail/convert_temp__rosidl_typesupport_introspection_cpp.hpp
[14.051s] -- Installing: /workspace/ros2_ws/src/install/interfaz/lib/libinterfaz__rosidl_typesupport_introspection_cpp.so
[14.052s] -- Set runtime path of "/workspace/ros2_ws/src/install/interfaz/lib/libinterfaz__rosidl_typesupport_introspection_cpp.so" to ""
[14.052s] -- Installing: /workspace/ros2_ws/src/install/interfaz/lib/libinterfaz__rosidl_typesupport_cpp.so
[14.053s] -- Set runtime path of "/workspace/ros2_ws/src/install/interfaz/lib/libinterfaz__rosidl_typesupport_cpp.so" to ""
[14.053s] -- Up-to-date: /workspace/ros2_ws/src/install/interfaz/share/interfaz/environment/pythonpath.sh
[14.053s] -- Installing: /workspace/ros2_ws/src/install/interfaz/share/interfaz/environment/pythonpath.dsv
[14.053s] -- Up-to-date: /workspace/ros2_ws/src/install/interfaz/local/lib/python3.10/dist-packages/interfaz-0.0.0-py3.10.egg-info
[14.053s] -- Installing: /workspace/ros2_ws/src/install/interfaz/local/lib/python3.10/dist-packages/interfaz-0.0.0-py3.10.egg-info/PKG-INFO
[14.054s] -- Installing: /workspace/ros2_ws/src/install/interfaz/local/lib/python3.10/dist-packages/interfaz-0.0.0-py3.10.egg-info/dependency_links.txt
[14.054s] -- Installing: /workspace/ros2_ws/src/install/interfaz/local/lib/python3.10/dist-packages/interfaz-0.0.0-py3.10.egg-info/SOURCES.txt
[14.054s] -- Installing: /workspace/ros2_ws/src/install/interfaz/local/lib/python3.10/dist-packages/interfaz-0.0.0-py3.10.egg-info/top_level.txt
[14.054s] -- Up-to-date: /workspace/ros2_ws/src/install/interfaz/local/lib/python3.10/dist-packages/interfaz
[14.055s] -- Up-to-date: /workspace/ros2_ws/src/install/interfaz/local/lib/python3.10/dist-packages/interfaz/msg
[14.056s] -- Installing: /workspace/ros2_ws/src/install/interfaz/local/lib/python3.10/dist-packages/interfaz/msg/_p2pkg_mensaje.py
[14.056s] -- Installing: /workspace/ros2_ws/src/install/interfaz/local/lib/python3.10/dist-packages/interfaz/msg/_p2pkg_mensaje_s.c
[14.056s] -- Installing: /workspace/ros2_ws/src/install/interfaz/local/lib/python3.10/dist-packages/interfaz/msg/_mi_mensaje.py
[14.056s] -- Installing: /workspace/ros2_ws/src/install/interfaz/local/lib/python3.10/dist-packages/interfaz/msg/_mi_mensaje_s.c
[14.056s] -- Installing: /workspace/ros2_ws/src/install/interfaz/local/lib/python3.10/dist-packages/interfaz/msg/__init__.py
[14.056s] -- Installing: /workspace/ros2_ws/src/install/interfaz/local/lib/python3.10/dist-packages/interfaz/interfaz_s__rosidl_typesupport_fastrtps_c.cpython-310-x86_64-linux-gnu.so
[14.056s] -- Installing: /workspace/ros2_ws/src/install/interfaz/local/lib/python3.10/dist-packages/interfaz/interfaz_s__rosidl_typesupport_introspection_c.cpython-310-x86_64-linux-gnu.so
[14.056s] -- Installing: /workspace/ros2_ws/src/install/interfaz/local/lib/python3.10/dist-packages/interfaz/libinterfaz__rosidl_generator_py.so
[14.057s] -- Up-to-date: /workspace/ros2_ws/src/install/interfaz/local/lib/python3.10/dist-packages/interfaz/action
[14.057s] -- Installing: /workspace/ros2_ws/src/install/interfaz/local/lib/python3.10/dist-packages/interfaz/action/_fibonacci.py
[14.057s] -- Installing: /workspace/ros2_ws/src/install/interfaz/local/lib/python3.10/dist-packages/interfaz/action/_ej_fibonacci_s.c
[14.058s] -- Installing: /workspace/ros2_ws/src/install/interfaz/local/lib/python3.10/dist-packages/interfaz/action/_ej_fibonacci.py
[14.058s] -- Installing: /workspace/ros2_ws/src/install/interfaz/local/lib/python3.10/dist-packages/interfaz/action/_fibonacci_s.c
[14.058s] -- Installing: /workspace/ros2_ws/src/install/interfaz/local/lib/python3.10/dist-packages/interfaz/action/_battery_s.c
[14.058s] -- Installing: /workspace/ros2_ws/src/install/interfaz/local/lib/python3.10/dist-packages/interfaz/action/_battery.py
[14.059s] -- Installing: /workspace/ros2_ws/src/install/interfaz/local/lib/python3.10/dist-packages/interfaz/action/__init__.py
[14.059s] -- Installing: /workspace/ros2_ws/src/install/interfaz/local/lib/python3.10/dist-packages/interfaz/srv
[14.059s] -- Installing: /workspace/ros2_ws/src/install/interfaz/local/lib/python3.10/dist-packages/interfaz/srv/_convert_temp_s.c
[14.059s] -- Installing: /workspace/ros2_ws/src/install/interfaz/local/lib/python3.10/dist-packages/interfaz/srv/_convert_temp.py
[14.059s] -- Installing: /workspace/ros2_ws/src/install/interfaz/local/lib/python3.10/dist-packages/interfaz/srv/__init__.py
[14.060s] -- Installing: /workspace/ros2_ws/src/install/interfaz/local/lib/python3.10/dist-packages/interfaz/interfaz_s__rosidl_typesupport_c.cpython-310-x86_64-linux-gnu.so
[14.060s] -- Installing: /workspace/ros2_ws/src/install/interfaz/local/lib/python3.10/dist-packages/interfaz/_interfaz_s.ep.rosidl_typesupport_introspection_c.c
[14.061s] -- Installing: /workspace/ros2_ws/src/install/interfaz/local/lib/python3.10/dist-packages/interfaz/__init__.py
[14.061s] -- Installing: /workspace/ros2_ws/src/install/interfaz/local/lib/python3.10/dist-packages/interfaz/_interfaz_s.ep.rosidl_typesupport_c.c
[14.061s] -- Installing: /workspace/ros2_ws/src/install/interfaz/local/lib/python3.10/dist-packages/interfaz/_interfaz_s.ep.rosidl_typesupport_fastrtps_c.c
[14.201s] Listing '/workspace/ros2_ws/src/install/interfaz/local/lib/python3.10/dist-packages/interfaz'...
[14.202s] Compiling '/workspace/ros2_ws/src/install/interfaz/local/lib/python3.10/dist-packages/interfaz/__init__.py'...
[14.202s] Listing '/workspace/ros2_ws/src/install/interfaz/local/lib/python3.10/dist-packages/interfaz/action'...
[14.202s] Compiling '/workspace/ros2_ws/src/install/interfaz/local/lib/python3.10/dist-packages/interfaz/action/__init__.py'...
[14.202s] Compiling '/workspace/ros2_ws/src/install/interfaz/local/lib/python3.10/dist-packages/interfaz/action/_battery.py'...
[14.202s] Compiling '/workspace/ros2_ws/src/install/interfaz/local/lib/python3.10/dist-packages/interfaz/action/_ej_fibonacci.py'...
[14.202s] Compiling '/workspace/ros2_ws/src/install/interfaz/local/lib/python3.10/dist-packages/interfaz/action/_fibonacci.py'...
[14.202s] Listing '/workspace/ros2_ws/src/install/interfaz/local/lib/python3.10/dist-packages/interfaz/msg'...
[14.202s] Compiling '/workspace/ros2_ws/src/install/interfaz/local/lib/python3.10/dist-packages/interfaz/msg/__init__.py'...
[14.202s] Compiling '/workspace/ros2_ws/src/install/interfaz/local/lib/python3.10/dist-packages/interfaz/msg/_mi_mensaje.py'...
[14.202s] Compiling '/workspace/ros2_ws/src/install/interfaz/local/lib/python3.10/dist-packages/interfaz/msg/_p2pkg_mensaje.py'...
[14.202s] Listing '/workspace/ros2_ws/src/install/interfaz/local/lib/python3.10/dist-packages/interfaz/srv'...
[14.203s] Compiling '/workspace/ros2_ws/src/install/interfaz/local/lib/python3.10/dist-packages/interfaz/srv/__init__.py'...
[14.203s] Compiling '/workspace/ros2_ws/src/install/interfaz/local/lib/python3.10/dist-packages/interfaz/srv/_convert_temp.py'...
[14.217s] -- Installing: /workspace/ros2_ws/src/install/interfaz/local/lib/python3.10/dist-packages/interfaz/interfaz_s__rosidl_typesupport_fastrtps_c.cpython-310-x86_64-linux-gnu.so
[14.217s] -- Set runtime path of "/workspace/ros2_ws/src/install/interfaz/local/lib/python3.10/dist-packages/interfaz/interfaz_s__rosidl_typesupport_fastrtps_c.cpython-310-x86_64-linux-gnu.so" to ""
[14.218s] -- Installing: /workspace/ros2_ws/src/install/interfaz/local/lib/python3.10/dist-packages/interfaz/interfaz_s__rosidl_typesupport_introspection_c.cpython-310-x86_64-linux-gnu.so
[14.223s] -- Set runtime path of "/workspace/ros2_ws/src/install/interfaz/local/lib/python3.10/dist-packages/interfaz/interfaz_s__rosidl_typesupport_introspection_c.cpython-310-x86_64-linux-gnu.so" to ""
[14.223s] -- Installing: /workspace/ros2_ws/src/install/interfaz/local/lib/python3.10/dist-packages/interfaz/interfaz_s__rosidl_typesupport_c.cpython-310-x86_64-linux-gnu.so
[14.224s] -- Set runtime path of "/workspace/ros2_ws/src/install/interfaz/local/lib/python3.10/dist-packages/interfaz/interfaz_s__rosidl_typesupport_c.cpython-310-x86_64-linux-gnu.so" to ""
[14.229s] -- Installing: /workspace/ros2_ws/src/install/interfaz/lib/libinterfaz__rosidl_generator_py.so
[14.229s] -- Set runtime path of "/workspace/ros2_ws/src/install/interfaz/lib/libinterfaz__rosidl_generator_py.so" to ""
[14.229s] -- Up-to-date: /workspace/ros2_ws/src/install/interfaz/share/interfaz/msg/MiMensaje.idl
[14.230s] -- Up-to-date: /workspace/ros2_ws/src/install/interfaz/share/interfaz/msg/P2pkgMensaje.idl
[14.230s] -- Installing: /workspace/ros2_ws/src/install/interfaz/share/interfaz/action/Fibonacci.idl
[14.234s] -- Installing: /workspace/ros2_ws/src/install/interfaz/share/interfaz/action/EjFibonacci.idl
[14.235s] -- Installing: /workspace/ros2_ws/src/install/interfaz/share/interfaz/srv/ConvertTemp.idl
[14.239s] -- Installing: /workspace/ros2_ws/src/install/interfaz/share/interfaz/action/Battery.idl
[14.239s] -- Up-to-date: /workspace/ros2_ws/src/install/interfaz/share/interfaz/msg/MiMensaje.msg
[14.239s] -- Up-to-date: /workspace/ros2_ws/src/install/interfaz/share/interfaz/msg/P2pkgMensaje.msg
[14.239s] -- Installing: /workspace/ros2_ws/src/install/interfaz/share/interfaz/action/Fibonacci.action
[14.239s] -- Installing: /workspace/ros2_ws/src/install/interfaz/share/interfaz/action/EjFibonacci.action
[14.264s] -- Installing: /workspace/ros2_ws/src/install/interfaz/share/interfaz/srv/ConvertTemp.srv
[14.264s] -- Installing: /workspace/ros2_ws/src/install/interfaz/share/interfaz/srv/ConvertTemp_Request.msg
[14.264s] -- Installing: /workspace/ros2_ws/src/install/interfaz/share/interfaz/srv/ConvertTemp_Response.msg
[14.265s] -- Installing: /workspace/ros2_ws/src/install/interfaz/share/interfaz/action/Battery.action
[14.265s] -- Up-to-date: /workspace/ros2_ws/src/install/interfaz/share/ament_index/resource_index/package_run_dependencies/interfaz
[14.265s] -- Installing: /workspace/ros2_ws/src/install/interfaz/share/ament_index/resource_index/parent_prefix_path/interfaz
[14.265s] -- Up-to-date: /workspace/ros2_ws/src/install/interfaz/share/interfaz/environment/ament_prefix_path.sh
[14.265s] -- Installing: /workspace/ros2_ws/src/install/interfaz/share/interfaz/environment/ament_prefix_path.dsv
[14.265s] -- Up-to-date: /workspace/ros2_ws/src/install/interfaz/share/interfaz/environment/path.sh
[14.265s] -- Installing: /workspace/ros2_ws/src/install/interfaz/share/interfaz/environment/path.dsv
[14.265s] -- Up-to-date: /workspace/ros2_ws/src/install/interfaz/share/interfaz/local_setup.bash
[14.265s] -- Up-to-date: /workspace/ros2_ws/src/install/interfaz/share/interfaz/local_setup.sh
[14.265s] -- Up-to-date: /workspace/ros2_ws/src/install/interfaz/share/interfaz/local_setup.zsh
[14.265s] -- Installing: /workspace/ros2_ws/src/install/interfaz/share/interfaz/local_setup.dsv
[14.265s] -- Installing: /workspace/ros2_ws/src/install/interfaz/share/interfaz/package.dsv
[14.265s] -- Up-to-date: /workspace/ros2_ws/src/install/interfaz/share/ament_index/resource_index/packages/interfaz
[14.265s] -- Up-to-date: /workspace/ros2_ws/src/install/interfaz/share/interfaz/cmake/export_interfaz__rosidl_generator_cExport.cmake
[14.268s] -- Up-to-date: /workspace/ros2_ws/src/install/interfaz/share/interfaz/cmake/export_interfaz__rosidl_generator_cExport-noconfig.cmake
[14.269s] -- Up-to-date: /workspace/ros2_ws/src/install/interfaz/share/interfaz/cmake/export_interfaz__rosidl_typesupport_fastrtps_cExport.cmake
[14.270s] -- Up-to-date: /workspace/ros2_ws/src/install/interfaz/share/interfaz/cmake/export_interfaz__rosidl_typesupport_fastrtps_cExport-noconfig.cmake
[14.272s] -- Up-to-date: /workspace/ros2_ws/src/install/interfaz/share/interfaz/cmake/export_interfaz__rosidl_generator_cppExport.cmake
[14.276s] -- Up-to-date: /workspace/ros2_ws/src/install/interfaz/share/interfaz/cmake/export_interfaz__rosidl_typesupport_fastrtps_cppExport.cmake
[14.276s] -- Up-to-date: /workspace/ros2_ws/src/install/interfaz/share/interfaz/cmake/export_interfaz__rosidl_typesupport_fastrtps_cppExport-noconfig.cmake
[14.276s] -- Up-to-date: /workspace/ros2_ws/src/install/interfaz/share/interfaz/cmake/interfaz__rosidl_typesupport_introspection_cExport.cmake
[14.276s] -- Up-to-date: /workspace/ros2_ws/src/install/interfaz/share/interfaz/cmake/interfaz__rosidl_typesupport_introspection_cExport-noconfig.cmake
[14.280s] -- Up-to-date: /workspace/ros2_ws/src/install/interfaz/share/interfaz/cmake/interfaz__rosidl_typesupport_cExport.cmake
[14.281s] -- Up-to-date: /workspace/ros2_ws/src/install/interfaz/share/interfaz/cmake/interfaz__rosidl_typesupport_cExport-noconfig.cmake
[14.287s] -- Up-to-date: /workspace/ros2_ws/src/install/interfaz/share/interfaz/cmake/interfaz__rosidl_typesupport_introspection_cppExport.cmake
[14.287s] -- Up-to-date: /workspace/ros2_ws/src/install/interfaz/share/interfaz/cmake/interfaz__rosidl_typesupport_introspection_cppExport-noconfig.cmake
[14.287s] -- Up-to-date: /workspace/ros2_ws/src/install/interfaz/share/interfaz/cmake/interfaz__rosidl_typesupport_cppExport.cmake
[14.287s] -- Up-to-date: /workspace/ros2_ws/src/install/interfaz/share/interfaz/cmake/interfaz__rosidl_typesupport_cppExport-noconfig.cmake
[14.291s] -- Up-to-date: /workspace/ros2_ws/src/install/interfaz/share/interfaz/cmake/export_interfaz__rosidl_generator_pyExport.cmake
[14.291s] -- Up-to-date: /workspace/ros2_ws/src/install/interfaz/share/interfaz/cmake/export_interfaz__rosidl_generator_pyExport-noconfig.cmake
[14.292s] -- Installing: /workspace/ros2_ws/src/install/interfaz/share/interfaz/cmake/rosidl_cmake-extras.cmake
[14.292s] -- Up-to-date: /workspace/ros2_ws/src/install/interfaz/share/interfaz/cmake/ament_cmake_export_dependencies-extras.cmake
[14.292s] -- Up-to-date: /workspace/ros2_ws/src/install/interfaz/share/interfaz/cmake/ament_cmake_export_include_directories-extras.cmake
[14.293s] -- Up-to-date: /workspace/ros2_ws/src/install/interfaz/share/interfaz/cmake/ament_cmake_export_libraries-extras.cmake
[14.294s] -- Up-to-date: /workspace/ros2_ws/src/install/interfaz/share/interfaz/cmake/ament_cmake_export_targets-extras.cmake
[14.294s] -- Up-to-date: /workspace/ros2_ws/src/install/interfaz/share/interfaz/cmake/rosidl_cmake_export_typesupport_targets-extras.cmake
[14.295s] -- Up-to-date: /workspace/ros2_ws/src/install/interfaz/share/interfaz/cmake/rosidl_cmake_export_typesupport_libraries-extras.cmake
[14.295s] -- Up-to-date: /workspace/ros2_ws/src/install/interfaz/share/interfaz/cmake/interfazConfig.cmake
[14.297s] -- Up-to-date: /workspace/ros2_ws/src/install/interfaz/share/interfaz/cmake/interfazConfig-version.cmake
[14.298s] -- Up-to-date: /workspace/ros2_ws/src/install/interfaz/share/interfaz/package.xml
[14.313s] Invoked command in '/workspace/ros2_ws/src/build/interfaz' returned '0': CMAKE_PREFIX_PATH=${CMAKE_PREFIX_PATH}:/workspace/ros2_ws/src/install/servicio_suma:/workspace/ros2_ws/src/install/primer_paquete:/workspace/ros2_ws/src/install/paquete1:/workspace/ros2_ws/src/install/mi_accion:/workspace/ros2_ws/src/install/maze_pkg:/workspace/ros2_ws/install/turtlebot3_teleop:/workspace/ros2_ws/install/turtlebot3_example:/workspace/ros2_ws/install/servicio_suma:/workspace/ros2_ws/install/service_temp:/workspace/ros2_ws/install/primer_paquete:/workspace/ros2_ws/install/paquete1:/workspace/ros2_ws/install/p3_pkg:/workspace/ros2_ws/install/p2pkg:/workspace/ros2_ws/install/mi_accion:/workspace/ros2_ws/install/battery_act:/workspace/install/servicio_suma:/opt/ros/humble /usr/bin/cmake --install /workspace/ros2_ws/src/build/interfaz
