[0.062s] DEBUG:colcon:Command line arguments: ['/usr/bin/colcon', 'build']
[0.062s] DEBUG:colcon:Parsed command line arguments: Namespace(log_base=None, log_level=None, verb_name='build', build_base='build', install_base='install', merge_install=False, symlink_install=False, test_result_base=None, continue_on_error=False, executor='parallel', parallel_workers=12, event_handlers=None, ignore_user_meta=False, metas=['./colcon.meta'], base_paths=['.'], packages_ignore=None, packages_ignore_regex=None, paths=None, packages_up_to=None, packages_up_to_regex=None, packages_above=None, packages_above_and_dependencies=None, packages_above_depth=None, packages_select_by_dep=None, packages_skip_by_dep=None, packages_skip_up_to=None, packages_select_build_failed=False, packages_skip_build_finished=False, packages_select_test_failures=False, packages_skip_test_passed=False, packages_select=None, packages_skip=None, packages_select_regex=None, packages_skip_regex=None, packages_start=None, packages_end=None, allow_overriding=[], cmake_args=None, cmake_target=None, cmake_target_skip_unavailable=False, cmake_clean_cache=False, cmake_clean_first=False, cmake_force_configure=False, ament_cmake_args=None, catkin_cmake_args=None, catkin_skip_building_tests=False, mixin_files=None, mixin=None, verb_parser=<colcon_mixin.mixin.mixin_argument.MixinArgumentDecorator object at 0x7633dec7d210>, verb_extension=<colcon_core.verb.build.BuildVerb object at 0x7633dec7cc40>, main=<bound method BuildVerb.main of <colcon_core.verb.build.BuildVerb object at 0x7633dec7cc40>>, mixin_verb=('build',))
[0.146s] Level 1:colcon.colcon_core.package_discovery:discover_packages(colcon_meta) check parameters
[0.147s] Level 1:colcon.colcon_core.package_discovery:discover_packages(recursive) check parameters
[0.147s] Level 1:colcon.colcon_core.package_discovery:discover_packages(ignore) check parameters
[0.147s] Level 1:colcon.colcon_core.package_discovery:discover_packages(path) check parameters
[0.147s] Level 1:colcon.colcon_core.package_discovery:discover_packages(colcon_meta) discover
[0.147s] Level 1:colcon.colcon_core.package_discovery:discover_packages(recursive) discover
[0.147s] INFO:colcon.colcon_core.package_discovery:Crawling recursively for packages in '/workspace/interfaz_servicio_suma'
[0.147s] Level 1:colcon.colcon_core.package_identification:_identify(.) by extensions ['ignore', 'ignore_ament_install']
[0.147s] Level 1:colcon.colcon_core.package_identification:_identify(.) by extension 'ignore'
[0.147s] Level 1:colcon.colcon_core.package_identification:_identify(.) by extension 'ignore_ament_install'
[0.147s] Level 1:colcon.colcon_core.package_identification:_identify(.) by extensions ['colcon_pkg']
[0.147s] Level 1:colcon.colcon_core.package_identification:_identify(.) by extension 'colcon_pkg'
[0.147s] Level 1:colcon.colcon_core.package_identification:_identify(.) by extensions ['colcon_meta']
[0.147s] Level 1:colcon.colcon_core.package_identification:_identify(.) by extension 'colcon_meta'
[0.147s] Level 1:colcon.colcon_core.package_identification:_identify(.) by extensions ['ros']
[0.147s] Level 1:colcon.colcon_core.package_identification:_identify(.) by extension 'ros'
[0.154s] DEBUG:colcon.colcon_core.package_identification:Package '.' with type 'ros.ament_cmake' and name 'interfaz_servicio_suma'
[0.154s] Level 1:colcon.colcon_core.package_discovery:discover_packages(recursive) using defaults
[0.154s] Level 1:colcon.colcon_core.package_discovery:discover_packages(ignore) discover
[0.154s] Level 1:colcon.colcon_core.package_discovery:discover_packages(ignore) using defaults
[0.154s] Level 1:colcon.colcon_core.package_discovery:discover_packages(path) discover
[0.154s] Level 1:colcon.colcon_core.package_discovery:discover_packages(path) using defaults
[0.172s] Level 1:colcon.colcon_core.package_discovery:discover_packages(prefix_path) check parameters
[0.172s] Level 1:colcon.colcon_core.package_discovery:discover_packages(prefix_path) discover
[0.172s] DEBUG:colcon.colcon_installed_package_information.package_discovery:Found 2 installed packages in /workspace/ros2_ws/install
[0.174s] DEBUG:colcon.colcon_installed_package_information.package_discovery:Found 386 installed packages in /opt/ros/humble
[0.175s] Level 1:colcon.colcon_core.package_discovery:discover_packages(prefix_path) using defaults
[0.199s] Level 5:colcon.colcon_core.verb:set package 'interfaz_servicio_suma' build argument 'cmake_args' from command line to 'None'
[0.199s] Level 5:colcon.colcon_core.verb:set package 'interfaz_servicio_suma' build argument 'cmake_target' from command line to 'None'
[0.199s] Level 5:colcon.colcon_core.verb:set package 'interfaz_servicio_suma' build argument 'cmake_target_skip_unavailable' from command line to 'False'
[0.199s] Level 5:colcon.colcon_core.verb:set package 'interfaz_servicio_suma' build argument 'cmake_clean_cache' from command line to 'False'
[0.199s] Level 5:colcon.colcon_core.verb:set package 'interfaz_servicio_suma' build argument 'cmake_clean_first' from command line to 'False'
[0.199s] Level 5:colcon.colcon_core.verb:set package 'interfaz_servicio_suma' build argument 'cmake_force_configure' from command line to 'False'
[0.199s] Level 5:colcon.colcon_core.verb:set package 'interfaz_servicio_suma' build argument 'ament_cmake_args' from command line to 'None'
[0.199s] Level 5:colcon.colcon_core.verb:set package 'interfaz_servicio_suma' build argument 'catkin_cmake_args' from command line to 'None'
[0.199s] Level 5:colcon.colcon_core.verb:set package 'interfaz_servicio_suma' build argument 'catkin_skip_building_tests' from command line to 'False'
[0.199s] DEBUG:colcon.colcon_core.verb:Building package 'interfaz_servicio_suma' with the following arguments: {'ament_cmake_args': None, 'build_base': '/workspace/interfaz_servicio_suma/build/interfaz_servicio_suma', 'catkin_cmake_args': None, 'catkin_skip_building_tests': False, 'cmake_args': None, 'cmake_clean_cache': False, 'cmake_clean_first': False, 'cmake_force_configure': False, 'cmake_target': None, 'cmake_target_skip_unavailable': False, 'install_base': '/workspace/interfaz_servicio_suma/install/interfaz_servicio_suma', 'merge_install': False, 'path': '/workspace/interfaz_servicio_suma', 'symlink_install': False, 'test_result_base': None}
[0.199s] INFO:colcon.colcon_core.executor:Executing jobs using 'parallel' executor
[0.200s] DEBUG:colcon.colcon_parallel_executor.executor.parallel:run_until_complete
[0.200s] INFO:colcon.colcon_ros.task.ament_cmake.build:Building ROS package in '/workspace/interfaz_servicio_suma' with build type 'ament_cmake'
[0.200s] INFO:colcon.colcon_cmake.task.cmake.build:Building CMake package in '/workspace/interfaz_servicio_suma'
[0.202s] INFO:colcon.colcon_core.plugin_system:Skipping extension 'colcon_core.shell.bat': Not used on non-Windows systems
[0.202s] INFO:colcon.colcon_core.shell:Skip shell extension 'powershell' for command environment: Not usable outside of PowerShell
[0.202s] DEBUG:colcon.colcon_core.shell:Skip shell extension 'dsv' for command environment
[0.208s] DEBUG:colcon.colcon_core.event_handler.log_command:Invoking command in '/workspace/interfaz_servicio_suma/build/interfaz_servicio_suma': CMAKE_PREFIX_PATH=/workspace/ros2_ws/install/servicio_operacion:/workspace/ros2_ws/install/servicio_suma:/opt/ros/humble /usr/bin/cmake --build /workspace/interfaz_servicio_suma/build/interfaz_servicio_suma -- -j12 -l12
[0.228s] DEBUG:colcon.colcon_core.event_handler.log_command:Invoked command in '/workspace/interfaz_servicio_suma/build/interfaz_servicio_suma' returned '2': CMAKE_PREFIX_PATH=/workspace/ros2_ws/install/servicio_operacion:/workspace/ros2_ws/install/servicio_suma:/opt/ros/humble /usr/bin/cmake --build /workspace/interfaz_servicio_suma/build/interfaz_servicio_suma -- -j12 -l12
[0.229s] Level 1:colcon.colcon_core.environment:create_environment_scripts_only(interfaz_servicio_suma)
[0.230s] Level 1:colcon.colcon_core.environment:checking '/workspace/interfaz_servicio_suma/install/interfaz_servicio_suma' for CMake module files
[0.231s] Level 1:colcon.colcon_core.environment:checking '/workspace/interfaz_servicio_suma/install/interfaz_servicio_suma' for CMake config files
[0.231s] Level 1:colcon.colcon_core.shell:create_environment_hook('interfaz_servicio_suma', 'cmake_prefix_path')
[0.231s] INFO:colcon.colcon_core.shell:Creating environment hook '/workspace/interfaz_servicio_suma/install/interfaz_servicio_suma/share/interfaz_servicio_suma/hook/cmake_prefix_path.ps1'
[0.232s] INFO:colcon.colcon_core.shell:Creating environment descriptor '/workspace/interfaz_servicio_suma/install/interfaz_servicio_suma/share/interfaz_servicio_suma/hook/cmake_prefix_path.dsv'
[0.232s] INFO:colcon.colcon_core.shell:Creating environment hook '/workspace/interfaz_servicio_suma/install/interfaz_servicio_suma/share/interfaz_servicio_suma/hook/cmake_prefix_path.sh'
[0.232s] Level 1:colcon.colcon_core.environment:checking '/workspace/interfaz_servicio_suma/install/interfaz_servicio_suma/lib'
[0.233s] Level 1:colcon.colcon_core.shell:create_environment_hook('interfaz_servicio_suma', 'ld_library_path_lib')
[0.233s] INFO:colcon.colcon_core.shell:Creating environment hook '/workspace/interfaz_servicio_suma/install/interfaz_servicio_suma/share/interfaz_servicio_suma/hook/ld_library_path_lib.ps1'
[0.233s] INFO:colcon.colcon_core.shell:Creating environment descriptor '/workspace/interfaz_servicio_suma/install/interfaz_servicio_suma/share/interfaz_servicio_suma/hook/ld_library_path_lib.dsv'
[0.233s] INFO:colcon.colcon_core.shell:Creating environment hook '/workspace/interfaz_servicio_suma/install/interfaz_servicio_suma/share/interfaz_servicio_suma/hook/ld_library_path_lib.sh'
[0.233s] Level 1:colcon.colcon_core.environment:checking '/workspace/interfaz_servicio_suma/install/interfaz_servicio_suma/bin'
[0.233s] Level 1:colcon.colcon_core.environment:checking '/workspace/interfaz_servicio_suma/install/interfaz_servicio_suma/lib/pkgconfig/interfaz_servicio_suma.pc'
[0.234s] Level 1:colcon.colcon_core.environment:checking '/workspace/interfaz_servicio_suma/install/interfaz_servicio_suma/lib/python3.10/site-packages'
[0.234s] Level 1:colcon.colcon_core.environment:checking '/workspace/interfaz_servicio_suma/install/interfaz_servicio_suma/bin'
[0.234s] INFO:colcon.colcon_core.shell:Creating package script '/workspace/interfaz_servicio_suma/install/interfaz_servicio_suma/share/interfaz_servicio_suma/package.ps1'
[0.235s] INFO:colcon.colcon_core.shell:Creating package descriptor '/workspace/interfaz_servicio_suma/install/interfaz_servicio_suma/share/interfaz_servicio_suma/package.dsv'
[0.235s] INFO:colcon.colcon_core.shell:Creating package script '/workspace/interfaz_servicio_suma/install/interfaz_servicio_suma/share/interfaz_servicio_suma/package.sh'
[0.236s] INFO:colcon.colcon_core.shell:Creating package script '/workspace/interfaz_servicio_suma/install/interfaz_servicio_suma/share/interfaz_servicio_suma/package.bash'
[0.236s] INFO:colcon.colcon_core.shell:Creating package script '/workspace/interfaz_servicio_suma/install/interfaz_servicio_suma/share/interfaz_servicio_suma/package.zsh'
[0.237s] Level 1:colcon.colcon_core.environment:create_file_with_runtime_dependencies(/workspace/interfaz_servicio_suma/install/interfaz_servicio_suma/share/colcon-core/packages/interfaz_servicio_suma)
[0.247s] DEBUG:colcon.colcon_parallel_executor.executor.parallel:closing loop
[0.247s] DEBUG:colcon.colcon_parallel_executor.executor.parallel:loop closed
[0.247s] DEBUG:colcon.colcon_parallel_executor.executor.parallel:run_until_complete finished with '2'
[0.247s] DEBUG:colcon.colcon_core.event_reactor:joining thread
[0.252s] INFO:colcon.colcon_core.plugin_system:Skipping extension 'colcon_notification.desktop_notification.notify_send': Could not find 'notify-send'
[0.253s] INFO:colcon.colcon_core.plugin_system:Skipping extension 'colcon_notification.desktop_notification.terminal_notifier': Not used on non-Darwin systems
[0.253s] INFO:colcon.colcon_core.plugin_system:Skipping extension 'colcon_notification.desktop_notification.win32': Not used on non-Windows systems
[0.253s] INFO:colcon.colcon_notification.desktop_notification:Sending desktop notification using 'notify2'
[0.255s] DEBUG:colcon.colcon_notification.desktop_notification.notify2:Failed to initialize notify2: org.freedesktop.DBus.Error.Spawn.ExecFailed: /usr/bin/dbus-launch terminated abnormally without any error message
[0.255s] DEBUG:colcon.colcon_core.event_reactor:joined thread
[0.255s] INFO:colcon.colcon_core.shell:Creating prefix script '/workspace/interfaz_servicio_suma/install/local_setup.ps1'
[0.256s] INFO:colcon.colcon_core.shell:Creating prefix util module '/workspace/interfaz_servicio_suma/install/_local_setup_util_ps1.py'
[0.257s] INFO:colcon.colcon_core.shell:Creating prefix chain script '/workspace/interfaz_servicio_suma/install/setup.ps1'
[0.257s] INFO:colcon.colcon_core.shell:Creating prefix script '/workspace/interfaz_servicio_suma/install/local_setup.sh'
[0.258s] INFO:colcon.colcon_core.shell:Creating prefix util module '/workspace/interfaz_servicio_suma/install/_local_setup_util_sh.py'
[0.258s] INFO:colcon.colcon_core.shell:Creating prefix chain script '/workspace/interfaz_servicio_suma/install/setup.sh'
[0.258s] INFO:colcon.colcon_core.shell:Creating prefix script '/workspace/interfaz_servicio_suma/install/local_setup.bash'
[0.259s] INFO:colcon.colcon_core.shell:Creating prefix chain script '/workspace/interfaz_servicio_suma/install/setup.bash'
[0.259s] INFO:colcon.colcon_core.shell:Creating prefix script '/workspace/interfaz_servicio_suma/install/local_setup.zsh'
[0.260s] INFO:colcon.colcon_core.shell:Creating prefix chain script '/workspace/interfaz_servicio_suma/install/setup.zsh'
