[4.402s] Invoking command in '/workspace/ros2_ws/src/battery_act': CMAKE_PREFIX_PATH=/workspace/ros2_ws/install/interfaz:/workspace/ros2_ws/install/vicpaq:/workspace/ros2_ws/install/turtlebot3:/workspace/ros2_ws/install/turtlebot3_simulations:/workspace/ros2_ws/install/turtlebot3_bringup:/workspace/ros2_ws/install/turtlebot3_node:/workspace/ros2_ws/install/turtlebot3_navigation2:/workspace/ros2_ws/install/turtlebot3_fake_node:/workspace/ros2_ws/install/turtlebot3_msgs:/workspace/ros2_ws/install/turtlebot3_manipulation_gazebo:/workspace/ros2_ws/install/turtlebot3_gazebo:/workspace/ros2_ws/install/turtlebot3_description:/workspace/ros2_ws/install/turtlebot3_cartographer:/workspace/ros2_ws/install/interfaz_servicio_suma:/workspace/install/interfaz_servicio_suma LD_LIBRARY_PATH=/workspace/ros2_ws/install/interfaz/lib:/workspace/ros2_ws/install/turtlebot3_msgs/lib:/workspace/ros2_ws/install/interfaz_servicio_suma/lib:/workspace/install/interfaz_servicio_suma/lib:/usr/lib/x86_64-linux-gnu/gazebo-11/plugins:/opt/ros/humble/opt/rviz_ogre_vendor/lib:/opt/ros/humble/lib/x86_64-linux-gnu:/opt/ros/humble/lib PYTHONPATH=/workspace/ros2_ws/build/battery_act/prefix_override:/usr/lib/python3/dist-packages/colcon_core/task/python/colcon_distutils_commands:/workspace/ros2_ws/install/battery_act/lib/python3.10/site-packages:${PYTHONPATH} /usr/bin/python3 -W ignore:setup.py install is deprecated -W ignore:easy_install command is deprecated setup.py egg_info --egg-base ../../build/battery_act build --build-base /workspace/ros2_ws/build/battery_act/build install --record /workspace/ros2_ws/build/battery_act/install.log --single-version-externally-managed install_data
[5.032s] running egg_info
[5.035s] writing ../../build/battery_act/battery_act.egg-info/PKG-INFO
[5.035s] writing dependency_links to ../../build/battery_act/battery_act.egg-info/dependency_links.txt
[5.035s] writing entry points to ../../build/battery_act/battery_act.egg-info/entry_points.txt
[5.035s] writing requirements to ../../build/battery_act/battery_act.egg-info/requires.txt
[5.035s] writing top-level names to ../../build/battery_act/battery_act.egg-info/top_level.txt
[5.053s] reading manifest file '../../build/battery_act/battery_act.egg-info/SOURCES.txt'
[5.053s] adding license file 'LICENSE'
[5.053s] writing manifest file '../../build/battery_act/battery_act.egg-info/SOURCES.txt'
[5.053s] running build
[5.054s] running build_py
[5.054s] running install
[5.054s] running install_lib
[5.054s] running install_data
[5.054s] running install_egg_info
[5.058s] removing '/workspace/ros2_ws/install/battery_act/lib/python3.10/site-packages/battery_act-0.0.0-py3.10.egg-info' (and everything under it)
[5.058s] Copying ../../build/battery_act/battery_act.egg-info to /workspace/ros2_ws/install/battery_act/lib/python3.10/site-packages/battery_act-0.0.0-py3.10.egg-info
[5.061s] running install_scripts
[5.109s] Installing client script to /workspace/ros2_ws/install/battery_act/lib/battery_act
[5.110s] Installing server script to /workspace/ros2_ws/install/battery_act/lib/battery_act
[5.110s] writing list of installed files to '/workspace/ros2_ws/build/battery_act/install.log'
[5.157s] Invoked command in '/workspace/ros2_ws/src/battery_act' returned '0': CMAKE_PREFIX_PATH=/workspace/ros2_ws/install/interfaz:/workspace/ros2_ws/install/vicpaq:/workspace/ros2_ws/install/turtlebot3:/workspace/ros2_ws/install/turtlebot3_simulations:/workspace/ros2_ws/install/turtlebot3_bringup:/workspace/ros2_ws/install/turtlebot3_node:/workspace/ros2_ws/install/turtlebot3_navigation2:/workspace/ros2_ws/install/turtlebot3_fake_node:/workspace/ros2_ws/install/turtlebot3_msgs:/workspace/ros2_ws/install/turtlebot3_manipulation_gazebo:/workspace/ros2_ws/install/turtlebot3_gazebo:/workspace/ros2_ws/install/turtlebot3_description:/workspace/ros2_ws/install/turtlebot3_cartographer:/workspace/ros2_ws/install/interfaz_servicio_suma:/workspace/install/interfaz_servicio_suma LD_LIBRARY_PATH=/workspace/ros2_ws/install/interfaz/lib:/workspace/ros2_ws/install/turtlebot3_msgs/lib:/workspace/ros2_ws/install/interfaz_servicio_suma/lib:/workspace/install/interfaz_servicio_suma/lib:/usr/lib/x86_64-linux-gnu/gazebo-11/plugins:/opt/ros/humble/opt/rviz_ogre_vendor/lib:/opt/ros/humble/lib/x86_64-linux-gnu:/opt/ros/humble/lib PYTHONPATH=/workspace/ros2_ws/build/battery_act/prefix_override:/usr/lib/python3/dist-packages/colcon_core/task/python/colcon_distutils_commands:/workspace/ros2_ws/install/battery_act/lib/python3.10/site-packages:${PYTHONPATH} /usr/bin/python3 -W ignore:setup.py install is deprecated -W ignore:easy_install command is deprecated setup.py egg_info --egg-base ../../build/battery_act build --build-base /workspace/ros2_ws/build/battery_act/build install --record /workspace/ros2_ws/build/battery_act/install.log --single-version-externally-managed install_data
