running egg_info
writing ../../build/service_temp/service_temp.egg-info/PKG-INFO
writing dependency_links to ../../build/service_temp/service_temp.egg-info/dependency_links.txt
writing entry points to ../../build/service_temp/service_temp.egg-info/entry_points.txt
writing requirements to ../../build/service_temp/service_temp.egg-info/requires.txt
writing top-level names to ../../build/service_temp/service_temp.egg-info/top_level.txt
reading manifest file '../../build/service_temp/service_temp.egg-info/SOURCES.txt'
adding license file 'LICENSE'
writing manifest file '../../build/service_temp/service_temp.egg-info/SOURCES.txt'
running build
running build_py
running install
running install_lib
running install_data
running install_egg_info
removing '/workspace/ros2_ws/install/service_temp/lib/python3.10/site-packages/service_temp-0.0.0-py3.10.egg-info' (and everything under it)
Copying ../../build/service_temp/service_temp.egg-info to /workspace/ros2_ws/install/service_temp/lib/python3.10/site-packages/service_temp-0.0.0-py3.10.egg-info
running install_scripts
Installing client script to /workspace/ros2_ws/install/service_temp/lib/service_temp
Installing server script to /workspace/ros2_ws/install/service_temp/lib/service_temp
writing list of installed files to '/workspace/ros2_ws/build/service_temp/install.log'
