[6.646s] Invoking command in '/workspace/ros2_ws/src/paquete1': PYTHONPATH=/workspace/ros2_ws/build/paquete1/prefix_override:/usr/lib/python3/dist-packages/colcon_core/task/python/colcon_distutils_commands:/workspace/ros2_ws/install/paquete1/lib/python3.10/site-packages:${PYTHONPATH} /usr/bin/python3 -W ignore:setup.py install is deprecated -W ignore:easy_install command is deprecated setup.py egg_info --egg-base ../../build/paquete1 build --build-base /workspace/ros2_ws/build/paquete1/build install --record /workspace/ros2_ws/build/paquete1/install.log --single-version-externally-managed install_data
[7.285s] running egg_info
[7.285s] writing ../../build/paquete1/paquete1.egg-info/PKG-INFO
[7.285s] writing dependency_links to ../../build/paquete1/paquete1.egg-info/dependency_links.txt
[7.285s] writing entry points to ../../build/paquete1/paquete1.egg-info/entry_points.txt
[7.285s] writing requirements to ../../build/paquete1/paquete1.egg-info/requires.txt
[7.286s] writing top-level names to ../../build/paquete1/paquete1.egg-info/top_level.txt
[7.289s] reading manifest file '../../build/paquete1/paquete1.egg-info/SOURCES.txt'
[7.289s] adding license file 'LICENSE'
[7.291s] writing manifest file '../../build/paquete1/paquete1.egg-info/SOURCES.txt'
[7.291s] running build
[7.291s] running build_py
[7.292s] running install
[7.292s] running install_lib
[7.295s] running install_data
[7.295s] running install_egg_info
[7.301s] removing '/workspace/ros2_ws/install/paquete1/lib/python3.10/site-packages/paquete1-0.0.0-py3.10.egg-info' (and everything under it)
[7.301s] Copying ../../build/paquete1/paquete1.egg-info to /workspace/ros2_ws/install/paquete1/lib/python3.10/site-packages/paquete1-0.0.0-py3.10.egg-info
[7.303s] running install_scripts
[7.357s] writing list of installed files to '/workspace/ros2_ws/build/paquete1/install.log'
[7.646s] Invoked command in '/workspace/ros2_ws/src/paquete1' returned '0': PYTHONPATH=/workspace/ros2_ws/build/paquete1/prefix_override:/usr/lib/python3/dist-packages/colcon_core/task/python/colcon_distutils_commands:/workspace/ros2_ws/install/paquete1/lib/python3.10/site-packages:${PYTHONPATH} /usr/bin/python3 -W ignore:setup.py install is deprecated -W ignore:easy_install command is deprecated setup.py egg_info --egg-base ../../build/paquete1 build --build-base /workspace/ros2_ws/build/paquete1/build install --record /workspace/ros2_ws/build/paquete1/install.log --single-version-externally-managed install_data
