[0.548s] Invoking command in '/workspace/ros2_ws/src/p3_pkg': PYTHONPATH=/workspace/ros2_ws/build/p3_pkg/prefix_override:/usr/lib/python3/dist-packages/colcon_core/task/python/colcon_distutils_commands:/workspace/ros2_ws/install/p3_pkg/lib/python3.10/site-packages:${PYTHONPATH} /usr/bin/python3 -W ignore:setup.py install is deprecated -W ignore:easy_install command is deprecated setup.py egg_info --egg-base ../../build/p3_pkg build --build-base /workspace/ros2_ws/build/p3_pkg/build install --record /workspace/ros2_ws/build/p3_pkg/install.log --single-version-externally-managed install_data
[0.715s] running egg_info
[0.716s] writing ../../build/p3_pkg/p3_pkg.egg-info/PKG-INFO
[0.716s] writing dependency_links to ../../build/p3_pkg/p3_pkg.egg-info/dependency_links.txt
[0.716s] writing entry points to ../../build/p3_pkg/p3_pkg.egg-info/entry_points.txt
[0.716s] writing requirements to ../../build/p3_pkg/p3_pkg.egg-info/requires.txt
[0.716s] writing top-level names to ../../build/p3_pkg/p3_pkg.egg-info/top_level.txt
[0.717s] reading manifest file '../../build/p3_pkg/p3_pkg.egg-info/SOURCES.txt'
[0.718s] writing manifest file '../../build/p3_pkg/p3_pkg.egg-info/SOURCES.txt'
[0.718s] running build
[0.718s] running build_py
[0.718s] running install
[0.718s] running install_lib
[0.719s] running install_data
[0.719s] running install_egg_info
[0.721s] removing '/workspace/ros2_ws/install/p3_pkg/lib/python3.10/site-packages/p3_pkg-0.0.0-py3.10.egg-info' (and everything under it)
[0.721s] Copying ../../build/p3_pkg/p3_pkg.egg-info to /workspace/ros2_ws/install/p3_pkg/lib/python3.10/site-packages/p3_pkg-0.0.0-py3.10.egg-info
[0.722s] running install_scripts
[0.737s] Installing aparcamiento script to /workspace/ros2_ws/install/p3_pkg/lib/p3_pkg
[0.737s] Installing dibuja_mov script to /workspace/ros2_ws/install/p3_pkg/lib/p3_pkg
[0.737s] Installing movimiento script to /workspace/ros2_ws/install/p3_pkg/lib/p3_pkg
[0.737s] writing list of installed files to '/workspace/ros2_ws/build/p3_pkg/install.log'
[0.754s] Invoked command in '/workspace/ros2_ws/src/p3_pkg' returned '0': PYTHONPATH=/workspace/ros2_ws/build/p3_pkg/prefix_override:/usr/lib/python3/dist-packages/colcon_core/task/python/colcon_distutils_commands:/workspace/ros2_ws/install/p3_pkg/lib/python3.10/site-packages:${PYTHONPATH} /usr/bin/python3 -W ignore:setup.py install is deprecated -W ignore:easy_install command is deprecated setup.py egg_info --egg-base ../../build/p3_pkg build --build-base /workspace/ros2_ws/build/p3_pkg/build install --record /workspace/ros2_ws/build/p3_pkg/install.log --single-version-externally-managed install_data
