[0.403s] Invoking command in '/workspace/ros2_ws/src/p3_pkg': PYTHONPATH=/workspace/ros2_ws/build/p3_pkg/prefix_override:/usr/lib/python3/dist-packages/colcon_core/task/python/colcon_distutils_commands:/workspace/ros2_ws/install/p3_pkg/lib/python3.10/site-packages:${PYTHONPATH} /usr/bin/python3 -W ignore:setup.py install is deprecated -W ignore:easy_install command is deprecated setup.py egg_info --egg-base ../../build/p3_pkg build --build-base /workspace/ros2_ws/build/p3_pkg/build install --record /workspace/ros2_ws/build/p3_pkg/install.log --single-version-externally-managed install_data
[0.551s] running egg_info
[0.551s] writing ../../build/p3_pkg/p3_pkg.egg-info/PKG-INFO
[0.552s] writing dependency_links to ../../build/p3_pkg/p3_pkg.egg-info/dependency_links.txt
[0.552s] writing entry points to ../../build/p3_pkg/p3_pkg.egg-info/entry_points.txt
[0.552s] writing requirements to ../../build/p3_pkg/p3_pkg.egg-info/requires.txt
[0.552s] writing top-level names to ../../build/p3_pkg/p3_pkg.egg-info/top_level.txt
[0.553s] reading manifest file '../../build/p3_pkg/p3_pkg.egg-info/SOURCES.txt'
[0.554s] writing manifest file '../../build/p3_pkg/p3_pkg.egg-info/SOURCES.txt'
[0.554s] running build
[0.554s] running build_py
[0.554s] copying p3_pkg/movimiento.py -> /workspace/ros2_ws/build/p3_pkg/build/lib/p3_pkg
[0.554s] copying p3_pkg/aparcamiento.py -> /workspace/ros2_ws/build/p3_pkg/build/lib/p3_pkg
[0.554s] running install
[0.554s] running install_lib
[0.555s] copying /workspace/ros2_ws/build/p3_pkg/build/lib/p3_pkg/movimiento.py -> /workspace/ros2_ws/install/p3_pkg/lib/python3.10/site-packages/p3_pkg
[0.555s] copying /workspace/ros2_ws/build/p3_pkg/build/lib/p3_pkg/aparcamiento.py -> /workspace/ros2_ws/install/p3_pkg/lib/python3.10/site-packages/p3_pkg
[0.555s] byte-compiling /workspace/ros2_ws/install/p3_pkg/lib/python3.10/site-packages/p3_pkg/movimiento.py to movimiento.cpython-310.pyc
[0.556s] byte-compiling /workspace/ros2_ws/install/p3_pkg/lib/python3.10/site-packages/p3_pkg/aparcamiento.py to aparcamiento.cpython-310.pyc
[0.556s] running install_data
[0.556s] running install_egg_info
[0.558s] removing '/workspace/ros2_ws/install/p3_pkg/lib/python3.10/site-packages/p3_pkg-0.0.0-py3.10.egg-info' (and everything under it)
[0.559s] Copying ../../build/p3_pkg/p3_pkg.egg-info to /workspace/ros2_ws/install/p3_pkg/lib/python3.10/site-packages/p3_pkg-0.0.0-py3.10.egg-info
[0.559s] running install_scripts
[0.573s] Installing aparcamiento script to /workspace/ros2_ws/install/p3_pkg/lib/p3_pkg
[0.573s] Installing dibuja_mov script to /workspace/ros2_ws/install/p3_pkg/lib/p3_pkg
[0.573s] Installing movimiento script to /workspace/ros2_ws/install/p3_pkg/lib/p3_pkg
[0.573s] writing list of installed files to '/workspace/ros2_ws/build/p3_pkg/install.log'
[0.589s] Invoked command in '/workspace/ros2_ws/src/p3_pkg' returned '0': PYTHONPATH=/workspace/ros2_ws/build/p3_pkg/prefix_override:/usr/lib/python3/dist-packages/colcon_core/task/python/colcon_distutils_commands:/workspace/ros2_ws/install/p3_pkg/lib/python3.10/site-packages:${PYTHONPATH} /usr/bin/python3 -W ignore:setup.py install is deprecated -W ignore:easy_install command is deprecated setup.py egg_info --egg-base ../../build/p3_pkg build --build-base /workspace/ros2_ws/build/p3_pkg/build install --record /workspace/ros2_ws/build/p3_pkg/install.log --single-version-externally-managed install_data
