[0.046s] Invoking command in '/workspace/ros2_ws/build/interfaz': CMAKE_PREFIX_PATH=${CMAKE_PREFIX_PATH}:/workspace/ros2_ws/install/voice_bot_pkg:/workspace/ros2_ws/install/turtlebot3_teleop:/workspace/ros2_ws/install/turtlebot3_example:/workspace/ros2_ws/install/servicio_suma:/workspace/ros2_ws/install/service_temp:/workspace/ros2_ws/install/primer_paquete:/workspace/ros2_ws/install/paquete1:/workspace/ros2_ws/install/p3_pkg:/workspace/ros2_ws/install/p2pkg:/workspace/ros2_ws/install/mi_accion:/workspace/ros2_ws/install/maze_pkg:/workspace/ros2_ws/install/battery_act:/workspace/ros2_ws/src/voice_bot_pkg/install/voice_bot_pkg:/workspace/install/servicio_suma:/opt/ros/humble /usr/bin/cmake /workspace/ros2_ws/src/interfaz -DAMENT_CMAKE_SYMLINK_INSTALL=1 -DCMAKE_INSTALL_PREFIX=/workspace/ros2_ws/install/interfaz
[0.127s] -- The C compiler identification is GNU 11.4.0
[0.210s] -- The CXX compiler identification is GNU 11.4.0
[0.229s] -- Detecting C compiler ABI info
[0.325s] -- Detecting C compiler ABI info - done
[0.335s] -- Check for working C compiler: /usr/bin/cc - skipped
[0.335s] -- Detecting C compile features
[0.336s] -- Detecting C compile features - done
[0.342s] -- Detecting CXX compiler ABI info
[0.461s] -- Detecting CXX compiler ABI info - done
[0.471s] -- Check for working CXX compiler: /usr/bin/c++ - skipped
[0.471s] -- Detecting CXX compile features
[0.472s] -- Detecting CXX compile features - done
[0.483s] -- Found ament_cmake: 1.3.12 (/opt/ros/humble/share/ament_cmake/cmake)
[0.739s] -- Found Python3: /usr/bin/python3 (found version "3.10.12") found components: Interpreter 
[0.857s] -- Override CMake install command with custom implementation using symlinks instead of copying resources
[0.958s] -- Found ament_lint_auto: 0.12.14 (/opt/ros/humble/share/ament_lint_auto/cmake)
[1.106s] -- Found std_msgs: 4.9.0 (/opt/ros/humble/share/std_msgs/cmake)
[1.194s] -- Found rosidl_generator_c: 3.1.8 (/opt/ros/humble/share/rosidl_generator_c/cmake)
[1.209s] -- Found rosidl_adapter: 3.1.8 (/opt/ros/humble/share/rosidl_adapter/cmake)
[1.234s] -- Found rosidl_generator_cpp: 3.1.8 (/opt/ros/humble/share/rosidl_generator_cpp/cmake)
[1.258s] -- Using all available rosidl_typesupport_c: rosidl_typesupport_fastrtps_c;rosidl_typesupport_introspection_c
[1.294s] -- Using all available rosidl_typesupport_cpp: rosidl_typesupport_fastrtps_cpp;rosidl_typesupport_introspection_cpp
[1.341s] -- Found rosidl_default_generators: 1.2.0 (/opt/ros/humble/share/rosidl_default_generators/cmake)
[1.364s] -- Found geometry_msgs: 4.9.0 (/opt/ros/humble/share/geometry_msgs/cmake)
[1.820s] -- Found ament_cmake_ros: 0.10.0 (/opt/ros/humble/share/ament_cmake_ros/cmake)
[2.428s] -- Using all available rosidl_typesupport_c: rosidl_typesupport_fastrtps_c;rosidl_typesupport_introspection_c
[2.717s] -- Using all available rosidl_typesupport_cpp: rosidl_typesupport_fastrtps_cpp;rosidl_typesupport_introspection_cpp
[2.759s] -- Found PythonInterp: /usr/bin/python3 (found suitable version "3.10.12", minimum required is "3.6") 
[2.764s] -- Found python_cmake_module: 0.10.0 (/opt/ros/humble/share/python_cmake_module/cmake)
[2.828s] -- Found PythonLibs: /usr/lib/x86_64-linux-gnu/libpython3.10.so (found suitable version "3.10.12", minimum required is "3.5") 
[2.828s] -- Using PYTHON_EXECUTABLE: /usr/bin/python3
[2.828s] -- Using PYTHON_INCLUDE_DIRS: /usr/include/python3.10
[2.828s] -- Using PYTHON_LIBRARIES: /usr/lib/x86_64-linux-gnu/libpython3.10.so
[2.870s] -- Found PythonExtra: .so  
[3.038s] -- Added test 'lint_cmake' to check CMake code style
[3.042s] -- Added test 'xmllint' to check XML markup files
[3.054s] -- Configuring done
[3.135s] -- Generating done
[3.163s] -- Build files have been written to: /workspace/ros2_ws/build/interfaz
[3.622s] Invoked command in '/workspace/ros2_ws/build/interfaz' returned '0': CMAKE_PREFIX_PATH=${CMAKE_PREFIX_PATH}:/workspace/ros2_ws/install/voice_bot_pkg:/workspace/ros2_ws/install/turtlebot3_teleop:/workspace/ros2_ws/install/turtlebot3_example:/workspace/ros2_ws/install/servicio_suma:/workspace/ros2_ws/install/service_temp:/workspace/ros2_ws/install/primer_paquete:/workspace/ros2_ws/install/paquete1:/workspace/ros2_ws/install/p3_pkg:/workspace/ros2_ws/install/p2pkg:/workspace/ros2_ws/install/mi_accion:/workspace/ros2_ws/install/maze_pkg:/workspace/ros2_ws/install/battery_act:/workspace/ros2_ws/src/voice_bot_pkg/install/voice_bot_pkg:/workspace/install/servicio_suma:/opt/ros/humble /usr/bin/cmake /workspace/ros2_ws/src/interfaz -DAMENT_CMAKE_SYMLINK_INSTALL=1 -DCMAKE_INSTALL_PREFIX=/workspace/ros2_ws/install/interfaz
[3.623s] Invoking command in '/workspace/ros2_ws/build/interfaz': CMAKE_PREFIX_PATH=${CMAKE_PREFIX_PATH}:/workspace/ros2_ws/install/voice_bot_pkg:/workspace/ros2_ws/install/turtlebot3_teleop:/workspace/ros2_ws/install/turtlebot3_example:/workspace/ros2_ws/install/servicio_suma:/workspace/ros2_ws/install/service_temp:/workspace/ros2_ws/install/primer_paquete:/workspace/ros2_ws/install/paquete1:/workspace/ros2_ws/install/p3_pkg:/workspace/ros2_ws/install/p2pkg:/workspace/ros2_ws/install/mi_accion:/workspace/ros2_ws/install/maze_pkg:/workspace/ros2_ws/install/battery_act:/workspace/ros2_ws/src/voice_bot_pkg/install/voice_bot_pkg:/workspace/install/servicio_suma:/opt/ros/humble /usr/bin/cmake --build /workspace/ros2_ws/build/interfaz -- -j12 -l12
[3.744s] [  1%] [34m[1mGenerating C code for ROS interfaces[0m
[3.771s] [  2%] [34m[1mGenerating C++ code for ROS interfaces[0m
[3.805s] [  2%] Built target ament_cmake_python_symlink_interfaz
[5.031s] running egg_info
[5.031s] creating interfaz.egg-info
[5.031s] writing interfaz.egg-info/PKG-INFO
[5.031s] writing dependency_links to interfaz.egg-info/dependency_links.txt
[5.031s] writing top-level names to interfaz.egg-info/top_level.txt
[5.031s] writing manifest file 'interfaz.egg-info/SOURCES.txt'
[5.038s] reading manifest file 'interfaz.egg-info/SOURCES.txt'
[5.043s] writing manifest file 'interfaz.egg-info/SOURCES.txt'
[5.162s] [  2%] Built target ament_cmake_python_build_interfaz_egg
[6.923s] [  4%] [32mBuilding C object CMakeFiles/interfaz__rosidl_generator_c.dir/rosidl_generator_c/interfaz/msg/detail/mi_mensaje__functions.c.o[0m
[6.926s] [  5%] [32mBuilding C object CMakeFiles/interfaz__rosidl_generator_c.dir/rosidl_generator_c/interfaz/msg/detail/p2pkg_mensaje__functions.c.o[0m
[6.937s] [  7%] [32mBuilding C object CMakeFiles/interfaz__rosidl_generator_c.dir/rosidl_generator_c/interfaz/action/detail/ej_fibonacci__functions.c.o[0m
[6.940s] [  8%] [32mBuilding C object CMakeFiles/interfaz__rosidl_generator_c.dir/rosidl_generator_c/interfaz/srv/detail/convert_temp__functions.c.o[0m
[6.947s] [  9%] [32mBuilding C object CMakeFiles/interfaz__rosidl_generator_c.dir/rosidl_generator_c/interfaz/action/detail/fibonacci__functions.c.o[0m
[6.950s] [ 11%] [32mBuilding C object CMakeFiles/interfaz__rosidl_generator_c.dir/rosidl_generator_c/interfaz/action/detail/battery__functions.c.o[0m
[7.088s] [ 11%] Built target interfaz__cpp
[7.119s] [ 12%] [34m[1mGenerating C++ type support dispatch for ROS interfaces[0m
[7.127s] [ 14%] [34m[1mGenerating C++ type support for eProsima Fast-RTPS[0m
[7.144s] [ 15%] [34m[1mGenerating C++ introspection for ROS interfaces[0m
[7.522s] [ 16%] [32m[1mLinking C shared library libinterfaz__rosidl_generator_c.so[0m
[7.661s] [ 16%] Built target interfaz__rosidl_generator_c
[7.674s] [ 18%] [34m[1mGenerating C introspection for ROS interfaces[0m
[7.687s] [ 19%] [34m[1mGenerating C type support for eProsima Fast-RTPS[0m
[7.691s] [ 21%] [34m[1mGenerating C type support dispatch for ROS interfaces[0m
[8.389s] [ 22%] [32mBuilding CXX object CMakeFiles/interfaz__rosidl_typesupport_introspection_cpp.dir/rosidl_typesupport_introspection_cpp/interfaz/msg/detail/p2pkg_mensaje__type_support.cpp.o[0m
[8.393s] [ 23%] [32mBuilding CXX object CMakeFiles/interfaz__rosidl_typesupport_introspection_cpp.dir/rosidl_typesupport_introspection_cpp/interfaz/msg/detail/mi_mensaje__type_support.cpp.o[0m
[8.417s] [ 25%] [32mBuilding CXX object CMakeFiles/interfaz__rosidl_typesupport_introspection_cpp.dir/rosidl_typesupport_introspection_cpp/interfaz/action/detail/fibonacci__type_support.cpp.o[0m
[8.431s] [ 26%] [32mBuilding CXX object CMakeFiles/interfaz__rosidl_typesupport_introspection_cpp.dir/rosidl_typesupport_introspection_cpp/interfaz/srv/detail/convert_temp__type_support.cpp.o[0m
[8.448s] [ 28%] [32mBuilding CXX object CMakeFiles/interfaz__rosidl_typesupport_introspection_cpp.dir/rosidl_typesupport_introspection_cpp/interfaz/action/detail/battery__type_support.cpp.o[0m
[8.454s] [ 29%] [32mBuilding CXX object CMakeFiles/interfaz__rosidl_typesupport_introspection_cpp.dir/rosidl_typesupport_introspection_cpp/interfaz/action/detail/ej_fibonacci__type_support.cpp.o[0m
[8.742s] [ 30%] [32mBuilding CXX object CMakeFiles/interfaz__rosidl_typesupport_cpp.dir/rosidl_typesupport_cpp/interfaz/msg/mi_mensaje__type_support.cpp.o[0m
[8.752s] [ 32%] [32mBuilding CXX object CMakeFiles/interfaz__rosidl_typesupport_cpp.dir/rosidl_typesupport_cpp/interfaz/msg/p2pkg_mensaje__type_support.cpp.o[0m
[9.328s] [ 33%] [32mBuilding CXX object CMakeFiles/interfaz__rosidl_typesupport_c.dir/rosidl_typesupport_c/interfaz/msg/mi_mensaje__type_support.cpp.o[0m
[9.506s] [ 35%] [32mBuilding CXX object CMakeFiles/interfaz__rosidl_typesupport_c.dir/rosidl_typesupport_c/interfaz/msg/p2pkg_mensaje__type_support.cpp.o[0m
[9.605s] [ 36%] [32mBuilding CXX object CMakeFiles/interfaz__rosidl_typesupport_c.dir/rosidl_typesupport_c/interfaz/action/fibonacci__type_support.cpp.o[0m
[9.664s] [ 38%] [32mBuilding CXX object CMakeFiles/interfaz__rosidl_typesupport_cpp.dir/rosidl_typesupport_cpp/interfaz/action/fibonacci__type_support.cpp.o[0m
[9.728s] [ 39%] [32mBuilding CXX object CMakeFiles/interfaz__rosidl_typesupport_cpp.dir/rosidl_typesupport_cpp/interfaz/action/ej_fibonacci__type_support.cpp.o[0m
[9.744s] [ 40%] [32mBuilding CXX object CMakeFiles/interfaz__rosidl_typesupport_c.dir/rosidl_typesupport_c/interfaz/action/ej_fibonacci__type_support.cpp.o[0m
[9.875s] [ 42%] [32mBuilding CXX object CMakeFiles/interfaz__rosidl_typesupport_c.dir/rosidl_typesupport_c/interfaz/srv/convert_temp__type_support.cpp.o[0m
[9.973s] [ 43%] [32mBuilding CXX object CMakeFiles/interfaz__rosidl_typesupport_cpp.dir/rosidl_typesupport_cpp/interfaz/srv/convert_temp__type_support.cpp.o[0m
[9.997s] [ 45%] [32mBuilding CXX object CMakeFiles/interfaz__rosidl_typesupport_c.dir/rosidl_typesupport_c/interfaz/action/battery__type_support.cpp.o[0m
[10.158s] [ 46%] [32mBuilding CXX object CMakeFiles/interfaz__rosidl_typesupport_cpp.dir/rosidl_typesupport_cpp/interfaz/action/battery__type_support.cpp.o[0m
[10.183s] [ 47%] [32m[1mLinking CXX shared library libinterfaz__rosidl_typesupport_c.so[0m
[10.439s] [ 47%] Built target interfaz__rosidl_typesupport_c
[12.074s] [ 49%] [32m[1mLinking CXX shared library libinterfaz__rosidl_typesupport_introspection_cpp.so[0m
[12.136s] [ 50%] [32mBuilding C object CMakeFiles/interfaz__rosidl_typesupport_introspection_c.dir/rosidl_typesupport_introspection_c/interfaz/msg/detail/mi_mensaje__type_support.c.o[0m
[12.142s] [ 52%] [32mBuilding C object CMakeFiles/interfaz__rosidl_typesupport_introspection_c.dir/rosidl_typesupport_introspection_c/interfaz/msg/detail/p2pkg_mensaje__type_support.c.o[0m
[12.167s] [ 53%] [32mBuilding C object CMakeFiles/interfaz__rosidl_typesupport_introspection_c.dir/rosidl_typesupport_introspection_c/interfaz/action/detail/fibonacci__type_support.c.o[0m
[12.183s] [ 54%] [32mBuilding C object CMakeFiles/interfaz__rosidl_typesupport_introspection_c.dir/rosidl_typesupport_introspection_c/interfaz/action/detail/ej_fibonacci__type_support.c.o[0m
[12.197s] [ 56%] [32mBuilding C object CMakeFiles/interfaz__rosidl_typesupport_introspection_c.dir/rosidl_typesupport_introspection_c/interfaz/srv/detail/convert_temp__type_support.c.o[0m
[12.200s] [ 57%] [32mBuilding C object CMakeFiles/interfaz__rosidl_typesupport_introspection_c.dir/rosidl_typesupport_introspection_c/interfaz/action/detail/battery__type_support.c.o[0m
[12.529s] [ 59%] [32m[1mLinking C shared library libinterfaz__rosidl_typesupport_introspection_c.so[0m
[12.673s] [ 59%] Built target interfaz__rosidl_typesupport_introspection_c
[12.697s] [ 59%] Built target interfaz__rosidl_typesupport_introspection_cpp
[13.049s] [ 60%] [32m[1mLinking CXX shared library libinterfaz__rosidl_typesupport_cpp.so[0m
[13.224s] [ 60%] Built target interfaz__rosidl_typesupport_cpp
[13.618s] [ 61%] [32mBuilding CXX object CMakeFiles/interfaz__rosidl_typesupport_fastrtps_c.dir/rosidl_typesupport_fastrtps_c/interfaz/msg/detail/p2pkg_mensaje__type_support_c.cpp.o[0m
[13.619s] [ 63%] [32mBuilding CXX object CMakeFiles/interfaz__rosidl_typesupport_fastrtps_c.dir/rosidl_typesupport_fastrtps_c/interfaz/msg/detail/mi_mensaje__type_support_c.cpp.o[0m
[13.626s] [ 64%] [32mBuilding CXX object CMakeFiles/interfaz__rosidl_typesupport_fastrtps_c.dir/rosidl_typesupport_fastrtps_c/interfaz/srv/detail/convert_temp__type_support_c.cpp.o[0m
[13.627s] [ 66%] [32mBuilding CXX object CMakeFiles/interfaz__rosidl_typesupport_fastrtps_c.dir/rosidl_typesupport_fastrtps_c/interfaz/action/detail/fibonacci__type_support_c.cpp.o[0m
[13.631s] [ 67%] [32mBuilding CXX object CMakeFiles/interfaz__rosidl_typesupport_fastrtps_c.dir/rosidl_typesupport_fastrtps_c/interfaz/action/detail/ej_fibonacci__type_support_c.cpp.o[0m
[13.635s] [ 69%] [32mBuilding CXX object CMakeFiles/interfaz__rosidl_typesupport_fastrtps_c.dir/rosidl_typesupport_fastrtps_c/interfaz/action/detail/battery__type_support_c.cpp.o[0m
[13.851s] [ 70%] [32mBuilding CXX object CMakeFiles/interfaz__rosidl_typesupport_fastrtps_cpp.dir/rosidl_typesupport_fastrtps_cpp/interfaz/action/detail/dds_fastrtps/ej_fibonacci__type_support.cpp.o[0m
[13.851s] [ 71%] [32mBuilding CXX object CMakeFiles/interfaz__rosidl_typesupport_fastrtps_cpp.dir/rosidl_typesupport_fastrtps_cpp/interfaz/msg/detail/dds_fastrtps/mi_mensaje__type_support.cpp.o[0m
[13.852s] [ 73%] [32mBuilding CXX object CMakeFiles/interfaz__rosidl_typesupport_fastrtps_cpp.dir/rosidl_typesupport_fastrtps_cpp/interfaz/action/detail/dds_fastrtps/battery__type_support.cpp.o[0m
[13.860s] [ 74%] [32mBuilding CXX object CMakeFiles/interfaz__rosidl_typesupport_fastrtps_cpp.dir/rosidl_typesupport_fastrtps_cpp/interfaz/action/detail/dds_fastrtps/fibonacci__type_support.cpp.o[0m
[13.860s] [ 76%] [32mBuilding CXX object CMakeFiles/interfaz__rosidl_typesupport_fastrtps_cpp.dir/rosidl_typesupport_fastrtps_cpp/interfaz/msg/detail/dds_fastrtps/p2pkg_mensaje__type_support.cpp.o[0m
[13.867s] [ 77%] [32mBuilding CXX object CMakeFiles/interfaz__rosidl_typesupport_fastrtps_cpp.dir/rosidl_typesupport_fastrtps_cpp/interfaz/srv/detail/dds_fastrtps/convert_temp__type_support.cpp.o[0m
[15.331s] [ 78%] [32m[1mLinking CXX shared library libinterfaz__rosidl_typesupport_fastrtps_c.so[0m
[15.472s] [ 78%] Built target interfaz__rosidl_typesupport_fastrtps_c
[15.814s] [ 80%] [32m[1mLinking CXX shared library libinterfaz__rosidl_typesupport_fastrtps_cpp.so[0m
[15.952s] [ 80%] Built target interfaz__rosidl_typesupport_fastrtps_cpp
[15.985s] [ 80%] Built target interfaz
[16.017s] [ 81%] [34m[1mGenerating Python code for ROS interfaces[0m
[18.901s] [ 81%] Built target interfaz__py
[18.933s] [ 83%] [32mBuilding C object CMakeFiles/interfaz__rosidl_generator_py.dir/rosidl_generator_py/interfaz/msg/_p2pkg_mensaje_s.c.o[0m
[18.933s] [ 84%] [32mBuilding C object CMakeFiles/interfaz__rosidl_generator_py.dir/rosidl_generator_py/interfaz/msg/_mi_mensaje_s.c.o[0m
[18.933s] [ 85%] [32mBuilding C object CMakeFiles/interfaz__rosidl_generator_py.dir/rosidl_generator_py/interfaz/action/_fibonacci_s.c.o[0m
[18.937s] [ 87%] [32mBuilding C object CMakeFiles/interfaz__rosidl_generator_py.dir/rosidl_generator_py/interfaz/action/_ej_fibonacci_s.c.o[0m
[18.940s] [ 88%] [32mBuilding C object CMakeFiles/interfaz__rosidl_generator_py.dir/rosidl_generator_py/interfaz/action/_battery_s.c.o[0m
[18.942s] [ 90%] [32mBuilding C object CMakeFiles/interfaz__rosidl_generator_py.dir/rosidl_generator_py/interfaz/srv/_convert_temp_s.c.o[0m
[19.253s] [ 91%] [32m[1mLinking C shared library rosidl_generator_py/interfaz/libinterfaz__rosidl_generator_py.so[0m
[19.322s] [ 91%] Built target interfaz__rosidl_generator_py
[19.349s] [ 92%] [32mBuilding C object CMakeFiles/interfaz__rosidl_typesupport_fastrtps_c__pyext.dir/rosidl_generator_py/interfaz/_interfaz_s.ep.rosidl_typesupport_fastrtps_c.c.o[0m
[19.353s] [ 94%] [32mBuilding C object CMakeFiles/interfaz__rosidl_typesupport_introspection_c__pyext.dir/rosidl_generator_py/interfaz/_interfaz_s.ep.rosidl_typesupport_introspection_c.c.o[0m
[19.353s] [ 95%] [32mBuilding C object CMakeFiles/interfaz__rosidl_typesupport_c__pyext.dir/rosidl_generator_py/interfaz/_interfaz_s.ep.rosidl_typesupport_c.c.o[0m
[19.596s] [ 97%] [32m[1mLinking C shared library rosidl_generator_py/interfaz/interfaz_s__rosidl_typesupport_fastrtps_c.cpython-310-x86_64-linux-gnu.so[0m
[19.643s] [ 98%] [32m[1mLinking C shared library rosidl_generator_py/interfaz/interfaz_s__rosidl_typesupport_c.cpython-310-x86_64-linux-gnu.so[0m
[19.645s] [100%] [32m[1mLinking C shared library rosidl_generator_py/interfaz/interfaz_s__rosidl_typesupport_introspection_c.cpython-310-x86_64-linux-gnu.so[0m
[19.649s] [100%] Built target interfaz__rosidl_typesupport_fastrtps_c__pyext
[19.698s] [100%] Built target interfaz__rosidl_typesupport_c__pyext
[19.719s] [100%] Built target interfaz__rosidl_typesupport_introspection_c__pyext
[19.735s] Invoked command in '/workspace/ros2_ws/build/interfaz' returned '0': CMAKE_PREFIX_PATH=${CMAKE_PREFIX_PATH}:/workspace/ros2_ws/install/voice_bot_pkg:/workspace/ros2_ws/install/turtlebot3_teleop:/workspace/ros2_ws/install/turtlebot3_example:/workspace/ros2_ws/install/servicio_suma:/workspace/ros2_ws/install/service_temp:/workspace/ros2_ws/install/primer_paquete:/workspace/ros2_ws/install/paquete1:/workspace/ros2_ws/install/p3_pkg:/workspace/ros2_ws/install/p2pkg:/workspace/ros2_ws/install/mi_accion:/workspace/ros2_ws/install/maze_pkg:/workspace/ros2_ws/install/battery_act:/workspace/ros2_ws/src/voice_bot_pkg/install/voice_bot_pkg:/workspace/install/servicio_suma:/opt/ros/humble /usr/bin/cmake --build /workspace/ros2_ws/build/interfaz -- -j12 -l12
[19.737s] Invoking command in '/workspace/ros2_ws/build/interfaz': CMAKE_PREFIX_PATH=${CMAKE_PREFIX_PATH}:/workspace/ros2_ws/install/voice_bot_pkg:/workspace/ros2_ws/install/turtlebot3_teleop:/workspace/ros2_ws/install/turtlebot3_example:/workspace/ros2_ws/install/servicio_suma:/workspace/ros2_ws/install/service_temp:/workspace/ros2_ws/install/primer_paquete:/workspace/ros2_ws/install/paquete1:/workspace/ros2_ws/install/p3_pkg:/workspace/ros2_ws/install/p2pkg:/workspace/ros2_ws/install/mi_accion:/workspace/ros2_ws/install/maze_pkg:/workspace/ros2_ws/install/battery_act:/workspace/ros2_ws/src/voice_bot_pkg/install/voice_bot_pkg:/workspace/install/servicio_suma:/opt/ros/humble /usr/bin/cmake --install /workspace/ros2_ws/build/interfaz
[19.748s] -- Install configuration: ""
[19.749s] -- Execute custom install script
[19.750s] -- Symlinking: /workspace/ros2_ws/install/interfaz/share/ament_index/resource_index/rosidl_interfaces/interfaz
[19.759s] -- Symlinking: /workspace/ros2_ws/install/interfaz/include/interfaz/interfaz/action/battery.h
[19.767s] -- Symlinking: /workspace/ros2_ws/install/interfaz/include/interfaz/interfaz/action/detail/battery__functions.h
[19.776s] -- Symlinking: /workspace/ros2_ws/install/interfaz/include/interfaz/interfaz/action/detail/battery__struct.h
[19.786s] -- Symlinking: /workspace/ros2_ws/install/interfaz/include/interfaz/interfaz/action/detail/battery__type_support.h
[19.796s] -- Symlinking: /workspace/ros2_ws/install/interfaz/include/interfaz/interfaz/action/detail/ej_fibonacci__functions.h
[19.809s] -- Symlinking: /workspace/ros2_ws/install/interfaz/include/interfaz/interfaz/action/detail/ej_fibonacci__struct.h
[19.817s] -- Symlinking: /workspace/ros2_ws/install/interfaz/include/interfaz/interfaz/action/detail/ej_fibonacci__type_support.h
[19.826s] -- Symlinking: /workspace/ros2_ws/install/interfaz/include/interfaz/interfaz/action/detail/fibonacci__functions.h
[19.836s] -- Symlinking: /workspace/ros2_ws/install/interfaz/include/interfaz/interfaz/action/detail/fibonacci__struct.h
[19.844s] -- Symlinking: /workspace/ros2_ws/install/interfaz/include/interfaz/interfaz/action/detail/fibonacci__type_support.h
[19.855s] -- Symlinking: /workspace/ros2_ws/install/interfaz/include/interfaz/interfaz/action/ej_fibonacci.h
[19.867s] -- Symlinking: /workspace/ros2_ws/install/interfaz/include/interfaz/interfaz/action/fibonacci.h
[19.877s] -- Symlinking: /workspace/ros2_ws/install/interfaz/include/interfaz/interfaz/msg/detail/mi_mensaje__functions.h
[19.887s] -- Symlinking: /workspace/ros2_ws/install/interfaz/include/interfaz/interfaz/msg/detail/mi_mensaje__struct.h
[19.895s] -- Symlinking: /workspace/ros2_ws/install/interfaz/include/interfaz/interfaz/msg/detail/mi_mensaje__type_support.h
[19.906s] -- Symlinking: /workspace/ros2_ws/install/interfaz/include/interfaz/interfaz/msg/detail/p2pkg_mensaje__functions.h
[19.917s] -- Symlinking: /workspace/ros2_ws/install/interfaz/include/interfaz/interfaz/msg/detail/p2pkg_mensaje__struct.h
[19.928s] -- Symlinking: /workspace/ros2_ws/install/interfaz/include/interfaz/interfaz/msg/detail/p2pkg_mensaje__type_support.h
[19.937s] -- Symlinking: /workspace/ros2_ws/install/interfaz/include/interfaz/interfaz/msg/mi_mensaje.h
[19.946s] -- Symlinking: /workspace/ros2_ws/install/interfaz/include/interfaz/interfaz/msg/p2pkg_mensaje.h
[19.954s] -- Symlinking: /workspace/ros2_ws/install/interfaz/include/interfaz/interfaz/msg/rosidl_generator_c__visibility_control.h
[19.965s] -- Symlinking: /workspace/ros2_ws/install/interfaz/include/interfaz/interfaz/srv/convert_temp.h
[19.974s] -- Symlinking: /workspace/ros2_ws/install/interfaz/include/interfaz/interfaz/srv/detail/convert_temp__functions.h
[19.983s] -- Symlinking: /workspace/ros2_ws/install/interfaz/include/interfaz/interfaz/srv/detail/convert_temp__struct.h
[19.992s] -- Symlinking: /workspace/ros2_ws/install/interfaz/include/interfaz/interfaz/srv/detail/convert_temp__type_support.h
[20.004s] -- Symlinking: /workspace/ros2_ws/install/interfaz/share/interfaz/environment/library_path.sh
[20.019s] -- Symlinking: /workspace/ros2_ws/install/interfaz/share/interfaz/environment/library_path.dsv
[20.031s] -- Symlinking: /workspace/ros2_ws/install/interfaz/include/interfaz/interfaz/action/detail/battery__rosidl_typesupport_fastrtps_c.h
[20.040s] -- Symlinking: /workspace/ros2_ws/install/interfaz/include/interfaz/interfaz/action/detail/ej_fibonacci__rosidl_typesupport_fastrtps_c.h
[20.051s] -- Symlinking: /workspace/ros2_ws/install/interfaz/include/interfaz/interfaz/action/detail/fibonacci__rosidl_typesupport_fastrtps_c.h
[20.062s] -- Symlinking: /workspace/ros2_ws/install/interfaz/include/interfaz/interfaz/msg/detail/mi_mensaje__rosidl_typesupport_fastrtps_c.h
[20.075s] -- Symlinking: /workspace/ros2_ws/install/interfaz/include/interfaz/interfaz/msg/detail/p2pkg_mensaje__rosidl_typesupport_fastrtps_c.h
[20.089s] -- Symlinking: /workspace/ros2_ws/install/interfaz/include/interfaz/interfaz/msg/rosidl_typesupport_fastrtps_c__visibility_control.h
[20.102s] -- Symlinking: /workspace/ros2_ws/install/interfaz/include/interfaz/interfaz/srv/detail/convert_temp__rosidl_typesupport_fastrtps_c.h
[20.111s] -- Symlinking: /workspace/ros2_ws/install/interfaz/include/interfaz/interfaz/action/battery.hpp
[20.122s] -- Symlinking: /workspace/ros2_ws/install/interfaz/include/interfaz/interfaz/action/detail/battery__builder.hpp
[20.135s] -- Symlinking: /workspace/ros2_ws/install/interfaz/include/interfaz/interfaz/action/detail/battery__struct.hpp
[20.145s] -- Symlinking: /workspace/ros2_ws/install/interfaz/include/interfaz/interfaz/action/detail/battery__traits.hpp
[20.153s] -- Symlinking: /workspace/ros2_ws/install/interfaz/include/interfaz/interfaz/action/detail/battery__type_support.hpp
[20.161s] -- Symlinking: /workspace/ros2_ws/install/interfaz/include/interfaz/interfaz/action/detail/ej_fibonacci__builder.hpp
[20.170s] -- Symlinking: /workspace/ros2_ws/install/interfaz/include/interfaz/interfaz/action/detail/ej_fibonacci__struct.hpp
[20.178s] -- Symlinking: /workspace/ros2_ws/install/interfaz/include/interfaz/interfaz/action/detail/ej_fibonacci__traits.hpp
[20.188s] -- Symlinking: /workspace/ros2_ws/install/interfaz/include/interfaz/interfaz/action/detail/ej_fibonacci__type_support.hpp
[20.196s] -- Symlinking: /workspace/ros2_ws/install/interfaz/include/interfaz/interfaz/action/detail/fibonacci__builder.hpp
[20.205s] -- Symlinking: /workspace/ros2_ws/install/interfaz/include/interfaz/interfaz/action/detail/fibonacci__struct.hpp
[20.213s] -- Symlinking: /workspace/ros2_ws/install/interfaz/include/interfaz/interfaz/action/detail/fibonacci__traits.hpp
[20.226s] -- Symlinking: /workspace/ros2_ws/install/interfaz/include/interfaz/interfaz/action/detail/fibonacci__type_support.hpp
[20.240s] -- Symlinking: /workspace/ros2_ws/install/interfaz/include/interfaz/interfaz/action/ej_fibonacci.hpp
[20.252s] -- Symlinking: /workspace/ros2_ws/install/interfaz/include/interfaz/interfaz/action/fibonacci.hpp
[20.265s] -- Symlinking: /workspace/ros2_ws/install/interfaz/include/interfaz/interfaz/msg/detail/mi_mensaje__builder.hpp
[20.273s] -- Symlinking: /workspace/ros2_ws/install/interfaz/include/interfaz/interfaz/msg/detail/mi_mensaje__struct.hpp
[20.284s] -- Symlinking: /workspace/ros2_ws/install/interfaz/include/interfaz/interfaz/msg/detail/mi_mensaje__traits.hpp
[20.296s] -- Symlinking: /workspace/ros2_ws/install/interfaz/include/interfaz/interfaz/msg/detail/mi_mensaje__type_support.hpp
[20.305s] -- Symlinking: /workspace/ros2_ws/install/interfaz/include/interfaz/interfaz/msg/detail/p2pkg_mensaje__builder.hpp
[20.316s] -- Symlinking: /workspace/ros2_ws/install/interfaz/include/interfaz/interfaz/msg/detail/p2pkg_mensaje__struct.hpp
[20.329s] -- Symlinking: /workspace/ros2_ws/install/interfaz/include/interfaz/interfaz/msg/detail/p2pkg_mensaje__traits.hpp
[20.342s] -- Symlinking: /workspace/ros2_ws/install/interfaz/include/interfaz/interfaz/msg/detail/p2pkg_mensaje__type_support.hpp
[20.352s] -- Symlinking: /workspace/ros2_ws/install/interfaz/include/interfaz/interfaz/msg/mi_mensaje.hpp
[20.360s] -- Symlinking: /workspace/ros2_ws/install/interfaz/include/interfaz/interfaz/msg/p2pkg_mensaje.hpp
[20.373s] -- Symlinking: /workspace/ros2_ws/install/interfaz/include/interfaz/interfaz/msg/rosidl_generator_cpp__visibility_control.hpp
[20.386s] -- Symlinking: /workspace/ros2_ws/install/interfaz/include/interfaz/interfaz/srv/convert_temp.hpp
[20.394s] -- Symlinking: /workspace/ros2_ws/install/interfaz/include/interfaz/interfaz/srv/detail/convert_temp__builder.hpp
[20.404s] -- Symlinking: /workspace/ros2_ws/install/interfaz/include/interfaz/interfaz/srv/detail/convert_temp__struct.hpp
[20.416s] -- Symlinking: /workspace/ros2_ws/install/interfaz/include/interfaz/interfaz/srv/detail/convert_temp__traits.hpp
[20.430s] -- Symlinking: /workspace/ros2_ws/install/interfaz/include/interfaz/interfaz/srv/detail/convert_temp__type_support.hpp
[20.443s] -- Symlinking: /workspace/ros2_ws/install/interfaz/include/interfaz/interfaz/action/detail/battery__rosidl_typesupport_fastrtps_cpp.hpp
[20.454s] -- Symlinking: /workspace/ros2_ws/install/interfaz/include/interfaz/interfaz/action/detail/ej_fibonacci__rosidl_typesupport_fastrtps_cpp.hpp
[20.465s] -- Symlinking: /workspace/ros2_ws/install/interfaz/include/interfaz/interfaz/action/detail/fibonacci__rosidl_typesupport_fastrtps_cpp.hpp
[20.473s] -- Symlinking: /workspace/ros2_ws/install/interfaz/include/interfaz/interfaz/msg/detail/mi_mensaje__rosidl_typesupport_fastrtps_cpp.hpp
[20.484s] -- Symlinking: /workspace/ros2_ws/install/interfaz/include/interfaz/interfaz/msg/detail/p2pkg_mensaje__rosidl_typesupport_fastrtps_cpp.hpp
[20.496s] -- Symlinking: /workspace/ros2_ws/install/interfaz/include/interfaz/interfaz/msg/rosidl_typesupport_fastrtps_cpp__visibility_control.h
[20.505s] -- Symlinking: /workspace/ros2_ws/install/interfaz/include/interfaz/interfaz/srv/detail/convert_temp__rosidl_typesupport_fastrtps_cpp.hpp
[20.516s] -- Symlinking: /workspace/ros2_ws/install/interfaz/include/interfaz/interfaz/action/detail/battery__rosidl_typesupport_introspection_c.h
[20.527s] -- Symlinking: /workspace/ros2_ws/install/interfaz/include/interfaz/interfaz/action/detail/ej_fibonacci__rosidl_typesupport_introspection_c.h
[20.541s] -- Symlinking: /workspace/ros2_ws/install/interfaz/include/interfaz/interfaz/action/detail/fibonacci__rosidl_typesupport_introspection_c.h
[20.551s] -- Symlinking: /workspace/ros2_ws/install/interfaz/include/interfaz/interfaz/msg/detail/mi_mensaje__rosidl_typesupport_introspection_c.h
[20.560s] -- Symlinking: /workspace/ros2_ws/install/interfaz/include/interfaz/interfaz/msg/detail/p2pkg_mensaje__rosidl_typesupport_introspection_c.h
[20.573s] -- Symlinking: /workspace/ros2_ws/install/interfaz/include/interfaz/interfaz/msg/rosidl_typesupport_introspection_c__visibility_control.h
[20.585s] -- Symlinking: /workspace/ros2_ws/install/interfaz/include/interfaz/interfaz/srv/detail/convert_temp__rosidl_typesupport_introspection_c.h
[20.599s] -- Symlinking: /workspace/ros2_ws/install/interfaz/include/interfaz/interfaz/action/detail/battery__rosidl_typesupport_introspection_cpp.hpp
[20.610s] -- Symlinking: /workspace/ros2_ws/install/interfaz/include/interfaz/interfaz/action/detail/ej_fibonacci__rosidl_typesupport_introspection_cpp.hpp
[20.623s] -- Symlinking: /workspace/ros2_ws/install/interfaz/include/interfaz/interfaz/action/detail/fibonacci__rosidl_typesupport_introspection_cpp.hpp
[20.637s] -- Symlinking: /workspace/ros2_ws/install/interfaz/include/interfaz/interfaz/msg/detail/mi_mensaje__rosidl_typesupport_introspection_cpp.hpp
[20.650s] -- Symlinking: /workspace/ros2_ws/install/interfaz/include/interfaz/interfaz/msg/detail/p2pkg_mensaje__rosidl_typesupport_introspection_cpp.hpp
[20.659s] -- Symlinking: /workspace/ros2_ws/install/interfaz/include/interfaz/interfaz/srv/detail/convert_temp__rosidl_typesupport_introspection_cpp.hpp
[20.669s] -- Symlinking: /workspace/ros2_ws/install/interfaz/share/interfaz/environment/pythonpath.sh
[20.679s] -- Symlinking: /workspace/ros2_ws/install/interfaz/share/interfaz/environment/pythonpath.dsv
[20.692s] -- Symlinking: /workspace/ros2_ws/install/interfaz/local/lib/python3.10/dist-packages/interfaz-0.0.0-py3.10.egg-info/PKG-INFO
[20.705s] -- Symlinking: /workspace/ros2_ws/install/interfaz/local/lib/python3.10/dist-packages/interfaz-0.0.0-py3.10.egg-info/SOURCES.txt
[20.718s] -- Symlinking: /workspace/ros2_ws/install/interfaz/local/lib/python3.10/dist-packages/interfaz-0.0.0-py3.10.egg-info/dependency_links.txt
[20.730s] -- Symlinking: /workspace/ros2_ws/install/interfaz/local/lib/python3.10/dist-packages/interfaz-0.0.0-py3.10.egg-info/top_level.txt
[20.746s] -- Symlinking: /workspace/ros2_ws/install/interfaz/local/lib/python3.10/dist-packages/interfaz/__init__.py
[20.754s] -- Symlinking: /workspace/ros2_ws/install/interfaz/local/lib/python3.10/dist-packages/interfaz/_interfaz_s.ep.rosidl_typesupport_c.c
[20.767s] -- Symlinking: /workspace/ros2_ws/install/interfaz/local/lib/python3.10/dist-packages/interfaz/_interfaz_s.ep.rosidl_typesupport_fastrtps_c.c
[20.779s] -- Symlinking: /workspace/ros2_ws/install/interfaz/local/lib/python3.10/dist-packages/interfaz/_interfaz_s.ep.rosidl_typesupport_introspection_c.c
[20.791s] -- Symlinking: /workspace/ros2_ws/install/interfaz/local/lib/python3.10/dist-packages/interfaz/action/__init__.py
[20.800s] -- Symlinking: /workspace/ros2_ws/install/interfaz/local/lib/python3.10/dist-packages/interfaz/action/_battery.py
[20.810s] -- Symlinking: /workspace/ros2_ws/install/interfaz/local/lib/python3.10/dist-packages/interfaz/action/_battery_s.c
[20.820s] -- Symlinking: /workspace/ros2_ws/install/interfaz/local/lib/python3.10/dist-packages/interfaz/action/_ej_fibonacci.py
[20.829s] -- Symlinking: /workspace/ros2_ws/install/interfaz/local/lib/python3.10/dist-packages/interfaz/action/_ej_fibonacci_s.c
[20.838s] -- Symlinking: /workspace/ros2_ws/install/interfaz/local/lib/python3.10/dist-packages/interfaz/action/_fibonacci.py
[20.847s] -- Symlinking: /workspace/ros2_ws/install/interfaz/local/lib/python3.10/dist-packages/interfaz/action/_fibonacci_s.c
[20.857s] -- Symlinking: /workspace/ros2_ws/install/interfaz/local/lib/python3.10/dist-packages/interfaz/interfaz_s__rosidl_typesupport_c.cpython-310-x86_64-linux-gnu.so
[20.868s] -- Symlinking: /workspace/ros2_ws/install/interfaz/local/lib/python3.10/dist-packages/interfaz/interfaz_s__rosidl_typesupport_fastrtps_c.cpython-310-x86_64-linux-gnu.so
[20.877s] -- Symlinking: /workspace/ros2_ws/install/interfaz/local/lib/python3.10/dist-packages/interfaz/interfaz_s__rosidl_typesupport_introspection_c.cpython-310-x86_64-linux-gnu.so
[20.885s] -- Symlinking: /workspace/ros2_ws/install/interfaz/local/lib/python3.10/dist-packages/interfaz/libinterfaz__rosidl_generator_py.so
[20.898s] -- Symlinking: /workspace/ros2_ws/install/interfaz/local/lib/python3.10/dist-packages/interfaz/msg/__init__.py
[20.908s] -- Symlinking: /workspace/ros2_ws/install/interfaz/local/lib/python3.10/dist-packages/interfaz/msg/_mi_mensaje.py
[20.919s] -- Symlinking: /workspace/ros2_ws/install/interfaz/local/lib/python3.10/dist-packages/interfaz/msg/_mi_mensaje_s.c
[20.935s] -- Symlinking: /workspace/ros2_ws/install/interfaz/local/lib/python3.10/dist-packages/interfaz/msg/_p2pkg_mensaje.py
[20.947s] -- Symlinking: /workspace/ros2_ws/install/interfaz/local/lib/python3.10/dist-packages/interfaz/msg/_p2pkg_mensaje_s.c
[20.955s] -- Symlinking: /workspace/ros2_ws/install/interfaz/local/lib/python3.10/dist-packages/interfaz/srv/__init__.py
[20.964s] -- Symlinking: /workspace/ros2_ws/install/interfaz/local/lib/python3.10/dist-packages/interfaz/srv/_convert_temp.py
[20.972s] -- Symlinking: /workspace/ros2_ws/install/interfaz/local/lib/python3.10/dist-packages/interfaz/srv/_convert_temp_s.c
[20.981s] -- Up-to-date symlink: /workspace/ros2_ws/install/interfaz/local/lib/python3.10/dist-packages/interfaz/interfaz_s__rosidl_typesupport_fastrtps_c.cpython-310-x86_64-linux-gnu.so
[20.981s] -- Up-to-date symlink: /workspace/ros2_ws/install/interfaz/local/lib/python3.10/dist-packages/interfaz/interfaz_s__rosidl_typesupport_introspection_c.cpython-310-x86_64-linux-gnu.so
[20.982s] -- Up-to-date symlink: /workspace/ros2_ws/install/interfaz/local/lib/python3.10/dist-packages/interfaz/interfaz_s__rosidl_typesupport_c.cpython-310-x86_64-linux-gnu.so
[20.982s] -- Symlinking: /workspace/ros2_ws/install/interfaz/share/interfaz/msg/MiMensaje.idl
[20.992s] -- Symlinking: /workspace/ros2_ws/install/interfaz/share/interfaz/msg/P2pkgMensaje.idl
[21.000s] -- Symlinking: /workspace/ros2_ws/install/interfaz/share/interfaz/action/Fibonacci.idl
[21.010s] -- Symlinking: /workspace/ros2_ws/install/interfaz/share/interfaz/action/EjFibonacci.idl
[21.024s] -- Symlinking: /workspace/ros2_ws/install/interfaz/share/interfaz/srv/ConvertTemp.idl
[21.038s] -- Symlinking: /workspace/ros2_ws/install/interfaz/share/interfaz/action/Battery.idl
[21.051s] -- Symlinking: /workspace/ros2_ws/install/interfaz/share/interfaz/msg/MiMensaje.msg
[21.068s] -- Symlinking: /workspace/ros2_ws/install/interfaz/share/interfaz/msg/P2pkgMensaje.msg
[21.079s] -- Symlinking: /workspace/ros2_ws/install/interfaz/share/interfaz/action/Fibonacci.action
[21.091s] -- Symlinking: /workspace/ros2_ws/install/interfaz/share/interfaz/action/EjFibonacci.action
[21.105s] -- Symlinking: /workspace/ros2_ws/install/interfaz/share/interfaz/srv/ConvertTemp.srv
[21.119s] -- Symlinking: /workspace/ros2_ws/install/interfaz/share/interfaz/srv/ConvertTemp_Request.msg
[21.132s] -- Symlinking: /workspace/ros2_ws/install/interfaz/share/interfaz/srv/ConvertTemp_Response.msg
[21.145s] -- Symlinking: /workspace/ros2_ws/install/interfaz/share/interfaz/action/Battery.action
[21.158s] -- Symlinking: /workspace/ros2_ws/install/interfaz/share/ament_index/resource_index/package_run_dependencies/interfaz
[21.171s] -- Symlinking: /workspace/ros2_ws/install/interfaz/share/ament_index/resource_index/parent_prefix_path/interfaz
[21.184s] -- Symlinking: /workspace/ros2_ws/install/interfaz/share/interfaz/environment/ament_prefix_path.sh
[21.196s] -- Symlinking: /workspace/ros2_ws/install/interfaz/share/interfaz/environment/ament_prefix_path.dsv
[21.209s] -- Symlinking: /workspace/ros2_ws/install/interfaz/share/interfaz/environment/path.sh
[21.222s] -- Symlinking: /workspace/ros2_ws/install/interfaz/share/interfaz/environment/path.dsv
[21.237s] -- Symlinking: /workspace/ros2_ws/install/interfaz/share/interfaz/local_setup.bash
[21.250s] -- Symlinking: /workspace/ros2_ws/install/interfaz/share/interfaz/local_setup.sh
[21.264s] -- Symlinking: /workspace/ros2_ws/install/interfaz/share/interfaz/local_setup.zsh
[21.278s] -- Symlinking: /workspace/ros2_ws/install/interfaz/share/interfaz/local_setup.dsv
[21.292s] -- Symlinking: /workspace/ros2_ws/install/interfaz/share/interfaz/package.dsv
[21.307s] -- Symlinking: /workspace/ros2_ws/install/interfaz/share/ament_index/resource_index/packages/interfaz
[21.321s] -- Symlinking: /workspace/ros2_ws/install/interfaz/share/interfaz/cmake/rosidl_cmake-extras.cmake
[21.335s] -- Symlinking: /workspace/ros2_ws/install/interfaz/share/interfaz/cmake/ament_cmake_export_dependencies-extras.cmake
[21.346s] -- Symlinking: /workspace/ros2_ws/install/interfaz/share/interfaz/cmake/ament_cmake_export_include_directories-extras.cmake
[21.360s] -- Symlinking: /workspace/ros2_ws/install/interfaz/share/interfaz/cmake/ament_cmake_export_libraries-extras.cmake
[21.368s] -- Symlinking: /workspace/ros2_ws/install/interfaz/share/interfaz/cmake/ament_cmake_export_targets-extras.cmake
[21.377s] -- Symlinking: /workspace/ros2_ws/install/interfaz/share/interfaz/cmake/rosidl_cmake_export_typesupport_targets-extras.cmake
[21.385s] -- Symlinking: /workspace/ros2_ws/install/interfaz/share/interfaz/cmake/rosidl_cmake_export_typesupport_libraries-extras.cmake
[21.397s] -- Symlinking: /workspace/ros2_ws/install/interfaz/share/interfaz/cmake/interfazConfig.cmake
[21.410s] -- Symlinking: /workspace/ros2_ws/install/interfaz/share/interfaz/cmake/interfazConfig-version.cmake
[21.424s] -- Symlinking: /workspace/ros2_ws/install/interfaz/share/interfaz/package.xml
[21.438s] -- Installing: /workspace/ros2_ws/install/interfaz/lib/libinterfaz__rosidl_generator_c.so
[21.445s] -- Set runtime path of "/workspace/ros2_ws/install/interfaz/lib/libinterfaz__rosidl_generator_c.so" to ""
[21.446s] -- Installing: /workspace/ros2_ws/install/interfaz/lib/libinterfaz__rosidl_typesupport_fastrtps_c.so
[21.446s] -- Set runtime path of "/workspace/ros2_ws/install/interfaz/lib/libinterfaz__rosidl_typesupport_fastrtps_c.so" to ""
[21.446s] -- Installing: /workspace/ros2_ws/install/interfaz/lib/libinterfaz__rosidl_typesupport_fastrtps_cpp.so
[21.446s] -- Set runtime path of "/workspace/ros2_ws/install/interfaz/lib/libinterfaz__rosidl_typesupport_fastrtps_cpp.so" to ""
[21.447s] -- Installing: /workspace/ros2_ws/install/interfaz/lib/libinterfaz__rosidl_typesupport_introspection_c.so
[21.448s] -- Set runtime path of "/workspace/ros2_ws/install/interfaz/lib/libinterfaz__rosidl_typesupport_introspection_c.so" to ""
[21.448s] -- Installing: /workspace/ros2_ws/install/interfaz/lib/libinterfaz__rosidl_typesupport_c.so
[21.452s] -- Set runtime path of "/workspace/ros2_ws/install/interfaz/lib/libinterfaz__rosidl_typesupport_c.so" to ""
[21.452s] -- Installing: /workspace/ros2_ws/install/interfaz/lib/libinterfaz__rosidl_typesupport_introspection_cpp.so
[21.455s] -- Set runtime path of "/workspace/ros2_ws/install/interfaz/lib/libinterfaz__rosidl_typesupport_introspection_cpp.so" to ""
[21.456s] -- Installing: /workspace/ros2_ws/install/interfaz/lib/libinterfaz__rosidl_typesupport_cpp.so
[21.461s] -- Set runtime path of "/workspace/ros2_ws/install/interfaz/lib/libinterfaz__rosidl_typesupport_cpp.so" to ""
[21.593s] Listing '/workspace/ros2_ws/install/interfaz/local/lib/python3.10/dist-packages/interfaz'...
[21.593s] Compiling '/workspace/ros2_ws/install/interfaz/local/lib/python3.10/dist-packages/interfaz/__init__.py'...
[21.593s] Listing '/workspace/ros2_ws/install/interfaz/local/lib/python3.10/dist-packages/interfaz/action'...
[21.593s] Compiling '/workspace/ros2_ws/install/interfaz/local/lib/python3.10/dist-packages/interfaz/action/__init__.py'...
[21.593s] Compiling '/workspace/ros2_ws/install/interfaz/local/lib/python3.10/dist-packages/interfaz/action/_battery.py'...
[21.593s] Compiling '/workspace/ros2_ws/install/interfaz/local/lib/python3.10/dist-packages/interfaz/action/_ej_fibonacci.py'...
[21.593s] Compiling '/workspace/ros2_ws/install/interfaz/local/lib/python3.10/dist-packages/interfaz/action/_fibonacci.py'...
[21.594s] Listing '/workspace/ros2_ws/install/interfaz/local/lib/python3.10/dist-packages/interfaz/msg'...
[21.594s] Compiling '/workspace/ros2_ws/install/interfaz/local/lib/python3.10/dist-packages/interfaz/msg/__init__.py'...
[21.594s] Compiling '/workspace/ros2_ws/install/interfaz/local/lib/python3.10/dist-packages/interfaz/msg/_mi_mensaje.py'...
[21.594s] Compiling '/workspace/ros2_ws/install/interfaz/local/lib/python3.10/dist-packages/interfaz/msg/_p2pkg_mensaje.py'...
[21.594s] Listing '/workspace/ros2_ws/install/interfaz/local/lib/python3.10/dist-packages/interfaz/srv'...
[21.594s] Compiling '/workspace/ros2_ws/install/interfaz/local/lib/python3.10/dist-packages/interfaz/srv/__init__.py'...
[21.594s] Compiling '/workspace/ros2_ws/install/interfaz/local/lib/python3.10/dist-packages/interfaz/srv/_convert_temp.py'...
[21.602s] -- Installing: /workspace/ros2_ws/install/interfaz/lib/libinterfaz__rosidl_generator_py.so
[21.604s] -- Set runtime path of "/workspace/ros2_ws/install/interfaz/lib/libinterfaz__rosidl_generator_py.so" to ""
[21.604s] -- Installing: /workspace/ros2_ws/install/interfaz/share/interfaz/cmake/export_interfaz__rosidl_generator_cExport.cmake
[21.605s] -- Installing: /workspace/ros2_ws/install/interfaz/share/interfaz/cmake/export_interfaz__rosidl_generator_cExport-noconfig.cmake
[21.605s] -- Installing: /workspace/ros2_ws/install/interfaz/share/interfaz/cmake/export_interfaz__rosidl_typesupport_fastrtps_cExport.cmake
[21.608s] -- Installing: /workspace/ros2_ws/install/interfaz/share/interfaz/cmake/export_interfaz__rosidl_typesupport_fastrtps_cExport-noconfig.cmake
[21.608s] -- Installing: /workspace/ros2_ws/install/interfaz/share/interfaz/cmake/export_interfaz__rosidl_generator_cppExport.cmake
[21.608s] -- Installing: /workspace/ros2_ws/install/interfaz/share/interfaz/cmake/export_interfaz__rosidl_typesupport_fastrtps_cppExport.cmake
[21.609s] -- Installing: /workspace/ros2_ws/install/interfaz/share/interfaz/cmake/export_interfaz__rosidl_typesupport_fastrtps_cppExport-noconfig.cmake
[21.609s] -- Installing: /workspace/ros2_ws/install/interfaz/share/interfaz/cmake/interfaz__rosidl_typesupport_introspection_cExport.cmake
[21.609s] -- Installing: /workspace/ros2_ws/install/interfaz/share/interfaz/cmake/interfaz__rosidl_typesupport_introspection_cExport-noconfig.cmake
[21.609s] -- Installing: /workspace/ros2_ws/install/interfaz/share/interfaz/cmake/interfaz__rosidl_typesupport_cExport.cmake
[21.610s] -- Installing: /workspace/ros2_ws/install/interfaz/share/interfaz/cmake/interfaz__rosidl_typesupport_cExport-noconfig.cmake
[21.610s] -- Installing: /workspace/ros2_ws/install/interfaz/share/interfaz/cmake/interfaz__rosidl_typesupport_introspection_cppExport.cmake
[21.610s] -- Installing: /workspace/ros2_ws/install/interfaz/share/interfaz/cmake/interfaz__rosidl_typesupport_introspection_cppExport-noconfig.cmake
[21.610s] -- Installing: /workspace/ros2_ws/install/interfaz/share/interfaz/cmake/interfaz__rosidl_typesupport_cppExport.cmake
[21.611s] -- Installing: /workspace/ros2_ws/install/interfaz/share/interfaz/cmake/interfaz__rosidl_typesupport_cppExport-noconfig.cmake
[21.612s] -- Installing: /workspace/ros2_ws/install/interfaz/share/interfaz/cmake/export_interfaz__rosidl_generator_pyExport.cmake
[21.613s] -- Installing: /workspace/ros2_ws/install/interfaz/share/interfaz/cmake/export_interfaz__rosidl_generator_pyExport-noconfig.cmake
[21.617s] Invoked command in '/workspace/ros2_ws/build/interfaz' returned '0': CMAKE_PREFIX_PATH=${CMAKE_PREFIX_PATH}:/workspace/ros2_ws/install/voice_bot_pkg:/workspace/ros2_ws/install/turtlebot3_teleop:/workspace/ros2_ws/install/turtlebot3_example:/workspace/ros2_ws/install/servicio_suma:/workspace/ros2_ws/install/service_temp:/workspace/ros2_ws/install/primer_paquete:/workspace/ros2_ws/install/paquete1:/workspace/ros2_ws/install/p3_pkg:/workspace/ros2_ws/install/p2pkg:/workspace/ros2_ws/install/mi_accion:/workspace/ros2_ws/install/maze_pkg:/workspace/ros2_ws/install/battery_act:/workspace/ros2_ws/src/voice_bot_pkg/install/voice_bot_pkg:/workspace/install/servicio_suma:/opt/ros/humble /usr/bin/cmake --install /workspace/ros2_ws/build/interfaz
