[3.820s] Invoking command in '/workspace/ros2_ws/src/p3_pkg': PYTHONPATH=/workspace/ros2_ws/build/p3_pkg/prefix_override:/usr/lib/python3/dist-packages/colcon_core/task/python/colcon_distutils_commands:/workspace/ros2_ws/install/p3_pkg/lib/python3.10/site-packages:${PYTHONPATH} /usr/bin/python3 -W ignore:setup.py install is deprecated -W ignore:easy_install command is deprecated setup.py egg_info --egg-base ../../build/p3_pkg build --build-base /workspace/ros2_ws/build/p3_pkg/build install --record /workspace/ros2_ws/build/p3_pkg/install.log --single-version-externally-managed install_data
[4.505s] running egg_info
[4.507s] writing ../../build/p3_pkg/p3_pkg.egg-info/PKG-INFO
[4.507s] writing dependency_links to ../../build/p3_pkg/p3_pkg.egg-info/dependency_links.txt
[4.507s] writing entry points to ../../build/p3_pkg/p3_pkg.egg-info/entry_points.txt
[4.507s] writing requirements to ../../build/p3_pkg/p3_pkg.egg-info/requires.txt
[4.508s] writing top-level names to ../../build/p3_pkg/p3_pkg.egg-info/top_level.txt
[4.510s] reading manifest file '../../build/p3_pkg/p3_pkg.egg-info/SOURCES.txt'
[4.512s] writing manifest file '../../build/p3_pkg/p3_pkg.egg-info/SOURCES.txt'
[4.512s] running build
[4.512s] running build_py
[4.512s] copying p3_pkg/aparcamiento.py -> /workspace/ros2_ws/build/p3_pkg/build/lib/p3_pkg
[4.513s] running install
[4.513s] running install_lib
[4.514s] copying /workspace/ros2_ws/build/p3_pkg/build/lib/p3_pkg/aparcamiento.py -> /workspace/ros2_ws/install/p3_pkg/lib/python3.10/site-packages/p3_pkg
[4.515s] byte-compiling /workspace/ros2_ws/install/p3_pkg/lib/python3.10/site-packages/p3_pkg/aparcamiento.py to aparcamiento.cpython-310.pyc
[4.517s] running install_data
[4.517s] running install_egg_info
[4.521s] removing '/workspace/ros2_ws/install/p3_pkg/lib/python3.10/site-packages/p3_pkg-0.0.0-py3.10.egg-info' (and everything under it)
[4.522s] Copying ../../build/p3_pkg/p3_pkg.egg-info to /workspace/ros2_ws/install/p3_pkg/lib/python3.10/site-packages/p3_pkg-0.0.0-py3.10.egg-info
[4.525s] running install_scripts
[4.582s] Installing dibuja_mov script to /workspace/ros2_ws/install/p3_pkg/lib/p3_pkg
[4.583s] Installing movimiento script to /workspace/ros2_ws/install/p3_pkg/lib/p3_pkg
[4.583s] writing list of installed files to '/workspace/ros2_ws/build/p3_pkg/install.log'
[8.128s] Invoked command in '/workspace/ros2_ws/src/p3_pkg' returned '0': PYTHONPATH=/workspace/ros2_ws/build/p3_pkg/prefix_override:/usr/lib/python3/dist-packages/colcon_core/task/python/colcon_distutils_commands:/workspace/ros2_ws/install/p3_pkg/lib/python3.10/site-packages:${PYTHONPATH} /usr/bin/python3 -W ignore:setup.py install is deprecated -W ignore:easy_install command is deprecated setup.py egg_info --egg-base ../../build/p3_pkg build --build-base /workspace/ros2_ws/build/p3_pkg/build install --record /workspace/ros2_ws/build/p3_pkg/install.log --single-version-externally-managed install_data
