running develop
running egg_info
creating p2pkg.egg-info
writing p2pkg.egg-info/PKG-INFO
writing dependency_links to p2pkg.egg-info/dependency_links.txt
writing entry points to p2pkg.egg-info/entry_points.txt
writing requirements to p2pkg.egg-info/requires.txt
writing top-level names to p2pkg.egg-info/top_level.txt
writing manifest file 'p2pkg.egg-info/SOURCES.txt'
reading manifest file 'p2pkg.egg-info/SOURCES.txt'
writing manifest file 'p2pkg.egg-info/SOURCES.txt'
running build_ext
Creating /workspace/ros2_ws/install/p2pkg/lib/python3.10/site-packages/p2pkg.egg-link (link to .)
Installing nodopub script to /workspace/ros2_ws/install/p2pkg/lib/p2pkg
Installing nodosub script to /workspace/ros2_ws/install/p2pkg/lib/p2pkg

Installed /workspace/ros2_ws/build/p2pkg
running symlink_data
creating /workspace/ros2_ws/install/p2pkg/share/ament_index
creating /workspace/ros2_ws/install/p2pkg/share/ament_index/resource_index
creating /workspace/ros2_ws/install/p2pkg/share/ament_index/resource_index/packages
symbolically linking /workspace/ros2_ws/build/p2pkg/resource/p2pkg -> /workspace/ros2_ws/install/p2pkg/share/ament_index/resource_index/packages
symbolically linking /workspace/ros2_ws/build/p2pkg/package.xml -> /workspace/ros2_ws/install/p2pkg/share/p2pkg
