[1.200s] Invoking command in '/workspace/ros2_ws/src/p3_pkg': PYTHONPATH=/workspace/ros2_ws/build/p3_pkg/prefix_override:/usr/lib/python3/dist-packages/colcon_core/task/python/colcon_distutils_commands:/workspace/ros2_ws/install/p3_pkg/lib/python3.10/site-packages:${PYTHONPATH} /usr/bin/python3 -W ignore:setup.py install is deprecated -W ignore:easy_install command is deprecated setup.py egg_info --egg-base ../../build/p3_pkg build --build-base /workspace/ros2_ws/build/p3_pkg/build install --record /workspace/ros2_ws/build/p3_pkg/install.log --single-version-externally-managed install_data
[1.687s] running egg_info
[1.687s] writing ../../build/p3_pkg/p3_pkg.egg-info/PKG-INFO
[1.688s] writing dependency_links to ../../build/p3_pkg/p3_pkg.egg-info/dependency_links.txt
[1.688s] writing entry points to ../../build/p3_pkg/p3_pkg.egg-info/entry_points.txt
[1.689s] writing requirements to ../../build/p3_pkg/p3_pkg.egg-info/requires.txt
[1.689s] writing top-level names to ../../build/p3_pkg/p3_pkg.egg-info/top_level.txt
[1.693s] reading manifest file '../../build/p3_pkg/p3_pkg.egg-info/SOURCES.txt'
[1.694s] writing manifest file '../../build/p3_pkg/p3_pkg.egg-info/SOURCES.txt'
[1.695s] running build
[1.695s] running build_py
[1.695s] copying p3_pkg/movimiento.py -> /workspace/ros2_ws/build/p3_pkg/build/lib/p3_pkg
[1.695s] running install
[1.696s] running install_lib
[1.697s] copying /workspace/ros2_ws/build/p3_pkg/build/lib/p3_pkg/movimiento.py -> /workspace/ros2_ws/install/p3_pkg/lib/python3.10/site-packages/p3_pkg
[1.698s] byte-compiling /workspace/ros2_ws/install/p3_pkg/lib/python3.10/site-packages/p3_pkg/movimiento.py to movimiento.cpython-310.pyc
[1.701s] running install_data
[1.710s] running install_egg_info
[1.710s] removing '/workspace/ros2_ws/install/p3_pkg/lib/python3.10/site-packages/p3_pkg-0.0.0-py3.10.egg-info' (and everything under it)
[1.716s] Copying ../../build/p3_pkg/p3_pkg.egg-info to /workspace/ros2_ws/install/p3_pkg/lib/python3.10/site-packages/p3_pkg-0.0.0-py3.10.egg-info
[1.723s] running install_scripts
[1.761s] Installing aparcamiento script to /workspace/ros2_ws/install/p3_pkg/lib/p3_pkg
[1.761s] Installing dibuja_mov script to /workspace/ros2_ws/install/p3_pkg/lib/p3_pkg
[1.761s] Installing movimiento script to /workspace/ros2_ws/install/p3_pkg/lib/p3_pkg
[1.764s] writing list of installed files to '/workspace/ros2_ws/build/p3_pkg/install.log'
[1.794s] Invoked command in '/workspace/ros2_ws/src/p3_pkg' returned '0': PYTHONPATH=/workspace/ros2_ws/build/p3_pkg/prefix_override:/usr/lib/python3/dist-packages/colcon_core/task/python/colcon_distutils_commands:/workspace/ros2_ws/install/p3_pkg/lib/python3.10/site-packages:${PYTHONPATH} /usr/bin/python3 -W ignore:setup.py install is deprecated -W ignore:easy_install command is deprecated setup.py egg_info --egg-base ../../build/p3_pkg build --build-base /workspace/ros2_ws/build/p3_pkg/build install --record /workspace/ros2_ws/build/p3_pkg/install.log --single-version-externally-managed install_data
