running egg_info
creating ../build/service_temp/service_temp.egg-info
writing ../build/service_temp/service_temp.egg-info/PKG-INFO
writing dependency_links to ../build/service_temp/service_temp.egg-info/dependency_links.txt
writing entry points to ../build/service_temp/service_temp.egg-info/entry_points.txt
writing requirements to ../build/service_temp/service_temp.egg-info/requires.txt
writing top-level names to ../build/service_temp/service_temp.egg-info/top_level.txt
writing manifest file '../build/service_temp/service_temp.egg-info/SOURCES.txt'
reading manifest file '../build/service_temp/service_temp.egg-info/SOURCES.txt'
adding license file 'LICENSE'
writing manifest file '../build/service_temp/service_temp.egg-info/SOURCES.txt'
running build
running build_py
creating /workspace/ros2_ws/src/build/service_temp/build
creating /workspace/ros2_ws/src/build/service_temp/build/lib
creating /workspace/ros2_ws/src/build/service_temp/build/lib/service_temp
copying service_temp/temp_client.py -> /workspace/ros2_ws/src/build/service_temp/build/lib/service_temp
copying service_temp/temp_server.py -> /workspace/ros2_ws/src/build/service_temp/build/lib/service_temp
copying service_temp/__init__.py -> /workspace/ros2_ws/src/build/service_temp/build/lib/service_temp
running install
running install_lib
creating /workspace/ros2_ws/src/install/service_temp/lib/python3.10/site-packages/service_temp
copying /workspace/ros2_ws/src/build/service_temp/build/lib/service_temp/temp_client.py -> /workspace/ros2_ws/src/install/service_temp/lib/python3.10/site-packages/service_temp
copying /workspace/ros2_ws/src/build/service_temp/build/lib/service_temp/temp_server.py -> /workspace/ros2_ws/src/install/service_temp/lib/python3.10/site-packages/service_temp
copying /workspace/ros2_ws/src/build/service_temp/build/lib/service_temp/__init__.py -> /workspace/ros2_ws/src/install/service_temp/lib/python3.10/site-packages/service_temp
byte-compiling /workspace/ros2_ws/src/install/service_temp/lib/python3.10/site-packages/service_temp/temp_client.py to temp_client.cpython-310.pyc
byte-compiling /workspace/ros2_ws/src/install/service_temp/lib/python3.10/site-packages/service_temp/temp_server.py to temp_server.cpython-310.pyc
byte-compiling /workspace/ros2_ws/src/install/service_temp/lib/python3.10/site-packages/service_temp/__init__.py to __init__.cpython-310.pyc
running install_data
creating /workspace/ros2_ws/src/install/service_temp/share/ament_index
creating /workspace/ros2_ws/src/install/service_temp/share/ament_index/resource_index
creating /workspace/ros2_ws/src/install/service_temp/share/ament_index/resource_index/packages
copying resource/service_temp -> /workspace/ros2_ws/src/install/service_temp/share/ament_index/resource_index/packages
copying package.xml -> /workspace/ros2_ws/src/install/service_temp/share/service_temp
running install_egg_info
Copying ../build/service_temp/service_temp.egg-info to /workspace/ros2_ws/src/install/service_temp/lib/python3.10/site-packages/service_temp-0.0.0-py3.10.egg-info
running install_scripts
Installing client script to /workspace/ros2_ws/src/install/service_temp/lib/service_temp
Installing server script to /workspace/ros2_ws/src/install/service_temp/lib/service_temp
writing list of installed files to '/workspace/ros2_ws/src/build/service_temp/install.log'
