-- Found ament_cmake: 1.3.12 (/opt/ros/humble/share/ament_cmake/cmake)
-- Found ament_lint_auto: 0.12.14 (/opt/ros/humble/share/ament_lint_auto/cmake)
-- Found std_msgs: 4.9.0 (/opt/ros/humble/share/std_msgs/cmake)
-- Found rosidl_generator_c: 3.1.8 (/opt/ros/humble/share/rosidl_generator_c/cmake)
-- Found rosidl_adapter: 3.1.8 (/opt/ros/humble/share/rosidl_adapter/cmake)
-- Found rosidl_generator_cpp: 3.1.8 (/opt/ros/humble/share/rosidl_generator_cpp/cmake)
-- Using all available rosidl_typesupport_c: rosidl_typesupport_fastrtps_c;rosidl_typesupport_introspection_c
-- Using all available rosidl_typesupport_cpp: rosidl_typesupport_fastrtps_cpp;rosidl_typesupport_introspection_cpp
-- Found rosidl_default_generators: 1.2.0 (/opt/ros/humble/share/rosidl_default_generators/cmake)
-- Found geometry_msgs: 4.9.0 (/opt/ros/humble/share/geometry_msgs/cmake)
-- Found ament_cmake_ros: 0.10.0 (/opt/ros/humble/share/ament_cmake_ros/cmake)
-- Using all available rosidl_typesupport_c: rosidl_typesupport_fastrtps_c;rosidl_typesupport_introspection_c
-- Using all available rosidl_typesupport_cpp: rosidl_typesupport_fastrtps_cpp;rosidl_typesupport_introspection_cpp
-- Found PythonInterp: /usr/bin/python3 (found suitable version "3.10.12", minimum required is "3.6") 
-- Found python_cmake_module: 0.10.0 (/opt/ros/humble/share/python_cmake_module/cmake)
-- Found PythonLibs: /usr/lib/x86_64-linux-gnu/libpython3.10.so (found suitable version "3.10.12", minimum required is "3.5") 
-- Using PYTHON_EXECUTABLE: /usr/bin/python3
-- Using PYTHON_INCLUDE_DIRS: /usr/include/python3.10
-- Using PYTHON_LIBRARIES: /usr/lib/x86_64-linux-gnu/libpython3.10.so
-- Found PythonExtra: .so  
-- Added test 'cppcheck' to perform static code analysis on C / C++ code
-- Configured cppcheck include dirs: 
-- Configured cppcheck exclude dirs and/or files: 
-- Added test 'flake8' to check Python code syntax and style conventions
-- Added test 'lint_cmake' to check CMake code style
-- Added test 'pep257' to check Python code against some of the docstring style conventions in PEP 257
-- Added test 'uncrustify' to check C / C++ code style
-- Configured uncrustify additional arguments: 
-- Added test 'xmllint' to check XML markup files
-- Configuring done
-- Generating done
-- Build files have been written to: /workspace/ros2_ws/src/build/interfaz
[  2%] [34m[1mGenerating C code for ROS interfaces[0m
[  5%] [34m[1mGenerating C++ code for ROS interfaces[0m
[  5%] Built target ament_cmake_python_copy_interfaz
[  7%] [32mBuilding C object CMakeFiles/interfaz__rosidl_generator_c.dir/rosidl_generator_c/interfaz/msg/detail/p2pkg_mensaje__functions.c.o[0m
[ 10%] [32mBuilding C object CMakeFiles/interfaz__rosidl_generator_c.dir/rosidl_generator_c/interfaz/msg/detail/mi_mensaje__functions.c.o[0m
[ 10%] Built target interfaz__cpp
[ 12%] [34m[1mGenerating C++ type support dispatch for ROS interfaces[0m
[ 15%] [34m[1mGenerating C++ introspection for ROS interfaces[0m
[ 17%] [34m[1mGenerating C++ type support for eProsima Fast-RTPS[0m
[ 20%] [32m[1mLinking C shared library libinterfaz__rosidl_generator_c.so[0m
running egg_info
creating interfaz.egg-info
writing interfaz.egg-info/PKG-INFO
writing dependency_links to interfaz.egg-info/dependency_links.txt
writing top-level names to interfaz.egg-info/top_level.txt
writing manifest file 'interfaz.egg-info/SOURCES.txt'
reading manifest file 'interfaz.egg-info/SOURCES.txt'
writing manifest file 'interfaz.egg-info/SOURCES.txt'
[ 20%] Built target interfaz__rosidl_generator_c
[ 28%] [34m[1mGenerating C type support for eProsima Fast-RTPS[0m
[ 28%] [34m[1mGenerating C type support dispatch for ROS interfaces[0m
[ 28%] [34m[1mGenerating C introspection for ROS interfaces[0m
[ 28%] Built target ament_cmake_python_build_interfaz_egg
[ 33%] [32mBuilding CXX object CMakeFiles/interfaz__rosidl_typesupport_cpp.dir/rosidl_typesupport_cpp/interfaz/msg/mi_mensaje__type_support.cpp.o[0m
[ 33%] [32mBuilding CXX object CMakeFiles/interfaz__rosidl_typesupport_cpp.dir/rosidl_typesupport_cpp/interfaz/msg/p2pkg_mensaje__type_support.cpp.o[0m
[ 35%] [32mBuilding CXX object CMakeFiles/interfaz__rosidl_typesupport_fastrtps_cpp.dir/rosidl_typesupport_fastrtps_cpp/interfaz/msg/detail/dds_fastrtps/p2pkg_mensaje__type_support.cpp.o[0m
[ 38%] [32mBuilding CXX object CMakeFiles/interfaz__rosidl_typesupport_fastrtps_cpp.dir/rosidl_typesupport_fastrtps_cpp/interfaz/msg/detail/dds_fastrtps/mi_mensaje__type_support.cpp.o[0m
[ 41%] [32mBuilding CXX object CMakeFiles/interfaz__rosidl_typesupport_introspection_cpp.dir/rosidl_typesupport_introspection_cpp/interfaz/msg/detail/mi_mensaje__type_support.cpp.o[0m
[ 43%] [32mBuilding CXX object CMakeFiles/interfaz__rosidl_typesupport_introspection_cpp.dir/rosidl_typesupport_introspection_cpp/interfaz/msg/detail/p2pkg_mensaje__type_support.cpp.o[0m
[ 46%] [32mBuilding CXX object CMakeFiles/interfaz__rosidl_typesupport_c.dir/rosidl_typesupport_c/interfaz/msg/p2pkg_mensaje__type_support.cpp.o[0m
[ 48%] [32mBuilding CXX object CMakeFiles/interfaz__rosidl_typesupport_c.dir/rosidl_typesupport_c/interfaz/msg/mi_mensaje__type_support.cpp.o[0m
[ 51%] [32mBuilding C object CMakeFiles/interfaz__rosidl_typesupport_introspection_c.dir/rosidl_typesupport_introspection_c/interfaz/msg/detail/mi_mensaje__type_support.c.o[0m
[ 53%] [32mBuilding C object CMakeFiles/interfaz__rosidl_typesupport_introspection_c.dir/rosidl_typesupport_introspection_c/interfaz/msg/detail/p2pkg_mensaje__type_support.c.o[0m
[ 56%] [32m[1mLinking CXX shared library libinterfaz__rosidl_typesupport_c.so[0m
[ 58%] [32mBuilding CXX object CMakeFiles/interfaz__rosidl_typesupport_fastrtps_c.dir/rosidl_typesupport_fastrtps_c/interfaz/msg/detail/mi_mensaje__type_support_c.cpp.o[0m
[ 61%] [32mBuilding CXX object CMakeFiles/interfaz__rosidl_typesupport_fastrtps_c.dir/rosidl_typesupport_fastrtps_c/interfaz/msg/detail/p2pkg_mensaje__type_support_c.cpp.o[0m
[ 64%] [32m[1mLinking C shared library libinterfaz__rosidl_typesupport_introspection_c.so[0m
[ 64%] Built target interfaz__rosidl_typesupport_c
[ 64%] Built target interfaz__rosidl_typesupport_introspection_c
[ 66%] [32m[1mLinking CXX shared library libinterfaz__rosidl_typesupport_cpp.so[0m
[ 66%] Built target interfaz__rosidl_typesupport_cpp
[ 69%] [32m[1mLinking CXX shared library libinterfaz__rosidl_typesupport_fastrtps_cpp.so[0m
[ 71%] [32m[1mLinking CXX shared library libinterfaz__rosidl_typesupport_introspection_cpp.so[0m
[ 71%] Built target interfaz__rosidl_typesupport_fastrtps_cpp
[ 71%] Built target interfaz__rosidl_typesupport_introspection_cpp
[ 74%] [32m[1mLinking CXX shared library libinterfaz__rosidl_typesupport_fastrtps_c.so[0m
[ 74%] Built target interfaz__rosidl_typesupport_fastrtps_c
[ 74%] Built target interfaz
[ 76%] [34m[1mGenerating Python code for ROS interfaces[0m
[ 76%] Built target interfaz__py
[ 79%] [32mBuilding C object CMakeFiles/interfaz__rosidl_generator_py.dir/rosidl_generator_py/interfaz/msg/_p2pkg_mensaje_s.c.o[0m
[ 82%] [32mBuilding C object CMakeFiles/interfaz__rosidl_generator_py.dir/rosidl_generator_py/interfaz/msg/_mi_mensaje_s.c.o[0m
[ 84%] [32m[1mLinking C shared library rosidl_generator_py/interfaz/libinterfaz__rosidl_generator_py.so[0m
[ 84%] Built target interfaz__rosidl_generator_py
[ 89%] [32mBuilding C object CMakeFiles/interfaz__rosidl_typesupport_c__pyext.dir/rosidl_generator_py/interfaz/_interfaz_s.ep.rosidl_typesupport_c.c.o[0m
[ 89%] [32mBuilding C object CMakeFiles/interfaz__rosidl_typesupport_introspection_c__pyext.dir/rosidl_generator_py/interfaz/_interfaz_s.ep.rosidl_typesupport_introspection_c.c.o[0m
[ 92%] [32mBuilding C object CMakeFiles/interfaz__rosidl_typesupport_fastrtps_c__pyext.dir/rosidl_generator_py/interfaz/_interfaz_s.ep.rosidl_typesupport_fastrtps_c.c.o[0m
[ 94%] [32m[1mLinking C shared library rosidl_generator_py/interfaz/interfaz_s__rosidl_typesupport_c.cpython-310-x86_64-linux-gnu.so[0m
[ 97%] [32m[1mLinking C shared library rosidl_generator_py/interfaz/interfaz_s__rosidl_typesupport_fastrtps_c.cpython-310-x86_64-linux-gnu.so[0m
[100%] [32m[1mLinking C shared library rosidl_generator_py/interfaz/interfaz_s__rosidl_typesupport_introspection_c.cpython-310-x86_64-linux-gnu.so[0m
[100%] Built target interfaz__rosidl_typesupport_fastrtps_c__pyext
[100%] Built target interfaz__rosidl_typesupport_c__pyext
[100%] Built target interfaz__rosidl_typesupport_introspection_c__pyext
-- Install configuration: ""
-- Installing: /workspace/ros2_ws/src/install/interfaz/share/ament_index/resource_index/rosidl_interfaces/interfaz
-- Installing: /workspace/ros2_ws/src/install/interfaz/include/interfaz/interfaz
-- Installing: /workspace/ros2_ws/src/install/interfaz/include/interfaz/interfaz/msg
-- Installing: /workspace/ros2_ws/src/install/interfaz/include/interfaz/interfaz/msg/rosidl_generator_c__visibility_control.h
-- Installing: /workspace/ros2_ws/src/install/interfaz/include/interfaz/interfaz/msg/detail
-- Installing: /workspace/ros2_ws/src/install/interfaz/include/interfaz/interfaz/msg/detail/p2pkg_mensaje__struct.h
-- Installing: /workspace/ros2_ws/src/install/interfaz/include/interfaz/interfaz/msg/detail/p2pkg_mensaje__functions.c
-- Installing: /workspace/ros2_ws/src/install/interfaz/include/interfaz/interfaz/msg/detail/mi_mensaje__type_support.h
-- Installing: /workspace/ros2_ws/src/install/interfaz/include/interfaz/interfaz/msg/detail/mi_mensaje__struct.h
-- Installing: /workspace/ros2_ws/src/install/interfaz/include/interfaz/interfaz/msg/detail/p2pkg_mensaje__type_support.h
-- Installing: /workspace/ros2_ws/src/install/interfaz/include/interfaz/interfaz/msg/detail/p2pkg_mensaje__functions.h
-- Installing: /workspace/ros2_ws/src/install/interfaz/include/interfaz/interfaz/msg/detail/mi_mensaje__functions.c
-- Installing: /workspace/ros2_ws/src/install/interfaz/include/interfaz/interfaz/msg/detail/mi_mensaje__functions.h
-- Installing: /workspace/ros2_ws/src/install/interfaz/include/interfaz/interfaz/msg/mi_mensaje.h
-- Installing: /workspace/ros2_ws/src/install/interfaz/include/interfaz/interfaz/msg/p2pkg_mensaje.h
-- Installing: /workspace/ros2_ws/src/install/interfaz/share/interfaz/environment/library_path.sh
-- Installing: /workspace/ros2_ws/src/install/interfaz/share/interfaz/environment/library_path.dsv
-- Installing: /workspace/ros2_ws/src/install/interfaz/lib/libinterfaz__rosidl_generator_c.so
-- Set runtime path of "/workspace/ros2_ws/src/install/interfaz/lib/libinterfaz__rosidl_generator_c.so" to ""
-- Up-to-date: /workspace/ros2_ws/src/install/interfaz/include/interfaz/interfaz
-- Up-to-date: /workspace/ros2_ws/src/install/interfaz/include/interfaz/interfaz/msg
-- Up-to-date: /workspace/ros2_ws/src/install/interfaz/include/interfaz/interfaz/msg/detail
-- Installing: /workspace/ros2_ws/src/install/interfaz/include/interfaz/interfaz/msg/detail/mi_mensaje__rosidl_typesupport_fastrtps_c.h
-- Installing: /workspace/ros2_ws/src/install/interfaz/include/interfaz/interfaz/msg/detail/p2pkg_mensaje__rosidl_typesupport_fastrtps_c.h
-- Installing: /workspace/ros2_ws/src/install/interfaz/include/interfaz/interfaz/msg/rosidl_typesupport_fastrtps_c__visibility_control.h
-- Installing: /workspace/ros2_ws/src/install/interfaz/lib/libinterfaz__rosidl_typesupport_fastrtps_c.so
-- Set runtime path of "/workspace/ros2_ws/src/install/interfaz/lib/libinterfaz__rosidl_typesupport_fastrtps_c.so" to ""
-- Up-to-date: /workspace/ros2_ws/src/install/interfaz/include/interfaz/interfaz
-- Up-to-date: /workspace/ros2_ws/src/install/interfaz/include/interfaz/interfaz/msg
-- Installing: /workspace/ros2_ws/src/install/interfaz/include/interfaz/interfaz/msg/rosidl_generator_cpp__visibility_control.hpp
-- Installing: /workspace/ros2_ws/src/install/interfaz/include/interfaz/interfaz/msg/p2pkg_mensaje.hpp
-- Installing: /workspace/ros2_ws/src/install/interfaz/include/interfaz/interfaz/msg/mi_mensaje.hpp
-- Up-to-date: /workspace/ros2_ws/src/install/interfaz/include/interfaz/interfaz/msg/detail
-- Installing: /workspace/ros2_ws/src/install/interfaz/include/interfaz/interfaz/msg/detail/mi_mensaje__struct.hpp
-- Installing: /workspace/ros2_ws/src/install/interfaz/include/interfaz/interfaz/msg/detail/p2pkg_mensaje__builder.hpp
-- Installing: /workspace/ros2_ws/src/install/interfaz/include/interfaz/interfaz/msg/detail/p2pkg_mensaje__type_support.hpp
-- Installing: /workspace/ros2_ws/src/install/interfaz/include/interfaz/interfaz/msg/detail/p2pkg_mensaje__struct.hpp
-- Installing: /workspace/ros2_ws/src/install/interfaz/include/interfaz/interfaz/msg/detail/mi_mensaje__builder.hpp
-- Installing: /workspace/ros2_ws/src/install/interfaz/include/interfaz/interfaz/msg/detail/p2pkg_mensaje__traits.hpp
-- Installing: /workspace/ros2_ws/src/install/interfaz/include/interfaz/interfaz/msg/detail/mi_mensaje__type_support.hpp
-- Installing: /workspace/ros2_ws/src/install/interfaz/include/interfaz/interfaz/msg/detail/mi_mensaje__traits.hpp
-- Up-to-date: /workspace/ros2_ws/src/install/interfaz/include/interfaz/interfaz
-- Up-to-date: /workspace/ros2_ws/src/install/interfaz/include/interfaz/interfaz/msg
-- Installing: /workspace/ros2_ws/src/install/interfaz/include/interfaz/interfaz/msg/rosidl_typesupport_fastrtps_cpp__visibility_control.h
-- Up-to-date: /workspace/ros2_ws/src/install/interfaz/include/interfaz/interfaz/msg/detail
-- Installing: /workspace/ros2_ws/src/install/interfaz/include/interfaz/interfaz/msg/detail/dds_fastrtps
-- Installing: /workspace/ros2_ws/src/install/interfaz/include/interfaz/interfaz/msg/detail/mi_mensaje__rosidl_typesupport_fastrtps_cpp.hpp
-- Installing: /workspace/ros2_ws/src/install/interfaz/include/interfaz/interfaz/msg/detail/p2pkg_mensaje__rosidl_typesupport_fastrtps_cpp.hpp
-- Installing: /workspace/ros2_ws/src/install/interfaz/lib/libinterfaz__rosidl_typesupport_fastrtps_cpp.so
-- Set runtime path of "/workspace/ros2_ws/src/install/interfaz/lib/libinterfaz__rosidl_typesupport_fastrtps_cpp.so" to ""
-- Up-to-date: /workspace/ros2_ws/src/install/interfaz/include/interfaz/interfaz
-- Up-to-date: /workspace/ros2_ws/src/install/interfaz/include/interfaz/interfaz/msg
-- Installing: /workspace/ros2_ws/src/install/interfaz/include/interfaz/interfaz/msg/rosidl_typesupport_introspection_c__visibility_control.h
-- Up-to-date: /workspace/ros2_ws/src/install/interfaz/include/interfaz/interfaz/msg/detail
-- Installing: /workspace/ros2_ws/src/install/interfaz/include/interfaz/interfaz/msg/detail/mi_mensaje__type_support.c
-- Installing: /workspace/ros2_ws/src/install/interfaz/include/interfaz/interfaz/msg/detail/mi_mensaje__rosidl_typesupport_introspection_c.h
-- Installing: /workspace/ros2_ws/src/install/interfaz/include/interfaz/interfaz/msg/detail/p2pkg_mensaje__type_support.c
-- Installing: /workspace/ros2_ws/src/install/interfaz/include/interfaz/interfaz/msg/detail/p2pkg_mensaje__rosidl_typesupport_introspection_c.h
-- Installing: /workspace/ros2_ws/src/install/interfaz/lib/libinterfaz__rosidl_typesupport_introspection_c.so
-- Set runtime path of "/workspace/ros2_ws/src/install/interfaz/lib/libinterfaz__rosidl_typesupport_introspection_c.so" to ""
-- Installing: /workspace/ros2_ws/src/install/interfaz/lib/libinterfaz__rosidl_typesupport_c.so
-- Set runtime path of "/workspace/ros2_ws/src/install/interfaz/lib/libinterfaz__rosidl_typesupport_c.so" to ""
-- Up-to-date: /workspace/ros2_ws/src/install/interfaz/include/interfaz/interfaz
-- Up-to-date: /workspace/ros2_ws/src/install/interfaz/include/interfaz/interfaz/msg
-- Up-to-date: /workspace/ros2_ws/src/install/interfaz/include/interfaz/interfaz/msg/detail
-- Installing: /workspace/ros2_ws/src/install/interfaz/include/interfaz/interfaz/msg/detail/mi_mensaje__rosidl_typesupport_introspection_cpp.hpp
-- Installing: /workspace/ros2_ws/src/install/interfaz/include/interfaz/interfaz/msg/detail/p2pkg_mensaje__rosidl_typesupport_introspection_cpp.hpp
-- Installing: /workspace/ros2_ws/src/install/interfaz/include/interfaz/interfaz/msg/detail/p2pkg_mensaje__type_support.cpp
-- Installing: /workspace/ros2_ws/src/install/interfaz/include/interfaz/interfaz/msg/detail/mi_mensaje__type_support.cpp
-- Installing: /workspace/ros2_ws/src/install/interfaz/lib/libinterfaz__rosidl_typesupport_introspection_cpp.so
-- Set runtime path of "/workspace/ros2_ws/src/install/interfaz/lib/libinterfaz__rosidl_typesupport_introspection_cpp.so" to ""
-- Installing: /workspace/ros2_ws/src/install/interfaz/lib/libinterfaz__rosidl_typesupport_cpp.so
-- Set runtime path of "/workspace/ros2_ws/src/install/interfaz/lib/libinterfaz__rosidl_typesupport_cpp.so" to ""
-- Installing: /workspace/ros2_ws/src/install/interfaz/share/interfaz/environment/pythonpath.sh
-- Installing: /workspace/ros2_ws/src/install/interfaz/share/interfaz/environment/pythonpath.dsv
-- Installing: /workspace/ros2_ws/src/install/interfaz/local/lib/python3.10/dist-packages/interfaz-0.0.0-py3.10.egg-info
-- Installing: /workspace/ros2_ws/src/install/interfaz/local/lib/python3.10/dist-packages/interfaz-0.0.0-py3.10.egg-info/PKG-INFO
-- Installing: /workspace/ros2_ws/src/install/interfaz/local/lib/python3.10/dist-packages/interfaz-0.0.0-py3.10.egg-info/dependency_links.txt
-- Installing: /workspace/ros2_ws/src/install/interfaz/local/lib/python3.10/dist-packages/interfaz-0.0.0-py3.10.egg-info/SOURCES.txt
-- Installing: /workspace/ros2_ws/src/install/interfaz/local/lib/python3.10/dist-packages/interfaz-0.0.0-py3.10.egg-info/top_level.txt
-- Installing: /workspace/ros2_ws/src/install/interfaz/local/lib/python3.10/dist-packages/interfaz
-- Installing: /workspace/ros2_ws/src/install/interfaz/local/lib/python3.10/dist-packages/interfaz/msg
-- Installing: /workspace/ros2_ws/src/install/interfaz/local/lib/python3.10/dist-packages/interfaz/msg/_p2pkg_mensaje.py
-- Installing: /workspace/ros2_ws/src/install/interfaz/local/lib/python3.10/dist-packages/interfaz/msg/_p2pkg_mensaje_s.c
-- Installing: /workspace/ros2_ws/src/install/interfaz/local/lib/python3.10/dist-packages/interfaz/msg/_mi_mensaje.py
-- Installing: /workspace/ros2_ws/src/install/interfaz/local/lib/python3.10/dist-packages/interfaz/msg/_mi_mensaje_s.c
-- Installing: /workspace/ros2_ws/src/install/interfaz/local/lib/python3.10/dist-packages/interfaz/msg/__init__.py
-- Installing: /workspace/ros2_ws/src/install/interfaz/local/lib/python3.10/dist-packages/interfaz/interfaz_s__rosidl_typesupport_fastrtps_c.cpython-310-x86_64-linux-gnu.so
-- Installing: /workspace/ros2_ws/src/install/interfaz/local/lib/python3.10/dist-packages/interfaz/interfaz_s__rosidl_typesupport_introspection_c.cpython-310-x86_64-linux-gnu.so
-- Installing: /workspace/ros2_ws/src/install/interfaz/local/lib/python3.10/dist-packages/interfaz/libinterfaz__rosidl_generator_py.so
-- Installing: /workspace/ros2_ws/src/install/interfaz/local/lib/python3.10/dist-packages/interfaz/interfaz_s__rosidl_typesupport_c.cpython-310-x86_64-linux-gnu.so
-- Installing: /workspace/ros2_ws/src/install/interfaz/local/lib/python3.10/dist-packages/interfaz/_interfaz_s.ep.rosidl_typesupport_introspection_c.c
-- Installing: /workspace/ros2_ws/src/install/interfaz/local/lib/python3.10/dist-packages/interfaz/__init__.py
-- Installing: /workspace/ros2_ws/src/install/interfaz/local/lib/python3.10/dist-packages/interfaz/_interfaz_s.ep.rosidl_typesupport_c.c
-- Installing: /workspace/ros2_ws/src/install/interfaz/local/lib/python3.10/dist-packages/interfaz/_interfaz_s.ep.rosidl_typesupport_fastrtps_c.c
Listing '/workspace/ros2_ws/src/install/interfaz/local/lib/python3.10/dist-packages/interfaz'...
Compiling '/workspace/ros2_ws/src/install/interfaz/local/lib/python3.10/dist-packages/interfaz/__init__.py'...
Listing '/workspace/ros2_ws/src/install/interfaz/local/lib/python3.10/dist-packages/interfaz/msg'...
Compiling '/workspace/ros2_ws/src/install/interfaz/local/lib/python3.10/dist-packages/interfaz/msg/__init__.py'...
Compiling '/workspace/ros2_ws/src/install/interfaz/local/lib/python3.10/dist-packages/interfaz/msg/_mi_mensaje.py'...
Compiling '/workspace/ros2_ws/src/install/interfaz/local/lib/python3.10/dist-packages/interfaz/msg/_p2pkg_mensaje.py'...
-- Installing: /workspace/ros2_ws/src/install/interfaz/local/lib/python3.10/dist-packages/interfaz/interfaz_s__rosidl_typesupport_fastrtps_c.cpython-310-x86_64-linux-gnu.so
-- Set runtime path of "/workspace/ros2_ws/src/install/interfaz/local/lib/python3.10/dist-packages/interfaz/interfaz_s__rosidl_typesupport_fastrtps_c.cpython-310-x86_64-linux-gnu.so" to ""
-- Installing: /workspace/ros2_ws/src/install/interfaz/local/lib/python3.10/dist-packages/interfaz/interfaz_s__rosidl_typesupport_introspection_c.cpython-310-x86_64-linux-gnu.so
-- Set runtime path of "/workspace/ros2_ws/src/install/interfaz/local/lib/python3.10/dist-packages/interfaz/interfaz_s__rosidl_typesupport_introspection_c.cpython-310-x86_64-linux-gnu.so" to ""
-- Installing: /workspace/ros2_ws/src/install/interfaz/local/lib/python3.10/dist-packages/interfaz/interfaz_s__rosidl_typesupport_c.cpython-310-x86_64-linux-gnu.so
-- Set runtime path of "/workspace/ros2_ws/src/install/interfaz/local/lib/python3.10/dist-packages/interfaz/interfaz_s__rosidl_typesupport_c.cpython-310-x86_64-linux-gnu.so" to ""
-- Installing: /workspace/ros2_ws/src/install/interfaz/lib/libinterfaz__rosidl_generator_py.so
-- Set runtime path of "/workspace/ros2_ws/src/install/interfaz/lib/libinterfaz__rosidl_generator_py.so" to ""
-- Installing: /workspace/ros2_ws/src/install/interfaz/share/interfaz/msg/MiMensaje.idl
-- Installing: /workspace/ros2_ws/src/install/interfaz/share/interfaz/msg/P2pkgMensaje.idl
-- Installing: /workspace/ros2_ws/src/install/interfaz/share/interfaz/msg/MiMensaje.msg
-- Installing: /workspace/ros2_ws/src/install/interfaz/share/interfaz/msg/P2pkgMensaje.msg
-- Installing: /workspace/ros2_ws/src/install/interfaz/share/ament_index/resource_index/package_run_dependencies/interfaz
-- Installing: /workspace/ros2_ws/src/install/interfaz/share/ament_index/resource_index/parent_prefix_path/interfaz
-- Up-to-date: /workspace/ros2_ws/src/install/interfaz/share/interfaz/environment/ament_prefix_path.sh
-- Installing: /workspace/ros2_ws/src/install/interfaz/share/interfaz/environment/ament_prefix_path.dsv
-- Up-to-date: /workspace/ros2_ws/src/install/interfaz/share/interfaz/environment/path.sh
-- Installing: /workspace/ros2_ws/src/install/interfaz/share/interfaz/environment/path.dsv
-- Up-to-date: /workspace/ros2_ws/src/install/interfaz/share/interfaz/local_setup.bash
-- Installing: /workspace/ros2_ws/src/install/interfaz/share/interfaz/local_setup.sh
-- Up-to-date: /workspace/ros2_ws/src/install/interfaz/share/interfaz/local_setup.zsh
-- Installing: /workspace/ros2_ws/src/install/interfaz/share/interfaz/local_setup.dsv
-- Installing: /workspace/ros2_ws/src/install/interfaz/share/interfaz/package.dsv
-- Up-to-date: /workspace/ros2_ws/src/install/interfaz/share/ament_index/resource_index/packages/interfaz
-- Installing: /workspace/ros2_ws/src/install/interfaz/share/interfaz/cmake/export_interfaz__rosidl_generator_cExport.cmake
-- Installing: /workspace/ros2_ws/src/install/interfaz/share/interfaz/cmake/export_interfaz__rosidl_generator_cExport-noconfig.cmake
-- Installing: /workspace/ros2_ws/src/install/interfaz/share/interfaz/cmake/export_interfaz__rosidl_typesupport_fastrtps_cExport.cmake
-- Installing: /workspace/ros2_ws/src/install/interfaz/share/interfaz/cmake/export_interfaz__rosidl_typesupport_fastrtps_cExport-noconfig.cmake
-- Installing: /workspace/ros2_ws/src/install/interfaz/share/interfaz/cmake/export_interfaz__rosidl_generator_cppExport.cmake
-- Installing: /workspace/ros2_ws/src/install/interfaz/share/interfaz/cmake/export_interfaz__rosidl_typesupport_fastrtps_cppExport.cmake
-- Installing: /workspace/ros2_ws/src/install/interfaz/share/interfaz/cmake/export_interfaz__rosidl_typesupport_fastrtps_cppExport-noconfig.cmake
-- Installing: /workspace/ros2_ws/src/install/interfaz/share/interfaz/cmake/interfaz__rosidl_typesupport_introspection_cExport.cmake
-- Installing: /workspace/ros2_ws/src/install/interfaz/share/interfaz/cmake/interfaz__rosidl_typesupport_introspection_cExport-noconfig.cmake
-- Installing: /workspace/ros2_ws/src/install/interfaz/share/interfaz/cmake/interfaz__rosidl_typesupport_cExport.cmake
-- Installing: /workspace/ros2_ws/src/install/interfaz/share/interfaz/cmake/interfaz__rosidl_typesupport_cExport-noconfig.cmake
-- Installing: /workspace/ros2_ws/src/install/interfaz/share/interfaz/cmake/interfaz__rosidl_typesupport_introspection_cppExport.cmake
-- Installing: /workspace/ros2_ws/src/install/interfaz/share/interfaz/cmake/interfaz__rosidl_typesupport_introspection_cppExport-noconfig.cmake
-- Installing: /workspace/ros2_ws/src/install/interfaz/share/interfaz/cmake/interfaz__rosidl_typesupport_cppExport.cmake
-- Installing: /workspace/ros2_ws/src/install/interfaz/share/interfaz/cmake/interfaz__rosidl_typesupport_cppExport-noconfig.cmake
-- Installing: /workspace/ros2_ws/src/install/interfaz/share/interfaz/cmake/export_interfaz__rosidl_generator_pyExport.cmake
-- Installing: /workspace/ros2_ws/src/install/interfaz/share/interfaz/cmake/export_interfaz__rosidl_generator_pyExport-noconfig.cmake
-- Installing: /workspace/ros2_ws/src/install/interfaz/share/interfaz/cmake/rosidl_cmake-extras.cmake
-- Installing: /workspace/ros2_ws/src/install/interfaz/share/interfaz/cmake/ament_cmake_export_dependencies-extras.cmake
-- Installing: /workspace/ros2_ws/src/install/interfaz/share/interfaz/cmake/ament_cmake_export_include_directories-extras.cmake
-- Installing: /workspace/ros2_ws/src/install/interfaz/share/interfaz/cmake/ament_cmake_export_libraries-extras.cmake
-- Installing: /workspace/ros2_ws/src/install/interfaz/share/interfaz/cmake/ament_cmake_export_targets-extras.cmake
-- Installing: /workspace/ros2_ws/src/install/interfaz/share/interfaz/cmake/rosidl_cmake_export_typesupport_targets-extras.cmake
-- Installing: /workspace/ros2_ws/src/install/interfaz/share/interfaz/cmake/rosidl_cmake_export_typesupport_libraries-extras.cmake
-- Installing: /workspace/ros2_ws/src/install/interfaz/share/interfaz/cmake/interfazConfig.cmake
-- Up-to-date: /workspace/ros2_ws/src/install/interfaz/share/interfaz/cmake/interfazConfig-version.cmake
-- Installing: /workspace/ros2_ws/src/install/interfaz/share/interfaz/package.xml
