[0.028s] Invoking command in '/workspace/ros2_ws/src/build/interfaz': CMAKE_PREFIX_PATH=${CMAKE_PREFIX_PATH}:/workspace/ros2_ws/install/primer_paquete:/workspace/ros2_ws/src/primer_paquete/install/primer_paquete:/workspace/ros2_ws/src/install/primer_paquete:/workspace/ros2_ws/src/install/servicio_suma:/workspace/ros2_ws/src/install/paquete1:/workspace/ros2_ws/install/servicio_suma:/workspace/ros2_ws/install/paquete1:/opt/ros/humble /usr/bin/cmake --build /workspace/ros2_ws/src/build/interfaz -- -j12 -l12
[0.359s] -- Found ament_cmake: 1.3.12 (/opt/ros/humble/share/ament_cmake/cmake)
[0.359s] -- Found ament_lint_auto: 0.12.14 (/opt/ros/humble/share/ament_lint_auto/cmake)
[0.359s] -- Found std_msgs: 4.9.0 (/opt/ros/humble/share/std_msgs/cmake)
[0.359s] -- Found rosidl_generator_c: 3.1.8 (/opt/ros/humble/share/rosidl_generator_c/cmake)
[0.359s] -- Found rosidl_adapter: 3.1.8 (/opt/ros/humble/share/rosidl_adapter/cmake)
[0.359s] -- Found rosidl_generator_cpp: 3.1.8 (/opt/ros/humble/share/rosidl_generator_cpp/cmake)
[0.361s] -- Using all available rosidl_typesupport_c: rosidl_typesupport_fastrtps_c;rosidl_typesupport_introspection_c
[0.386s] -- Using all available rosidl_typesupport_cpp: rosidl_typesupport_fastrtps_cpp;rosidl_typesupport_introspection_cpp
[0.431s] -- Found rosidl_default_generators: 1.2.0 (/opt/ros/humble/share/rosidl_default_generators/cmake)
[0.454s] -- Found geometry_msgs: 4.9.0 (/opt/ros/humble/share/geometry_msgs/cmake)
[0.768s] -- Found ament_cmake_ros: 0.10.0 (/opt/ros/humble/share/ament_cmake_ros/cmake)
[1.298s] -- Using all available rosidl_typesupport_c: rosidl_typesupport_fastrtps_c;rosidl_typesupport_introspection_c
[1.487s] -- Using all available rosidl_typesupport_cpp: rosidl_typesupport_fastrtps_cpp;rosidl_typesupport_introspection_cpp
[1.515s] -- Found PythonInterp: /usr/bin/python3 (found suitable version "3.10.12", minimum required is "3.6") 
[1.519s] -- Found python_cmake_module: 0.10.0 (/opt/ros/humble/share/python_cmake_module/cmake)
[1.554s] -- Found PythonLibs: /usr/lib/x86_64-linux-gnu/libpython3.10.so (found suitable version "3.10.12", minimum required is "3.5") 
[1.555s] -- Using PYTHON_EXECUTABLE: /usr/bin/python3
[1.555s] -- Using PYTHON_INCLUDE_DIRS: /usr/include/python3.10
[1.555s] -- Using PYTHON_LIBRARIES: /usr/lib/x86_64-linux-gnu/libpython3.10.so
[1.577s] -- Found PythonExtra: .so  
[1.665s] -- Added test 'cppcheck' to perform static code analysis on C / C++ code
[1.665s] -- Configured cppcheck include dirs: 
[1.665s] -- Configured cppcheck exclude dirs and/or files: 
[1.669s] -- Added test 'flake8' to check Python code syntax and style conventions
[1.676s] -- Added test 'lint_cmake' to check CMake code style
[1.679s] -- Added test 'pep257' to check Python code against some of the docstring style conventions in PEP 257
[1.702s] -- Added test 'uncrustify' to check C / C++ code style
[1.702s] -- Configured uncrustify additional arguments: 
[1.706s] -- Added test 'xmllint' to check XML markup files
[1.709s] -- Configuring done
[1.736s] -- Generating done
[1.744s] -- Build files have been written to: /workspace/ros2_ws/src/build/interfaz
[1.766s] [  2%] [34m[1mGenerating C code for ROS interfaces[0m
[1.776s] [  5%] [34m[1mGenerating C++ code for ROS interfaces[0m
[1.783s] [  5%] Built target ament_cmake_python_copy_interfaz
[1.980s] [  7%] [32mBuilding C object CMakeFiles/interfaz__rosidl_generator_c.dir/rosidl_generator_c/interfaz/msg/detail/p2pkg_mensaje__functions.c.o[0m
[1.982s] [ 10%] [32mBuilding C object CMakeFiles/interfaz__rosidl_generator_c.dir/rosidl_generator_c/interfaz/msg/detail/mi_mensaje__functions.c.o[0m
[2.008s] [ 10%] Built target interfaz__cpp
[2.020s] [ 12%] [34m[1mGenerating C++ type support dispatch for ROS interfaces[0m
[2.021s] [ 15%] [34m[1mGenerating C++ introspection for ROS interfaces[0m
[2.021s] [ 17%] [34m[1mGenerating C++ type support for eProsima Fast-RTPS[0m
[2.040s] [ 20%] [32m[1mLinking C shared library libinterfaz__rosidl_generator_c.so[0m
[2.072s] running egg_info
[2.073s] creating interfaz.egg-info
[2.073s] writing interfaz.egg-info/PKG-INFO
[2.073s] writing dependency_links to interfaz.egg-info/dependency_links.txt
[2.074s] writing top-level names to interfaz.egg-info/top_level.txt
[2.074s] writing manifest file 'interfaz.egg-info/SOURCES.txt'
[2.076s] reading manifest file 'interfaz.egg-info/SOURCES.txt'
[2.077s] writing manifest file 'interfaz.egg-info/SOURCES.txt'
[2.085s] [ 20%] Built target interfaz__rosidl_generator_c
[2.099s] [ 28%] [34m[1mGenerating C type support for eProsima Fast-RTPS[0m
[2.099s] [ 28%] [34m[1mGenerating C type support dispatch for ROS interfaces[0m
[2.099s] [ 28%] [34m[1mGenerating C introspection for ROS interfaces[0m
[2.109s] [ 28%] Built target ament_cmake_python_build_interfaz_egg
[2.236s] [ 33%] [32mBuilding CXX object CMakeFiles/interfaz__rosidl_typesupport_cpp.dir/rosidl_typesupport_cpp/interfaz/msg/mi_mensaje__type_support.cpp.o[0m
[2.236s] [ 33%] [32mBuilding CXX object CMakeFiles/interfaz__rosidl_typesupport_cpp.dir/rosidl_typesupport_cpp/interfaz/msg/p2pkg_mensaje__type_support.cpp.o[0m
[2.265s] [ 35%] [32mBuilding CXX object CMakeFiles/interfaz__rosidl_typesupport_fastrtps_cpp.dir/rosidl_typesupport_fastrtps_cpp/interfaz/msg/detail/dds_fastrtps/p2pkg_mensaje__type_support.cpp.o[0m
[2.268s] [ 38%] [32mBuilding CXX object CMakeFiles/interfaz__rosidl_typesupport_fastrtps_cpp.dir/rosidl_typesupport_fastrtps_cpp/interfaz/msg/detail/dds_fastrtps/mi_mensaje__type_support.cpp.o[0m
[2.358s] [ 41%] [32mBuilding CXX object CMakeFiles/interfaz__rosidl_typesupport_introspection_cpp.dir/rosidl_typesupport_introspection_cpp/interfaz/msg/detail/mi_mensaje__type_support.cpp.o[0m
[2.358s] [ 43%] [32mBuilding CXX object CMakeFiles/interfaz__rosidl_typesupport_introspection_cpp.dir/rosidl_typesupport_introspection_cpp/interfaz/msg/detail/p2pkg_mensaje__type_support.cpp.o[0m
[2.440s] [ 46%] [32mBuilding CXX object CMakeFiles/interfaz__rosidl_typesupport_c.dir/rosidl_typesupport_c/interfaz/msg/p2pkg_mensaje__type_support.cpp.o[0m
[2.440s] [ 48%] [32mBuilding CXX object CMakeFiles/interfaz__rosidl_typesupport_c.dir/rosidl_typesupport_c/interfaz/msg/mi_mensaje__type_support.cpp.o[0m
[2.470s] [ 51%] [32mBuilding C object CMakeFiles/interfaz__rosidl_typesupport_introspection_c.dir/rosidl_typesupport_introspection_c/interfaz/msg/detail/mi_mensaje__type_support.c.o[0m
[2.471s] [ 53%] [32mBuilding C object CMakeFiles/interfaz__rosidl_typesupport_introspection_c.dir/rosidl_typesupport_introspection_c/interfaz/msg/detail/p2pkg_mensaje__type_support.c.o[0m
[2.483s] [ 56%] [32m[1mLinking CXX shared library libinterfaz__rosidl_typesupport_c.so[0m
[2.485s] [ 58%] [32mBuilding CXX object CMakeFiles/interfaz__rosidl_typesupport_fastrtps_c.dir/rosidl_typesupport_fastrtps_c/interfaz/msg/detail/mi_mensaje__type_support_c.cpp.o[0m
[2.485s] [ 61%] [32mBuilding CXX object CMakeFiles/interfaz__rosidl_typesupport_fastrtps_c.dir/rosidl_typesupport_fastrtps_c/interfaz/msg/detail/p2pkg_mensaje__type_support_c.cpp.o[0m
[2.520s] [ 64%] [32m[1mLinking C shared library libinterfaz__rosidl_typesupport_introspection_c.so[0m
[2.545s] [ 64%] Built target interfaz__rosidl_typesupport_c
[2.565s] [ 64%] Built target interfaz__rosidl_typesupport_introspection_c
[2.621s] [ 66%] [32m[1mLinking CXX shared library libinterfaz__rosidl_typesupport_cpp.so[0m
[2.669s] [ 66%] Built target interfaz__rosidl_typesupport_cpp
[2.720s] [ 69%] [32m[1mLinking CXX shared library libinterfaz__rosidl_typesupport_fastrtps_cpp.so[0m
[2.787s] [ 71%] [32m[1mLinking CXX shared library libinterfaz__rosidl_typesupport_introspection_cpp.so[0m
[2.804s] [ 71%] Built target interfaz__rosidl_typesupport_fastrtps_cpp
[2.845s] [ 71%] Built target interfaz__rosidl_typesupport_introspection_cpp
[2.867s] [ 74%] [32m[1mLinking CXX shared library libinterfaz__rosidl_typesupport_fastrtps_c.so[0m
[2.917s] [ 74%] Built target interfaz__rosidl_typesupport_fastrtps_c
[2.932s] [ 74%] Built target interfaz
[2.949s] [ 76%] [34m[1mGenerating Python code for ROS interfaces[0m
[3.169s] [ 76%] Built target interfaz__py
[3.184s] [ 79%] [32mBuilding C object CMakeFiles/interfaz__rosidl_generator_py.dir/rosidl_generator_py/interfaz/msg/_p2pkg_mensaje_s.c.o[0m
[3.185s] [ 82%] [32mBuilding C object CMakeFiles/interfaz__rosidl_generator_py.dir/rosidl_generator_py/interfaz/msg/_mi_mensaje_s.c.o[0m
[3.252s] [ 84%] [32m[1mLinking C shared library rosidl_generator_py/interfaz/libinterfaz__rosidl_generator_py.so[0m
[3.286s] [ 84%] Built target interfaz__rosidl_generator_py
[3.305s] [ 89%] [32mBuilding C object CMakeFiles/interfaz__rosidl_typesupport_c__pyext.dir/rosidl_generator_py/interfaz/_interfaz_s.ep.rosidl_typesupport_c.c.o[0m
[3.305s] [ 89%] [32mBuilding C object CMakeFiles/interfaz__rosidl_typesupport_introspection_c__pyext.dir/rosidl_generator_py/interfaz/_interfaz_s.ep.rosidl_typesupport_introspection_c.c.o[0m
[3.306s] [ 92%] [32mBuilding C object CMakeFiles/interfaz__rosidl_typesupport_fastrtps_c__pyext.dir/rosidl_generator_py/interfaz/_interfaz_s.ep.rosidl_typesupport_fastrtps_c.c.o[0m
[3.378s] [ 94%] [32m[1mLinking C shared library rosidl_generator_py/interfaz/interfaz_s__rosidl_typesupport_c.cpython-310-x86_64-linux-gnu.so[0m
[3.384s] [ 97%] [32m[1mLinking C shared library rosidl_generator_py/interfaz/interfaz_s__rosidl_typesupport_fastrtps_c.cpython-310-x86_64-linux-gnu.so[0m
[3.413s] [100%] [32m[1mLinking C shared library rosidl_generator_py/interfaz/interfaz_s__rosidl_typesupport_introspection_c.cpython-310-x86_64-linux-gnu.so[0m
[3.417s] [100%] Built target interfaz__rosidl_typesupport_fastrtps_c__pyext
[3.417s] [100%] Built target interfaz__rosidl_typesupport_c__pyext
[3.447s] [100%] Built target interfaz__rosidl_typesupport_introspection_c__pyext
[3.457s] Invoked command in '/workspace/ros2_ws/src/build/interfaz' returned '0': CMAKE_PREFIX_PATH=${CMAKE_PREFIX_PATH}:/workspace/ros2_ws/install/primer_paquete:/workspace/ros2_ws/src/primer_paquete/install/primer_paquete:/workspace/ros2_ws/src/install/primer_paquete:/workspace/ros2_ws/src/install/servicio_suma:/workspace/ros2_ws/src/install/paquete1:/workspace/ros2_ws/install/servicio_suma:/workspace/ros2_ws/install/paquete1:/opt/ros/humble /usr/bin/cmake --build /workspace/ros2_ws/src/build/interfaz -- -j12 -l12
[3.459s] Invoking command in '/workspace/ros2_ws/src/build/interfaz': CMAKE_PREFIX_PATH=${CMAKE_PREFIX_PATH}:/workspace/ros2_ws/install/primer_paquete:/workspace/ros2_ws/src/primer_paquete/install/primer_paquete:/workspace/ros2_ws/src/install/primer_paquete:/workspace/ros2_ws/src/install/servicio_suma:/workspace/ros2_ws/src/install/paquete1:/workspace/ros2_ws/install/servicio_suma:/workspace/ros2_ws/install/paquete1:/opt/ros/humble /usr/bin/cmake --install /workspace/ros2_ws/src/build/interfaz
[3.468s] -- Install configuration: ""
[3.468s] -- Installing: /workspace/ros2_ws/src/install/interfaz/share/ament_index/resource_index/rosidl_interfaces/interfaz
[3.468s] -- Installing: /workspace/ros2_ws/src/install/interfaz/include/interfaz/interfaz
[3.468s] -- Installing: /workspace/ros2_ws/src/install/interfaz/include/interfaz/interfaz/msg
[3.468s] -- Installing: /workspace/ros2_ws/src/install/interfaz/include/interfaz/interfaz/msg/rosidl_generator_c__visibility_control.h
[3.468s] -- Installing: /workspace/ros2_ws/src/install/interfaz/include/interfaz/interfaz/msg/detail
[3.468s] -- Installing: /workspace/ros2_ws/src/install/interfaz/include/interfaz/interfaz/msg/detail/p2pkg_mensaje__struct.h
[3.468s] -- Installing: /workspace/ros2_ws/src/install/interfaz/include/interfaz/interfaz/msg/detail/p2pkg_mensaje__functions.c
[3.468s] -- Installing: /workspace/ros2_ws/src/install/interfaz/include/interfaz/interfaz/msg/detail/mi_mensaje__type_support.h
[3.469s] -- Installing: /workspace/ros2_ws/src/install/interfaz/include/interfaz/interfaz/msg/detail/mi_mensaje__struct.h
[3.469s] -- Installing: /workspace/ros2_ws/src/install/interfaz/include/interfaz/interfaz/msg/detail/p2pkg_mensaje__type_support.h
[3.469s] -- Installing: /workspace/ros2_ws/src/install/interfaz/include/interfaz/interfaz/msg/detail/p2pkg_mensaje__functions.h
[3.469s] -- Installing: /workspace/ros2_ws/src/install/interfaz/include/interfaz/interfaz/msg/detail/mi_mensaje__functions.c
[3.469s] -- Installing: /workspace/ros2_ws/src/install/interfaz/include/interfaz/interfaz/msg/detail/mi_mensaje__functions.h
[3.469s] -- Installing: /workspace/ros2_ws/src/install/interfaz/include/interfaz/interfaz/msg/mi_mensaje.h
[3.469s] -- Installing: /workspace/ros2_ws/src/install/interfaz/include/interfaz/interfaz/msg/p2pkg_mensaje.h
[3.469s] -- Installing: /workspace/ros2_ws/src/install/interfaz/share/interfaz/environment/library_path.sh
[3.469s] -- Installing: /workspace/ros2_ws/src/install/interfaz/share/interfaz/environment/library_path.dsv
[3.469s] -- Installing: /workspace/ros2_ws/src/install/interfaz/lib/libinterfaz__rosidl_generator_c.so
[3.469s] -- Set runtime path of "/workspace/ros2_ws/src/install/interfaz/lib/libinterfaz__rosidl_generator_c.so" to ""
[3.469s] -- Up-to-date: /workspace/ros2_ws/src/install/interfaz/include/interfaz/interfaz
[3.469s] -- Up-to-date: /workspace/ros2_ws/src/install/interfaz/include/interfaz/interfaz/msg
[3.469s] -- Up-to-date: /workspace/ros2_ws/src/install/interfaz/include/interfaz/interfaz/msg/detail
[3.469s] -- Installing: /workspace/ros2_ws/src/install/interfaz/include/interfaz/interfaz/msg/detail/mi_mensaje__rosidl_typesupport_fastrtps_c.h
[3.469s] -- Installing: /workspace/ros2_ws/src/install/interfaz/include/interfaz/interfaz/msg/detail/p2pkg_mensaje__rosidl_typesupport_fastrtps_c.h
[3.469s] -- Installing: /workspace/ros2_ws/src/install/interfaz/include/interfaz/interfaz/msg/rosidl_typesupport_fastrtps_c__visibility_control.h
[3.469s] -- Installing: /workspace/ros2_ws/src/install/interfaz/lib/libinterfaz__rosidl_typesupport_fastrtps_c.so
[3.469s] -- Set runtime path of "/workspace/ros2_ws/src/install/interfaz/lib/libinterfaz__rosidl_typesupport_fastrtps_c.so" to ""
[3.469s] -- Up-to-date: /workspace/ros2_ws/src/install/interfaz/include/interfaz/interfaz
[3.469s] -- Up-to-date: /workspace/ros2_ws/src/install/interfaz/include/interfaz/interfaz/msg
[3.470s] -- Installing: /workspace/ros2_ws/src/install/interfaz/include/interfaz/interfaz/msg/rosidl_generator_cpp__visibility_control.hpp
[3.470s] -- Installing: /workspace/ros2_ws/src/install/interfaz/include/interfaz/interfaz/msg/p2pkg_mensaje.hpp
[3.470s] -- Installing: /workspace/ros2_ws/src/install/interfaz/include/interfaz/interfaz/msg/mi_mensaje.hpp
[3.470s] -- Up-to-date: /workspace/ros2_ws/src/install/interfaz/include/interfaz/interfaz/msg/detail
[3.470s] -- Installing: /workspace/ros2_ws/src/install/interfaz/include/interfaz/interfaz/msg/detail/mi_mensaje__struct.hpp
[3.470s] -- Installing: /workspace/ros2_ws/src/install/interfaz/include/interfaz/interfaz/msg/detail/p2pkg_mensaje__builder.hpp
[3.470s] -- Installing: /workspace/ros2_ws/src/install/interfaz/include/interfaz/interfaz/msg/detail/p2pkg_mensaje__type_support.hpp
[3.470s] -- Installing: /workspace/ros2_ws/src/install/interfaz/include/interfaz/interfaz/msg/detail/p2pkg_mensaje__struct.hpp
[3.470s] -- Installing: /workspace/ros2_ws/src/install/interfaz/include/interfaz/interfaz/msg/detail/mi_mensaje__builder.hpp
[3.470s] -- Installing: /workspace/ros2_ws/src/install/interfaz/include/interfaz/interfaz/msg/detail/p2pkg_mensaje__traits.hpp
[3.470s] -- Installing: /workspace/ros2_ws/src/install/interfaz/include/interfaz/interfaz/msg/detail/mi_mensaje__type_support.hpp
[3.470s] -- Installing: /workspace/ros2_ws/src/install/interfaz/include/interfaz/interfaz/msg/detail/mi_mensaje__traits.hpp
[3.470s] -- Up-to-date: /workspace/ros2_ws/src/install/interfaz/include/interfaz/interfaz
[3.470s] -- Up-to-date: /workspace/ros2_ws/src/install/interfaz/include/interfaz/interfaz/msg
[3.470s] -- Installing: /workspace/ros2_ws/src/install/interfaz/include/interfaz/interfaz/msg/rosidl_typesupport_fastrtps_cpp__visibility_control.h
[3.470s] -- Up-to-date: /workspace/ros2_ws/src/install/interfaz/include/interfaz/interfaz/msg/detail
[3.471s] -- Installing: /workspace/ros2_ws/src/install/interfaz/include/interfaz/interfaz/msg/detail/dds_fastrtps
[3.471s] -- Installing: /workspace/ros2_ws/src/install/interfaz/include/interfaz/interfaz/msg/detail/mi_mensaje__rosidl_typesupport_fastrtps_cpp.hpp
[3.471s] -- Installing: /workspace/ros2_ws/src/install/interfaz/include/interfaz/interfaz/msg/detail/p2pkg_mensaje__rosidl_typesupport_fastrtps_cpp.hpp
[3.471s] -- Installing: /workspace/ros2_ws/src/install/interfaz/lib/libinterfaz__rosidl_typesupport_fastrtps_cpp.so
[3.471s] -- Set runtime path of "/workspace/ros2_ws/src/install/interfaz/lib/libinterfaz__rosidl_typesupport_fastrtps_cpp.so" to ""
[3.471s] -- Up-to-date: /workspace/ros2_ws/src/install/interfaz/include/interfaz/interfaz
[3.471s] -- Up-to-date: /workspace/ros2_ws/src/install/interfaz/include/interfaz/interfaz/msg
[3.471s] -- Installing: /workspace/ros2_ws/src/install/interfaz/include/interfaz/interfaz/msg/rosidl_typesupport_introspection_c__visibility_control.h
[3.471s] -- Up-to-date: /workspace/ros2_ws/src/install/interfaz/include/interfaz/interfaz/msg/detail
[3.471s] -- Installing: /workspace/ros2_ws/src/install/interfaz/include/interfaz/interfaz/msg/detail/mi_mensaje__type_support.c
[3.471s] -- Installing: /workspace/ros2_ws/src/install/interfaz/include/interfaz/interfaz/msg/detail/mi_mensaje__rosidl_typesupport_introspection_c.h
[3.471s] -- Installing: /workspace/ros2_ws/src/install/interfaz/include/interfaz/interfaz/msg/detail/p2pkg_mensaje__type_support.c
[3.471s] -- Installing: /workspace/ros2_ws/src/install/interfaz/include/interfaz/interfaz/msg/detail/p2pkg_mensaje__rosidl_typesupport_introspection_c.h
[3.471s] -- Installing: /workspace/ros2_ws/src/install/interfaz/lib/libinterfaz__rosidl_typesupport_introspection_c.so
[3.471s] -- Set runtime path of "/workspace/ros2_ws/src/install/interfaz/lib/libinterfaz__rosidl_typesupport_introspection_c.so" to ""
[3.472s] -- Installing: /workspace/ros2_ws/src/install/interfaz/lib/libinterfaz__rosidl_typesupport_c.so
[3.472s] -- Set runtime path of "/workspace/ros2_ws/src/install/interfaz/lib/libinterfaz__rosidl_typesupport_c.so" to ""
[3.472s] -- Up-to-date: /workspace/ros2_ws/src/install/interfaz/include/interfaz/interfaz
[3.472s] -- Up-to-date: /workspace/ros2_ws/src/install/interfaz/include/interfaz/interfaz/msg
[3.472s] -- Up-to-date: /workspace/ros2_ws/src/install/interfaz/include/interfaz/interfaz/msg/detail
[3.472s] -- Installing: /workspace/ros2_ws/src/install/interfaz/include/interfaz/interfaz/msg/detail/mi_mensaje__rosidl_typesupport_introspection_cpp.hpp
[3.472s] -- Installing: /workspace/ros2_ws/src/install/interfaz/include/interfaz/interfaz/msg/detail/p2pkg_mensaje__rosidl_typesupport_introspection_cpp.hpp
[3.472s] -- Installing: /workspace/ros2_ws/src/install/interfaz/include/interfaz/interfaz/msg/detail/p2pkg_mensaje__type_support.cpp
[3.472s] -- Installing: /workspace/ros2_ws/src/install/interfaz/include/interfaz/interfaz/msg/detail/mi_mensaje__type_support.cpp
[3.472s] -- Installing: /workspace/ros2_ws/src/install/interfaz/lib/libinterfaz__rosidl_typesupport_introspection_cpp.so
[3.472s] -- Set runtime path of "/workspace/ros2_ws/src/install/interfaz/lib/libinterfaz__rosidl_typesupport_introspection_cpp.so" to ""
[3.472s] -- Installing: /workspace/ros2_ws/src/install/interfaz/lib/libinterfaz__rosidl_typesupport_cpp.so
[3.473s] -- Set runtime path of "/workspace/ros2_ws/src/install/interfaz/lib/libinterfaz__rosidl_typesupport_cpp.so" to ""
[3.473s] -- Installing: /workspace/ros2_ws/src/install/interfaz/share/interfaz/environment/pythonpath.sh
[3.473s] -- Installing: /workspace/ros2_ws/src/install/interfaz/share/interfaz/environment/pythonpath.dsv
[3.473s] -- Installing: /workspace/ros2_ws/src/install/interfaz/local/lib/python3.10/dist-packages/interfaz-0.0.0-py3.10.egg-info
[3.473s] -- Installing: /workspace/ros2_ws/src/install/interfaz/local/lib/python3.10/dist-packages/interfaz-0.0.0-py3.10.egg-info/PKG-INFO
[3.473s] -- Installing: /workspace/ros2_ws/src/install/interfaz/local/lib/python3.10/dist-packages/interfaz-0.0.0-py3.10.egg-info/dependency_links.txt
[3.473s] -- Installing: /workspace/ros2_ws/src/install/interfaz/local/lib/python3.10/dist-packages/interfaz-0.0.0-py3.10.egg-info/SOURCES.txt
[3.473s] -- Installing: /workspace/ros2_ws/src/install/interfaz/local/lib/python3.10/dist-packages/interfaz-0.0.0-py3.10.egg-info/top_level.txt
[3.473s] -- Installing: /workspace/ros2_ws/src/install/interfaz/local/lib/python3.10/dist-packages/interfaz
[3.473s] -- Installing: /workspace/ros2_ws/src/install/interfaz/local/lib/python3.10/dist-packages/interfaz/msg
[3.473s] -- Installing: /workspace/ros2_ws/src/install/interfaz/local/lib/python3.10/dist-packages/interfaz/msg/_p2pkg_mensaje.py
[3.473s] -- Installing: /workspace/ros2_ws/src/install/interfaz/local/lib/python3.10/dist-packages/interfaz/msg/_p2pkg_mensaje_s.c
[3.473s] -- Installing: /workspace/ros2_ws/src/install/interfaz/local/lib/python3.10/dist-packages/interfaz/msg/_mi_mensaje.py
[3.473s] -- Installing: /workspace/ros2_ws/src/install/interfaz/local/lib/python3.10/dist-packages/interfaz/msg/_mi_mensaje_s.c
[3.474s] -- Installing: /workspace/ros2_ws/src/install/interfaz/local/lib/python3.10/dist-packages/interfaz/msg/__init__.py
[3.474s] -- Installing: /workspace/ros2_ws/src/install/interfaz/local/lib/python3.10/dist-packages/interfaz/interfaz_s__rosidl_typesupport_fastrtps_c.cpython-310-x86_64-linux-gnu.so
[3.474s] -- Installing: /workspace/ros2_ws/src/install/interfaz/local/lib/python3.10/dist-packages/interfaz/interfaz_s__rosidl_typesupport_introspection_c.cpython-310-x86_64-linux-gnu.so
[3.474s] -- Installing: /workspace/ros2_ws/src/install/interfaz/local/lib/python3.10/dist-packages/interfaz/libinterfaz__rosidl_generator_py.so
[3.474s] -- Installing: /workspace/ros2_ws/src/install/interfaz/local/lib/python3.10/dist-packages/interfaz/interfaz_s__rosidl_typesupport_c.cpython-310-x86_64-linux-gnu.so
[3.474s] -- Installing: /workspace/ros2_ws/src/install/interfaz/local/lib/python3.10/dist-packages/interfaz/_interfaz_s.ep.rosidl_typesupport_introspection_c.c
[3.474s] -- Installing: /workspace/ros2_ws/src/install/interfaz/local/lib/python3.10/dist-packages/interfaz/__init__.py
[3.474s] -- Installing: /workspace/ros2_ws/src/install/interfaz/local/lib/python3.10/dist-packages/interfaz/_interfaz_s.ep.rosidl_typesupport_c.c
[3.474s] -- Installing: /workspace/ros2_ws/src/install/interfaz/local/lib/python3.10/dist-packages/interfaz/_interfaz_s.ep.rosidl_typesupport_fastrtps_c.c
[3.501s] Listing '/workspace/ros2_ws/src/install/interfaz/local/lib/python3.10/dist-packages/interfaz'...
[3.502s] Compiling '/workspace/ros2_ws/src/install/interfaz/local/lib/python3.10/dist-packages/interfaz/__init__.py'...
[3.502s] Listing '/workspace/ros2_ws/src/install/interfaz/local/lib/python3.10/dist-packages/interfaz/msg'...
[3.502s] Compiling '/workspace/ros2_ws/src/install/interfaz/local/lib/python3.10/dist-packages/interfaz/msg/__init__.py'...
[3.502s] Compiling '/workspace/ros2_ws/src/install/interfaz/local/lib/python3.10/dist-packages/interfaz/msg/_mi_mensaje.py'...
[3.502s] Compiling '/workspace/ros2_ws/src/install/interfaz/local/lib/python3.10/dist-packages/interfaz/msg/_p2pkg_mensaje.py'...
[3.504s] -- Installing: /workspace/ros2_ws/src/install/interfaz/local/lib/python3.10/dist-packages/interfaz/interfaz_s__rosidl_typesupport_fastrtps_c.cpython-310-x86_64-linux-gnu.so
[3.505s] -- Set runtime path of "/workspace/ros2_ws/src/install/interfaz/local/lib/python3.10/dist-packages/interfaz/interfaz_s__rosidl_typesupport_fastrtps_c.cpython-310-x86_64-linux-gnu.so" to ""
[3.505s] -- Installing: /workspace/ros2_ws/src/install/interfaz/local/lib/python3.10/dist-packages/interfaz/interfaz_s__rosidl_typesupport_introspection_c.cpython-310-x86_64-linux-gnu.so
[3.505s] -- Set runtime path of "/workspace/ros2_ws/src/install/interfaz/local/lib/python3.10/dist-packages/interfaz/interfaz_s__rosidl_typesupport_introspection_c.cpython-310-x86_64-linux-gnu.so" to ""
[3.505s] -- Installing: /workspace/ros2_ws/src/install/interfaz/local/lib/python3.10/dist-packages/interfaz/interfaz_s__rosidl_typesupport_c.cpython-310-x86_64-linux-gnu.so
[3.505s] -- Set runtime path of "/workspace/ros2_ws/src/install/interfaz/local/lib/python3.10/dist-packages/interfaz/interfaz_s__rosidl_typesupport_c.cpython-310-x86_64-linux-gnu.so" to ""
[3.505s] -- Installing: /workspace/ros2_ws/src/install/interfaz/lib/libinterfaz__rosidl_generator_py.so
[3.506s] -- Set runtime path of "/workspace/ros2_ws/src/install/interfaz/lib/libinterfaz__rosidl_generator_py.so" to ""
[3.506s] -- Installing: /workspace/ros2_ws/src/install/interfaz/share/interfaz/msg/MiMensaje.idl
[3.506s] -- Installing: /workspace/ros2_ws/src/install/interfaz/share/interfaz/msg/P2pkgMensaje.idl
[3.506s] -- Installing: /workspace/ros2_ws/src/install/interfaz/share/interfaz/msg/MiMensaje.msg
[3.506s] -- Installing: /workspace/ros2_ws/src/install/interfaz/share/interfaz/msg/P2pkgMensaje.msg
[3.506s] -- Installing: /workspace/ros2_ws/src/install/interfaz/share/ament_index/resource_index/package_run_dependencies/interfaz
[3.506s] -- Installing: /workspace/ros2_ws/src/install/interfaz/share/ament_index/resource_index/parent_prefix_path/interfaz
[3.506s] -- Up-to-date: /workspace/ros2_ws/src/install/interfaz/share/interfaz/environment/ament_prefix_path.sh
[3.506s] -- Installing: /workspace/ros2_ws/src/install/interfaz/share/interfaz/environment/ament_prefix_path.dsv
[3.507s] -- Up-to-date: /workspace/ros2_ws/src/install/interfaz/share/interfaz/environment/path.sh
[3.507s] -- Installing: /workspace/ros2_ws/src/install/interfaz/share/interfaz/environment/path.dsv
[3.507s] -- Up-to-date: /workspace/ros2_ws/src/install/interfaz/share/interfaz/local_setup.bash
[3.507s] -- Installing: /workspace/ros2_ws/src/install/interfaz/share/interfaz/local_setup.sh
[3.507s] -- Up-to-date: /workspace/ros2_ws/src/install/interfaz/share/interfaz/local_setup.zsh
[3.507s] -- Installing: /workspace/ros2_ws/src/install/interfaz/share/interfaz/local_setup.dsv
[3.507s] -- Installing: /workspace/ros2_ws/src/install/interfaz/share/interfaz/package.dsv
[3.507s] -- Up-to-date: /workspace/ros2_ws/src/install/interfaz/share/ament_index/resource_index/packages/interfaz
[3.507s] -- Installing: /workspace/ros2_ws/src/install/interfaz/share/interfaz/cmake/export_interfaz__rosidl_generator_cExport.cmake
[3.508s] -- Installing: /workspace/ros2_ws/src/install/interfaz/share/interfaz/cmake/export_interfaz__rosidl_generator_cExport-noconfig.cmake
[3.508s] -- Installing: /workspace/ros2_ws/src/install/interfaz/share/interfaz/cmake/export_interfaz__rosidl_typesupport_fastrtps_cExport.cmake
[3.508s] -- Installing: /workspace/ros2_ws/src/install/interfaz/share/interfaz/cmake/export_interfaz__rosidl_typesupport_fastrtps_cExport-noconfig.cmake
[3.508s] -- Installing: /workspace/ros2_ws/src/install/interfaz/share/interfaz/cmake/export_interfaz__rosidl_generator_cppExport.cmake
[3.508s] -- Installing: /workspace/ros2_ws/src/install/interfaz/share/interfaz/cmake/export_interfaz__rosidl_typesupport_fastrtps_cppExport.cmake
[3.508s] -- Installing: /workspace/ros2_ws/src/install/interfaz/share/interfaz/cmake/export_interfaz__rosidl_typesupport_fastrtps_cppExport-noconfig.cmake
[3.508s] -- Installing: /workspace/ros2_ws/src/install/interfaz/share/interfaz/cmake/interfaz__rosidl_typesupport_introspection_cExport.cmake
[3.509s] -- Installing: /workspace/ros2_ws/src/install/interfaz/share/interfaz/cmake/interfaz__rosidl_typesupport_introspection_cExport-noconfig.cmake
[3.509s] -- Installing: /workspace/ros2_ws/src/install/interfaz/share/interfaz/cmake/interfaz__rosidl_typesupport_cExport.cmake
[3.509s] -- Installing: /workspace/ros2_ws/src/install/interfaz/share/interfaz/cmake/interfaz__rosidl_typesupport_cExport-noconfig.cmake
[3.509s] -- Installing: /workspace/ros2_ws/src/install/interfaz/share/interfaz/cmake/interfaz__rosidl_typesupport_introspection_cppExport.cmake
[3.509s] -- Installing: /workspace/ros2_ws/src/install/interfaz/share/interfaz/cmake/interfaz__rosidl_typesupport_introspection_cppExport-noconfig.cmake
[3.509s] -- Installing: /workspace/ros2_ws/src/install/interfaz/share/interfaz/cmake/interfaz__rosidl_typesupport_cppExport.cmake
[3.509s] -- Installing: /workspace/ros2_ws/src/install/interfaz/share/interfaz/cmake/interfaz__rosidl_typesupport_cppExport-noconfig.cmake
[3.510s] -- Installing: /workspace/ros2_ws/src/install/interfaz/share/interfaz/cmake/export_interfaz__rosidl_generator_pyExport.cmake
[3.510s] -- Installing: /workspace/ros2_ws/src/install/interfaz/share/interfaz/cmake/export_interfaz__rosidl_generator_pyExport-noconfig.cmake
[3.510s] -- Installing: /workspace/ros2_ws/src/install/interfaz/share/interfaz/cmake/rosidl_cmake-extras.cmake
[3.510s] -- Installing: /workspace/ros2_ws/src/install/interfaz/share/interfaz/cmake/ament_cmake_export_dependencies-extras.cmake
[3.510s] -- Installing: /workspace/ros2_ws/src/install/interfaz/share/interfaz/cmake/ament_cmake_export_include_directories-extras.cmake
[3.510s] -- Installing: /workspace/ros2_ws/src/install/interfaz/share/interfaz/cmake/ament_cmake_export_libraries-extras.cmake
[3.510s] -- Installing: /workspace/ros2_ws/src/install/interfaz/share/interfaz/cmake/ament_cmake_export_targets-extras.cmake
[3.510s] -- Installing: /workspace/ros2_ws/src/install/interfaz/share/interfaz/cmake/rosidl_cmake_export_typesupport_targets-extras.cmake
[3.511s] -- Installing: /workspace/ros2_ws/src/install/interfaz/share/interfaz/cmake/rosidl_cmake_export_typesupport_libraries-extras.cmake
[3.511s] -- Installing: /workspace/ros2_ws/src/install/interfaz/share/interfaz/cmake/interfazConfig.cmake
[3.511s] -- Up-to-date: /workspace/ros2_ws/src/install/interfaz/share/interfaz/cmake/interfazConfig-version.cmake
[3.511s] -- Installing: /workspace/ros2_ws/src/install/interfaz/share/interfaz/package.xml
[3.513s] Invoked command in '/workspace/ros2_ws/src/build/interfaz' returned '0': CMAKE_PREFIX_PATH=${CMAKE_PREFIX_PATH}:/workspace/ros2_ws/install/primer_paquete:/workspace/ros2_ws/src/primer_paquete/install/primer_paquete:/workspace/ros2_ws/src/install/primer_paquete:/workspace/ros2_ws/src/install/servicio_suma:/workspace/ros2_ws/src/install/paquete1:/workspace/ros2_ws/install/servicio_suma:/workspace/ros2_ws/install/paquete1:/opt/ros/humble /usr/bin/cmake --install /workspace/ros2_ws/src/build/interfaz
