[8.145s] Invoking command in '/workspace/ros2_ws/src/mi_accion': PYTHONPATH=/workspace/ros2_ws/build/mi_accion/prefix_override:/usr/lib/python3/dist-packages/colcon_core/task/python/colcon_distutils_commands:/workspace/ros2_ws/install/mi_accion/lib/python3.10/site-packages:${PYTHONPATH} /usr/bin/python3 -W ignore:setup.py install is deprecated -W ignore:easy_install command is deprecated setup.py egg_info --egg-base ../../build/mi_accion build --build-base /workspace/ros2_ws/build/mi_accion/build install --record /workspace/ros2_ws/build/mi_accion/install.log --single-version-externally-managed install_data
[9.105s] running egg_info
[9.107s] writing ../../build/mi_accion/mi_accion.egg-info/PKG-INFO
[9.108s] writing dependency_links to ../../build/mi_accion/mi_accion.egg-info/dependency_links.txt
[9.108s] writing entry points to ../../build/mi_accion/mi_accion.egg-info/entry_points.txt
[9.108s] writing requirements to ../../build/mi_accion/mi_accion.egg-info/requires.txt
[9.109s] writing top-level names to ../../build/mi_accion/mi_accion.egg-info/top_level.txt
[9.115s] reading manifest file '../../build/mi_accion/mi_accion.egg-info/SOURCES.txt'
[9.115s] adding license file 'LICENSE'
[9.119s] writing manifest file '../../build/mi_accion/mi_accion.egg-info/SOURCES.txt'
[9.119s] running build
[9.119s] running build_py
[9.119s] running install
[9.127s] running install_lib
[9.127s] running install_data
[9.128s] running install_egg_info
[9.138s] removing '/workspace/ros2_ws/install/mi_accion/lib/python3.10/site-packages/mi_accion-0.0.0-py3.10.egg-info' (and everything under it)
[9.138s] Copying ../../build/mi_accion/mi_accion.egg-info to /workspace/ros2_ws/install/mi_accion/lib/python3.10/site-packages/mi_accion-0.0.0-py3.10.egg-info
[9.139s] running install_scripts
[9.225s] Installing client script to /workspace/ros2_ws/install/mi_accion/lib/mi_accion
[9.225s] Installing ej_client script to /workspace/ros2_ws/install/mi_accion/lib/mi_accion
[9.225s] Installing ej_server script to /workspace/ros2_ws/install/mi_accion/lib/mi_accion
[9.225s] Installing server script to /workspace/ros2_ws/install/mi_accion/lib/mi_accion
[9.230s] writing list of installed files to '/workspace/ros2_ws/build/mi_accion/install.log'
[9.300s] Invoked command in '/workspace/ros2_ws/src/mi_accion' returned '0': PYTHONPATH=/workspace/ros2_ws/build/mi_accion/prefix_override:/usr/lib/python3/dist-packages/colcon_core/task/python/colcon_distutils_commands:/workspace/ros2_ws/install/mi_accion/lib/python3.10/site-packages:${PYTHONPATH} /usr/bin/python3 -W ignore:setup.py install is deprecated -W ignore:easy_install command is deprecated setup.py egg_info --egg-base ../../build/mi_accion build --build-base /workspace/ros2_ws/build/mi_accion/build install --record /workspace/ros2_ws/build/mi_accion/install.log --single-version-externally-managed install_data
