[2.662s] Invoking command in '/workspace/ros2_ws/build/paquete1': PYTHONPATH=/workspace/ros2_ws/build/paquete1/prefix_override:/usr/lib/python3/dist-packages/colcon_core/task/python/colcon_distutils_commands:/workspace/ros2_ws/install/paquete1/lib/python3.10/site-packages:${PYTHONPATH} /usr/bin/python3 -W ignore:setup.py install is deprecated -W ignore:easy_install command is deprecated setup.py develop --editable --build-directory /workspace/ros2_ws/build/paquete1/build --no-deps symlink_data
[3.628s] running develop
[3.931s] running egg_info
[3.931s] creating paquete1.egg-info
[3.931s] writing paquete1.egg-info/PKG-INFO
[3.931s] writing dependency_links to paquete1.egg-info/dependency_links.txt
[3.932s] writing entry points to paquete1.egg-info/entry_points.txt
[3.932s] writing requirements to paquete1.egg-info/requires.txt
[3.932s] writing top-level names to paquete1.egg-info/top_level.txt
[3.932s] writing manifest file 'paquete1.egg-info/SOURCES.txt'
[3.935s] reading manifest file 'paquete1.egg-info/SOURCES.txt'
[3.935s] writing manifest file 'paquete1.egg-info/SOURCES.txt'
[3.938s] running build_ext
[3.938s] Creating /workspace/ros2_ws/install/paquete1/lib/python3.10/site-packages/paquete1.egg-link (link to .)
[3.940s] 
[3.940s] Installed /workspace/ros2_ws/build/paquete1
[3.940s] running symlink_data
[3.940s] creating /workspace/ros2_ws/install/paquete1/share/ament_index
[3.940s] creating /workspace/ros2_ws/install/paquete1/share/ament_index/resource_index
[3.940s] creating /workspace/ros2_ws/install/paquete1/share/ament_index/resource_index/packages
[3.941s] symbolically linking /workspace/ros2_ws/build/paquete1/resource/paquete1 -> /workspace/ros2_ws/install/paquete1/share/ament_index/resource_index/packages
[3.941s] symbolically linking /workspace/ros2_ws/build/paquete1/package.xml -> /workspace/ros2_ws/install/paquete1/share/paquete1
[4.008s] Invoked command in '/workspace/ros2_ws/build/paquete1' returned '0': PYTHONPATH=/workspace/ros2_ws/build/paquete1/prefix_override:/usr/lib/python3/dist-packages/colcon_core/task/python/colcon_distutils_commands:/workspace/ros2_ws/install/paquete1/lib/python3.10/site-packages:${PYTHONPATH} /usr/bin/python3 -W ignore:setup.py install is deprecated -W ignore:easy_install command is deprecated setup.py develop --editable --build-directory /workspace/ros2_ws/build/paquete1/build --no-deps symlink_data
