[0.056s] Invoking command in '/workspace/ros2_ws/build/turtlebot3_description': CMAKE_PREFIX_PATH=${CMAKE_PREFIX_PATH}:/workspace/install/servicio_suma:/workspace/ros2_ws/install/vicpaq:/workspace/ros2_ws/install/servicio_suma:/workspace/ros2_ws/install/service_temp:/workspace/ros2_ws/install/primer_paquete:/workspace/ros2_ws/install/paquete1:/workspace/ros2_ws/install/battery_act:/opt/ros/humble /usr/bin/cmake /workspace/ros2_ws/src/turtlebot3/turtlebot3_description -DAMENT_CMAKE_SYMLINK_INSTALL=1 -DCMAKE_INSTALL_PREFIX=/workspace/ros2_ws/install/turtlebot3_description
[1.000s] -- The C compiler identification is GNU 11.4.0
[1.000s] -- The CXX compiler identification is GNU 11.4.0
[1.000s] -- Detecting C compiler ABI info
[1.000s] -- Detecting C compiler ABI info - done
[1.000s] -- Check for working C compiler: /usr/bin/cc - skipped
[1.001s] -- Detecting C compile features
[1.001s] -- Detecting C compile features - done
[1.001s] -- Detecting CXX compiler ABI info
[1.001s] -- Detecting CXX compiler ABI info - done
[1.001s] -- Check for working CXX compiler: /usr/bin/c++ - skipped
[1.001s] -- Detecting CXX compile features
[1.001s] -- Detecting CXX compile features - done
[1.001s] -- Found ament_cmake: 1.3.12 (/opt/ros/humble/share/ament_cmake/cmake)
[1.001s] -- Found Python3: /usr/bin/python3 (found version "3.10.12") found components: Interpreter 
[1.002s] -- Override CMake install command with custom implementation using symlinks instead of copying resources
[1.002s] -- Found urdf: 2.6.1 (/opt/ros/humble/share/urdf/cmake)
[1.002s] -- Configuring done
[1.002s] -- Generating done
[1.002s] -- Build files have been written to: /workspace/ros2_ws/build/turtlebot3_description
[1.024s] Invoked command in '/workspace/ros2_ws/build/turtlebot3_description' returned '0': CMAKE_PREFIX_PATH=${CMAKE_PREFIX_PATH}:/workspace/install/servicio_suma:/workspace/ros2_ws/install/vicpaq:/workspace/ros2_ws/install/servicio_suma:/workspace/ros2_ws/install/service_temp:/workspace/ros2_ws/install/primer_paquete:/workspace/ros2_ws/install/paquete1:/workspace/ros2_ws/install/battery_act:/opt/ros/humble /usr/bin/cmake /workspace/ros2_ws/src/turtlebot3/turtlebot3_description -DAMENT_CMAKE_SYMLINK_INSTALL=1 -DCMAKE_INSTALL_PREFIX=/workspace/ros2_ws/install/turtlebot3_description
[1.025s] Invoking command in '/workspace/ros2_ws/build/turtlebot3_description': CMAKE_PREFIX_PATH=${CMAKE_PREFIX_PATH}:/workspace/install/servicio_suma:/workspace/ros2_ws/install/vicpaq:/workspace/ros2_ws/install/servicio_suma:/workspace/ros2_ws/install/service_temp:/workspace/ros2_ws/install/primer_paquete:/workspace/ros2_ws/install/paquete1:/workspace/ros2_ws/install/battery_act:/opt/ros/humble /usr/bin/cmake --build /workspace/ros2_ws/build/turtlebot3_description -- -j12 -l12
[1.076s] Invoked command in '/workspace/ros2_ws/build/turtlebot3_description' returned '0': CMAKE_PREFIX_PATH=${CMAKE_PREFIX_PATH}:/workspace/install/servicio_suma:/workspace/ros2_ws/install/vicpaq:/workspace/ros2_ws/install/servicio_suma:/workspace/ros2_ws/install/service_temp:/workspace/ros2_ws/install/primer_paquete:/workspace/ros2_ws/install/paquete1:/workspace/ros2_ws/install/battery_act:/opt/ros/humble /usr/bin/cmake --build /workspace/ros2_ws/build/turtlebot3_description -- -j12 -l12
[1.078s] Invoking command in '/workspace/ros2_ws/build/turtlebot3_description': CMAKE_PREFIX_PATH=${CMAKE_PREFIX_PATH}:/workspace/install/servicio_suma:/workspace/ros2_ws/install/vicpaq:/workspace/ros2_ws/install/servicio_suma:/workspace/ros2_ws/install/service_temp:/workspace/ros2_ws/install/primer_paquete:/workspace/ros2_ws/install/paquete1:/workspace/ros2_ws/install/battery_act:/opt/ros/humble /usr/bin/cmake --install /workspace/ros2_ws/build/turtlebot3_description
[1.089s] -- Install configuration: ""
[1.089s] -- Execute custom install script
[1.089s] -- Symlinking: /workspace/ros2_ws/install/turtlebot3_description/share/turtlebot3_description/meshes/bases/burger_base.stl
[1.100s] -- Symlinking: /workspace/ros2_ws/install/turtlebot3_description/share/turtlebot3_description/meshes/bases/waffle_base.stl
[1.111s] -- Symlinking: /workspace/ros2_ws/install/turtlebot3_description/share/turtlebot3_description/meshes/bases/waffle_pi_base.stl
[1.122s] -- Symlinking: /workspace/ros2_ws/install/turtlebot3_description/share/turtlebot3_description/meshes/sensors/astra.dae
[1.134s] -- Symlinking: /workspace/ros2_ws/install/turtlebot3_description/share/turtlebot3_description/meshes/sensors/astra.jpg
[1.147s] -- Symlinking: /workspace/ros2_ws/install/turtlebot3_description/share/turtlebot3_description/meshes/sensors/lds.stl
[1.157s] -- Symlinking: /workspace/ros2_ws/install/turtlebot3_description/share/turtlebot3_description/meshes/sensors/r200.dae
[1.169s] -- Symlinking: /workspace/ros2_ws/install/turtlebot3_description/share/turtlebot3_description/meshes/sensors/r200.jpg
[1.180s] -- Symlinking: /workspace/ros2_ws/install/turtlebot3_description/share/turtlebot3_description/meshes/wheels/left_tire.stl
[1.191s] -- Symlinking: /workspace/ros2_ws/install/turtlebot3_description/share/turtlebot3_description/meshes/wheels/right_tire.stl
[1.205s] -- Symlinking: /workspace/ros2_ws/install/turtlebot3_description/share/turtlebot3_description/rviz/model.rviz
[1.219s] -- Symlinking: /workspace/ros2_ws/install/turtlebot3_description/share/turtlebot3_description/urdf/common_properties.urdf
[1.229s] -- Symlinking: /workspace/ros2_ws/install/turtlebot3_description/share/turtlebot3_description/urdf/turtlebot3_burger.urdf
[1.243s] -- Symlinking: /workspace/ros2_ws/install/turtlebot3_description/share/turtlebot3_description/urdf/turtlebot3_waffle.urdf
[1.255s] -- Symlinking: /workspace/ros2_ws/install/turtlebot3_description/share/turtlebot3_description/urdf/turtlebot3_waffle_pi.urdf
[1.268s] -- Symlinking: /workspace/ros2_ws/install/turtlebot3_description/share/ament_index/resource_index/package_run_dependencies/turtlebot3_description
[1.280s] -- Symlinking: /workspace/ros2_ws/install/turtlebot3_description/share/ament_index/resource_index/parent_prefix_path/turtlebot3_description
[1.291s] -- Symlinking: /workspace/ros2_ws/install/turtlebot3_description/share/turtlebot3_description/environment/ament_prefix_path.sh
[1.303s] -- Symlinking: /workspace/ros2_ws/install/turtlebot3_description/share/turtlebot3_description/environment/ament_prefix_path.dsv
[1.314s] -- Symlinking: /workspace/ros2_ws/install/turtlebot3_description/share/turtlebot3_description/environment/path.sh
[1.327s] -- Symlinking: /workspace/ros2_ws/install/turtlebot3_description/share/turtlebot3_description/environment/path.dsv
[1.338s] -- Symlinking: /workspace/ros2_ws/install/turtlebot3_description/share/turtlebot3_description/local_setup.bash
[1.349s] -- Symlinking: /workspace/ros2_ws/install/turtlebot3_description/share/turtlebot3_description/local_setup.sh
[1.362s] -- Symlinking: /workspace/ros2_ws/install/turtlebot3_description/share/turtlebot3_description/local_setup.zsh
[1.372s] -- Symlinking: /workspace/ros2_ws/install/turtlebot3_description/share/turtlebot3_description/local_setup.dsv
[1.388s] -- Symlinking: /workspace/ros2_ws/install/turtlebot3_description/share/turtlebot3_description/package.dsv
[1.392s] -- Symlinking: /workspace/ros2_ws/install/turtlebot3_description/share/ament_index/resource_index/packages/turtlebot3_description
[1.401s] -- Symlinking: /workspace/ros2_ws/install/turtlebot3_description/share/turtlebot3_description/cmake/turtlebot3_descriptionConfig.cmake
[1.409s] -- Symlinking: /workspace/ros2_ws/install/turtlebot3_description/share/turtlebot3_description/cmake/turtlebot3_descriptionConfig-version.cmake
[1.419s] -- Symlinking: /workspace/ros2_ws/install/turtlebot3_description/share/turtlebot3_description/package.xml
[1.443s] Invoked command in '/workspace/ros2_ws/build/turtlebot3_description' returned '0': CMAKE_PREFIX_PATH=${CMAKE_PREFIX_PATH}:/workspace/install/servicio_suma:/workspace/ros2_ws/install/vicpaq:/workspace/ros2_ws/install/servicio_suma:/workspace/ros2_ws/install/service_temp:/workspace/ros2_ws/install/primer_paquete:/workspace/ros2_ws/install/paquete1:/workspace/ros2_ws/install/battery_act:/opt/ros/humble /usr/bin/cmake --install /workspace/ros2_ws/build/turtlebot3_description
