[3.989s] Invoking command in '/workspace/ros2_ws/build/battery_act': CMAKE_PREFIX_PATH=/workspace/ros2_ws/install/interfaz:/workspace/ros2_ws/install/vicpaq:/workspace/ros2_ws/install/turtlebot3:/workspace/ros2_ws/install/turtlebot3_simulations:/workspace/ros2_ws/install/turtlebot3_bringup:/workspace/ros2_ws/install/turtlebot3_node:/workspace/ros2_ws/install/turtlebot3_navigation2:/workspace/ros2_ws/install/turtlebot3_fake_node:/workspace/ros2_ws/install/turtlebot3_msgs:/workspace/ros2_ws/install/turtlebot3_manipulation_gazebo:/workspace/ros2_ws/install/turtlebot3_gazebo:/workspace/ros2_ws/install/turtlebot3_description:/workspace/ros2_ws/install/turtlebot3_cartographer:/workspace/ros2_ws/install/interfaz_servicio_suma:/workspace/install/interfaz_servicio_suma LD_LIBRARY_PATH=/workspace/ros2_ws/install/interfaz/lib:/workspace/ros2_ws/install/turtlebot3_msgs/lib:/workspace/ros2_ws/install/interfaz_servicio_suma/lib:/workspace/install/interfaz_servicio_suma/lib:/usr/lib/x86_64-linux-gnu/gazebo-11/plugins:/opt/ros/humble/opt/rviz_ogre_vendor/lib:/opt/ros/humble/lib/x86_64-linux-gnu:/opt/ros/humble/lib PYTHONPATH=/workspace/ros2_ws/build/battery_act/prefix_override:/usr/lib/python3/dist-packages/colcon_core/task/python/colcon_distutils_commands:/workspace/ros2_ws/install/battery_act/lib/python3.10/site-packages:${PYTHONPATH} /usr/bin/python3 -W ignore:setup.py install is deprecated -W ignore:easy_install command is deprecated setup.py develop --editable --build-directory /workspace/ros2_ws/build/battery_act/build --no-deps symlink_data
[4.724s] running develop
[5.426s] running egg_info
[5.427s] creating battery_act.egg-info
[5.430s] writing battery_act.egg-info/PKG-INFO
[5.430s] writing dependency_links to battery_act.egg-info/dependency_links.txt
[5.430s] writing entry points to battery_act.egg-info/entry_points.txt
[5.431s] writing requirements to battery_act.egg-info/requires.txt
[5.431s] writing top-level names to battery_act.egg-info/top_level.txt
[5.431s] writing manifest file 'battery_act.egg-info/SOURCES.txt'
[5.437s] reading manifest file 'battery_act.egg-info/SOURCES.txt'
[5.438s] writing manifest file 'battery_act.egg-info/SOURCES.txt'
[5.448s] running build_ext
[5.450s] Creating /workspace/ros2_ws/install/battery_act/lib/python3.10/site-packages/battery-act.egg-link (link to .)
[5.450s] Installing client script to /workspace/ros2_ws/install/battery_act/lib/battery_act
[5.450s] Installing server script to /workspace/ros2_ws/install/battery_act/lib/battery_act
[5.450s] 
[5.450s] Installed /workspace/ros2_ws/build/battery_act
[5.450s] running symlink_data
[5.456s] creating /workspace/ros2_ws/install/battery_act/share/ament_index
[5.457s] creating /workspace/ros2_ws/install/battery_act/share/ament_index/resource_index
[5.457s] creating /workspace/ros2_ws/install/battery_act/share/ament_index/resource_index/packages
[5.457s] symbolically linking /workspace/ros2_ws/build/battery_act/resource/battery_act -> /workspace/ros2_ws/install/battery_act/share/ament_index/resource_index/packages
[5.457s] symbolically linking /workspace/ros2_ws/build/battery_act/package.xml -> /workspace/ros2_ws/install/battery_act/share/battery_act
[5.638s] Invoked command in '/workspace/ros2_ws/build/battery_act' returned '0': CMAKE_PREFIX_PATH=/workspace/ros2_ws/install/interfaz:/workspace/ros2_ws/install/vicpaq:/workspace/ros2_ws/install/turtlebot3:/workspace/ros2_ws/install/turtlebot3_simulations:/workspace/ros2_ws/install/turtlebot3_bringup:/workspace/ros2_ws/install/turtlebot3_node:/workspace/ros2_ws/install/turtlebot3_navigation2:/workspace/ros2_ws/install/turtlebot3_fake_node:/workspace/ros2_ws/install/turtlebot3_msgs:/workspace/ros2_ws/install/turtlebot3_manipulation_gazebo:/workspace/ros2_ws/install/turtlebot3_gazebo:/workspace/ros2_ws/install/turtlebot3_description:/workspace/ros2_ws/install/turtlebot3_cartographer:/workspace/ros2_ws/install/interfaz_servicio_suma:/workspace/install/interfaz_servicio_suma LD_LIBRARY_PATH=/workspace/ros2_ws/install/interfaz/lib:/workspace/ros2_ws/install/turtlebot3_msgs/lib:/workspace/ros2_ws/install/interfaz_servicio_suma/lib:/workspace/install/interfaz_servicio_suma/lib:/usr/lib/x86_64-linux-gnu/gazebo-11/plugins:/opt/ros/humble/opt/rviz_ogre_vendor/lib:/opt/ros/humble/lib/x86_64-linux-gnu:/opt/ros/humble/lib PYTHONPATH=/workspace/ros2_ws/build/battery_act/prefix_override:/usr/lib/python3/dist-packages/colcon_core/task/python/colcon_distutils_commands:/workspace/ros2_ws/install/battery_act/lib/python3.10/site-packages:${PYTHONPATH} /usr/bin/python3 -W ignore:setup.py install is deprecated -W ignore:easy_install command is deprecated setup.py develop --editable --build-directory /workspace/ros2_ws/build/battery_act/build --no-deps symlink_data
