[0.006s] Invoking command in '/workspace/build/interfaz_servicio_suma': CMAKE_PREFIX_PATH=/workspace/ros2_ws/install/servicio_suma:/opt/ros/humble /usr/bin/cmake /workspace/interfaz_servicio_suma -DCMAKE_INSTALL_PREFIX=/workspace/install/interfaz_servicio_suma
[0.196s] -- The C compiler identification is GNU 11.4.0
[0.296s] -- The CXX compiler identification is GNU 11.4.0
[0.303s] -- Detecting C compiler ABI info
[0.365s] -- Detecting C compiler ABI info - done
[0.370s] -- Check for working C compiler: /usr/bin/cc - skipped
[0.371s] -- Detecting C compile features
[0.371s] -- Detecting C compile features - done
[0.374s] -- Detecting CXX compiler ABI info
[0.437s] -- Detecting CXX compiler ABI info - done
[0.443s] -- Check for working CXX compiler: /usr/bin/c++ - skipped
[0.443s] -- Detecting CXX compile features
[0.443s] -- Detecting CXX compile features - done
[0.451s] -- Found ament_cmake: 1.3.12 (/opt/ros/humble/share/ament_cmake/cmake)
[0.572s] -- Found Python3: /usr/bin/python3 (found version "3.10.12") found components: Interpreter 
[0.649s] -- Found std_msgs: 4.9.0 (/opt/ros/humble/share/std_msgs/cmake)
[0.689s] -- Found rosidl_generator_c: 3.1.8 (/opt/ros/humble/share/rosidl_generator_c/cmake)
[0.695s] -- Found rosidl_adapter: 3.1.8 (/opt/ros/humble/share/rosidl_adapter/cmake)
[0.703s] -- Found rosidl_generator_cpp: 3.1.8 (/opt/ros/humble/share/rosidl_generator_cpp/cmake)
[0.715s] -- Using all available rosidl_typesupport_c: rosidl_typesupport_fastrtps_c;rosidl_typesupport_introspection_c
[0.729s] -- Using all available rosidl_typesupport_cpp: rosidl_typesupport_fastrtps_cpp;rosidl_typesupport_introspection_cpp
[0.751s] -- Found rosidl_default_generators: 1.2.0 (/opt/ros/humble/share/rosidl_default_generators/cmake)
[0.929s] -- Found ament_cmake_ros: 0.10.0 (/opt/ros/humble/share/ament_cmake_ros/cmake)
[1.182s] -- Using all available rosidl_typesupport_c: rosidl_typesupport_fastrtps_c;rosidl_typesupport_introspection_c
[1.281s] -- Using all available rosidl_typesupport_cpp: rosidl_typesupport_fastrtps_cpp;rosidl_typesupport_introspection_cpp
[1.298s] -- Found PythonInterp: /usr/bin/python3 (found suitable version "3.10.12", minimum required is "3.6") 
[1.300s] -- Found python_cmake_module: 0.10.0 (/opt/ros/humble/share/python_cmake_module/cmake)
[1.319s] -- Found PythonLibs: /usr/lib/x86_64-linux-gnu/libpython3.10.so (found suitable version "3.10.12", minimum required is "3.5") 
[1.319s] -- Using PYTHON_EXECUTABLE: /usr/bin/python3
[1.319s] -- Using PYTHON_INCLUDE_DIRS: /usr/include/python3.10
[1.320s] -- Using PYTHON_LIBRARIES: /usr/lib/x86_64-linux-gnu/libpython3.10.so
[1.337s] -- Found PythonExtra: .so  
[1.371s] -- Found ament_lint_auto: 0.12.14 (/opt/ros/humble/share/ament_lint_auto/cmake)
[1.409s] -- Added test 'cppcheck' to perform static code analysis on C / C++ code
[1.409s] -- Configured cppcheck include dirs: 
[1.409s] -- Configured cppcheck exclude dirs and/or files: 
[1.412s] -- Added test 'flake8' to check Python code syntax and style conventions
[1.418s] -- Added test 'lint_cmake' to check CMake code style
[1.421s] -- Added test 'pep257' to check Python code against some of the docstring style conventions in PEP 257
[1.445s] -- Added test 'uncrustify' to check C / C++ code style
[1.445s] -- Configured uncrustify additional arguments: 
[1.449s] -- Added test 'xmllint' to check XML markup files
[1.451s] -- Configuring done
[1.468s] -- Generating done
[1.475s] -- Build files have been written to: /workspace/build/interfaz_servicio_suma
[1.478s] Invoked command in '/workspace/build/interfaz_servicio_suma' returned '0': CMAKE_PREFIX_PATH=/workspace/ros2_ws/install/servicio_suma:/opt/ros/humble /usr/bin/cmake /workspace/interfaz_servicio_suma -DCMAKE_INSTALL_PREFIX=/workspace/install/interfaz_servicio_suma
[1.479s] Invoking command in '/workspace/build/interfaz_servicio_suma': CMAKE_PREFIX_PATH=/workspace/ros2_ws/install/servicio_suma:/opt/ros/humble /usr/bin/cmake --build /workspace/build/interfaz_servicio_suma -- -j12 -l12
[1.511s] [  3%] [34m[1mGenerating C code for ROS interfaces[0m
[1.520s] [  6%] [34m[1mGenerating C++ code for ROS interfaces[0m
[1.528s] [  6%] Built target ament_cmake_python_copy_interfaz_servicio_suma
[1.706s] [  6%] Built target interfaz_servicio_suma__cpp
[1.714s] [  9%] [32mBuilding C object CMakeFiles/interfaz_servicio_suma__rosidl_generator_c.dir/rosidl_generator_c/interfaz_servicio_suma/srv/detail/add_two_ints__functions.c.o[0m
[1.716s] [ 12%] [34m[1mGenerating C++ type support for eProsima Fast-RTPS[0m
[1.716s] [ 16%] [34m[1mGenerating C++ type support dispatch for ROS interfaces[0m
[1.717s] [ 19%] [34m[1mGenerating C++ introspection for ROS interfaces[0m
[1.743s] running egg_info
[1.744s] creating interfaz_servicio_suma.egg-info
[1.744s] writing interfaz_servicio_suma.egg-info/PKG-INFO
[1.744s] writing dependency_links to interfaz_servicio_suma.egg-info/dependency_links.txt
[1.745s] writing top-level names to interfaz_servicio_suma.egg-info/top_level.txt
[1.745s] writing manifest file 'interfaz_servicio_suma.egg-info/SOURCES.txt'
[1.746s] reading manifest file 'interfaz_servicio_suma.egg-info/SOURCES.txt'
[1.747s] writing manifest file 'interfaz_servicio_suma.egg-info/SOURCES.txt'
[1.771s] [ 19%] Built target ament_cmake_python_build_interfaz_servicio_suma_egg
[1.791s] [ 22%] [32m[1mLinking C shared library libinterfaz_servicio_suma__rosidl_generator_c.so[0m
[1.823s] [ 22%] Built target interfaz_servicio_suma__rosidl_generator_c
[1.835s] [ 32%] [34m[1mGenerating C introspection for ROS interfaces[0m
[1.835s] [ 32%] [34m[1mGenerating C type support for eProsima Fast-RTPS[0m
[1.835s] [ 32%] [34m[1mGenerating C type support dispatch for ROS interfaces[0m
[1.912s] [ 35%] [32mBuilding CXX object CMakeFiles/interfaz_servicio_suma__rosidl_typesupport_cpp.dir/rosidl_typesupport_cpp/interfaz_servicio_suma/srv/add_two_ints__type_support.cpp.o[0m
[1.951s] [ 38%] [32mBuilding CXX object CMakeFiles/interfaz_servicio_suma__rosidl_typesupport_introspection_cpp.dir/rosidl_typesupport_introspection_cpp/interfaz_servicio_suma/srv/detail/add_two_ints__type_support.cpp.o[0m
[2.037s] [ 41%] [32mBuilding CXX object CMakeFiles/interfaz_servicio_suma__rosidl_typesupport_fastrtps_cpp.dir/rosidl_typesupport_fastrtps_cpp/interfaz_servicio_suma/srv/detail/dds_fastrtps/add_two_ints__type_support.cpp.o[0m
[2.088s] [ 45%] [32mBuilding C object CMakeFiles/interfaz_servicio_suma__rosidl_typesupport_introspection_c.dir/rosidl_typesupport_introspection_c/interfaz_servicio_suma/srv/detail/add_two_ints__type_support.c.o[0m
[2.110s] [ 48%] [32mBuilding CXX object CMakeFiles/interfaz_servicio_suma__rosidl_typesupport_fastrtps_c.dir/rosidl_typesupport_fastrtps_c/interfaz_servicio_suma/srv/detail/add_two_ints__type_support_c.cpp.o[0m
[2.123s] [ 51%] [32mBuilding CXX object CMakeFiles/interfaz_servicio_suma__rosidl_typesupport_c.dir/rosidl_typesupport_c/interfaz_servicio_suma/srv/add_two_ints__type_support.cpp.o[0m
[2.124s] [ 54%] [32m[1mLinking C shared library libinterfaz_servicio_suma__rosidl_typesupport_introspection_c.so[0m
[2.156s] [ 54%] Built target interfaz_servicio_suma__rosidl_typesupport_introspection_c
[2.159s] [ 58%] [32m[1mLinking CXX shared library libinterfaz_servicio_suma__rosidl_typesupport_c.so[0m
[2.198s] [ 58%] Built target interfaz_servicio_suma__rosidl_typesupport_c
[2.266s] [ 61%] [32m[1mLinking CXX shared library libinterfaz_servicio_suma__rosidl_typesupport_cpp.so[0m
[2.308s] [ 61%] Built target interfaz_servicio_suma__rosidl_typesupport_cpp
[2.369s] [ 67%] [32m[1mLinking CXX shared library libinterfaz_servicio_suma__rosidl_typesupport_introspection_cpp.so[0m
[2.369s] [ 67%] [32m[1mLinking CXX shared library libinterfaz_servicio_suma__rosidl_typesupport_fastrtps_cpp.so[0m
[2.375s] [ 70%] [32m[1mLinking CXX shared library libinterfaz_servicio_suma__rosidl_typesupport_fastrtps_c.so[0m
[2.409s] [ 70%] Built target interfaz_servicio_suma__rosidl_typesupport_introspection_cpp
[2.427s] [ 70%] Built target interfaz_servicio_suma__rosidl_typesupport_fastrtps_cpp
[2.443s] [ 70%] Built target interfaz_servicio_suma__rosidl_typesupport_fastrtps_c
[2.463s] [ 70%] Built target interfaz_servicio_suma
[2.480s] [ 74%] [34m[1mGenerating Python code for ROS interfaces[0m
[2.684s] [ 74%] Built target interfaz_servicio_suma__py
[2.697s] [ 77%] [32mBuilding C object CMakeFiles/interfaz_servicio_suma__rosidl_generator_py.dir/rosidl_generator_py/interfaz_servicio_suma/srv/_add_two_ints_s.c.o[0m
[2.778s] [ 80%] [32m[1mLinking C shared library rosidl_generator_py/interfaz_servicio_suma/libinterfaz_servicio_suma__rosidl_generator_py.so[0m
[2.809s] [ 80%] Built target interfaz_servicio_suma__rosidl_generator_py
[2.826s] [ 83%] [32mBuilding C object CMakeFiles/interfaz_servicio_suma__rosidl_typesupport_c__pyext.dir/rosidl_generator_py/interfaz_servicio_suma/_interfaz_servicio_suma_s.ep.rosidl_typesupport_c.c.o[0m
[2.827s] [ 87%] [32mBuilding C object CMakeFiles/interfaz_servicio_suma__rosidl_typesupport_introspection_c__pyext.dir/rosidl_generator_py/interfaz_servicio_suma/_interfaz_servicio_suma_s.ep.rosidl_typesupport_introspection_c.c.o[0m
[2.828s] [ 90%] [32mBuilding C object CMakeFiles/interfaz_servicio_suma__rosidl_typesupport_fastrtps_c__pyext.dir/rosidl_generator_py/interfaz_servicio_suma/_interfaz_servicio_suma_s.ep.rosidl_typesupport_fastrtps_c.c.o[0m
[2.897s] [ 93%] [32m[1mLinking C shared library rosidl_generator_py/interfaz_servicio_suma/interfaz_servicio_suma_s__rosidl_typesupport_fastrtps_c.cpython-310-x86_64-linux-gnu.so[0m
[2.901s] [ 96%] [32m[1mLinking C shared library rosidl_generator_py/interfaz_servicio_suma/interfaz_servicio_suma_s__rosidl_typesupport_introspection_c.cpython-310-x86_64-linux-gnu.so[0m
[2.926s] [100%] [32m[1mLinking C shared library rosidl_generator_py/interfaz_servicio_suma/interfaz_servicio_suma_s__rosidl_typesupport_c.cpython-310-x86_64-linux-gnu.so[0m
[2.927s] [100%] Built target interfaz_servicio_suma__rosidl_typesupport_fastrtps_c__pyext
[2.930s] [100%] Built target interfaz_servicio_suma__rosidl_typesupport_introspection_c__pyext
[2.957s] [100%] Built target interfaz_servicio_suma__rosidl_typesupport_c__pyext
[2.967s] Invoked command in '/workspace/build/interfaz_servicio_suma' returned '0': CMAKE_PREFIX_PATH=/workspace/ros2_ws/install/servicio_suma:/opt/ros/humble /usr/bin/cmake --build /workspace/build/interfaz_servicio_suma -- -j12 -l12
[2.974s] Invoking command in '/workspace/build/interfaz_servicio_suma': CMAKE_PREFIX_PATH=/workspace/ros2_ws/install/servicio_suma:/opt/ros/humble /usr/bin/cmake --install /workspace/build/interfaz_servicio_suma
[2.980s] -- Install configuration: ""
[2.980s] -- Installing: /workspace/install/interfaz_servicio_suma/share/ament_index/resource_index/rosidl_interfaces/interfaz_servicio_suma
[2.980s] -- Installing: /workspace/install/interfaz_servicio_suma/include/interfaz_servicio_suma/interfaz_servicio_suma
[2.980s] -- Installing: /workspace/install/interfaz_servicio_suma/include/interfaz_servicio_suma/interfaz_servicio_suma/msg
[2.980s] -- Installing: /workspace/install/interfaz_servicio_suma/include/interfaz_servicio_suma/interfaz_servicio_suma/msg/rosidl_generator_c__visibility_control.h
[2.981s] -- Installing: /workspace/install/interfaz_servicio_suma/include/interfaz_servicio_suma/interfaz_servicio_suma/srv
[2.981s] -- Installing: /workspace/install/interfaz_servicio_suma/include/interfaz_servicio_suma/interfaz_servicio_suma/srv/detail
[2.981s] -- Installing: /workspace/install/interfaz_servicio_suma/include/interfaz_servicio_suma/interfaz_servicio_suma/srv/detail/add_two_ints__type_support.h
[2.981s] -- Installing: /workspace/install/interfaz_servicio_suma/include/interfaz_servicio_suma/interfaz_servicio_suma/srv/detail/add_two_ints__functions.h
[2.981s] -- Installing: /workspace/install/interfaz_servicio_suma/include/interfaz_servicio_suma/interfaz_servicio_suma/srv/detail/add_two_ints__struct.h
[2.981s] -- Installing: /workspace/install/interfaz_servicio_suma/include/interfaz_servicio_suma/interfaz_servicio_suma/srv/detail/add_two_ints__functions.c
[2.981s] -- Installing: /workspace/install/interfaz_servicio_suma/include/interfaz_servicio_suma/interfaz_servicio_suma/srv/add_two_ints.h
[2.981s] -- Installing: /workspace/install/interfaz_servicio_suma/share/interfaz_servicio_suma/environment/library_path.sh
[2.981s] -- Installing: /workspace/install/interfaz_servicio_suma/share/interfaz_servicio_suma/environment/library_path.dsv
[2.981s] -- Installing: /workspace/install/interfaz_servicio_suma/lib/libinterfaz_servicio_suma__rosidl_generator_c.so
[2.981s] -- Set runtime path of "/workspace/install/interfaz_servicio_suma/lib/libinterfaz_servicio_suma__rosidl_generator_c.so" to ""
[2.981s] -- Up-to-date: /workspace/install/interfaz_servicio_suma/include/interfaz_servicio_suma/interfaz_servicio_suma
[2.982s] -- Up-to-date: /workspace/install/interfaz_servicio_suma/include/interfaz_servicio_suma/interfaz_servicio_suma/msg
[2.982s] -- Installing: /workspace/install/interfaz_servicio_suma/include/interfaz_servicio_suma/interfaz_servicio_suma/msg/rosidl_typesupport_fastrtps_c__visibility_control.h
[2.982s] -- Up-to-date: /workspace/install/interfaz_servicio_suma/include/interfaz_servicio_suma/interfaz_servicio_suma/srv
[2.982s] -- Up-to-date: /workspace/install/interfaz_servicio_suma/include/interfaz_servicio_suma/interfaz_servicio_suma/srv/detail
[2.982s] -- Installing: /workspace/install/interfaz_servicio_suma/include/interfaz_servicio_suma/interfaz_servicio_suma/srv/detail/add_two_ints__rosidl_typesupport_fastrtps_c.h
[2.982s] -- Installing: /workspace/install/interfaz_servicio_suma/lib/libinterfaz_servicio_suma__rosidl_typesupport_fastrtps_c.so
[2.982s] -- Set runtime path of "/workspace/install/interfaz_servicio_suma/lib/libinterfaz_servicio_suma__rosidl_typesupport_fastrtps_c.so" to ""
[2.982s] -- Up-to-date: /workspace/install/interfaz_servicio_suma/include/interfaz_servicio_suma/interfaz_servicio_suma
[2.982s] -- Up-to-date: /workspace/install/interfaz_servicio_suma/include/interfaz_servicio_suma/interfaz_servicio_suma/msg
[2.982s] -- Installing: /workspace/install/interfaz_servicio_suma/include/interfaz_servicio_suma/interfaz_servicio_suma/msg/rosidl_generator_cpp__visibility_control.hpp
[2.982s] -- Up-to-date: /workspace/install/interfaz_servicio_suma/include/interfaz_servicio_suma/interfaz_servicio_suma/srv
[2.982s] -- Up-to-date: /workspace/install/interfaz_servicio_suma/include/interfaz_servicio_suma/interfaz_servicio_suma/srv/detail
[2.982s] -- Installing: /workspace/install/interfaz_servicio_suma/include/interfaz_servicio_suma/interfaz_servicio_suma/srv/detail/add_two_ints__builder.hpp
[2.983s] -- Installing: /workspace/install/interfaz_servicio_suma/include/interfaz_servicio_suma/interfaz_servicio_suma/srv/detail/add_two_ints__traits.hpp
[2.983s] -- Installing: /workspace/install/interfaz_servicio_suma/include/interfaz_servicio_suma/interfaz_servicio_suma/srv/detail/add_two_ints__struct.hpp
[2.983s] -- Installing: /workspace/install/interfaz_servicio_suma/include/interfaz_servicio_suma/interfaz_servicio_suma/srv/detail/add_two_ints__type_support.hpp
[2.983s] -- Installing: /workspace/install/interfaz_servicio_suma/include/interfaz_servicio_suma/interfaz_servicio_suma/srv/add_two_ints.hpp
[2.983s] -- Up-to-date: /workspace/install/interfaz_servicio_suma/include/interfaz_servicio_suma/interfaz_servicio_suma
[2.983s] -- Up-to-date: /workspace/install/interfaz_servicio_suma/include/interfaz_servicio_suma/interfaz_servicio_suma/msg
[2.983s] -- Installing: /workspace/install/interfaz_servicio_suma/include/interfaz_servicio_suma/interfaz_servicio_suma/msg/rosidl_typesupport_fastrtps_cpp__visibility_control.h
[2.983s] -- Up-to-date: /workspace/install/interfaz_servicio_suma/include/interfaz_servicio_suma/interfaz_servicio_suma/srv
[2.983s] -- Up-to-date: /workspace/install/interfaz_servicio_suma/include/interfaz_servicio_suma/interfaz_servicio_suma/srv/detail
[2.983s] -- Installing: /workspace/install/interfaz_servicio_suma/include/interfaz_servicio_suma/interfaz_servicio_suma/srv/detail/dds_fastrtps
[2.983s] -- Installing: /workspace/install/interfaz_servicio_suma/include/interfaz_servicio_suma/interfaz_servicio_suma/srv/detail/add_two_ints__rosidl_typesupport_fastrtps_cpp.hpp
[2.983s] -- Installing: /workspace/install/interfaz_servicio_suma/lib/libinterfaz_servicio_suma__rosidl_typesupport_fastrtps_cpp.so
[2.983s] -- Set runtime path of "/workspace/install/interfaz_servicio_suma/lib/libinterfaz_servicio_suma__rosidl_typesupport_fastrtps_cpp.so" to ""
[2.983s] -- Up-to-date: /workspace/install/interfaz_servicio_suma/include/interfaz_servicio_suma/interfaz_servicio_suma
[2.984s] -- Up-to-date: /workspace/install/interfaz_servicio_suma/include/interfaz_servicio_suma/interfaz_servicio_suma/msg
[2.984s] -- Installing: /workspace/install/interfaz_servicio_suma/include/interfaz_servicio_suma/interfaz_servicio_suma/msg/rosidl_typesupport_introspection_c__visibility_control.h
[2.984s] -- Up-to-date: /workspace/install/interfaz_servicio_suma/include/interfaz_servicio_suma/interfaz_servicio_suma/srv
[2.984s] -- Up-to-date: /workspace/install/interfaz_servicio_suma/include/interfaz_servicio_suma/interfaz_servicio_suma/srv/detail
[2.984s] -- Installing: /workspace/install/interfaz_servicio_suma/include/interfaz_servicio_suma/interfaz_servicio_suma/srv/detail/add_two_ints__rosidl_typesupport_introspection_c.h
[2.984s] -- Installing: /workspace/install/interfaz_servicio_suma/include/interfaz_servicio_suma/interfaz_servicio_suma/srv/detail/add_two_ints__type_support.c
[2.984s] -- Installing: /workspace/install/interfaz_servicio_suma/lib/libinterfaz_servicio_suma__rosidl_typesupport_introspection_c.so
[2.984s] -- Set runtime path of "/workspace/install/interfaz_servicio_suma/lib/libinterfaz_servicio_suma__rosidl_typesupport_introspection_c.so" to ""
[2.984s] -- Installing: /workspace/install/interfaz_servicio_suma/lib/libinterfaz_servicio_suma__rosidl_typesupport_c.so
[2.984s] -- Set runtime path of "/workspace/install/interfaz_servicio_suma/lib/libinterfaz_servicio_suma__rosidl_typesupport_c.so" to ""
[2.984s] -- Up-to-date: /workspace/install/interfaz_servicio_suma/include/interfaz_servicio_suma/interfaz_servicio_suma
[2.984s] -- Up-to-date: /workspace/install/interfaz_servicio_suma/include/interfaz_servicio_suma/interfaz_servicio_suma/srv
[2.984s] -- Up-to-date: /workspace/install/interfaz_servicio_suma/include/interfaz_servicio_suma/interfaz_servicio_suma/srv/detail
[2.984s] -- Installing: /workspace/install/interfaz_servicio_suma/include/interfaz_servicio_suma/interfaz_servicio_suma/srv/detail/add_two_ints__rosidl_typesupport_introspection_cpp.hpp
[2.985s] -- Installing: /workspace/install/interfaz_servicio_suma/include/interfaz_servicio_suma/interfaz_servicio_suma/srv/detail/add_two_ints__type_support.cpp
[2.985s] -- Installing: /workspace/install/interfaz_servicio_suma/lib/libinterfaz_servicio_suma__rosidl_typesupport_introspection_cpp.so
[2.985s] -- Set runtime path of "/workspace/install/interfaz_servicio_suma/lib/libinterfaz_servicio_suma__rosidl_typesupport_introspection_cpp.so" to ""
[2.985s] -- Installing: /workspace/install/interfaz_servicio_suma/lib/libinterfaz_servicio_suma__rosidl_typesupport_cpp.so
[2.985s] -- Set runtime path of "/workspace/install/interfaz_servicio_suma/lib/libinterfaz_servicio_suma__rosidl_typesupport_cpp.so" to ""
[2.985s] -- Installing: /workspace/install/interfaz_servicio_suma/share/interfaz_servicio_suma/environment/pythonpath.sh
[2.985s] -- Installing: /workspace/install/interfaz_servicio_suma/share/interfaz_servicio_suma/environment/pythonpath.dsv
[2.985s] -- Installing: /workspace/install/interfaz_servicio_suma/local/lib/python3.10/dist-packages/interfaz_servicio_suma-0.0.0-py3.10.egg-info
[2.985s] -- Installing: /workspace/install/interfaz_servicio_suma/local/lib/python3.10/dist-packages/interfaz_servicio_suma-0.0.0-py3.10.egg-info/PKG-INFO
[2.985s] -- Installing: /workspace/install/interfaz_servicio_suma/local/lib/python3.10/dist-packages/interfaz_servicio_suma-0.0.0-py3.10.egg-info/dependency_links.txt
[2.985s] -- Installing: /workspace/install/interfaz_servicio_suma/local/lib/python3.10/dist-packages/interfaz_servicio_suma-0.0.0-py3.10.egg-info/SOURCES.txt
[2.985s] -- Installing: /workspace/install/interfaz_servicio_suma/local/lib/python3.10/dist-packages/interfaz_servicio_suma-0.0.0-py3.10.egg-info/top_level.txt
[2.985s] -- Installing: /workspace/install/interfaz_servicio_suma/local/lib/python3.10/dist-packages/interfaz_servicio_suma
[2.985s] -- Installing: /workspace/install/interfaz_servicio_suma/local/lib/python3.10/dist-packages/interfaz_servicio_suma/interfaz_servicio_suma_s__rosidl_typesupport_introspection_c.cpython-310-x86_64-linux-gnu.so
[2.985s] -- Installing: /workspace/install/interfaz_servicio_suma/local/lib/python3.10/dist-packages/interfaz_servicio_suma/_interfaz_servicio_suma_s.ep.rosidl_typesupport_fastrtps_c.c
[2.986s] -- Installing: /workspace/install/interfaz_servicio_suma/local/lib/python3.10/dist-packages/interfaz_servicio_suma/interfaz_servicio_suma_s__rosidl_typesupport_c.cpython-310-x86_64-linux-gnu.so
[2.986s] -- Installing: /workspace/install/interfaz_servicio_suma/local/lib/python3.10/dist-packages/interfaz_servicio_suma/libinterfaz_servicio_suma__rosidl_generator_py.so
[2.986s] -- Installing: /workspace/install/interfaz_servicio_suma/local/lib/python3.10/dist-packages/interfaz_servicio_suma/interfaz_servicio_suma_s__rosidl_typesupport_fastrtps_c.cpython-310-x86_64-linux-gnu.so
[2.986s] -- Installing: /workspace/install/interfaz_servicio_suma/local/lib/python3.10/dist-packages/interfaz_servicio_suma/_interfaz_servicio_suma_s.ep.rosidl_typesupport_introspection_c.c
[2.986s] -- Installing: /workspace/install/interfaz_servicio_suma/local/lib/python3.10/dist-packages/interfaz_servicio_suma/srv
[2.986s] -- Installing: /workspace/install/interfaz_servicio_suma/local/lib/python3.10/dist-packages/interfaz_servicio_suma/srv/_add_two_ints.py
[2.986s] -- Installing: /workspace/install/interfaz_servicio_suma/local/lib/python3.10/dist-packages/interfaz_servicio_suma/srv/_add_two_ints_s.c
[2.986s] -- Installing: /workspace/install/interfaz_servicio_suma/local/lib/python3.10/dist-packages/interfaz_servicio_suma/srv/__init__.py
[2.986s] -- Installing: /workspace/install/interfaz_servicio_suma/local/lib/python3.10/dist-packages/interfaz_servicio_suma/__init__.py
[2.986s] -- Installing: /workspace/install/interfaz_servicio_suma/local/lib/python3.10/dist-packages/interfaz_servicio_suma/_interfaz_servicio_suma_s.ep.rosidl_typesupport_c.c
[3.008s] Listing '/workspace/install/interfaz_servicio_suma/local/lib/python3.10/dist-packages/interfaz_servicio_suma'...
[3.008s] Compiling '/workspace/install/interfaz_servicio_suma/local/lib/python3.10/dist-packages/interfaz_servicio_suma/__init__.py'...
[3.009s] Listing '/workspace/install/interfaz_servicio_suma/local/lib/python3.10/dist-packages/interfaz_servicio_suma/srv'...
[3.009s] Compiling '/workspace/install/interfaz_servicio_suma/local/lib/python3.10/dist-packages/interfaz_servicio_suma/srv/__init__.py'...
[3.009s] Compiling '/workspace/install/interfaz_servicio_suma/local/lib/python3.10/dist-packages/interfaz_servicio_suma/srv/_add_two_ints.py'...
[3.011s] -- Installing: /workspace/install/interfaz_servicio_suma/local/lib/python3.10/dist-packages/interfaz_servicio_suma/interfaz_servicio_suma_s__rosidl_typesupport_fastrtps_c.cpython-310-x86_64-linux-gnu.so
[3.012s] -- Set runtime path of "/workspace/install/interfaz_servicio_suma/local/lib/python3.10/dist-packages/interfaz_servicio_suma/interfaz_servicio_suma_s__rosidl_typesupport_fastrtps_c.cpython-310-x86_64-linux-gnu.so" to ""
[3.012s] -- Installing: /workspace/install/interfaz_servicio_suma/local/lib/python3.10/dist-packages/interfaz_servicio_suma/interfaz_servicio_suma_s__rosidl_typesupport_introspection_c.cpython-310-x86_64-linux-gnu.so
[3.012s] -- Set runtime path of "/workspace/install/interfaz_servicio_suma/local/lib/python3.10/dist-packages/interfaz_servicio_suma/interfaz_servicio_suma_s__rosidl_typesupport_introspection_c.cpython-310-x86_64-linux-gnu.so" to ""
[3.012s] -- Installing: /workspace/install/interfaz_servicio_suma/local/lib/python3.10/dist-packages/interfaz_servicio_suma/interfaz_servicio_suma_s__rosidl_typesupport_c.cpython-310-x86_64-linux-gnu.so
[3.012s] -- Set runtime path of "/workspace/install/interfaz_servicio_suma/local/lib/python3.10/dist-packages/interfaz_servicio_suma/interfaz_servicio_suma_s__rosidl_typesupport_c.cpython-310-x86_64-linux-gnu.so" to ""
[3.012s] -- Installing: /workspace/install/interfaz_servicio_suma/lib/libinterfaz_servicio_suma__rosidl_generator_py.so
[3.012s] -- Set runtime path of "/workspace/install/interfaz_servicio_suma/lib/libinterfaz_servicio_suma__rosidl_generator_py.so" to ""
[3.012s] -- Installing: /workspace/install/interfaz_servicio_suma/share/interfaz_servicio_suma/srv/AddTwoInts.idl
[3.012s] -- Installing: /workspace/install/interfaz_servicio_suma/share/interfaz_servicio_suma/srv/AddTwoInts.srv
[3.012s] -- Installing: /workspace/install/interfaz_servicio_suma/share/interfaz_servicio_suma/srv/AddTwoInts_Request.msg
[3.012s] -- Installing: /workspace/install/interfaz_servicio_suma/share/interfaz_servicio_suma/srv/AddTwoInts_Response.msg
[3.012s] -- Installing: /workspace/install/interfaz_servicio_suma/share/ament_index/resource_index/package_run_dependencies/interfaz_servicio_suma
[3.013s] -- Installing: /workspace/install/interfaz_servicio_suma/share/ament_index/resource_index/parent_prefix_path/interfaz_servicio_suma
[3.013s] -- Installing: /workspace/install/interfaz_servicio_suma/share/interfaz_servicio_suma/environment/ament_prefix_path.sh
[3.013s] -- Installing: /workspace/install/interfaz_servicio_suma/share/interfaz_servicio_suma/environment/ament_prefix_path.dsv
[3.013s] -- Installing: /workspace/install/interfaz_servicio_suma/share/interfaz_servicio_suma/environment/path.sh
[3.013s] -- Installing: /workspace/install/interfaz_servicio_suma/share/interfaz_servicio_suma/environment/path.dsv
[3.013s] -- Installing: /workspace/install/interfaz_servicio_suma/share/interfaz_servicio_suma/local_setup.bash
[3.013s] -- Installing: /workspace/install/interfaz_servicio_suma/share/interfaz_servicio_suma/local_setup.sh
[3.013s] -- Installing: /workspace/install/interfaz_servicio_suma/share/interfaz_servicio_suma/local_setup.zsh
[3.013s] -- Installing: /workspace/install/interfaz_servicio_suma/share/interfaz_servicio_suma/local_setup.dsv
[3.013s] -- Installing: /workspace/install/interfaz_servicio_suma/share/interfaz_servicio_suma/package.dsv
[3.013s] -- Installing: /workspace/install/interfaz_servicio_suma/share/ament_index/resource_index/packages/interfaz_servicio_suma
[3.013s] -- Installing: /workspace/install/interfaz_servicio_suma/share/interfaz_servicio_suma/cmake/export_interfaz_servicio_suma__rosidl_generator_cExport.cmake
[3.014s] -- Installing: /workspace/install/interfaz_servicio_suma/share/interfaz_servicio_suma/cmake/export_interfaz_servicio_suma__rosidl_generator_cExport-noconfig.cmake
[3.014s] -- Installing: /workspace/install/interfaz_servicio_suma/share/interfaz_servicio_suma/cmake/export_interfaz_servicio_suma__rosidl_typesupport_fastrtps_cExport.cmake
[3.014s] -- Installing: /workspace/install/interfaz_servicio_suma/share/interfaz_servicio_suma/cmake/export_interfaz_servicio_suma__rosidl_typesupport_fastrtps_cExport-noconfig.cmake
[3.014s] -- Installing: /workspace/install/interfaz_servicio_suma/share/interfaz_servicio_suma/cmake/export_interfaz_servicio_suma__rosidl_generator_cppExport.cmake
[3.014s] -- Installing: /workspace/install/interfaz_servicio_suma/share/interfaz_servicio_suma/cmake/export_interfaz_servicio_suma__rosidl_typesupport_fastrtps_cppExport.cmake
[3.014s] -- Installing: /workspace/install/interfaz_servicio_suma/share/interfaz_servicio_suma/cmake/export_interfaz_servicio_suma__rosidl_typesupport_fastrtps_cppExport-noconfig.cmake
[3.014s] -- Installing: /workspace/install/interfaz_servicio_suma/share/interfaz_servicio_suma/cmake/interfaz_servicio_suma__rosidl_typesupport_introspection_cExport.cmake
[3.014s] -- Installing: /workspace/install/interfaz_servicio_suma/share/interfaz_servicio_suma/cmake/interfaz_servicio_suma__rosidl_typesupport_introspection_cExport-noconfig.cmake
[3.014s] -- Installing: /workspace/install/interfaz_servicio_suma/share/interfaz_servicio_suma/cmake/interfaz_servicio_suma__rosidl_typesupport_cExport.cmake
[3.014s] -- Installing: /workspace/install/interfaz_servicio_suma/share/interfaz_servicio_suma/cmake/interfaz_servicio_suma__rosidl_typesupport_cExport-noconfig.cmake
[3.014s] -- Installing: /workspace/install/interfaz_servicio_suma/share/interfaz_servicio_suma/cmake/interfaz_servicio_suma__rosidl_typesupport_introspection_cppExport.cmake
[3.014s] -- Installing: /workspace/install/interfaz_servicio_suma/share/interfaz_servicio_suma/cmake/interfaz_servicio_suma__rosidl_typesupport_introspection_cppExport-noconfig.cmake
[3.014s] -- Installing: /workspace/install/interfaz_servicio_suma/share/interfaz_servicio_suma/cmake/interfaz_servicio_suma__rosidl_typesupport_cppExport.cmake
[3.015s] -- Installing: /workspace/install/interfaz_servicio_suma/share/interfaz_servicio_suma/cmake/interfaz_servicio_suma__rosidl_typesupport_cppExport-noconfig.cmake
[3.015s] -- Installing: /workspace/install/interfaz_servicio_suma/share/interfaz_servicio_suma/cmake/export_interfaz_servicio_suma__rosidl_generator_pyExport.cmake
[3.015s] -- Installing: /workspace/install/interfaz_servicio_suma/share/interfaz_servicio_suma/cmake/export_interfaz_servicio_suma__rosidl_generator_pyExport-noconfig.cmake
[3.015s] -- Installing: /workspace/install/interfaz_servicio_suma/share/interfaz_servicio_suma/cmake/rosidl_cmake-extras.cmake
[3.015s] -- Installing: /workspace/install/interfaz_servicio_suma/share/interfaz_servicio_suma/cmake/ament_cmake_export_dependencies-extras.cmake
[3.015s] -- Installing: /workspace/install/interfaz_servicio_suma/share/interfaz_servicio_suma/cmake/ament_cmake_export_include_directories-extras.cmake
[3.015s] -- Installing: /workspace/install/interfaz_servicio_suma/share/interfaz_servicio_suma/cmake/ament_cmake_export_libraries-extras.cmake
[3.015s] -- Installing: /workspace/install/interfaz_servicio_suma/share/interfaz_servicio_suma/cmake/ament_cmake_export_targets-extras.cmake
[3.015s] -- Installing: /workspace/install/interfaz_servicio_suma/share/interfaz_servicio_suma/cmake/rosidl_cmake_export_typesupport_targets-extras.cmake
[3.015s] -- Installing: /workspace/install/interfaz_servicio_suma/share/interfaz_servicio_suma/cmake/rosidl_cmake_export_typesupport_libraries-extras.cmake
[3.015s] -- Installing: /workspace/install/interfaz_servicio_suma/share/interfaz_servicio_suma/cmake/interfaz_servicio_sumaConfig.cmake
[3.015s] -- Installing: /workspace/install/interfaz_servicio_suma/share/interfaz_servicio_suma/cmake/interfaz_servicio_sumaConfig-version.cmake
[3.015s] -- Installing: /workspace/install/interfaz_servicio_suma/share/interfaz_servicio_suma/package.xml
[3.017s] Invoked command in '/workspace/build/interfaz_servicio_suma' returned '0': CMAKE_PREFIX_PATH=/workspace/ros2_ws/install/servicio_suma:/opt/ros/humble /usr/bin/cmake --install /workspace/build/interfaz_servicio_suma
