[0.046s] Invoking command in '/workspace/build/turtlebot3_gazebo': CMAKE_PREFIX_PATH=${CMAKE_PREFIX_PATH}:/workspace/install/servicio_suma:/workspace/ros2_ws/install/vicpaq:/workspace/ros2_ws/install/servicio_suma:/workspace/ros2_ws/install/service_temp:/workspace/ros2_ws/install/primer_paquete:/workspace/ros2_ws/install/paquete1:/workspace/ros2_ws/install/battery_act:/opt/ros/humble /usr/bin/cmake /workspace/ros2_ws/src/turtlebot3_simulations/turtlebot3_gazebo -DAMENT_CMAKE_SYMLINK_INSTALL=1 -DCMAKE_INSTALL_PREFIX=/workspace/install/turtlebot3_gazebo
[0.963s] -- The C compiler identification is GNU 11.4.0
[0.963s] -- The CXX compiler identification is GNU 11.4.0
[0.963s] -- Detecting C compiler ABI info
[0.963s] -- Detecting C compiler ABI info - done
[0.963s] -- Check for working C compiler: /usr/bin/cc - skipped
[0.963s] -- Detecting C compile features
[0.963s] -- Detecting C compile features - done
[0.963s] -- Detecting CXX compiler ABI info
[0.963s] -- Detecting CXX compiler ABI info - done
[0.964s] -- Check for working CXX compiler: /usr/bin/c++ - skipped
[0.964s] -- Detecting CXX compile features
[0.964s] -- Detecting CXX compile features - done
[0.964s] -- Found ament_cmake: 1.3.12 (/opt/ros/humble/share/ament_cmake/cmake)
[0.964s] -- Found Python3: /usr/bin/python3 (found version "3.10.12") found components: Interpreter 
[0.965s] -- Override CMake install command with custom implementation using symlinks instead of copying resources
[0.965s] -- Found PkgConfig: /usr/bin/pkg-config (found version "0.29.2") 
[0.965s] -- Checking for module 'bullet>=2.82'
[0.966s] --   Found bullet, version 3.05
[0.966s] [33mCMake Warning (dev) at /usr/share/cmake-3.22/Modules/FindPackageHandleStandardArgs.cmake:438 (message):
[0.966s]   The package name passed to `find_package_handle_standard_args` (PkgConfig)
[0.966s]   does not match the name of the calling package (gazebo).  This can lead to
[0.966s]   problems in calling code that expects `find_package` result variables
[0.966s]   (e.g., `_FOUND`) to follow a certain pattern.
[0.967s] Call Stack (most recent call first):
[0.967s]   /usr/share/cmake-3.22/Modules/FindPkgConfig.cmake:99 (find_package_handle_standard_args)
[0.967s]   /usr/lib/x86_64-linux-gnu/cmake/gazebo/gazebo-config.cmake:72 (include)
[0.967s]   CMakeLists.txt:23 (find_package)
[0.967s] This warning is for project developers.  Use -Wno-dev to suppress it.
[0.967s] [0m
[1.017s] -- Found fcl: /usr/include (found suitable version "0.7.0", minimum required is "0.5.0") 
[1.073s] -- Found assimp: /usr/include (found version "5.2.0") 
[1.111s] -- Found DART: /usr/include (Required is at least version "6.6") found components: dart 
[1.302s] -- Found Boost: /usr/lib/x86_64-linux-gnu/cmake/Boost-1.74.0/BoostConfig.cmake (found suitable version "1.74.0", minimum required is "1.40.0") found components: thread system filesystem program_options regex iostreams date_time 
[1.316s] -- Found Protobuf: /usr/lib/x86_64-linux-gnu/libprotobuf.so (found version "3.12.4") 
[1.328s] -- Looking for ignition-math6 -- found version 6.15.1
[1.338s] -- Searching for dependencies of ignition-math6
[1.339s] -- Looking for OGRE...
[1.340s] -- OGRE_PREFIX_WATCH changed.
[1.345s] -- Checking for module 'OGRE'
[1.360s] --   Found OGRE, version 1.9.0
[1.390s] -- Found Ogre Ghadamon (1.9.0)
[1.399s] -- Found OGRE: optimized;/usr/lib/x86_64-linux-gnu/libOgreMain.so;debug;/usr/lib/x86_64-linux-gnu/libOgreMain.so
[1.408s] -- Looking for OGRE_Paging...
[1.412s] -- Found OGRE_Paging: optimized;/usr/lib/x86_64-linux-gnu/libOgrePaging.so;debug;/usr/lib/x86_64-linux-gnu/libOgrePaging.so
[1.413s] -- Looking for OGRE_Terrain...
[1.417s] -- Found OGRE_Terrain: optimized;/usr/lib/x86_64-linux-gnu/libOgreTerrain.so;debug;/usr/lib/x86_64-linux-gnu/libOgreTerrain.so
[1.417s] -- Looking for OGRE_Property...
[1.420s] -- Found OGRE_Property: optimized;/usr/lib/x86_64-linux-gnu/libOgreProperty.so;debug;/usr/lib/x86_64-linux-gnu/libOgreProperty.so
[1.421s] -- Looking for OGRE_RTShaderSystem...
[1.426s] -- Found OGRE_RTShaderSystem: optimized;/usr/lib/x86_64-linux-gnu/libOgreRTShaderSystem.so;debug;/usr/lib/x86_64-linux-gnu/libOgreRTShaderSystem.so
[1.426s] -- Looking for OGRE_Volume...
[1.430s] -- Found OGRE_Volume: optimized;/usr/lib/x86_64-linux-gnu/libOgreVolume.so;debug;/usr/lib/x86_64-linux-gnu/libOgreVolume.so
[1.430s] -- Looking for OGRE_Overlay...
[1.434s] -- Found OGRE_Overlay: optimized;/usr/lib/x86_64-linux-gnu/libOgreOverlay.so;debug;/usr/lib/x86_64-linux-gnu/libOgreOverlay.so
[1.522s] -- Looking for ignition-math6 -- found version 6.15.1
[1.526s] -- Looking for ignition-transport8 -- found version 8.2.1
[1.527s] -- Searching for dependencies of ignition-transport8
[1.548s] -- Found Protobuf: /usr/lib/x86_64-linux-gnu/libprotobuf.so (found suitable version "3.12.4", minimum required is "3") 
[1.566s] -- Config-file not installed for ZeroMQ -- checking for pkg-config
[1.571s] -- Checking for module 'libzmq >= 4'
[1.585s] --   Found libzmq , version 4.3.4
[1.621s] -- Found ZeroMQ: TRUE (Required is at least version "4") 
[1.628s] -- Checking for module 'uuid'
[1.641s] --   Found uuid, version 2.37.2
[1.672s] -- Found UUID: TRUE  
[1.676s] -- Looking for ignition-msgs5 -- found version 5.8.1
[1.676s] -- Searching for dependencies of ignition-msgs5
[1.698s] -- Looking for ignition-math6 -- found version 6.15.1
[1.703s] -- Checking for module 'tinyxml2'
[1.717s] --   Found tinyxml2, version 9.0.0
[1.750s] -- Looking for ignition-msgs5 -- found version 5.8.1
[1.755s] -- Looking for ignition-common3 -- found version 3.14.0
[1.756s] -- Searching for dependencies of ignition-common3
[1.756s] -- Looking for dlfcn.h - found
[1.757s] -- Looking for libdl - found
[1.759s] -- Found DL: TRUE  
[1.772s] -- Found tinyobjloader: /usr/lib/x86_64-linux-gnu/cmake/tinyobjloader/tinyobjloader-config.cmake (found version "2.0.0") 
[1.772s] -- Searching for <ignition-common3> component [graphics]
[1.776s] -- Looking for ignition-common3-graphics -- found version 3.14.0
[1.776s] -- Searching for dependencies of ignition-common3-graphics
[1.776s] -- Looking for ignition-math6 -- found version 6.15.1
[1.780s] -- Looking for ignition-fuel_tools4 -- found version 4.4.0
[1.780s] -- Searching for dependencies of ignition-fuel_tools4
[1.868s] -- Found CURL: /usr/lib/x86_64-linux-gnu/libcurl.so (found version "7.81.0")  
[1.881s] -- Checking for module 'jsoncpp'
[1.895s] --   Found jsoncpp, version 1.9.5
[1.929s] -- Found JSONCPP: TRUE  
[1.937s] -- Checking for module 'libzip'
[1.951s] --   Found libzip, version 1.7.3
[1.985s] -- Found ZIP: TRUE  
[1.985s] -- Looking for ignition-common3 -- found version 3.14.0
[1.986s] -- Looking for ignition-math6 -- found version 6.15.1
[1.987s] -- Looking for ignition-msgs5 -- found version 5.8.1
[1.998s] -- Found gazebo_ros_pkgs: 3.9.0 (/opt/ros/humble/share/gazebo_ros_pkgs/cmake)
[2.002s] -- Found geometry_msgs: 4.9.0 (/opt/ros/humble/share/geometry_msgs/cmake)
[2.065s] -- Found rosidl_generator_c: 3.1.8 (/opt/ros/humble/share/rosidl_generator_c/cmake)
[2.076s] -- Found rosidl_adapter: 3.1.8 (/opt/ros/humble/share/rosidl_adapter/cmake)
[2.092s] -- Found rosidl_generator_cpp: 3.1.8 (/opt/ros/humble/share/rosidl_generator_cpp/cmake)
[2.114s] -- Using all available rosidl_typesupport_c: rosidl_typesupport_fastrtps_c;rosidl_typesupport_introspection_c
[2.144s] -- Using all available rosidl_typesupport_cpp: rosidl_typesupport_fastrtps_cpp;rosidl_typesupport_introspection_cpp
[2.201s] -- Found nav_msgs: 4.9.0 (/opt/ros/humble/share/nav_msgs/cmake)
[2.225s] -- Found rclcpp: 16.0.17 (/opt/ros/humble/share/rclcpp/cmake)
[2.285s] -- Found rmw_implementation_cmake: 6.1.2 (/opt/ros/humble/share/rmw_implementation_cmake/cmake)
[2.289s] -- Found rmw_fastrtps_cpp: 6.2.9 (/opt/ros/humble/share/rmw_fastrtps_cpp/cmake)
[2.386s] -- Found OpenSSL: /usr/lib/x86_64-linux-gnu/libcrypto.so (found version "3.0.2")  
[2.410s] -- Found FastRTPS: /opt/ros/humble/include  
[2.454s] -- Using RMW implementation 'rmw_fastrtps_cpp' as default
[2.463s] -- Found Threads: TRUE  
[2.490s] -- Found sensor_msgs: 4.9.0 (/opt/ros/humble/share/sensor_msgs/cmake)
[2.502s] -- Found tf2: 0.25.18 (/opt/ros/humble/share/tf2/cmake)
[2.559s] -- Configuring done
[2.586s] -- Generating done
[2.591s] -- Build files have been written to: /workspace/build/turtlebot3_gazebo
