[2.632s] Invoking command in '/workspace/ros2_ws/src/p2pkg': CMAKE_PREFIX_PATH=/workspace/ros2_ws/src/install/interfaz:/workspace/ros2_ws/src/install/vicpaq:/workspace/ros2_ws/src/install/p2pkg:/workspace/ros2_ws/src/install/interfaz_servicio_suma:/workspace/ros2_ws/src/install/interfaz-p2:/workspace/ros2_ws/install/vicpaq:/workspace/ros2_ws/install/turtlebot3:/workspace/ros2_ws/install/turtlebot3_simulations:/workspace/ros2_ws/install/turtlebot3_bringup:/workspace/ros2_ws/install/turtlebot3_node:/workspace/ros2_ws/install/turtlebot3_navigation2:/workspace/ros2_ws/install/turtlebot3_fake_node:/workspace/ros2_ws/install/turtlebot3_msgs:/workspace/ros2_ws/install/turtlebot3_manipulation_gazebo:/workspace/ros2_ws/install/turtlebot3_gazebo:/workspace/ros2_ws/install/turtlebot3_description:/workspace/ros2_ws/install/turtlebot3_cartographer:/workspace/ros2_ws/install/interfaz_servicio_suma:/workspace/ros2_ws/install/interfaz:/workspace/install/interfaz_servicio_suma LD_LIBRARY_PATH=/workspace/ros2_ws/src/install/interfaz/lib:/workspace/ros2_ws/src/install/interfaz_servicio_suma/lib:/workspace/ros2_ws/install/turtlebot3_msgs/lib:/workspace/ros2_ws/install/interfaz_servicio_suma/lib:/workspace/ros2_ws/install/interfaz/lib:/workspace/install/interfaz_servicio_suma/lib:/usr/lib/x86_64-linux-gnu/gazebo-11/plugins:/opt/ros/humble/opt/rviz_ogre_vendor/lib:/opt/ros/humble/lib/x86_64-linux-gnu:/opt/ros/humble/lib PYTHONPATH=/workspace/ros2_ws/src/build/p2pkg/prefix_override:/usr/lib/python3/dist-packages/colcon_core/task/python/colcon_distutils_commands:/workspace/ros2_ws/src/install/p2pkg/lib/python3.10/site-packages:${PYTHONPATH} /usr/bin/python3 -W ignore:setup.py install is deprecated -W ignore:easy_install command is deprecated setup.py egg_info --egg-base ../build/p2pkg build --build-base /workspace/ros2_ws/src/build/p2pkg/build install --record /workspace/ros2_ws/src/build/p2pkg/install.log --single-version-externally-managed install_data
[3.197s] running egg_info
[3.197s] writing ../build/p2pkg/p2pkg.egg-info/PKG-INFO
[3.197s] writing dependency_links to ../build/p2pkg/p2pkg.egg-info/dependency_links.txt
[3.197s] writing entry points to ../build/p2pkg/p2pkg.egg-info/entry_points.txt
[3.198s] writing requirements to ../build/p2pkg/p2pkg.egg-info/requires.txt
[3.198s] writing top-level names to ../build/p2pkg/p2pkg.egg-info/top_level.txt
[3.206s] reading manifest file '../build/p2pkg/p2pkg.egg-info/SOURCES.txt'
[3.206s] adding license file 'LICENSE'
[3.210s] writing manifest file '../build/p2pkg/p2pkg.egg-info/SOURCES.txt'
[3.211s] running build
[3.211s] running build_py
[3.211s] running install
[3.211s] running install_lib
[3.216s] running install_data
[3.218s] running install_egg_info
[3.228s] removing '/workspace/ros2_ws/src/install/p2pkg/lib/python3.10/site-packages/p2pkg-0.0.0-py3.10.egg-info' (and everything under it)
[3.230s] Copying ../build/p2pkg/p2pkg.egg-info to /workspace/ros2_ws/src/install/p2pkg/lib/python3.10/site-packages/p2pkg-0.0.0-py3.10.egg-info
[3.235s] running install_scripts
[3.307s] Installing nodopub script to /workspace/ros2_ws/src/install/p2pkg/lib/p2pkg
[3.307s] Installing nodosub script to /workspace/ros2_ws/src/install/p2pkg/lib/p2pkg
[3.309s] writing list of installed files to '/workspace/ros2_ws/src/build/p2pkg/install.log'
[3.380s] Invoked command in '/workspace/ros2_ws/src/p2pkg' returned '0': CMAKE_PREFIX_PATH=/workspace/ros2_ws/src/install/interfaz:/workspace/ros2_ws/src/install/vicpaq:/workspace/ros2_ws/src/install/p2pkg:/workspace/ros2_ws/src/install/interfaz_servicio_suma:/workspace/ros2_ws/src/install/interfaz-p2:/workspace/ros2_ws/install/vicpaq:/workspace/ros2_ws/install/turtlebot3:/workspace/ros2_ws/install/turtlebot3_simulations:/workspace/ros2_ws/install/turtlebot3_bringup:/workspace/ros2_ws/install/turtlebot3_node:/workspace/ros2_ws/install/turtlebot3_navigation2:/workspace/ros2_ws/install/turtlebot3_fake_node:/workspace/ros2_ws/install/turtlebot3_msgs:/workspace/ros2_ws/install/turtlebot3_manipulation_gazebo:/workspace/ros2_ws/install/turtlebot3_gazebo:/workspace/ros2_ws/install/turtlebot3_description:/workspace/ros2_ws/install/turtlebot3_cartographer:/workspace/ros2_ws/install/interfaz_servicio_suma:/workspace/ros2_ws/install/interfaz:/workspace/install/interfaz_servicio_suma LD_LIBRARY_PATH=/workspace/ros2_ws/src/install/interfaz/lib:/workspace/ros2_ws/src/install/interfaz_servicio_suma/lib:/workspace/ros2_ws/install/turtlebot3_msgs/lib:/workspace/ros2_ws/install/interfaz_servicio_suma/lib:/workspace/ros2_ws/install/interfaz/lib:/workspace/install/interfaz_servicio_suma/lib:/usr/lib/x86_64-linux-gnu/gazebo-11/plugins:/opt/ros/humble/opt/rviz_ogre_vendor/lib:/opt/ros/humble/lib/x86_64-linux-gnu:/opt/ros/humble/lib PYTHONPATH=/workspace/ros2_ws/src/build/p2pkg/prefix_override:/usr/lib/python3/dist-packages/colcon_core/task/python/colcon_distutils_commands:/workspace/ros2_ws/src/install/p2pkg/lib/python3.10/site-packages:${PYTHONPATH} /usr/bin/python3 -W ignore:setup.py install is deprecated -W ignore:easy_install command is deprecated setup.py egg_info --egg-base ../build/p2pkg build --build-base /workspace/ros2_ws/src/build/p2pkg/build install --record /workspace/ros2_ws/src/build/p2pkg/install.log --single-version-externally-managed install_data
