running egg_info
creating ../build/mi_accion/mi_accion.egg-info
writing ../build/mi_accion/mi_accion.egg-info/PKG-INFO
writing dependency_links to ../build/mi_accion/mi_accion.egg-info/dependency_links.txt
writing entry points to ../build/mi_accion/mi_accion.egg-info/entry_points.txt
writing requirements to ../build/mi_accion/mi_accion.egg-info/requires.txt
writing top-level names to ../build/mi_accion/mi_accion.egg-info/top_level.txt
writing manifest file '../build/mi_accion/mi_accion.egg-info/SOURCES.txt'
reading manifest file '../build/mi_accion/mi_accion.egg-info/SOURCES.txt'
adding license file 'LICENSE'
writing manifest file '../build/mi_accion/mi_accion.egg-info/SOURCES.txt'
running build
running build_py
creating /workspace/ros2_ws/src/build/mi_accion/build
creating /workspace/ros2_ws/src/build/mi_accion/build/lib
creating /workspace/ros2_ws/src/build/mi_accion/build/lib/mi_accion
copying mi_accion/__init__.py -> /workspace/ros2_ws/src/build/mi_accion/build/lib/mi_accion
running install
running install_lib
creating /workspace/ros2_ws/src/install/mi_accion/lib/python3.10/site-packages/mi_accion
copying /workspace/ros2_ws/src/build/mi_accion/build/lib/mi_accion/__init__.py -> /workspace/ros2_ws/src/install/mi_accion/lib/python3.10/site-packages/mi_accion
byte-compiling /workspace/ros2_ws/src/install/mi_accion/lib/python3.10/site-packages/mi_accion/__init__.py to __init__.cpython-310.pyc
running install_data
creating /workspace/ros2_ws/src/install/mi_accion/share/ament_index
creating /workspace/ros2_ws/src/install/mi_accion/share/ament_index/resource_index
creating /workspace/ros2_ws/src/install/mi_accion/share/ament_index/resource_index/packages
copying resource/mi_accion -> /workspace/ros2_ws/src/install/mi_accion/share/ament_index/resource_index/packages
copying package.xml -> /workspace/ros2_ws/src/install/mi_accion/share/mi_accion
running install_egg_info
Copying ../build/mi_accion/mi_accion.egg-info to /workspace/ros2_ws/src/install/mi_accion/lib/python3.10/site-packages/mi_accion-0.0.0-py3.10.egg-info
running install_scripts
writing list of installed files to '/workspace/ros2_ws/src/build/mi_accion/install.log'
