[0.384s] Invoking command in '/workspace/ros2_ws/src/mi_accion': PYTHONPATH=/workspace/ros2_ws/src/build/mi_accion/prefix_override:/usr/lib/python3/dist-packages/colcon_core/task/python/colcon_distutils_commands:/workspace/ros2_ws/src/install/mi_accion/lib/python3.10/site-packages:${PYTHONPATH} /usr/bin/python3 -W ignore:setup.py install is deprecated -W ignore:easy_install command is deprecated setup.py egg_info --egg-base ../build/mi_accion build --build-base /workspace/ros2_ws/src/build/mi_accion/build install --record /workspace/ros2_ws/src/build/mi_accion/install.log --single-version-externally-managed install_data
[0.534s] running egg_info
[0.534s] creating ../build/mi_accion/mi_accion.egg-info
[0.535s] writing ../build/mi_accion/mi_accion.egg-info/PKG-INFO
[0.535s] writing dependency_links to ../build/mi_accion/mi_accion.egg-info/dependency_links.txt
[0.535s] writing entry points to ../build/mi_accion/mi_accion.egg-info/entry_points.txt
[0.535s] writing requirements to ../build/mi_accion/mi_accion.egg-info/requires.txt
[0.535s] writing top-level names to ../build/mi_accion/mi_accion.egg-info/top_level.txt
[0.535s] writing manifest file '../build/mi_accion/mi_accion.egg-info/SOURCES.txt'
[0.536s] reading manifest file '../build/mi_accion/mi_accion.egg-info/SOURCES.txt'
[0.536s] adding license file 'LICENSE'
[0.536s] writing manifest file '../build/mi_accion/mi_accion.egg-info/SOURCES.txt'
[0.536s] running build
[0.537s] running build_py
[0.537s] creating /workspace/ros2_ws/src/build/mi_accion/build
[0.537s] creating /workspace/ros2_ws/src/build/mi_accion/build/lib
[0.537s] creating /workspace/ros2_ws/src/build/mi_accion/build/lib/mi_accion
[0.537s] copying mi_accion/__init__.py -> /workspace/ros2_ws/src/build/mi_accion/build/lib/mi_accion
[0.537s] running install
[0.537s] running install_lib
[0.538s] creating /workspace/ros2_ws/src/install/mi_accion/lib/python3.10/site-packages/mi_accion
[0.538s] copying /workspace/ros2_ws/src/build/mi_accion/build/lib/mi_accion/__init__.py -> /workspace/ros2_ws/src/install/mi_accion/lib/python3.10/site-packages/mi_accion
[0.538s] byte-compiling /workspace/ros2_ws/src/install/mi_accion/lib/python3.10/site-packages/mi_accion/__init__.py to __init__.cpython-310.pyc
[0.538s] running install_data
[0.538s] creating /workspace/ros2_ws/src/install/mi_accion/share/ament_index
[0.538s] creating /workspace/ros2_ws/src/install/mi_accion/share/ament_index/resource_index
[0.538s] creating /workspace/ros2_ws/src/install/mi_accion/share/ament_index/resource_index/packages
[0.539s] copying resource/mi_accion -> /workspace/ros2_ws/src/install/mi_accion/share/ament_index/resource_index/packages
[0.539s] copying package.xml -> /workspace/ros2_ws/src/install/mi_accion/share/mi_accion
[0.539s] running install_egg_info
[0.540s] Copying ../build/mi_accion/mi_accion.egg-info to /workspace/ros2_ws/src/install/mi_accion/lib/python3.10/site-packages/mi_accion-0.0.0-py3.10.egg-info
[0.541s] running install_scripts
[0.555s] writing list of installed files to '/workspace/ros2_ws/src/build/mi_accion/install.log'
[0.569s] Invoked command in '/workspace/ros2_ws/src/mi_accion' returned '0': PYTHONPATH=/workspace/ros2_ws/src/build/mi_accion/prefix_override:/usr/lib/python3/dist-packages/colcon_core/task/python/colcon_distutils_commands:/workspace/ros2_ws/src/install/mi_accion/lib/python3.10/site-packages:${PYTHONPATH} /usr/bin/python3 -W ignore:setup.py install is deprecated -W ignore:easy_install command is deprecated setup.py egg_info --egg-base ../build/mi_accion build --build-base /workspace/ros2_ws/src/build/mi_accion/build install --record /workspace/ros2_ws/src/build/mi_accion/install.log --single-version-externally-managed install_data
