[0.086s] DEBUG:colcon:Command line arguments: ['/usr/bin/colcon', 'build', '--packages-select', 'interfaz-p2']
[0.086s] DEBUG:colcon:Parsed command line arguments: Namespace(log_base=None, log_level=None, verb_name='build', build_base='build', install_base='install', merge_install=False, symlink_install=False, test_result_base=None, continue_on_error=False, executor='parallel', parallel_workers=12, event_handlers=None, ignore_user_meta=False, metas=['./colcon.meta'], base_paths=['.'], packages_ignore=None, packages_ignore_regex=None, paths=None, packages_up_to=None, packages_up_to_regex=None, packages_above=None, packages_above_and_dependencies=None, packages_above_depth=None, packages_select_by_dep=None, packages_skip_by_dep=None, packages_skip_up_to=None, packages_select_build_failed=False, packages_skip_build_finished=False, packages_select_test_failures=False, packages_skip_test_passed=False, packages_select=['interfaz-p2'], packages_skip=None, packages_select_regex=None, packages_skip_regex=None, packages_start=None, packages_end=None, allow_overriding=[], cmake_args=None, cmake_target=None, cmake_target_skip_unavailable=False, cmake_clean_cache=False, cmake_clean_first=False, cmake_force_configure=False, ament_cmake_args=None, catkin_cmake_args=None, catkin_skip_building_tests=False, mixin_files=None, mixin=None, verb_parser=<colcon_mixin.mixin.mixin_argument.MixinArgumentDecorator object at 0x77dcc52eed70>, verb_extension=<colcon_core.verb.build.BuildVerb object at 0x77dcc52ee830>, main=<bound method BuildVerb.main of <colcon_core.verb.build.BuildVerb object at 0x77dcc52ee830>>, mixin_verb=('build',))
[0.179s] Level 1:colcon.colcon_core.package_discovery:discover_packages(colcon_meta) check parameters
[0.179s] Level 1:colcon.colcon_core.package_discovery:discover_packages(recursive) check parameters
[0.179s] Level 1:colcon.colcon_core.package_discovery:discover_packages(ignore) check parameters
[0.179s] Level 1:colcon.colcon_core.package_discovery:discover_packages(path) check parameters
[0.179s] Level 1:colcon.colcon_core.package_discovery:discover_packages(colcon_meta) discover
[0.179s] Level 1:colcon.colcon_core.package_discovery:discover_packages(recursive) discover
[0.179s] INFO:colcon.colcon_core.package_discovery:Crawling recursively for packages in '/workspace/ros2_ws/src'
[0.179s] Level 1:colcon.colcon_core.package_identification:_identify(.) by extensions ['ignore', 'ignore_ament_install']
[0.179s] Level 1:colcon.colcon_core.package_identification:_identify(.) by extension 'ignore'
[0.179s] Level 1:colcon.colcon_core.package_identification:_identify(.) by extension 'ignore_ament_install'
[0.179s] Level 1:colcon.colcon_core.package_identification:_identify(.) by extensions ['colcon_pkg']
[0.179s] Level 1:colcon.colcon_core.package_identification:_identify(.) by extension 'colcon_pkg'
[0.179s] Level 1:colcon.colcon_core.package_identification:_identify(.) by extensions ['colcon_meta']
[0.179s] Level 1:colcon.colcon_core.package_identification:_identify(.) by extension 'colcon_meta'
[0.179s] Level 1:colcon.colcon_core.package_identification:_identify(.) by extensions ['ros']
[0.179s] Level 1:colcon.colcon_core.package_identification:_identify(.) by extension 'ros'
[0.186s] Level 1:colcon.colcon_core.package_identification:_identify(.) by extensions ['cmake', 'python']
[0.186s] Level 1:colcon.colcon_core.package_identification:_identify(.) by extension 'cmake'
[0.186s] Level 1:colcon.colcon_core.package_identification:_identify(.) by extension 'python'
[0.186s] Level 1:colcon.colcon_core.package_identification:_identify(.) by extensions ['python_setup_py']
[0.186s] Level 1:colcon.colcon_core.package_identification:_identify(.) by extension 'python_setup_py'
[0.186s] Level 1:colcon.colcon_core.package_identification:_identify(build) by extensions ['ignore', 'ignore_ament_install']
[0.186s] Level 1:colcon.colcon_core.package_identification:_identify(build) by extension 'ignore'
[0.186s] Level 1:colcon.colcon_core.package_identification:_identify(build) ignored
[0.186s] Level 1:colcon.colcon_core.package_identification:_identify(install) by extensions ['ignore', 'ignore_ament_install']
[0.186s] Level 1:colcon.colcon_core.package_identification:_identify(install) by extension 'ignore'
[0.186s] Level 1:colcon.colcon_core.package_identification:_identify(install) ignored
[0.186s] Level 1:colcon.colcon_core.package_identification:_identify(interfaz) by extensions ['ignore', 'ignore_ament_install']
[0.186s] Level 1:colcon.colcon_core.package_identification:_identify(interfaz) by extension 'ignore'
[0.186s] Level 1:colcon.colcon_core.package_identification:_identify(interfaz) by extension 'ignore_ament_install'
[0.186s] Level 1:colcon.colcon_core.package_identification:_identify(interfaz) by extensions ['colcon_pkg']
[0.186s] Level 1:colcon.colcon_core.package_identification:_identify(interfaz) by extension 'colcon_pkg'
[0.186s] Level 1:colcon.colcon_core.package_identification:_identify(interfaz) by extensions ['colcon_meta']
[0.186s] Level 1:colcon.colcon_core.package_identification:_identify(interfaz) by extension 'colcon_meta'
[0.186s] Level 1:colcon.colcon_core.package_identification:_identify(interfaz) by extensions ['ros']
[0.186s] Level 1:colcon.colcon_core.package_identification:_identify(interfaz) by extension 'ros'
[0.188s] DEBUG:colcon.colcon_core.package_identification:Package 'interfaz' with type 'ros.ament_cmake' and name 'interfaz'
[0.188s] Level 1:colcon.colcon_core.package_identification:_identify(interfaz-p2) by extensions ['ignore', 'ignore_ament_install']
[0.188s] Level 1:colcon.colcon_core.package_identification:_identify(interfaz-p2) by extension 'ignore'
[0.188s] Level 1:colcon.colcon_core.package_identification:_identify(interfaz-p2) by extension 'ignore_ament_install'
[0.188s] Level 1:colcon.colcon_core.package_identification:_identify(interfaz-p2) by extensions ['colcon_pkg']
[0.188s] Level 1:colcon.colcon_core.package_identification:_identify(interfaz-p2) by extension 'colcon_pkg'
[0.188s] Level 1:colcon.colcon_core.package_identification:_identify(interfaz-p2) by extensions ['colcon_meta']
[0.188s] Level 1:colcon.colcon_core.package_identification:_identify(interfaz-p2) by extension 'colcon_meta'
[0.188s] Level 1:colcon.colcon_core.package_identification:_identify(interfaz-p2) by extensions ['ros']
[0.188s] Level 1:colcon.colcon_core.package_identification:_identify(interfaz-p2) by extension 'ros'
[0.188s] DEBUG:colcon.colcon_core.package_identification:Package 'interfaz-p2' with type 'ros.ament_cmake' and name 'interfaz-p2'
[0.188s] Level 1:colcon.colcon_core.package_identification:_identify(interfaz_servicio_suma) by extensions ['ignore', 'ignore_ament_install']
[0.188s] Level 1:colcon.colcon_core.package_identification:_identify(interfaz_servicio_suma) by extension 'ignore'
[0.188s] Level 1:colcon.colcon_core.package_identification:_identify(interfaz_servicio_suma) by extension 'ignore_ament_install'
[0.188s] Level 1:colcon.colcon_core.package_identification:_identify(interfaz_servicio_suma) by extensions ['colcon_pkg']
[0.188s] Level 1:colcon.colcon_core.package_identification:_identify(interfaz_servicio_suma) by extension 'colcon_pkg'
[0.188s] Level 1:colcon.colcon_core.package_identification:_identify(interfaz_servicio_suma) by extensions ['colcon_meta']
[0.188s] Level 1:colcon.colcon_core.package_identification:_identify(interfaz_servicio_suma) by extension 'colcon_meta'
[0.188s] Level 1:colcon.colcon_core.package_identification:_identify(interfaz_servicio_suma) by extensions ['ros']
[0.188s] Level 1:colcon.colcon_core.package_identification:_identify(interfaz_servicio_suma) by extension 'ros'
[0.189s] DEBUG:colcon.colcon_core.package_identification:Package 'interfaz_servicio_suma' with type 'ros.ament_cmake' and name 'interfaz_servicio_suma'
[0.189s] Level 1:colcon.colcon_core.package_identification:_identify(log) by extensions ['ignore', 'ignore_ament_install']
[0.189s] Level 1:colcon.colcon_core.package_identification:_identify(log) by extension 'ignore'
[0.189s] Level 1:colcon.colcon_core.package_identification:_identify(log) ignored
[0.189s] Level 1:colcon.colcon_core.package_identification:_identify(mipaquete) by extensions ['ignore', 'ignore_ament_install']
[0.189s] Level 1:colcon.colcon_core.package_identification:_identify(mipaquete) by extension 'ignore'
[0.189s] Level 1:colcon.colcon_core.package_identification:_identify(mipaquete) by extension 'ignore_ament_install'
[0.189s] Level 1:colcon.colcon_core.package_identification:_identify(mipaquete) by extensions ['colcon_pkg']
[0.189s] Level 1:colcon.colcon_core.package_identification:_identify(mipaquete) by extension 'colcon_pkg'
[0.189s] Level 1:colcon.colcon_core.package_identification:_identify(mipaquete) by extensions ['colcon_meta']
[0.189s] Level 1:colcon.colcon_core.package_identification:_identify(mipaquete) by extension 'colcon_meta'
[0.189s] Level 1:colcon.colcon_core.package_identification:_identify(mipaquete) by extensions ['ros']
[0.189s] Level 1:colcon.colcon_core.package_identification:_identify(mipaquete) by extension 'ros'
[0.189s] Level 1:colcon.colcon_core.package_identification:_identify(mipaquete) by extensions ['cmake', 'python']
[0.189s] Level 1:colcon.colcon_core.package_identification:_identify(mipaquete) by extension 'cmake'
[0.189s] Level 1:colcon.colcon_core.package_identification:_identify(mipaquete) by extension 'python'
[0.189s] Level 1:colcon.colcon_core.package_identification:_identify(mipaquete) by extensions ['python_setup_py']
[0.189s] Level 1:colcon.colcon_core.package_identification:_identify(mipaquete) by extension 'python_setup_py'
[0.189s] Level 1:colcon.colcon_core.package_identification:_identify(p2pkg) by extensions ['ignore', 'ignore_ament_install']
[0.189s] Level 1:colcon.colcon_core.package_identification:_identify(p2pkg) by extension 'ignore'
[0.189s] Level 1:colcon.colcon_core.package_identification:_identify(p2pkg) by extension 'ignore_ament_install'
[0.189s] Level 1:colcon.colcon_core.package_identification:_identify(p2pkg) by extensions ['colcon_pkg']
[0.189s] Level 1:colcon.colcon_core.package_identification:_identify(p2pkg) by extension 'colcon_pkg'
[0.189s] Level 1:colcon.colcon_core.package_identification:_identify(p2pkg) by extensions ['colcon_meta']
[0.189s] Level 1:colcon.colcon_core.package_identification:_identify(p2pkg) by extension 'colcon_meta'
[0.189s] Level 1:colcon.colcon_core.package_identification:_identify(p2pkg) by extensions ['ros']
[0.189s] Level 1:colcon.colcon_core.package_identification:_identify(p2pkg) by extension 'ros'
[0.190s] DEBUG:colcon.colcon_core.package_identification:Package 'p2pkg' with type 'ros.ament_cmake' and name 'p2pkg'
[0.190s] Level 1:colcon.colcon_core.package_identification:_identify(paquete1) by extensions ['ignore', 'ignore_ament_install']
[0.190s] Level 1:colcon.colcon_core.package_identification:_identify(paquete1) by extension 'ignore'
[0.190s] Level 1:colcon.colcon_core.package_identification:_identify(paquete1) by extension 'ignore_ament_install'
[0.190s] Level 1:colcon.colcon_core.package_identification:_identify(paquete1) by extensions ['colcon_pkg']
[0.190s] Level 1:colcon.colcon_core.package_identification:_identify(paquete1) by extension 'colcon_pkg'
[0.190s] Level 1:colcon.colcon_core.package_identification:_identify(paquete1) by extensions ['colcon_meta']
[0.190s] Level 1:colcon.colcon_core.package_identification:_identify(paquete1) by extension 'colcon_meta'
[0.190s] Level 1:colcon.colcon_core.package_identification:_identify(paquete1) by extensions ['ros']
[0.190s] Level 1:colcon.colcon_core.package_identification:_identify(paquete1) by extension 'ros'
[0.190s] DEBUG:colcon.colcon_core.package_identification:Package 'paquete1' with type 'ros.ament_python' and name 'paquete1'
[0.190s] Level 1:colcon.colcon_core.package_identification:_identify(primer_paquete) by extensions ['ignore', 'ignore_ament_install']
[0.190s] Level 1:colcon.colcon_core.package_identification:_identify(primer_paquete) by extension 'ignore'
[0.190s] Level 1:colcon.colcon_core.package_identification:_identify(primer_paquete) by extension 'ignore_ament_install'
[0.190s] Level 1:colcon.colcon_core.package_identification:_identify(primer_paquete) by extensions ['colcon_pkg']
[0.190s] Level 1:colcon.colcon_core.package_identification:_identify(primer_paquete) by extension 'colcon_pkg'
[0.190s] Level 1:colcon.colcon_core.package_identification:_identify(primer_paquete) by extensions ['colcon_meta']
[0.190s] Level 1:colcon.colcon_core.package_identification:_identify(primer_paquete) by extension 'colcon_meta'
[0.190s] Level 1:colcon.colcon_core.package_identification:_identify(primer_paquete) by extensions ['ros']
[0.190s] Level 1:colcon.colcon_core.package_identification:_identify(primer_paquete) by extension 'ros'
[0.191s] DEBUG:colcon.colcon_core.package_identification:Package 'primer_paquete' with type 'ros.ament_python' and name 'primer_paquete'
[0.191s] Level 1:colcon.colcon_core.package_identification:_identify(servicio_suma) by extensions ['ignore', 'ignore_ament_install']
[0.191s] Level 1:colcon.colcon_core.package_identification:_identify(servicio_suma) by extension 'ignore'
[0.191s] Level 1:colcon.colcon_core.package_identification:_identify(servicio_suma) by extension 'ignore_ament_install'
[0.191s] Level 1:colcon.colcon_core.package_identification:_identify(servicio_suma) by extensions ['colcon_pkg']
[0.191s] Level 1:colcon.colcon_core.package_identification:_identify(servicio_suma) by extension 'colcon_pkg'
[0.191s] Level 1:colcon.colcon_core.package_identification:_identify(servicio_suma) by extensions ['colcon_meta']
[0.191s] Level 1:colcon.colcon_core.package_identification:_identify(servicio_suma) by extension 'colcon_meta'
[0.191s] Level 1:colcon.colcon_core.package_identification:_identify(servicio_suma) by extensions ['ros']
[0.191s] Level 1:colcon.colcon_core.package_identification:_identify(servicio_suma) by extension 'ros'
[0.191s] DEBUG:colcon.colcon_core.package_identification:Package 'servicio_suma' with type 'ros.ament_python' and name 'servicio_suma'
[0.191s] Level 1:colcon.colcon_core.package_identification:_identify(vicpaq) by extensions ['ignore', 'ignore_ament_install']
[0.191s] Level 1:colcon.colcon_core.package_identification:_identify(vicpaq) by extension 'ignore'
[0.191s] Level 1:colcon.colcon_core.package_identification:_identify(vicpaq) by extension 'ignore_ament_install'
[0.191s] Level 1:colcon.colcon_core.package_identification:_identify(vicpaq) by extensions ['colcon_pkg']
[0.191s] Level 1:colcon.colcon_core.package_identification:_identify(vicpaq) by extension 'colcon_pkg'
[0.191s] Level 1:colcon.colcon_core.package_identification:_identify(vicpaq) by extensions ['colcon_meta']
[0.191s] Level 1:colcon.colcon_core.package_identification:_identify(vicpaq) by extension 'colcon_meta'
[0.192s] Level 1:colcon.colcon_core.package_identification:_identify(vicpaq) by extensions ['ros']
[0.192s] Level 1:colcon.colcon_core.package_identification:_identify(vicpaq) by extension 'ros'
[0.192s] DEBUG:colcon.colcon_core.package_identification:Package 'vicpaq' with type 'ros.ament_cmake' and name 'vicpaq'
[0.192s] Level 1:colcon.colcon_core.package_discovery:discover_packages(recursive) using defaults
[0.192s] Level 1:colcon.colcon_core.package_discovery:discover_packages(ignore) discover
[0.192s] Level 1:colcon.colcon_core.package_discovery:discover_packages(ignore) using defaults
[0.192s] Level 1:colcon.colcon_core.package_discovery:discover_packages(path) discover
[0.192s] Level 1:colcon.colcon_core.package_discovery:discover_packages(path) using defaults
[0.210s] INFO:colcon.colcon_core.package_selection:Skipping not selected package 'interfaz' in 'interfaz'
[0.210s] INFO:colcon.colcon_core.package_selection:Skipping not selected package 'interfaz_servicio_suma' in 'interfaz_servicio_suma'
[0.210s] INFO:colcon.colcon_core.package_selection:Skipping not selected package 'p2pkg' in 'p2pkg'
[0.210s] INFO:colcon.colcon_core.package_selection:Skipping not selected package 'paquete1' in 'paquete1'
[0.210s] INFO:colcon.colcon_core.package_selection:Skipping not selected package 'vicpaq' in 'vicpaq'
[0.210s] INFO:colcon.colcon_core.package_selection:Skipping not selected package 'primer_paquete' in 'primer_paquete'
[0.210s] INFO:colcon.colcon_core.package_selection:Skipping not selected package 'servicio_suma' in 'servicio_suma'
[0.211s] Level 1:colcon.colcon_core.package_discovery:discover_packages(prefix_path) check parameters
[0.211s] Level 1:colcon.colcon_core.package_discovery:discover_packages(prefix_path) discover
[0.212s] DEBUG:colcon.colcon_installed_package_information.package_discovery:Found 5 installed packages in /workspace/ros2_ws/src/install
[0.212s] DEBUG:colcon.colcon_installed_package_information.package_discovery:Found 6 installed packages in /workspace/ros2_ws/install
[0.212s] DEBUG:colcon.colcon_installed_package_information.package_discovery:Found 1 installed packages in /workspace/ros2_ws/src/primer_paquete/install
[0.213s] DEBUG:colcon.colcon_installed_package_information.package_discovery:Found 1 installed packages in /workspace/ros2_ws/src/interfaz/install
[0.214s] DEBUG:colcon.colcon_installed_package_information.package_discovery:Found 386 installed packages in /opt/ros/humble
[0.215s] Level 1:colcon.colcon_core.package_discovery:discover_packages(prefix_path) using defaults
[0.240s] Level 5:colcon.colcon_core.verb:set package 'interfaz-p2' build argument 'cmake_args' from command line to 'None'
[0.240s] Level 5:colcon.colcon_core.verb:set package 'interfaz-p2' build argument 'cmake_target' from command line to 'None'
[0.240s] Level 5:colcon.colcon_core.verb:set package 'interfaz-p2' build argument 'cmake_target_skip_unavailable' from command line to 'False'
[0.240s] Level 5:colcon.colcon_core.verb:set package 'interfaz-p2' build argument 'cmake_clean_cache' from command line to 'False'
[0.240s] Level 5:colcon.colcon_core.verb:set package 'interfaz-p2' build argument 'cmake_clean_first' from command line to 'False'
[0.240s] Level 5:colcon.colcon_core.verb:set package 'interfaz-p2' build argument 'cmake_force_configure' from command line to 'False'
[0.240s] Level 5:colcon.colcon_core.verb:set package 'interfaz-p2' build argument 'ament_cmake_args' from command line to 'None'
[0.240s] Level 5:colcon.colcon_core.verb:set package 'interfaz-p2' build argument 'catkin_cmake_args' from command line to 'None'
[0.240s] Level 5:colcon.colcon_core.verb:set package 'interfaz-p2' build argument 'catkin_skip_building_tests' from command line to 'False'
[0.240s] DEBUG:colcon.colcon_core.verb:Building package 'interfaz-p2' with the following arguments: {'ament_cmake_args': None, 'build_base': '/workspace/ros2_ws/src/build/interfaz-p2', 'catkin_cmake_args': None, 'catkin_skip_building_tests': False, 'cmake_args': None, 'cmake_clean_cache': False, 'cmake_clean_first': False, 'cmake_force_configure': False, 'cmake_target': None, 'cmake_target_skip_unavailable': False, 'install_base': '/workspace/ros2_ws/src/install/interfaz-p2', 'merge_install': False, 'path': '/workspace/ros2_ws/src/interfaz-p2', 'symlink_install': False, 'test_result_base': None}
[0.240s] INFO:colcon.colcon_core.executor:Executing jobs using 'parallel' executor
[0.241s] DEBUG:colcon.colcon_parallel_executor.executor.parallel:run_until_complete
[0.241s] INFO:colcon.colcon_ros.task.ament_cmake.build:Building ROS package in '/workspace/ros2_ws/src/interfaz-p2' with build type 'ament_cmake'
[0.241s] INFO:colcon.colcon_cmake.task.cmake.build:Building CMake package in '/workspace/ros2_ws/src/interfaz-p2'
[0.243s] INFO:colcon.colcon_core.plugin_system:Skipping extension 'colcon_core.shell.bat': Not used on non-Windows systems
[0.243s] INFO:colcon.colcon_core.shell:Skip shell extension 'powershell' for command environment: Not usable outside of PowerShell
[0.243s] DEBUG:colcon.colcon_core.shell:Skip shell extension 'dsv' for command environment
[0.250s] DEBUG:colcon.colcon_core.event_handler.log_command:Invoking command in '/workspace/ros2_ws/src/build/interfaz-p2': CMAKE_PREFIX_PATH=${CMAKE_PREFIX_PATH}:/workspace/ros2_ws/install/primer_paquete:/workspace/ros2_ws/src/primer_paquete/install/primer_paquete:/workspace/ros2_ws/src/install/primer_paquete:/workspace/ros2_ws/src/install/servicio_suma:/workspace/ros2_ws/src/install/paquete1:/workspace/ros2_ws/install/servicio_suma:/workspace/ros2_ws/install/paquete1:/opt/ros/humble /usr/bin/cmake /workspace/ros2_ws/src/interfaz-p2 -DCMAKE_INSTALL_PREFIX=/workspace/ros2_ws/src/install/interfaz-p2
[0.784s] DEBUG:colcon.colcon_core.event_handler.log_command:Invoked command in '/workspace/ros2_ws/src/build/interfaz-p2' returned '0': CMAKE_PREFIX_PATH=${CMAKE_PREFIX_PATH}:/workspace/ros2_ws/install/primer_paquete:/workspace/ros2_ws/src/primer_paquete/install/primer_paquete:/workspace/ros2_ws/src/install/primer_paquete:/workspace/ros2_ws/src/install/servicio_suma:/workspace/ros2_ws/src/install/paquete1:/workspace/ros2_ws/install/servicio_suma:/workspace/ros2_ws/install/paquete1:/opt/ros/humble /usr/bin/cmake /workspace/ros2_ws/src/interfaz-p2 -DCMAKE_INSTALL_PREFIX=/workspace/ros2_ws/src/install/interfaz-p2
[0.786s] DEBUG:colcon.colcon_core.event_handler.log_command:Invoking command in '/workspace/ros2_ws/src/build/interfaz-p2': CMAKE_PREFIX_PATH=${CMAKE_PREFIX_PATH}:/workspace/ros2_ws/install/primer_paquete:/workspace/ros2_ws/src/primer_paquete/install/primer_paquete:/workspace/ros2_ws/src/install/primer_paquete:/workspace/ros2_ws/src/install/servicio_suma:/workspace/ros2_ws/src/install/paquete1:/workspace/ros2_ws/install/servicio_suma:/workspace/ros2_ws/install/paquete1:/opt/ros/humble /usr/bin/cmake --build /workspace/ros2_ws/src/build/interfaz-p2 -- -j12 -l12
[0.815s] DEBUG:colcon.colcon_core.event_handler.log_command:Invoked command in '/workspace/ros2_ws/src/build/interfaz-p2' returned '0': CMAKE_PREFIX_PATH=${CMAKE_PREFIX_PATH}:/workspace/ros2_ws/install/primer_paquete:/workspace/ros2_ws/src/primer_paquete/install/primer_paquete:/workspace/ros2_ws/src/install/primer_paquete:/workspace/ros2_ws/src/install/servicio_suma:/workspace/ros2_ws/src/install/paquete1:/workspace/ros2_ws/install/servicio_suma:/workspace/ros2_ws/install/paquete1:/opt/ros/humble /usr/bin/cmake --build /workspace/ros2_ws/src/build/interfaz-p2 -- -j12 -l12
[0.822s] DEBUG:colcon.colcon_core.event_handler.log_command:Invoking command in '/workspace/ros2_ws/src/build/interfaz-p2': CMAKE_PREFIX_PATH=${CMAKE_PREFIX_PATH}:/workspace/ros2_ws/install/primer_paquete:/workspace/ros2_ws/src/primer_paquete/install/primer_paquete:/workspace/ros2_ws/src/install/primer_paquete:/workspace/ros2_ws/src/install/servicio_suma:/workspace/ros2_ws/src/install/paquete1:/workspace/ros2_ws/install/servicio_suma:/workspace/ros2_ws/install/paquete1:/opt/ros/humble /usr/bin/cmake --install /workspace/ros2_ws/src/build/interfaz-p2
[0.829s] Level 1:colcon.colcon_core.environment:create_environment_scripts_only(interfaz-p2)
[0.829s] DEBUG:colcon.colcon_core.event_handler.log_command:Invoked command in '/workspace/ros2_ws/src/build/interfaz-p2' returned '0': CMAKE_PREFIX_PATH=${CMAKE_PREFIX_PATH}:/workspace/ros2_ws/install/primer_paquete:/workspace/ros2_ws/src/primer_paquete/install/primer_paquete:/workspace/ros2_ws/src/install/primer_paquete:/workspace/ros2_ws/src/install/servicio_suma:/workspace/ros2_ws/src/install/paquete1:/workspace/ros2_ws/install/servicio_suma:/workspace/ros2_ws/install/paquete1:/opt/ros/humble /usr/bin/cmake --install /workspace/ros2_ws/src/build/interfaz-p2
[0.832s] Level 1:colcon.colcon_core.environment:checking '/workspace/ros2_ws/src/install/interfaz-p2' for CMake module files
[0.832s] Level 1:colcon.colcon_core.environment:checking '/workspace/ros2_ws/src/install/interfaz-p2' for CMake config files
[0.833s] Level 1:colcon.colcon_core.shell:create_environment_hook('interfaz-p2', 'cmake_prefix_path')
[0.833s] INFO:colcon.colcon_core.shell:Creating environment hook '/workspace/ros2_ws/src/install/interfaz-p2/share/interfaz-p2/hook/cmake_prefix_path.ps1'
[0.833s] INFO:colcon.colcon_core.shell:Creating environment descriptor '/workspace/ros2_ws/src/install/interfaz-p2/share/interfaz-p2/hook/cmake_prefix_path.dsv'
[0.834s] INFO:colcon.colcon_core.shell:Creating environment hook '/workspace/ros2_ws/src/install/interfaz-p2/share/interfaz-p2/hook/cmake_prefix_path.sh'
[0.835s] Level 1:colcon.colcon_core.environment:checking '/workspace/ros2_ws/src/install/interfaz-p2/bin'
[0.835s] Level 1:colcon.colcon_core.environment:checking '/workspace/ros2_ws/src/install/interfaz-p2/lib/pkgconfig/interfaz-p2.pc'
[0.835s] Level 1:colcon.colcon_core.environment:checking '/workspace/ros2_ws/src/install/interfaz-p2/lib/python3.10/site-packages'
[0.835s] Level 1:colcon.colcon_core.environment:checking '/workspace/ros2_ws/src/install/interfaz-p2/bin'
[0.835s] INFO:colcon.colcon_core.shell:Creating package script '/workspace/ros2_ws/src/install/interfaz-p2/share/interfaz-p2/package.ps1'
[0.836s] INFO:colcon.colcon_core.shell:Creating package descriptor '/workspace/ros2_ws/src/install/interfaz-p2/share/interfaz-p2/package.dsv'
[0.836s] INFO:colcon.colcon_core.shell:Creating package script '/workspace/ros2_ws/src/install/interfaz-p2/share/interfaz-p2/package.sh'
[0.837s] INFO:colcon.colcon_core.shell:Creating package script '/workspace/ros2_ws/src/install/interfaz-p2/share/interfaz-p2/package.bash'
[0.837s] INFO:colcon.colcon_core.shell:Creating package script '/workspace/ros2_ws/src/install/interfaz-p2/share/interfaz-p2/package.zsh'
[0.837s] Level 1:colcon.colcon_core.environment:create_file_with_runtime_dependencies(/workspace/ros2_ws/src/install/interfaz-p2/share/colcon-core/packages/interfaz-p2)
[0.838s] Level 1:colcon.colcon_core.environment:create_environment_scripts_only(interfaz-p2)
[0.838s] Level 1:colcon.colcon_core.environment:checking '/workspace/ros2_ws/src/install/interfaz-p2' for CMake module files
[0.838s] Level 1:colcon.colcon_core.environment:checking '/workspace/ros2_ws/src/install/interfaz-p2' for CMake config files
[0.838s] Level 1:colcon.colcon_core.shell:create_environment_hook('interfaz-p2', 'cmake_prefix_path')
[0.838s] INFO:colcon.colcon_core.shell:Creating environment hook '/workspace/ros2_ws/src/install/interfaz-p2/share/interfaz-p2/hook/cmake_prefix_path.ps1'
[0.838s] INFO:colcon.colcon_core.shell:Creating environment descriptor '/workspace/ros2_ws/src/install/interfaz-p2/share/interfaz-p2/hook/cmake_prefix_path.dsv'
[0.838s] INFO:colcon.colcon_core.shell:Creating environment hook '/workspace/ros2_ws/src/install/interfaz-p2/share/interfaz-p2/hook/cmake_prefix_path.sh'
[0.839s] Level 1:colcon.colcon_core.environment:checking '/workspace/ros2_ws/src/install/interfaz-p2/bin'
[0.839s] Level 1:colcon.colcon_core.environment:checking '/workspace/ros2_ws/src/install/interfaz-p2/lib/pkgconfig/interfaz-p2.pc'
[0.839s] Level 1:colcon.colcon_core.environment:checking '/workspace/ros2_ws/src/install/interfaz-p2/lib/python3.10/site-packages'
[0.839s] Level 1:colcon.colcon_core.environment:checking '/workspace/ros2_ws/src/install/interfaz-p2/bin'
[0.839s] INFO:colcon.colcon_core.shell:Creating package script '/workspace/ros2_ws/src/install/interfaz-p2/share/interfaz-p2/package.ps1'
[0.840s] INFO:colcon.colcon_core.shell:Creating package descriptor '/workspace/ros2_ws/src/install/interfaz-p2/share/interfaz-p2/package.dsv'
[0.840s] INFO:colcon.colcon_core.shell:Creating package script '/workspace/ros2_ws/src/install/interfaz-p2/share/interfaz-p2/package.sh'
[0.840s] INFO:colcon.colcon_core.shell:Creating package script '/workspace/ros2_ws/src/install/interfaz-p2/share/interfaz-p2/package.bash'
[0.840s] INFO:colcon.colcon_core.shell:Creating package script '/workspace/ros2_ws/src/install/interfaz-p2/share/interfaz-p2/package.zsh'
[0.840s] Level 1:colcon.colcon_core.environment:create_file_with_runtime_dependencies(/workspace/ros2_ws/src/install/interfaz-p2/share/colcon-core/packages/interfaz-p2)
[0.841s] DEBUG:colcon.colcon_parallel_executor.executor.parallel:closing loop
[0.841s] DEBUG:colcon.colcon_parallel_executor.executor.parallel:loop closed
[0.841s] DEBUG:colcon.colcon_parallel_executor.executor.parallel:run_until_complete finished with '0'
[0.841s] DEBUG:colcon.colcon_core.event_reactor:joining thread
[0.847s] INFO:colcon.colcon_core.plugin_system:Skipping extension 'colcon_notification.desktop_notification.notify_send': Could not find 'notify-send'
[0.847s] INFO:colcon.colcon_core.plugin_system:Skipping extension 'colcon_notification.desktop_notification.terminal_notifier': Not used on non-Darwin systems
[0.847s] INFO:colcon.colcon_core.plugin_system:Skipping extension 'colcon_notification.desktop_notification.win32': Not used on non-Windows systems
[0.847s] INFO:colcon.colcon_notification.desktop_notification:Sending desktop notification using 'notify2'
[0.849s] DEBUG:colcon.colcon_notification.desktop_notification.notify2:Failed to initialize notify2: org.freedesktop.DBus.Error.Spawn.ExecFailed: /usr/bin/dbus-launch terminated abnormally without any error message
[0.849s] DEBUG:colcon.colcon_core.event_reactor:joined thread
[0.850s] INFO:colcon.colcon_core.shell:Creating prefix script '/workspace/ros2_ws/src/install/local_setup.ps1'
[0.851s] INFO:colcon.colcon_core.shell:Creating prefix util module '/workspace/ros2_ws/src/install/_local_setup_util_ps1.py'
[0.852s] INFO:colcon.colcon_core.shell:Creating prefix chain script '/workspace/ros2_ws/src/install/setup.ps1'
[0.854s] INFO:colcon.colcon_core.shell:Creating prefix script '/workspace/ros2_ws/src/install/local_setup.sh'
[0.855s] INFO:colcon.colcon_core.shell:Creating prefix util module '/workspace/ros2_ws/src/install/_local_setup_util_sh.py'
[0.855s] INFO:colcon.colcon_core.shell:Creating prefix chain script '/workspace/ros2_ws/src/install/setup.sh'
[0.857s] INFO:colcon.colcon_core.shell:Creating prefix script '/workspace/ros2_ws/src/install/local_setup.bash'
[0.857s] INFO:colcon.colcon_core.shell:Creating prefix chain script '/workspace/ros2_ws/src/install/setup.bash'
[0.859s] INFO:colcon.colcon_core.shell:Creating prefix script '/workspace/ros2_ws/src/install/local_setup.zsh'
[0.859s] INFO:colcon.colcon_core.shell:Creating prefix chain script '/workspace/ros2_ws/src/install/setup.zsh'
