[1.486s] Invoking command in '/workspace/ros2_ws/build/vicpaq': CMAKE_PREFIX_PATH=${CMAKE_PREFIX_PATH}:/workspace/ros2_ws/install/voice_bot_pkg:/workspace/ros2_ws/install/turtlebot3_teleop:/workspace/ros2_ws/install/turtlebot3_example:/workspace/ros2_ws/install/servicio_suma:/workspace/ros2_ws/install/service_temp:/workspace/ros2_ws/install/recolector_pkg:/workspace/ros2_ws/install/primer_paquete:/workspace/ros2_ws/install/paquete1:/workspace/ros2_ws/install/p3_pkg:/workspace/ros2_ws/install/p2pkg:/workspace/ros2_ws/install/mi_accion:/workspace/ros2_ws/install/maze_pkg:/workspace/ros2_ws/install/battery_act:/workspace/ros2_ws/src/voice_bot_pkg/install/voice_bot_pkg:/workspace/install/servicio_suma:/opt/ros/humble /usr/bin/cmake --build /workspace/ros2_ws/build/vicpaq -- -j12 -l12
[1.767s] Invoked command in '/workspace/ros2_ws/build/vicpaq' returned '0': CMAKE_PREFIX_PATH=${CMAKE_PREFIX_PATH}:/workspace/ros2_ws/install/voice_bot_pkg:/workspace/ros2_ws/install/turtlebot3_teleop:/workspace/ros2_ws/install/turtlebot3_example:/workspace/ros2_ws/install/servicio_suma:/workspace/ros2_ws/install/service_temp:/workspace/ros2_ws/install/recolector_pkg:/workspace/ros2_ws/install/primer_paquete:/workspace/ros2_ws/install/paquete1:/workspace/ros2_ws/install/p3_pkg:/workspace/ros2_ws/install/p2pkg:/workspace/ros2_ws/install/mi_accion:/workspace/ros2_ws/install/maze_pkg:/workspace/ros2_ws/install/battery_act:/workspace/ros2_ws/src/voice_bot_pkg/install/voice_bot_pkg:/workspace/install/servicio_suma:/opt/ros/humble /usr/bin/cmake --build /workspace/ros2_ws/build/vicpaq -- -j12 -l12
[1.774s] Invoking command in '/workspace/ros2_ws/build/vicpaq': CMAKE_PREFIX_PATH=${CMAKE_PREFIX_PATH}:/workspace/ros2_ws/install/voice_bot_pkg:/workspace/ros2_ws/install/turtlebot3_teleop:/workspace/ros2_ws/install/turtlebot3_example:/workspace/ros2_ws/install/servicio_suma:/workspace/ros2_ws/install/service_temp:/workspace/ros2_ws/install/recolector_pkg:/workspace/ros2_ws/install/primer_paquete:/workspace/ros2_ws/install/paquete1:/workspace/ros2_ws/install/p3_pkg:/workspace/ros2_ws/install/p2pkg:/workspace/ros2_ws/install/mi_accion:/workspace/ros2_ws/install/maze_pkg:/workspace/ros2_ws/install/battery_act:/workspace/ros2_ws/src/voice_bot_pkg/install/voice_bot_pkg:/workspace/install/servicio_suma:/opt/ros/humble /usr/bin/cmake --install /workspace/ros2_ws/build/vicpaq
[2.321s] -- Install configuration: ""
[2.321s] -- Execute custom install script
[2.321s] -- Up-to-date symlink: /workspace/ros2_ws/install/vicpaq/share/ament_index/resource_index/package_run_dependencies/vicpaq
[2.321s] -- Up-to-date symlink: /workspace/ros2_ws/install/vicpaq/share/ament_index/resource_index/parent_prefix_path/vicpaq
[2.321s] -- Up-to-date symlink: /workspace/ros2_ws/install/vicpaq/share/vicpaq/environment/ament_prefix_path.sh
[2.321s] -- Up-to-date symlink: /workspace/ros2_ws/install/vicpaq/share/vicpaq/environment/ament_prefix_path.dsv
[2.321s] -- Up-to-date symlink: /workspace/ros2_ws/install/vicpaq/share/vicpaq/environment/path.sh
[2.321s] -- Up-to-date symlink: /workspace/ros2_ws/install/vicpaq/share/vicpaq/environment/path.dsv
[2.322s] -- Up-to-date symlink: /workspace/ros2_ws/install/vicpaq/share/vicpaq/local_setup.bash
[2.322s] -- Up-to-date symlink: /workspace/ros2_ws/install/vicpaq/share/vicpaq/local_setup.sh
[2.322s] -- Up-to-date symlink: /workspace/ros2_ws/install/vicpaq/share/vicpaq/local_setup.zsh
[2.322s] -- Up-to-date symlink: /workspace/ros2_ws/install/vicpaq/share/vicpaq/local_setup.dsv
[2.322s] -- Symlinking: /workspace/ros2_ws/install/vicpaq/share/vicpaq/package.dsv
[2.322s] -- Up-to-date symlink: /workspace/ros2_ws/install/vicpaq/share/ament_index/resource_index/packages/vicpaq
[2.322s] -- Up-to-date symlink: /workspace/ros2_ws/install/vicpaq/share/vicpaq/cmake/vicpaqConfig.cmake
[2.322s] -- Up-to-date symlink: /workspace/ros2_ws/install/vicpaq/share/vicpaq/cmake/vicpaqConfig-version.cmake
[2.322s] -- Up-to-date symlink: /workspace/ros2_ws/install/vicpaq/share/vicpaq/package.xml
[2.813s] Invoked command in '/workspace/ros2_ws/build/vicpaq' returned '0': CMAKE_PREFIX_PATH=${CMAKE_PREFIX_PATH}:/workspace/ros2_ws/install/voice_bot_pkg:/workspace/ros2_ws/install/turtlebot3_teleop:/workspace/ros2_ws/install/turtlebot3_example:/workspace/ros2_ws/install/servicio_suma:/workspace/ros2_ws/install/service_temp:/workspace/ros2_ws/install/recolector_pkg:/workspace/ros2_ws/install/primer_paquete:/workspace/ros2_ws/install/paquete1:/workspace/ros2_ws/install/p3_pkg:/workspace/ros2_ws/install/p2pkg:/workspace/ros2_ws/install/mi_accion:/workspace/ros2_ws/install/maze_pkg:/workspace/ros2_ws/install/battery_act:/workspace/ros2_ws/src/voice_bot_pkg/install/voice_bot_pkg:/workspace/install/servicio_suma:/opt/ros/humble /usr/bin/cmake --install /workspace/ros2_ws/build/vicpaq
