[2.372s] Invoking command in '/workspace/ros2_ws/build/turtlebot3_example': AMENT_PREFIX_PATH=/workspace/ros2_ws/install/turtlebot3_msgs:${AMENT_PREFIX_PATH} CMAKE_PREFIX_PATH=/workspace/ros2_ws/install/turtlebot3_msgs:${CMAKE_PREFIX_PATH} LD_LIBRARY_PATH=/workspace/ros2_ws/install/turtlebot3_msgs/lib:${LD_LIBRARY_PATH} PYTHONPATH=/workspace/ros2_ws/build/turtlebot3_example/prefix_override:/usr/lib/python3/dist-packages/colcon_core/task/python/colcon_distutils_commands:/workspace/ros2_ws/install/turtlebot3_example/lib/python3.10/site-packages:/workspace/ros2_ws/install/turtlebot3_msgs/local/lib/python3.10/dist-packages:${PYTHONPATH} /usr/bin/python3 -W ignore:setup.py install is deprecated -W ignore:easy_install command is deprecated setup.py develop --editable --build-directory /workspace/ros2_ws/build/turtlebot3_example/build --no-deps symlink_data
[3.298s] running develop
[4.066s] running egg_info
[4.067s] creating turtlebot3_example.egg-info
[4.067s] writing turtlebot3_example.egg-info/PKG-INFO
[4.067s] writing dependency_links to turtlebot3_example.egg-info/dependency_links.txt
[4.072s] writing entry points to turtlebot3_example.egg-info/entry_points.txt
[4.073s] writing requirements to turtlebot3_example.egg-info/requires.txt
[4.073s] writing top-level names to turtlebot3_example.egg-info/top_level.txt
[4.073s] writing manifest file 'turtlebot3_example.egg-info/SOURCES.txt'
[4.087s] reading manifest file 'turtlebot3_example.egg-info/SOURCES.txt'
[4.090s] writing manifest file 'turtlebot3_example.egg-info/SOURCES.txt'
[4.093s] running build_ext
[4.100s] Creating /workspace/ros2_ws/install/turtlebot3_example/lib/python3.10/site-packages/turtlebot3-example.egg-link (link to .)
[4.101s] Installing turtlebot3_absolute_move script to /workspace/ros2_ws/install/turtlebot3_example/lib/turtlebot3_example
[4.101s] Installing turtlebot3_interactive_marker script to /workspace/ros2_ws/install/turtlebot3_example/lib/turtlebot3_example
[4.108s] Installing turtlebot3_obstacle_detection script to /workspace/ros2_ws/install/turtlebot3_example/lib/turtlebot3_example
[4.108s] Installing turtlebot3_patrol_client script to /workspace/ros2_ws/install/turtlebot3_example/lib/turtlebot3_example
[4.109s] Installing turtlebot3_patrol_server script to /workspace/ros2_ws/install/turtlebot3_example/lib/turtlebot3_example
[4.109s] Installing turtlebot3_relative_move script to /workspace/ros2_ws/install/turtlebot3_example/lib/turtlebot3_example
[4.109s] 
[4.109s] Installed /workspace/ros2_ws/build/turtlebot3_example
[4.110s] running symlink_data
[4.110s] creating /workspace/ros2_ws/install/turtlebot3_example/share/ament_index
[4.110s] creating /workspace/ros2_ws/install/turtlebot3_example/share/ament_index/resource_index
[4.110s] creating /workspace/ros2_ws/install/turtlebot3_example/share/ament_index/resource_index/packages
[4.110s] symbolically linking /workspace/ros2_ws/build/turtlebot3_example/resource/turtlebot3_example -> /workspace/ros2_ws/install/turtlebot3_example/share/ament_index/resource_index/packages
[4.110s] symbolically linking /workspace/ros2_ws/build/turtlebot3_example/package.xml -> /workspace/ros2_ws/install/turtlebot3_example/share/turtlebot3_example
[4.281s] Invoked command in '/workspace/ros2_ws/build/turtlebot3_example' returned '0': AMENT_PREFIX_PATH=/workspace/ros2_ws/install/turtlebot3_msgs:${AMENT_PREFIX_PATH} CMAKE_PREFIX_PATH=/workspace/ros2_ws/install/turtlebot3_msgs:${CMAKE_PREFIX_PATH} LD_LIBRARY_PATH=/workspace/ros2_ws/install/turtlebot3_msgs/lib:${LD_LIBRARY_PATH} PYTHONPATH=/workspace/ros2_ws/build/turtlebot3_example/prefix_override:/usr/lib/python3/dist-packages/colcon_core/task/python/colcon_distutils_commands:/workspace/ros2_ws/install/turtlebot3_example/lib/python3.10/site-packages:/workspace/ros2_ws/install/turtlebot3_msgs/local/lib/python3.10/dist-packages:${PYTHONPATH} /usr/bin/python3 -W ignore:setup.py install is deprecated -W ignore:easy_install command is deprecated setup.py develop --editable --build-directory /workspace/ros2_ws/build/turtlebot3_example/build --no-deps symlink_data
