[0.548s] Invoking command in '/workspace/ros2_ws/src/build/vicpaq': CMAKE_PREFIX_PATH=${CMAKE_PREFIX_PATH}:/workspace/ros2_ws/src/install/servicio_suma:/workspace/ros2_ws/src/install/primer_paquete:/workspace/ros2_ws/src/install/paquete1:/workspace/ros2_ws/src/install/mi_accion:/workspace/ros2_ws/src/install/maze_pkg:/workspace/ros2_ws/install/turtlebot3_teleop:/workspace/ros2_ws/install/turtlebot3_example:/workspace/ros2_ws/install/servicio_suma:/workspace/ros2_ws/install/service_temp:/workspace/ros2_ws/install/primer_paquete:/workspace/ros2_ws/install/paquete1:/workspace/ros2_ws/install/p3_pkg:/workspace/ros2_ws/install/p2pkg:/workspace/ros2_ws/install/mi_accion:/workspace/ros2_ws/install/battery_act:/workspace/install/servicio_suma:/opt/ros/humble /usr/bin/cmake --build /workspace/ros2_ws/src/build/vicpaq -- -j12 -l12
[1.073s] Invoked command in '/workspace/ros2_ws/src/build/vicpaq' returned '0': CMAKE_PREFIX_PATH=${CMAKE_PREFIX_PATH}:/workspace/ros2_ws/src/install/servicio_suma:/workspace/ros2_ws/src/install/primer_paquete:/workspace/ros2_ws/src/install/paquete1:/workspace/ros2_ws/src/install/mi_accion:/workspace/ros2_ws/src/install/maze_pkg:/workspace/ros2_ws/install/turtlebot3_teleop:/workspace/ros2_ws/install/turtlebot3_example:/workspace/ros2_ws/install/servicio_suma:/workspace/ros2_ws/install/service_temp:/workspace/ros2_ws/install/primer_paquete:/workspace/ros2_ws/install/paquete1:/workspace/ros2_ws/install/p3_pkg:/workspace/ros2_ws/install/p2pkg:/workspace/ros2_ws/install/mi_accion:/workspace/ros2_ws/install/battery_act:/workspace/install/servicio_suma:/opt/ros/humble /usr/bin/cmake --build /workspace/ros2_ws/src/build/vicpaq -- -j12 -l12
[1.081s] Invoking command in '/workspace/ros2_ws/src/build/vicpaq': CMAKE_PREFIX_PATH=${CMAKE_PREFIX_PATH}:/workspace/ros2_ws/src/install/servicio_suma:/workspace/ros2_ws/src/install/primer_paquete:/workspace/ros2_ws/src/install/paquete1:/workspace/ros2_ws/src/install/mi_accion:/workspace/ros2_ws/src/install/maze_pkg:/workspace/ros2_ws/install/turtlebot3_teleop:/workspace/ros2_ws/install/turtlebot3_example:/workspace/ros2_ws/install/servicio_suma:/workspace/ros2_ws/install/service_temp:/workspace/ros2_ws/install/primer_paquete:/workspace/ros2_ws/install/paquete1:/workspace/ros2_ws/install/p3_pkg:/workspace/ros2_ws/install/p2pkg:/workspace/ros2_ws/install/mi_accion:/workspace/ros2_ws/install/battery_act:/workspace/install/servicio_suma:/opt/ros/humble /usr/bin/cmake --install /workspace/ros2_ws/src/build/vicpaq
[1.096s] -- Install configuration: ""
[1.097s] -- Up-to-date: /workspace/ros2_ws/src/install/vicpaq/share/ament_index/resource_index/package_run_dependencies/vicpaq
[1.098s] -- Up-to-date: /workspace/ros2_ws/src/install/vicpaq/share/ament_index/resource_index/parent_prefix_path/vicpaq
[1.098s] -- Up-to-date: /workspace/ros2_ws/src/install/vicpaq/share/vicpaq/environment/ament_prefix_path.sh
[1.098s] -- Up-to-date: /workspace/ros2_ws/src/install/vicpaq/share/vicpaq/environment/ament_prefix_path.dsv
[1.098s] -- Up-to-date: /workspace/ros2_ws/src/install/vicpaq/share/vicpaq/environment/path.sh
[1.098s] -- Up-to-date: /workspace/ros2_ws/src/install/vicpaq/share/vicpaq/environment/path.dsv
[1.098s] -- Up-to-date: /workspace/ros2_ws/src/install/vicpaq/share/vicpaq/local_setup.bash
[1.098s] -- Up-to-date: /workspace/ros2_ws/src/install/vicpaq/share/vicpaq/local_setup.sh
[1.098s] -- Up-to-date: /workspace/ros2_ws/src/install/vicpaq/share/vicpaq/local_setup.zsh
[1.098s] -- Up-to-date: /workspace/ros2_ws/src/install/vicpaq/share/vicpaq/local_setup.dsv
[1.098s] -- Installing: /workspace/ros2_ws/src/install/vicpaq/share/vicpaq/package.dsv
[1.098s] -- Up-to-date: /workspace/ros2_ws/src/install/vicpaq/share/ament_index/resource_index/packages/vicpaq
[1.098s] -- Up-to-date: /workspace/ros2_ws/src/install/vicpaq/share/vicpaq/cmake/vicpaqConfig.cmake
[1.098s] -- Up-to-date: /workspace/ros2_ws/src/install/vicpaq/share/vicpaq/cmake/vicpaqConfig-version.cmake
[1.098s] -- Up-to-date: /workspace/ros2_ws/src/install/vicpaq/share/vicpaq/package.xml
[1.127s] Invoked command in '/workspace/ros2_ws/src/build/vicpaq' returned '0': CMAKE_PREFIX_PATH=${CMAKE_PREFIX_PATH}:/workspace/ros2_ws/src/install/servicio_suma:/workspace/ros2_ws/src/install/primer_paquete:/workspace/ros2_ws/src/install/paquete1:/workspace/ros2_ws/src/install/mi_accion:/workspace/ros2_ws/src/install/maze_pkg:/workspace/ros2_ws/install/turtlebot3_teleop:/workspace/ros2_ws/install/turtlebot3_example:/workspace/ros2_ws/install/servicio_suma:/workspace/ros2_ws/install/service_temp:/workspace/ros2_ws/install/primer_paquete:/workspace/ros2_ws/install/paquete1:/workspace/ros2_ws/install/p3_pkg:/workspace/ros2_ws/install/p2pkg:/workspace/ros2_ws/install/mi_accion:/workspace/ros2_ws/install/battery_act:/workspace/install/servicio_suma:/opt/ros/humble /usr/bin/cmake --install /workspace/ros2_ws/src/build/vicpaq
