[1.990s] Invoking command in '/workspace/ros2_ws/build/mi_accion': PYTHONPATH=/workspace/ros2_ws/build/mi_accion/prefix_override:/usr/lib/python3/dist-packages/colcon_core/task/python/colcon_distutils_commands:/workspace/ros2_ws/install/mi_accion/lib/python3.10/site-packages:${PYTHONPATH} /usr/bin/python3 -W ignore:setup.py install is deprecated -W ignore:easy_install command is deprecated setup.py develop --editable --build-directory /workspace/ros2_ws/build/mi_accion/build --no-deps symlink_data
[2.433s] running develop
[2.703s] running egg_info
[2.703s] writing mi_accion.egg-info/PKG-INFO
[2.704s] writing dependency_links to mi_accion.egg-info/dependency_links.txt
[2.704s] writing entry points to mi_accion.egg-info/entry_points.txt
[2.704s] writing requirements to mi_accion.egg-info/requires.txt
[2.704s] writing top-level names to mi_accion.egg-info/top_level.txt
[2.707s] reading manifest file 'mi_accion.egg-info/SOURCES.txt'
[2.708s] writing manifest file 'mi_accion.egg-info/SOURCES.txt'
[2.711s] running build_ext
[2.711s] Creating /workspace/ros2_ws/install/mi_accion/lib/python3.10/site-packages/mi-accion.egg-link (link to .)
[2.713s] Installing client script to /workspace/ros2_ws/install/mi_accion/lib/mi_accion
[2.713s] Installing ej_client script to /workspace/ros2_ws/install/mi_accion/lib/mi_accion
[2.714s] Installing ej_server script to /workspace/ros2_ws/install/mi_accion/lib/mi_accion
[2.714s] Installing server script to /workspace/ros2_ws/install/mi_accion/lib/mi_accion
[2.714s] 
[2.714s] Installed /workspace/ros2_ws/build/mi_accion
[2.714s] running symlink_data
[3.085s] Invoked command in '/workspace/ros2_ws/build/mi_accion' returned '0': PYTHONPATH=/workspace/ros2_ws/build/mi_accion/prefix_override:/usr/lib/python3/dist-packages/colcon_core/task/python/colcon_distutils_commands:/workspace/ros2_ws/install/mi_accion/lib/python3.10/site-packages:${PYTHONPATH} /usr/bin/python3 -W ignore:setup.py install is deprecated -W ignore:easy_install command is deprecated setup.py develop --editable --build-directory /workspace/ros2_ws/build/mi_accion/build --no-deps symlink_data
