running develop
running egg_info
creating mi_accion.egg-info
writing mi_accion.egg-info/PKG-INFO
writing dependency_links to mi_accion.egg-info/dependency_links.txt
writing entry points to mi_accion.egg-info/entry_points.txt
writing requirements to mi_accion.egg-info/requires.txt
writing top-level names to mi_accion.egg-info/top_level.txt
writing manifest file 'mi_accion.egg-info/SOURCES.txt'
reading manifest file 'mi_accion.egg-info/SOURCES.txt'
writing manifest file 'mi_accion.egg-info/SOURCES.txt'
running build_ext
Creating /workspace/ros2_ws/install/mi_accion/lib/python3.10/site-packages/mi-accion.egg-link (link to .)
Installing client script to /workspace/ros2_ws/install/mi_accion/lib/mi_accion
Installing ej_client script to /workspace/ros2_ws/install/mi_accion/lib/mi_accion
Installing ej_server script to /workspace/ros2_ws/install/mi_accion/lib/mi_accion
Installing server script to /workspace/ros2_ws/install/mi_accion/lib/mi_accion

Installed /workspace/ros2_ws/build/mi_accion
running symlink_data
creating /workspace/ros2_ws/install/mi_accion/share/ament_index
creating /workspace/ros2_ws/install/mi_accion/share/ament_index/resource_index
creating /workspace/ros2_ws/install/mi_accion/share/ament_index/resource_index/packages
symbolically linking /workspace/ros2_ws/build/mi_accion/resource/mi_accion -> /workspace/ros2_ws/install/mi_accion/share/ament_index/resource_index/packages
symbolically linking /workspace/ros2_ws/build/mi_accion/package.xml -> /workspace/ros2_ws/install/mi_accion/share/mi_accion
creating /workspace/ros2_ws/install/mi_accion/share/mi_accion/launch
symbolically linking /workspace/ros2_ws/build/mi_accion/launch/launch_ejercicio4.py -> /workspace/ros2_ws/install/mi_accion/share/mi_accion/launch
symbolically linking /workspace/ros2_ws/build/mi_accion/launch/launch_ejercicio3.py -> /workspace/ros2_ws/install/mi_accion/share/mi_accion/launch
