running egg_info
creating ../build/servicio_suma/servicio_suma.egg-info
writing ../build/servicio_suma/servicio_suma.egg-info/PKG-INFO
writing dependency_links to ../build/servicio_suma/servicio_suma.egg-info/dependency_links.txt
writing entry points to ../build/servicio_suma/servicio_suma.egg-info/entry_points.txt
writing requirements to ../build/servicio_suma/servicio_suma.egg-info/requires.txt
writing top-level names to ../build/servicio_suma/servicio_suma.egg-info/top_level.txt
writing manifest file '../build/servicio_suma/servicio_suma.egg-info/SOURCES.txt'
reading manifest file '../build/servicio_suma/servicio_suma.egg-info/SOURCES.txt'
adding license file 'LICENSE'
writing manifest file '../build/servicio_suma/servicio_suma.egg-info/SOURCES.txt'
running build
running build_py
creating /workspace/ros2_ws/src/build/servicio_suma/build
creating /workspace/ros2_ws/src/build/servicio_suma/build/lib
creating /workspace/ros2_ws/src/build/servicio_suma/build/lib/servicio_suma
copying servicio_suma/add_two_ints_client.py -> /workspace/ros2_ws/src/build/servicio_suma/build/lib/servicio_suma
copying servicio_suma/add_two_ints_server.py -> /workspace/ros2_ws/src/build/servicio_suma/build/lib/servicio_suma
copying servicio_suma/__init__.py -> /workspace/ros2_ws/src/build/servicio_suma/build/lib/servicio_suma
running install
running install_lib
creating /workspace/ros2_ws/src/install/servicio_suma/lib/python3.10/site-packages/servicio_suma
copying /workspace/ros2_ws/src/build/servicio_suma/build/lib/servicio_suma/add_two_ints_client.py -> /workspace/ros2_ws/src/install/servicio_suma/lib/python3.10/site-packages/servicio_suma
copying /workspace/ros2_ws/src/build/servicio_suma/build/lib/servicio_suma/add_two_ints_server.py -> /workspace/ros2_ws/src/install/servicio_suma/lib/python3.10/site-packages/servicio_suma
copying /workspace/ros2_ws/src/build/servicio_suma/build/lib/servicio_suma/__init__.py -> /workspace/ros2_ws/src/install/servicio_suma/lib/python3.10/site-packages/servicio_suma
byte-compiling /workspace/ros2_ws/src/install/servicio_suma/lib/python3.10/site-packages/servicio_suma/add_two_ints_client.py to add_two_ints_client.cpython-310.pyc
byte-compiling /workspace/ros2_ws/src/install/servicio_suma/lib/python3.10/site-packages/servicio_suma/add_two_ints_server.py to add_two_ints_server.cpython-310.pyc
byte-compiling /workspace/ros2_ws/src/install/servicio_suma/lib/python3.10/site-packages/servicio_suma/__init__.py to __init__.cpython-310.pyc
running install_data
creating /workspace/ros2_ws/src/install/servicio_suma/share/ament_index
creating /workspace/ros2_ws/src/install/servicio_suma/share/ament_index/resource_index
creating /workspace/ros2_ws/src/install/servicio_suma/share/ament_index/resource_index/packages
copying resource/servicio_suma -> /workspace/ros2_ws/src/install/servicio_suma/share/ament_index/resource_index/packages
copying package.xml -> /workspace/ros2_ws/src/install/servicio_suma/share/servicio_suma
running install_egg_info
Copying ../build/servicio_suma/servicio_suma.egg-info to /workspace/ros2_ws/src/install/servicio_suma/lib/python3.10/site-packages/servicio_suma-0.0.0-py3.10.egg-info
running install_scripts
Installing client script to /workspace/ros2_ws/src/install/servicio_suma/lib/servicio_suma
Installing server script to /workspace/ros2_ws/src/install/servicio_suma/lib/servicio_suma
writing list of installed files to '/workspace/ros2_ws/src/build/servicio_suma/install.log'
