[0.372s] Invoking command in '/workspace/ros2_ws/src/servicio_suma': PYTHONPATH=/workspace/ros2_ws/src/build/servicio_suma/prefix_override:/usr/lib/python3/dist-packages/colcon_core/task/python/colcon_distutils_commands:/workspace/ros2_ws/src/install/servicio_suma/lib/python3.10/site-packages:${PYTHONPATH} /usr/bin/python3 -W ignore:setup.py install is deprecated -W ignore:easy_install command is deprecated setup.py egg_info --egg-base ../build/servicio_suma build --build-base /workspace/ros2_ws/src/build/servicio_suma/build install --record /workspace/ros2_ws/src/build/servicio_suma/install.log --single-version-externally-managed install_data
[0.507s] running egg_info
[0.507s] creating ../build/servicio_suma/servicio_suma.egg-info
[0.507s] writing ../build/servicio_suma/servicio_suma.egg-info/PKG-INFO
[0.507s] writing dependency_links to ../build/servicio_suma/servicio_suma.egg-info/dependency_links.txt
[0.507s] writing entry points to ../build/servicio_suma/servicio_suma.egg-info/entry_points.txt
[0.507s] writing requirements to ../build/servicio_suma/servicio_suma.egg-info/requires.txt
[0.507s] writing top-level names to ../build/servicio_suma/servicio_suma.egg-info/top_level.txt
[0.508s] writing manifest file '../build/servicio_suma/servicio_suma.egg-info/SOURCES.txt'
[0.509s] reading manifest file '../build/servicio_suma/servicio_suma.egg-info/SOURCES.txt'
[0.509s] adding license file 'LICENSE'
[0.509s] writing manifest file '../build/servicio_suma/servicio_suma.egg-info/SOURCES.txt'
[0.509s] running build
[0.509s] running build_py
[0.509s] creating /workspace/ros2_ws/src/build/servicio_suma/build
[0.509s] creating /workspace/ros2_ws/src/build/servicio_suma/build/lib
[0.509s] creating /workspace/ros2_ws/src/build/servicio_suma/build/lib/servicio_suma
[0.509s] copying servicio_suma/add_two_ints_client.py -> /workspace/ros2_ws/src/build/servicio_suma/build/lib/servicio_suma
[0.509s] copying servicio_suma/add_two_ints_server.py -> /workspace/ros2_ws/src/build/servicio_suma/build/lib/servicio_suma
[0.509s] copying servicio_suma/__init__.py -> /workspace/ros2_ws/src/build/servicio_suma/build/lib/servicio_suma
[0.509s] running install
[0.509s] running install_lib
[0.510s] creating /workspace/ros2_ws/src/install/servicio_suma/lib/python3.10/site-packages/servicio_suma
[0.510s] copying /workspace/ros2_ws/src/build/servicio_suma/build/lib/servicio_suma/add_two_ints_client.py -> /workspace/ros2_ws/src/install/servicio_suma/lib/python3.10/site-packages/servicio_suma
[0.510s] copying /workspace/ros2_ws/src/build/servicio_suma/build/lib/servicio_suma/add_two_ints_server.py -> /workspace/ros2_ws/src/install/servicio_suma/lib/python3.10/site-packages/servicio_suma
[0.510s] copying /workspace/ros2_ws/src/build/servicio_suma/build/lib/servicio_suma/__init__.py -> /workspace/ros2_ws/src/install/servicio_suma/lib/python3.10/site-packages/servicio_suma
[0.510s] byte-compiling /workspace/ros2_ws/src/install/servicio_suma/lib/python3.10/site-packages/servicio_suma/add_two_ints_client.py to add_two_ints_client.cpython-310.pyc
[0.511s] byte-compiling /workspace/ros2_ws/src/install/servicio_suma/lib/python3.10/site-packages/servicio_suma/add_two_ints_server.py to add_two_ints_server.cpython-310.pyc
[0.511s] byte-compiling /workspace/ros2_ws/src/install/servicio_suma/lib/python3.10/site-packages/servicio_suma/__init__.py to __init__.cpython-310.pyc
[0.511s] running install_data
[0.511s] creating /workspace/ros2_ws/src/install/servicio_suma/share/ament_index
[0.511s] creating /workspace/ros2_ws/src/install/servicio_suma/share/ament_index/resource_index
[0.511s] creating /workspace/ros2_ws/src/install/servicio_suma/share/ament_index/resource_index/packages
[0.511s] copying resource/servicio_suma -> /workspace/ros2_ws/src/install/servicio_suma/share/ament_index/resource_index/packages
[0.511s] copying package.xml -> /workspace/ros2_ws/src/install/servicio_suma/share/servicio_suma
[0.511s] running install_egg_info
[0.513s] Copying ../build/servicio_suma/servicio_suma.egg-info to /workspace/ros2_ws/src/install/servicio_suma/lib/python3.10/site-packages/servicio_suma-0.0.0-py3.10.egg-info
[0.514s] running install_scripts
[0.526s] Installing client script to /workspace/ros2_ws/src/install/servicio_suma/lib/servicio_suma
[0.527s] Installing server script to /workspace/ros2_ws/src/install/servicio_suma/lib/servicio_suma
[0.527s] writing list of installed files to '/workspace/ros2_ws/src/build/servicio_suma/install.log'
[0.541s] Invoked command in '/workspace/ros2_ws/src/servicio_suma' returned '0': PYTHONPATH=/workspace/ros2_ws/src/build/servicio_suma/prefix_override:/usr/lib/python3/dist-packages/colcon_core/task/python/colcon_distutils_commands:/workspace/ros2_ws/src/install/servicio_suma/lib/python3.10/site-packages:${PYTHONPATH} /usr/bin/python3 -W ignore:setup.py install is deprecated -W ignore:easy_install command is deprecated setup.py egg_info --egg-base ../build/servicio_suma build --build-base /workspace/ros2_ws/src/build/servicio_suma/build install --record /workspace/ros2_ws/src/build/servicio_suma/install.log --single-version-externally-managed install_data
