[0.374s] Invoking command in '/workspace/ros2_ws/src/primer_paquete': CMAKE_PREFIX_PATH=/workspace/ros2_ws/src/install/interfaz:/workspace/ros2_ws/src/interfaz/install/interfaz:/workspace/ros2_ws/install/vicpaq:/workspace/ros2_ws/src/install/interfaz_servicio_suma:/workspace/ros2_ws/install/interfaz_servicio_suma PYTHONPATH=/workspace/ros2_ws/src/build/primer_paquete/prefix_override:/usr/lib/python3/dist-packages/colcon_core/task/python/colcon_distutils_commands:/workspace/ros2_ws/src/install/primer_paquete/lib/python3.10/site-packages:${PYTHONPATH} /usr/bin/python3 -W ignore:setup.py install is deprecated -W ignore:easy_install command is deprecated setup.py egg_info --egg-base ../build/primer_paquete build --build-base /workspace/ros2_ws/src/build/primer_paquete/build install --record /workspace/ros2_ws/src/build/primer_paquete/install.log --single-version-externally-managed install_data
[0.513s] running egg_info
[0.513s] writing ../build/primer_paquete/primer_paquete.egg-info/PKG-INFO
[0.513s] writing dependency_links to ../build/primer_paquete/primer_paquete.egg-info/dependency_links.txt
[0.514s] writing entry points to ../build/primer_paquete/primer_paquete.egg-info/entry_points.txt
[0.514s] writing requirements to ../build/primer_paquete/primer_paquete.egg-info/requires.txt
[0.514s] writing top-level names to ../build/primer_paquete/primer_paquete.egg-info/top_level.txt
[0.514s] reading manifest file '../build/primer_paquete/primer_paquete.egg-info/SOURCES.txt'
[0.515s] adding license file 'LICENSE'
[0.515s] writing manifest file '../build/primer_paquete/primer_paquete.egg-info/SOURCES.txt'
[0.515s] running build
[0.515s] running build_py
[0.515s] running install
[0.515s] running install_lib
[0.516s] running install_data
[0.516s] copying package.xml -> /workspace/ros2_ws/src/install/primer_paquete/share/primer_paquete
[0.516s] running install_egg_info
[0.518s] removing '/workspace/ros2_ws/src/install/primer_paquete/lib/python3.10/site-packages/primer_paquete-0.0.0-py3.10.egg-info' (and everything under it)
[0.518s] Copying ../build/primer_paquete/primer_paquete.egg-info to /workspace/ros2_ws/src/install/primer_paquete/lib/python3.10/site-packages/primer_paquete-0.0.0-py3.10.egg-info
[0.518s] running install_scripts
[0.531s] Installing client script to /workspace/ros2_ws/src/install/primer_paquete/lib/primer_paquete
[0.531s] Installing server script to /workspace/ros2_ws/src/install/primer_paquete/lib/primer_paquete
[0.531s] writing list of installed files to '/workspace/ros2_ws/src/build/primer_paquete/install.log'
[0.546s] Invoked command in '/workspace/ros2_ws/src/primer_paquete' returned '0': CMAKE_PREFIX_PATH=/workspace/ros2_ws/src/install/interfaz:/workspace/ros2_ws/src/interfaz/install/interfaz:/workspace/ros2_ws/install/vicpaq:/workspace/ros2_ws/src/install/interfaz_servicio_suma:/workspace/ros2_ws/install/interfaz_servicio_suma PYTHONPATH=/workspace/ros2_ws/src/build/primer_paquete/prefix_override:/usr/lib/python3/dist-packages/colcon_core/task/python/colcon_distutils_commands:/workspace/ros2_ws/src/install/primer_paquete/lib/python3.10/site-packages:${PYTHONPATH} /usr/bin/python3 -W ignore:setup.py install is deprecated -W ignore:easy_install command is deprecated setup.py egg_info --egg-base ../build/primer_paquete build --build-base /workspace/ros2_ws/src/build/primer_paquete/build install --record /workspace/ros2_ws/src/build/primer_paquete/install.log --single-version-externally-managed install_data
