[5.255s] Invoking command in '/workspace/ros2_ws/src/mi_accion': PYTHONPATH=/workspace/ros2_ws/build/mi_accion/prefix_override:/usr/lib/python3/dist-packages/colcon_core/task/python/colcon_distutils_commands:/workspace/ros2_ws/install/mi_accion/lib/python3.10/site-packages:${PYTHONPATH} /usr/bin/python3 -W ignore:setup.py install is deprecated -W ignore:easy_install command is deprecated setup.py egg_info --egg-base ../../build/mi_accion build --build-base /workspace/ros2_ws/build/mi_accion/build install --record /workspace/ros2_ws/build/mi_accion/install.log --single-version-externally-managed install_data
[5.860s] running egg_info
[5.863s] writing ../../build/mi_accion/mi_accion.egg-info/PKG-INFO
[5.864s] writing dependency_links to ../../build/mi_accion/mi_accion.egg-info/dependency_links.txt
[5.865s] writing entry points to ../../build/mi_accion/mi_accion.egg-info/entry_points.txt
[5.865s] writing requirements to ../../build/mi_accion/mi_accion.egg-info/requires.txt
[5.865s] writing top-level names to ../../build/mi_accion/mi_accion.egg-info/top_level.txt
[5.869s] reading manifest file '../../build/mi_accion/mi_accion.egg-info/SOURCES.txt'
[5.871s] adding license file 'LICENSE'
[5.874s] writing manifest file '../../build/mi_accion/mi_accion.egg-info/SOURCES.txt'
[5.874s] running build
[5.875s] running build_py
[5.876s] running install
[5.877s] running install_lib
[5.884s] running install_data
[5.884s] running install_egg_info
[5.890s] removing '/workspace/ros2_ws/install/mi_accion/lib/python3.10/site-packages/mi_accion-0.0.0-py3.10.egg-info' (and everything under it)
[5.893s] Copying ../../build/mi_accion/mi_accion.egg-info to /workspace/ros2_ws/install/mi_accion/lib/python3.10/site-packages/mi_accion-0.0.0-py3.10.egg-info
[5.895s] running install_scripts
[5.939s] Installing client script to /workspace/ros2_ws/install/mi_accion/lib/mi_accion
[5.942s] Installing ej_client script to /workspace/ros2_ws/install/mi_accion/lib/mi_accion
[5.942s] Installing ej_server script to /workspace/ros2_ws/install/mi_accion/lib/mi_accion
[5.942s] Installing server script to /workspace/ros2_ws/install/mi_accion/lib/mi_accion
[5.943s] writing list of installed files to '/workspace/ros2_ws/build/mi_accion/install.log'
[6.408s] Invoked command in '/workspace/ros2_ws/src/mi_accion' returned '0': PYTHONPATH=/workspace/ros2_ws/build/mi_accion/prefix_override:/usr/lib/python3/dist-packages/colcon_core/task/python/colcon_distutils_commands:/workspace/ros2_ws/install/mi_accion/lib/python3.10/site-packages:${PYTHONPATH} /usr/bin/python3 -W ignore:setup.py install is deprecated -W ignore:easy_install command is deprecated setup.py egg_info --egg-base ../../build/mi_accion build --build-base /workspace/ros2_ws/build/mi_accion/build install --record /workspace/ros2_ws/build/mi_accion/install.log --single-version-externally-managed install_data
