[1.677s] Invoking command in '/workspace/ros2_ws/src/paquete1': PYTHONPATH=/workspace/ros2_ws/src/build/paquete1/prefix_override:/usr/lib/python3/dist-packages/colcon_core/task/python/colcon_distutils_commands:/workspace/ros2_ws/src/install/paquete1/lib/python3.10/site-packages:${PYTHONPATH} /usr/bin/python3 -W ignore:setup.py install is deprecated -W ignore:easy_install command is deprecated setup.py egg_info --egg-base ../build/paquete1 build --build-base /workspace/ros2_ws/src/build/paquete1/build install --record /workspace/ros2_ws/src/build/paquete1/install.log --single-version-externally-managed install_data
[2.091s] running egg_info
[2.091s] writing ../build/paquete1/paquete1.egg-info/PKG-INFO
[2.092s] writing dependency_links to ../build/paquete1/paquete1.egg-info/dependency_links.txt
[2.092s] writing entry points to ../build/paquete1/paquete1.egg-info/entry_points.txt
[2.092s] writing requirements to ../build/paquete1/paquete1.egg-info/requires.txt
[2.092s] writing top-level names to ../build/paquete1/paquete1.egg-info/top_level.txt
[2.095s] reading manifest file '../build/paquete1/paquete1.egg-info/SOURCES.txt'
[2.096s] adding license file 'LICENSE'
[2.097s] writing manifest file '../build/paquete1/paquete1.egg-info/SOURCES.txt'
[2.097s] running build
[2.097s] running build_py
[2.097s] running install
[2.102s] running install_lib
[2.103s] running install_data
[2.105s] running install_egg_info
[2.108s] removing '/workspace/ros2_ws/src/install/paquete1/lib/python3.10/site-packages/paquete1-0.0.0-py3.10.egg-info' (and everything under it)
[2.109s] Copying ../build/paquete1/paquete1.egg-info to /workspace/ros2_ws/src/install/paquete1/lib/python3.10/site-packages/paquete1-0.0.0-py3.10.egg-info
[2.116s] running install_scripts
[2.150s] writing list of installed files to '/workspace/ros2_ws/src/build/paquete1/install.log'
[2.185s] Invoked command in '/workspace/ros2_ws/src/paquete1' returned '0': PYTHONPATH=/workspace/ros2_ws/src/build/paquete1/prefix_override:/usr/lib/python3/dist-packages/colcon_core/task/python/colcon_distutils_commands:/workspace/ros2_ws/src/install/paquete1/lib/python3.10/site-packages:${PYTHONPATH} /usr/bin/python3 -W ignore:setup.py install is deprecated -W ignore:easy_install command is deprecated setup.py egg_info --egg-base ../build/paquete1 build --build-base /workspace/ros2_ws/src/build/paquete1/build install --record /workspace/ros2_ws/src/build/paquete1/install.log --single-version-externally-managed install_data
