running develop
Removing /workspace/ros2_ws/install/recolector_pkg/lib/python3.10/site-packages/recolector-pkg.egg-link (link to .)
running egg_info
writing ../../build/recolector_pkg/recolector_pkg.egg-info/PKG-INFO
writing dependency_links to ../../build/recolector_pkg/recolector_pkg.egg-info/dependency_links.txt
writing entry points to ../../build/recolector_pkg/recolector_pkg.egg-info/entry_points.txt
writing requirements to ../../build/recolector_pkg/recolector_pkg.egg-info/requires.txt
writing top-level names to ../../build/recolector_pkg/recolector_pkg.egg-info/top_level.txt
reading manifest file '../../build/recolector_pkg/recolector_pkg.egg-info/SOURCES.txt'
writing manifest file '../../build/recolector_pkg/recolector_pkg.egg-info/SOURCES.txt'
running build
running build_py
creating /workspace/ros2_ws/build/recolector_pkg/build
creating /workspace/ros2_ws/build/recolector_pkg/build/lib
creating /workspace/ros2_ws/build/recolector_pkg/build/lib/recolector_pkg
copying recolector_pkg/nodo_recolector.py -> /workspace/ros2_ws/build/recolector_pkg/build/lib/recolector_pkg
copying recolector_pkg/__init__.py -> /workspace/ros2_ws/build/recolector_pkg/build/lib/recolector_pkg
running install
running install_lib
creating /workspace/ros2_ws/install/recolector_pkg/lib/python3.10/site-packages/recolector_pkg
copying /workspace/ros2_ws/build/recolector_pkg/build/lib/recolector_pkg/nodo_recolector.py -> /workspace/ros2_ws/install/recolector_pkg/lib/python3.10/site-packages/recolector_pkg
copying /workspace/ros2_ws/build/recolector_pkg/build/lib/recolector_pkg/__init__.py -> /workspace/ros2_ws/install/recolector_pkg/lib/python3.10/site-packages/recolector_pkg
byte-compiling /workspace/ros2_ws/install/recolector_pkg/lib/python3.10/site-packages/recolector_pkg/nodo_recolector.py to nodo_recolector.cpython-310.pyc
byte-compiling /workspace/ros2_ws/install/recolector_pkg/lib/python3.10/site-packages/recolector_pkg/__init__.py to __init__.cpython-310.pyc
running install_data
copying resource/recolector_pkg -> /workspace/ros2_ws/install/recolector_pkg/share/ament_index/resource_index/packages
copying package.xml -> /workspace/ros2_ws/install/recolector_pkg/share/recolector_pkg
copying launch/recolector.launch.py -> /workspace/ros2_ws/install/recolector_pkg/share/recolector_pkg/launch
copying worlds/huerto.world -> /workspace/ros2_ws/install/recolector_pkg/share/recolector_pkg/worlds
running install_egg_info
Copying ../../build/recolector_pkg/recolector_pkg.egg-info to /workspace/ros2_ws/install/recolector_pkg/lib/python3.10/site-packages/recolector_pkg-0.0.0-py3.10.egg-info
running install_scripts
Installing recolector script to /workspace/ros2_ws/install/recolector_pkg/lib/recolector_pkg
writing list of installed files to '/workspace/ros2_ws/build/recolector_pkg/install.log'
