[0.496s] Invoking command in '/workspace/ros2_ws/build/recolector_pkg': PYTHONPATH=/workspace/ros2_ws/build/recolector_pkg/prefix_override:/usr/lib/python3/dist-packages/colcon_core/task/python/colcon_distutils_commands:/workspace/ros2_ws/install/recolector_pkg/lib/python3.10/site-packages:${PYTHONPATH} /usr/bin/python3 -W ignore:setup.py install is deprecated -W ignore:easy_install command is deprecated setup.py develop --uninstall --editable --build-directory /workspace/ros2_ws/build/recolector_pkg/build
[0.674s] running develop
[0.771s] Removing /workspace/ros2_ws/install/recolector_pkg/lib/python3.10/site-packages/recolector-pkg.egg-link (link to .)
[0.788s] Invoked command in '/workspace/ros2_ws/build/recolector_pkg' returned '0': PYTHONPATH=/workspace/ros2_ws/build/recolector_pkg/prefix_override:/usr/lib/python3/dist-packages/colcon_core/task/python/colcon_distutils_commands:/workspace/ros2_ws/install/recolector_pkg/lib/python3.10/site-packages:${PYTHONPATH} /usr/bin/python3 -W ignore:setup.py install is deprecated -W ignore:easy_install command is deprecated setup.py develop --uninstall --editable --build-directory /workspace/ros2_ws/build/recolector_pkg/build
[0.788s] Invoking command in '/workspace/ros2_ws/src/recolector_pkg': PYTHONPATH=/workspace/ros2_ws/build/recolector_pkg/prefix_override:/usr/lib/python3/dist-packages/colcon_core/task/python/colcon_distutils_commands:/workspace/ros2_ws/install/recolector_pkg/lib/python3.10/site-packages:${PYTHONPATH} /usr/bin/python3 -W ignore:setup.py install is deprecated -W ignore:easy_install command is deprecated setup.py egg_info --egg-base ../../build/recolector_pkg build --build-base /workspace/ros2_ws/build/recolector_pkg/build install --record /workspace/ros2_ws/build/recolector_pkg/install.log --single-version-externally-managed install_data --force
[0.945s] running egg_info
[0.945s] writing ../../build/recolector_pkg/recolector_pkg.egg-info/PKG-INFO
[0.946s] writing dependency_links to ../../build/recolector_pkg/recolector_pkg.egg-info/dependency_links.txt
[0.946s] writing entry points to ../../build/recolector_pkg/recolector_pkg.egg-info/entry_points.txt
[0.946s] writing requirements to ../../build/recolector_pkg/recolector_pkg.egg-info/requires.txt
[0.946s] writing top-level names to ../../build/recolector_pkg/recolector_pkg.egg-info/top_level.txt
[0.947s] reading manifest file '../../build/recolector_pkg/recolector_pkg.egg-info/SOURCES.txt'
[0.949s] writing manifest file '../../build/recolector_pkg/recolector_pkg.egg-info/SOURCES.txt'
[0.949s] running build
[0.949s] running build_py
[0.949s] creating /workspace/ros2_ws/build/recolector_pkg/build
[0.949s] creating /workspace/ros2_ws/build/recolector_pkg/build/lib
[0.949s] creating /workspace/ros2_ws/build/recolector_pkg/build/lib/recolector_pkg
[0.949s] copying recolector_pkg/nodo_recolector.py -> /workspace/ros2_ws/build/recolector_pkg/build/lib/recolector_pkg
[0.949s] copying recolector_pkg/__init__.py -> /workspace/ros2_ws/build/recolector_pkg/build/lib/recolector_pkg
[0.950s] running install
[0.950s] running install_lib
[0.950s] creating /workspace/ros2_ws/install/recolector_pkg/lib/python3.10/site-packages/recolector_pkg
[0.950s] copying /workspace/ros2_ws/build/recolector_pkg/build/lib/recolector_pkg/nodo_recolector.py -> /workspace/ros2_ws/install/recolector_pkg/lib/python3.10/site-packages/recolector_pkg
[0.950s] copying /workspace/ros2_ws/build/recolector_pkg/build/lib/recolector_pkg/__init__.py -> /workspace/ros2_ws/install/recolector_pkg/lib/python3.10/site-packages/recolector_pkg
[0.950s] byte-compiling /workspace/ros2_ws/install/recolector_pkg/lib/python3.10/site-packages/recolector_pkg/nodo_recolector.py to nodo_recolector.cpython-310.pyc
[0.951s] byte-compiling /workspace/ros2_ws/install/recolector_pkg/lib/python3.10/site-packages/recolector_pkg/__init__.py to __init__.cpython-310.pyc
[0.951s] running install_data
[0.951s] copying resource/recolector_pkg -> /workspace/ros2_ws/install/recolector_pkg/share/ament_index/resource_index/packages
[0.951s] copying package.xml -> /workspace/ros2_ws/install/recolector_pkg/share/recolector_pkg
[0.951s] copying launch/recolector.launch.py -> /workspace/ros2_ws/install/recolector_pkg/share/recolector_pkg/launch
[0.952s] copying worlds/huerto.world -> /workspace/ros2_ws/install/recolector_pkg/share/recolector_pkg/worlds
[0.952s] running install_egg_info
[0.954s] Copying ../../build/recolector_pkg/recolector_pkg.egg-info to /workspace/ros2_ws/install/recolector_pkg/lib/python3.10/site-packages/recolector_pkg-0.0.0-py3.10.egg-info
[0.955s] running install_scripts
[0.968s] Installing recolector script to /workspace/ros2_ws/install/recolector_pkg/lib/recolector_pkg
[0.969s] writing list of installed files to '/workspace/ros2_ws/build/recolector_pkg/install.log'
[0.983s] Invoked command in '/workspace/ros2_ws/src/recolector_pkg' returned '0': PYTHONPATH=/workspace/ros2_ws/build/recolector_pkg/prefix_override:/usr/lib/python3/dist-packages/colcon_core/task/python/colcon_distutils_commands:/workspace/ros2_ws/install/recolector_pkg/lib/python3.10/site-packages:${PYTHONPATH} /usr/bin/python3 -W ignore:setup.py install is deprecated -W ignore:easy_install command is deprecated setup.py egg_info --egg-base ../../build/recolector_pkg build --build-base /workspace/ros2_ws/build/recolector_pkg/build install --record /workspace/ros2_ws/build/recolector_pkg/install.log --single-version-externally-managed install_data --force
