[0.372s] Invoking command in '/workspace/ros2_ws/src/primer_paquete': PYTHONPATH=/workspace/ros2_ws/src/primer_paquete/build/primer_paquete/prefix_override:/usr/lib/python3/dist-packages/colcon_core/task/python/colcon_distutils_commands:/workspace/ros2_ws/src/primer_paquete/install/primer_paquete/lib/python3.10/site-packages:${PYTHONPATH} /usr/bin/python3 -W ignore:setup.py install is deprecated -W ignore:easy_install command is deprecated setup.py egg_info --egg-base build/primer_paquete build --build-base /workspace/ros2_ws/src/primer_paquete/build/primer_paquete/build install --record /workspace/ros2_ws/src/primer_paquete/build/primer_paquete/install.log --single-version-externally-managed install_data
[0.510s] running egg_info
[0.510s] creating build/primer_paquete/primer_paquete.egg-info
[0.511s] writing build/primer_paquete/primer_paquete.egg-info/PKG-INFO
[0.511s] writing dependency_links to build/primer_paquete/primer_paquete.egg-info/dependency_links.txt
[0.511s] writing entry points to build/primer_paquete/primer_paquete.egg-info/entry_points.txt
[0.511s] writing requirements to build/primer_paquete/primer_paquete.egg-info/requires.txt
[0.511s] writing top-level names to build/primer_paquete/primer_paquete.egg-info/top_level.txt
[0.511s] writing manifest file 'build/primer_paquete/primer_paquete.egg-info/SOURCES.txt'
[0.512s] reading manifest file 'build/primer_paquete/primer_paquete.egg-info/SOURCES.txt'
[0.512s] adding license file 'LICENSE'
[0.513s] writing manifest file 'build/primer_paquete/primer_paquete.egg-info/SOURCES.txt'
[0.513s] running build
[0.513s] running build_py
[0.513s] creating /workspace/ros2_ws/src/primer_paquete/build/primer_paquete/build
[0.513s] creating /workspace/ros2_ws/src/primer_paquete/build/primer_paquete/build/lib
[0.513s] creating /workspace/ros2_ws/src/primer_paquete/build/primer_paquete/build/lib/primer_paquete
[0.513s] copying primer_paquete/__init__.py -> /workspace/ros2_ws/src/primer_paquete/build/primer_paquete/build/lib/primer_paquete
[0.513s] running install
[0.513s] running install_lib
[0.514s] creating /workspace/ros2_ws/src/primer_paquete/install/primer_paquete/lib/python3.10/site-packages/primer_paquete
[0.514s] copying /workspace/ros2_ws/src/primer_paquete/build/primer_paquete/build/lib/primer_paquete/__init__.py -> /workspace/ros2_ws/src/primer_paquete/install/primer_paquete/lib/python3.10/site-packages/primer_paquete
[0.514s] byte-compiling /workspace/ros2_ws/src/primer_paquete/install/primer_paquete/lib/python3.10/site-packages/primer_paquete/__init__.py to __init__.cpython-310.pyc
[0.514s] running install_data
[0.515s] creating /workspace/ros2_ws/src/primer_paquete/install/primer_paquete/share/ament_index
[0.515s] creating /workspace/ros2_ws/src/primer_paquete/install/primer_paquete/share/ament_index/resource_index
[0.515s] creating /workspace/ros2_ws/src/primer_paquete/install/primer_paquete/share/ament_index/resource_index/packages
[0.515s] copying resource/primer_paquete -> /workspace/ros2_ws/src/primer_paquete/install/primer_paquete/share/ament_index/resource_index/packages
[0.515s] copying package.xml -> /workspace/ros2_ws/src/primer_paquete/install/primer_paquete/share/primer_paquete
[0.515s] running install_egg_info
[0.517s] Copying build/primer_paquete/primer_paquete.egg-info to /workspace/ros2_ws/src/primer_paquete/install/primer_paquete/lib/python3.10/site-packages/primer_paquete-0.0.0-py3.10.egg-info
[0.517s] running install_scripts
[0.530s] Installing client script to /workspace/ros2_ws/src/primer_paquete/install/primer_paquete/lib/primer_paquete
[0.530s] Installing server script to /workspace/ros2_ws/src/primer_paquete/install/primer_paquete/lib/primer_paquete
[0.530s] writing list of installed files to '/workspace/ros2_ws/src/primer_paquete/build/primer_paquete/install.log'
[0.544s] Invoked command in '/workspace/ros2_ws/src/primer_paquete' returned '0': PYTHONPATH=/workspace/ros2_ws/src/primer_paquete/build/primer_paquete/prefix_override:/usr/lib/python3/dist-packages/colcon_core/task/python/colcon_distutils_commands:/workspace/ros2_ws/src/primer_paquete/install/primer_paquete/lib/python3.10/site-packages:${PYTHONPATH} /usr/bin/python3 -W ignore:setup.py install is deprecated -W ignore:easy_install command is deprecated setup.py egg_info --egg-base build/primer_paquete build --build-base /workspace/ros2_ws/src/primer_paquete/build/primer_paquete/build install --record /workspace/ros2_ws/src/primer_paquete/build/primer_paquete/install.log --single-version-externally-managed install_data
