[0.081s] Invoking command in '/workspace/ros2_ws/src/build/turtlebot3_gazebo': CMAKE_PREFIX_PATH=${CMAKE_PREFIX_PATH}:/workspace/ros2_ws/src/install/servicio_suma:/workspace/ros2_ws/src/install/primer_paquete:/workspace/ros2_ws/src/install/paquete1:/workspace/ros2_ws/src/install/mi_accion:/workspace/ros2_ws/src/install/maze_pkg:/workspace/ros2_ws/install/turtlebot3_teleop:/workspace/ros2_ws/install/turtlebot3_example:/workspace/ros2_ws/install/servicio_suma:/workspace/ros2_ws/install/service_temp:/workspace/ros2_ws/install/primer_paquete:/workspace/ros2_ws/install/paquete1:/workspace/ros2_ws/install/p3_pkg:/workspace/ros2_ws/install/p2pkg:/workspace/ros2_ws/install/mi_accion:/workspace/ros2_ws/install/battery_act:/workspace/install/servicio_suma:/opt/ros/humble /usr/bin/cmake /workspace/ros2_ws/src/turtlebot3_simulations/turtlebot3_gazebo -DCMAKE_INSTALL_PREFIX=/workspace/ros2_ws/src/install/turtlebot3_gazebo
[1.294s] -- The C compiler identification is GNU 11.4.0
[1.294s] -- The CXX compiler identification is GNU 11.4.0
[1.295s] -- Detecting C compiler ABI info
[1.295s] -- Detecting C compiler ABI info - done
[1.295s] -- Check for working C compiler: /usr/bin/cc - skipped
[1.295s] -- Detecting C compile features
[1.295s] -- Detecting C compile features - done
[1.295s] -- Detecting CXX compiler ABI info
[1.295s] -- Detecting CXX compiler ABI info - done
[1.295s] -- Check for working CXX compiler: /usr/bin/c++ - skipped
[1.295s] -- Detecting CXX compile features
[1.295s] -- Detecting CXX compile features - done
[1.295s] -- Found ament_cmake: 1.3.12 (/opt/ros/humble/share/ament_cmake/cmake)
[1.295s] -- Found Python3: /usr/bin/python3 (found version "3.10.12") found components: Interpreter 
[1.296s] -- Found PkgConfig: /usr/bin/pkg-config (found version "0.29.2") 
[1.296s] -- Checking for module 'bullet>=2.82'
[1.296s] --   Found bullet, version 3.05
[1.296s] [33mCMake Warning (dev) at /usr/share/cmake-3.22/Modules/FindPackageHandleStandardArgs.cmake:438 (message):
[1.296s]   The package name passed to `find_package_handle_standard_args` (PkgConfig)
[1.296s]   does not match the name of the calling package (gazebo).  This can lead to
[1.296s]   problems in calling code that expects `find_package` result variables
[1.296s]   (e.g., `_FOUND`) to follow a certain pattern.
[1.296s] Call Stack (most recent call first):
[1.296s]   /usr/share/cmake-3.22/Modules/FindPkgConfig.cmake:99 (find_package_handle_standard_args)
[1.296s]   /usr/lib/x86_64-linux-gnu/cmake/gazebo/gazebo-config.cmake:72 (include)
[1.296s]   CMakeLists.txt:23 (find_package)
[1.297s] This warning is for project developers.  Use -Wno-dev to suppress it.
[1.297s] [0m
[1.344s] -- Found fcl: /usr/include (found suitable version "0.7.0", minimum required is "0.5.0") 
[1.399s] -- Found assimp: /usr/include (found version "5.2.0") 
[1.444s] -- Found DART: /usr/include (Required is at least version "6.6") found components: dart 
[1.717s] -- Found Boost: /usr/lib/x86_64-linux-gnu/cmake/Boost-1.74.0/BoostConfig.cmake (found suitable version "1.74.0", minimum required is "1.40.0") found components: thread system filesystem program_options regex iostreams date_time 
[1.751s] -- Found Protobuf: /usr/lib/x86_64-linux-gnu/libprotobuf.so (found version "3.12.4") 
[1.775s] -- Looking for ignition-math6 -- found version 6.15.1
[1.795s] -- Searching for dependencies of ignition-math6
[1.800s] -- Looking for OGRE...
[1.800s] -- OGRE_PREFIX_WATCH changed.
[1.807s] -- Checking for module 'OGRE'
[1.828s] --   Found OGRE, version 1.9.0
[1.874s] -- Found Ogre Ghadamon (1.9.0)
[1.895s] -- Found OGRE: optimized;/usr/lib/x86_64-linux-gnu/libOgreMain.so;debug;/usr/lib/x86_64-linux-gnu/libOgreMain.so
[1.909s] -- Looking for OGRE_Paging...
[1.921s] -- Found OGRE_Paging: optimized;/usr/lib/x86_64-linux-gnu/libOgrePaging.so;debug;/usr/lib/x86_64-linux-gnu/libOgrePaging.so
[1.921s] -- Looking for OGRE_Terrain...
[1.932s] -- Found OGRE_Terrain: optimized;/usr/lib/x86_64-linux-gnu/libOgreTerrain.so;debug;/usr/lib/x86_64-linux-gnu/libOgreTerrain.so
[1.932s] -- Looking for OGRE_Property...
[1.943s] -- Found OGRE_Property: optimized;/usr/lib/x86_64-linux-gnu/libOgreProperty.so;debug;/usr/lib/x86_64-linux-gnu/libOgreProperty.so
[1.943s] -- Looking for OGRE_RTShaderSystem...
[1.954s] -- Found OGRE_RTShaderSystem: optimized;/usr/lib/x86_64-linux-gnu/libOgreRTShaderSystem.so;debug;/usr/lib/x86_64-linux-gnu/libOgreRTShaderSystem.so
[1.954s] -- Looking for OGRE_Volume...
[1.966s] -- Found OGRE_Volume: optimized;/usr/lib/x86_64-linux-gnu/libOgreVolume.so;debug;/usr/lib/x86_64-linux-gnu/libOgreVolume.so
[1.966s] -- Looking for OGRE_Overlay...
[1.978s] -- Found OGRE_Overlay: optimized;/usr/lib/x86_64-linux-gnu/libOgreOverlay.so;debug;/usr/lib/x86_64-linux-gnu/libOgreOverlay.so
[2.200s] -- Looking for ignition-math6 -- found version 6.15.1
[2.211s] -- Looking for ignition-transport8 -- found version 8.2.1
[2.212s] -- Searching for dependencies of ignition-transport8
[2.252s] -- Found Protobuf: /usr/lib/x86_64-linux-gnu/libprotobuf.so (found suitable version "3.12.4", minimum required is "3") 
[2.282s] -- Config-file not installed for ZeroMQ -- checking for pkg-config
[2.291s] -- Checking for module 'libzmq >= 4'
[2.313s] --   Found libzmq , version 4.3.4
[2.365s] -- Found ZeroMQ: TRUE (Required is at least version "4") 
[2.373s] -- Checking for module 'uuid'
[2.396s] --   Found uuid, version 2.37.2
[2.447s] -- Found UUID: TRUE  
[2.456s] -- Looking for ignition-msgs5 -- found version 5.8.1
[2.460s] -- Searching for dependencies of ignition-msgs5
[2.496s] -- Looking for ignition-math6 -- found version 6.15.1
[2.504s] -- Checking for module 'tinyxml2'
[2.527s] --   Found tinyxml2, version 9.0.0
[2.592s] -- Looking for ignition-msgs5 -- found version 5.8.1
[2.606s] -- Looking for ignition-common3 -- found version 3.14.0
[2.606s] -- Searching for dependencies of ignition-common3
[2.607s] -- Looking for dlfcn.h - found
[2.608s] -- Looking for libdl - found
[2.612s] -- Found DL: TRUE  
[2.657s] -- Found tinyobjloader: /usr/lib/x86_64-linux-gnu/cmake/tinyobjloader/tinyobjloader-config.cmake (found version "2.0.0") 
[2.662s] -- Searching for <ignition-common3> component [graphics]
[2.680s] -- Looking for ignition-common3-graphics -- found version 3.14.0
[2.681s] -- Searching for dependencies of ignition-common3-graphics
[2.682s] -- Looking for ignition-math6 -- found version 6.15.1
[2.703s] -- Looking for ignition-fuel_tools4 -- found version 4.4.0
[2.705s] -- Searching for dependencies of ignition-fuel_tools4
[2.878s] -- Found CURL: /usr/lib/x86_64-linux-gnu/libcurl.so (found version "7.81.0")  
[2.901s] -- Checking for module 'jsoncpp'
[2.925s] --   Found jsoncpp, version 1.9.5
[2.972s] -- Found JSONCPP: TRUE  
[2.987s] -- Checking for module 'libzip'
[3.003s] --   Found libzip, version 1.7.3
[3.040s] -- Found ZIP: TRUE  
[3.041s] -- Looking for ignition-common3 -- found version 3.14.0
[3.043s] -- Looking for ignition-math6 -- found version 6.15.1
[3.043s] -- Looking for ignition-msgs5 -- found version 5.8.1
[3.063s] -- Found gazebo_ros_pkgs: 3.9.0 (/opt/ros/humble/share/gazebo_ros_pkgs/cmake)
[3.069s] -- Found geometry_msgs: 4.9.0 (/opt/ros/humble/share/geometry_msgs/cmake)
[3.140s] -- Found rosidl_generator_c: 3.1.8 (/opt/ros/humble/share/rosidl_generator_c/cmake)
[3.151s] -- Found rosidl_adapter: 3.1.8 (/opt/ros/humble/share/rosidl_adapter/cmake)
[3.166s] -- Found rosidl_generator_cpp: 3.1.8 (/opt/ros/humble/share/rosidl_generator_cpp/cmake)
[3.186s] -- Using all available rosidl_typesupport_c: rosidl_typesupport_fastrtps_c;rosidl_typesupport_introspection_c
[3.213s] -- Using all available rosidl_typesupport_cpp: rosidl_typesupport_fastrtps_cpp;rosidl_typesupport_introspection_cpp
[3.267s] -- Found nav_msgs: 4.9.0 (/opt/ros/humble/share/nav_msgs/cmake)
[3.295s] -- Found rclcpp: 16.0.17 (/opt/ros/humble/share/rclcpp/cmake)
[3.382s] -- Found rmw_implementation_cmake: 6.1.2 (/opt/ros/humble/share/rmw_implementation_cmake/cmake)
[3.392s] -- Found rmw_fastrtps_cpp: 6.2.9 (/opt/ros/humble/share/rmw_fastrtps_cpp/cmake)
[3.599s] -- Found OpenSSL: /usr/lib/x86_64-linux-gnu/libcrypto.so (found version "3.0.2")  
[3.658s] -- Found FastRTPS: /opt/ros/humble/include  
[3.735s] -- Using RMW implementation 'rmw_fastrtps_cpp' as default
[3.775s] -- Found Threads: TRUE  
[3.874s] -- Found sensor_msgs: 4.9.0 (/opt/ros/humble/share/sensor_msgs/cmake)
[3.957s] -- Found tf2: 0.25.18 (/opt/ros/humble/share/tf2/cmake)
[4.147s] -- Configuring done
[4.245s] -- Generating done
[4.257s] -- Build files have been written to: /workspace/ros2_ws/src/build/turtlebot3_gazebo
[4.273s] Invoked command in '/workspace/ros2_ws/src/build/turtlebot3_gazebo' returned '0': CMAKE_PREFIX_PATH=${CMAKE_PREFIX_PATH}:/workspace/ros2_ws/src/install/servicio_suma:/workspace/ros2_ws/src/install/primer_paquete:/workspace/ros2_ws/src/install/paquete1:/workspace/ros2_ws/src/install/mi_accion:/workspace/ros2_ws/src/install/maze_pkg:/workspace/ros2_ws/install/turtlebot3_teleop:/workspace/ros2_ws/install/turtlebot3_example:/workspace/ros2_ws/install/servicio_suma:/workspace/ros2_ws/install/service_temp:/workspace/ros2_ws/install/primer_paquete:/workspace/ros2_ws/install/paquete1:/workspace/ros2_ws/install/p3_pkg:/workspace/ros2_ws/install/p2pkg:/workspace/ros2_ws/install/mi_accion:/workspace/ros2_ws/install/battery_act:/workspace/install/servicio_suma:/opt/ros/humble /usr/bin/cmake /workspace/ros2_ws/src/turtlebot3_simulations/turtlebot3_gazebo -DCMAKE_INSTALL_PREFIX=/workspace/ros2_ws/src/install/turtlebot3_gazebo
[4.275s] Invoking command in '/workspace/ros2_ws/src/build/turtlebot3_gazebo': CMAKE_PREFIX_PATH=${CMAKE_PREFIX_PATH}:/workspace/ros2_ws/src/install/servicio_suma:/workspace/ros2_ws/src/install/primer_paquete:/workspace/ros2_ws/src/install/paquete1:/workspace/ros2_ws/src/install/mi_accion:/workspace/ros2_ws/src/install/maze_pkg:/workspace/ros2_ws/install/turtlebot3_teleop:/workspace/ros2_ws/install/turtlebot3_example:/workspace/ros2_ws/install/servicio_suma:/workspace/ros2_ws/install/service_temp:/workspace/ros2_ws/install/primer_paquete:/workspace/ros2_ws/install/paquete1:/workspace/ros2_ws/install/p3_pkg:/workspace/ros2_ws/install/p2pkg:/workspace/ros2_ws/install/mi_accion:/workspace/ros2_ws/install/battery_act:/workspace/install/servicio_suma:/opt/ros/humble /usr/bin/cmake --build /workspace/ros2_ws/src/build/turtlebot3_gazebo -- -j12 -l12
[4.366s] [ 16%] [32mBuilding CXX object CMakeFiles/traffic_light_plugin.dir/src/traffic_light_plugin.cpp.o[0m
[4.367s] [ 16%] [32mBuilding CXX object CMakeFiles/turtlebot3_drive.dir/src/turtlebot3_drive.cpp.o[0m
[4.374s] [ 33%] [32mBuilding CXX object CMakeFiles/obstacles.dir/src/obstacles.cpp.o[0m
[4.376s] [ 33%] [32mBuilding CXX object CMakeFiles/obstacle1.dir/src/obstacle1.cpp.o[0m
[4.381s] [ 41%] [32mBuilding CXX object CMakeFiles/traffic_bar_plugin.dir/src/traffic_bar_plugin.cpp.o[0m
[4.386s] [ 50%] [32mBuilding CXX object CMakeFiles/obstacle2.dir/src/obstacle2.cpp.o[0m
[26.609s] [ 58%] [32m[1mLinking CXX shared library libobstacle2.so[0m
[26.946s] [ 66%] [32m[1mLinking CXX executable turtlebot3_drive[0m
[27.409s] [ 66%] Built target obstacle2
[27.774s] [ 75%] [32m[1mLinking CXX shared library libtraffic_light_plugin.so[0m
[28.376s] [ 75%] Built target traffic_light_plugin
[28.495s] [ 75%] Built target turtlebot3_drive
[28.643s] [ 83%] [32m[1mLinking CXX shared library libobstacle1.so[0m
[28.906s] [ 91%] [32m[1mLinking CXX shared library libobstacles.so[0m
[29.020s] [ 91%] Built target obstacle1
[29.176s] [ 91%] Built target obstacles
[29.563s] [100%] [32m[1mLinking CXX shared library libtraffic_bar_plugin.so[0m
[29.792s] [100%] Built target traffic_bar_plugin
[29.807s] Invoked command in '/workspace/ros2_ws/src/build/turtlebot3_gazebo' returned '0': CMAKE_PREFIX_PATH=${CMAKE_PREFIX_PATH}:/workspace/ros2_ws/src/install/servicio_suma:/workspace/ros2_ws/src/install/primer_paquete:/workspace/ros2_ws/src/install/paquete1:/workspace/ros2_ws/src/install/mi_accion:/workspace/ros2_ws/src/install/maze_pkg:/workspace/ros2_ws/install/turtlebot3_teleop:/workspace/ros2_ws/install/turtlebot3_example:/workspace/ros2_ws/install/servicio_suma:/workspace/ros2_ws/install/service_temp:/workspace/ros2_ws/install/primer_paquete:/workspace/ros2_ws/install/paquete1:/workspace/ros2_ws/install/p3_pkg:/workspace/ros2_ws/install/p2pkg:/workspace/ros2_ws/install/mi_accion:/workspace/ros2_ws/install/battery_act:/workspace/install/servicio_suma:/opt/ros/humble /usr/bin/cmake --build /workspace/ros2_ws/src/build/turtlebot3_gazebo -- -j12 -l12
[29.809s] Invoking command in '/workspace/ros2_ws/src/build/turtlebot3_gazebo': CMAKE_PREFIX_PATH=${CMAKE_PREFIX_PATH}:/workspace/ros2_ws/src/install/servicio_suma:/workspace/ros2_ws/src/install/primer_paquete:/workspace/ros2_ws/src/install/paquete1:/workspace/ros2_ws/src/install/mi_accion:/workspace/ros2_ws/src/install/maze_pkg:/workspace/ros2_ws/install/turtlebot3_teleop:/workspace/ros2_ws/install/turtlebot3_example:/workspace/ros2_ws/install/servicio_suma:/workspace/ros2_ws/install/service_temp:/workspace/ros2_ws/install/primer_paquete:/workspace/ros2_ws/install/paquete1:/workspace/ros2_ws/install/p3_pkg:/workspace/ros2_ws/install/p2pkg:/workspace/ros2_ws/install/mi_accion:/workspace/ros2_ws/install/battery_act:/workspace/install/servicio_suma:/opt/ros/humble /usr/bin/cmake --install /workspace/ros2_ws/src/build/turtlebot3_gazebo
[29.818s] -- Install configuration: ""
[29.819s] -- Installing: /workspace/ros2_ws/src/install/turtlebot3_gazebo/lib/turtlebot3_gazebo/turtlebot3_drive
[29.822s] -- Set runtime path of "/workspace/ros2_ws/src/install/turtlebot3_gazebo/lib/turtlebot3_gazebo/turtlebot3_drive" to ""
[29.823s] -- Installing: /workspace/ros2_ws/src/install/turtlebot3_gazebo/share/turtlebot3_gazebo//launch
[29.823s] -- Installing: /workspace/ros2_ws/src/install/turtlebot3_gazebo/share/turtlebot3_gazebo//launch/turtlebot3_dqn_stage4.launch.py
[29.823s] -- Installing: /workspace/ros2_ws/src/install/turtlebot3_gazebo/share/turtlebot3_gazebo//launch/turtlebot3_dqn_stage2.launch.py
[29.823s] -- Installing: /workspace/ros2_ws/src/install/turtlebot3_gazebo/share/turtlebot3_gazebo//launch/robot_state_publisher.launch.py
[29.824s] -- Installing: /workspace/ros2_ws/src/install/turtlebot3_gazebo/share/turtlebot3_gazebo//launch/turtlebot3_world.launch.py
[29.824s] -- Installing: /workspace/ros2_ws/src/install/turtlebot3_gazebo/share/turtlebot3_gazebo//launch/turtlebot3_dqn_stage3.launch.py
[29.824s] -- Installing: /workspace/ros2_ws/src/install/turtlebot3_gazebo/share/turtlebot3_gazebo//launch/spawn_turtlebot3.launch.py
[29.824s] -- Installing: /workspace/ros2_ws/src/install/turtlebot3_gazebo/share/turtlebot3_gazebo//launch/turtlebot3_autorace_2020.launch.py
[29.824s] -- Installing: /workspace/ros2_ws/src/install/turtlebot3_gazebo/share/turtlebot3_gazebo//launch/multi_spawn_turtlebot3.launch.py
[29.824s] -- Installing: /workspace/ros2_ws/src/install/turtlebot3_gazebo/share/turtlebot3_gazebo//launch/turtlebot3_dqn_stage1.launch.py
[29.824s] -- Installing: /workspace/ros2_ws/src/install/turtlebot3_gazebo/share/turtlebot3_gazebo//launch/empty_world.launch.py
[29.825s] -- Installing: /workspace/ros2_ws/src/install/turtlebot3_gazebo/share/turtlebot3_gazebo//launch/multi_robot.launch.py
[29.825s] -- Installing: /workspace/ros2_ws/src/install/turtlebot3_gazebo/share/turtlebot3_gazebo//launch/turtlebot3_house.launch.py
[29.825s] -- Installing: /workspace/ros2_ws/src/install/turtlebot3_gazebo/share/turtlebot3_gazebo//models
[29.825s] -- Installing: /workspace/ros2_ws/src/install/turtlebot3_gazebo/share/turtlebot3_gazebo//models/turtlebot3_burger
[29.825s] -- Installing: /workspace/ros2_ws/src/install/turtlebot3_gazebo/share/turtlebot3_gazebo//models/turtlebot3_burger/model.config
[29.825s] -- Installing: /workspace/ros2_ws/src/install/turtlebot3_gazebo/share/turtlebot3_gazebo//models/turtlebot3_burger/model-1_4.sdf
[29.826s] -- Installing: /workspace/ros2_ws/src/install/turtlebot3_gazebo/share/turtlebot3_gazebo//models/turtlebot3_burger/model.sdf
[29.826s] -- Installing: /workspace/ros2_ws/src/install/turtlebot3_gazebo/share/turtlebot3_gazebo//models/turtlebot3_dqn_world
[29.826s] -- Installing: /workspace/ros2_ws/src/install/turtlebot3_gazebo/share/turtlebot3_gazebo//models/turtlebot3_dqn_world/model.config
[29.826s] -- Installing: /workspace/ros2_ws/src/install/turtlebot3_gazebo/share/turtlebot3_gazebo//models/turtlebot3_dqn_world/obstacles
[29.827s] -- Installing: /workspace/ros2_ws/src/install/turtlebot3_gazebo/share/turtlebot3_gazebo//models/turtlebot3_dqn_world/obstacles/model.config
[29.827s] -- Installing: /workspace/ros2_ws/src/install/turtlebot3_gazebo/share/turtlebot3_gazebo//models/turtlebot3_dqn_world/obstacles/model.sdf
[29.827s] -- Installing: /workspace/ros2_ws/src/install/turtlebot3_gazebo/share/turtlebot3_gazebo//models/turtlebot3_dqn_world/obstacle1
[29.827s] -- Installing: /workspace/ros2_ws/src/install/turtlebot3_gazebo/share/turtlebot3_gazebo//models/turtlebot3_dqn_world/obstacle1/model.config
[29.827s] -- Installing: /workspace/ros2_ws/src/install/turtlebot3_gazebo/share/turtlebot3_gazebo//models/turtlebot3_dqn_world/obstacle1/model.sdf
[29.828s] -- Installing: /workspace/ros2_ws/src/install/turtlebot3_gazebo/share/turtlebot3_gazebo//models/turtlebot3_dqn_world/model.sdf
[29.828s] -- Installing: /workspace/ros2_ws/src/install/turtlebot3_gazebo/share/turtlebot3_gazebo//models/turtlebot3_dqn_world/inner_walls
[29.828s] -- Installing: /workspace/ros2_ws/src/install/turtlebot3_gazebo/share/turtlebot3_gazebo//models/turtlebot3_dqn_world/inner_walls/model.config
[29.828s] -- Installing: /workspace/ros2_ws/src/install/turtlebot3_gazebo/share/turtlebot3_gazebo//models/turtlebot3_dqn_world/inner_walls/model.sdf
[29.828s] -- Installing: /workspace/ros2_ws/src/install/turtlebot3_gazebo/share/turtlebot3_gazebo//models/turtlebot3_dqn_world/obstacle2
[29.829s] -- Installing: /workspace/ros2_ws/src/install/turtlebot3_gazebo/share/turtlebot3_gazebo//models/turtlebot3_dqn_world/obstacle2/model.config
[29.829s] -- Installing: /workspace/ros2_ws/src/install/turtlebot3_gazebo/share/turtlebot3_gazebo//models/turtlebot3_dqn_world/obstacle2/model.sdf
[29.829s] -- Installing: /workspace/ros2_ws/src/install/turtlebot3_gazebo/share/turtlebot3_gazebo//models/turtlebot3_dqn_world/goal_box
[29.829s] -- Installing: /workspace/ros2_ws/src/install/turtlebot3_gazebo/share/turtlebot3_gazebo//models/turtlebot3_dqn_world/goal_box/model.config
[29.829s] -- Installing: /workspace/ros2_ws/src/install/turtlebot3_gazebo/share/turtlebot3_gazebo//models/turtlebot3_dqn_world/goal_box/model.sdf
[29.830s] -- Installing: /workspace/ros2_ws/src/install/turtlebot3_gazebo/share/turtlebot3_gazebo//models/turtlebot3_house
[29.830s] -- Installing: /workspace/ros2_ws/src/install/turtlebot3_gazebo/share/turtlebot3_gazebo//models/turtlebot3_house/model.config
[29.830s] -- Installing: /workspace/ros2_ws/src/install/turtlebot3_gazebo/share/turtlebot3_gazebo//models/turtlebot3_house/model.sdf
[29.830s] -- Installing: /workspace/ros2_ws/src/install/turtlebot3_gazebo/share/turtlebot3_gazebo//models/turtlebot3_burger_cam
[29.831s] -- Installing: /workspace/ros2_ws/src/install/turtlebot3_gazebo/share/turtlebot3_gazebo//models/turtlebot3_burger_cam/model.config
[29.831s] -- Installing: /workspace/ros2_ws/src/install/turtlebot3_gazebo/share/turtlebot3_gazebo//models/turtlebot3_burger_cam/model-1_4.sdf
[29.832s] -- Installing: /workspace/ros2_ws/src/install/turtlebot3_gazebo/share/turtlebot3_gazebo//models/turtlebot3_burger_cam/model.sdf
[29.832s] -- Installing: /workspace/ros2_ws/src/install/turtlebot3_gazebo/share/turtlebot3_gazebo//models/turtlebot3_waffle
[29.832s] -- Installing: /workspace/ros2_ws/src/install/turtlebot3_gazebo/share/turtlebot3_gazebo//models/turtlebot3_waffle/model.config
[29.833s] -- Installing: /workspace/ros2_ws/src/install/turtlebot3_gazebo/share/turtlebot3_gazebo//models/turtlebot3_waffle/model-1_4.sdf
[29.833s] -- Installing: /workspace/ros2_ws/src/install/turtlebot3_gazebo/share/turtlebot3_gazebo//models/turtlebot3_waffle/model.sdf
[29.833s] -- Installing: /workspace/ros2_ws/src/install/turtlebot3_gazebo/share/turtlebot3_gazebo//models/turtlebot3_waffle_pi
[29.834s] -- Installing: /workspace/ros2_ws/src/install/turtlebot3_gazebo/share/turtlebot3_gazebo//models/turtlebot3_waffle_pi/model.config
[29.834s] -- Installing: /workspace/ros2_ws/src/install/turtlebot3_gazebo/share/turtlebot3_gazebo//models/turtlebot3_waffle_pi/model.sdf
[29.834s] -- Installing: /workspace/ros2_ws/src/install/turtlebot3_gazebo/share/turtlebot3_gazebo//models/turtlebot3_waffle_pi/model-1_4_.sdf
[29.835s] -- Installing: /workspace/ros2_ws/src/install/turtlebot3_gazebo/share/turtlebot3_gazebo//models/turtlebot3_world
[29.835s] -- Installing: /workspace/ros2_ws/src/install/turtlebot3_gazebo/share/turtlebot3_gazebo//models/turtlebot3_world/model.config
[29.835s] -- Installing: /workspace/ros2_ws/src/install/turtlebot3_gazebo/share/turtlebot3_gazebo//models/turtlebot3_world/meshes
[29.835s] -- Installing: /workspace/ros2_ws/src/install/turtlebot3_gazebo/share/turtlebot3_gazebo//models/turtlebot3_world/meshes/wall.dae
[29.836s] -- Installing: /workspace/ros2_ws/src/install/turtlebot3_gazebo/share/turtlebot3_gazebo//models/turtlebot3_world/meshes/hexagon.dae
[29.836s] -- Installing: /workspace/ros2_ws/src/install/turtlebot3_gazebo/share/turtlebot3_gazebo//models/turtlebot3_world/model-1_4.sdf
[29.836s] -- Installing: /workspace/ros2_ws/src/install/turtlebot3_gazebo/share/turtlebot3_gazebo//models/turtlebot3_world/model.sdf
[29.837s] -- Installing: /workspace/ros2_ws/src/install/turtlebot3_gazebo/share/turtlebot3_gazebo//models/turtlebot3_common
[29.837s] -- Installing: /workspace/ros2_ws/src/install/turtlebot3_gazebo/share/turtlebot3_gazebo//models/turtlebot3_common/model.config
[29.837s] -- Installing: /workspace/ros2_ws/src/install/turtlebot3_gazebo/share/turtlebot3_gazebo//models/turtlebot3_common/meshes
[29.838s] -- Installing: /workspace/ros2_ws/src/install/turtlebot3_gazebo/share/turtlebot3_gazebo//models/turtlebot3_common/meshes/tire.dae
[29.838s] -- Installing: /workspace/ros2_ws/src/install/turtlebot3_gazebo/share/turtlebot3_gazebo//models/turtlebot3_common/meshes/bases
[29.838s] -- Installing: /workspace/ros2_ws/src/install/turtlebot3_gazebo/share/turtlebot3_gazebo//models/turtlebot3_common/meshes/bases/waffle_pi_base.stl
[29.851s] -- Installing: /workspace/ros2_ws/src/install/turtlebot3_gazebo/share/turtlebot3_gazebo//models/turtlebot3_common/meshes/bases/burger_base.stl
[29.863s] -- Installing: /workspace/ros2_ws/src/install/turtlebot3_gazebo/share/turtlebot3_gazebo//models/turtlebot3_common/meshes/bases/waffle_base.stl
[29.887s] -- Installing: /workspace/ros2_ws/src/install/turtlebot3_gazebo/share/turtlebot3_gazebo//models/turtlebot3_common/meshes/waffle_pi_base.dae
[29.887s] -- Installing: /workspace/ros2_ws/src/install/turtlebot3_gazebo/share/turtlebot3_gazebo//models/turtlebot3_common/meshes/sensors
[29.888s] -- Installing: /workspace/ros2_ws/src/install/turtlebot3_gazebo/share/turtlebot3_gazebo//models/turtlebot3_common/meshes/sensors/astra.dae
[29.902s] -- Installing: /workspace/ros2_ws/src/install/turtlebot3_gazebo/share/turtlebot3_gazebo//models/turtlebot3_common/meshes/sensors/astra.jpg
[29.903s] -- Installing: /workspace/ros2_ws/src/install/turtlebot3_gazebo/share/turtlebot3_gazebo//models/turtlebot3_common/meshes/sensors/lds.stl
[29.905s] -- Installing: /workspace/ros2_ws/src/install/turtlebot3_gazebo/share/turtlebot3_gazebo//models/turtlebot3_common/meshes/sensors/r200.jpg
[29.905s] -- Installing: /workspace/ros2_ws/src/install/turtlebot3_gazebo/share/turtlebot3_gazebo//models/turtlebot3_common/meshes/sensors/r200.dae
[29.906s] -- Installing: /workspace/ros2_ws/src/install/turtlebot3_gazebo/share/turtlebot3_gazebo//models/turtlebot3_common/meshes/burger_base.dae
[29.906s] -- Installing: /workspace/ros2_ws/src/install/turtlebot3_gazebo/share/turtlebot3_gazebo//models/turtlebot3_common/meshes/lds.dae
[29.906s] -- Installing: /workspace/ros2_ws/src/install/turtlebot3_gazebo/share/turtlebot3_gazebo//models/turtlebot3_common/meshes/r200.dae
[29.907s] -- Installing: /workspace/ros2_ws/src/install/turtlebot3_gazebo/share/turtlebot3_gazebo//models/turtlebot3_common/meshes/waffle_base.dae
[29.907s] -- Installing: /workspace/ros2_ws/src/install/turtlebot3_gazebo/share/turtlebot3_gazebo//models/turtlebot3_common/meshes/wheels
[29.908s] -- Installing: /workspace/ros2_ws/src/install/turtlebot3_gazebo/share/turtlebot3_gazebo//models/turtlebot3_common/meshes/wheels/left_tire.stl
[29.910s] -- Installing: /workspace/ros2_ws/src/install/turtlebot3_gazebo/share/turtlebot3_gazebo//models/turtlebot3_common/meshes/wheels/right_tire.stl
[29.912s] -- Installing: /workspace/ros2_ws/src/install/turtlebot3_gazebo/share/turtlebot3_gazebo//models/turtlebot3_autorace_2020
[29.912s] -- Installing: /workspace/ros2_ws/src/install/turtlebot3_gazebo/share/turtlebot3_gazebo//models/turtlebot3_autorace_2020/traffic_light
[29.913s] -- Installing: /workspace/ros2_ws/src/install/turtlebot3_gazebo/share/turtlebot3_gazebo//models/turtlebot3_autorace_2020/traffic_light/model.config
[29.913s] -- Installing: /workspace/ros2_ws/src/install/turtlebot3_gazebo/share/turtlebot3_gazebo//models/turtlebot3_autorace_2020/traffic_light/model.sdf
[29.913s] -- Installing: /workspace/ros2_ws/src/install/turtlebot3_gazebo/share/turtlebot3_gazebo//models/turtlebot3_autorace_2020/traffic_light/materials
[29.914s] -- Installing: /workspace/ros2_ws/src/install/turtlebot3_gazebo/share/turtlebot3_gazebo//models/turtlebot3_autorace_2020/traffic_light/materials/textures
[29.914s] -- Installing: /workspace/ros2_ws/src/install/turtlebot3_gazebo/share/turtlebot3_gazebo//models/turtlebot3_autorace_2020/traffic_light/materials/textures/traffic_light_green.png
[29.914s] -- Installing: /workspace/ros2_ws/src/install/turtlebot3_gazebo/share/turtlebot3_gazebo//models/turtlebot3_autorace_2020/traffic_light/materials/textures/traffic_light.png
[29.914s] -- Installing: /workspace/ros2_ws/src/install/turtlebot3_gazebo/share/turtlebot3_gazebo//models/turtlebot3_autorace_2020/traffic_light/materials/textures/traffic_light_yellow.png
[29.915s] -- Installing: /workspace/ros2_ws/src/install/turtlebot3_gazebo/share/turtlebot3_gazebo//models/turtlebot3_autorace_2020/traffic_light/materials/textures/traffic_light_red.png
[29.915s] -- Installing: /workspace/ros2_ws/src/install/turtlebot3_gazebo/share/turtlebot3_gazebo//models/turtlebot3_autorace_2020/traffic_light/materials/scripts
[29.915s] -- Installing: /workspace/ros2_ws/src/install/turtlebot3_gazebo/share/turtlebot3_gazebo//models/turtlebot3_autorace_2020/traffic_light/materials/scripts/traffic_light.material
[29.916s] -- Installing: /workspace/ros2_ws/src/install/turtlebot3_gazebo/share/turtlebot3_gazebo//models/turtlebot3_autorace_2020/traffic_right
[29.916s] -- Installing: /workspace/ros2_ws/src/install/turtlebot3_gazebo/share/turtlebot3_gazebo//models/turtlebot3_autorace_2020/traffic_right/model.config
[29.916s] -- Installing: /workspace/ros2_ws/src/install/turtlebot3_gazebo/share/turtlebot3_gazebo//models/turtlebot3_autorace_2020/traffic_right/model.sdf
[29.917s] -- Installing: /workspace/ros2_ws/src/install/turtlebot3_gazebo/share/turtlebot3_gazebo//models/turtlebot3_autorace_2020/traffic_right/materials
[29.917s] -- Installing: /workspace/ros2_ws/src/install/turtlebot3_gazebo/share/turtlebot3_gazebo//models/turtlebot3_autorace_2020/traffic_right/materials/textures
[29.917s] -- Installing: /workspace/ros2_ws/src/install/turtlebot3_gazebo/share/turtlebot3_gazebo//models/turtlebot3_autorace_2020/traffic_right/materials/textures/traffic_right.png
[29.917s] -- Installing: /workspace/ros2_ws/src/install/turtlebot3_gazebo/share/turtlebot3_gazebo//models/turtlebot3_autorace_2020/traffic_right/materials/scripts
[29.918s] -- Installing: /workspace/ros2_ws/src/install/turtlebot3_gazebo/share/turtlebot3_gazebo//models/turtlebot3_autorace_2020/traffic_right/materials/scripts/traffic_right.material
[29.918s] -- Installing: /workspace/ros2_ws/src/install/turtlebot3_gazebo/share/turtlebot3_gazebo//models/turtlebot3_autorace_2020/checker
[29.918s] -- Installing: /workspace/ros2_ws/src/install/turtlebot3_gazebo/share/turtlebot3_gazebo//models/turtlebot3_autorace_2020/checker/model.config
[29.918s] -- Installing: /workspace/ros2_ws/src/install/turtlebot3_gazebo/share/turtlebot3_gazebo//models/turtlebot3_autorace_2020/checker/model.sdf
[29.919s] -- Installing: /workspace/ros2_ws/src/install/turtlebot3_gazebo/share/turtlebot3_gazebo//models/turtlebot3_autorace_2020/checker/materials
[29.919s] -- Installing: /workspace/ros2_ws/src/install/turtlebot3_gazebo/share/turtlebot3_gazebo//models/turtlebot3_autorace_2020/checker/materials/textures
[29.919s] -- Installing: /workspace/ros2_ws/src/install/turtlebot3_gazebo/share/turtlebot3_gazebo//models/turtlebot3_autorace_2020/checker/materials/textures/checker.png
[29.919s] -- Installing: /workspace/ros2_ws/src/install/turtlebot3_gazebo/share/turtlebot3_gazebo//models/turtlebot3_autorace_2020/checker/materials/checker.png
[29.920s] -- Installing: /workspace/ros2_ws/src/install/turtlebot3_gazebo/share/turtlebot3_gazebo//models/turtlebot3_autorace_2020/checker/materials/scripts
[29.920s] -- Installing: /workspace/ros2_ws/src/install/turtlebot3_gazebo/share/turtlebot3_gazebo//models/turtlebot3_autorace_2020/checker/materials/scripts/checker.material
[29.920s] -- Installing: /workspace/ros2_ws/src/install/turtlebot3_gazebo/share/turtlebot3_gazebo//models/turtlebot3_autorace_2020/traffic_tunnel
[29.920s] -- Installing: /workspace/ros2_ws/src/install/turtlebot3_gazebo/share/turtlebot3_gazebo//models/turtlebot3_autorace_2020/traffic_tunnel/model.config
[29.921s] -- Installing: /workspace/ros2_ws/src/install/turtlebot3_gazebo/share/turtlebot3_gazebo//models/turtlebot3_autorace_2020/traffic_tunnel/model.sdf
[29.921s] -- Installing: /workspace/ros2_ws/src/install/turtlebot3_gazebo/share/turtlebot3_gazebo//models/turtlebot3_autorace_2020/traffic_tunnel/materials
[29.921s] -- Installing: /workspace/ros2_ws/src/install/turtlebot3_gazebo/share/turtlebot3_gazebo//models/turtlebot3_autorace_2020/traffic_tunnel/materials/textures
[29.921s] -- Installing: /workspace/ros2_ws/src/install/turtlebot3_gazebo/share/turtlebot3_gazebo//models/turtlebot3_autorace_2020/traffic_tunnel/materials/textures/tunnel.png
[29.922s] -- Installing: /workspace/ros2_ws/src/install/turtlebot3_gazebo/share/turtlebot3_gazebo//models/turtlebot3_autorace_2020/traffic_tunnel/materials/scripts
[29.922s] -- Installing: /workspace/ros2_ws/src/install/turtlebot3_gazebo/share/turtlebot3_gazebo//models/turtlebot3_autorace_2020/traffic_tunnel/materials/scripts/tunnel.material
[29.923s] -- Installing: /workspace/ros2_ws/src/install/turtlebot3_gazebo/share/turtlebot3_gazebo//models/turtlebot3_autorace_2020/traffic_intersection
[29.923s] -- Installing: /workspace/ros2_ws/src/install/turtlebot3_gazebo/share/turtlebot3_gazebo//models/turtlebot3_autorace_2020/traffic_intersection/model.config
[29.923s] -- Installing: /workspace/ros2_ws/src/install/turtlebot3_gazebo/share/turtlebot3_gazebo//models/turtlebot3_autorace_2020/traffic_intersection/model.sdf
[29.923s] -- Installing: /workspace/ros2_ws/src/install/turtlebot3_gazebo/share/turtlebot3_gazebo//models/turtlebot3_autorace_2020/traffic_intersection/materials
[29.924s] -- Installing: /workspace/ros2_ws/src/install/turtlebot3_gazebo/share/turtlebot3_gazebo//models/turtlebot3_autorace_2020/traffic_intersection/materials/textures
[29.924s] -- Installing: /workspace/ros2_ws/src/install/turtlebot3_gazebo/share/turtlebot3_gazebo//models/turtlebot3_autorace_2020/traffic_intersection/materials/textures/traffic_intersection.png
[29.925s] -- Installing: /workspace/ros2_ws/src/install/turtlebot3_gazebo/share/turtlebot3_gazebo//models/turtlebot3_autorace_2020/traffic_intersection/materials/scripts
[29.925s] -- Installing: /workspace/ros2_ws/src/install/turtlebot3_gazebo/share/turtlebot3_gazebo//models/turtlebot3_autorace_2020/traffic_intersection/materials/scripts/traffic_intersection.material
[29.925s] -- Installing: /workspace/ros2_ws/src/install/turtlebot3_gazebo/share/turtlebot3_gazebo//models/turtlebot3_autorace_2020/traffic_parking
[29.925s] -- Installing: /workspace/ros2_ws/src/install/turtlebot3_gazebo/share/turtlebot3_gazebo//models/turtlebot3_autorace_2020/traffic_parking/model.config
[29.926s] -- Installing: /workspace/ros2_ws/src/install/turtlebot3_gazebo/share/turtlebot3_gazebo//models/turtlebot3_autorace_2020/traffic_parking/model.sdf
[29.926s] -- Installing: /workspace/ros2_ws/src/install/turtlebot3_gazebo/share/turtlebot3_gazebo//models/turtlebot3_autorace_2020/traffic_parking/materials
[29.926s] -- Installing: /workspace/ros2_ws/src/install/turtlebot3_gazebo/share/turtlebot3_gazebo//models/turtlebot3_autorace_2020/traffic_parking/materials/textures
[29.926s] -- Installing: /workspace/ros2_ws/src/install/turtlebot3_gazebo/share/turtlebot3_gazebo//models/turtlebot3_autorace_2020/traffic_parking/materials/textures/traffic_parking.png
[29.927s] -- Installing: /workspace/ros2_ws/src/install/turtlebot3_gazebo/share/turtlebot3_gazebo//models/turtlebot3_autorace_2020/traffic_parking/materials/scripts
[29.927s] -- Installing: /workspace/ros2_ws/src/install/turtlebot3_gazebo/share/turtlebot3_gazebo//models/turtlebot3_autorace_2020/traffic_parking/materials/scripts/traffic_parking.material
[29.928s] -- Installing: /workspace/ros2_ws/src/install/turtlebot3_gazebo/share/turtlebot3_gazebo//models/turtlebot3_autorace_2020/traffic_bar
[29.928s] -- Installing: /workspace/ros2_ws/src/install/turtlebot3_gazebo/share/turtlebot3_gazebo//models/turtlebot3_autorace_2020/traffic_bar/model.config
[29.928s] -- Installing: /workspace/ros2_ws/src/install/turtlebot3_gazebo/share/turtlebot3_gazebo//models/turtlebot3_autorace_2020/traffic_bar/model.sdf
[29.929s] -- Installing: /workspace/ros2_ws/src/install/turtlebot3_gazebo/share/turtlebot3_gazebo//models/turtlebot3_autorace_2020/traffic_bar/materials
[29.929s] -- Installing: /workspace/ros2_ws/src/install/turtlebot3_gazebo/share/turtlebot3_gazebo//models/turtlebot3_autorace_2020/traffic_bar/materials/textures
[29.929s] -- Installing: /workspace/ros2_ws/src/install/turtlebot3_gazebo/share/turtlebot3_gazebo//models/turtlebot3_autorace_2020/traffic_bar/materials/textures/traffic_bar.png
[29.929s] -- Installing: /workspace/ros2_ws/src/install/turtlebot3_gazebo/share/turtlebot3_gazebo//models/turtlebot3_autorace_2020/traffic_bar/materials/scripts
[29.930s] -- Installing: /workspace/ros2_ws/src/install/turtlebot3_gazebo/share/turtlebot3_gazebo//models/turtlebot3_autorace_2020/traffic_bar/materials/scripts/traffic_bar.material
[29.930s] -- Installing: /workspace/ros2_ws/src/install/turtlebot3_gazebo/share/turtlebot3_gazebo//models/turtlebot3_autorace_2020/traffic_noentry
[29.930s] -- Installing: /workspace/ros2_ws/src/install/turtlebot3_gazebo/share/turtlebot3_gazebo//models/turtlebot3_autorace_2020/traffic_noentry/model.config
[29.930s] -- Installing: /workspace/ros2_ws/src/install/turtlebot3_gazebo/share/turtlebot3_gazebo//models/turtlebot3_autorace_2020/traffic_noentry/model.sdf
[29.931s] -- Installing: /workspace/ros2_ws/src/install/turtlebot3_gazebo/share/turtlebot3_gazebo//models/turtlebot3_autorace_2020/traffic_noentry/materials
[29.931s] -- Installing: /workspace/ros2_ws/src/install/turtlebot3_gazebo/share/turtlebot3_gazebo//models/turtlebot3_autorace_2020/traffic_noentry/materials/textures
[29.931s] -- Installing: /workspace/ros2_ws/src/install/turtlebot3_gazebo/share/turtlebot3_gazebo//models/turtlebot3_autorace_2020/traffic_noentry/materials/textures/traffic_noentry.png
[29.932s] -- Installing: /workspace/ros2_ws/src/install/turtlebot3_gazebo/share/turtlebot3_gazebo//models/turtlebot3_autorace_2020/traffic_noentry/materials/scripts
[29.932s] -- Installing: /workspace/ros2_ws/src/install/turtlebot3_gazebo/share/turtlebot3_gazebo//models/turtlebot3_autorace_2020/traffic_noentry/materials/scripts/traffic_noentry.material
[29.932s] -- Installing: /workspace/ros2_ws/src/install/turtlebot3_gazebo/share/turtlebot3_gazebo//models/turtlebot3_autorace_2020/traffic_pl_left
[29.933s] -- Installing: /workspace/ros2_ws/src/install/turtlebot3_gazebo/share/turtlebot3_gazebo//models/turtlebot3_autorace_2020/traffic_pl_left/model.config
[29.933s] -- Installing: /workspace/ros2_ws/src/install/turtlebot3_gazebo/share/turtlebot3_gazebo//models/turtlebot3_autorace_2020/traffic_pl_left/model.sdf
[29.933s] -- Installing: /workspace/ros2_ws/src/install/turtlebot3_gazebo/share/turtlebot3_gazebo//models/turtlebot3_autorace_2020/traffic_pl_left/materials
[29.933s] -- Installing: /workspace/ros2_ws/src/install/turtlebot3_gazebo/share/turtlebot3_gazebo//models/turtlebot3_autorace_2020/traffic_pl_left/materials/textures
[29.934s] -- Installing: /workspace/ros2_ws/src/install/turtlebot3_gazebo/share/turtlebot3_gazebo//models/turtlebot3_autorace_2020/traffic_pl_left/materials/textures/traffic_pl_left.png
[29.934s] -- Installing: /workspace/ros2_ws/src/install/turtlebot3_gazebo/share/turtlebot3_gazebo//models/turtlebot3_autorace_2020/traffic_pl_left/materials/scripts
[29.934s] -- Installing: /workspace/ros2_ws/src/install/turtlebot3_gazebo/share/turtlebot3_gazebo//models/turtlebot3_autorace_2020/traffic_pl_left/materials/scripts/traffic_pl_left.material
[29.935s] -- Installing: /workspace/ros2_ws/src/install/turtlebot3_gazebo/share/turtlebot3_gazebo//models/turtlebot3_autorace_2020/course
[29.935s] -- Installing: /workspace/ros2_ws/src/install/turtlebot3_gazebo/share/turtlebot3_gazebo//models/turtlebot3_autorace_2020/course/model.config
[29.935s] -- Installing: /workspace/ros2_ws/src/install/turtlebot3_gazebo/share/turtlebot3_gazebo//models/turtlebot3_autorace_2020/course/model.sdf
[29.936s] -- Installing: /workspace/ros2_ws/src/install/turtlebot3_gazebo/share/turtlebot3_gazebo//models/turtlebot3_autorace_2020/course/materials
[29.936s] -- Installing: /workspace/ros2_ws/src/install/turtlebot3_gazebo/share/turtlebot3_gazebo//models/turtlebot3_autorace_2020/course/materials/textures
[29.936s] -- Installing: /workspace/ros2_ws/src/install/turtlebot3_gazebo/share/turtlebot3_gazebo//models/turtlebot3_autorace_2020/course/materials/textures/course.png
[29.937s] -- Installing: /workspace/ros2_ws/src/install/turtlebot3_gazebo/share/turtlebot3_gazebo//models/turtlebot3_autorace_2020/course/materials/scripts
[29.937s] -- Installing: /workspace/ros2_ws/src/install/turtlebot3_gazebo/share/turtlebot3_gazebo//models/turtlebot3_autorace_2020/course/materials/scripts/course.material
[29.937s] -- Installing: /workspace/ros2_ws/src/install/turtlebot3_gazebo/share/turtlebot3_gazebo//models/turtlebot3_autorace_2020/traffic_left
[29.937s] -- Installing: /workspace/ros2_ws/src/install/turtlebot3_gazebo/share/turtlebot3_gazebo//models/turtlebot3_autorace_2020/traffic_left/model.config
[29.938s] -- Installing: /workspace/ros2_ws/src/install/turtlebot3_gazebo/share/turtlebot3_gazebo//models/turtlebot3_autorace_2020/traffic_left/model.sdf
[29.938s] -- Installing: /workspace/ros2_ws/src/install/turtlebot3_gazebo/share/turtlebot3_gazebo//models/turtlebot3_autorace_2020/traffic_left/materials
[29.938s] -- Installing: /workspace/ros2_ws/src/install/turtlebot3_gazebo/share/turtlebot3_gazebo//models/turtlebot3_autorace_2020/traffic_left/materials/textures
[29.939s] -- Installing: /workspace/ros2_ws/src/install/turtlebot3_gazebo/share/turtlebot3_gazebo//models/turtlebot3_autorace_2020/traffic_left/materials/textures/traffic_left.png
[29.939s] -- Installing: /workspace/ros2_ws/src/install/turtlebot3_gazebo/share/turtlebot3_gazebo//models/turtlebot3_autorace_2020/traffic_left/materials/scripts
[29.940s] -- Installing: /workspace/ros2_ws/src/install/turtlebot3_gazebo/share/turtlebot3_gazebo//models/turtlebot3_autorace_2020/traffic_left/materials/scripts/traffic_is_left.material
[29.940s] -- Installing: /workspace/ros2_ws/src/install/turtlebot3_gazebo/share/turtlebot3_gazebo//models/turtlebot3_autorace_2020/traffic_construction
[29.940s] -- Installing: /workspace/ros2_ws/src/install/turtlebot3_gazebo/share/turtlebot3_gazebo//models/turtlebot3_autorace_2020/traffic_construction/model.config
[29.940s] -- Installing: /workspace/ros2_ws/src/install/turtlebot3_gazebo/share/turtlebot3_gazebo//models/turtlebot3_autorace_2020/traffic_construction/model.sdf
[29.941s] -- Installing: /workspace/ros2_ws/src/install/turtlebot3_gazebo/share/turtlebot3_gazebo//models/turtlebot3_autorace_2020/traffic_construction/materials
[29.941s] -- Installing: /workspace/ros2_ws/src/install/turtlebot3_gazebo/share/turtlebot3_gazebo//models/turtlebot3_autorace_2020/traffic_construction/materials/textures
[29.941s] -- Installing: /workspace/ros2_ws/src/install/turtlebot3_gazebo/share/turtlebot3_gazebo//models/turtlebot3_autorace_2020/traffic_construction/materials/textures/traffic_construction.png
[29.942s] -- Installing: /workspace/ros2_ws/src/install/turtlebot3_gazebo/share/turtlebot3_gazebo//models/turtlebot3_autorace_2020/traffic_construction/materials/scripts
[29.942s] -- Installing: /workspace/ros2_ws/src/install/turtlebot3_gazebo/share/turtlebot3_gazebo//models/turtlebot3_autorace_2020/traffic_construction/materials/scripts/traffic_construction.material
[29.943s] -- Installing: /workspace/ros2_ws/src/install/turtlebot3_gazebo/share/turtlebot3_gazebo//models/turtlebot3_autorace_2020/traffic_stop
[29.943s] -- Installing: /workspace/ros2_ws/src/install/turtlebot3_gazebo/share/turtlebot3_gazebo//models/turtlebot3_autorace_2020/traffic_stop/model.config
[29.943s] -- Installing: /workspace/ros2_ws/src/install/turtlebot3_gazebo/share/turtlebot3_gazebo//models/turtlebot3_autorace_2020/traffic_stop/model.sdf
[29.944s] -- Installing: /workspace/ros2_ws/src/install/turtlebot3_gazebo/share/turtlebot3_gazebo//models/turtlebot3_autorace_2020/traffic_stop/materials
[29.944s] -- Installing: /workspace/ros2_ws/src/install/turtlebot3_gazebo/share/turtlebot3_gazebo//models/turtlebot3_autorace_2020/traffic_stop/materials/textures
[29.944s] -- Installing: /workspace/ros2_ws/src/install/turtlebot3_gazebo/share/turtlebot3_gazebo//models/turtlebot3_autorace_2020/traffic_stop/materials/textures/traffic_stop.png
[29.944s] -- Installing: /workspace/ros2_ws/src/install/turtlebot3_gazebo/share/turtlebot3_gazebo//models/turtlebot3_autorace_2020/traffic_stop/materials/scripts
[29.945s] -- Installing: /workspace/ros2_ws/src/install/turtlebot3_gazebo/share/turtlebot3_gazebo//models/turtlebot3_autorace_2020/traffic_stop/materials/scripts/traffic_stop.material
[29.945s] -- Installing: /workspace/ros2_ws/src/install/turtlebot3_gazebo/share/turtlebot3_gazebo//rviz
[29.945s] -- Installing: /workspace/ros2_ws/src/install/turtlebot3_gazebo/share/turtlebot3_gazebo//rviz/tb3_gazebo.rviz
[29.946s] -- Installing: /workspace/ros2_ws/src/install/turtlebot3_gazebo/share/turtlebot3_gazebo//urdf
[29.946s] -- Installing: /workspace/ros2_ws/src/install/turtlebot3_gazebo/share/turtlebot3_gazebo//urdf/turtlebot3_waffle_pi.urdf
[29.946s] -- Installing: /workspace/ros2_ws/src/install/turtlebot3_gazebo/share/turtlebot3_gazebo//urdf/turtlebot3_burger.urdf
[29.946s] -- Installing: /workspace/ros2_ws/src/install/turtlebot3_gazebo/share/turtlebot3_gazebo//urdf/common_properties.urdf
[29.947s] -- Installing: /workspace/ros2_ws/src/install/turtlebot3_gazebo/share/turtlebot3_gazebo//urdf/turtlebot3_waffle.urdf
[29.947s] -- Installing: /workspace/ros2_ws/src/install/turtlebot3_gazebo/share/turtlebot3_gazebo//urdf/turtlebot3_burger_cam.urdf
[29.947s] -- Installing: /workspace/ros2_ws/src/install/turtlebot3_gazebo/share/turtlebot3_gazebo//worlds
[29.948s] -- Installing: /workspace/ros2_ws/src/install/turtlebot3_gazebo/share/turtlebot3_gazebo//worlds/turtlebot3_dqn_stage3.world
[29.948s] -- Installing: /workspace/ros2_ws/src/install/turtlebot3_gazebo/share/turtlebot3_gazebo//worlds/turtlebot3_autorace_2020.world
[29.949s] -- Installing: /workspace/ros2_ws/src/install/turtlebot3_gazebo/share/turtlebot3_gazebo//worlds/turtlebot3_dqn_stage4.world
[29.949s] -- Installing: /workspace/ros2_ws/src/install/turtlebot3_gazebo/share/turtlebot3_gazebo//worlds/turtlebot3_dqn_stage2.world
[29.949s] -- Installing: /workspace/ros2_ws/src/install/turtlebot3_gazebo/share/turtlebot3_gazebo//worlds/turtlebot3_dqn_stage1.world
[29.950s] -- Installing: /workspace/ros2_ws/src/install/turtlebot3_gazebo/share/turtlebot3_gazebo//worlds/turtlebot3_house.world
[29.950s] -- Installing: /workspace/ros2_ws/src/install/turtlebot3_gazebo/share/turtlebot3_gazebo//worlds/empty_world.world
[29.950s] -- Installing: /workspace/ros2_ws/src/install/turtlebot3_gazebo/share/turtlebot3_gazebo//worlds/turtlebot3_world.world
[29.951s] -- Installing: /workspace/ros2_ws/src/install/turtlebot3_gazebo/include/
[29.951s] -- Installing: /workspace/ros2_ws/src/install/turtlebot3_gazebo/include//turtlebot3_gazebo
[29.951s] -- Installing: /workspace/ros2_ws/src/install/turtlebot3_gazebo/include//turtlebot3_gazebo/traffic_bar_plugin.hpp
[29.951s] -- Installing: /workspace/ros2_ws/src/install/turtlebot3_gazebo/include//turtlebot3_gazebo/traffic_light_plugin.hpp
[29.952s] -- Installing: /workspace/ros2_ws/src/install/turtlebot3_gazebo/include//turtlebot3_gazebo/obstacles.hpp
[29.952s] -- Installing: /workspace/ros2_ws/src/install/turtlebot3_gazebo/include//turtlebot3_gazebo/obstacle2.hpp
[29.952s] -- Installing: /workspace/ros2_ws/src/install/turtlebot3_gazebo/include//turtlebot3_gazebo/obstacle1.hpp
[29.952s] -- Installing: /workspace/ros2_ws/src/install/turtlebot3_gazebo/include//turtlebot3_gazebo/turtlebot3_drive.hpp
[29.953s] -- Installing: /workspace/ros2_ws/src/install/turtlebot3_gazebo/share/ament_index/resource_index/package_run_dependencies/turtlebot3_gazebo
[29.953s] -- Installing: /workspace/ros2_ws/src/install/turtlebot3_gazebo/share/ament_index/resource_index/parent_prefix_path/turtlebot3_gazebo
[29.953s] -- Installing: /workspace/ros2_ws/src/install/turtlebot3_gazebo/share/turtlebot3_gazebo/environment/ament_prefix_path.sh
[29.954s] -- Installing: /workspace/ros2_ws/src/install/turtlebot3_gazebo/share/turtlebot3_gazebo/environment/ament_prefix_path.dsv
[29.954s] -- Installing: /workspace/ros2_ws/src/install/turtlebot3_gazebo/share/turtlebot3_gazebo/environment/path.sh
[29.955s] -- Installing: /workspace/ros2_ws/src/install/turtlebot3_gazebo/share/turtlebot3_gazebo/environment/path.dsv
[29.955s] -- Installing: /workspace/ros2_ws/src/install/turtlebot3_gazebo/share/turtlebot3_gazebo/local_setup.bash
[29.955s] -- Installing: /workspace/ros2_ws/src/install/turtlebot3_gazebo/share/turtlebot3_gazebo/local_setup.sh
[29.955s] -- Installing: /workspace/ros2_ws/src/install/turtlebot3_gazebo/share/turtlebot3_gazebo/local_setup.zsh
[29.956s] -- Installing: /workspace/ros2_ws/src/install/turtlebot3_gazebo/share/turtlebot3_gazebo/local_setup.dsv
[29.956s] -- Installing: /workspace/ros2_ws/src/install/turtlebot3_gazebo/share/turtlebot3_gazebo/package.dsv
[29.956s] -- Installing: /workspace/ros2_ws/src/install/turtlebot3_gazebo/share/ament_index/resource_index/packages/turtlebot3_gazebo
[29.956s] -- Installing: /workspace/ros2_ws/src/install/turtlebot3_gazebo/share/turtlebot3_gazebo/cmake/ament_cmake_export_include_directories-extras.cmake
[29.957s] -- Installing: /workspace/ros2_ws/src/install/turtlebot3_gazebo/share/turtlebot3_gazebo/cmake/ament_cmake_export_dependencies-extras.cmake
[29.957s] -- Installing: /workspace/ros2_ws/src/install/turtlebot3_gazebo/share/turtlebot3_gazebo/cmake/turtlebot3_gazeboConfig.cmake
[29.957s] -- Installing: /workspace/ros2_ws/src/install/turtlebot3_gazebo/share/turtlebot3_gazebo/cmake/turtlebot3_gazeboConfig-version.cmake
[29.957s] -- Installing: /workspace/ros2_ws/src/install/turtlebot3_gazebo/share/turtlebot3_gazebo/package.xml
[29.961s] Invoked command in '/workspace/ros2_ws/src/build/turtlebot3_gazebo' returned '0': CMAKE_PREFIX_PATH=${CMAKE_PREFIX_PATH}:/workspace/ros2_ws/src/install/servicio_suma:/workspace/ros2_ws/src/install/primer_paquete:/workspace/ros2_ws/src/install/paquete1:/workspace/ros2_ws/src/install/mi_accion:/workspace/ros2_ws/src/install/maze_pkg:/workspace/ros2_ws/install/turtlebot3_teleop:/workspace/ros2_ws/install/turtlebot3_example:/workspace/ros2_ws/install/servicio_suma:/workspace/ros2_ws/install/service_temp:/workspace/ros2_ws/install/primer_paquete:/workspace/ros2_ws/install/paquete1:/workspace/ros2_ws/install/p3_pkg:/workspace/ros2_ws/install/p2pkg:/workspace/ros2_ws/install/mi_accion:/workspace/ros2_ws/install/battery_act:/workspace/install/servicio_suma:/opt/ros/humble /usr/bin/cmake --install /workspace/ros2_ws/src/build/turtlebot3_gazebo
