[0.008s] Invoking command in '/workspace/ros2_ws/src/build/interfaz_servicio_suma': CMAKE_PREFIX_PATH=${CMAKE_PREFIX_PATH}:/workspace/ros2_ws/src/install/servicio_suma:/workspace/ros2_ws/install/servicio_suma:/workspace/ros2_ws/install/servicio_operacion:/opt/ros/humble /usr/bin/cmake --build /workspace/ros2_ws/src/build/interfaz_servicio_suma -- -j12 -l12
[0.055s] [  9%] Built target interfaz_servicio_suma__rosidl_generator_c
[0.056s] [ 12%] Built target interfaz_servicio_suma__cpp
[0.064s] [ 12%] Built target ament_cmake_python_copy_interfaz_servicio_suma
[0.080s] [ 22%] Built target interfaz_servicio_suma__rosidl_typesupport_introspection_c
[0.082s] [ 32%] Built target interfaz_servicio_suma__rosidl_typesupport_c
[0.082s] [ 41%] Built target interfaz_servicio_suma__rosidl_typesupport_cpp
[0.085s] [ 51%] Built target interfaz_servicio_suma__rosidl_typesupport_fastrtps_c
[0.085s] [ 61%] Built target interfaz_servicio_suma__rosidl_typesupport_introspection_cpp
[0.087s] [ 70%] Built target interfaz_servicio_suma__rosidl_typesupport_fastrtps_cpp
[0.102s] [ 70%] Built target interfaz_servicio_suma
[0.119s] [ 74%] Built target interfaz_servicio_suma__py
[0.141s] [ 80%] Built target interfaz_servicio_suma__rosidl_generator_py
[0.162s] [ 87%] Built target interfaz_servicio_suma__rosidl_typesupport_c__pyext
[0.165s] [100%] Built target interfaz_servicio_suma__rosidl_typesupport_fastrtps_c__pyext
[0.165s] [100%] Built target interfaz_servicio_suma__rosidl_typesupport_introspection_c__pyext
[0.233s] running egg_info
[0.234s] writing interfaz_servicio_suma.egg-info/PKG-INFO
[0.234s] writing dependency_links to interfaz_servicio_suma.egg-info/dependency_links.txt
[0.234s] writing top-level names to interfaz_servicio_suma.egg-info/top_level.txt
[0.236s] reading manifest file 'interfaz_servicio_suma.egg-info/SOURCES.txt'
[0.236s] writing manifest file 'interfaz_servicio_suma.egg-info/SOURCES.txt'
[0.254s] [100%] Built target ament_cmake_python_build_interfaz_servicio_suma_egg
[0.263s] Invoked command in '/workspace/ros2_ws/src/build/interfaz_servicio_suma' returned '0': CMAKE_PREFIX_PATH=${CMAKE_PREFIX_PATH}:/workspace/ros2_ws/src/install/servicio_suma:/workspace/ros2_ws/install/servicio_suma:/workspace/ros2_ws/install/servicio_operacion:/opt/ros/humble /usr/bin/cmake --build /workspace/ros2_ws/src/build/interfaz_servicio_suma -- -j12 -l12
[0.272s] Invoking command in '/workspace/ros2_ws/src/build/interfaz_servicio_suma': CMAKE_PREFIX_PATH=${CMAKE_PREFIX_PATH}:/workspace/ros2_ws/src/install/servicio_suma:/workspace/ros2_ws/install/servicio_suma:/workspace/ros2_ws/install/servicio_operacion:/opt/ros/humble /usr/bin/cmake --install /workspace/ros2_ws/src/build/interfaz_servicio_suma
[0.279s] -- Install configuration: ""
[0.279s] -- Up-to-date: /workspace/ros2_ws/src/install/interfaz_servicio_suma/share/ament_index/resource_index/rosidl_interfaces/interfaz_servicio_suma
[0.279s] -- Up-to-date: /workspace/ros2_ws/src/install/interfaz_servicio_suma/include/interfaz_servicio_suma/interfaz_servicio_suma
[0.279s] -- Up-to-date: /workspace/ros2_ws/src/install/interfaz_servicio_suma/include/interfaz_servicio_suma/interfaz_servicio_suma/msg
[0.279s] -- Up-to-date: /workspace/ros2_ws/src/install/interfaz_servicio_suma/include/interfaz_servicio_suma/interfaz_servicio_suma/msg/rosidl_generator_c__visibility_control.h
[0.280s] -- Up-to-date: /workspace/ros2_ws/src/install/interfaz_servicio_suma/include/interfaz_servicio_suma/interfaz_servicio_suma/srv
[0.280s] -- Up-to-date: /workspace/ros2_ws/src/install/interfaz_servicio_suma/include/interfaz_servicio_suma/interfaz_servicio_suma/srv/detail
[0.280s] -- Up-to-date: /workspace/ros2_ws/src/install/interfaz_servicio_suma/include/interfaz_servicio_suma/interfaz_servicio_suma/srv/detail/add_two_ints__type_support.h
[0.280s] -- Up-to-date: /workspace/ros2_ws/src/install/interfaz_servicio_suma/include/interfaz_servicio_suma/interfaz_servicio_suma/srv/detail/add_two_ints__functions.h
[0.280s] -- Up-to-date: /workspace/ros2_ws/src/install/interfaz_servicio_suma/include/interfaz_servicio_suma/interfaz_servicio_suma/srv/detail/add_two_ints__struct.h
[0.280s] -- Up-to-date: /workspace/ros2_ws/src/install/interfaz_servicio_suma/include/interfaz_servicio_suma/interfaz_servicio_suma/srv/detail/add_two_ints__functions.c
[0.280s] -- Up-to-date: /workspace/ros2_ws/src/install/interfaz_servicio_suma/include/interfaz_servicio_suma/interfaz_servicio_suma/srv/add_two_ints.h
[0.280s] -- Up-to-date: /workspace/ros2_ws/src/install/interfaz_servicio_suma/share/interfaz_servicio_suma/environment/library_path.sh
[0.280s] -- Up-to-date: /workspace/ros2_ws/src/install/interfaz_servicio_suma/share/interfaz_servicio_suma/environment/library_path.dsv
[0.280s] -- Up-to-date: /workspace/ros2_ws/src/install/interfaz_servicio_suma/lib/libinterfaz_servicio_suma__rosidl_generator_c.so
[0.280s] -- Up-to-date: /workspace/ros2_ws/src/install/interfaz_servicio_suma/include/interfaz_servicio_suma/interfaz_servicio_suma
[0.280s] -- Up-to-date: /workspace/ros2_ws/src/install/interfaz_servicio_suma/include/interfaz_servicio_suma/interfaz_servicio_suma/msg
[0.280s] -- Up-to-date: /workspace/ros2_ws/src/install/interfaz_servicio_suma/include/interfaz_servicio_suma/interfaz_servicio_suma/msg/rosidl_typesupport_fastrtps_c__visibility_control.h
[0.280s] -- Up-to-date: /workspace/ros2_ws/src/install/interfaz_servicio_suma/include/interfaz_servicio_suma/interfaz_servicio_suma/srv
[0.280s] -- Up-to-date: /workspace/ros2_ws/src/install/interfaz_servicio_suma/include/interfaz_servicio_suma/interfaz_servicio_suma/srv/detail
[0.280s] -- Up-to-date: /workspace/ros2_ws/src/install/interfaz_servicio_suma/include/interfaz_servicio_suma/interfaz_servicio_suma/srv/detail/add_two_ints__rosidl_typesupport_fastrtps_c.h
[0.280s] -- Up-to-date: /workspace/ros2_ws/src/install/interfaz_servicio_suma/lib/libinterfaz_servicio_suma__rosidl_typesupport_fastrtps_c.so
[0.280s] -- Up-to-date: /workspace/ros2_ws/src/install/interfaz_servicio_suma/include/interfaz_servicio_suma/interfaz_servicio_suma
[0.280s] -- Up-to-date: /workspace/ros2_ws/src/install/interfaz_servicio_suma/include/interfaz_servicio_suma/interfaz_servicio_suma/msg
[0.280s] -- Up-to-date: /workspace/ros2_ws/src/install/interfaz_servicio_suma/include/interfaz_servicio_suma/interfaz_servicio_suma/msg/rosidl_generator_cpp__visibility_control.hpp
[0.280s] -- Up-to-date: /workspace/ros2_ws/src/install/interfaz_servicio_suma/include/interfaz_servicio_suma/interfaz_servicio_suma/srv
[0.280s] -- Up-to-date: /workspace/ros2_ws/src/install/interfaz_servicio_suma/include/interfaz_servicio_suma/interfaz_servicio_suma/srv/detail
[0.280s] -- Up-to-date: /workspace/ros2_ws/src/install/interfaz_servicio_suma/include/interfaz_servicio_suma/interfaz_servicio_suma/srv/detail/add_two_ints__builder.hpp
[0.280s] -- Up-to-date: /workspace/ros2_ws/src/install/interfaz_servicio_suma/include/interfaz_servicio_suma/interfaz_servicio_suma/srv/detail/add_two_ints__traits.hpp
[0.280s] -- Up-to-date: /workspace/ros2_ws/src/install/interfaz_servicio_suma/include/interfaz_servicio_suma/interfaz_servicio_suma/srv/detail/add_two_ints__struct.hpp
[0.280s] -- Up-to-date: /workspace/ros2_ws/src/install/interfaz_servicio_suma/include/interfaz_servicio_suma/interfaz_servicio_suma/srv/detail/add_two_ints__type_support.hpp
[0.281s] -- Up-to-date: /workspace/ros2_ws/src/install/interfaz_servicio_suma/include/interfaz_servicio_suma/interfaz_servicio_suma/srv/add_two_ints.hpp
[0.281s] -- Up-to-date: /workspace/ros2_ws/src/install/interfaz_servicio_suma/include/interfaz_servicio_suma/interfaz_servicio_suma
[0.281s] -- Up-to-date: /workspace/ros2_ws/src/install/interfaz_servicio_suma/include/interfaz_servicio_suma/interfaz_servicio_suma/msg
[0.281s] -- Up-to-date: /workspace/ros2_ws/src/install/interfaz_servicio_suma/include/interfaz_servicio_suma/interfaz_servicio_suma/msg/rosidl_typesupport_fastrtps_cpp__visibility_control.h
[0.281s] -- Up-to-date: /workspace/ros2_ws/src/install/interfaz_servicio_suma/include/interfaz_servicio_suma/interfaz_servicio_suma/srv
[0.281s] -- Up-to-date: /workspace/ros2_ws/src/install/interfaz_servicio_suma/include/interfaz_servicio_suma/interfaz_servicio_suma/srv/detail
[0.281s] -- Up-to-date: /workspace/ros2_ws/src/install/interfaz_servicio_suma/include/interfaz_servicio_suma/interfaz_servicio_suma/srv/detail/dds_fastrtps
[0.281s] -- Up-to-date: /workspace/ros2_ws/src/install/interfaz_servicio_suma/include/interfaz_servicio_suma/interfaz_servicio_suma/srv/detail/add_two_ints__rosidl_typesupport_fastrtps_cpp.hpp
[0.281s] -- Up-to-date: /workspace/ros2_ws/src/install/interfaz_servicio_suma/lib/libinterfaz_servicio_suma__rosidl_typesupport_fastrtps_cpp.so
[0.281s] -- Up-to-date: /workspace/ros2_ws/src/install/interfaz_servicio_suma/include/interfaz_servicio_suma/interfaz_servicio_suma
[0.281s] -- Up-to-date: /workspace/ros2_ws/src/install/interfaz_servicio_suma/include/interfaz_servicio_suma/interfaz_servicio_suma/msg
[0.281s] -- Up-to-date: /workspace/ros2_ws/src/install/interfaz_servicio_suma/include/interfaz_servicio_suma/interfaz_servicio_suma/msg/rosidl_typesupport_introspection_c__visibility_control.h
[0.281s] -- Up-to-date: /workspace/ros2_ws/src/install/interfaz_servicio_suma/include/interfaz_servicio_suma/interfaz_servicio_suma/srv
[0.281s] -- Up-to-date: /workspace/ros2_ws/src/install/interfaz_servicio_suma/include/interfaz_servicio_suma/interfaz_servicio_suma/srv/detail
[0.281s] -- Up-to-date: /workspace/ros2_ws/src/install/interfaz_servicio_suma/include/interfaz_servicio_suma/interfaz_servicio_suma/srv/detail/add_two_ints__rosidl_typesupport_introspection_c.h
[0.281s] -- Up-to-date: /workspace/ros2_ws/src/install/interfaz_servicio_suma/include/interfaz_servicio_suma/interfaz_servicio_suma/srv/detail/add_two_ints__type_support.c
[0.281s] -- Up-to-date: /workspace/ros2_ws/src/install/interfaz_servicio_suma/lib/libinterfaz_servicio_suma__rosidl_typesupport_introspection_c.so
[0.282s] -- Up-to-date: /workspace/ros2_ws/src/install/interfaz_servicio_suma/lib/libinterfaz_servicio_suma__rosidl_typesupport_c.so
[0.282s] -- Up-to-date: /workspace/ros2_ws/src/install/interfaz_servicio_suma/include/interfaz_servicio_suma/interfaz_servicio_suma
[0.282s] -- Up-to-date: /workspace/ros2_ws/src/install/interfaz_servicio_suma/include/interfaz_servicio_suma/interfaz_servicio_suma/srv
[0.282s] -- Up-to-date: /workspace/ros2_ws/src/install/interfaz_servicio_suma/include/interfaz_servicio_suma/interfaz_servicio_suma/srv/detail
[0.282s] -- Up-to-date: /workspace/ros2_ws/src/install/interfaz_servicio_suma/include/interfaz_servicio_suma/interfaz_servicio_suma/srv/detail/add_two_ints__rosidl_typesupport_introspection_cpp.hpp
[0.282s] -- Up-to-date: /workspace/ros2_ws/src/install/interfaz_servicio_suma/include/interfaz_servicio_suma/interfaz_servicio_suma/srv/detail/add_two_ints__type_support.cpp
[0.282s] -- Up-to-date: /workspace/ros2_ws/src/install/interfaz_servicio_suma/lib/libinterfaz_servicio_suma__rosidl_typesupport_introspection_cpp.so
[0.282s] -- Up-to-date: /workspace/ros2_ws/src/install/interfaz_servicio_suma/lib/libinterfaz_servicio_suma__rosidl_typesupport_cpp.so
[0.282s] -- Up-to-date: /workspace/ros2_ws/src/install/interfaz_servicio_suma/share/interfaz_servicio_suma/environment/pythonpath.sh
[0.282s] -- Up-to-date: /workspace/ros2_ws/src/install/interfaz_servicio_suma/share/interfaz_servicio_suma/environment/pythonpath.dsv
[0.282s] -- Up-to-date: /workspace/ros2_ws/src/install/interfaz_servicio_suma/local/lib/python3.10/dist-packages/interfaz_servicio_suma-0.0.0-py3.10.egg-info
[0.282s] -- Installing: /workspace/ros2_ws/src/install/interfaz_servicio_suma/local/lib/python3.10/dist-packages/interfaz_servicio_suma-0.0.0-py3.10.egg-info/PKG-INFO
[0.283s] -- Installing: /workspace/ros2_ws/src/install/interfaz_servicio_suma/local/lib/python3.10/dist-packages/interfaz_servicio_suma-0.0.0-py3.10.egg-info/dependency_links.txt
[0.283s] -- Installing: /workspace/ros2_ws/src/install/interfaz_servicio_suma/local/lib/python3.10/dist-packages/interfaz_servicio_suma-0.0.0-py3.10.egg-info/SOURCES.txt
[0.283s] -- Installing: /workspace/ros2_ws/src/install/interfaz_servicio_suma/local/lib/python3.10/dist-packages/interfaz_servicio_suma-0.0.0-py3.10.egg-info/top_level.txt
[0.283s] -- Up-to-date: /workspace/ros2_ws/src/install/interfaz_servicio_suma/local/lib/python3.10/dist-packages/interfaz_servicio_suma
[0.283s] -- Up-to-date: /workspace/ros2_ws/src/install/interfaz_servicio_suma/local/lib/python3.10/dist-packages/interfaz_servicio_suma/interfaz_servicio_suma_s__rosidl_typesupport_introspection_c.cpython-310-x86_64-linux-gnu.so
[0.283s] -- Up-to-date: /workspace/ros2_ws/src/install/interfaz_servicio_suma/local/lib/python3.10/dist-packages/interfaz_servicio_suma/_interfaz_servicio_suma_s.ep.rosidl_typesupport_fastrtps_c.c
[0.283s] -- Up-to-date: /workspace/ros2_ws/src/install/interfaz_servicio_suma/local/lib/python3.10/dist-packages/interfaz_servicio_suma/interfaz_servicio_suma_s__rosidl_typesupport_c.cpython-310-x86_64-linux-gnu.so
[0.283s] -- Up-to-date: /workspace/ros2_ws/src/install/interfaz_servicio_suma/local/lib/python3.10/dist-packages/interfaz_servicio_suma/libinterfaz_servicio_suma__rosidl_generator_py.so
[0.283s] -- Up-to-date: /workspace/ros2_ws/src/install/interfaz_servicio_suma/local/lib/python3.10/dist-packages/interfaz_servicio_suma/interfaz_servicio_suma_s__rosidl_typesupport_fastrtps_c.cpython-310-x86_64-linux-gnu.so
[0.283s] -- Up-to-date: /workspace/ros2_ws/src/install/interfaz_servicio_suma/local/lib/python3.10/dist-packages/interfaz_servicio_suma/_interfaz_servicio_suma_s.ep.rosidl_typesupport_introspection_c.c
[0.283s] -- Up-to-date: /workspace/ros2_ws/src/install/interfaz_servicio_suma/local/lib/python3.10/dist-packages/interfaz_servicio_suma/srv
[0.283s] -- Up-to-date: /workspace/ros2_ws/src/install/interfaz_servicio_suma/local/lib/python3.10/dist-packages/interfaz_servicio_suma/srv/_add_two_ints.py
[0.284s] -- Up-to-date: /workspace/ros2_ws/src/install/interfaz_servicio_suma/local/lib/python3.10/dist-packages/interfaz_servicio_suma/srv/_add_two_ints_s.c
[0.284s] -- Up-to-date: /workspace/ros2_ws/src/install/interfaz_servicio_suma/local/lib/python3.10/dist-packages/interfaz_servicio_suma/srv/__init__.py
[0.284s] -- Up-to-date: /workspace/ros2_ws/src/install/interfaz_servicio_suma/local/lib/python3.10/dist-packages/interfaz_servicio_suma/__init__.py
[0.284s] -- Up-to-date: /workspace/ros2_ws/src/install/interfaz_servicio_suma/local/lib/python3.10/dist-packages/interfaz_servicio_suma/_interfaz_servicio_suma_s.ep.rosidl_typesupport_c.c
[0.305s] Listing '/workspace/ros2_ws/src/install/interfaz_servicio_suma/local/lib/python3.10/dist-packages/interfaz_servicio_suma'...
[0.305s] Listing '/workspace/ros2_ws/src/install/interfaz_servicio_suma/local/lib/python3.10/dist-packages/interfaz_servicio_suma/srv'...
[0.307s] -- Up-to-date: /workspace/ros2_ws/src/install/interfaz_servicio_suma/local/lib/python3.10/dist-packages/interfaz_servicio_suma/interfaz_servicio_suma_s__rosidl_typesupport_fastrtps_c.cpython-310-x86_64-linux-gnu.so
[0.307s] -- Up-to-date: /workspace/ros2_ws/src/install/interfaz_servicio_suma/local/lib/python3.10/dist-packages/interfaz_servicio_suma/interfaz_servicio_suma_s__rosidl_typesupport_introspection_c.cpython-310-x86_64-linux-gnu.so
[0.308s] -- Up-to-date: /workspace/ros2_ws/src/install/interfaz_servicio_suma/local/lib/python3.10/dist-packages/interfaz_servicio_suma/interfaz_servicio_suma_s__rosidl_typesupport_c.cpython-310-x86_64-linux-gnu.so
[0.308s] -- Up-to-date: /workspace/ros2_ws/src/install/interfaz_servicio_suma/lib/libinterfaz_servicio_suma__rosidl_generator_py.so
[0.308s] -- Up-to-date: /workspace/ros2_ws/src/install/interfaz_servicio_suma/share/interfaz_servicio_suma/srv/AddTwoInts.idl
[0.308s] -- Up-to-date: /workspace/ros2_ws/src/install/interfaz_servicio_suma/share/interfaz_servicio_suma/srv/AddTwoInts.srv
[0.308s] -- Up-to-date: /workspace/ros2_ws/src/install/interfaz_servicio_suma/share/interfaz_servicio_suma/srv/AddTwoInts_Request.msg
[0.308s] -- Up-to-date: /workspace/ros2_ws/src/install/interfaz_servicio_suma/share/interfaz_servicio_suma/srv/AddTwoInts_Response.msg
[0.308s] -- Up-to-date: /workspace/ros2_ws/src/install/interfaz_servicio_suma/share/ament_index/resource_index/package_run_dependencies/interfaz_servicio_suma
[0.308s] -- Up-to-date: /workspace/ros2_ws/src/install/interfaz_servicio_suma/share/ament_index/resource_index/parent_prefix_path/interfaz_servicio_suma
[0.308s] -- Up-to-date: /workspace/ros2_ws/src/install/interfaz_servicio_suma/share/interfaz_servicio_suma/environment/ament_prefix_path.sh
[0.308s] -- Up-to-date: /workspace/ros2_ws/src/install/interfaz_servicio_suma/share/interfaz_servicio_suma/environment/ament_prefix_path.dsv
[0.308s] -- Up-to-date: /workspace/ros2_ws/src/install/interfaz_servicio_suma/share/interfaz_servicio_suma/environment/path.sh
[0.308s] -- Up-to-date: /workspace/ros2_ws/src/install/interfaz_servicio_suma/share/interfaz_servicio_suma/environment/path.dsv
[0.308s] -- Up-to-date: /workspace/ros2_ws/src/install/interfaz_servicio_suma/share/interfaz_servicio_suma/local_setup.bash
[0.308s] -- Up-to-date: /workspace/ros2_ws/src/install/interfaz_servicio_suma/share/interfaz_servicio_suma/local_setup.sh
[0.308s] -- Up-to-date: /workspace/ros2_ws/src/install/interfaz_servicio_suma/share/interfaz_servicio_suma/local_setup.zsh
[0.308s] -- Up-to-date: /workspace/ros2_ws/src/install/interfaz_servicio_suma/share/interfaz_servicio_suma/local_setup.dsv
[0.308s] -- Installing: /workspace/ros2_ws/src/install/interfaz_servicio_suma/share/interfaz_servicio_suma/package.dsv
[0.308s] -- Up-to-date: /workspace/ros2_ws/src/install/interfaz_servicio_suma/share/ament_index/resource_index/packages/interfaz_servicio_suma
[0.308s] -- Up-to-date: /workspace/ros2_ws/src/install/interfaz_servicio_suma/share/interfaz_servicio_suma/cmake/export_interfaz_servicio_suma__rosidl_generator_cExport.cmake
[0.308s] -- Up-to-date: /workspace/ros2_ws/src/install/interfaz_servicio_suma/share/interfaz_servicio_suma/cmake/export_interfaz_servicio_suma__rosidl_generator_cExport-noconfig.cmake
[0.308s] -- Up-to-date: /workspace/ros2_ws/src/install/interfaz_servicio_suma/share/interfaz_servicio_suma/cmake/export_interfaz_servicio_suma__rosidl_typesupport_fastrtps_cExport.cmake
[0.308s] -- Up-to-date: /workspace/ros2_ws/src/install/interfaz_servicio_suma/share/interfaz_servicio_suma/cmake/export_interfaz_servicio_suma__rosidl_typesupport_fastrtps_cExport-noconfig.cmake
[0.308s] -- Up-to-date: /workspace/ros2_ws/src/install/interfaz_servicio_suma/share/interfaz_servicio_suma/cmake/export_interfaz_servicio_suma__rosidl_generator_cppExport.cmake
[0.308s] -- Up-to-date: /workspace/ros2_ws/src/install/interfaz_servicio_suma/share/interfaz_servicio_suma/cmake/export_interfaz_servicio_suma__rosidl_typesupport_fastrtps_cppExport.cmake
[0.309s] -- Up-to-date: /workspace/ros2_ws/src/install/interfaz_servicio_suma/share/interfaz_servicio_suma/cmake/export_interfaz_servicio_suma__rosidl_typesupport_fastrtps_cppExport-noconfig.cmake
[0.309s] -- Up-to-date: /workspace/ros2_ws/src/install/interfaz_servicio_suma/share/interfaz_servicio_suma/cmake/interfaz_servicio_suma__rosidl_typesupport_introspection_cExport.cmake
[0.309s] -- Up-to-date: /workspace/ros2_ws/src/install/interfaz_servicio_suma/share/interfaz_servicio_suma/cmake/interfaz_servicio_suma__rosidl_typesupport_introspection_cExport-noconfig.cmake
[0.309s] -- Up-to-date: /workspace/ros2_ws/src/install/interfaz_servicio_suma/share/interfaz_servicio_suma/cmake/interfaz_servicio_suma__rosidl_typesupport_cExport.cmake
[0.309s] -- Up-to-date: /workspace/ros2_ws/src/install/interfaz_servicio_suma/share/interfaz_servicio_suma/cmake/interfaz_servicio_suma__rosidl_typesupport_cExport-noconfig.cmake
[0.309s] -- Up-to-date: /workspace/ros2_ws/src/install/interfaz_servicio_suma/share/interfaz_servicio_suma/cmake/interfaz_servicio_suma__rosidl_typesupport_introspection_cppExport.cmake
[0.309s] -- Up-to-date: /workspace/ros2_ws/src/install/interfaz_servicio_suma/share/interfaz_servicio_suma/cmake/interfaz_servicio_suma__rosidl_typesupport_introspection_cppExport-noconfig.cmake
[0.309s] -- Up-to-date: /workspace/ros2_ws/src/install/interfaz_servicio_suma/share/interfaz_servicio_suma/cmake/interfaz_servicio_suma__rosidl_typesupport_cppExport.cmake
[0.309s] -- Up-to-date: /workspace/ros2_ws/src/install/interfaz_servicio_suma/share/interfaz_servicio_suma/cmake/interfaz_servicio_suma__rosidl_typesupport_cppExport-noconfig.cmake
[0.309s] -- Up-to-date: /workspace/ros2_ws/src/install/interfaz_servicio_suma/share/interfaz_servicio_suma/cmake/export_interfaz_servicio_suma__rosidl_generator_pyExport.cmake
[0.309s] -- Up-to-date: /workspace/ros2_ws/src/install/interfaz_servicio_suma/share/interfaz_servicio_suma/cmake/export_interfaz_servicio_suma__rosidl_generator_pyExport-noconfig.cmake
[0.309s] -- Up-to-date: /workspace/ros2_ws/src/install/interfaz_servicio_suma/share/interfaz_servicio_suma/cmake/rosidl_cmake-extras.cmake
[0.309s] -- Up-to-date: /workspace/ros2_ws/src/install/interfaz_servicio_suma/share/interfaz_servicio_suma/cmake/ament_cmake_export_dependencies-extras.cmake
[0.309s] -- Up-to-date: /workspace/ros2_ws/src/install/interfaz_servicio_suma/share/interfaz_servicio_suma/cmake/ament_cmake_export_include_directories-extras.cmake
[0.309s] -- Up-to-date: /workspace/ros2_ws/src/install/interfaz_servicio_suma/share/interfaz_servicio_suma/cmake/ament_cmake_export_libraries-extras.cmake
[0.309s] -- Up-to-date: /workspace/ros2_ws/src/install/interfaz_servicio_suma/share/interfaz_servicio_suma/cmake/ament_cmake_export_targets-extras.cmake
[0.309s] -- Up-to-date: /workspace/ros2_ws/src/install/interfaz_servicio_suma/share/interfaz_servicio_suma/cmake/rosidl_cmake_export_typesupport_targets-extras.cmake
[0.309s] -- Up-to-date: /workspace/ros2_ws/src/install/interfaz_servicio_suma/share/interfaz_servicio_suma/cmake/rosidl_cmake_export_typesupport_libraries-extras.cmake
[0.309s] -- Up-to-date: /workspace/ros2_ws/src/install/interfaz_servicio_suma/share/interfaz_servicio_suma/cmake/interfaz_servicio_sumaConfig.cmake
[0.309s] -- Up-to-date: /workspace/ros2_ws/src/install/interfaz_servicio_suma/share/interfaz_servicio_suma/cmake/interfaz_servicio_sumaConfig-version.cmake
[0.309s] -- Up-to-date: /workspace/ros2_ws/src/install/interfaz_servicio_suma/share/interfaz_servicio_suma/package.xml
[0.311s] Invoked command in '/workspace/ros2_ws/src/build/interfaz_servicio_suma' returned '0': CMAKE_PREFIX_PATH=${CMAKE_PREFIX_PATH}:/workspace/ros2_ws/src/install/servicio_suma:/workspace/ros2_ws/install/servicio_suma:/workspace/ros2_ws/install/servicio_operacion:/opt/ros/humble /usr/bin/cmake --install /workspace/ros2_ws/src/build/interfaz_servicio_suma
