-- The C compiler identification is GNU 11.4.0
-- The CXX compiler identification is GNU 11.4.0
-- Detecting C compiler ABI info
-- Detecting C compiler ABI info - done
-- Check for working C compiler: /usr/bin/cc - skipped
-- Detecting C compile features
-- Detecting C compile features - done
-- Detecting CXX compiler ABI info
-- Detecting CXX compiler ABI info - done
-- Check for working CXX compiler: /usr/bin/c++ - skipped
-- Detecting CXX compile features
-- Detecting CXX compile features - done
-- Found ament_cmake: 1.3.12 (/opt/ros/humble/share/ament_cmake/cmake)
-- Found Python3: /usr/bin/python3 (found version "3.10.12") found components: Interpreter 
-- Found ament_lint_auto: 0.12.14 (/opt/ros/humble/share/ament_lint_auto/cmake)
-- Added test 'lint_cmake' to check CMake code style
-- Added test 'xmllint' to check XML markup files
-- Configuring done
-- Generating done
-- Build files have been written to: /workspace/ros2_ws/src/build/interfaz
-- Install configuration: ""
-- Installing: /workspace/ros2_ws/src/install/interfaz/share/ament_index/resource_index/package_run_dependencies/interfaz
-- Installing: /workspace/ros2_ws/src/install/interfaz/share/ament_index/resource_index/parent_prefix_path/interfaz
-- Installing: /workspace/ros2_ws/src/install/interfaz/share/interfaz/environment/ament_prefix_path.sh
-- Installing: /workspace/ros2_ws/src/install/interfaz/share/interfaz/environment/ament_prefix_path.dsv
-- Installing: /workspace/ros2_ws/src/install/interfaz/share/interfaz/environment/path.sh
-- Installing: /workspace/ros2_ws/src/install/interfaz/share/interfaz/environment/path.dsv
-- Installing: /workspace/ros2_ws/src/install/interfaz/share/interfaz/local_setup.bash
-- Installing: /workspace/ros2_ws/src/install/interfaz/share/interfaz/local_setup.sh
-- Installing: /workspace/ros2_ws/src/install/interfaz/share/interfaz/local_setup.zsh
-- Installing: /workspace/ros2_ws/src/install/interfaz/share/interfaz/local_setup.dsv
-- Installing: /workspace/ros2_ws/src/install/interfaz/share/interfaz/package.dsv
-- Installing: /workspace/ros2_ws/src/install/interfaz/share/ament_index/resource_index/packages/interfaz
-- Installing: /workspace/ros2_ws/src/install/interfaz/share/interfaz/cmake/interfazConfig.cmake
-- Installing: /workspace/ros2_ws/src/install/interfaz/share/interfaz/cmake/interfazConfig-version.cmake
-- Installing: /workspace/ros2_ws/src/install/interfaz/share/interfaz/package.xml
