[0.007s] Invoking command in '/workspace/ros2_ws/src/build/interfaz': CMAKE_PREFIX_PATH=${CMAKE_PREFIX_PATH}:/workspace/ros2_ws/install/servicio_suma:/workspace/ros2_ws/install/paquete1:/opt/ros/humble /usr/bin/cmake /workspace/ros2_ws/src/interfaz -DCMAKE_INSTALL_PREFIX=/workspace/ros2_ws/src/install/interfaz
[0.057s] -- The C compiler identification is GNU 11.4.0
[0.098s] -- The CXX compiler identification is GNU 11.4.0
[0.103s] -- Detecting C compiler ABI info
[0.159s] -- Detecting C compiler ABI info - done
[0.165s] -- Check for working C compiler: /usr/bin/cc - skipped
[0.165s] -- Detecting C compile features
[0.165s] -- Detecting C compile features - done
[0.167s] -- Detecting CXX compiler ABI info
[0.229s] -- Detecting CXX compiler ABI info - done
[0.233s] -- Check for working CXX compiler: /usr/bin/c++ - skipped
[0.233s] -- Detecting CXX compile features
[0.233s] -- Detecting CXX compile features - done
[0.236s] -- Found ament_cmake: 1.3.12 (/opt/ros/humble/share/ament_cmake/cmake)
[0.339s] -- Found Python3: /usr/bin/python3 (found version "3.10.12") found components: Interpreter 
[0.414s] -- Found ament_lint_auto: 0.12.14 (/opt/ros/humble/share/ament_lint_auto/cmake)
[0.467s] -- Added test 'lint_cmake' to check CMake code style
[0.467s] -- Added test 'xmllint' to check XML markup files
[0.468s] -- Configuring done
[0.470s] -- Generating done
[0.470s] -- Build files have been written to: /workspace/ros2_ws/src/build/interfaz
[0.474s] Invoked command in '/workspace/ros2_ws/src/build/interfaz' returned '0': CMAKE_PREFIX_PATH=${CMAKE_PREFIX_PATH}:/workspace/ros2_ws/install/servicio_suma:/workspace/ros2_ws/install/paquete1:/opt/ros/humble /usr/bin/cmake /workspace/ros2_ws/src/interfaz -DCMAKE_INSTALL_PREFIX=/workspace/ros2_ws/src/install/interfaz
[0.474s] Invoking command in '/workspace/ros2_ws/src/build/interfaz': CMAKE_PREFIX_PATH=${CMAKE_PREFIX_PATH}:/workspace/ros2_ws/install/servicio_suma:/workspace/ros2_ws/install/paquete1:/opt/ros/humble /usr/bin/cmake --build /workspace/ros2_ws/src/build/interfaz -- -j12 -l12
[0.502s] Invoked command in '/workspace/ros2_ws/src/build/interfaz' returned '0': CMAKE_PREFIX_PATH=${CMAKE_PREFIX_PATH}:/workspace/ros2_ws/install/servicio_suma:/workspace/ros2_ws/install/paquete1:/opt/ros/humble /usr/bin/cmake --build /workspace/ros2_ws/src/build/interfaz -- -j12 -l12
[0.510s] Invoking command in '/workspace/ros2_ws/src/build/interfaz': CMAKE_PREFIX_PATH=${CMAKE_PREFIX_PATH}:/workspace/ros2_ws/install/servicio_suma:/workspace/ros2_ws/install/paquete1:/opt/ros/humble /usr/bin/cmake --install /workspace/ros2_ws/src/build/interfaz
[0.515s] -- Install configuration: ""
[0.515s] -- Installing: /workspace/ros2_ws/src/install/interfaz/share/ament_index/resource_index/package_run_dependencies/interfaz
[0.515s] -- Installing: /workspace/ros2_ws/src/install/interfaz/share/ament_index/resource_index/parent_prefix_path/interfaz
[0.515s] -- Installing: /workspace/ros2_ws/src/install/interfaz/share/interfaz/environment/ament_prefix_path.sh
[0.515s] -- Installing: /workspace/ros2_ws/src/install/interfaz/share/interfaz/environment/ament_prefix_path.dsv
[0.515s] -- Installing: /workspace/ros2_ws/src/install/interfaz/share/interfaz/environment/path.sh
[0.515s] -- Installing: /workspace/ros2_ws/src/install/interfaz/share/interfaz/environment/path.dsv
[0.515s] -- Installing: /workspace/ros2_ws/src/install/interfaz/share/interfaz/local_setup.bash
[0.515s] -- Installing: /workspace/ros2_ws/src/install/interfaz/share/interfaz/local_setup.sh
[0.516s] -- Installing: /workspace/ros2_ws/src/install/interfaz/share/interfaz/local_setup.zsh
[0.516s] -- Installing: /workspace/ros2_ws/src/install/interfaz/share/interfaz/local_setup.dsv
[0.516s] -- Installing: /workspace/ros2_ws/src/install/interfaz/share/interfaz/package.dsv
[0.516s] -- Installing: /workspace/ros2_ws/src/install/interfaz/share/ament_index/resource_index/packages/interfaz
[0.516s] -- Installing: /workspace/ros2_ws/src/install/interfaz/share/interfaz/cmake/interfazConfig.cmake
[0.516s] -- Installing: /workspace/ros2_ws/src/install/interfaz/share/interfaz/cmake/interfazConfig-version.cmake
[0.516s] -- Installing: /workspace/ros2_ws/src/install/interfaz/share/interfaz/package.xml
[0.517s] Invoked command in '/workspace/ros2_ws/src/build/interfaz' returned '0': CMAKE_PREFIX_PATH=${CMAKE_PREFIX_PATH}:/workspace/ros2_ws/install/servicio_suma:/workspace/ros2_ws/install/paquete1:/opt/ros/humble /usr/bin/cmake --install /workspace/ros2_ws/src/build/interfaz
