[5.257s] Invoking command in '/workspace/ros2_ws/src/p3_pkg': PYTHONPATH=/workspace/ros2_ws/build/p3_pkg/prefix_override:/usr/lib/python3/dist-packages/colcon_core/task/python/colcon_distutils_commands:/workspace/ros2_ws/install/p3_pkg/lib/python3.10/site-packages:${PYTHONPATH} /usr/bin/python3 -W ignore:setup.py install is deprecated -W ignore:easy_install command is deprecated setup.py egg_info --egg-base ../../build/p3_pkg build --build-base /workspace/ros2_ws/build/p3_pkg/build install --record /workspace/ros2_ws/build/p3_pkg/install.log --single-version-externally-managed install_data
[5.804s] running egg_info
[5.806s] writing ../../build/p3_pkg/p3_pkg.egg-info/PKG-INFO
[5.806s] writing dependency_links to ../../build/p3_pkg/p3_pkg.egg-info/dependency_links.txt
[5.806s] writing entry points to ../../build/p3_pkg/p3_pkg.egg-info/entry_points.txt
[5.807s] writing requirements to ../../build/p3_pkg/p3_pkg.egg-info/requires.txt
[5.807s] writing top-level names to ../../build/p3_pkg/p3_pkg.egg-info/top_level.txt
[5.811s] reading manifest file '../../build/p3_pkg/p3_pkg.egg-info/SOURCES.txt'
[5.813s] writing manifest file '../../build/p3_pkg/p3_pkg.egg-info/SOURCES.txt'
[5.814s] running build
[5.814s] running build_py
[5.825s] copying p3_pkg/aparcamiento.py -> /workspace/ros2_ws/build/p3_pkg/build/lib/p3_pkg
[5.825s] running install
[5.825s] running install_lib
[5.836s] copying /workspace/ros2_ws/build/p3_pkg/build/lib/p3_pkg/aparcamiento.py -> /workspace/ros2_ws/install/p3_pkg/lib/python3.10/site-packages/p3_pkg
[5.844s] byte-compiling /workspace/ros2_ws/install/p3_pkg/lib/python3.10/site-packages/p3_pkg/aparcamiento.py to aparcamiento.cpython-310.pyc
[5.845s] running install_data
[5.847s] creating /workspace/ros2_ws/install/p3_pkg/share/p3_pkg/launch
[5.847s] copying launch/parking_tb3.launch.py -> /workspace/ros2_ws/install/p3_pkg/share/p3_pkg/launch
[5.847s] creating /workspace/ros2_ws/install/p3_pkg/share/p3_pkg/worlds
[5.847s] copying worlds/parking.world -> /workspace/ros2_ws/install/p3_pkg/share/p3_pkg/worlds
[5.847s] creating /workspace/ros2_ws/install/p3_pkg/share/p3_pkg/models
[5.848s] creating /workspace/ros2_ws/install/p3_pkg/share/p3_pkg/models/parking
[5.849s] copying models/parking/model.config -> /workspace/ros2_ws/install/p3_pkg/share/p3_pkg/models/parking
[5.849s] copying models/parking/model.sdf -> /workspace/ros2_ws/install/p3_pkg/share/p3_pkg/models/parking
[5.849s] running install_egg_info
[5.854s] removing '/workspace/ros2_ws/install/p3_pkg/lib/python3.10/site-packages/p3_pkg-0.0.0-py3.10.egg-info' (and everything under it)
[5.855s] Copying ../../build/p3_pkg/p3_pkg.egg-info to /workspace/ros2_ws/install/p3_pkg/lib/python3.10/site-packages/p3_pkg-0.0.0-py3.10.egg-info
[5.858s] running install_scripts
[5.900s] Installing dibuja_mov script to /workspace/ros2_ws/install/p3_pkg/lib/p3_pkg
[5.900s] Installing movimiento script to /workspace/ros2_ws/install/p3_pkg/lib/p3_pkg
[5.902s] writing list of installed files to '/workspace/ros2_ws/build/p3_pkg/install.log'
[6.379s] Invoked command in '/workspace/ros2_ws/src/p3_pkg' returned '0': PYTHONPATH=/workspace/ros2_ws/build/p3_pkg/prefix_override:/usr/lib/python3/dist-packages/colcon_core/task/python/colcon_distutils_commands:/workspace/ros2_ws/install/p3_pkg/lib/python3.10/site-packages:${PYTHONPATH} /usr/bin/python3 -W ignore:setup.py install is deprecated -W ignore:easy_install command is deprecated setup.py egg_info --egg-base ../../build/p3_pkg build --build-base /workspace/ros2_ws/build/p3_pkg/build install --record /workspace/ros2_ws/build/p3_pkg/install.log --single-version-externally-managed install_data
