[0.085s] Invoking command in '/workspace/ros2_ws/src/build/turtlebot3_cartographer': CMAKE_PREFIX_PATH=${CMAKE_PREFIX_PATH}:/workspace/ros2_ws/src/install/servicio_suma:/workspace/ros2_ws/src/install/primer_paquete:/workspace/ros2_ws/src/install/paquete1:/workspace/ros2_ws/src/install/mi_accion:/workspace/ros2_ws/src/install/maze_pkg:/workspace/ros2_ws/install/turtlebot3_teleop:/workspace/ros2_ws/install/turtlebot3_example:/workspace/ros2_ws/install/servicio_suma:/workspace/ros2_ws/install/service_temp:/workspace/ros2_ws/install/primer_paquete:/workspace/ros2_ws/install/paquete1:/workspace/ros2_ws/install/p3_pkg:/workspace/ros2_ws/install/p2pkg:/workspace/ros2_ws/install/mi_accion:/workspace/ros2_ws/install/battery_act:/workspace/install/servicio_suma:/opt/ros/humble /usr/bin/cmake /workspace/ros2_ws/src/turtlebot3/turtlebot3_cartographer -DCMAKE_INSTALL_PREFIX=/workspace/ros2_ws/src/install/turtlebot3_cartographer
[1.298s] -- The C compiler identification is GNU 11.4.0
[1.298s] -- The CXX compiler identification is GNU 11.4.0
[1.298s] -- Detecting C compiler ABI info
[1.298s] -- Detecting C compiler ABI info - done
[1.298s] -- Check for working C compiler: /usr/bin/cc - skipped
[1.298s] -- Detecting C compile features
[1.299s] -- Detecting C compile features - done
[1.299s] -- Detecting CXX compiler ABI info
[1.299s] -- Detecting CXX compiler ABI info - done
[1.299s] -- Check for working CXX compiler: /usr/bin/c++ - skipped
[1.299s] -- Detecting CXX compile features
[1.299s] -- Detecting CXX compile features - done
[1.299s] -- Found ament_cmake: 1.3.12 (/opt/ros/humble/share/ament_cmake/cmake)
[1.299s] -- Found Python3: /usr/bin/python3 (found version "3.10.12") found components: Interpreter 
[1.299s] -- Configuring done
[1.299s] -- Generating done
[1.299s] -- Build files have been written to: /workspace/ros2_ws/src/build/turtlebot3_cartographer
[1.554s] Invoked command in '/workspace/ros2_ws/src/build/turtlebot3_cartographer' returned '0': CMAKE_PREFIX_PATH=${CMAKE_PREFIX_PATH}:/workspace/ros2_ws/src/install/servicio_suma:/workspace/ros2_ws/src/install/primer_paquete:/workspace/ros2_ws/src/install/paquete1:/workspace/ros2_ws/src/install/mi_accion:/workspace/ros2_ws/src/install/maze_pkg:/workspace/ros2_ws/install/turtlebot3_teleop:/workspace/ros2_ws/install/turtlebot3_example:/workspace/ros2_ws/install/servicio_suma:/workspace/ros2_ws/install/service_temp:/workspace/ros2_ws/install/primer_paquete:/workspace/ros2_ws/install/paquete1:/workspace/ros2_ws/install/p3_pkg:/workspace/ros2_ws/install/p2pkg:/workspace/ros2_ws/install/mi_accion:/workspace/ros2_ws/install/battery_act:/workspace/install/servicio_suma:/opt/ros/humble /usr/bin/cmake /workspace/ros2_ws/src/turtlebot3/turtlebot3_cartographer -DCMAKE_INSTALL_PREFIX=/workspace/ros2_ws/src/install/turtlebot3_cartographer
[1.556s] Invoking command in '/workspace/ros2_ws/src/build/turtlebot3_cartographer': CMAKE_PREFIX_PATH=${CMAKE_PREFIX_PATH}:/workspace/ros2_ws/src/install/servicio_suma:/workspace/ros2_ws/src/install/primer_paquete:/workspace/ros2_ws/src/install/paquete1:/workspace/ros2_ws/src/install/mi_accion:/workspace/ros2_ws/src/install/maze_pkg:/workspace/ros2_ws/install/turtlebot3_teleop:/workspace/ros2_ws/install/turtlebot3_example:/workspace/ros2_ws/install/servicio_suma:/workspace/ros2_ws/install/service_temp:/workspace/ros2_ws/install/primer_paquete:/workspace/ros2_ws/install/paquete1:/workspace/ros2_ws/install/p3_pkg:/workspace/ros2_ws/install/p2pkg:/workspace/ros2_ws/install/mi_accion:/workspace/ros2_ws/install/battery_act:/workspace/install/servicio_suma:/opt/ros/humble /usr/bin/cmake --build /workspace/ros2_ws/src/build/turtlebot3_cartographer -- -j12 -l12
[1.625s] Invoked command in '/workspace/ros2_ws/src/build/turtlebot3_cartographer' returned '0': CMAKE_PREFIX_PATH=${CMAKE_PREFIX_PATH}:/workspace/ros2_ws/src/install/servicio_suma:/workspace/ros2_ws/src/install/primer_paquete:/workspace/ros2_ws/src/install/paquete1:/workspace/ros2_ws/src/install/mi_accion:/workspace/ros2_ws/src/install/maze_pkg:/workspace/ros2_ws/install/turtlebot3_teleop:/workspace/ros2_ws/install/turtlebot3_example:/workspace/ros2_ws/install/servicio_suma:/workspace/ros2_ws/install/service_temp:/workspace/ros2_ws/install/primer_paquete:/workspace/ros2_ws/install/paquete1:/workspace/ros2_ws/install/p3_pkg:/workspace/ros2_ws/install/p2pkg:/workspace/ros2_ws/install/mi_accion:/workspace/ros2_ws/install/battery_act:/workspace/install/servicio_suma:/opt/ros/humble /usr/bin/cmake --build /workspace/ros2_ws/src/build/turtlebot3_cartographer -- -j12 -l12
[1.629s] Invoking command in '/workspace/ros2_ws/src/build/turtlebot3_cartographer': CMAKE_PREFIX_PATH=${CMAKE_PREFIX_PATH}:/workspace/ros2_ws/src/install/servicio_suma:/workspace/ros2_ws/src/install/primer_paquete:/workspace/ros2_ws/src/install/paquete1:/workspace/ros2_ws/src/install/mi_accion:/workspace/ros2_ws/src/install/maze_pkg:/workspace/ros2_ws/install/turtlebot3_teleop:/workspace/ros2_ws/install/turtlebot3_example:/workspace/ros2_ws/install/servicio_suma:/workspace/ros2_ws/install/service_temp:/workspace/ros2_ws/install/primer_paquete:/workspace/ros2_ws/install/paquete1:/workspace/ros2_ws/install/p3_pkg:/workspace/ros2_ws/install/p2pkg:/workspace/ros2_ws/install/mi_accion:/workspace/ros2_ws/install/battery_act:/workspace/install/servicio_suma:/opt/ros/humble /usr/bin/cmake --install /workspace/ros2_ws/src/build/turtlebot3_cartographer
[1.656s] -- Install configuration: ""
[1.656s] -- Installing: /workspace/ros2_ws/src/install/turtlebot3_cartographer/share/turtlebot3_cartographer/config
[1.657s] -- Installing: /workspace/ros2_ws/src/install/turtlebot3_cartographer/share/turtlebot3_cartographer/config/turtlebot3_lds_2d.lua
[1.657s] -- Installing: /workspace/ros2_ws/src/install/turtlebot3_cartographer/share/turtlebot3_cartographer/launch
[1.657s] -- Installing: /workspace/ros2_ws/src/install/turtlebot3_cartographer/share/turtlebot3_cartographer/launch/cartographer.launch.py
[1.657s] -- Installing: /workspace/ros2_ws/src/install/turtlebot3_cartographer/share/turtlebot3_cartographer/launch/occupancy_grid.launch.py
[1.657s] -- Installing: /workspace/ros2_ws/src/install/turtlebot3_cartographer/share/turtlebot3_cartographer/rviz
[1.657s] -- Installing: /workspace/ros2_ws/src/install/turtlebot3_cartographer/share/turtlebot3_cartographer/rviz/tb3_cartographer.rviz
[1.657s] -- Installing: /workspace/ros2_ws/src/install/turtlebot3_cartographer/share/ament_index/resource_index/package_run_dependencies/turtlebot3_cartographer
[1.657s] -- Installing: /workspace/ros2_ws/src/install/turtlebot3_cartographer/share/ament_index/resource_index/parent_prefix_path/turtlebot3_cartographer
[1.657s] -- Installing: /workspace/ros2_ws/src/install/turtlebot3_cartographer/share/turtlebot3_cartographer/environment/ament_prefix_path.sh
[1.657s] -- Installing: /workspace/ros2_ws/src/install/turtlebot3_cartographer/share/turtlebot3_cartographer/environment/ament_prefix_path.dsv
[1.657s] -- Installing: /workspace/ros2_ws/src/install/turtlebot3_cartographer/share/turtlebot3_cartographer/environment/path.sh
[1.657s] -- Installing: /workspace/ros2_ws/src/install/turtlebot3_cartographer/share/turtlebot3_cartographer/environment/path.dsv
[1.658s] -- Installing: /workspace/ros2_ws/src/install/turtlebot3_cartographer/share/turtlebot3_cartographer/local_setup.bash
[1.658s] -- Installing: /workspace/ros2_ws/src/install/turtlebot3_cartographer/share/turtlebot3_cartographer/local_setup.sh
[1.658s] -- Installing: /workspace/ros2_ws/src/install/turtlebot3_cartographer/share/turtlebot3_cartographer/local_setup.zsh
[1.658s] -- Installing: /workspace/ros2_ws/src/install/turtlebot3_cartographer/share/turtlebot3_cartographer/local_setup.dsv
[1.658s] -- Installing: /workspace/ros2_ws/src/install/turtlebot3_cartographer/share/turtlebot3_cartographer/package.dsv
[1.658s] -- Installing: /workspace/ros2_ws/src/install/turtlebot3_cartographer/share/ament_index/resource_index/packages/turtlebot3_cartographer
[1.658s] -- Installing: /workspace/ros2_ws/src/install/turtlebot3_cartographer/share/turtlebot3_cartographer/cmake/turtlebot3_cartographerConfig.cmake
[1.659s] -- Installing: /workspace/ros2_ws/src/install/turtlebot3_cartographer/share/turtlebot3_cartographer/cmake/turtlebot3_cartographerConfig-version.cmake
[1.659s] -- Installing: /workspace/ros2_ws/src/install/turtlebot3_cartographer/share/turtlebot3_cartographer/package.xml
[1.716s] Invoked command in '/workspace/ros2_ws/src/build/turtlebot3_cartographer' returned '0': CMAKE_PREFIX_PATH=${CMAKE_PREFIX_PATH}:/workspace/ros2_ws/src/install/servicio_suma:/workspace/ros2_ws/src/install/primer_paquete:/workspace/ros2_ws/src/install/paquete1:/workspace/ros2_ws/src/install/mi_accion:/workspace/ros2_ws/src/install/maze_pkg:/workspace/ros2_ws/install/turtlebot3_teleop:/workspace/ros2_ws/install/turtlebot3_example:/workspace/ros2_ws/install/servicio_suma:/workspace/ros2_ws/install/service_temp:/workspace/ros2_ws/install/primer_paquete:/workspace/ros2_ws/install/paquete1:/workspace/ros2_ws/install/p3_pkg:/workspace/ros2_ws/install/p2pkg:/workspace/ros2_ws/install/mi_accion:/workspace/ros2_ws/install/battery_act:/workspace/install/servicio_suma:/opt/ros/humble /usr/bin/cmake --install /workspace/ros2_ws/src/build/turtlebot3_cartographer
