[0.144s] Invoking command in '/workspace/ros2_ws/build/vicpaq': CMAKE_PREFIX_PATH=${CMAKE_PREFIX_PATH}:/workspace/ros2_ws/install/turtlebot3_teleop:/workspace/ros2_ws/install/turtlebot3_example:/workspace/ros2_ws/install/servicio_suma:/workspace/ros2_ws/install/service_temp:/workspace/ros2_ws/install/primer_paquete:/workspace/ros2_ws/install/paquete1:/workspace/ros2_ws/install/p2pkg:/workspace/ros2_ws/install/mi_accion:/workspace/ros2_ws/install/battery_act:/workspace/install/servicio_suma:/opt/ros/humble /usr/bin/cmake /workspace/ros2_ws/src/vicpaq -DCMAKE_INSTALL_PREFIX=/workspace/ros2_ws/install/vicpaq
[0.170s] -- Found ament_cmake: 1.3.12 (/opt/ros/humble/share/ament_cmake/cmake)
[0.629s] -- Override CMake install command with custom implementation using symlinks instead of copying resources
[0.658s] -- Found rclcpp: 16.0.17 (/opt/ros/humble/share/rclcpp/cmake)
[0.766s] -- Found rosidl_generator_c: 3.1.8 (/opt/ros/humble/share/rosidl_generator_c/cmake)
[0.772s] -- Found rosidl_adapter: 3.1.8 (/opt/ros/humble/share/rosidl_adapter/cmake)
[0.790s] -- Found rosidl_generator_cpp: 3.1.8 (/opt/ros/humble/share/rosidl_generator_cpp/cmake)
[0.818s] -- Using all available rosidl_typesupport_c: rosidl_typesupport_fastrtps_c;rosidl_typesupport_introspection_c
[0.859s] -- Using all available rosidl_typesupport_cpp: rosidl_typesupport_fastrtps_cpp;rosidl_typesupport_introspection_cpp
[0.946s] -- Found rmw_implementation_cmake: 6.1.2 (/opt/ros/humble/share/rmw_implementation_cmake/cmake)
[0.953s] -- Found rmw_fastrtps_cpp: 6.2.9 (/opt/ros/humble/share/rmw_fastrtps_cpp/cmake)
[1.376s] -- Using RMW implementation 'rmw_fastrtps_cpp' as default
[1.524s] -- Found ament_lint_auto: 0.12.14 (/opt/ros/humble/share/ament_lint_auto/cmake)
[1.762s] -- Added test 'lint_cmake' to check CMake code style
[1.763s] -- Added test 'xmllint' to check XML markup files
[1.765s] -- Configuring done
[1.776s] -- Generating done
[1.781s] -- Build files have been written to: /workspace/ros2_ws/build/vicpaq
[1.816s] Invoked command in '/workspace/ros2_ws/build/vicpaq' returned '0': CMAKE_PREFIX_PATH=${CMAKE_PREFIX_PATH}:/workspace/ros2_ws/install/turtlebot3_teleop:/workspace/ros2_ws/install/turtlebot3_example:/workspace/ros2_ws/install/servicio_suma:/workspace/ros2_ws/install/service_temp:/workspace/ros2_ws/install/primer_paquete:/workspace/ros2_ws/install/paquete1:/workspace/ros2_ws/install/p2pkg:/workspace/ros2_ws/install/mi_accion:/workspace/ros2_ws/install/battery_act:/workspace/install/servicio_suma:/opt/ros/humble /usr/bin/cmake /workspace/ros2_ws/src/vicpaq -DCMAKE_INSTALL_PREFIX=/workspace/ros2_ws/install/vicpaq
[1.819s] Invoking command in '/workspace/ros2_ws/build/vicpaq': CMAKE_PREFIX_PATH=${CMAKE_PREFIX_PATH}:/workspace/ros2_ws/install/turtlebot3_teleop:/workspace/ros2_ws/install/turtlebot3_example:/workspace/ros2_ws/install/servicio_suma:/workspace/ros2_ws/install/service_temp:/workspace/ros2_ws/install/primer_paquete:/workspace/ros2_ws/install/paquete1:/workspace/ros2_ws/install/p2pkg:/workspace/ros2_ws/install/mi_accion:/workspace/ros2_ws/install/battery_act:/workspace/install/servicio_suma:/opt/ros/humble /usr/bin/cmake --build /workspace/ros2_ws/build/vicpaq -- -j12 -l12
[2.333s] Invoked command in '/workspace/ros2_ws/build/vicpaq' returned '0': CMAKE_PREFIX_PATH=${CMAKE_PREFIX_PATH}:/workspace/ros2_ws/install/turtlebot3_teleop:/workspace/ros2_ws/install/turtlebot3_example:/workspace/ros2_ws/install/servicio_suma:/workspace/ros2_ws/install/service_temp:/workspace/ros2_ws/install/primer_paquete:/workspace/ros2_ws/install/paquete1:/workspace/ros2_ws/install/p2pkg:/workspace/ros2_ws/install/mi_accion:/workspace/ros2_ws/install/battery_act:/workspace/install/servicio_suma:/opt/ros/humble /usr/bin/cmake --build /workspace/ros2_ws/build/vicpaq -- -j12 -l12
[2.335s] Invoking command in '/workspace/ros2_ws/build/vicpaq': CMAKE_PREFIX_PATH=${CMAKE_PREFIX_PATH}:/workspace/ros2_ws/install/turtlebot3_teleop:/workspace/ros2_ws/install/turtlebot3_example:/workspace/ros2_ws/install/servicio_suma:/workspace/ros2_ws/install/service_temp:/workspace/ros2_ws/install/primer_paquete:/workspace/ros2_ws/install/paquete1:/workspace/ros2_ws/install/p2pkg:/workspace/ros2_ws/install/mi_accion:/workspace/ros2_ws/install/battery_act:/workspace/install/servicio_suma:/opt/ros/humble /usr/bin/cmake --install /workspace/ros2_ws/build/vicpaq
[2.349s] -- Install configuration: ""
[2.349s] -- Execute custom install script
[2.349s] -- Up-to-date symlink: /workspace/ros2_ws/install/vicpaq/share/ament_index/resource_index/package_run_dependencies/vicpaq
[2.349s] -- Up-to-date symlink: /workspace/ros2_ws/install/vicpaq/share/ament_index/resource_index/parent_prefix_path/vicpaq
[2.349s] -- Up-to-date symlink: /workspace/ros2_ws/install/vicpaq/share/vicpaq/environment/ament_prefix_path.sh
[2.349s] -- Up-to-date symlink: /workspace/ros2_ws/install/vicpaq/share/vicpaq/environment/ament_prefix_path.dsv
[2.350s] -- Up-to-date symlink: /workspace/ros2_ws/install/vicpaq/share/vicpaq/environment/path.sh
[2.351s] -- Up-to-date symlink: /workspace/ros2_ws/install/vicpaq/share/vicpaq/environment/path.dsv
[2.353s] -- Up-to-date symlink: /workspace/ros2_ws/install/vicpaq/share/vicpaq/local_setup.bash
[2.353s] -- Up-to-date symlink: /workspace/ros2_ws/install/vicpaq/share/vicpaq/local_setup.sh
[2.353s] -- Up-to-date symlink: /workspace/ros2_ws/install/vicpaq/share/vicpaq/local_setup.zsh
[2.353s] -- Up-to-date symlink: /workspace/ros2_ws/install/vicpaq/share/vicpaq/local_setup.dsv
[2.354s] -- Symlinking: /workspace/ros2_ws/install/vicpaq/share/vicpaq/package.dsv
[2.362s] -- Up-to-date symlink: /workspace/ros2_ws/install/vicpaq/share/ament_index/resource_index/packages/vicpaq
[2.362s] -- Up-to-date symlink: /workspace/ros2_ws/install/vicpaq/share/vicpaq/cmake/vicpaqConfig.cmake
[2.363s] -- Up-to-date symlink: /workspace/ros2_ws/install/vicpaq/share/vicpaq/cmake/vicpaqConfig-version.cmake
[2.363s] -- Up-to-date symlink: /workspace/ros2_ws/install/vicpaq/share/vicpaq/package.xml
[2.368s] Invoked command in '/workspace/ros2_ws/build/vicpaq' returned '0': CMAKE_PREFIX_PATH=${CMAKE_PREFIX_PATH}:/workspace/ros2_ws/install/turtlebot3_teleop:/workspace/ros2_ws/install/turtlebot3_example:/workspace/ros2_ws/install/servicio_suma:/workspace/ros2_ws/install/service_temp:/workspace/ros2_ws/install/primer_paquete:/workspace/ros2_ws/install/paquete1:/workspace/ros2_ws/install/p2pkg:/workspace/ros2_ws/install/mi_accion:/workspace/ros2_ws/install/battery_act:/workspace/install/servicio_suma:/opt/ros/humble /usr/bin/cmake --install /workspace/ros2_ws/build/vicpaq
