running develop
running egg_info
creating recolector_pkg.egg-info
writing recolector_pkg.egg-info/PKG-INFO
writing dependency_links to recolector_pkg.egg-info/dependency_links.txt
writing entry points to recolector_pkg.egg-info/entry_points.txt
writing requirements to recolector_pkg.egg-info/requires.txt
writing top-level names to recolector_pkg.egg-info/top_level.txt
writing manifest file 'recolector_pkg.egg-info/SOURCES.txt'
reading manifest file 'recolector_pkg.egg-info/SOURCES.txt'
writing manifest file 'recolector_pkg.egg-info/SOURCES.txt'
running build_ext
Creating /workspace/ros2_ws/install/recolector_pkg/lib/python3.10/site-packages/recolector-pkg.egg-link (link to .)
Installing recolector script to /workspace/ros2_ws/install/recolector_pkg/lib/recolector_pkg

Installed /workspace/ros2_ws/build/recolector_pkg
running symlink_data
creating /workspace/ros2_ws/install/recolector_pkg/share/ament_index
creating /workspace/ros2_ws/install/recolector_pkg/share/ament_index/resource_index
creating /workspace/ros2_ws/install/recolector_pkg/share/ament_index/resource_index/packages
symbolically linking /workspace/ros2_ws/build/recolector_pkg/resource/recolector_pkg -> /workspace/ros2_ws/install/recolector_pkg/share/ament_index/resource_index/packages
symbolically linking /workspace/ros2_ws/build/recolector_pkg/package.xml -> /workspace/ros2_ws/install/recolector_pkg/share/recolector_pkg
