running egg_info
writing ../build/maze_pkg/maze_pkg.egg-info/PKG-INFO
writing dependency_links to ../build/maze_pkg/maze_pkg.egg-info/dependency_links.txt
writing entry points to ../build/maze_pkg/maze_pkg.egg-info/entry_points.txt
writing requirements to ../build/maze_pkg/maze_pkg.egg-info/requires.txt
writing top-level names to ../build/maze_pkg/maze_pkg.egg-info/top_level.txt
reading manifest file '../build/maze_pkg/maze_pkg.egg-info/SOURCES.txt'
writing manifest file '../build/maze_pkg/maze_pkg.egg-info/SOURCES.txt'
running build
running build_py
running install
running install_lib
running install_data
creating /workspace/ros2_ws/src/install/maze_pkg/share/maze_pkg/launch
copying launch/maze_1.launch.py -> /workspace/ros2_ws/src/install/maze_pkg/share/maze_pkg/launch
copying launch/maze_2.launch.py -> /workspace/ros2_ws/src/install/maze_pkg/share/maze_pkg/launch
creating /workspace/ros2_ws/src/install/maze_pkg/share/maze_pkg/worlds
copying worlds/maze_1.world -> /workspace/ros2_ws/src/install/maze_pkg/share/maze_pkg/worlds
copying worlds/maze_2.world -> /workspace/ros2_ws/src/install/maze_pkg/share/maze_pkg/worlds
creating /workspace/ros2_ws/src/install/maze_pkg/share/maze_pkg/models
error: can't copy 'models/maze_2': doesn't exist or not a regular file
