[7.653s] Invoking command in '/workspace/ros2_ws/src/p3_pkg': PYTHONPATH=/workspace/ros2_ws/build/p3_pkg/prefix_override:/usr/lib/python3/dist-packages/colcon_core/task/python/colcon_distutils_commands:/workspace/ros2_ws/install/p3_pkg/lib/python3.10/site-packages:${PYTHONPATH} /usr/bin/python3 -W ignore:setup.py install is deprecated -W ignore:easy_install command is deprecated setup.py egg_info --egg-base ../../build/p3_pkg build --build-base /workspace/ros2_ws/build/p3_pkg/build install --record /workspace/ros2_ws/build/p3_pkg/install.log --single-version-externally-managed install_data
[8.632s] running egg_info
[8.638s] writing ../../build/p3_pkg/p3_pkg.egg-info/PKG-INFO
[8.638s] writing dependency_links to ../../build/p3_pkg/p3_pkg.egg-info/dependency_links.txt
[8.638s] writing entry points to ../../build/p3_pkg/p3_pkg.egg-info/entry_points.txt
[8.638s] writing requirements to ../../build/p3_pkg/p3_pkg.egg-info/requires.txt
[8.639s] writing top-level names to ../../build/p3_pkg/p3_pkg.egg-info/top_level.txt
[8.644s] reading manifest file '../../build/p3_pkg/p3_pkg.egg-info/SOURCES.txt'
[8.654s] writing manifest file '../../build/p3_pkg/p3_pkg.egg-info/SOURCES.txt'
[8.654s] running build
[8.654s] running build_py
[8.657s] running install
[8.662s] running install_lib
[8.663s] running install_data
[8.664s] copying package.xml -> /workspace/ros2_ws/install/p3_pkg/share/p3_pkg
[8.664s] running install_egg_info
[8.679s] removing '/workspace/ros2_ws/install/p3_pkg/lib/python3.10/site-packages/p3_pkg-0.0.0-py3.10.egg-info' (and everything under it)
[8.689s] Copying ../../build/p3_pkg/p3_pkg.egg-info to /workspace/ros2_ws/install/p3_pkg/lib/python3.10/site-packages/p3_pkg-0.0.0-py3.10.egg-info
[8.689s] running install_scripts
[8.805s] Installing dibuja_mov script to /workspace/ros2_ws/install/p3_pkg/lib/p3_pkg
[8.807s] Installing movimiento script to /workspace/ros2_ws/install/p3_pkg/lib/p3_pkg
[8.808s] writing list of installed files to '/workspace/ros2_ws/build/p3_pkg/install.log'
[9.131s] Invoked command in '/workspace/ros2_ws/src/p3_pkg' returned '0': PYTHONPATH=/workspace/ros2_ws/build/p3_pkg/prefix_override:/usr/lib/python3/dist-packages/colcon_core/task/python/colcon_distutils_commands:/workspace/ros2_ws/install/p3_pkg/lib/python3.10/site-packages:${PYTHONPATH} /usr/bin/python3 -W ignore:setup.py install is deprecated -W ignore:easy_install command is deprecated setup.py egg_info --egg-base ../../build/p3_pkg build --build-base /workspace/ros2_ws/build/p3_pkg/build install --record /workspace/ros2_ws/build/p3_pkg/install.log --single-version-externally-managed install_data
