[7.705s] Invoking command in '/workspace/ros2_ws/src/turtlebot3/turtlebot3_teleop': PYTHONPATH=/workspace/ros2_ws/build/turtlebot3_teleop/prefix_override:/usr/lib/python3/dist-packages/colcon_core/task/python/colcon_distutils_commands:/workspace/ros2_ws/install/turtlebot3_teleop/lib/python3.10/site-packages:${PYTHONPATH} /usr/bin/python3 -W ignore:setup.py install is deprecated -W ignore:easy_install command is deprecated setup.py egg_info --egg-base ../../../build/turtlebot3_teleop build --build-base /workspace/ros2_ws/build/turtlebot3_teleop/build install --record /workspace/ros2_ws/build/turtlebot3_teleop/install.log --single-version-externally-managed install_data
[8.404s] running egg_info
[8.406s] writing ../../../build/turtlebot3_teleop/turtlebot3_teleop.egg-info/PKG-INFO
[8.407s] writing dependency_links to ../../../build/turtlebot3_teleop/turtlebot3_teleop.egg-info/dependency_links.txt
[8.408s] writing entry points to ../../../build/turtlebot3_teleop/turtlebot3_teleop.egg-info/entry_points.txt
[8.408s] writing requirements to ../../../build/turtlebot3_teleop/turtlebot3_teleop.egg-info/requires.txt
[8.409s] writing top-level names to ../../../build/turtlebot3_teleop/turtlebot3_teleop.egg-info/top_level.txt
[8.415s] reading manifest file '../../../build/turtlebot3_teleop/turtlebot3_teleop.egg-info/SOURCES.txt'
[8.416s] writing manifest file '../../../build/turtlebot3_teleop/turtlebot3_teleop.egg-info/SOURCES.txt'
[8.417s] running build
[8.417s] running build_py
[8.419s] running install
[8.421s] running install_lib
[8.424s] running install_data
[8.424s] running install_egg_info
[8.429s] removing '/workspace/ros2_ws/install/turtlebot3_teleop/lib/python3.10/site-packages/turtlebot3_teleop-2.3.6-py3.10.egg-info' (and everything under it)
[8.430s] Copying ../../../build/turtlebot3_teleop/turtlebot3_teleop.egg-info to /workspace/ros2_ws/install/turtlebot3_teleop/lib/python3.10/site-packages/turtlebot3_teleop-2.3.6-py3.10.egg-info
[8.436s] running install_scripts
[8.533s] Installing teleop_keyboard script to /workspace/ros2_ws/install/turtlebot3_teleop/lib/turtlebot3_teleop
[8.547s] writing list of installed files to '/workspace/ros2_ws/build/turtlebot3_teleop/install.log'
[9.218s] Invoked command in '/workspace/ros2_ws/src/turtlebot3/turtlebot3_teleop' returned '0': PYTHONPATH=/workspace/ros2_ws/build/turtlebot3_teleop/prefix_override:/usr/lib/python3/dist-packages/colcon_core/task/python/colcon_distutils_commands:/workspace/ros2_ws/install/turtlebot3_teleop/lib/python3.10/site-packages:${PYTHONPATH} /usr/bin/python3 -W ignore:setup.py install is deprecated -W ignore:easy_install command is deprecated setup.py egg_info --egg-base ../../../build/turtlebot3_teleop build --build-base /workspace/ros2_ws/build/turtlebot3_teleop/build install --record /workspace/ros2_ws/build/turtlebot3_teleop/install.log --single-version-externally-managed install_data
