[2.261s] Invoking command in '/workspace/ros2_ws/src/mi_accion': PYTHONPATH=/workspace/ros2_ws/src/build/mi_accion/prefix_override:/usr/lib/python3/dist-packages/colcon_core/task/python/colcon_distutils_commands:/workspace/ros2_ws/src/install/mi_accion/lib/python3.10/site-packages:${PYTHONPATH} /usr/bin/python3 -W ignore:setup.py install is deprecated -W ignore:easy_install command is deprecated setup.py egg_info --egg-base ../build/mi_accion build --build-base /workspace/ros2_ws/src/build/mi_accion/build install --record /workspace/ros2_ws/src/build/mi_accion/install.log --single-version-externally-managed install_data
[2.768s] running egg_info
[2.768s] writing ../build/mi_accion/mi_accion.egg-info/PKG-INFO
[2.768s] writing dependency_links to ../build/mi_accion/mi_accion.egg-info/dependency_links.txt
[2.768s] writing entry points to ../build/mi_accion/mi_accion.egg-info/entry_points.txt
[2.768s] writing requirements to ../build/mi_accion/mi_accion.egg-info/requires.txt
[2.769s] writing top-level names to ../build/mi_accion/mi_accion.egg-info/top_level.txt
[2.769s] reading manifest file '../build/mi_accion/mi_accion.egg-info/SOURCES.txt'
[2.769s] adding license file 'LICENSE'
[2.769s] writing manifest file '../build/mi_accion/mi_accion.egg-info/SOURCES.txt'
[2.769s] running build
[2.769s] running build_py
[2.769s] copying mi_accion/ejercicios_fibClient.py -> /workspace/ros2_ws/src/build/mi_accion/build/lib/mi_accion
[2.769s] copying mi_accion/fibonacci_action_client.py -> /workspace/ros2_ws/src/build/mi_accion/build/lib/mi_accion
[2.769s] copying mi_accion/ejercicios_fibServer.py -> /workspace/ros2_ws/src/build/mi_accion/build/lib/mi_accion
[2.769s] copying mi_accion/fibonacci_action_server.py -> /workspace/ros2_ws/src/build/mi_accion/build/lib/mi_accion
[2.770s] running install
[2.770s] running install_lib
[2.770s] copying /workspace/ros2_ws/src/build/mi_accion/build/lib/mi_accion/ejercicios_fibClient.py -> /workspace/ros2_ws/src/install/mi_accion/lib/python3.10/site-packages/mi_accion
[2.771s] copying /workspace/ros2_ws/src/build/mi_accion/build/lib/mi_accion/fibonacci_action_client.py -> /workspace/ros2_ws/src/install/mi_accion/lib/python3.10/site-packages/mi_accion
[2.771s] copying /workspace/ros2_ws/src/build/mi_accion/build/lib/mi_accion/ejercicios_fibServer.py -> /workspace/ros2_ws/src/install/mi_accion/lib/python3.10/site-packages/mi_accion
[2.772s] copying /workspace/ros2_ws/src/build/mi_accion/build/lib/mi_accion/fibonacci_action_server.py -> /workspace/ros2_ws/src/install/mi_accion/lib/python3.10/site-packages/mi_accion
[2.772s] byte-compiling /workspace/ros2_ws/src/install/mi_accion/lib/python3.10/site-packages/mi_accion/ejercicios_fibClient.py to ejercicios_fibClient.cpython-310.pyc
[2.772s] byte-compiling /workspace/ros2_ws/src/install/mi_accion/lib/python3.10/site-packages/mi_accion/fibonacci_action_client.py to fibonacci_action_client.cpython-310.pyc
[2.772s] byte-compiling /workspace/ros2_ws/src/install/mi_accion/lib/python3.10/site-packages/mi_accion/ejercicios_fibServer.py to ejercicios_fibServer.cpython-310.pyc
[2.772s] byte-compiling /workspace/ros2_ws/src/install/mi_accion/lib/python3.10/site-packages/mi_accion/fibonacci_action_server.py to fibonacci_action_server.cpython-310.pyc
[2.772s] running install_data
[2.772s] creating /workspace/ros2_ws/src/install/mi_accion/share/mi_accion/launch
[2.773s] copying launch/launch_ejercicio4.py -> /workspace/ros2_ws/src/install/mi_accion/share/mi_accion/launch
[2.773s] copying launch/launch_ejercicio3.py -> /workspace/ros2_ws/src/install/mi_accion/share/mi_accion/launch
[2.773s] running install_egg_info
[2.773s] removing '/workspace/ros2_ws/src/install/mi_accion/lib/python3.10/site-packages/mi_accion-0.0.0-py3.10.egg-info' (and everything under it)
[2.773s] Copying ../build/mi_accion/mi_accion.egg-info to /workspace/ros2_ws/src/install/mi_accion/lib/python3.10/site-packages/mi_accion-0.0.0-py3.10.egg-info
[2.775s] running install_scripts
[2.775s] Installing client script to /workspace/ros2_ws/src/install/mi_accion/lib/mi_accion
[2.775s] Installing ej_client script to /workspace/ros2_ws/src/install/mi_accion/lib/mi_accion
[2.776s] Installing ej_server script to /workspace/ros2_ws/src/install/mi_accion/lib/mi_accion
[2.776s] Installing server script to /workspace/ros2_ws/src/install/mi_accion/lib/mi_accion
[2.776s] writing list of installed files to '/workspace/ros2_ws/src/build/mi_accion/install.log'
[2.815s] Invoked command in '/workspace/ros2_ws/src/mi_accion' returned '0': PYTHONPATH=/workspace/ros2_ws/src/build/mi_accion/prefix_override:/usr/lib/python3/dist-packages/colcon_core/task/python/colcon_distutils_commands:/workspace/ros2_ws/src/install/mi_accion/lib/python3.10/site-packages:${PYTHONPATH} /usr/bin/python3 -W ignore:setup.py install is deprecated -W ignore:easy_install command is deprecated setup.py egg_info --egg-base ../build/mi_accion build --build-base /workspace/ros2_ws/src/build/mi_accion/build install --record /workspace/ros2_ws/src/build/mi_accion/install.log --single-version-externally-managed install_data
