[0.498s] Invoking command in '/workspace/ros2_ws/src/maze_pkg': PYTHONPATH=/workspace/ros2_ws/src/build/maze_pkg/prefix_override:/usr/lib/python3/dist-packages/colcon_core/task/python/colcon_distutils_commands:/workspace/ros2_ws/src/install/maze_pkg/lib/python3.10/site-packages:${PYTHONPATH} /usr/bin/python3 -W ignore:setup.py install is deprecated -W ignore:easy_install command is deprecated setup.py egg_info --egg-base ../build/maze_pkg build --build-base /workspace/ros2_ws/src/build/maze_pkg/build install --record /workspace/ros2_ws/src/build/maze_pkg/install.log --single-version-externally-managed install_data
[0.652s] running egg_info
[0.652s] creating ../build/maze_pkg/maze_pkg.egg-info
[0.652s] writing ../build/maze_pkg/maze_pkg.egg-info/PKG-INFO
[0.652s] writing dependency_links to ../build/maze_pkg/maze_pkg.egg-info/dependency_links.txt
[0.652s] writing entry points to ../build/maze_pkg/maze_pkg.egg-info/entry_points.txt
[0.652s] writing requirements to ../build/maze_pkg/maze_pkg.egg-info/requires.txt
[0.652s] writing top-level names to ../build/maze_pkg/maze_pkg.egg-info/top_level.txt
[0.652s] writing manifest file '../build/maze_pkg/maze_pkg.egg-info/SOURCES.txt'
[0.653s] reading manifest file '../build/maze_pkg/maze_pkg.egg-info/SOURCES.txt'
[0.654s] writing manifest file '../build/maze_pkg/maze_pkg.egg-info/SOURCES.txt'
[0.654s] running build
[0.654s] running build_py
[0.654s] creating /workspace/ros2_ws/src/build/maze_pkg/build
[0.654s] creating /workspace/ros2_ws/src/build/maze_pkg/build/lib
[0.655s] creating /workspace/ros2_ws/src/build/maze_pkg/build/lib/maze_pkg
[0.655s] copying maze_pkg/__init__.py -> /workspace/ros2_ws/src/build/maze_pkg/build/lib/maze_pkg
[0.655s] running install
[0.655s] running install_lib
[0.655s] creating /workspace/ros2_ws/src/install/maze_pkg/lib/python3.10/site-packages/maze_pkg
[0.655s] copying /workspace/ros2_ws/src/build/maze_pkg/build/lib/maze_pkg/__init__.py -> /workspace/ros2_ws/src/install/maze_pkg/lib/python3.10/site-packages/maze_pkg
[0.655s] byte-compiling /workspace/ros2_ws/src/install/maze_pkg/lib/python3.10/site-packages/maze_pkg/__init__.py to __init__.cpython-310.pyc
[0.656s] running install_data
[0.656s] creating /workspace/ros2_ws/src/install/maze_pkg/share/ament_index
[0.656s] creating /workspace/ros2_ws/src/install/maze_pkg/share/ament_index/resource_index
[0.656s] creating /workspace/ros2_ws/src/install/maze_pkg/share/ament_index/resource_index/packages
[0.656s] copying resource/maze_pkg -> /workspace/ros2_ws/src/install/maze_pkg/share/ament_index/resource_index/packages
[0.656s] copying package.xml -> /workspace/ros2_ws/src/install/maze_pkg/share/maze_pkg
[0.656s] running install_egg_info
[0.658s] Copying ../build/maze_pkg/maze_pkg.egg-info to /workspace/ros2_ws/src/install/maze_pkg/lib/python3.10/site-packages/maze_pkg-0.0.0-py3.10.egg-info
[0.658s] running install_scripts
[0.671s] writing list of installed files to '/workspace/ros2_ws/src/build/maze_pkg/install.log'
[0.685s] Invoked command in '/workspace/ros2_ws/src/maze_pkg' returned '0': PYTHONPATH=/workspace/ros2_ws/src/build/maze_pkg/prefix_override:/usr/lib/python3/dist-packages/colcon_core/task/python/colcon_distutils_commands:/workspace/ros2_ws/src/install/maze_pkg/lib/python3.10/site-packages:${PYTHONPATH} /usr/bin/python3 -W ignore:setup.py install is deprecated -W ignore:easy_install command is deprecated setup.py egg_info --egg-base ../build/maze_pkg build --build-base /workspace/ros2_ws/src/build/maze_pkg/build install --record /workspace/ros2_ws/src/build/maze_pkg/install.log --single-version-externally-managed install_data
