[1.453s] Invoking command in '/workspace/ros2_ws/src/maze_pkg': PYTHONPATH=/workspace/ros2_ws/build/maze_pkg/prefix_override:/usr/lib/python3/dist-packages/colcon_core/task/python/colcon_distutils_commands:/workspace/ros2_ws/install/maze_pkg/lib/python3.10/site-packages:${PYTHONPATH} /usr/bin/python3 -W ignore:setup.py install is deprecated -W ignore:easy_install command is deprecated setup.py egg_info --egg-base ../../build/maze_pkg build --build-base /workspace/ros2_ws/build/maze_pkg/build install --record /workspace/ros2_ws/build/maze_pkg/install.log --single-version-externally-managed install_data
[2.023s] running egg_info
[2.024s] writing ../../build/maze_pkg/maze_pkg.egg-info/PKG-INFO
[2.025s] writing dependency_links to ../../build/maze_pkg/maze_pkg.egg-info/dependency_links.txt
[2.025s] writing entry points to ../../build/maze_pkg/maze_pkg.egg-info/entry_points.txt
[2.025s] writing requirements to ../../build/maze_pkg/maze_pkg.egg-info/requires.txt
[2.027s] writing top-level names to ../../build/maze_pkg/maze_pkg.egg-info/top_level.txt
[2.028s] reading manifest file '../../build/maze_pkg/maze_pkg.egg-info/SOURCES.txt'
[2.030s] writing manifest file '../../build/maze_pkg/maze_pkg.egg-info/SOURCES.txt'
[2.031s] running build
[2.031s] running build_py
[2.031s] copying maze_pkg/res_maze.py -> /workspace/ros2_ws/build/maze_pkg/build/lib/maze_pkg
[2.031s] running install
[2.032s] running install_lib
[2.035s] copying /workspace/ros2_ws/build/maze_pkg/build/lib/maze_pkg/res_maze.py -> /workspace/ros2_ws/install/maze_pkg/lib/python3.10/site-packages/maze_pkg
[2.039s] byte-compiling /workspace/ros2_ws/install/maze_pkg/lib/python3.10/site-packages/maze_pkg/res_maze.py to res_maze.cpython-310.pyc
[2.040s] running install_data
[2.041s] running install_egg_info
[2.045s] removing '/workspace/ros2_ws/install/maze_pkg/lib/python3.10/site-packages/maze_pkg-0.0.0-py3.10.egg-info' (and everything under it)
[2.046s] Copying ../../build/maze_pkg/maze_pkg.egg-info to /workspace/ros2_ws/install/maze_pkg/lib/python3.10/site-packages/maze_pkg-0.0.0-py3.10.egg-info
[2.048s] running install_scripts
[2.095s] Installing res_maze script to /workspace/ros2_ws/install/maze_pkg/lib/maze_pkg
[2.096s] writing list of installed files to '/workspace/ros2_ws/build/maze_pkg/install.log'
[2.133s] Invoked command in '/workspace/ros2_ws/src/maze_pkg' returned '0': PYTHONPATH=/workspace/ros2_ws/build/maze_pkg/prefix_override:/usr/lib/python3/dist-packages/colcon_core/task/python/colcon_distutils_commands:/workspace/ros2_ws/install/maze_pkg/lib/python3.10/site-packages:${PYTHONPATH} /usr/bin/python3 -W ignore:setup.py install is deprecated -W ignore:easy_install command is deprecated setup.py egg_info --egg-base ../../build/maze_pkg build --build-base /workspace/ros2_ws/build/maze_pkg/build install --record /workspace/ros2_ws/build/maze_pkg/install.log --single-version-externally-managed install_data
