[2.123s] Invoking command in '/workspace/ros2_ws/build/maze_pkg': PYTHONPATH=/workspace/ros2_ws/build/maze_pkg/prefix_override:/usr/lib/python3/dist-packages/colcon_core/task/python/colcon_distutils_commands:/workspace/ros2_ws/install/maze_pkg/lib/python3.10/site-packages:${PYTHONPATH} /usr/bin/python3 -W ignore:setup.py install is deprecated -W ignore:easy_install command is deprecated setup.py develop --editable --build-directory /workspace/ros2_ws/build/maze_pkg/build --no-deps symlink_data
[3.330s] running develop
[3.800s] running egg_info
[3.800s] creating maze_pkg.egg-info
[3.801s] writing maze_pkg.egg-info/PKG-INFO
[3.801s] writing dependency_links to maze_pkg.egg-info/dependency_links.txt
[3.801s] writing entry points to maze_pkg.egg-info/entry_points.txt
[3.801s] writing requirements to maze_pkg.egg-info/requires.txt
[3.801s] writing top-level names to maze_pkg.egg-info/top_level.txt
[3.801s] writing manifest file 'maze_pkg.egg-info/SOURCES.txt'
[3.801s] reading manifest file 'maze_pkg.egg-info/SOURCES.txt'
[3.810s] writing manifest file 'maze_pkg.egg-info/SOURCES.txt'
[3.811s] running build_ext
[3.811s] Creating /workspace/ros2_ws/install/maze_pkg/lib/python3.10/site-packages/maze-pkg.egg-link (link to .)
[3.811s] Installing res_maze script to /workspace/ros2_ws/install/maze_pkg/lib/maze_pkg
[3.811s] 
[3.812s] Installed /workspace/ros2_ws/build/maze_pkg
[3.812s] running symlink_data
[3.812s] creating /workspace/ros2_ws/install/maze_pkg/share/ament_index
[3.812s] creating /workspace/ros2_ws/install/maze_pkg/share/ament_index/resource_index
[3.812s] creating /workspace/ros2_ws/install/maze_pkg/share/ament_index/resource_index/packages
[3.812s] symbolically linking /workspace/ros2_ws/build/maze_pkg/resource/maze_pkg -> /workspace/ros2_ws/install/maze_pkg/share/ament_index/resource_index/packages
[3.812s] symbolically linking /workspace/ros2_ws/build/maze_pkg/package.xml -> /workspace/ros2_ws/install/maze_pkg/share/maze_pkg
[3.812s] creating /workspace/ros2_ws/install/maze_pkg/share/maze_pkg/launch
[3.812s] symbolically linking /workspace/ros2_ws/build/maze_pkg/launch/maze_1.launch.py -> /workspace/ros2_ws/install/maze_pkg/share/maze_pkg/launch
[3.812s] symbolically linking /workspace/ros2_ws/build/maze_pkg/launch/maze_2.launch.py -> /workspace/ros2_ws/install/maze_pkg/share/maze_pkg/launch
[3.812s] creating /workspace/ros2_ws/install/maze_pkg/share/maze_pkg/worlds
[3.813s] symbolically linking /workspace/ros2_ws/build/maze_pkg/worlds/maze_1.world -> /workspace/ros2_ws/install/maze_pkg/share/maze_pkg/worlds
[3.813s] symbolically linking /workspace/ros2_ws/build/maze_pkg/worlds/maze_2.world -> /workspace/ros2_ws/install/maze_pkg/share/maze_pkg/worlds
[3.813s] creating /workspace/ros2_ws/install/maze_pkg/share/maze_pkg/models
[3.813s] creating /workspace/ros2_ws/install/maze_pkg/share/maze_pkg/models/maze_2
[3.813s] symbolically linking /workspace/ros2_ws/build/maze_pkg/models/maze_2/model.config -> /workspace/ros2_ws/install/maze_pkg/share/maze_pkg/models/maze_2
[3.813s] symbolically linking /workspace/ros2_ws/build/maze_pkg/models/maze_2/model.sdf -> /workspace/ros2_ws/install/maze_pkg/share/maze_pkg/models/maze_2
[3.813s] creating /workspace/ros2_ws/install/maze_pkg/share/maze_pkg/models/maze_1
[3.813s] symbolically linking /workspace/ros2_ws/build/maze_pkg/models/maze_1/model.config -> /workspace/ros2_ws/install/maze_pkg/share/maze_pkg/models/maze_1
[3.813s] symbolically linking /workspace/ros2_ws/build/maze_pkg/models/maze_1/model.sdf -> /workspace/ros2_ws/install/maze_pkg/share/maze_pkg/models/maze_1
[3.813s] creating /workspace/ros2_ws/install/maze_pkg/share/maze_pkg/models/maze_1/maze_1
[3.813s] symbolically linking /workspace/ros2_ws/build/maze_pkg/models/maze_1/maze_1/model.config -> /workspace/ros2_ws/install/maze_pkg/share/maze_pkg/models/maze_1/maze_1
[3.813s] symbolically linking /workspace/ros2_ws/build/maze_pkg/models/maze_1/maze_1/model.sdf -> /workspace/ros2_ws/install/maze_pkg/share/maze_pkg/models/maze_1/maze_1
[3.868s] Invoked command in '/workspace/ros2_ws/build/maze_pkg' returned '0': PYTHONPATH=/workspace/ros2_ws/build/maze_pkg/prefix_override:/usr/lib/python3/dist-packages/colcon_core/task/python/colcon_distutils_commands:/workspace/ros2_ws/install/maze_pkg/lib/python3.10/site-packages:${PYTHONPATH} /usr/bin/python3 -W ignore:setup.py install is deprecated -W ignore:easy_install command is deprecated setup.py develop --editable --build-directory /workspace/ros2_ws/build/maze_pkg/build --no-deps symlink_data
