running develop
running egg_info
creating paquete1.egg-info
writing paquete1.egg-info/PKG-INFO
writing dependency_links to paquete1.egg-info/dependency_links.txt
writing entry points to paquete1.egg-info/entry_points.txt
writing requirements to paquete1.egg-info/requires.txt
writing top-level names to paquete1.egg-info/top_level.txt
writing manifest file 'paquete1.egg-info/SOURCES.txt'
reading manifest file 'paquete1.egg-info/SOURCES.txt'
writing manifest file 'paquete1.egg-info/SOURCES.txt'
running build_ext
Creating /workspace/ros2_ws/install/paquete1/lib/python3.10/site-packages/paquete1.egg-link (link to .)

Installed /workspace/ros2_ws/build/paquete1
running symlink_data
creating /workspace/ros2_ws/install/paquete1/share/ament_index
creating /workspace/ros2_ws/install/paquete1/share/ament_index/resource_index
creating /workspace/ros2_ws/install/paquete1/share/ament_index/resource_index/packages
symbolically linking /workspace/ros2_ws/build/paquete1/resource/paquete1 -> /workspace/ros2_ws/install/paquete1/share/ament_index/resource_index/packages
symbolically linking /workspace/ros2_ws/build/paquete1/package.xml -> /workspace/ros2_ws/install/paquete1/share/paquete1
