[0.728s] Invoking command in '/workspace/ros2_ws/src/paquete1': PYTHONPATH=/workspace/ros2_ws/src/build/paquete1/prefix_override:/usr/lib/python3/dist-packages/colcon_core/task/python/colcon_distutils_commands:/workspace/ros2_ws/src/install/paquete1/lib/python3.10/site-packages:${PYTHONPATH} /usr/bin/python3 -W ignore:setup.py install is deprecated -W ignore:easy_install command is deprecated setup.py egg_info --egg-base ../build/paquete1 build --build-base /workspace/ros2_ws/src/build/paquete1/build install --record /workspace/ros2_ws/src/build/paquete1/install.log --single-version-externally-managed install_data
[0.912s] running egg_info
[0.913s] writing ../build/paquete1/paquete1.egg-info/PKG-INFO
[0.913s] writing dependency_links to ../build/paquete1/paquete1.egg-info/dependency_links.txt
[0.913s] writing entry points to ../build/paquete1/paquete1.egg-info/entry_points.txt
[0.914s] writing requirements to ../build/paquete1/paquete1.egg-info/requires.txt
[0.914s] writing top-level names to ../build/paquete1/paquete1.egg-info/top_level.txt
[0.915s] reading manifest file '../build/paquete1/paquete1.egg-info/SOURCES.txt'
[0.915s] adding license file 'LICENSE'
[0.915s] writing manifest file '../build/paquete1/paquete1.egg-info/SOURCES.txt'
[0.916s] running build
[0.916s] running build_py
[0.916s] running install
[0.916s] running install_lib
[0.917s] running install_data
[0.917s] running install_egg_info
[0.920s] removing '/workspace/ros2_ws/src/install/paquete1/lib/python3.10/site-packages/paquete1-0.0.0-py3.10.egg-info' (and everything under it)
[0.920s] Copying ../build/paquete1/paquete1.egg-info to /workspace/ros2_ws/src/install/paquete1/lib/python3.10/site-packages/paquete1-0.0.0-py3.10.egg-info
[0.920s] running install_scripts
[0.938s] writing list of installed files to '/workspace/ros2_ws/src/build/paquete1/install.log'
[0.960s] Invoked command in '/workspace/ros2_ws/src/paquete1' returned '0': PYTHONPATH=/workspace/ros2_ws/src/build/paquete1/prefix_override:/usr/lib/python3/dist-packages/colcon_core/task/python/colcon_distutils_commands:/workspace/ros2_ws/src/install/paquete1/lib/python3.10/site-packages:${PYTHONPATH} /usr/bin/python3 -W ignore:setup.py install is deprecated -W ignore:easy_install command is deprecated setup.py egg_info --egg-base ../build/paquete1 build --build-base /workspace/ros2_ws/src/build/paquete1/build install --record /workspace/ros2_ws/src/build/paquete1/install.log --single-version-externally-managed install_data
