[0.262s] Invoking command in '/workspace/ros2_ws/build/turtlebot3_bringup': CMAKE_PREFIX_PATH=/workspace/ros2_ws/install/turtlebot3_node:/workspace/ros2_ws/install/turtlebot3_msgs:/workspace/ros2_ws/install/turtlebot3_description:/workspace/ros2_ws/install/vicpaq:/workspace/ros2_ws/install/turtlebot3:/workspace/ros2_ws/install/turtlebot3_simulations:/workspace/ros2_ws/install/turtlebot3_bringup:/workspace/ros2_ws/install/turtlebot3_navigation2:/workspace/ros2_ws/install/turtlebot3_fake_node:/workspace/ros2_ws/install/turtlebot3_manipulation_gazebo:/workspace/ros2_ws/install/turtlebot3_gazebo:/workspace/ros2_ws/install/turtlebot3_cartographer:/workspace/ros2_ws/install/interfaz_servicio_suma:/workspace/ros2_ws/install/interfaz:/workspace/install/interfaz_servicio_suma:/workspace/ros2_ws/install/turtlebot3_teleop:/workspace/ros2_ws/install/turtlebot3_example:/workspace/ros2_ws/install/servicio_suma:/workspace/ros2_ws/install/service_temp:/workspace/ros2_ws/install/primer_paquete:/workspace/ros2_ws/install/paquete1:/workspace/ros2_ws/install/p2pkg:/workspace/ros2_ws/install/mi_accion:/workspace/ros2_ws/install/battery_act:/workspace/install/servicio_suma:/opt/ros/humble /usr/bin/cmake --build /workspace/ros2_ws/build/turtlebot3_bringup -- -j12 -l12
[0.374s] Invoked command in '/workspace/ros2_ws/build/turtlebot3_bringup' returned '0': CMAKE_PREFIX_PATH=/workspace/ros2_ws/install/turtlebot3_node:/workspace/ros2_ws/install/turtlebot3_msgs:/workspace/ros2_ws/install/turtlebot3_description:/workspace/ros2_ws/install/vicpaq:/workspace/ros2_ws/install/turtlebot3:/workspace/ros2_ws/install/turtlebot3_simulations:/workspace/ros2_ws/install/turtlebot3_bringup:/workspace/ros2_ws/install/turtlebot3_navigation2:/workspace/ros2_ws/install/turtlebot3_fake_node:/workspace/ros2_ws/install/turtlebot3_manipulation_gazebo:/workspace/ros2_ws/install/turtlebot3_gazebo:/workspace/ros2_ws/install/turtlebot3_cartographer:/workspace/ros2_ws/install/interfaz_servicio_suma:/workspace/ros2_ws/install/interfaz:/workspace/install/interfaz_servicio_suma:/workspace/ros2_ws/install/turtlebot3_teleop:/workspace/ros2_ws/install/turtlebot3_example:/workspace/ros2_ws/install/servicio_suma:/workspace/ros2_ws/install/service_temp:/workspace/ros2_ws/install/primer_paquete:/workspace/ros2_ws/install/paquete1:/workspace/ros2_ws/install/p2pkg:/workspace/ros2_ws/install/mi_accion:/workspace/ros2_ws/install/battery_act:/workspace/install/servicio_suma:/opt/ros/humble /usr/bin/cmake --build /workspace/ros2_ws/build/turtlebot3_bringup -- -j12 -l12
[0.375s] Invoking command in '/workspace/ros2_ws/build/turtlebot3_bringup': CMAKE_PREFIX_PATH=/workspace/ros2_ws/install/turtlebot3_node:/workspace/ros2_ws/install/turtlebot3_msgs:/workspace/ros2_ws/install/turtlebot3_description:/workspace/ros2_ws/install/vicpaq:/workspace/ros2_ws/install/turtlebot3:/workspace/ros2_ws/install/turtlebot3_simulations:/workspace/ros2_ws/install/turtlebot3_bringup:/workspace/ros2_ws/install/turtlebot3_navigation2:/workspace/ros2_ws/install/turtlebot3_fake_node:/workspace/ros2_ws/install/turtlebot3_manipulation_gazebo:/workspace/ros2_ws/install/turtlebot3_gazebo:/workspace/ros2_ws/install/turtlebot3_cartographer:/workspace/ros2_ws/install/interfaz_servicio_suma:/workspace/ros2_ws/install/interfaz:/workspace/install/interfaz_servicio_suma:/workspace/ros2_ws/install/turtlebot3_teleop:/workspace/ros2_ws/install/turtlebot3_example:/workspace/ros2_ws/install/servicio_suma:/workspace/ros2_ws/install/service_temp:/workspace/ros2_ws/install/primer_paquete:/workspace/ros2_ws/install/paquete1:/workspace/ros2_ws/install/p2pkg:/workspace/ros2_ws/install/mi_accion:/workspace/ros2_ws/install/battery_act:/workspace/install/servicio_suma:/opt/ros/humble /usr/bin/cmake --install /workspace/ros2_ws/build/turtlebot3_bringup
[0.391s] -- Install configuration: ""
[0.392s] -- Execute custom install script
[0.393s] -- Up-to-date symlink: /workspace/ros2_ws/install/turtlebot3_bringup/share/turtlebot3_bringup/launch/camera.launch.py
[0.394s] -- Up-to-date symlink: /workspace/ros2_ws/install/turtlebot3_bringup/share/turtlebot3_bringup/launch/robot.launch.py
[0.394s] -- Up-to-date symlink: /workspace/ros2_ws/install/turtlebot3_bringup/share/turtlebot3_bringup/launch/rviz2.launch.py
[0.394s] -- Up-to-date symlink: /workspace/ros2_ws/install/turtlebot3_bringup/share/turtlebot3_bringup/launch/turtlebot3_state_publisher.launch.py
[0.395s] -- Up-to-date symlink: /workspace/ros2_ws/install/turtlebot3_bringup/share/turtlebot3_bringup/param/burger.yaml
[0.395s] -- Up-to-date symlink: /workspace/ros2_ws/install/turtlebot3_bringup/share/turtlebot3_bringup/param/humble/burger.yaml
[0.396s] -- Up-to-date symlink: /workspace/ros2_ws/install/turtlebot3_bringup/share/turtlebot3_bringup/param/humble/waffle.yaml
[0.396s] -- Up-to-date symlink: /workspace/ros2_ws/install/turtlebot3_bringup/share/turtlebot3_bringup/param/humble/waffle_pi.yaml
[0.396s] -- Up-to-date symlink: /workspace/ros2_ws/install/turtlebot3_bringup/share/turtlebot3_bringup/param/waffle.yaml
[0.397s] -- Up-to-date symlink: /workspace/ros2_ws/install/turtlebot3_bringup/share/turtlebot3_bringup/param/waffle_pi.yaml
[0.397s] -- Up-to-date symlink: /workspace/ros2_ws/install/turtlebot3_bringup/share/turtlebot3_bringup/script/99-turtlebot3-cdc.rules
[0.400s] -- Up-to-date symlink: /workspace/ros2_ws/install/turtlebot3_bringup/share/turtlebot3_bringup/script/create_udev_rules
[0.400s] -- Up-to-date symlink: /workspace/ros2_ws/install/turtlebot3_bringup/share/ament_index/resource_index/package_run_dependencies/turtlebot3_bringup
[0.400s] -- Up-to-date symlink: /workspace/ros2_ws/install/turtlebot3_bringup/share/ament_index/resource_index/parent_prefix_path/turtlebot3_bringup
[0.400s] -- Up-to-date symlink: /workspace/ros2_ws/install/turtlebot3_bringup/share/turtlebot3_bringup/environment/ament_prefix_path.sh
[0.400s] -- Up-to-date symlink: /workspace/ros2_ws/install/turtlebot3_bringup/share/turtlebot3_bringup/environment/ament_prefix_path.dsv
[0.401s] -- Up-to-date symlink: /workspace/ros2_ws/install/turtlebot3_bringup/share/turtlebot3_bringup/environment/path.sh
[0.401s] -- Up-to-date symlink: /workspace/ros2_ws/install/turtlebot3_bringup/share/turtlebot3_bringup/environment/path.dsv
[0.401s] -- Up-to-date symlink: /workspace/ros2_ws/install/turtlebot3_bringup/share/turtlebot3_bringup/local_setup.bash
[0.401s] -- Up-to-date symlink: /workspace/ros2_ws/install/turtlebot3_bringup/share/turtlebot3_bringup/local_setup.sh
[0.401s] -- Up-to-date symlink: /workspace/ros2_ws/install/turtlebot3_bringup/share/turtlebot3_bringup/local_setup.zsh
[0.401s] -- Up-to-date symlink: /workspace/ros2_ws/install/turtlebot3_bringup/share/turtlebot3_bringup/local_setup.dsv
[0.401s] -- Symlinking: /workspace/ros2_ws/install/turtlebot3_bringup/share/turtlebot3_bringup/package.dsv
[0.424s] -- Up-to-date symlink: /workspace/ros2_ws/install/turtlebot3_bringup/share/ament_index/resource_index/packages/turtlebot3_bringup
[0.424s] -- Up-to-date symlink: /workspace/ros2_ws/install/turtlebot3_bringup/share/turtlebot3_bringup/cmake/turtlebot3_bringupConfig.cmake
[0.424s] -- Up-to-date symlink: /workspace/ros2_ws/install/turtlebot3_bringup/share/turtlebot3_bringup/cmake/turtlebot3_bringupConfig-version.cmake
[0.425s] -- Up-to-date symlink: /workspace/ros2_ws/install/turtlebot3_bringup/share/turtlebot3_bringup/package.xml
[0.436s] Invoked command in '/workspace/ros2_ws/build/turtlebot3_bringup' returned '0': CMAKE_PREFIX_PATH=/workspace/ros2_ws/install/turtlebot3_node:/workspace/ros2_ws/install/turtlebot3_msgs:/workspace/ros2_ws/install/turtlebot3_description:/workspace/ros2_ws/install/vicpaq:/workspace/ros2_ws/install/turtlebot3:/workspace/ros2_ws/install/turtlebot3_simulations:/workspace/ros2_ws/install/turtlebot3_bringup:/workspace/ros2_ws/install/turtlebot3_navigation2:/workspace/ros2_ws/install/turtlebot3_fake_node:/workspace/ros2_ws/install/turtlebot3_manipulation_gazebo:/workspace/ros2_ws/install/turtlebot3_gazebo:/workspace/ros2_ws/install/turtlebot3_cartographer:/workspace/ros2_ws/install/interfaz_servicio_suma:/workspace/ros2_ws/install/interfaz:/workspace/install/interfaz_servicio_suma:/workspace/ros2_ws/install/turtlebot3_teleop:/workspace/ros2_ws/install/turtlebot3_example:/workspace/ros2_ws/install/servicio_suma:/workspace/ros2_ws/install/service_temp:/workspace/ros2_ws/install/primer_paquete:/workspace/ros2_ws/install/paquete1:/workspace/ros2_ws/install/p2pkg:/workspace/ros2_ws/install/mi_accion:/workspace/ros2_ws/install/battery_act:/workspace/install/servicio_suma:/opt/ros/humble /usr/bin/cmake --install /workspace/ros2_ws/build/turtlebot3_bringup
