[0.012s] Invoking command in '/workspace/ros2_ws/build/turtlebot3_bringup': CMAKE_PREFIX_PATH=/workspace/ros2_ws/install/turtlebot3_node:/workspace/ros2_ws/install/turtlebot3_msgs:/workspace/ros2_ws/install/turtlebot3_description:/workspace/ros2_ws/install/vicpaq:/workspace/ros2_ws/install/turtlebot3:/workspace/ros2_ws/install/turtlebot3_simulations:/workspace/ros2_ws/install/turtlebot3_bringup:/workspace/ros2_ws/install/turtlebot3_navigation2:/workspace/ros2_ws/install/turtlebot3_fake_node:/workspace/ros2_ws/install/turtlebot3_manipulation_gazebo:/workspace/ros2_ws/install/turtlebot3_gazebo:/workspace/ros2_ws/install/turtlebot3_cartographer:/workspace/ros2_ws/install/interfaz_servicio_suma:/workspace/ros2_ws/install/interfaz:/workspace/install/interfaz_servicio_suma:/workspace/ros2_ws/install/voice_bot_pkg:/workspace/ros2_ws/install/turtlebot3_teleop:/workspace/ros2_ws/install/turtlebot3_example:/workspace/ros2_ws/install/servicio_suma:/workspace/ros2_ws/install/service_temp:/workspace/ros2_ws/install/primer_paquete:/workspace/ros2_ws/install/paquete1:/workspace/ros2_ws/install/p3_pkg:/workspace/ros2_ws/install/p2pkg:/workspace/ros2_ws/install/mi_accion:/workspace/ros2_ws/install/maze_pkg:/workspace/ros2_ws/install/battery_act:/workspace/ros2_ws/src/voice_bot_pkg/install/voice_bot_pkg:/workspace/install/servicio_suma:/opt/ros/humble /usr/bin/cmake /workspace/ros2_ws/src/turtlebot3/turtlebot3_bringup -DAMENT_CMAKE_SYMLINK_INSTALL=1 -DCMAKE_INSTALL_PREFIX=/workspace/ros2_ws/install/turtlebot3_bringup
[0.061s] -- The C compiler identification is GNU 11.4.0
[0.105s] -- The CXX compiler identification is GNU 11.4.0
[0.113s] -- Detecting C compiler ABI info
[0.177s] -- Detecting C compiler ABI info - done
[0.186s] -- Check for working C compiler: /usr/bin/cc - skipped
[0.186s] -- Detecting C compile features
[0.187s] -- Detecting C compile features - done
[0.190s] -- Detecting CXX compiler ABI info
[0.259s] -- Detecting CXX compiler ABI info - done
[0.267s] -- Check for working CXX compiler: /usr/bin/c++ - skipped
[0.268s] -- Detecting CXX compile features
[0.268s] -- Detecting CXX compile features - done
[0.273s] -- Found ament_cmake: 1.3.12 (/opt/ros/humble/share/ament_cmake/cmake)
[0.433s] -- Found Python3: /usr/bin/python3 (found version "3.10.12") found components: Interpreter 
[0.493s] -- Override CMake install command with custom implementation using symlinks instead of copying resources
[0.594s] -- Configuring done
[0.595s] -- Generating done
[0.596s] -- Build files have been written to: /workspace/ros2_ws/build/turtlebot3_bringup
[0.599s] Invoked command in '/workspace/ros2_ws/build/turtlebot3_bringup' returned '0': CMAKE_PREFIX_PATH=/workspace/ros2_ws/install/turtlebot3_node:/workspace/ros2_ws/install/turtlebot3_msgs:/workspace/ros2_ws/install/turtlebot3_description:/workspace/ros2_ws/install/vicpaq:/workspace/ros2_ws/install/turtlebot3:/workspace/ros2_ws/install/turtlebot3_simulations:/workspace/ros2_ws/install/turtlebot3_bringup:/workspace/ros2_ws/install/turtlebot3_navigation2:/workspace/ros2_ws/install/turtlebot3_fake_node:/workspace/ros2_ws/install/turtlebot3_manipulation_gazebo:/workspace/ros2_ws/install/turtlebot3_gazebo:/workspace/ros2_ws/install/turtlebot3_cartographer:/workspace/ros2_ws/install/interfaz_servicio_suma:/workspace/ros2_ws/install/interfaz:/workspace/install/interfaz_servicio_suma:/workspace/ros2_ws/install/voice_bot_pkg:/workspace/ros2_ws/install/turtlebot3_teleop:/workspace/ros2_ws/install/turtlebot3_example:/workspace/ros2_ws/install/servicio_suma:/workspace/ros2_ws/install/service_temp:/workspace/ros2_ws/install/primer_paquete:/workspace/ros2_ws/install/paquete1:/workspace/ros2_ws/install/p3_pkg:/workspace/ros2_ws/install/p2pkg:/workspace/ros2_ws/install/mi_accion:/workspace/ros2_ws/install/maze_pkg:/workspace/ros2_ws/install/battery_act:/workspace/ros2_ws/src/voice_bot_pkg/install/voice_bot_pkg:/workspace/install/servicio_suma:/opt/ros/humble /usr/bin/cmake /workspace/ros2_ws/src/turtlebot3/turtlebot3_bringup -DAMENT_CMAKE_SYMLINK_INSTALL=1 -DCMAKE_INSTALL_PREFIX=/workspace/ros2_ws/install/turtlebot3_bringup
[0.600s] Invoking command in '/workspace/ros2_ws/build/turtlebot3_bringup': CMAKE_PREFIX_PATH=/workspace/ros2_ws/install/turtlebot3_node:/workspace/ros2_ws/install/turtlebot3_msgs:/workspace/ros2_ws/install/turtlebot3_description:/workspace/ros2_ws/install/vicpaq:/workspace/ros2_ws/install/turtlebot3:/workspace/ros2_ws/install/turtlebot3_simulations:/workspace/ros2_ws/install/turtlebot3_bringup:/workspace/ros2_ws/install/turtlebot3_navigation2:/workspace/ros2_ws/install/turtlebot3_fake_node:/workspace/ros2_ws/install/turtlebot3_manipulation_gazebo:/workspace/ros2_ws/install/turtlebot3_gazebo:/workspace/ros2_ws/install/turtlebot3_cartographer:/workspace/ros2_ws/install/interfaz_servicio_suma:/workspace/ros2_ws/install/interfaz:/workspace/install/interfaz_servicio_suma:/workspace/ros2_ws/install/voice_bot_pkg:/workspace/ros2_ws/install/turtlebot3_teleop:/workspace/ros2_ws/install/turtlebot3_example:/workspace/ros2_ws/install/servicio_suma:/workspace/ros2_ws/install/service_temp:/workspace/ros2_ws/install/primer_paquete:/workspace/ros2_ws/install/paquete1:/workspace/ros2_ws/install/p3_pkg:/workspace/ros2_ws/install/p2pkg:/workspace/ros2_ws/install/mi_accion:/workspace/ros2_ws/install/maze_pkg:/workspace/ros2_ws/install/battery_act:/workspace/ros2_ws/src/voice_bot_pkg/install/voice_bot_pkg:/workspace/install/servicio_suma:/opt/ros/humble /usr/bin/cmake --build /workspace/ros2_ws/build/turtlebot3_bringup -- -j12 -l12
[0.632s] Invoked command in '/workspace/ros2_ws/build/turtlebot3_bringup' returned '0': CMAKE_PREFIX_PATH=/workspace/ros2_ws/install/turtlebot3_node:/workspace/ros2_ws/install/turtlebot3_msgs:/workspace/ros2_ws/install/turtlebot3_description:/workspace/ros2_ws/install/vicpaq:/workspace/ros2_ws/install/turtlebot3:/workspace/ros2_ws/install/turtlebot3_simulations:/workspace/ros2_ws/install/turtlebot3_bringup:/workspace/ros2_ws/install/turtlebot3_navigation2:/workspace/ros2_ws/install/turtlebot3_fake_node:/workspace/ros2_ws/install/turtlebot3_manipulation_gazebo:/workspace/ros2_ws/install/turtlebot3_gazebo:/workspace/ros2_ws/install/turtlebot3_cartographer:/workspace/ros2_ws/install/interfaz_servicio_suma:/workspace/ros2_ws/install/interfaz:/workspace/install/interfaz_servicio_suma:/workspace/ros2_ws/install/voice_bot_pkg:/workspace/ros2_ws/install/turtlebot3_teleop:/workspace/ros2_ws/install/turtlebot3_example:/workspace/ros2_ws/install/servicio_suma:/workspace/ros2_ws/install/service_temp:/workspace/ros2_ws/install/primer_paquete:/workspace/ros2_ws/install/paquete1:/workspace/ros2_ws/install/p3_pkg:/workspace/ros2_ws/install/p2pkg:/workspace/ros2_ws/install/mi_accion:/workspace/ros2_ws/install/maze_pkg:/workspace/ros2_ws/install/battery_act:/workspace/ros2_ws/src/voice_bot_pkg/install/voice_bot_pkg:/workspace/install/servicio_suma:/opt/ros/humble /usr/bin/cmake --build /workspace/ros2_ws/build/turtlebot3_bringup -- -j12 -l12
[0.633s] Invoking command in '/workspace/ros2_ws/build/turtlebot3_bringup': CMAKE_PREFIX_PATH=/workspace/ros2_ws/install/turtlebot3_node:/workspace/ros2_ws/install/turtlebot3_msgs:/workspace/ros2_ws/install/turtlebot3_description:/workspace/ros2_ws/install/vicpaq:/workspace/ros2_ws/install/turtlebot3:/workspace/ros2_ws/install/turtlebot3_simulations:/workspace/ros2_ws/install/turtlebot3_bringup:/workspace/ros2_ws/install/turtlebot3_navigation2:/workspace/ros2_ws/install/turtlebot3_fake_node:/workspace/ros2_ws/install/turtlebot3_manipulation_gazebo:/workspace/ros2_ws/install/turtlebot3_gazebo:/workspace/ros2_ws/install/turtlebot3_cartographer:/workspace/ros2_ws/install/interfaz_servicio_suma:/workspace/ros2_ws/install/interfaz:/workspace/install/interfaz_servicio_suma:/workspace/ros2_ws/install/voice_bot_pkg:/workspace/ros2_ws/install/turtlebot3_teleop:/workspace/ros2_ws/install/turtlebot3_example:/workspace/ros2_ws/install/servicio_suma:/workspace/ros2_ws/install/service_temp:/workspace/ros2_ws/install/primer_paquete:/workspace/ros2_ws/install/paquete1:/workspace/ros2_ws/install/p3_pkg:/workspace/ros2_ws/install/p2pkg:/workspace/ros2_ws/install/mi_accion:/workspace/ros2_ws/install/maze_pkg:/workspace/ros2_ws/install/battery_act:/workspace/ros2_ws/src/voice_bot_pkg/install/voice_bot_pkg:/workspace/install/servicio_suma:/opt/ros/humble /usr/bin/cmake --install /workspace/ros2_ws/build/turtlebot3_bringup
[0.642s] -- Install configuration: ""
[0.642s] -- Execute custom install script
[0.643s] -- Symlinking: /workspace/ros2_ws/install/turtlebot3_bringup/share/turtlebot3_bringup/launch/camera.launch.py
[0.652s] -- Symlinking: /workspace/ros2_ws/install/turtlebot3_bringup/share/turtlebot3_bringup/launch/robot.launch.py
[0.659s] -- Symlinking: /workspace/ros2_ws/install/turtlebot3_bringup/share/turtlebot3_bringup/launch/rviz2.launch.py
[0.667s] -- Symlinking: /workspace/ros2_ws/install/turtlebot3_bringup/share/turtlebot3_bringup/launch/turtlebot3_state_publisher.launch.py
[0.675s] -- Symlinking: /workspace/ros2_ws/install/turtlebot3_bringup/share/turtlebot3_bringup/param/burger.yaml
[0.681s] -- Symlinking: /workspace/ros2_ws/install/turtlebot3_bringup/share/turtlebot3_bringup/param/humble/burger.yaml
[0.689s] -- Symlinking: /workspace/ros2_ws/install/turtlebot3_bringup/share/turtlebot3_bringup/param/humble/waffle.yaml
[0.694s] -- Symlinking: /workspace/ros2_ws/install/turtlebot3_bringup/share/turtlebot3_bringup/param/humble/waffle_pi.yaml
[0.701s] -- Symlinking: /workspace/ros2_ws/install/turtlebot3_bringup/share/turtlebot3_bringup/param/waffle.yaml
[0.708s] -- Symlinking: /workspace/ros2_ws/install/turtlebot3_bringup/share/turtlebot3_bringup/param/waffle_pi.yaml
[0.715s] -- Symlinking: /workspace/ros2_ws/install/turtlebot3_bringup/share/turtlebot3_bringup/script/99-turtlebot3-cdc.rules
[0.722s] -- Symlinking: /workspace/ros2_ws/install/turtlebot3_bringup/share/turtlebot3_bringup/script/create_udev_rules
[0.727s] -- Symlinking: /workspace/ros2_ws/install/turtlebot3_bringup/share/ament_index/resource_index/package_run_dependencies/turtlebot3_bringup
[0.735s] -- Symlinking: /workspace/ros2_ws/install/turtlebot3_bringup/share/ament_index/resource_index/parent_prefix_path/turtlebot3_bringup
[0.740s] -- Symlinking: /workspace/ros2_ws/install/turtlebot3_bringup/share/turtlebot3_bringup/environment/ament_prefix_path.sh
[0.748s] -- Symlinking: /workspace/ros2_ws/install/turtlebot3_bringup/share/turtlebot3_bringup/environment/ament_prefix_path.dsv
[0.754s] -- Symlinking: /workspace/ros2_ws/install/turtlebot3_bringup/share/turtlebot3_bringup/environment/path.sh
[0.762s] -- Symlinking: /workspace/ros2_ws/install/turtlebot3_bringup/share/turtlebot3_bringup/environment/path.dsv
[0.768s] -- Symlinking: /workspace/ros2_ws/install/turtlebot3_bringup/share/turtlebot3_bringup/local_setup.bash
[0.775s] -- Symlinking: /workspace/ros2_ws/install/turtlebot3_bringup/share/turtlebot3_bringup/local_setup.sh
[0.783s] -- Symlinking: /workspace/ros2_ws/install/turtlebot3_bringup/share/turtlebot3_bringup/local_setup.zsh
[0.791s] -- Symlinking: /workspace/ros2_ws/install/turtlebot3_bringup/share/turtlebot3_bringup/local_setup.dsv
[0.798s] -- Symlinking: /workspace/ros2_ws/install/turtlebot3_bringup/share/turtlebot3_bringup/package.dsv
[0.803s] -- Symlinking: /workspace/ros2_ws/install/turtlebot3_bringup/share/ament_index/resource_index/packages/turtlebot3_bringup
[0.811s] -- Symlinking: /workspace/ros2_ws/install/turtlebot3_bringup/share/turtlebot3_bringup/cmake/turtlebot3_bringupConfig.cmake
[0.816s] -- Symlinking: /workspace/ros2_ws/install/turtlebot3_bringup/share/turtlebot3_bringup/cmake/turtlebot3_bringupConfig-version.cmake
[0.823s] -- Symlinking: /workspace/ros2_ws/install/turtlebot3_bringup/share/turtlebot3_bringup/package.xml
[0.834s] Invoked command in '/workspace/ros2_ws/build/turtlebot3_bringup' returned '0': CMAKE_PREFIX_PATH=/workspace/ros2_ws/install/turtlebot3_node:/workspace/ros2_ws/install/turtlebot3_msgs:/workspace/ros2_ws/install/turtlebot3_description:/workspace/ros2_ws/install/vicpaq:/workspace/ros2_ws/install/turtlebot3:/workspace/ros2_ws/install/turtlebot3_simulations:/workspace/ros2_ws/install/turtlebot3_bringup:/workspace/ros2_ws/install/turtlebot3_navigation2:/workspace/ros2_ws/install/turtlebot3_fake_node:/workspace/ros2_ws/install/turtlebot3_manipulation_gazebo:/workspace/ros2_ws/install/turtlebot3_gazebo:/workspace/ros2_ws/install/turtlebot3_cartographer:/workspace/ros2_ws/install/interfaz_servicio_suma:/workspace/ros2_ws/install/interfaz:/workspace/install/interfaz_servicio_suma:/workspace/ros2_ws/install/voice_bot_pkg:/workspace/ros2_ws/install/turtlebot3_teleop:/workspace/ros2_ws/install/turtlebot3_example:/workspace/ros2_ws/install/servicio_suma:/workspace/ros2_ws/install/service_temp:/workspace/ros2_ws/install/primer_paquete:/workspace/ros2_ws/install/paquete1:/workspace/ros2_ws/install/p3_pkg:/workspace/ros2_ws/install/p2pkg:/workspace/ros2_ws/install/mi_accion:/workspace/ros2_ws/install/maze_pkg:/workspace/ros2_ws/install/battery_act:/workspace/ros2_ws/src/voice_bot_pkg/install/voice_bot_pkg:/workspace/install/servicio_suma:/opt/ros/humble /usr/bin/cmake --install /workspace/ros2_ws/build/turtlebot3_bringup
