[2.273s] Invoking command in '/workspace/ros2_ws/src/turtlebot3/turtlebot3_teleop': PYTHONPATH=/workspace/ros2_ws/src/build/turtlebot3_teleop/prefix_override:/usr/lib/python3/dist-packages/colcon_core/task/python/colcon_distutils_commands:/workspace/ros2_ws/src/install/turtlebot3_teleop/lib/python3.10/site-packages:${PYTHONPATH} /usr/bin/python3 -W ignore:setup.py install is deprecated -W ignore:easy_install command is deprecated setup.py egg_info --egg-base ../../build/turtlebot3_teleop build --build-base /workspace/ros2_ws/src/build/turtlebot3_teleop/build install --record /workspace/ros2_ws/src/build/turtlebot3_teleop/install.log --single-version-externally-managed install_data
[2.745s] running egg_info
[2.745s] creating ../../build/turtlebot3_teleop/turtlebot3_teleop.egg-info
[2.745s] writing ../../build/turtlebot3_teleop/turtlebot3_teleop.egg-info/PKG-INFO
[2.745s] writing dependency_links to ../../build/turtlebot3_teleop/turtlebot3_teleop.egg-info/dependency_links.txt
[2.745s] writing entry points to ../../build/turtlebot3_teleop/turtlebot3_teleop.egg-info/entry_points.txt
[2.746s] writing requirements to ../../build/turtlebot3_teleop/turtlebot3_teleop.egg-info/requires.txt
[2.746s] writing top-level names to ../../build/turtlebot3_teleop/turtlebot3_teleop.egg-info/top_level.txt
[2.746s] writing manifest file '../../build/turtlebot3_teleop/turtlebot3_teleop.egg-info/SOURCES.txt'
[2.758s] reading manifest file '../../build/turtlebot3_teleop/turtlebot3_teleop.egg-info/SOURCES.txt'
[2.758s] writing manifest file '../../build/turtlebot3_teleop/turtlebot3_teleop.egg-info/SOURCES.txt'
[2.758s] running build
[2.758s] running build_py
[2.759s] creating /workspace/ros2_ws/src/build/turtlebot3_teleop/build
[2.759s] creating /workspace/ros2_ws/src/build/turtlebot3_teleop/build/lib
[2.759s] creating /workspace/ros2_ws/src/build/turtlebot3_teleop/build/lib/turtlebot3_teleop
[2.759s] copying turtlebot3_teleop/__init__.py -> /workspace/ros2_ws/src/build/turtlebot3_teleop/build/lib/turtlebot3_teleop
[2.759s] creating /workspace/ros2_ws/src/build/turtlebot3_teleop/build/lib/turtlebot3_teleop/script
[2.760s] copying turtlebot3_teleop/script/teleop_keyboard.py -> /workspace/ros2_ws/src/build/turtlebot3_teleop/build/lib/turtlebot3_teleop/script
[2.760s] copying turtlebot3_teleop/script/__init__.py -> /workspace/ros2_ws/src/build/turtlebot3_teleop/build/lib/turtlebot3_teleop/script
[2.760s] running install
[2.760s] running install_lib
[2.760s] creating /workspace/ros2_ws/src/install/turtlebot3_teleop/lib/python3.10/site-packages/turtlebot3_teleop
[2.760s] creating /workspace/ros2_ws/src/install/turtlebot3_teleop/lib/python3.10/site-packages/turtlebot3_teleop/script
[2.760s] copying /workspace/ros2_ws/src/build/turtlebot3_teleop/build/lib/turtlebot3_teleop/script/teleop_keyboard.py -> /workspace/ros2_ws/src/install/turtlebot3_teleop/lib/python3.10/site-packages/turtlebot3_teleop/script
[2.760s] copying /workspace/ros2_ws/src/build/turtlebot3_teleop/build/lib/turtlebot3_teleop/script/__init__.py -> /workspace/ros2_ws/src/install/turtlebot3_teleop/lib/python3.10/site-packages/turtlebot3_teleop/script
[2.762s] copying /workspace/ros2_ws/src/build/turtlebot3_teleop/build/lib/turtlebot3_teleop/__init__.py -> /workspace/ros2_ws/src/install/turtlebot3_teleop/lib/python3.10/site-packages/turtlebot3_teleop
[2.768s] byte-compiling /workspace/ros2_ws/src/install/turtlebot3_teleop/lib/python3.10/site-packages/turtlebot3_teleop/script/teleop_keyboard.py to teleop_keyboard.cpython-310.pyc
[2.768s] byte-compiling /workspace/ros2_ws/src/install/turtlebot3_teleop/lib/python3.10/site-packages/turtlebot3_teleop/script/__init__.py to __init__.cpython-310.pyc
[2.769s] byte-compiling /workspace/ros2_ws/src/install/turtlebot3_teleop/lib/python3.10/site-packages/turtlebot3_teleop/__init__.py to __init__.cpython-310.pyc
[2.769s] running install_data
[2.769s] creating /workspace/ros2_ws/src/install/turtlebot3_teleop/share/ament_index
[2.769s] creating /workspace/ros2_ws/src/install/turtlebot3_teleop/share/ament_index/resource_index
[2.769s] creating /workspace/ros2_ws/src/install/turtlebot3_teleop/share/ament_index/resource_index/packages
[2.770s] copying resource/turtlebot3_teleop -> /workspace/ros2_ws/src/install/turtlebot3_teleop/share/ament_index/resource_index/packages
[2.770s] copying package.xml -> /workspace/ros2_ws/src/install/turtlebot3_teleop/share/turtlebot3_teleop
[2.770s] running install_egg_info
[2.771s] Copying ../../build/turtlebot3_teleop/turtlebot3_teleop.egg-info to /workspace/ros2_ws/src/install/turtlebot3_teleop/lib/python3.10/site-packages/turtlebot3_teleop-2.3.6-py3.10.egg-info
[2.771s] running install_scripts
[2.771s] Installing teleop_keyboard script to /workspace/ros2_ws/src/install/turtlebot3_teleop/lib/turtlebot3_teleop
[2.771s] writing list of installed files to '/workspace/ros2_ws/src/build/turtlebot3_teleop/install.log'
[2.787s] Invoked command in '/workspace/ros2_ws/src/turtlebot3/turtlebot3_teleop' returned '0': PYTHONPATH=/workspace/ros2_ws/src/build/turtlebot3_teleop/prefix_override:/usr/lib/python3/dist-packages/colcon_core/task/python/colcon_distutils_commands:/workspace/ros2_ws/src/install/turtlebot3_teleop/lib/python3.10/site-packages:${PYTHONPATH} /usr/bin/python3 -W ignore:setup.py install is deprecated -W ignore:easy_install command is deprecated setup.py egg_info --egg-base ../../build/turtlebot3_teleop build --build-base /workspace/ros2_ws/src/build/turtlebot3_teleop/build install --record /workspace/ros2_ws/src/build/turtlebot3_teleop/install.log --single-version-externally-managed install_data
