running egg_info
writing ../../build/mi_accion/mi_accion.egg-info/PKG-INFO
writing dependency_links to ../../build/mi_accion/mi_accion.egg-info/dependency_links.txt
writing entry points to ../../build/mi_accion/mi_accion.egg-info/entry_points.txt
writing requirements to ../../build/mi_accion/mi_accion.egg-info/requires.txt
writing top-level names to ../../build/mi_accion/mi_accion.egg-info/top_level.txt
reading manifest file '../../build/mi_accion/mi_accion.egg-info/SOURCES.txt'
adding license file 'LICENSE'
writing manifest file '../../build/mi_accion/mi_accion.egg-info/SOURCES.txt'
running build
running build_py
running install
running install_lib
running install_data
running install_egg_info
removing '/workspace/ros2_ws/install/mi_accion/lib/python3.10/site-packages/mi_accion-0.0.0-py3.10.egg-info' (and everything under it)
Copying ../../build/mi_accion/mi_accion.egg-info to /workspace/ros2_ws/install/mi_accion/lib/python3.10/site-packages/mi_accion-0.0.0-py3.10.egg-info
running install_scripts
Installing client script to /workspace/ros2_ws/install/mi_accion/lib/mi_accion
Installing ej_client script to /workspace/ros2_ws/install/mi_accion/lib/mi_accion
Installing ej_server script to /workspace/ros2_ws/install/mi_accion/lib/mi_accion
Installing server script to /workspace/ros2_ws/install/mi_accion/lib/mi_accion
writing list of installed files to '/workspace/ros2_ws/build/mi_accion/install.log'
