[7.662s] Invoking command in '/workspace/ros2_ws/src/mi_accion': PYTHONPATH=/workspace/ros2_ws/build/mi_accion/prefix_override:/usr/lib/python3/dist-packages/colcon_core/task/python/colcon_distutils_commands:/workspace/ros2_ws/install/mi_accion/lib/python3.10/site-packages:${PYTHONPATH} /usr/bin/python3 -W ignore:setup.py install is deprecated -W ignore:easy_install command is deprecated setup.py egg_info --egg-base ../../build/mi_accion build --build-base /workspace/ros2_ws/build/mi_accion/build install --record /workspace/ros2_ws/build/mi_accion/install.log --single-version-externally-managed install_data
[8.935s] running egg_info
[8.935s] writing ../../build/mi_accion/mi_accion.egg-info/PKG-INFO
[8.936s] writing dependency_links to ../../build/mi_accion/mi_accion.egg-info/dependency_links.txt
[8.940s] writing entry points to ../../build/mi_accion/mi_accion.egg-info/entry_points.txt
[8.940s] writing requirements to ../../build/mi_accion/mi_accion.egg-info/requires.txt
[8.940s] writing top-level names to ../../build/mi_accion/mi_accion.egg-info/top_level.txt
[8.941s] reading manifest file '../../build/mi_accion/mi_accion.egg-info/SOURCES.txt'
[8.941s] adding license file 'LICENSE'
[8.944s] writing manifest file '../../build/mi_accion/mi_accion.egg-info/SOURCES.txt'
[8.944s] running build
[8.944s] running build_py
[8.945s] running install
[8.949s] running install_lib
[8.964s] running install_data
[8.964s] running install_egg_info
[8.964s] removing '/workspace/ros2_ws/install/mi_accion/lib/python3.10/site-packages/mi_accion-0.0.0-py3.10.egg-info' (and everything under it)
[8.964s] Copying ../../build/mi_accion/mi_accion.egg-info to /workspace/ros2_ws/install/mi_accion/lib/python3.10/site-packages/mi_accion-0.0.0-py3.10.egg-info
[8.965s] running install_scripts
[9.015s] Installing client script to /workspace/ros2_ws/install/mi_accion/lib/mi_accion
[9.015s] Installing ej_client script to /workspace/ros2_ws/install/mi_accion/lib/mi_accion
[9.016s] Installing ej_server script to /workspace/ros2_ws/install/mi_accion/lib/mi_accion
[9.016s] Installing server script to /workspace/ros2_ws/install/mi_accion/lib/mi_accion
[9.016s] writing list of installed files to '/workspace/ros2_ws/build/mi_accion/install.log'
[9.251s] Invoked command in '/workspace/ros2_ws/src/mi_accion' returned '0': PYTHONPATH=/workspace/ros2_ws/build/mi_accion/prefix_override:/usr/lib/python3/dist-packages/colcon_core/task/python/colcon_distutils_commands:/workspace/ros2_ws/install/mi_accion/lib/python3.10/site-packages:${PYTHONPATH} /usr/bin/python3 -W ignore:setup.py install is deprecated -W ignore:easy_install command is deprecated setup.py egg_info --egg-base ../../build/mi_accion build --build-base /workspace/ros2_ws/build/mi_accion/build install --record /workspace/ros2_ws/build/mi_accion/install.log --single-version-externally-managed install_data
