running develop
Removing /workspace/ros2_ws/install/mi_accion/lib/python3.10/site-packages/mi-accion.egg-link (link to .)
running egg_info
writing ../../build/mi_accion/mi_accion.egg-info/PKG-INFO
writing dependency_links to ../../build/mi_accion/mi_accion.egg-info/dependency_links.txt
writing entry points to ../../build/mi_accion/mi_accion.egg-info/entry_points.txt
writing requirements to ../../build/mi_accion/mi_accion.egg-info/requires.txt
writing top-level names to ../../build/mi_accion/mi_accion.egg-info/top_level.txt
reading manifest file '../../build/mi_accion/mi_accion.egg-info/SOURCES.txt'
adding license file 'LICENSE'
writing manifest file '../../build/mi_accion/mi_accion.egg-info/SOURCES.txt'
running build
running build_py
creating /workspace/ros2_ws/build/mi_accion/build
creating /workspace/ros2_ws/build/mi_accion/build/lib
creating /workspace/ros2_ws/build/mi_accion/build/lib/mi_accion
copying mi_accion/ejercicios_fibClient.py -> /workspace/ros2_ws/build/mi_accion/build/lib/mi_accion
copying mi_accion/fibonacci_action_client.py -> /workspace/ros2_ws/build/mi_accion/build/lib/mi_accion
copying mi_accion/ejercicios_fibServer.py -> /workspace/ros2_ws/build/mi_accion/build/lib/mi_accion
copying mi_accion/fibonacci_action_server.py -> /workspace/ros2_ws/build/mi_accion/build/lib/mi_accion
copying mi_accion/__init__.py -> /workspace/ros2_ws/build/mi_accion/build/lib/mi_accion
running install
running install_lib
creating /workspace/ros2_ws/install/mi_accion/lib/python3.10/site-packages/mi_accion
copying /workspace/ros2_ws/build/mi_accion/build/lib/mi_accion/ejercicios_fibClient.py -> /workspace/ros2_ws/install/mi_accion/lib/python3.10/site-packages/mi_accion
copying /workspace/ros2_ws/build/mi_accion/build/lib/mi_accion/fibonacci_action_client.py -> /workspace/ros2_ws/install/mi_accion/lib/python3.10/site-packages/mi_accion
copying /workspace/ros2_ws/build/mi_accion/build/lib/mi_accion/ejercicios_fibServer.py -> /workspace/ros2_ws/install/mi_accion/lib/python3.10/site-packages/mi_accion
copying /workspace/ros2_ws/build/mi_accion/build/lib/mi_accion/fibonacci_action_server.py -> /workspace/ros2_ws/install/mi_accion/lib/python3.10/site-packages/mi_accion
copying /workspace/ros2_ws/build/mi_accion/build/lib/mi_accion/__init__.py -> /workspace/ros2_ws/install/mi_accion/lib/python3.10/site-packages/mi_accion
byte-compiling /workspace/ros2_ws/install/mi_accion/lib/python3.10/site-packages/mi_accion/ejercicios_fibClient.py to ejercicios_fibClient.cpython-310.pyc
byte-compiling /workspace/ros2_ws/install/mi_accion/lib/python3.10/site-packages/mi_accion/fibonacci_action_client.py to fibonacci_action_client.cpython-310.pyc
byte-compiling /workspace/ros2_ws/install/mi_accion/lib/python3.10/site-packages/mi_accion/ejercicios_fibServer.py to ejercicios_fibServer.cpython-310.pyc
byte-compiling /workspace/ros2_ws/install/mi_accion/lib/python3.10/site-packages/mi_accion/fibonacci_action_server.py to fibonacci_action_server.cpython-310.pyc
byte-compiling /workspace/ros2_ws/install/mi_accion/lib/python3.10/site-packages/mi_accion/__init__.py to __init__.cpython-310.pyc
running install_data
copying resource/mi_accion -> /workspace/ros2_ws/install/mi_accion/share/ament_index/resource_index/packages
copying package.xml -> /workspace/ros2_ws/install/mi_accion/share/mi_accion
copying launch/launch_ejercicio4.py -> /workspace/ros2_ws/install/mi_accion/share/mi_accion/launch
copying launch/launch_ejercicio3.py -> /workspace/ros2_ws/install/mi_accion/share/mi_accion/launch
running install_egg_info
Copying ../../build/mi_accion/mi_accion.egg-info to /workspace/ros2_ws/install/mi_accion/lib/python3.10/site-packages/mi_accion-0.0.0-py3.10.egg-info
running install_scripts
Installing client script to /workspace/ros2_ws/install/mi_accion/lib/mi_accion
Installing ej_client script to /workspace/ros2_ws/install/mi_accion/lib/mi_accion
Installing ej_server script to /workspace/ros2_ws/install/mi_accion/lib/mi_accion
Installing server script to /workspace/ros2_ws/install/mi_accion/lib/mi_accion
writing list of installed files to '/workspace/ros2_ws/build/mi_accion/install.log'
