[4.347s] Invoking command in '/workspace/ros2_ws/src/turtlebot3/turtlebot3_example': CMAKE_PREFIX_PATH=/workspace/ros2_ws/install/turtlebot3_msgs:/workspace/ros2_ws/install/vicpaq:/workspace/ros2_ws/install/turtlebot3:/workspace/ros2_ws/install/turtlebot3_simulations:/workspace/ros2_ws/install/turtlebot3_bringup:/workspace/ros2_ws/install/turtlebot3_node:/workspace/ros2_ws/install/turtlebot3_navigation2:/workspace/ros2_ws/install/turtlebot3_fake_node:/workspace/ros2_ws/install/turtlebot3_manipulation_gazebo:/workspace/ros2_ws/install/turtlebot3_gazebo:/workspace/ros2_ws/install/turtlebot3_description:/workspace/ros2_ws/install/turtlebot3_cartographer:/workspace/ros2_ws/install/interfaz_servicio_suma:/workspace/ros2_ws/install/interfaz:/workspace/install/interfaz_servicio_suma PYTHONPATH=/workspace/ros2_ws/build/turtlebot3_example/prefix_override:/usr/lib/python3/dist-packages/colcon_core/task/python/colcon_distutils_commands:/workspace/ros2_ws/install/turtlebot3_example/lib/python3.10/site-packages:${PYTHONPATH} /usr/bin/python3 -W ignore:setup.py install is deprecated -W ignore:easy_install command is deprecated setup.py egg_info --egg-base ../../../build/turtlebot3_example build --build-base /workspace/ros2_ws/build/turtlebot3_example/build install --record /workspace/ros2_ws/build/turtlebot3_example/install.log --single-version-externally-managed install_data
[5.065s] running egg_info
[5.065s] writing ../../../build/turtlebot3_example/turtlebot3_example.egg-info/PKG-INFO
[5.066s] writing dependency_links to ../../../build/turtlebot3_example/turtlebot3_example.egg-info/dependency_links.txt
[5.066s] writing entry points to ../../../build/turtlebot3_example/turtlebot3_example.egg-info/entry_points.txt
[5.066s] writing requirements to ../../../build/turtlebot3_example/turtlebot3_example.egg-info/requires.txt
[5.066s] writing top-level names to ../../../build/turtlebot3_example/turtlebot3_example.egg-info/top_level.txt
[5.070s] reading manifest file '../../../build/turtlebot3_example/turtlebot3_example.egg-info/SOURCES.txt'
[5.072s] writing manifest file '../../../build/turtlebot3_example/turtlebot3_example.egg-info/SOURCES.txt'
[5.072s] running build
[5.072s] running build_py
[5.075s] running install
[5.075s] running install_lib
[5.080s] running install_data
[5.080s] running install_egg_info
[5.085s] removing '/workspace/ros2_ws/install/turtlebot3_example/lib/python3.10/site-packages/turtlebot3_example-2.3.6-py3.10.egg-info' (and everything under it)
[5.086s] Copying ../../../build/turtlebot3_example/turtlebot3_example.egg-info to /workspace/ros2_ws/install/turtlebot3_example/lib/python3.10/site-packages/turtlebot3_example-2.3.6-py3.10.egg-info
[5.088s] running install_scripts
[5.136s] Installing turtlebot3_absolute_move script to /workspace/ros2_ws/install/turtlebot3_example/lib/turtlebot3_example
[5.136s] Installing turtlebot3_interactive_marker script to /workspace/ros2_ws/install/turtlebot3_example/lib/turtlebot3_example
[5.137s] Installing turtlebot3_obstacle_detection script to /workspace/ros2_ws/install/turtlebot3_example/lib/turtlebot3_example
[5.137s] Installing turtlebot3_patrol_client script to /workspace/ros2_ws/install/turtlebot3_example/lib/turtlebot3_example
[5.137s] Installing turtlebot3_patrol_server script to /workspace/ros2_ws/install/turtlebot3_example/lib/turtlebot3_example
[5.137s] Installing turtlebot3_relative_move script to /workspace/ros2_ws/install/turtlebot3_example/lib/turtlebot3_example
[5.137s] writing list of installed files to '/workspace/ros2_ws/build/turtlebot3_example/install.log'
[5.236s] Invoked command in '/workspace/ros2_ws/src/turtlebot3/turtlebot3_example' returned '0': CMAKE_PREFIX_PATH=/workspace/ros2_ws/install/turtlebot3_msgs:/workspace/ros2_ws/install/vicpaq:/workspace/ros2_ws/install/turtlebot3:/workspace/ros2_ws/install/turtlebot3_simulations:/workspace/ros2_ws/install/turtlebot3_bringup:/workspace/ros2_ws/install/turtlebot3_node:/workspace/ros2_ws/install/turtlebot3_navigation2:/workspace/ros2_ws/install/turtlebot3_fake_node:/workspace/ros2_ws/install/turtlebot3_manipulation_gazebo:/workspace/ros2_ws/install/turtlebot3_gazebo:/workspace/ros2_ws/install/turtlebot3_description:/workspace/ros2_ws/install/turtlebot3_cartographer:/workspace/ros2_ws/install/interfaz_servicio_suma:/workspace/ros2_ws/install/interfaz:/workspace/install/interfaz_servicio_suma PYTHONPATH=/workspace/ros2_ws/build/turtlebot3_example/prefix_override:/usr/lib/python3/dist-packages/colcon_core/task/python/colcon_distutils_commands:/workspace/ros2_ws/install/turtlebot3_example/lib/python3.10/site-packages:${PYTHONPATH} /usr/bin/python3 -W ignore:setup.py install is deprecated -W ignore:easy_install command is deprecated setup.py egg_info --egg-base ../../../build/turtlebot3_example build --build-base /workspace/ros2_ws/build/turtlebot3_example/build install --record /workspace/ros2_ws/build/turtlebot3_example/install.log --single-version-externally-managed install_data
