[2.720s] Invoking command in '/workspace/ros2_ws/build/p2pkg': CMAKE_PREFIX_PATH=/workspace/ros2_ws/install/interfaz:/workspace/ros2_ws/install/vicpaq:/workspace/ros2_ws/install/turtlebot3:/workspace/ros2_ws/install/turtlebot3_simulations:/workspace/ros2_ws/install/turtlebot3_bringup:/workspace/ros2_ws/install/turtlebot3_node:/workspace/ros2_ws/install/turtlebot3_navigation2:/workspace/ros2_ws/install/turtlebot3_fake_node:/workspace/ros2_ws/install/turtlebot3_msgs:/workspace/ros2_ws/install/turtlebot3_manipulation_gazebo:/workspace/ros2_ws/install/turtlebot3_gazebo:/workspace/ros2_ws/install/turtlebot3_description:/workspace/ros2_ws/install/turtlebot3_cartographer:/workspace/ros2_ws/install/interfaz_servicio_suma:/workspace/install/interfaz_servicio_suma LD_LIBRARY_PATH=/workspace/ros2_ws/install/interfaz/lib:/workspace/ros2_ws/install/turtlebot3_msgs/lib:/workspace/ros2_ws/install/interfaz_servicio_suma/lib:/workspace/install/interfaz_servicio_suma/lib:/usr/lib/x86_64-linux-gnu/gazebo-11/plugins:/opt/ros/humble/opt/rviz_ogre_vendor/lib:/opt/ros/humble/lib/x86_64-linux-gnu:/opt/ros/humble/lib PYTHONPATH=/workspace/ros2_ws/build/p2pkg/prefix_override:/usr/lib/python3/dist-packages/colcon_core/task/python/colcon_distutils_commands:/workspace/ros2_ws/install/p2pkg/lib/python3.10/site-packages:${PYTHONPATH} /usr/bin/python3 -W ignore:setup.py install is deprecated -W ignore:easy_install command is deprecated setup.py develop --uninstall --editable --build-directory /workspace/ros2_ws/build/p2pkg/build
[3.306s] running develop
[3.708s] Removing /workspace/ros2_ws/install/p2pkg/lib/python3.10/site-packages/p2pkg.egg-link (link to .)
[3.760s] Invoked command in '/workspace/ros2_ws/build/p2pkg' returned '0': CMAKE_PREFIX_PATH=/workspace/ros2_ws/install/interfaz:/workspace/ros2_ws/install/vicpaq:/workspace/ros2_ws/install/turtlebot3:/workspace/ros2_ws/install/turtlebot3_simulations:/workspace/ros2_ws/install/turtlebot3_bringup:/workspace/ros2_ws/install/turtlebot3_node:/workspace/ros2_ws/install/turtlebot3_navigation2:/workspace/ros2_ws/install/turtlebot3_fake_node:/workspace/ros2_ws/install/turtlebot3_msgs:/workspace/ros2_ws/install/turtlebot3_manipulation_gazebo:/workspace/ros2_ws/install/turtlebot3_gazebo:/workspace/ros2_ws/install/turtlebot3_description:/workspace/ros2_ws/install/turtlebot3_cartographer:/workspace/ros2_ws/install/interfaz_servicio_suma:/workspace/install/interfaz_servicio_suma LD_LIBRARY_PATH=/workspace/ros2_ws/install/interfaz/lib:/workspace/ros2_ws/install/turtlebot3_msgs/lib:/workspace/ros2_ws/install/interfaz_servicio_suma/lib:/workspace/install/interfaz_servicio_suma/lib:/usr/lib/x86_64-linux-gnu/gazebo-11/plugins:/opt/ros/humble/opt/rviz_ogre_vendor/lib:/opt/ros/humble/lib/x86_64-linux-gnu:/opt/ros/humble/lib PYTHONPATH=/workspace/ros2_ws/build/p2pkg/prefix_override:/usr/lib/python3/dist-packages/colcon_core/task/python/colcon_distutils_commands:/workspace/ros2_ws/install/p2pkg/lib/python3.10/site-packages:${PYTHONPATH} /usr/bin/python3 -W ignore:setup.py install is deprecated -W ignore:easy_install command is deprecated setup.py develop --uninstall --editable --build-directory /workspace/ros2_ws/build/p2pkg/build
[3.764s] Invoking command in '/workspace/ros2_ws/src/p2pkg': CMAKE_PREFIX_PATH=/workspace/ros2_ws/install/interfaz:/workspace/ros2_ws/install/vicpaq:/workspace/ros2_ws/install/turtlebot3:/workspace/ros2_ws/install/turtlebot3_simulations:/workspace/ros2_ws/install/turtlebot3_bringup:/workspace/ros2_ws/install/turtlebot3_node:/workspace/ros2_ws/install/turtlebot3_navigation2:/workspace/ros2_ws/install/turtlebot3_fake_node:/workspace/ros2_ws/install/turtlebot3_msgs:/workspace/ros2_ws/install/turtlebot3_manipulation_gazebo:/workspace/ros2_ws/install/turtlebot3_gazebo:/workspace/ros2_ws/install/turtlebot3_description:/workspace/ros2_ws/install/turtlebot3_cartographer:/workspace/ros2_ws/install/interfaz_servicio_suma:/workspace/install/interfaz_servicio_suma LD_LIBRARY_PATH=/workspace/ros2_ws/install/interfaz/lib:/workspace/ros2_ws/install/turtlebot3_msgs/lib:/workspace/ros2_ws/install/interfaz_servicio_suma/lib:/workspace/install/interfaz_servicio_suma/lib:/usr/lib/x86_64-linux-gnu/gazebo-11/plugins:/opt/ros/humble/opt/rviz_ogre_vendor/lib:/opt/ros/humble/lib/x86_64-linux-gnu:/opt/ros/humble/lib PYTHONPATH=/workspace/ros2_ws/build/p2pkg/prefix_override:/usr/lib/python3/dist-packages/colcon_core/task/python/colcon_distutils_commands:/workspace/ros2_ws/install/p2pkg/lib/python3.10/site-packages:${PYTHONPATH} /usr/bin/python3 -W ignore:setup.py install is deprecated -W ignore:easy_install command is deprecated setup.py egg_info --egg-base ../../build/p2pkg build --build-base /workspace/ros2_ws/build/p2pkg/build install --record /workspace/ros2_ws/build/p2pkg/install.log --single-version-externally-managed install_data --force
[4.159s] running egg_info
[4.160s] writing ../../build/p2pkg/p2pkg.egg-info/PKG-INFO
[4.160s] writing dependency_links to ../../build/p2pkg/p2pkg.egg-info/dependency_links.txt
[4.160s] writing entry points to ../../build/p2pkg/p2pkg.egg-info/entry_points.txt
[4.160s] writing requirements to ../../build/p2pkg/p2pkg.egg-info/requires.txt
[4.160s] writing top-level names to ../../build/p2pkg/p2pkg.egg-info/top_level.txt
[4.163s] reading manifest file '../../build/p2pkg/p2pkg.egg-info/SOURCES.txt'
[4.164s] adding license file 'LICENSE'
[4.165s] writing manifest file '../../build/p2pkg/p2pkg.egg-info/SOURCES.txt'
[4.165s] running build
[4.165s] running build_py
[4.166s] creating /workspace/ros2_ws/build/p2pkg/build
[4.166s] creating /workspace/ros2_ws/build/p2pkg/build/lib
[4.166s] creating /workspace/ros2_ws/build/p2pkg/build/lib/p2pkg
[4.166s] copying p2pkg/nodosub_ejercicio2.py -> /workspace/ros2_ws/build/p2pkg/build/lib/p2pkg
[4.167s] copying p2pkg/nodopub_ejercicio2.py -> /workspace/ros2_ws/build/p2pkg/build/lib/p2pkg
[4.167s] copying p2pkg/__init__.py -> /workspace/ros2_ws/build/p2pkg/build/lib/p2pkg
[4.167s] running install
[4.167s] running install_lib
[4.168s] creating /workspace/ros2_ws/install/p2pkg/lib/python3.10/site-packages/p2pkg
[4.169s] copying /workspace/ros2_ws/build/p2pkg/build/lib/p2pkg/nodosub_ejercicio2.py -> /workspace/ros2_ws/install/p2pkg/lib/python3.10/site-packages/p2pkg
[4.169s] copying /workspace/ros2_ws/build/p2pkg/build/lib/p2pkg/nodopub_ejercicio2.py -> /workspace/ros2_ws/install/p2pkg/lib/python3.10/site-packages/p2pkg
[4.169s] copying /workspace/ros2_ws/build/p2pkg/build/lib/p2pkg/__init__.py -> /workspace/ros2_ws/install/p2pkg/lib/python3.10/site-packages/p2pkg
[4.170s] byte-compiling /workspace/ros2_ws/install/p2pkg/lib/python3.10/site-packages/p2pkg/nodosub_ejercicio2.py to nodosub_ejercicio2.cpython-310.pyc
[4.170s] byte-compiling /workspace/ros2_ws/install/p2pkg/lib/python3.10/site-packages/p2pkg/nodopub_ejercicio2.py to nodopub_ejercicio2.cpython-310.pyc
[4.171s] byte-compiling /workspace/ros2_ws/install/p2pkg/lib/python3.10/site-packages/p2pkg/__init__.py to __init__.cpython-310.pyc
[4.171s] running install_data
[4.171s] copying resource/p2pkg -> /workspace/ros2_ws/install/p2pkg/share/ament_index/resource_index/packages
[4.171s] copying package.xml -> /workspace/ros2_ws/install/p2pkg/share/p2pkg
[4.172s] running install_egg_info
[4.176s] Copying ../../build/p2pkg/p2pkg.egg-info to /workspace/ros2_ws/install/p2pkg/lib/python3.10/site-packages/p2pkg-0.0.0-py3.10.egg-info
[4.178s] running install_scripts
[4.210s] Installing nodopub script to /workspace/ros2_ws/install/p2pkg/lib/p2pkg
[4.211s] Installing nodosub script to /workspace/ros2_ws/install/p2pkg/lib/p2pkg
[4.211s] writing list of installed files to '/workspace/ros2_ws/build/p2pkg/install.log'
[4.246s] Invoked command in '/workspace/ros2_ws/src/p2pkg' returned '0': CMAKE_PREFIX_PATH=/workspace/ros2_ws/install/interfaz:/workspace/ros2_ws/install/vicpaq:/workspace/ros2_ws/install/turtlebot3:/workspace/ros2_ws/install/turtlebot3_simulations:/workspace/ros2_ws/install/turtlebot3_bringup:/workspace/ros2_ws/install/turtlebot3_node:/workspace/ros2_ws/install/turtlebot3_navigation2:/workspace/ros2_ws/install/turtlebot3_fake_node:/workspace/ros2_ws/install/turtlebot3_msgs:/workspace/ros2_ws/install/turtlebot3_manipulation_gazebo:/workspace/ros2_ws/install/turtlebot3_gazebo:/workspace/ros2_ws/install/turtlebot3_description:/workspace/ros2_ws/install/turtlebot3_cartographer:/workspace/ros2_ws/install/interfaz_servicio_suma:/workspace/install/interfaz_servicio_suma LD_LIBRARY_PATH=/workspace/ros2_ws/install/interfaz/lib:/workspace/ros2_ws/install/turtlebot3_msgs/lib:/workspace/ros2_ws/install/interfaz_servicio_suma/lib:/workspace/install/interfaz_servicio_suma/lib:/usr/lib/x86_64-linux-gnu/gazebo-11/plugins:/opt/ros/humble/opt/rviz_ogre_vendor/lib:/opt/ros/humble/lib/x86_64-linux-gnu:/opt/ros/humble/lib PYTHONPATH=/workspace/ros2_ws/build/p2pkg/prefix_override:/usr/lib/python3/dist-packages/colcon_core/task/python/colcon_distutils_commands:/workspace/ros2_ws/install/p2pkg/lib/python3.10/site-packages:${PYTHONPATH} /usr/bin/python3 -W ignore:setup.py install is deprecated -W ignore:easy_install command is deprecated setup.py egg_info --egg-base ../../build/p2pkg build --build-base /workspace/ros2_ws/build/p2pkg/build install --record /workspace/ros2_ws/build/p2pkg/install.log --single-version-externally-managed install_data --force
