[2.689s] Invoking command in '/workspace/ros2_ws/build/turtlebot3_example': CMAKE_PREFIX_PATH=/workspace/ros2_ws/install/turtlebot3_msgs:/workspace/ros2_ws/install/vicpaq:/workspace/ros2_ws/install/turtlebot3:/workspace/ros2_ws/install/turtlebot3_simulations:/workspace/ros2_ws/install/turtlebot3_bringup:/workspace/ros2_ws/install/turtlebot3_node:/workspace/ros2_ws/install/turtlebot3_navigation2:/workspace/ros2_ws/install/turtlebot3_fake_node:/workspace/ros2_ws/install/turtlebot3_manipulation:/workspace/ros2_ws/install/turtlebot3_manipulation_teleop:/workspace/ros2_ws/install/turtlebot3_manipulation_navigation2:/workspace/ros2_ws/install/turtlebot3_manipulation_moveit_config:/workspace/ros2_ws/install/turtlebot3_manipulation_hardware:/workspace/ros2_ws/install/turtlebot3_manipulation_gazebo:/workspace/ros2_ws/install/turtlebot3_manipulation_bringup:/workspace/ros2_ws/install/turtlebot3_manipulation_description:/workspace/ros2_ws/install/turtlebot3_manipulation_cartographer:/workspace/ros2_ws/install/turtlebot3_gazebo:/workspace/ros2_ws/install/turtlebot3_description:/workspace/ros2_ws/install/turtlebot3_cartographer:/workspace/ros2_ws/install/interfaz_servicio_suma:/workspace/ros2_ws/install/interfaz:/workspace/install/interfaz_servicio_suma PYTHONPATH=/workspace/ros2_ws/build/turtlebot3_example/prefix_override:/usr/lib/python3/dist-packages/colcon_core/task/python/colcon_distutils_commands:/workspace/ros2_ws/install/turtlebot3_example/lib/python3.10/site-packages:${PYTHONPATH} /usr/bin/python3 -W ignore:setup.py install is deprecated -W ignore:easy_install command is deprecated setup.py develop --editable --build-directory /workspace/ros2_ws/build/turtlebot3_example/build --no-deps symlink_data
[3.224s] running develop
[3.572s] running egg_info
[3.572s] writing turtlebot3_example.egg-info/PKG-INFO
[3.573s] writing dependency_links to turtlebot3_example.egg-info/dependency_links.txt
[3.575s] writing entry points to turtlebot3_example.egg-info/entry_points.txt
[3.576s] writing requirements to turtlebot3_example.egg-info/requires.txt
[3.576s] writing top-level names to turtlebot3_example.egg-info/top_level.txt
[3.577s] reading manifest file 'turtlebot3_example.egg-info/SOURCES.txt'
[3.579s] writing manifest file 'turtlebot3_example.egg-info/SOURCES.txt'
[3.582s] running build_ext
[3.582s] Creating /workspace/ros2_ws/install/turtlebot3_example/lib/python3.10/site-packages/turtlebot3-example.egg-link (link to .)
[3.584s] Installing turtlebot3_absolute_move script to /workspace/ros2_ws/install/turtlebot3_example/lib/turtlebot3_example
[3.584s] Installing turtlebot3_interactive_marker script to /workspace/ros2_ws/install/turtlebot3_example/lib/turtlebot3_example
[3.584s] Installing turtlebot3_obstacle_detection script to /workspace/ros2_ws/install/turtlebot3_example/lib/turtlebot3_example
[3.585s] Installing turtlebot3_patrol_client script to /workspace/ros2_ws/install/turtlebot3_example/lib/turtlebot3_example
[3.585s] Installing turtlebot3_patrol_server script to /workspace/ros2_ws/install/turtlebot3_example/lib/turtlebot3_example
[3.585s] Installing turtlebot3_relative_move script to /workspace/ros2_ws/install/turtlebot3_example/lib/turtlebot3_example
[3.585s] 
[3.585s] Installed /workspace/ros2_ws/build/turtlebot3_example
[3.586s] running symlink_data
[4.560s] Invoked command in '/workspace/ros2_ws/build/turtlebot3_example' returned '0': CMAKE_PREFIX_PATH=/workspace/ros2_ws/install/turtlebot3_msgs:/workspace/ros2_ws/install/vicpaq:/workspace/ros2_ws/install/turtlebot3:/workspace/ros2_ws/install/turtlebot3_simulations:/workspace/ros2_ws/install/turtlebot3_bringup:/workspace/ros2_ws/install/turtlebot3_node:/workspace/ros2_ws/install/turtlebot3_navigation2:/workspace/ros2_ws/install/turtlebot3_fake_node:/workspace/ros2_ws/install/turtlebot3_manipulation:/workspace/ros2_ws/install/turtlebot3_manipulation_teleop:/workspace/ros2_ws/install/turtlebot3_manipulation_navigation2:/workspace/ros2_ws/install/turtlebot3_manipulation_moveit_config:/workspace/ros2_ws/install/turtlebot3_manipulation_hardware:/workspace/ros2_ws/install/turtlebot3_manipulation_gazebo:/workspace/ros2_ws/install/turtlebot3_manipulation_bringup:/workspace/ros2_ws/install/turtlebot3_manipulation_description:/workspace/ros2_ws/install/turtlebot3_manipulation_cartographer:/workspace/ros2_ws/install/turtlebot3_gazebo:/workspace/ros2_ws/install/turtlebot3_description:/workspace/ros2_ws/install/turtlebot3_cartographer:/workspace/ros2_ws/install/interfaz_servicio_suma:/workspace/ros2_ws/install/interfaz:/workspace/install/interfaz_servicio_suma PYTHONPATH=/workspace/ros2_ws/build/turtlebot3_example/prefix_override:/usr/lib/python3/dist-packages/colcon_core/task/python/colcon_distutils_commands:/workspace/ros2_ws/install/turtlebot3_example/lib/python3.10/site-packages:${PYTHONPATH} /usr/bin/python3 -W ignore:setup.py install is deprecated -W ignore:easy_install command is deprecated setup.py develop --editable --build-directory /workspace/ros2_ws/build/turtlebot3_example/build --no-deps symlink_data
