[0.977s] Invoking command in '/workspace/ros2_ws/build/vicpaq': CMAKE_PREFIX_PATH=${CMAKE_PREFIX_PATH}:/workspace/install/servicio_suma:/workspace/ros2_ws/install/vicpaq:/workspace/ros2_ws/install/servicio_suma:/workspace/ros2_ws/install/service_temp:/workspace/ros2_ws/install/primer_paquete:/workspace/ros2_ws/install/paquete1:/workspace/ros2_ws/install/battery_act:/opt/ros/humble /usr/bin/cmake /workspace/ros2_ws/src/vicpaq -DAMENT_CMAKE_SYMLINK_INSTALL=1 -DCMAKE_INSTALL_PREFIX=/workspace/ros2_ws/install/vicpaq
[1.031s] -- The C compiler identification is GNU 11.4.0
[1.112s] -- The CXX compiler identification is GNU 11.4.0
[1.122s] -- Detecting C compiler ABI info
[1.216s] -- Detecting C compiler ABI info - done
[1.229s] -- Check for working C compiler: /usr/bin/cc - skipped
[1.230s] -- Detecting C compile features
[1.234s] -- Detecting C compile features - done
[1.236s] -- Detecting CXX compiler ABI info
[1.347s] -- Detecting CXX compiler ABI info - done
[1.358s] -- Check for working CXX compiler: /usr/bin/c++ - skipped
[1.358s] -- Detecting CXX compile features
[1.359s] -- Detecting CXX compile features - done
[1.366s] -- Found ament_cmake: 1.3.12 (/opt/ros/humble/share/ament_cmake/cmake)
[1.581s] -- Found Python3: /usr/bin/python3 (found version "3.10.12") found components: Interpreter 
[1.675s] -- Override CMake install command with custom implementation using symlinks instead of copying resources
[1.738s] -- Found rclcpp: 16.0.17 (/opt/ros/humble/share/rclcpp/cmake)
[1.820s] -- Found rosidl_generator_c: 3.1.8 (/opt/ros/humble/share/rosidl_generator_c/cmake)
[1.831s] -- Found rosidl_adapter: 3.1.8 (/opt/ros/humble/share/rosidl_adapter/cmake)
[1.848s] -- Found rosidl_generator_cpp: 3.1.8 (/opt/ros/humble/share/rosidl_generator_cpp/cmake)
[1.872s] -- Using all available rosidl_typesupport_c: rosidl_typesupport_fastrtps_c;rosidl_typesupport_introspection_c
[1.904s] -- Using all available rosidl_typesupport_cpp: rosidl_typesupport_fastrtps_cpp;rosidl_typesupport_introspection_cpp
[1.984s] -- Found rmw_implementation_cmake: 6.1.2 (/opt/ros/humble/share/rmw_implementation_cmake/cmake)
[1.989s] -- Found rmw_fastrtps_cpp: 6.2.9 (/opt/ros/humble/share/rmw_fastrtps_cpp/cmake)
[2.100s] -- Found OpenSSL: /usr/lib/x86_64-linux-gnu/libcrypto.so (found version "3.0.2")  
[2.137s] -- Found FastRTPS: /opt/ros/humble/include  
[2.208s] -- Using RMW implementation 'rmw_fastrtps_cpp' as default
[2.229s] -- Looking for pthread.h
[2.319s] -- Looking for pthread.h - found
[2.319s] -- Performing Test CMAKE_HAVE_LIBC_PTHREAD
[2.404s] -- Performing Test CMAKE_HAVE_LIBC_PTHREAD - Success
[2.405s] -- Found Threads: TRUE  
[2.488s] -- Found ament_lint_auto: 0.12.14 (/opt/ros/humble/share/ament_lint_auto/cmake)
[2.595s] -- Added test 'lint_cmake' to check CMake code style
[2.596s] -- Added test 'xmllint' to check XML markup files
[2.597s] -- Configuring done
[2.600s] -- Generating done
[2.602s] -- Build files have been written to: /workspace/ros2_ws/build/vicpaq
[2.609s] Invoked command in '/workspace/ros2_ws/build/vicpaq' returned '0': CMAKE_PREFIX_PATH=${CMAKE_PREFIX_PATH}:/workspace/install/servicio_suma:/workspace/ros2_ws/install/vicpaq:/workspace/ros2_ws/install/servicio_suma:/workspace/ros2_ws/install/service_temp:/workspace/ros2_ws/install/primer_paquete:/workspace/ros2_ws/install/paquete1:/workspace/ros2_ws/install/battery_act:/opt/ros/humble /usr/bin/cmake /workspace/ros2_ws/src/vicpaq -DAMENT_CMAKE_SYMLINK_INSTALL=1 -DCMAKE_INSTALL_PREFIX=/workspace/ros2_ws/install/vicpaq
[2.610s] Invoking command in '/workspace/ros2_ws/build/vicpaq': CMAKE_PREFIX_PATH=${CMAKE_PREFIX_PATH}:/workspace/install/servicio_suma:/workspace/ros2_ws/install/vicpaq:/workspace/ros2_ws/install/servicio_suma:/workspace/ros2_ws/install/service_temp:/workspace/ros2_ws/install/primer_paquete:/workspace/ros2_ws/install/paquete1:/workspace/ros2_ws/install/battery_act:/opt/ros/humble /usr/bin/cmake --build /workspace/ros2_ws/build/vicpaq -- -j12 -l12
[2.649s] Invoked command in '/workspace/ros2_ws/build/vicpaq' returned '0': CMAKE_PREFIX_PATH=${CMAKE_PREFIX_PATH}:/workspace/install/servicio_suma:/workspace/ros2_ws/install/vicpaq:/workspace/ros2_ws/install/servicio_suma:/workspace/ros2_ws/install/service_temp:/workspace/ros2_ws/install/primer_paquete:/workspace/ros2_ws/install/paquete1:/workspace/ros2_ws/install/battery_act:/opt/ros/humble /usr/bin/cmake --build /workspace/ros2_ws/build/vicpaq -- -j12 -l12
[2.651s] Invoking command in '/workspace/ros2_ws/build/vicpaq': CMAKE_PREFIX_PATH=${CMAKE_PREFIX_PATH}:/workspace/install/servicio_suma:/workspace/ros2_ws/install/vicpaq:/workspace/ros2_ws/install/servicio_suma:/workspace/ros2_ws/install/service_temp:/workspace/ros2_ws/install/primer_paquete:/workspace/ros2_ws/install/paquete1:/workspace/ros2_ws/install/battery_act:/opt/ros/humble /usr/bin/cmake --install /workspace/ros2_ws/build/vicpaq
[2.660s] -- Install configuration: ""
[2.660s] -- Execute custom install script
[2.661s] -- Symlinking: /workspace/ros2_ws/install/vicpaq/share/ament_index/resource_index/package_run_dependencies/vicpaq
[2.672s] -- Symlinking: /workspace/ros2_ws/install/vicpaq/share/ament_index/resource_index/parent_prefix_path/vicpaq
[2.683s] -- Symlinking: /workspace/ros2_ws/install/vicpaq/share/vicpaq/environment/ament_prefix_path.sh
[2.694s] -- Symlinking: /workspace/ros2_ws/install/vicpaq/share/vicpaq/environment/ament_prefix_path.dsv
[2.705s] -- Symlinking: /workspace/ros2_ws/install/vicpaq/share/vicpaq/environment/path.sh
[2.716s] -- Symlinking: /workspace/ros2_ws/install/vicpaq/share/vicpaq/environment/path.dsv
[2.724s] -- Symlinking: /workspace/ros2_ws/install/vicpaq/share/vicpaq/local_setup.bash
[2.732s] -- Symlinking: /workspace/ros2_ws/install/vicpaq/share/vicpaq/local_setup.sh
[2.740s] -- Symlinking: /workspace/ros2_ws/install/vicpaq/share/vicpaq/local_setup.zsh
[2.748s] -- Symlinking: /workspace/ros2_ws/install/vicpaq/share/vicpaq/local_setup.dsv
[2.757s] -- Symlinking: /workspace/ros2_ws/install/vicpaq/share/vicpaq/package.dsv
[2.766s] -- Symlinking: /workspace/ros2_ws/install/vicpaq/share/ament_index/resource_index/packages/vicpaq
[2.774s] -- Symlinking: /workspace/ros2_ws/install/vicpaq/share/vicpaq/cmake/vicpaqConfig.cmake
[2.782s] -- Symlinking: /workspace/ros2_ws/install/vicpaq/share/vicpaq/cmake/vicpaqConfig-version.cmake
[2.794s] -- Symlinking: /workspace/ros2_ws/install/vicpaq/share/vicpaq/package.xml
[2.809s] Invoked command in '/workspace/ros2_ws/build/vicpaq' returned '0': CMAKE_PREFIX_PATH=${CMAKE_PREFIX_PATH}:/workspace/install/servicio_suma:/workspace/ros2_ws/install/vicpaq:/workspace/ros2_ws/install/servicio_suma:/workspace/ros2_ws/install/service_temp:/workspace/ros2_ws/install/primer_paquete:/workspace/ros2_ws/install/paquete1:/workspace/ros2_ws/install/battery_act:/opt/ros/humble /usr/bin/cmake --install /workspace/ros2_ws/build/vicpaq
