[1.575s] Invoking command in '/workspace/ros2_ws/build/turtlebot3_teleop': PYTHONPATH=/workspace/ros2_ws/build/turtlebot3_teleop/prefix_override:/usr/lib/python3/dist-packages/colcon_core/task/python/colcon_distutils_commands:/workspace/ros2_ws/install/turtlebot3_teleop/lib/python3.10/site-packages:${PYTHONPATH} /usr/bin/python3 -W ignore:setup.py install is deprecated -W ignore:easy_install command is deprecated setup.py develop --editable --build-directory /workspace/ros2_ws/build/turtlebot3_teleop/build --no-deps symlink_data
[1.953s] running develop
[2.214s] running egg_info
[2.215s] creating turtlebot3_teleop.egg-info
[2.215s] writing turtlebot3_teleop.egg-info/PKG-INFO
[2.215s] writing dependency_links to turtlebot3_teleop.egg-info/dependency_links.txt
[2.215s] writing entry points to turtlebot3_teleop.egg-info/entry_points.txt
[2.216s] writing requirements to turtlebot3_teleop.egg-info/requires.txt
[2.216s] writing top-level names to turtlebot3_teleop.egg-info/top_level.txt
[2.216s] writing manifest file 'turtlebot3_teleop.egg-info/SOURCES.txt'
[2.218s] reading manifest file 'turtlebot3_teleop.egg-info/SOURCES.txt'
[2.219s] writing manifest file 'turtlebot3_teleop.egg-info/SOURCES.txt'
[2.221s] running build_ext
[2.221s] Creating /workspace/ros2_ws/install/turtlebot3_teleop/lib/python3.10/site-packages/turtlebot3-teleop.egg-link (link to .)
[2.223s] Installing teleop_keyboard script to /workspace/ros2_ws/install/turtlebot3_teleop/lib/turtlebot3_teleop
[2.223s] 
[2.223s] Installed /workspace/ros2_ws/build/turtlebot3_teleop
[2.223s] running symlink_data
[2.224s] creating /workspace/ros2_ws/install/turtlebot3_teleop/share/ament_index
[2.224s] creating /workspace/ros2_ws/install/turtlebot3_teleop/share/ament_index/resource_index
[2.224s] creating /workspace/ros2_ws/install/turtlebot3_teleop/share/ament_index/resource_index/packages
[2.224s] symbolically linking /workspace/ros2_ws/build/turtlebot3_teleop/resource/turtlebot3_teleop -> /workspace/ros2_ws/install/turtlebot3_teleop/share/ament_index/resource_index/packages
[2.224s] symbolically linking /workspace/ros2_ws/build/turtlebot3_teleop/package.xml -> /workspace/ros2_ws/install/turtlebot3_teleop/share/turtlebot3_teleop
[2.260s] Invoked command in '/workspace/ros2_ws/build/turtlebot3_teleop' returned '0': PYTHONPATH=/workspace/ros2_ws/build/turtlebot3_teleop/prefix_override:/usr/lib/python3/dist-packages/colcon_core/task/python/colcon_distutils_commands:/workspace/ros2_ws/install/turtlebot3_teleop/lib/python3.10/site-packages:${PYTHONPATH} /usr/bin/python3 -W ignore:setup.py install is deprecated -W ignore:easy_install command is deprecated setup.py develop --editable --build-directory /workspace/ros2_ws/build/turtlebot3_teleop/build --no-deps symlink_data
