[0.258s] Invoking command in '/workspace/ros2_ws/build/interfaz': CMAKE_PREFIX_PATH=${CMAKE_PREFIX_PATH}:/workspace/ros2_ws/install/voice_bot_pkg:/workspace/ros2_ws/install/turtlebot3_teleop:/workspace/ros2_ws/install/turtlebot3_example:/workspace/ros2_ws/install/servicio_suma:/workspace/ros2_ws/install/service_temp:/workspace/ros2_ws/install/recolector_pkg:/workspace/ros2_ws/install/primer_paquete:/workspace/ros2_ws/install/paquete1:/workspace/ros2_ws/install/p3_pkg:/workspace/ros2_ws/install/p2pkg:/workspace/ros2_ws/install/mi_accion:/workspace/ros2_ws/install/maze_pkg:/workspace/ros2_ws/install/battery_act:/workspace/ros2_ws/src/voice_bot_pkg/install/voice_bot_pkg:/workspace/install/servicio_suma:/opt/ros/humble /usr/bin/cmake --build /workspace/ros2_ws/build/interfaz -- -j12 -l12
[0.511s] [  1%] Built target interfaz__cpp
[0.683s] [  1%] Built target ament_cmake_python_symlink_interfaz
[0.698s] [35m[1mConsolidate compiler generated dependencies of target interfaz__rosidl_typesupport_introspection_cpp[0m
[0.744s] [ 12%] Built target interfaz__rosidl_typesupport_introspection_cpp
[1.534s] running egg_info
[1.535s] writing interfaz.egg-info/PKG-INFO
[1.535s] writing dependency_links to interfaz.egg-info/dependency_links.txt
[1.541s] writing top-level names to interfaz.egg-info/top_level.txt
[1.543s] reading manifest file 'interfaz.egg-info/SOURCES.txt'
[1.550s] writing manifest file 'interfaz.egg-info/SOURCES.txt'
[1.622s] [ 12%] Built target ament_cmake_python_build_interfaz_egg
[1.687s] [35m[1mConsolidate compiler generated dependencies of target interfaz__rosidl_typesupport_fastrtps_cpp[0m
[1.725s] [ 23%] Built target interfaz__rosidl_typesupport_fastrtps_cpp
[1.751s] [35m[1mConsolidate compiler generated dependencies of target interfaz__rosidl_typesupport_cpp[0m
[1.791s] [ 35%] Built target interfaz__rosidl_typesupport_cpp
[1.848s] [35m[1mConsolidate compiler generated dependencies of target interfaz__rosidl_generator_c[0m
[1.886s] [ 46%] Built target interfaz__rosidl_generator_c
[1.920s] [35m[1mConsolidate compiler generated dependencies of target interfaz__rosidl_typesupport_fastrtps_c[0m
[1.956s] [ 57%] Built target interfaz__rosidl_typesupport_fastrtps_c
[1.994s] [35m[1mConsolidate compiler generated dependencies of target interfaz__rosidl_typesupport_c[0m
[2.041s] [ 69%] Built target interfaz__rosidl_typesupport_c
[2.071s] [35m[1mConsolidate compiler generated dependencies of target interfaz__rosidl_typesupport_introspection_c[0m
[2.109s] [ 80%] Built target interfaz__rosidl_typesupport_introspection_c
[2.205s] [ 80%] Built target interfaz
[2.263s] [ 81%] Built target interfaz__py
[2.292s] [35m[1mConsolidate compiler generated dependencies of target interfaz__rosidl_generator_py[0m
[2.332s] [ 91%] Built target interfaz__rosidl_generator_py
[2.361s] [35m[1mConsolidate compiler generated dependencies of target interfaz__rosidl_typesupport_fastrtps_c__pyext[0m
[2.394s] [ 94%] Built target interfaz__rosidl_typesupport_fastrtps_c__pyext
[2.436s] [35m[1mConsolidate compiler generated dependencies of target interfaz__rosidl_typesupport_c__pyext[0m
[2.481s] [ 97%] Built target interfaz__rosidl_typesupport_c__pyext
[2.502s] [35m[1mConsolidate compiler generated dependencies of target interfaz__rosidl_typesupport_introspection_c__pyext[0m
[2.541s] [100%] Built target interfaz__rosidl_typesupport_introspection_c__pyext
[5.649s] Invoked command in '/workspace/ros2_ws/build/interfaz' returned '0': CMAKE_PREFIX_PATH=${CMAKE_PREFIX_PATH}:/workspace/ros2_ws/install/voice_bot_pkg:/workspace/ros2_ws/install/turtlebot3_teleop:/workspace/ros2_ws/install/turtlebot3_example:/workspace/ros2_ws/install/servicio_suma:/workspace/ros2_ws/install/service_temp:/workspace/ros2_ws/install/recolector_pkg:/workspace/ros2_ws/install/primer_paquete:/workspace/ros2_ws/install/paquete1:/workspace/ros2_ws/install/p3_pkg:/workspace/ros2_ws/install/p2pkg:/workspace/ros2_ws/install/mi_accion:/workspace/ros2_ws/install/maze_pkg:/workspace/ros2_ws/install/battery_act:/workspace/ros2_ws/src/voice_bot_pkg/install/voice_bot_pkg:/workspace/install/servicio_suma:/opt/ros/humble /usr/bin/cmake --build /workspace/ros2_ws/build/interfaz -- -j12 -l12
[5.651s] Invoking command in '/workspace/ros2_ws/build/interfaz': CMAKE_PREFIX_PATH=${CMAKE_PREFIX_PATH}:/workspace/ros2_ws/install/voice_bot_pkg:/workspace/ros2_ws/install/turtlebot3_teleop:/workspace/ros2_ws/install/turtlebot3_example:/workspace/ros2_ws/install/servicio_suma:/workspace/ros2_ws/install/service_temp:/workspace/ros2_ws/install/recolector_pkg:/workspace/ros2_ws/install/primer_paquete:/workspace/ros2_ws/install/paquete1:/workspace/ros2_ws/install/p3_pkg:/workspace/ros2_ws/install/p2pkg:/workspace/ros2_ws/install/mi_accion:/workspace/ros2_ws/install/maze_pkg:/workspace/ros2_ws/install/battery_act:/workspace/ros2_ws/src/voice_bot_pkg/install/voice_bot_pkg:/workspace/install/servicio_suma:/opt/ros/humble /usr/bin/cmake --install /workspace/ros2_ws/build/interfaz
[6.638s] -- Install configuration: ""
[6.638s] -- Execute custom install script
[6.638s] -- Up-to-date symlink: /workspace/ros2_ws/install/interfaz/share/ament_index/resource_index/rosidl_interfaces/interfaz
[6.640s] -- Up-to-date symlink: /workspace/ros2_ws/install/interfaz/include/interfaz/interfaz/action/battery.h
[6.641s] -- Up-to-date symlink: /workspace/ros2_ws/install/interfaz/include/interfaz/interfaz/action/detail/battery__functions.h
[6.641s] -- Up-to-date symlink: /workspace/ros2_ws/install/interfaz/include/interfaz/interfaz/action/detail/battery__struct.h
[6.642s] -- Up-to-date symlink: /workspace/ros2_ws/install/interfaz/include/interfaz/interfaz/action/detail/battery__type_support.h
[6.644s] -- Up-to-date symlink: /workspace/ros2_ws/install/interfaz/include/interfaz/interfaz/action/detail/ej_fibonacci__functions.h
[6.645s] -- Up-to-date symlink: /workspace/ros2_ws/install/interfaz/include/interfaz/interfaz/action/detail/ej_fibonacci__struct.h
[6.645s] -- Up-to-date symlink: /workspace/ros2_ws/install/interfaz/include/interfaz/interfaz/action/detail/ej_fibonacci__type_support.h
[6.647s] -- Up-to-date symlink: /workspace/ros2_ws/install/interfaz/include/interfaz/interfaz/action/detail/fibonacci__functions.h
[6.647s] -- Up-to-date symlink: /workspace/ros2_ws/install/interfaz/include/interfaz/interfaz/action/detail/fibonacci__struct.h
[6.648s] -- Up-to-date symlink: /workspace/ros2_ws/install/interfaz/include/interfaz/interfaz/action/detail/fibonacci__type_support.h
[6.648s] -- Up-to-date symlink: /workspace/ros2_ws/install/interfaz/include/interfaz/interfaz/action/ej_fibonacci.h
[6.649s] -- Up-to-date symlink: /workspace/ros2_ws/install/interfaz/include/interfaz/interfaz/action/fibonacci.h
[6.650s] -- Up-to-date symlink: /workspace/ros2_ws/install/interfaz/include/interfaz/interfaz/msg/detail/mi_mensaje__functions.h
[6.650s] -- Up-to-date symlink: /workspace/ros2_ws/install/interfaz/include/interfaz/interfaz/msg/detail/mi_mensaje__struct.h
[6.652s] -- Up-to-date symlink: /workspace/ros2_ws/install/interfaz/include/interfaz/interfaz/msg/detail/mi_mensaje__type_support.h
[6.653s] -- Up-to-date symlink: /workspace/ros2_ws/install/interfaz/include/interfaz/interfaz/msg/detail/p2pkg_mensaje__functions.h
[6.655s] -- Up-to-date symlink: /workspace/ros2_ws/install/interfaz/include/interfaz/interfaz/msg/detail/p2pkg_mensaje__struct.h
[6.657s] -- Up-to-date symlink: /workspace/ros2_ws/install/interfaz/include/interfaz/interfaz/msg/detail/p2pkg_mensaje__type_support.h
[6.658s] -- Up-to-date symlink: /workspace/ros2_ws/install/interfaz/include/interfaz/interfaz/msg/mi_mensaje.h
[6.659s] -- Up-to-date symlink: /workspace/ros2_ws/install/interfaz/include/interfaz/interfaz/msg/p2pkg_mensaje.h
[6.661s] -- Up-to-date symlink: /workspace/ros2_ws/install/interfaz/include/interfaz/interfaz/msg/rosidl_generator_c__visibility_control.h
[6.662s] -- Up-to-date symlink: /workspace/ros2_ws/install/interfaz/include/interfaz/interfaz/srv/convert_temp.h
[6.662s] -- Up-to-date symlink: /workspace/ros2_ws/install/interfaz/include/interfaz/interfaz/srv/detail/convert_temp__functions.h
[6.663s] -- Up-to-date symlink: /workspace/ros2_ws/install/interfaz/include/interfaz/interfaz/srv/detail/convert_temp__struct.h
[6.664s] -- Up-to-date symlink: /workspace/ros2_ws/install/interfaz/include/interfaz/interfaz/srv/detail/convert_temp__type_support.h
[6.665s] -- Up-to-date symlink: /workspace/ros2_ws/install/interfaz/share/interfaz/environment/library_path.sh
[6.666s] -- Up-to-date symlink: /workspace/ros2_ws/install/interfaz/share/interfaz/environment/library_path.dsv
[6.667s] -- Up-to-date symlink: /workspace/ros2_ws/install/interfaz/include/interfaz/interfaz/action/detail/battery__rosidl_typesupport_fastrtps_c.h
[6.669s] -- Up-to-date symlink: /workspace/ros2_ws/install/interfaz/include/interfaz/interfaz/action/detail/ej_fibonacci__rosidl_typesupport_fastrtps_c.h
[6.669s] -- Up-to-date symlink: /workspace/ros2_ws/install/interfaz/include/interfaz/interfaz/action/detail/fibonacci__rosidl_typesupport_fastrtps_c.h
[6.670s] -- Up-to-date symlink: /workspace/ros2_ws/install/interfaz/include/interfaz/interfaz/msg/detail/mi_mensaje__rosidl_typesupport_fastrtps_c.h
[6.674s] -- Up-to-date symlink: /workspace/ros2_ws/install/interfaz/include/interfaz/interfaz/msg/detail/p2pkg_mensaje__rosidl_typesupport_fastrtps_c.h
[6.675s] -- Up-to-date symlink: /workspace/ros2_ws/install/interfaz/include/interfaz/interfaz/msg/rosidl_typesupport_fastrtps_c__visibility_control.h
[6.676s] -- Up-to-date symlink: /workspace/ros2_ws/install/interfaz/include/interfaz/interfaz/srv/detail/convert_temp__rosidl_typesupport_fastrtps_c.h
[6.676s] -- Up-to-date symlink: /workspace/ros2_ws/install/interfaz/include/interfaz/interfaz/action/battery.hpp
[6.677s] -- Up-to-date symlink: /workspace/ros2_ws/install/interfaz/include/interfaz/interfaz/action/detail/battery__builder.hpp
[6.677s] -- Up-to-date symlink: /workspace/ros2_ws/install/interfaz/include/interfaz/interfaz/action/detail/battery__struct.hpp
[6.678s] -- Up-to-date symlink: /workspace/ros2_ws/install/interfaz/include/interfaz/interfaz/action/detail/battery__traits.hpp
[6.679s] -- Up-to-date symlink: /workspace/ros2_ws/install/interfaz/include/interfaz/interfaz/action/detail/battery__type_support.hpp
[6.679s] -- Up-to-date symlink: /workspace/ros2_ws/install/interfaz/include/interfaz/interfaz/action/detail/ej_fibonacci__builder.hpp
[6.686s] -- Up-to-date symlink: /workspace/ros2_ws/install/interfaz/include/interfaz/interfaz/action/detail/ej_fibonacci__struct.hpp
[6.686s] -- Up-to-date symlink: /workspace/ros2_ws/install/interfaz/include/interfaz/interfaz/action/detail/ej_fibonacci__traits.hpp
[6.686s] -- Up-to-date symlink: /workspace/ros2_ws/install/interfaz/include/interfaz/interfaz/action/detail/ej_fibonacci__type_support.hpp
[6.687s] -- Up-to-date symlink: /workspace/ros2_ws/install/interfaz/include/interfaz/interfaz/action/detail/fibonacci__builder.hpp
[6.687s] -- Up-to-date symlink: /workspace/ros2_ws/install/interfaz/include/interfaz/interfaz/action/detail/fibonacci__struct.hpp
[6.687s] -- Up-to-date symlink: /workspace/ros2_ws/install/interfaz/include/interfaz/interfaz/action/detail/fibonacci__traits.hpp
[6.687s] -- Up-to-date symlink: /workspace/ros2_ws/install/interfaz/include/interfaz/interfaz/action/detail/fibonacci__type_support.hpp
[6.687s] -- Up-to-date symlink: /workspace/ros2_ws/install/interfaz/include/interfaz/interfaz/action/ej_fibonacci.hpp
[6.687s] -- Up-to-date symlink: /workspace/ros2_ws/install/interfaz/include/interfaz/interfaz/action/fibonacci.hpp
[6.688s] -- Up-to-date symlink: /workspace/ros2_ws/install/interfaz/include/interfaz/interfaz/msg/detail/mi_mensaje__builder.hpp
[6.688s] -- Up-to-date symlink: /workspace/ros2_ws/install/interfaz/include/interfaz/interfaz/msg/detail/mi_mensaje__struct.hpp
[6.688s] -- Up-to-date symlink: /workspace/ros2_ws/install/interfaz/include/interfaz/interfaz/msg/detail/mi_mensaje__traits.hpp
[6.688s] -- Up-to-date symlink: /workspace/ros2_ws/install/interfaz/include/interfaz/interfaz/msg/detail/mi_mensaje__type_support.hpp
[6.689s] -- Up-to-date symlink: /workspace/ros2_ws/install/interfaz/include/interfaz/interfaz/msg/detail/p2pkg_mensaje__builder.hpp
[6.689s] -- Up-to-date symlink: /workspace/ros2_ws/install/interfaz/include/interfaz/interfaz/msg/detail/p2pkg_mensaje__struct.hpp
[6.689s] -- Up-to-date symlink: /workspace/ros2_ws/install/interfaz/include/interfaz/interfaz/msg/detail/p2pkg_mensaje__traits.hpp
[6.689s] -- Up-to-date symlink: /workspace/ros2_ws/install/interfaz/include/interfaz/interfaz/msg/detail/p2pkg_mensaje__type_support.hpp
[6.694s] -- Up-to-date symlink: /workspace/ros2_ws/install/interfaz/include/interfaz/interfaz/msg/mi_mensaje.hpp
[6.694s] -- Up-to-date symlink: /workspace/ros2_ws/install/interfaz/include/interfaz/interfaz/msg/p2pkg_mensaje.hpp
[6.695s] -- Up-to-date symlink: /workspace/ros2_ws/install/interfaz/include/interfaz/interfaz/msg/rosidl_generator_cpp__visibility_control.hpp
[6.695s] -- Up-to-date symlink: /workspace/ros2_ws/install/interfaz/include/interfaz/interfaz/srv/convert_temp.hpp
[6.695s] -- Up-to-date symlink: /workspace/ros2_ws/install/interfaz/include/interfaz/interfaz/srv/detail/convert_temp__builder.hpp
[6.695s] -- Up-to-date symlink: /workspace/ros2_ws/install/interfaz/include/interfaz/interfaz/srv/detail/convert_temp__struct.hpp
[6.695s] -- Up-to-date symlink: /workspace/ros2_ws/install/interfaz/include/interfaz/interfaz/srv/detail/convert_temp__traits.hpp
[6.695s] -- Up-to-date symlink: /workspace/ros2_ws/install/interfaz/include/interfaz/interfaz/srv/detail/convert_temp__type_support.hpp
[6.696s] -- Up-to-date symlink: /workspace/ros2_ws/install/interfaz/include/interfaz/interfaz/action/detail/battery__rosidl_typesupport_fastrtps_cpp.hpp
[6.696s] -- Up-to-date symlink: /workspace/ros2_ws/install/interfaz/include/interfaz/interfaz/action/detail/ej_fibonacci__rosidl_typesupport_fastrtps_cpp.hpp
[6.696s] -- Up-to-date symlink: /workspace/ros2_ws/install/interfaz/include/interfaz/interfaz/action/detail/fibonacci__rosidl_typesupport_fastrtps_cpp.hpp
[6.696s] -- Up-to-date symlink: /workspace/ros2_ws/install/interfaz/include/interfaz/interfaz/msg/detail/mi_mensaje__rosidl_typesupport_fastrtps_cpp.hpp
[6.696s] -- Up-to-date symlink: /workspace/ros2_ws/install/interfaz/include/interfaz/interfaz/msg/detail/p2pkg_mensaje__rosidl_typesupport_fastrtps_cpp.hpp
[6.696s] -- Up-to-date symlink: /workspace/ros2_ws/install/interfaz/include/interfaz/interfaz/msg/rosidl_typesupport_fastrtps_cpp__visibility_control.h
[6.697s] -- Up-to-date symlink: /workspace/ros2_ws/install/interfaz/include/interfaz/interfaz/srv/detail/convert_temp__rosidl_typesupport_fastrtps_cpp.hpp
[6.697s] -- Up-to-date symlink: /workspace/ros2_ws/install/interfaz/include/interfaz/interfaz/action/detail/battery__rosidl_typesupport_introspection_c.h
[6.697s] -- Up-to-date symlink: /workspace/ros2_ws/install/interfaz/include/interfaz/interfaz/action/detail/ej_fibonacci__rosidl_typesupport_introspection_c.h
[6.697s] -- Up-to-date symlink: /workspace/ros2_ws/install/interfaz/include/interfaz/interfaz/action/detail/fibonacci__rosidl_typesupport_introspection_c.h
[6.697s] -- Up-to-date symlink: /workspace/ros2_ws/install/interfaz/include/interfaz/interfaz/msg/detail/mi_mensaje__rosidl_typesupport_introspection_c.h
[6.703s] -- Up-to-date symlink: /workspace/ros2_ws/install/interfaz/include/interfaz/interfaz/msg/detail/p2pkg_mensaje__rosidl_typesupport_introspection_c.h
[6.707s] -- Up-to-date symlink: /workspace/ros2_ws/install/interfaz/include/interfaz/interfaz/msg/rosidl_typesupport_introspection_c__visibility_control.h
[6.707s] -- Up-to-date symlink: /workspace/ros2_ws/install/interfaz/include/interfaz/interfaz/srv/detail/convert_temp__rosidl_typesupport_introspection_c.h
[6.708s] -- Up-to-date symlink: /workspace/ros2_ws/install/interfaz/include/interfaz/interfaz/action/detail/battery__rosidl_typesupport_introspection_cpp.hpp
[6.716s] -- Up-to-date symlink: /workspace/ros2_ws/install/interfaz/include/interfaz/interfaz/action/detail/ej_fibonacci__rosidl_typesupport_introspection_cpp.hpp
[6.716s] -- Up-to-date symlink: /workspace/ros2_ws/install/interfaz/include/interfaz/interfaz/action/detail/fibonacci__rosidl_typesupport_introspection_cpp.hpp
[6.718s] -- Up-to-date symlink: /workspace/ros2_ws/install/interfaz/include/interfaz/interfaz/msg/detail/mi_mensaje__rosidl_typesupport_introspection_cpp.hpp
[6.719s] -- Up-to-date symlink: /workspace/ros2_ws/install/interfaz/include/interfaz/interfaz/msg/detail/p2pkg_mensaje__rosidl_typesupport_introspection_cpp.hpp
[6.719s] -- Up-to-date symlink: /workspace/ros2_ws/install/interfaz/include/interfaz/interfaz/srv/detail/convert_temp__rosidl_typesupport_introspection_cpp.hpp
[6.731s] -- Up-to-date symlink: /workspace/ros2_ws/install/interfaz/share/interfaz/environment/pythonpath.sh
[6.731s] -- Up-to-date symlink: /workspace/ros2_ws/install/interfaz/share/interfaz/environment/pythonpath.dsv
[6.732s] -- Up-to-date symlink: /workspace/ros2_ws/install/interfaz/local/lib/python3.10/dist-packages/interfaz-0.0.0-py3.10.egg-info/PKG-INFO
[6.732s] -- Up-to-date symlink: /workspace/ros2_ws/install/interfaz/local/lib/python3.10/dist-packages/interfaz-0.0.0-py3.10.egg-info/SOURCES.txt
[6.733s] -- Up-to-date symlink: /workspace/ros2_ws/install/interfaz/local/lib/python3.10/dist-packages/interfaz-0.0.0-py3.10.egg-info/dependency_links.txt
[6.733s] -- Up-to-date symlink: /workspace/ros2_ws/install/interfaz/local/lib/python3.10/dist-packages/interfaz-0.0.0-py3.10.egg-info/top_level.txt
[6.737s] -- Up-to-date symlink: /workspace/ros2_ws/install/interfaz/local/lib/python3.10/dist-packages/interfaz/__init__.py
[6.737s] -- Up-to-date symlink: /workspace/ros2_ws/install/interfaz/local/lib/python3.10/dist-packages/interfaz/_interfaz_s.ep.rosidl_typesupport_c.c
[6.737s] -- Up-to-date symlink: /workspace/ros2_ws/install/interfaz/local/lib/python3.10/dist-packages/interfaz/_interfaz_s.ep.rosidl_typesupport_fastrtps_c.c
[6.738s] -- Up-to-date symlink: /workspace/ros2_ws/install/interfaz/local/lib/python3.10/dist-packages/interfaz/_interfaz_s.ep.rosidl_typesupport_introspection_c.c
[6.738s] -- Up-to-date symlink: /workspace/ros2_ws/install/interfaz/local/lib/python3.10/dist-packages/interfaz/action/__init__.py
[6.738s] -- Up-to-date symlink: /workspace/ros2_ws/install/interfaz/local/lib/python3.10/dist-packages/interfaz/action/_battery.py
[6.738s] -- Up-to-date symlink: /workspace/ros2_ws/install/interfaz/local/lib/python3.10/dist-packages/interfaz/action/_battery_s.c
[6.738s] -- Up-to-date symlink: /workspace/ros2_ws/install/interfaz/local/lib/python3.10/dist-packages/interfaz/action/_ej_fibonacci.py
[6.738s] -- Up-to-date symlink: /workspace/ros2_ws/install/interfaz/local/lib/python3.10/dist-packages/interfaz/action/_ej_fibonacci_s.c
[6.738s] -- Up-to-date symlink: /workspace/ros2_ws/install/interfaz/local/lib/python3.10/dist-packages/interfaz/action/_fibonacci.py
[6.739s] -- Up-to-date symlink: /workspace/ros2_ws/install/interfaz/local/lib/python3.10/dist-packages/interfaz/action/_fibonacci_s.c
[6.739s] -- Up-to-date symlink: /workspace/ros2_ws/install/interfaz/local/lib/python3.10/dist-packages/interfaz/interfaz_s__rosidl_typesupport_c.cpython-310-x86_64-linux-gnu.so
[6.739s] -- Up-to-date symlink: /workspace/ros2_ws/install/interfaz/local/lib/python3.10/dist-packages/interfaz/interfaz_s__rosidl_typesupport_fastrtps_c.cpython-310-x86_64-linux-gnu.so
[6.739s] -- Up-to-date symlink: /workspace/ros2_ws/install/interfaz/local/lib/python3.10/dist-packages/interfaz/interfaz_s__rosidl_typesupport_introspection_c.cpython-310-x86_64-linux-gnu.so
[6.739s] -- Up-to-date symlink: /workspace/ros2_ws/install/interfaz/local/lib/python3.10/dist-packages/interfaz/libinterfaz__rosidl_generator_py.so
[6.739s] -- Up-to-date symlink: /workspace/ros2_ws/install/interfaz/local/lib/python3.10/dist-packages/interfaz/msg/__init__.py
[6.742s] -- Up-to-date symlink: /workspace/ros2_ws/install/interfaz/local/lib/python3.10/dist-packages/interfaz/msg/_mi_mensaje.py
[6.743s] -- Up-to-date symlink: /workspace/ros2_ws/install/interfaz/local/lib/python3.10/dist-packages/interfaz/msg/_mi_mensaje_s.c
[6.743s] -- Up-to-date symlink: /workspace/ros2_ws/install/interfaz/local/lib/python3.10/dist-packages/interfaz/msg/_p2pkg_mensaje.py
[6.743s] -- Up-to-date symlink: /workspace/ros2_ws/install/interfaz/local/lib/python3.10/dist-packages/interfaz/msg/_p2pkg_mensaje_s.c
[6.743s] -- Up-to-date symlink: /workspace/ros2_ws/install/interfaz/local/lib/python3.10/dist-packages/interfaz/srv/__init__.py
[6.743s] -- Up-to-date symlink: /workspace/ros2_ws/install/interfaz/local/lib/python3.10/dist-packages/interfaz/srv/_convert_temp.py
[6.743s] -- Up-to-date symlink: /workspace/ros2_ws/install/interfaz/local/lib/python3.10/dist-packages/interfaz/srv/_convert_temp_s.c
[6.743s] -- Up-to-date symlink: /workspace/ros2_ws/install/interfaz/local/lib/python3.10/dist-packages/interfaz/interfaz_s__rosidl_typesupport_fastrtps_c.cpython-310-x86_64-linux-gnu.so
[6.744s] -- Up-to-date symlink: /workspace/ros2_ws/install/interfaz/local/lib/python3.10/dist-packages/interfaz/interfaz_s__rosidl_typesupport_introspection_c.cpython-310-x86_64-linux-gnu.so
[6.744s] -- Up-to-date symlink: /workspace/ros2_ws/install/interfaz/local/lib/python3.10/dist-packages/interfaz/interfaz_s__rosidl_typesupport_c.cpython-310-x86_64-linux-gnu.so
[6.744s] -- Up-to-date symlink: /workspace/ros2_ws/install/interfaz/share/interfaz/msg/MiMensaje.idl
[6.744s] -- Up-to-date symlink: /workspace/ros2_ws/install/interfaz/share/interfaz/msg/P2pkgMensaje.idl
[6.744s] -- Up-to-date symlink: /workspace/ros2_ws/install/interfaz/share/interfaz/action/Fibonacci.idl
[6.744s] -- Up-to-date symlink: /workspace/ros2_ws/install/interfaz/share/interfaz/action/EjFibonacci.idl
[6.749s] -- Up-to-date symlink: /workspace/ros2_ws/install/interfaz/share/interfaz/srv/ConvertTemp.idl
[6.749s] -- Up-to-date symlink: /workspace/ros2_ws/install/interfaz/share/interfaz/action/Battery.idl
[6.750s] -- Up-to-date symlink: /workspace/ros2_ws/install/interfaz/share/interfaz/msg/MiMensaje.msg
[6.750s] -- Up-to-date symlink: /workspace/ros2_ws/install/interfaz/share/interfaz/msg/P2pkgMensaje.msg
[6.750s] -- Up-to-date symlink: /workspace/ros2_ws/install/interfaz/share/interfaz/action/Fibonacci.action
[6.751s] -- Up-to-date symlink: /workspace/ros2_ws/install/interfaz/share/interfaz/action/EjFibonacci.action
[6.754s] -- Up-to-date symlink: /workspace/ros2_ws/install/interfaz/share/interfaz/srv/ConvertTemp.srv
[6.757s] -- Up-to-date symlink: /workspace/ros2_ws/install/interfaz/share/interfaz/srv/ConvertTemp_Request.msg
[6.757s] -- Up-to-date symlink: /workspace/ros2_ws/install/interfaz/share/interfaz/srv/ConvertTemp_Response.msg
[6.760s] -- Up-to-date symlink: /workspace/ros2_ws/install/interfaz/share/interfaz/action/Battery.action
[6.760s] -- Up-to-date symlink: /workspace/ros2_ws/install/interfaz/share/ament_index/resource_index/package_run_dependencies/interfaz
[6.761s] -- Up-to-date symlink: /workspace/ros2_ws/install/interfaz/share/ament_index/resource_index/parent_prefix_path/interfaz
[6.761s] -- Up-to-date symlink: /workspace/ros2_ws/install/interfaz/share/interfaz/environment/ament_prefix_path.sh
[6.761s] -- Up-to-date symlink: /workspace/ros2_ws/install/interfaz/share/interfaz/environment/ament_prefix_path.dsv
[6.762s] -- Up-to-date symlink: /workspace/ros2_ws/install/interfaz/share/interfaz/environment/path.sh
[6.762s] -- Up-to-date symlink: /workspace/ros2_ws/install/interfaz/share/interfaz/environment/path.dsv
[6.764s] -- Up-to-date symlink: /workspace/ros2_ws/install/interfaz/share/interfaz/local_setup.bash
[6.764s] -- Up-to-date symlink: /workspace/ros2_ws/install/interfaz/share/interfaz/local_setup.sh
[6.764s] -- Up-to-date symlink: /workspace/ros2_ws/install/interfaz/share/interfaz/local_setup.zsh
[6.765s] -- Up-to-date symlink: /workspace/ros2_ws/install/interfaz/share/interfaz/local_setup.dsv
[6.765s] -- Symlinking: /workspace/ros2_ws/install/interfaz/share/interfaz/package.dsv
[6.765s] -- Up-to-date symlink: /workspace/ros2_ws/install/interfaz/share/ament_index/resource_index/packages/interfaz
[6.765s] -- Up-to-date symlink: /workspace/ros2_ws/install/interfaz/share/interfaz/cmake/rosidl_cmake-extras.cmake
[6.765s] -- Up-to-date symlink: /workspace/ros2_ws/install/interfaz/share/interfaz/cmake/ament_cmake_export_dependencies-extras.cmake
[6.765s] -- Up-to-date symlink: /workspace/ros2_ws/install/interfaz/share/interfaz/cmake/ament_cmake_export_include_directories-extras.cmake
[6.765s] -- Up-to-date symlink: /workspace/ros2_ws/install/interfaz/share/interfaz/cmake/ament_cmake_export_libraries-extras.cmake
[6.765s] -- Up-to-date symlink: /workspace/ros2_ws/install/interfaz/share/interfaz/cmake/ament_cmake_export_targets-extras.cmake
[6.765s] -- Up-to-date symlink: /workspace/ros2_ws/install/interfaz/share/interfaz/cmake/rosidl_cmake_export_typesupport_targets-extras.cmake
[6.766s] -- Up-to-date symlink: /workspace/ros2_ws/install/interfaz/share/interfaz/cmake/rosidl_cmake_export_typesupport_libraries-extras.cmake
[6.766s] -- Up-to-date symlink: /workspace/ros2_ws/install/interfaz/share/interfaz/cmake/interfazConfig.cmake
[6.766s] -- Up-to-date symlink: /workspace/ros2_ws/install/interfaz/share/interfaz/cmake/interfazConfig-version.cmake
[6.773s] -- Up-to-date symlink: /workspace/ros2_ws/install/interfaz/share/interfaz/package.xml
[6.773s] -- Up-to-date: /workspace/ros2_ws/install/interfaz/lib/libinterfaz__rosidl_generator_c.so
[6.774s] -- Up-to-date: /workspace/ros2_ws/install/interfaz/lib/libinterfaz__rosidl_typesupport_fastrtps_c.so
[6.779s] -- Up-to-date: /workspace/ros2_ws/install/interfaz/lib/libinterfaz__rosidl_typesupport_fastrtps_cpp.so
[6.779s] -- Up-to-date: /workspace/ros2_ws/install/interfaz/lib/libinterfaz__rosidl_typesupport_introspection_c.so
[6.779s] -- Up-to-date: /workspace/ros2_ws/install/interfaz/lib/libinterfaz__rosidl_typesupport_c.so
[6.779s] -- Up-to-date: /workspace/ros2_ws/install/interfaz/lib/libinterfaz__rosidl_typesupport_introspection_cpp.so
[6.779s] -- Up-to-date: /workspace/ros2_ws/install/interfaz/lib/libinterfaz__rosidl_typesupport_cpp.so
[6.807s] Listing '/workspace/ros2_ws/install/interfaz/local/lib/python3.10/dist-packages/interfaz'...
[6.807s] Listing '/workspace/ros2_ws/install/interfaz/local/lib/python3.10/dist-packages/interfaz/action'...
[6.807s] Listing '/workspace/ros2_ws/install/interfaz/local/lib/python3.10/dist-packages/interfaz/msg'...
[6.808s] Listing '/workspace/ros2_ws/install/interfaz/local/lib/python3.10/dist-packages/interfaz/srv'...
[6.814s] -- Up-to-date: /workspace/ros2_ws/install/interfaz/lib/libinterfaz__rosidl_generator_py.so
[6.816s] -- Up-to-date: /workspace/ros2_ws/install/interfaz/share/interfaz/cmake/export_interfaz__rosidl_generator_cExport.cmake
[6.816s] -- Up-to-date: /workspace/ros2_ws/install/interfaz/share/interfaz/cmake/export_interfaz__rosidl_generator_cExport-noconfig.cmake
[6.817s] -- Up-to-date: /workspace/ros2_ws/install/interfaz/share/interfaz/cmake/export_interfaz__rosidl_typesupport_fastrtps_cExport.cmake
[6.818s] -- Up-to-date: /workspace/ros2_ws/install/interfaz/share/interfaz/cmake/export_interfaz__rosidl_typesupport_fastrtps_cExport-noconfig.cmake
[6.819s] -- Up-to-date: /workspace/ros2_ws/install/interfaz/share/interfaz/cmake/export_interfaz__rosidl_generator_cppExport.cmake
[6.819s] -- Up-to-date: /workspace/ros2_ws/install/interfaz/share/interfaz/cmake/export_interfaz__rosidl_typesupport_fastrtps_cppExport.cmake
[6.820s] -- Up-to-date: /workspace/ros2_ws/install/interfaz/share/interfaz/cmake/export_interfaz__rosidl_typesupport_fastrtps_cppExport-noconfig.cmake
[6.820s] -- Up-to-date: /workspace/ros2_ws/install/interfaz/share/interfaz/cmake/interfaz__rosidl_typesupport_introspection_cExport.cmake
[6.821s] -- Up-to-date: /workspace/ros2_ws/install/interfaz/share/interfaz/cmake/interfaz__rosidl_typesupport_introspection_cExport-noconfig.cmake
[6.822s] -- Up-to-date: /workspace/ros2_ws/install/interfaz/share/interfaz/cmake/interfaz__rosidl_typesupport_cExport.cmake
[6.824s] -- Up-to-date: /workspace/ros2_ws/install/interfaz/share/interfaz/cmake/interfaz__rosidl_typesupport_cExport-noconfig.cmake
[6.824s] -- Up-to-date: /workspace/ros2_ws/install/interfaz/share/interfaz/cmake/interfaz__rosidl_typesupport_introspection_cppExport.cmake
[6.825s] -- Up-to-date: /workspace/ros2_ws/install/interfaz/share/interfaz/cmake/interfaz__rosidl_typesupport_introspection_cppExport-noconfig.cmake
[6.827s] -- Up-to-date: /workspace/ros2_ws/install/interfaz/share/interfaz/cmake/interfaz__rosidl_typesupport_cppExport.cmake
[6.828s] -- Up-to-date: /workspace/ros2_ws/install/interfaz/share/interfaz/cmake/interfaz__rosidl_typesupport_cppExport-noconfig.cmake
[6.828s] -- Up-to-date: /workspace/ros2_ws/install/interfaz/share/interfaz/cmake/export_interfaz__rosidl_generator_pyExport.cmake
[6.829s] -- Up-to-date: /workspace/ros2_ws/install/interfaz/share/interfaz/cmake/export_interfaz__rosidl_generator_pyExport-noconfig.cmake
[7.002s] Invoked command in '/workspace/ros2_ws/build/interfaz' returned '0': CMAKE_PREFIX_PATH=${CMAKE_PREFIX_PATH}:/workspace/ros2_ws/install/voice_bot_pkg:/workspace/ros2_ws/install/turtlebot3_teleop:/workspace/ros2_ws/install/turtlebot3_example:/workspace/ros2_ws/install/servicio_suma:/workspace/ros2_ws/install/service_temp:/workspace/ros2_ws/install/recolector_pkg:/workspace/ros2_ws/install/primer_paquete:/workspace/ros2_ws/install/paquete1:/workspace/ros2_ws/install/p3_pkg:/workspace/ros2_ws/install/p2pkg:/workspace/ros2_ws/install/mi_accion:/workspace/ros2_ws/install/maze_pkg:/workspace/ros2_ws/install/battery_act:/workspace/ros2_ws/src/voice_bot_pkg/install/voice_bot_pkg:/workspace/install/servicio_suma:/opt/ros/humble /usr/bin/cmake --install /workspace/ros2_ws/build/interfaz
