[1.461s] Invoking command in '/workspace/ros2_ws/src/turtlebot3/turtlebot3_example': AMENT_PREFIX_PATH=/workspace/ros2_ws/src/install/turtlebot3_msgs:${AMENT_PREFIX_PATH} CMAKE_PREFIX_PATH=/workspace/ros2_ws/src/install/turtlebot3_msgs:${CMAKE_PREFIX_PATH} LD_LIBRARY_PATH=/workspace/ros2_ws/src/install/turtlebot3_msgs/lib:${LD_LIBRARY_PATH} PYTHONPATH=/workspace/ros2_ws/src/build/turtlebot3_example/prefix_override:/usr/lib/python3/dist-packages/colcon_core/task/python/colcon_distutils_commands:/workspace/ros2_ws/src/install/turtlebot3_example/lib/python3.10/site-packages:/workspace/ros2_ws/src/install/turtlebot3_msgs/local/lib/python3.10/dist-packages:${PYTHONPATH} /usr/bin/python3 -W ignore:setup.py install is deprecated -W ignore:easy_install command is deprecated setup.py egg_info --egg-base ../../build/turtlebot3_example build --build-base /workspace/ros2_ws/src/build/turtlebot3_example/build install --record /workspace/ros2_ws/src/build/turtlebot3_example/install.log --single-version-externally-managed install_data
[1.891s] running egg_info
[1.891s] creating ../../build/turtlebot3_example/turtlebot3_example.egg-info
[1.891s] writing ../../build/turtlebot3_example/turtlebot3_example.egg-info/PKG-INFO
[1.891s] writing dependency_links to ../../build/turtlebot3_example/turtlebot3_example.egg-info/dependency_links.txt
[1.892s] writing entry points to ../../build/turtlebot3_example/turtlebot3_example.egg-info/entry_points.txt
[1.892s] writing requirements to ../../build/turtlebot3_example/turtlebot3_example.egg-info/requires.txt
[1.892s] writing top-level names to ../../build/turtlebot3_example/turtlebot3_example.egg-info/top_level.txt
[1.892s] writing manifest file '../../build/turtlebot3_example/turtlebot3_example.egg-info/SOURCES.txt'
[1.896s] reading manifest file '../../build/turtlebot3_example/turtlebot3_example.egg-info/SOURCES.txt'
[1.898s] writing manifest file '../../build/turtlebot3_example/turtlebot3_example.egg-info/SOURCES.txt'
[1.899s] running build
[1.900s] running build_py
[1.901s] creating /workspace/ros2_ws/src/build/turtlebot3_example/build
[1.901s] creating /workspace/ros2_ws/src/build/turtlebot3_example/build/lib
[1.902s] creating /workspace/ros2_ws/src/build/turtlebot3_example/build/lib/turtlebot3_example
[1.902s] copying turtlebot3_example/__init__.py -> /workspace/ros2_ws/src/build/turtlebot3_example/build/lib/turtlebot3_example
[1.902s] creating /workspace/ros2_ws/src/build/turtlebot3_example/build/lib/turtlebot3_example/turtlebot3_interactive_marker
[1.902s] copying turtlebot3_example/turtlebot3_interactive_marker/__init__.py -> /workspace/ros2_ws/src/build/turtlebot3_example/build/lib/turtlebot3_example/turtlebot3_interactive_marker
[1.904s] copying turtlebot3_example/turtlebot3_interactive_marker/turtlebot3_interactive_marker.py -> /workspace/ros2_ws/src/build/turtlebot3_example/build/lib/turtlebot3_example/turtlebot3_interactive_marker
[1.905s] creating /workspace/ros2_ws/src/build/turtlebot3_example/build/lib/turtlebot3_example/turtlebot3_absolute_move
[1.906s] copying turtlebot3_example/turtlebot3_absolute_move/turtlebot3_absolute_move.py -> /workspace/ros2_ws/src/build/turtlebot3_example/build/lib/turtlebot3_example/turtlebot3_absolute_move
[1.907s] copying turtlebot3_example/turtlebot3_absolute_move/__init__.py -> /workspace/ros2_ws/src/build/turtlebot3_example/build/lib/turtlebot3_example/turtlebot3_absolute_move
[1.907s] creating /workspace/ros2_ws/src/build/turtlebot3_example/build/lib/turtlebot3_example/turtlebot3_relative_move
[1.907s] copying turtlebot3_example/turtlebot3_relative_move/turtlebot3_relative_move.py -> /workspace/ros2_ws/src/build/turtlebot3_example/build/lib/turtlebot3_example/turtlebot3_relative_move
[1.907s] copying turtlebot3_example/turtlebot3_relative_move/__init__.py -> /workspace/ros2_ws/src/build/turtlebot3_example/build/lib/turtlebot3_example/turtlebot3_relative_move
[1.907s] creating /workspace/ros2_ws/src/build/turtlebot3_example/build/lib/turtlebot3_example/turtlebot3_obstacle_detection
[1.907s] copying turtlebot3_example/turtlebot3_obstacle_detection/turtlebot3_obstacle_detection.py -> /workspace/ros2_ws/src/build/turtlebot3_example/build/lib/turtlebot3_example/turtlebot3_obstacle_detection
[1.907s] copying turtlebot3_example/turtlebot3_obstacle_detection/__init__.py -> /workspace/ros2_ws/src/build/turtlebot3_example/build/lib/turtlebot3_example/turtlebot3_obstacle_detection
[1.907s] creating /workspace/ros2_ws/src/build/turtlebot3_example/build/lib/turtlebot3_example/turtlebot3_patrol
[1.907s] copying turtlebot3_example/turtlebot3_patrol/turtlebot3_patrol_server.py -> /workspace/ros2_ws/src/build/turtlebot3_example/build/lib/turtlebot3_example/turtlebot3_patrol
[1.907s] copying turtlebot3_example/turtlebot3_patrol/__init__.py -> /workspace/ros2_ws/src/build/turtlebot3_example/build/lib/turtlebot3_example/turtlebot3_patrol
[1.907s] copying turtlebot3_example/turtlebot3_patrol/turtlebot3_patrol_client.py -> /workspace/ros2_ws/src/build/turtlebot3_example/build/lib/turtlebot3_example/turtlebot3_patrol
[1.911s] running install
[1.911s] running install_lib
[1.911s] creating /workspace/ros2_ws/src/install/turtlebot3_example/lib/python3.10/site-packages/turtlebot3_example
[1.911s] creating /workspace/ros2_ws/src/install/turtlebot3_example/lib/python3.10/site-packages/turtlebot3_example/turtlebot3_interactive_marker
[1.912s] copying /workspace/ros2_ws/src/build/turtlebot3_example/build/lib/turtlebot3_example/turtlebot3_interactive_marker/__init__.py -> /workspace/ros2_ws/src/install/turtlebot3_example/lib/python3.10/site-packages/turtlebot3_example/turtlebot3_interactive_marker
[1.912s] copying /workspace/ros2_ws/src/build/turtlebot3_example/build/lib/turtlebot3_example/turtlebot3_interactive_marker/turtlebot3_interactive_marker.py -> /workspace/ros2_ws/src/install/turtlebot3_example/lib/python3.10/site-packages/turtlebot3_example/turtlebot3_interactive_marker
[1.912s] creating /workspace/ros2_ws/src/install/turtlebot3_example/lib/python3.10/site-packages/turtlebot3_example/turtlebot3_absolute_move
[1.912s] copying /workspace/ros2_ws/src/build/turtlebot3_example/build/lib/turtlebot3_example/turtlebot3_absolute_move/turtlebot3_absolute_move.py -> /workspace/ros2_ws/src/install/turtlebot3_example/lib/python3.10/site-packages/turtlebot3_example/turtlebot3_absolute_move
[1.912s] copying /workspace/ros2_ws/src/build/turtlebot3_example/build/lib/turtlebot3_example/turtlebot3_absolute_move/__init__.py -> /workspace/ros2_ws/src/install/turtlebot3_example/lib/python3.10/site-packages/turtlebot3_example/turtlebot3_absolute_move
[1.915s] creating /workspace/ros2_ws/src/install/turtlebot3_example/lib/python3.10/site-packages/turtlebot3_example/turtlebot3_relative_move
[1.915s] copying /workspace/ros2_ws/src/build/turtlebot3_example/build/lib/turtlebot3_example/turtlebot3_relative_move/turtlebot3_relative_move.py -> /workspace/ros2_ws/src/install/turtlebot3_example/lib/python3.10/site-packages/turtlebot3_example/turtlebot3_relative_move
[1.916s] copying /workspace/ros2_ws/src/build/turtlebot3_example/build/lib/turtlebot3_example/turtlebot3_relative_move/__init__.py -> /workspace/ros2_ws/src/install/turtlebot3_example/lib/python3.10/site-packages/turtlebot3_example/turtlebot3_relative_move
[1.916s] creating /workspace/ros2_ws/src/install/turtlebot3_example/lib/python3.10/site-packages/turtlebot3_example/turtlebot3_obstacle_detection
[1.916s] copying /workspace/ros2_ws/src/build/turtlebot3_example/build/lib/turtlebot3_example/turtlebot3_obstacle_detection/turtlebot3_obstacle_detection.py -> /workspace/ros2_ws/src/install/turtlebot3_example/lib/python3.10/site-packages/turtlebot3_example/turtlebot3_obstacle_detection
[1.916s] copying /workspace/ros2_ws/src/build/turtlebot3_example/build/lib/turtlebot3_example/turtlebot3_obstacle_detection/__init__.py -> /workspace/ros2_ws/src/install/turtlebot3_example/lib/python3.10/site-packages/turtlebot3_example/turtlebot3_obstacle_detection
[1.916s] creating /workspace/ros2_ws/src/install/turtlebot3_example/lib/python3.10/site-packages/turtlebot3_example/turtlebot3_patrol
[1.919s] copying /workspace/ros2_ws/src/build/turtlebot3_example/build/lib/turtlebot3_example/turtlebot3_patrol/turtlebot3_patrol_server.py -> /workspace/ros2_ws/src/install/turtlebot3_example/lib/python3.10/site-packages/turtlebot3_example/turtlebot3_patrol
[1.919s] copying /workspace/ros2_ws/src/build/turtlebot3_example/build/lib/turtlebot3_example/turtlebot3_patrol/__init__.py -> /workspace/ros2_ws/src/install/turtlebot3_example/lib/python3.10/site-packages/turtlebot3_example/turtlebot3_patrol
[1.920s] copying /workspace/ros2_ws/src/build/turtlebot3_example/build/lib/turtlebot3_example/turtlebot3_patrol/turtlebot3_patrol_client.py -> /workspace/ros2_ws/src/install/turtlebot3_example/lib/python3.10/site-packages/turtlebot3_example/turtlebot3_patrol
[1.920s] copying /workspace/ros2_ws/src/build/turtlebot3_example/build/lib/turtlebot3_example/__init__.py -> /workspace/ros2_ws/src/install/turtlebot3_example/lib/python3.10/site-packages/turtlebot3_example
[1.920s] byte-compiling /workspace/ros2_ws/src/install/turtlebot3_example/lib/python3.10/site-packages/turtlebot3_example/turtlebot3_interactive_marker/__init__.py to __init__.cpython-310.pyc
[1.920s] byte-compiling /workspace/ros2_ws/src/install/turtlebot3_example/lib/python3.10/site-packages/turtlebot3_example/turtlebot3_interactive_marker/turtlebot3_interactive_marker.py to turtlebot3_interactive_marker.cpython-310.pyc
[1.920s] byte-compiling /workspace/ros2_ws/src/install/turtlebot3_example/lib/python3.10/site-packages/turtlebot3_example/turtlebot3_absolute_move/turtlebot3_absolute_move.py to turtlebot3_absolute_move.cpython-310.pyc
[1.920s] byte-compiling /workspace/ros2_ws/src/install/turtlebot3_example/lib/python3.10/site-packages/turtlebot3_example/turtlebot3_absolute_move/__init__.py to __init__.cpython-310.pyc
[1.920s] byte-compiling /workspace/ros2_ws/src/install/turtlebot3_example/lib/python3.10/site-packages/turtlebot3_example/turtlebot3_relative_move/turtlebot3_relative_move.py to turtlebot3_relative_move.cpython-310.pyc
[1.920s] byte-compiling /workspace/ros2_ws/src/install/turtlebot3_example/lib/python3.10/site-packages/turtlebot3_example/turtlebot3_relative_move/__init__.py to __init__.cpython-310.pyc
[1.920s] byte-compiling /workspace/ros2_ws/src/install/turtlebot3_example/lib/python3.10/site-packages/turtlebot3_example/turtlebot3_obstacle_detection/turtlebot3_obstacle_detection.py to turtlebot3_obstacle_detection.cpython-310.pyc
[1.920s] byte-compiling /workspace/ros2_ws/src/install/turtlebot3_example/lib/python3.10/site-packages/turtlebot3_example/turtlebot3_obstacle_detection/__init__.py to __init__.cpython-310.pyc
[1.920s] byte-compiling /workspace/ros2_ws/src/install/turtlebot3_example/lib/python3.10/site-packages/turtlebot3_example/turtlebot3_patrol/turtlebot3_patrol_server.py to turtlebot3_patrol_server.cpython-310.pyc
[1.921s] byte-compiling /workspace/ros2_ws/src/install/turtlebot3_example/lib/python3.10/site-packages/turtlebot3_example/turtlebot3_patrol/__init__.py to __init__.cpython-310.pyc
[1.921s] byte-compiling /workspace/ros2_ws/src/install/turtlebot3_example/lib/python3.10/site-packages/turtlebot3_example/turtlebot3_patrol/turtlebot3_patrol_client.py to turtlebot3_patrol_client.cpython-310.pyc
[1.923s] byte-compiling /workspace/ros2_ws/src/install/turtlebot3_example/lib/python3.10/site-packages/turtlebot3_example/__init__.py to __init__.cpython-310.pyc
[1.923s] running install_data
[1.923s] creating /workspace/ros2_ws/src/install/turtlebot3_example/share/ament_index
[1.923s] creating /workspace/ros2_ws/src/install/turtlebot3_example/share/ament_index/resource_index
[1.923s] creating /workspace/ros2_ws/src/install/turtlebot3_example/share/ament_index/resource_index/packages
[1.924s] copying resource/turtlebot3_example -> /workspace/ros2_ws/src/install/turtlebot3_example/share/ament_index/resource_index/packages
[1.924s] copying package.xml -> /workspace/ros2_ws/src/install/turtlebot3_example/share/turtlebot3_example
[1.924s] running install_egg_info
[1.926s] Copying ../../build/turtlebot3_example/turtlebot3_example.egg-info to /workspace/ros2_ws/src/install/turtlebot3_example/lib/python3.10/site-packages/turtlebot3_example-2.3.6-py3.10.egg-info
[1.927s] running install_scripts
[1.963s] Installing turtlebot3_absolute_move script to /workspace/ros2_ws/src/install/turtlebot3_example/lib/turtlebot3_example
[1.963s] Installing turtlebot3_interactive_marker script to /workspace/ros2_ws/src/install/turtlebot3_example/lib/turtlebot3_example
[1.964s] Installing turtlebot3_obstacle_detection script to /workspace/ros2_ws/src/install/turtlebot3_example/lib/turtlebot3_example
[1.964s] Installing turtlebot3_patrol_client script to /workspace/ros2_ws/src/install/turtlebot3_example/lib/turtlebot3_example
[1.964s] Installing turtlebot3_patrol_server script to /workspace/ros2_ws/src/install/turtlebot3_example/lib/turtlebot3_example
[1.964s] Installing turtlebot3_relative_move script to /workspace/ros2_ws/src/install/turtlebot3_example/lib/turtlebot3_example
[1.965s] writing list of installed files to '/workspace/ros2_ws/src/build/turtlebot3_example/install.log'
[1.999s] Invoked command in '/workspace/ros2_ws/src/turtlebot3/turtlebot3_example' returned '0': AMENT_PREFIX_PATH=/workspace/ros2_ws/src/install/turtlebot3_msgs:${AMENT_PREFIX_PATH} CMAKE_PREFIX_PATH=/workspace/ros2_ws/src/install/turtlebot3_msgs:${CMAKE_PREFIX_PATH} LD_LIBRARY_PATH=/workspace/ros2_ws/src/install/turtlebot3_msgs/lib:${LD_LIBRARY_PATH} PYTHONPATH=/workspace/ros2_ws/src/build/turtlebot3_example/prefix_override:/usr/lib/python3/dist-packages/colcon_core/task/python/colcon_distutils_commands:/workspace/ros2_ws/src/install/turtlebot3_example/lib/python3.10/site-packages:/workspace/ros2_ws/src/install/turtlebot3_msgs/local/lib/python3.10/dist-packages:${PYTHONPATH} /usr/bin/python3 -W ignore:setup.py install is deprecated -W ignore:easy_install command is deprecated setup.py egg_info --egg-base ../../build/turtlebot3_example build --build-base /workspace/ros2_ws/src/build/turtlebot3_example/build install --record /workspace/ros2_ws/src/build/turtlebot3_example/install.log --single-version-externally-managed install_data
