[0.817s] Invoking command in '/workspace/ros2_ws/src/paquete1': PYTHONPATH=/workspace/ros2_ws/src/build/paquete1/prefix_override:/usr/lib/python3/dist-packages/colcon_core/task/python/colcon_distutils_commands:/workspace/ros2_ws/src/install/paquete1/lib/python3.10/site-packages:${PYTHONPATH} /usr/bin/python3 -W ignore:setup.py install is deprecated -W ignore:easy_install command is deprecated setup.py egg_info --egg-base ../build/paquete1 build --build-base /workspace/ros2_ws/src/build/paquete1/build install --record /workspace/ros2_ws/src/build/paquete1/install.log --single-version-externally-managed install_data
[1.041s] running egg_info
[1.042s] writing ../build/paquete1/paquete1.egg-info/PKG-INFO
[1.043s] writing dependency_links to ../build/paquete1/paquete1.egg-info/dependency_links.txt
[1.043s] writing entry points to ../build/paquete1/paquete1.egg-info/entry_points.txt
[1.043s] writing requirements to ../build/paquete1/paquete1.egg-info/requires.txt
[1.043s] writing top-level names to ../build/paquete1/paquete1.egg-info/top_level.txt
[1.045s] reading manifest file '../build/paquete1/paquete1.egg-info/SOURCES.txt'
[1.047s] adding license file 'LICENSE'
[1.048s] writing manifest file '../build/paquete1/paquete1.egg-info/SOURCES.txt'
[1.048s] running build
[1.048s] running build_py
[1.048s] running install
[1.048s] running install_lib
[1.050s] running install_data
[1.050s] running install_egg_info
[1.054s] removing '/workspace/ros2_ws/src/install/paquete1/lib/python3.10/site-packages/paquete1-0.0.0-py3.10.egg-info' (and everything under it)
[1.054s] Copying ../build/paquete1/paquete1.egg-info to /workspace/ros2_ws/src/install/paquete1/lib/python3.10/site-packages/paquete1-0.0.0-py3.10.egg-info
[1.056s] running install_scripts
[1.082s] writing list of installed files to '/workspace/ros2_ws/src/build/paquete1/install.log'
[1.108s] Invoked command in '/workspace/ros2_ws/src/paquete1' returned '0': PYTHONPATH=/workspace/ros2_ws/src/build/paquete1/prefix_override:/usr/lib/python3/dist-packages/colcon_core/task/python/colcon_distutils_commands:/workspace/ros2_ws/src/install/paquete1/lib/python3.10/site-packages:${PYTHONPATH} /usr/bin/python3 -W ignore:setup.py install is deprecated -W ignore:easy_install command is deprecated setup.py egg_info --egg-base ../build/paquete1 build --build-base /workspace/ros2_ws/src/build/paquete1/build install --record /workspace/ros2_ws/src/build/paquete1/install.log --single-version-externally-managed install_data
