[1.030s] Invoking command in '/workspace/ros2_ws/src/p3_pkg': PYTHONPATH=/workspace/ros2_ws/build/p3_pkg/prefix_override:/usr/lib/python3/dist-packages/colcon_core/task/python/colcon_distutils_commands:/workspace/ros2_ws/install/p3_pkg/lib/python3.10/site-packages:${PYTHONPATH} /usr/bin/python3 -W ignore:setup.py install is deprecated -W ignore:easy_install command is deprecated setup.py egg_info --egg-base ../../build/p3_pkg build --build-base /workspace/ros2_ws/build/p3_pkg/build install --record /workspace/ros2_ws/build/p3_pkg/install.log --single-version-externally-managed install_data
[1.449s] running egg_info
[1.450s] writing ../../build/p3_pkg/p3_pkg.egg-info/PKG-INFO
[1.450s] writing dependency_links to ../../build/p3_pkg/p3_pkg.egg-info/dependency_links.txt
[1.451s] writing entry points to ../../build/p3_pkg/p3_pkg.egg-info/entry_points.txt
[1.451s] writing requirements to ../../build/p3_pkg/p3_pkg.egg-info/requires.txt
[1.453s] writing top-level names to ../../build/p3_pkg/p3_pkg.egg-info/top_level.txt
[1.455s] reading manifest file '../../build/p3_pkg/p3_pkg.egg-info/SOURCES.txt'
[1.455s] writing manifest file '../../build/p3_pkg/p3_pkg.egg-info/SOURCES.txt'
[1.456s] running build
[1.456s] running build_py
[1.456s] copying p3_pkg/aparcamiento.py -> /workspace/ros2_ws/build/p3_pkg/build/lib/p3_pkg
[1.459s] running install
[1.459s] running install_lib
[1.459s] copying /workspace/ros2_ws/build/p3_pkg/build/lib/p3_pkg/aparcamiento.py -> /workspace/ros2_ws/install/p3_pkg/lib/python3.10/site-packages/p3_pkg
[1.460s] byte-compiling /workspace/ros2_ws/install/p3_pkg/lib/python3.10/site-packages/p3_pkg/aparcamiento.py to aparcamiento.cpython-310.pyc
[1.460s] running install_data
[1.461s] running install_egg_info
[1.464s] removing '/workspace/ros2_ws/install/p3_pkg/lib/python3.10/site-packages/p3_pkg-0.0.0-py3.10.egg-info' (and everything under it)
[1.465s] Copying ../../build/p3_pkg/p3_pkg.egg-info to /workspace/ros2_ws/install/p3_pkg/lib/python3.10/site-packages/p3_pkg-0.0.0-py3.10.egg-info
[1.467s] running install_scripts
[1.506s] Installing aparcamiento script to /workspace/ros2_ws/install/p3_pkg/lib/p3_pkg
[1.509s] Installing dibuja_mov script to /workspace/ros2_ws/install/p3_pkg/lib/p3_pkg
[1.510s] Installing movimiento script to /workspace/ros2_ws/install/p3_pkg/lib/p3_pkg
[1.510s] writing list of installed files to '/workspace/ros2_ws/build/p3_pkg/install.log'
[1.557s] Invoked command in '/workspace/ros2_ws/src/p3_pkg' returned '0': PYTHONPATH=/workspace/ros2_ws/build/p3_pkg/prefix_override:/usr/lib/python3/dist-packages/colcon_core/task/python/colcon_distutils_commands:/workspace/ros2_ws/install/p3_pkg/lib/python3.10/site-packages:${PYTHONPATH} /usr/bin/python3 -W ignore:setup.py install is deprecated -W ignore:easy_install command is deprecated setup.py egg_info --egg-base ../../build/p3_pkg build --build-base /workspace/ros2_ws/build/p3_pkg/build install --record /workspace/ros2_ws/build/p3_pkg/install.log --single-version-externally-managed install_data
