[0.276s] Invoking command in '/workspace/ros2_ws/build/turtlebot3_msgs': CMAKE_PREFIX_PATH=${CMAKE_PREFIX_PATH}:/workspace/ros2_ws/install/voice_bot_pkg:/workspace/ros2_ws/install/turtlebot3_teleop:/workspace/ros2_ws/install/turtlebot3_example:/workspace/ros2_ws/install/servicio_suma:/workspace/ros2_ws/install/service_temp:/workspace/ros2_ws/install/recolector_pkg:/workspace/ros2_ws/install/primer_paquete:/workspace/ros2_ws/install/paquete1:/workspace/ros2_ws/install/p3_pkg:/workspace/ros2_ws/install/p2pkg:/workspace/ros2_ws/install/mi_accion:/workspace/ros2_ws/install/maze_pkg:/workspace/ros2_ws/install/battery_act:/workspace/ros2_ws/src/voice_bot_pkg/install/voice_bot_pkg:/workspace/install/servicio_suma:/opt/ros/humble /usr/bin/cmake --build /workspace/ros2_ws/build/turtlebot3_msgs -- -j12 -l12
[0.431s] [  1%] Built target turtlebot3_msgs__cpp
[0.600s] [  1%] Built target ament_cmake_python_symlink_turtlebot3_msgs
[0.655s] [ 12%] Built target turtlebot3_msgs__rosidl_typesupport_introspection_cpp
[1.333s] running egg_info
[1.333s] writing turtlebot3_msgs.egg-info/PKG-INFO
[1.335s] writing dependency_links to turtlebot3_msgs.egg-info/dependency_links.txt
[1.335s] writing top-level names to turtlebot3_msgs.egg-info/top_level.txt
[1.341s] reading manifest file 'turtlebot3_msgs.egg-info/SOURCES.txt'
[1.343s] writing manifest file 'turtlebot3_msgs.egg-info/SOURCES.txt'
[1.415s] [ 12%] Built target ament_cmake_python_build_turtlebot3_msgs_egg
[1.476s] [ 24%] Built target turtlebot3_msgs__rosidl_typesupport_fastrtps_cpp
[1.521s] [ 35%] Built target turtlebot3_msgs__rosidl_typesupport_cpp
[1.590s] [ 46%] Built target turtlebot3_msgs__rosidl_generator_c
[1.640s] [ 58%] Built target turtlebot3_msgs__rosidl_typesupport_fastrtps_c
[1.701s] [ 69%] Built target turtlebot3_msgs__rosidl_typesupport_c
[1.749s] [ 81%] Built target turtlebot3_msgs__rosidl_typesupport_introspection_c
[1.799s] [ 81%] Built target turtlebot3_msgs
[1.829s] [ 82%] Built target turtlebot3_msgs__py
[1.906s] [ 92%] Built target turtlebot3_msgs__rosidl_generator_py
[1.964s] [ 94%] Built target turtlebot3_msgs__rosidl_typesupport_fastrtps_c__pyext
[2.025s] [ 97%] Built target turtlebot3_msgs__rosidl_typesupport_c__pyext
[2.078s] [100%] Built target turtlebot3_msgs__rosidl_typesupport_introspection_c__pyext
[3.772s] Invoked command in '/workspace/ros2_ws/build/turtlebot3_msgs' returned '0': CMAKE_PREFIX_PATH=${CMAKE_PREFIX_PATH}:/workspace/ros2_ws/install/voice_bot_pkg:/workspace/ros2_ws/install/turtlebot3_teleop:/workspace/ros2_ws/install/turtlebot3_example:/workspace/ros2_ws/install/servicio_suma:/workspace/ros2_ws/install/service_temp:/workspace/ros2_ws/install/recolector_pkg:/workspace/ros2_ws/install/primer_paquete:/workspace/ros2_ws/install/paquete1:/workspace/ros2_ws/install/p3_pkg:/workspace/ros2_ws/install/p2pkg:/workspace/ros2_ws/install/mi_accion:/workspace/ros2_ws/install/maze_pkg:/workspace/ros2_ws/install/battery_act:/workspace/ros2_ws/src/voice_bot_pkg/install/voice_bot_pkg:/workspace/install/servicio_suma:/opt/ros/humble /usr/bin/cmake --build /workspace/ros2_ws/build/turtlebot3_msgs -- -j12 -l12
[3.773s] Invoking command in '/workspace/ros2_ws/build/turtlebot3_msgs': CMAKE_PREFIX_PATH=${CMAKE_PREFIX_PATH}:/workspace/ros2_ws/install/voice_bot_pkg:/workspace/ros2_ws/install/turtlebot3_teleop:/workspace/ros2_ws/install/turtlebot3_example:/workspace/ros2_ws/install/servicio_suma:/workspace/ros2_ws/install/service_temp:/workspace/ros2_ws/install/recolector_pkg:/workspace/ros2_ws/install/primer_paquete:/workspace/ros2_ws/install/paquete1:/workspace/ros2_ws/install/p3_pkg:/workspace/ros2_ws/install/p2pkg:/workspace/ros2_ws/install/mi_accion:/workspace/ros2_ws/install/maze_pkg:/workspace/ros2_ws/install/battery_act:/workspace/ros2_ws/src/voice_bot_pkg/install/voice_bot_pkg:/workspace/install/servicio_suma:/opt/ros/humble /usr/bin/cmake --install /workspace/ros2_ws/build/turtlebot3_msgs
[4.986s] -- Install configuration: ""
[4.987s] -- Execute custom install script
[4.987s] -- Up-to-date symlink: /workspace/ros2_ws/install/turtlebot3_msgs/share/ament_index/resource_index/rosidl_interfaces/turtlebot3_msgs
[4.987s] -- Up-to-date symlink: /workspace/ros2_ws/install/turtlebot3_msgs/include/turtlebot3_msgs/turtlebot3_msgs/action/detail/patrol__functions.h
[4.987s] -- Up-to-date symlink: /workspace/ros2_ws/install/turtlebot3_msgs/include/turtlebot3_msgs/turtlebot3_msgs/action/detail/patrol__struct.h
[4.987s] -- Up-to-date symlink: /workspace/ros2_ws/install/turtlebot3_msgs/include/turtlebot3_msgs/turtlebot3_msgs/action/detail/patrol__type_support.h
[4.987s] -- Up-to-date symlink: /workspace/ros2_ws/install/turtlebot3_msgs/include/turtlebot3_msgs/turtlebot3_msgs/action/patrol.h
[4.987s] -- Up-to-date symlink: /workspace/ros2_ws/install/turtlebot3_msgs/include/turtlebot3_msgs/turtlebot3_msgs/msg/detail/sensor_state__functions.h
[4.987s] -- Up-to-date symlink: /workspace/ros2_ws/install/turtlebot3_msgs/include/turtlebot3_msgs/turtlebot3_msgs/msg/detail/sensor_state__struct.h
[4.988s] -- Up-to-date symlink: /workspace/ros2_ws/install/turtlebot3_msgs/include/turtlebot3_msgs/turtlebot3_msgs/msg/detail/sensor_state__type_support.h
[4.988s] -- Up-to-date symlink: /workspace/ros2_ws/install/turtlebot3_msgs/include/turtlebot3_msgs/turtlebot3_msgs/msg/detail/sound__functions.h
[4.988s] -- Up-to-date symlink: /workspace/ros2_ws/install/turtlebot3_msgs/include/turtlebot3_msgs/turtlebot3_msgs/msg/detail/sound__struct.h
[4.988s] -- Up-to-date symlink: /workspace/ros2_ws/install/turtlebot3_msgs/include/turtlebot3_msgs/turtlebot3_msgs/msg/detail/sound__type_support.h
[4.988s] -- Up-to-date symlink: /workspace/ros2_ws/install/turtlebot3_msgs/include/turtlebot3_msgs/turtlebot3_msgs/msg/detail/version_info__functions.h
[4.988s] -- Up-to-date symlink: /workspace/ros2_ws/install/turtlebot3_msgs/include/turtlebot3_msgs/turtlebot3_msgs/msg/detail/version_info__struct.h
[4.988s] -- Up-to-date symlink: /workspace/ros2_ws/install/turtlebot3_msgs/include/turtlebot3_msgs/turtlebot3_msgs/msg/detail/version_info__type_support.h
[4.989s] -- Up-to-date symlink: /workspace/ros2_ws/install/turtlebot3_msgs/include/turtlebot3_msgs/turtlebot3_msgs/msg/rosidl_generator_c__visibility_control.h
[4.989s] -- Up-to-date symlink: /workspace/ros2_ws/install/turtlebot3_msgs/include/turtlebot3_msgs/turtlebot3_msgs/msg/sensor_state.h
[4.989s] -- Up-to-date symlink: /workspace/ros2_ws/install/turtlebot3_msgs/include/turtlebot3_msgs/turtlebot3_msgs/msg/sound.h
[4.989s] -- Up-to-date symlink: /workspace/ros2_ws/install/turtlebot3_msgs/include/turtlebot3_msgs/turtlebot3_msgs/msg/version_info.h
[4.989s] -- Up-to-date symlink: /workspace/ros2_ws/install/turtlebot3_msgs/include/turtlebot3_msgs/turtlebot3_msgs/srv/detail/dqn__functions.h
[4.989s] -- Up-to-date symlink: /workspace/ros2_ws/install/turtlebot3_msgs/include/turtlebot3_msgs/turtlebot3_msgs/srv/detail/dqn__struct.h
[4.989s] -- Up-to-date symlink: /workspace/ros2_ws/install/turtlebot3_msgs/include/turtlebot3_msgs/turtlebot3_msgs/srv/detail/dqn__type_support.h
[4.989s] -- Up-to-date symlink: /workspace/ros2_ws/install/turtlebot3_msgs/include/turtlebot3_msgs/turtlebot3_msgs/srv/detail/goal__functions.h
[4.990s] -- Up-to-date symlink: /workspace/ros2_ws/install/turtlebot3_msgs/include/turtlebot3_msgs/turtlebot3_msgs/srv/detail/goal__struct.h
[4.990s] -- Up-to-date symlink: /workspace/ros2_ws/install/turtlebot3_msgs/include/turtlebot3_msgs/turtlebot3_msgs/srv/detail/goal__type_support.h
[4.990s] -- Up-to-date symlink: /workspace/ros2_ws/install/turtlebot3_msgs/include/turtlebot3_msgs/turtlebot3_msgs/srv/detail/sound__functions.h
[4.993s] -- Up-to-date symlink: /workspace/ros2_ws/install/turtlebot3_msgs/include/turtlebot3_msgs/turtlebot3_msgs/srv/detail/sound__struct.h
[4.993s] -- Up-to-date symlink: /workspace/ros2_ws/install/turtlebot3_msgs/include/turtlebot3_msgs/turtlebot3_msgs/srv/detail/sound__type_support.h
[4.993s] -- Up-to-date symlink: /workspace/ros2_ws/install/turtlebot3_msgs/include/turtlebot3_msgs/turtlebot3_msgs/srv/dqn.h
[4.993s] -- Up-to-date symlink: /workspace/ros2_ws/install/turtlebot3_msgs/include/turtlebot3_msgs/turtlebot3_msgs/srv/goal.h
[5.027s] -- Up-to-date symlink: /workspace/ros2_ws/install/turtlebot3_msgs/include/turtlebot3_msgs/turtlebot3_msgs/srv/sound.h
[5.027s] -- Up-to-date symlink: /workspace/ros2_ws/install/turtlebot3_msgs/share/turtlebot3_msgs/environment/library_path.sh
[5.027s] -- Up-to-date symlink: /workspace/ros2_ws/install/turtlebot3_msgs/share/turtlebot3_msgs/environment/library_path.dsv
[5.027s] -- Up-to-date symlink: /workspace/ros2_ws/install/turtlebot3_msgs/include/turtlebot3_msgs/turtlebot3_msgs/action/detail/patrol__rosidl_typesupport_fastrtps_c.h
[5.027s] -- Up-to-date symlink: /workspace/ros2_ws/install/turtlebot3_msgs/include/turtlebot3_msgs/turtlebot3_msgs/msg/detail/sensor_state__rosidl_typesupport_fastrtps_c.h
[5.027s] -- Up-to-date symlink: /workspace/ros2_ws/install/turtlebot3_msgs/include/turtlebot3_msgs/turtlebot3_msgs/msg/detail/sound__rosidl_typesupport_fastrtps_c.h
[5.027s] -- Up-to-date symlink: /workspace/ros2_ws/install/turtlebot3_msgs/include/turtlebot3_msgs/turtlebot3_msgs/msg/detail/version_info__rosidl_typesupport_fastrtps_c.h
[5.027s] -- Up-to-date symlink: /workspace/ros2_ws/install/turtlebot3_msgs/include/turtlebot3_msgs/turtlebot3_msgs/msg/rosidl_typesupport_fastrtps_c__visibility_control.h
[5.028s] -- Up-to-date symlink: /workspace/ros2_ws/install/turtlebot3_msgs/include/turtlebot3_msgs/turtlebot3_msgs/srv/detail/dqn__rosidl_typesupport_fastrtps_c.h
[5.028s] -- Up-to-date symlink: /workspace/ros2_ws/install/turtlebot3_msgs/include/turtlebot3_msgs/turtlebot3_msgs/srv/detail/goal__rosidl_typesupport_fastrtps_c.h
[5.028s] -- Up-to-date symlink: /workspace/ros2_ws/install/turtlebot3_msgs/include/turtlebot3_msgs/turtlebot3_msgs/srv/detail/sound__rosidl_typesupport_fastrtps_c.h
[5.028s] -- Up-to-date symlink: /workspace/ros2_ws/install/turtlebot3_msgs/include/turtlebot3_msgs/turtlebot3_msgs/action/detail/patrol__builder.hpp
[5.028s] -- Up-to-date symlink: /workspace/ros2_ws/install/turtlebot3_msgs/include/turtlebot3_msgs/turtlebot3_msgs/action/detail/patrol__struct.hpp
[5.028s] -- Up-to-date symlink: /workspace/ros2_ws/install/turtlebot3_msgs/include/turtlebot3_msgs/turtlebot3_msgs/action/detail/patrol__traits.hpp
[5.028s] -- Up-to-date symlink: /workspace/ros2_ws/install/turtlebot3_msgs/include/turtlebot3_msgs/turtlebot3_msgs/action/detail/patrol__type_support.hpp
[5.028s] -- Up-to-date symlink: /workspace/ros2_ws/install/turtlebot3_msgs/include/turtlebot3_msgs/turtlebot3_msgs/action/patrol.hpp
[5.028s] -- Up-to-date symlink: /workspace/ros2_ws/install/turtlebot3_msgs/include/turtlebot3_msgs/turtlebot3_msgs/msg/detail/sensor_state__builder.hpp
[5.029s] -- Up-to-date symlink: /workspace/ros2_ws/install/turtlebot3_msgs/include/turtlebot3_msgs/turtlebot3_msgs/msg/detail/sensor_state__struct.hpp
[5.029s] -- Up-to-date symlink: /workspace/ros2_ws/install/turtlebot3_msgs/include/turtlebot3_msgs/turtlebot3_msgs/msg/detail/sensor_state__traits.hpp
[5.029s] -- Up-to-date symlink: /workspace/ros2_ws/install/turtlebot3_msgs/include/turtlebot3_msgs/turtlebot3_msgs/msg/detail/sensor_state__type_support.hpp
[5.029s] -- Up-to-date symlink: /workspace/ros2_ws/install/turtlebot3_msgs/include/turtlebot3_msgs/turtlebot3_msgs/msg/detail/sound__builder.hpp
[5.029s] -- Up-to-date symlink: /workspace/ros2_ws/install/turtlebot3_msgs/include/turtlebot3_msgs/turtlebot3_msgs/msg/detail/sound__struct.hpp
[5.029s] -- Up-to-date symlink: /workspace/ros2_ws/install/turtlebot3_msgs/include/turtlebot3_msgs/turtlebot3_msgs/msg/detail/sound__traits.hpp
[5.029s] -- Up-to-date symlink: /workspace/ros2_ws/install/turtlebot3_msgs/include/turtlebot3_msgs/turtlebot3_msgs/msg/detail/sound__type_support.hpp
[5.029s] -- Up-to-date symlink: /workspace/ros2_ws/install/turtlebot3_msgs/include/turtlebot3_msgs/turtlebot3_msgs/msg/detail/version_info__builder.hpp
[5.029s] -- Up-to-date symlink: /workspace/ros2_ws/install/turtlebot3_msgs/include/turtlebot3_msgs/turtlebot3_msgs/msg/detail/version_info__struct.hpp
[5.032s] -- Up-to-date symlink: /workspace/ros2_ws/install/turtlebot3_msgs/include/turtlebot3_msgs/turtlebot3_msgs/msg/detail/version_info__traits.hpp
[5.032s] -- Up-to-date symlink: /workspace/ros2_ws/install/turtlebot3_msgs/include/turtlebot3_msgs/turtlebot3_msgs/msg/detail/version_info__type_support.hpp
[5.032s] -- Up-to-date symlink: /workspace/ros2_ws/install/turtlebot3_msgs/include/turtlebot3_msgs/turtlebot3_msgs/msg/rosidl_generator_cpp__visibility_control.hpp
[5.035s] -- Up-to-date symlink: /workspace/ros2_ws/install/turtlebot3_msgs/include/turtlebot3_msgs/turtlebot3_msgs/msg/sensor_state.hpp
[5.035s] -- Up-to-date symlink: /workspace/ros2_ws/install/turtlebot3_msgs/include/turtlebot3_msgs/turtlebot3_msgs/msg/sound.hpp
[5.035s] -- Up-to-date symlink: /workspace/ros2_ws/install/turtlebot3_msgs/include/turtlebot3_msgs/turtlebot3_msgs/msg/version_info.hpp
[5.035s] -- Up-to-date symlink: /workspace/ros2_ws/install/turtlebot3_msgs/include/turtlebot3_msgs/turtlebot3_msgs/srv/detail/dqn__builder.hpp
[5.035s] -- Up-to-date symlink: /workspace/ros2_ws/install/turtlebot3_msgs/include/turtlebot3_msgs/turtlebot3_msgs/srv/detail/dqn__struct.hpp
[5.036s] -- Up-to-date symlink: /workspace/ros2_ws/install/turtlebot3_msgs/include/turtlebot3_msgs/turtlebot3_msgs/srv/detail/dqn__traits.hpp
[5.036s] -- Up-to-date symlink: /workspace/ros2_ws/install/turtlebot3_msgs/include/turtlebot3_msgs/turtlebot3_msgs/srv/detail/dqn__type_support.hpp
[5.036s] -- Up-to-date symlink: /workspace/ros2_ws/install/turtlebot3_msgs/include/turtlebot3_msgs/turtlebot3_msgs/srv/detail/goal__builder.hpp
[5.036s] -- Up-to-date symlink: /workspace/ros2_ws/install/turtlebot3_msgs/include/turtlebot3_msgs/turtlebot3_msgs/srv/detail/goal__struct.hpp
[5.036s] -- Up-to-date symlink: /workspace/ros2_ws/install/turtlebot3_msgs/include/turtlebot3_msgs/turtlebot3_msgs/srv/detail/goal__traits.hpp
[5.036s] -- Up-to-date symlink: /workspace/ros2_ws/install/turtlebot3_msgs/include/turtlebot3_msgs/turtlebot3_msgs/srv/detail/goal__type_support.hpp
[5.036s] -- Up-to-date symlink: /workspace/ros2_ws/install/turtlebot3_msgs/include/turtlebot3_msgs/turtlebot3_msgs/srv/detail/sound__builder.hpp
[5.036s] -- Up-to-date symlink: /workspace/ros2_ws/install/turtlebot3_msgs/include/turtlebot3_msgs/turtlebot3_msgs/srv/detail/sound__struct.hpp
[5.036s] -- Up-to-date symlink: /workspace/ros2_ws/install/turtlebot3_msgs/include/turtlebot3_msgs/turtlebot3_msgs/srv/detail/sound__traits.hpp
[5.036s] -- Up-to-date symlink: /workspace/ros2_ws/install/turtlebot3_msgs/include/turtlebot3_msgs/turtlebot3_msgs/srv/detail/sound__type_support.hpp
[5.037s] -- Up-to-date symlink: /workspace/ros2_ws/install/turtlebot3_msgs/include/turtlebot3_msgs/turtlebot3_msgs/srv/dqn.hpp
[5.037s] -- Up-to-date symlink: /workspace/ros2_ws/install/turtlebot3_msgs/include/turtlebot3_msgs/turtlebot3_msgs/srv/goal.hpp
[5.037s] -- Up-to-date symlink: /workspace/ros2_ws/install/turtlebot3_msgs/include/turtlebot3_msgs/turtlebot3_msgs/srv/sound.hpp
[5.037s] -- Up-to-date symlink: /workspace/ros2_ws/install/turtlebot3_msgs/include/turtlebot3_msgs/turtlebot3_msgs/action/detail/patrol__rosidl_typesupport_fastrtps_cpp.hpp
[5.037s] -- Up-to-date symlink: /workspace/ros2_ws/install/turtlebot3_msgs/include/turtlebot3_msgs/turtlebot3_msgs/msg/detail/sensor_state__rosidl_typesupport_fastrtps_cpp.hpp
[5.037s] -- Up-to-date symlink: /workspace/ros2_ws/install/turtlebot3_msgs/include/turtlebot3_msgs/turtlebot3_msgs/msg/detail/sound__rosidl_typesupport_fastrtps_cpp.hpp
[5.037s] -- Up-to-date symlink: /workspace/ros2_ws/install/turtlebot3_msgs/include/turtlebot3_msgs/turtlebot3_msgs/msg/detail/version_info__rosidl_typesupport_fastrtps_cpp.hpp
[5.038s] -- Up-to-date symlink: /workspace/ros2_ws/install/turtlebot3_msgs/include/turtlebot3_msgs/turtlebot3_msgs/msg/rosidl_typesupport_fastrtps_cpp__visibility_control.h
[5.038s] -- Up-to-date symlink: /workspace/ros2_ws/install/turtlebot3_msgs/include/turtlebot3_msgs/turtlebot3_msgs/srv/detail/dqn__rosidl_typesupport_fastrtps_cpp.hpp
[5.038s] -- Up-to-date symlink: /workspace/ros2_ws/install/turtlebot3_msgs/include/turtlebot3_msgs/turtlebot3_msgs/srv/detail/goal__rosidl_typesupport_fastrtps_cpp.hpp
[5.038s] -- Up-to-date symlink: /workspace/ros2_ws/install/turtlebot3_msgs/include/turtlebot3_msgs/turtlebot3_msgs/srv/detail/sound__rosidl_typesupport_fastrtps_cpp.hpp
[5.049s] -- Up-to-date symlink: /workspace/ros2_ws/install/turtlebot3_msgs/include/turtlebot3_msgs/turtlebot3_msgs/action/detail/patrol__rosidl_typesupport_introspection_c.h
[5.049s] -- Up-to-date symlink: /workspace/ros2_ws/install/turtlebot3_msgs/include/turtlebot3_msgs/turtlebot3_msgs/msg/detail/sensor_state__rosidl_typesupport_introspection_c.h
[5.049s] -- Up-to-date symlink: /workspace/ros2_ws/install/turtlebot3_msgs/include/turtlebot3_msgs/turtlebot3_msgs/msg/detail/sound__rosidl_typesupport_introspection_c.h
[5.049s] -- Up-to-date symlink: /workspace/ros2_ws/install/turtlebot3_msgs/include/turtlebot3_msgs/turtlebot3_msgs/msg/detail/version_info__rosidl_typesupport_introspection_c.h
[5.049s] -- Up-to-date symlink: /workspace/ros2_ws/install/turtlebot3_msgs/include/turtlebot3_msgs/turtlebot3_msgs/msg/rosidl_typesupport_introspection_c__visibility_control.h
[5.050s] -- Up-to-date symlink: /workspace/ros2_ws/install/turtlebot3_msgs/include/turtlebot3_msgs/turtlebot3_msgs/srv/detail/dqn__rosidl_typesupport_introspection_c.h
[5.050s] -- Up-to-date symlink: /workspace/ros2_ws/install/turtlebot3_msgs/include/turtlebot3_msgs/turtlebot3_msgs/srv/detail/goal__rosidl_typesupport_introspection_c.h
[5.050s] -- Up-to-date symlink: /workspace/ros2_ws/install/turtlebot3_msgs/include/turtlebot3_msgs/turtlebot3_msgs/srv/detail/sound__rosidl_typesupport_introspection_c.h
[5.050s] -- Up-to-date symlink: /workspace/ros2_ws/install/turtlebot3_msgs/include/turtlebot3_msgs/turtlebot3_msgs/action/detail/patrol__rosidl_typesupport_introspection_cpp.hpp
[5.050s] -- Up-to-date symlink: /workspace/ros2_ws/install/turtlebot3_msgs/include/turtlebot3_msgs/turtlebot3_msgs/msg/detail/sensor_state__rosidl_typesupport_introspection_cpp.hpp
[5.050s] -- Up-to-date symlink: /workspace/ros2_ws/install/turtlebot3_msgs/include/turtlebot3_msgs/turtlebot3_msgs/msg/detail/sound__rosidl_typesupport_introspection_cpp.hpp
[5.050s] -- Up-to-date symlink: /workspace/ros2_ws/install/turtlebot3_msgs/include/turtlebot3_msgs/turtlebot3_msgs/msg/detail/version_info__rosidl_typesupport_introspection_cpp.hpp
[5.050s] -- Up-to-date symlink: /workspace/ros2_ws/install/turtlebot3_msgs/include/turtlebot3_msgs/turtlebot3_msgs/srv/detail/dqn__rosidl_typesupport_introspection_cpp.hpp
[5.051s] -- Up-to-date symlink: /workspace/ros2_ws/install/turtlebot3_msgs/include/turtlebot3_msgs/turtlebot3_msgs/srv/detail/goal__rosidl_typesupport_introspection_cpp.hpp
[5.051s] -- Up-to-date symlink: /workspace/ros2_ws/install/turtlebot3_msgs/include/turtlebot3_msgs/turtlebot3_msgs/srv/detail/sound__rosidl_typesupport_introspection_cpp.hpp
[5.051s] -- Up-to-date symlink: /workspace/ros2_ws/install/turtlebot3_msgs/share/turtlebot3_msgs/environment/pythonpath.sh
[5.051s] -- Up-to-date symlink: /workspace/ros2_ws/install/turtlebot3_msgs/share/turtlebot3_msgs/environment/pythonpath.dsv
[5.051s] -- Up-to-date symlink: /workspace/ros2_ws/install/turtlebot3_msgs/local/lib/python3.10/dist-packages/turtlebot3_msgs-2.4.0-py3.10.egg-info/PKG-INFO
[5.051s] -- Up-to-date symlink: /workspace/ros2_ws/install/turtlebot3_msgs/local/lib/python3.10/dist-packages/turtlebot3_msgs-2.4.0-py3.10.egg-info/SOURCES.txt
[5.051s] -- Up-to-date symlink: /workspace/ros2_ws/install/turtlebot3_msgs/local/lib/python3.10/dist-packages/turtlebot3_msgs-2.4.0-py3.10.egg-info/dependency_links.txt
[5.051s] -- Up-to-date symlink: /workspace/ros2_ws/install/turtlebot3_msgs/local/lib/python3.10/dist-packages/turtlebot3_msgs-2.4.0-py3.10.egg-info/top_level.txt
[5.052s] -- Up-to-date symlink: /workspace/ros2_ws/install/turtlebot3_msgs/local/lib/python3.10/dist-packages/turtlebot3_msgs/__init__.py
[5.052s] -- Up-to-date symlink: /workspace/ros2_ws/install/turtlebot3_msgs/local/lib/python3.10/dist-packages/turtlebot3_msgs/_turtlebot3_msgs_s.ep.rosidl_typesupport_c.c
[5.052s] -- Up-to-date symlink: /workspace/ros2_ws/install/turtlebot3_msgs/local/lib/python3.10/dist-packages/turtlebot3_msgs/_turtlebot3_msgs_s.ep.rosidl_typesupport_fastrtps_c.c
[5.052s] -- Up-to-date symlink: /workspace/ros2_ws/install/turtlebot3_msgs/local/lib/python3.10/dist-packages/turtlebot3_msgs/_turtlebot3_msgs_s.ep.rosidl_typesupport_introspection_c.c
[5.052s] -- Up-to-date symlink: /workspace/ros2_ws/install/turtlebot3_msgs/local/lib/python3.10/dist-packages/turtlebot3_msgs/action/__init__.py
[5.052s] -- Up-to-date symlink: /workspace/ros2_ws/install/turtlebot3_msgs/local/lib/python3.10/dist-packages/turtlebot3_msgs/action/_patrol.py
[5.052s] -- Up-to-date symlink: /workspace/ros2_ws/install/turtlebot3_msgs/local/lib/python3.10/dist-packages/turtlebot3_msgs/action/_patrol_s.c
[5.053s] -- Up-to-date symlink: /workspace/ros2_ws/install/turtlebot3_msgs/local/lib/python3.10/dist-packages/turtlebot3_msgs/libturtlebot3_msgs__rosidl_generator_py.so
[5.053s] -- Up-to-date symlink: /workspace/ros2_ws/install/turtlebot3_msgs/local/lib/python3.10/dist-packages/turtlebot3_msgs/msg/__init__.py
[5.053s] -- Up-to-date symlink: /workspace/ros2_ws/install/turtlebot3_msgs/local/lib/python3.10/dist-packages/turtlebot3_msgs/msg/_sensor_state.py
[5.053s] -- Up-to-date symlink: /workspace/ros2_ws/install/turtlebot3_msgs/local/lib/python3.10/dist-packages/turtlebot3_msgs/msg/_sensor_state_s.c
[5.055s] -- Up-to-date symlink: /workspace/ros2_ws/install/turtlebot3_msgs/local/lib/python3.10/dist-packages/turtlebot3_msgs/msg/_sound.py
[5.055s] -- Up-to-date symlink: /workspace/ros2_ws/install/turtlebot3_msgs/local/lib/python3.10/dist-packages/turtlebot3_msgs/msg/_sound_s.c
[5.055s] -- Up-to-date symlink: /workspace/ros2_ws/install/turtlebot3_msgs/local/lib/python3.10/dist-packages/turtlebot3_msgs/msg/_version_info.py
[5.055s] -- Up-to-date symlink: /workspace/ros2_ws/install/turtlebot3_msgs/local/lib/python3.10/dist-packages/turtlebot3_msgs/msg/_version_info_s.c
[5.055s] -- Up-to-date symlink: /workspace/ros2_ws/install/turtlebot3_msgs/local/lib/python3.10/dist-packages/turtlebot3_msgs/srv/__init__.py
[5.064s] -- Up-to-date symlink: /workspace/ros2_ws/install/turtlebot3_msgs/local/lib/python3.10/dist-packages/turtlebot3_msgs/srv/_dqn.py
[5.064s] -- Up-to-date symlink: /workspace/ros2_ws/install/turtlebot3_msgs/local/lib/python3.10/dist-packages/turtlebot3_msgs/srv/_dqn_s.c
[5.064s] -- Up-to-date symlink: /workspace/ros2_ws/install/turtlebot3_msgs/local/lib/python3.10/dist-packages/turtlebot3_msgs/srv/_goal.py
[5.065s] -- Up-to-date symlink: /workspace/ros2_ws/install/turtlebot3_msgs/local/lib/python3.10/dist-packages/turtlebot3_msgs/srv/_goal_s.c
[5.065s] -- Up-to-date symlink: /workspace/ros2_ws/install/turtlebot3_msgs/local/lib/python3.10/dist-packages/turtlebot3_msgs/srv/_sound.py
[5.065s] -- Up-to-date symlink: /workspace/ros2_ws/install/turtlebot3_msgs/local/lib/python3.10/dist-packages/turtlebot3_msgs/srv/_sound_s.c
[5.065s] -- Up-to-date symlink: /workspace/ros2_ws/install/turtlebot3_msgs/local/lib/python3.10/dist-packages/turtlebot3_msgs/turtlebot3_msgs_s__rosidl_typesupport_c.cpython-310-x86_64-linux-gnu.so
[5.065s] -- Up-to-date symlink: /workspace/ros2_ws/install/turtlebot3_msgs/local/lib/python3.10/dist-packages/turtlebot3_msgs/turtlebot3_msgs_s__rosidl_typesupport_fastrtps_c.cpython-310-x86_64-linux-gnu.so
[5.065s] -- Up-to-date symlink: /workspace/ros2_ws/install/turtlebot3_msgs/local/lib/python3.10/dist-packages/turtlebot3_msgs/turtlebot3_msgs_s__rosidl_typesupport_introspection_c.cpython-310-x86_64-linux-gnu.so
[5.065s] -- Up-to-date symlink: /workspace/ros2_ws/install/turtlebot3_msgs/local/lib/python3.10/dist-packages/turtlebot3_msgs/turtlebot3_msgs_s__rosidl_typesupport_fastrtps_c.cpython-310-x86_64-linux-gnu.so
[5.065s] -- Up-to-date symlink: /workspace/ros2_ws/install/turtlebot3_msgs/local/lib/python3.10/dist-packages/turtlebot3_msgs/turtlebot3_msgs_s__rosidl_typesupport_introspection_c.cpython-310-x86_64-linux-gnu.so
[5.065s] -- Up-to-date symlink: /workspace/ros2_ws/install/turtlebot3_msgs/local/lib/python3.10/dist-packages/turtlebot3_msgs/turtlebot3_msgs_s__rosidl_typesupport_c.cpython-310-x86_64-linux-gnu.so
[5.065s] -- Up-to-date symlink: /workspace/ros2_ws/install/turtlebot3_msgs/share/turtlebot3_msgs/msg/SensorState.idl
[5.065s] -- Up-to-date symlink: /workspace/ros2_ws/install/turtlebot3_msgs/share/turtlebot3_msgs/msg/Sound.idl
[5.066s] -- Up-to-date symlink: /workspace/ros2_ws/install/turtlebot3_msgs/share/turtlebot3_msgs/msg/VersionInfo.idl
[5.066s] -- Up-to-date symlink: /workspace/ros2_ws/install/turtlebot3_msgs/share/turtlebot3_msgs/srv/Sound.idl
[5.066s] -- Up-to-date symlink: /workspace/ros2_ws/install/turtlebot3_msgs/share/turtlebot3_msgs/srv/Dqn.idl
[5.066s] -- Up-to-date symlink: /workspace/ros2_ws/install/turtlebot3_msgs/share/turtlebot3_msgs/srv/Goal.idl
[5.066s] -- Up-to-date symlink: /workspace/ros2_ws/install/turtlebot3_msgs/share/turtlebot3_msgs/action/Patrol.idl
[5.066s] -- Up-to-date symlink: /workspace/ros2_ws/install/turtlebot3_msgs/share/turtlebot3_msgs/msg/SensorState.msg
[5.066s] -- Up-to-date symlink: /workspace/ros2_ws/install/turtlebot3_msgs/share/turtlebot3_msgs/msg/Sound.msg
[5.066s] -- Up-to-date symlink: /workspace/ros2_ws/install/turtlebot3_msgs/share/turtlebot3_msgs/msg/VersionInfo.msg
[5.066s] -- Up-to-date symlink: /workspace/ros2_ws/install/turtlebot3_msgs/share/turtlebot3_msgs/srv/Sound.srv
[5.067s] -- Up-to-date symlink: /workspace/ros2_ws/install/turtlebot3_msgs/share/turtlebot3_msgs/srv/Sound_Request.msg
[5.067s] -- Up-to-date symlink: /workspace/ros2_ws/install/turtlebot3_msgs/share/turtlebot3_msgs/srv/Sound_Response.msg
[5.067s] -- Up-to-date symlink: /workspace/ros2_ws/install/turtlebot3_msgs/share/turtlebot3_msgs/srv/Dqn.srv
[5.067s] -- Up-to-date symlink: /workspace/ros2_ws/install/turtlebot3_msgs/share/turtlebot3_msgs/srv/Dqn_Request.msg
[5.067s] -- Up-to-date symlink: /workspace/ros2_ws/install/turtlebot3_msgs/share/turtlebot3_msgs/srv/Dqn_Response.msg
[5.067s] -- Up-to-date symlink: /workspace/ros2_ws/install/turtlebot3_msgs/share/turtlebot3_msgs/srv/Goal.srv
[5.068s] -- Up-to-date symlink: /workspace/ros2_ws/install/turtlebot3_msgs/share/turtlebot3_msgs/srv/Goal_Request.msg
[5.068s] -- Up-to-date symlink: /workspace/ros2_ws/install/turtlebot3_msgs/share/turtlebot3_msgs/srv/Goal_Response.msg
[5.068s] -- Up-to-date symlink: /workspace/ros2_ws/install/turtlebot3_msgs/share/turtlebot3_msgs/action/Patrol.action
[5.068s] -- Up-to-date symlink: /workspace/ros2_ws/install/turtlebot3_msgs/share/ament_index/resource_index/package_run_dependencies/turtlebot3_msgs
[5.068s] -- Up-to-date symlink: /workspace/ros2_ws/install/turtlebot3_msgs/share/ament_index/resource_index/parent_prefix_path/turtlebot3_msgs
[5.068s] -- Up-to-date symlink: /workspace/ros2_ws/install/turtlebot3_msgs/share/turtlebot3_msgs/environment/ament_prefix_path.sh
[5.068s] -- Up-to-date symlink: /workspace/ros2_ws/install/turtlebot3_msgs/share/turtlebot3_msgs/environment/ament_prefix_path.dsv
[5.068s] -- Up-to-date symlink: /workspace/ros2_ws/install/turtlebot3_msgs/share/turtlebot3_msgs/environment/path.sh
[5.069s] -- Up-to-date symlink: /workspace/ros2_ws/install/turtlebot3_msgs/share/turtlebot3_msgs/environment/path.dsv
[5.069s] -- Up-to-date symlink: /workspace/ros2_ws/install/turtlebot3_msgs/share/turtlebot3_msgs/local_setup.bash
[5.069s] -- Up-to-date symlink: /workspace/ros2_ws/install/turtlebot3_msgs/share/turtlebot3_msgs/local_setup.sh
[5.069s] -- Up-to-date symlink: /workspace/ros2_ws/install/turtlebot3_msgs/share/turtlebot3_msgs/local_setup.zsh
[5.069s] -- Up-to-date symlink: /workspace/ros2_ws/install/turtlebot3_msgs/share/turtlebot3_msgs/local_setup.dsv
[5.069s] -- Symlinking: /workspace/ros2_ws/install/turtlebot3_msgs/share/turtlebot3_msgs/package.dsv
[5.069s] -- Up-to-date symlink: /workspace/ros2_ws/install/turtlebot3_msgs/share/ament_index/resource_index/packages/turtlebot3_msgs
[5.069s] -- Up-to-date symlink: /workspace/ros2_ws/install/turtlebot3_msgs/share/turtlebot3_msgs/cmake/rosidl_cmake-extras.cmake
[5.070s] -- Up-to-date symlink: /workspace/ros2_ws/install/turtlebot3_msgs/share/turtlebot3_msgs/cmake/ament_cmake_export_dependencies-extras.cmake
[5.070s] -- Up-to-date symlink: /workspace/ros2_ws/install/turtlebot3_msgs/share/turtlebot3_msgs/cmake/ament_cmake_export_include_directories-extras.cmake
[5.070s] -- Up-to-date symlink: /workspace/ros2_ws/install/turtlebot3_msgs/share/turtlebot3_msgs/cmake/ament_cmake_export_libraries-extras.cmake
[5.070s] -- Up-to-date symlink: /workspace/ros2_ws/install/turtlebot3_msgs/share/turtlebot3_msgs/cmake/ament_cmake_export_targets-extras.cmake
[5.077s] -- Up-to-date symlink: /workspace/ros2_ws/install/turtlebot3_msgs/share/turtlebot3_msgs/cmake/rosidl_cmake_export_typesupport_targets-extras.cmake
[5.077s] -- Up-to-date symlink: /workspace/ros2_ws/install/turtlebot3_msgs/share/turtlebot3_msgs/cmake/rosidl_cmake_export_typesupport_libraries-extras.cmake
[5.083s] -- Up-to-date symlink: /workspace/ros2_ws/install/turtlebot3_msgs/share/turtlebot3_msgs/cmake/turtlebot3_msgsConfig.cmake
[5.084s] -- Up-to-date symlink: /workspace/ros2_ws/install/turtlebot3_msgs/share/turtlebot3_msgs/cmake/turtlebot3_msgsConfig-version.cmake
[5.084s] -- Up-to-date symlink: /workspace/ros2_ws/install/turtlebot3_msgs/share/turtlebot3_msgs/package.xml
[5.084s] -- Up-to-date: /workspace/ros2_ws/install/turtlebot3_msgs/lib/libturtlebot3_msgs__rosidl_generator_c.so
[5.084s] -- Up-to-date: /workspace/ros2_ws/install/turtlebot3_msgs/lib/libturtlebot3_msgs__rosidl_typesupport_fastrtps_c.so
[5.085s] -- Up-to-date: /workspace/ros2_ws/install/turtlebot3_msgs/lib/libturtlebot3_msgs__rosidl_typesupport_fastrtps_cpp.so
[5.085s] -- Up-to-date: /workspace/ros2_ws/install/turtlebot3_msgs/lib/libturtlebot3_msgs__rosidl_typesupport_introspection_c.so
[5.085s] -- Up-to-date: /workspace/ros2_ws/install/turtlebot3_msgs/lib/libturtlebot3_msgs__rosidl_typesupport_c.so
[5.085s] -- Up-to-date: /workspace/ros2_ws/install/turtlebot3_msgs/lib/libturtlebot3_msgs__rosidl_typesupport_introspection_cpp.so
[5.085s] -- Up-to-date: /workspace/ros2_ws/install/turtlebot3_msgs/lib/libturtlebot3_msgs__rosidl_typesupport_cpp.so
[5.095s] Listing '/workspace/ros2_ws/install/turtlebot3_msgs/local/lib/python3.10/dist-packages/turtlebot3_msgs'...
[5.095s] Listing '/workspace/ros2_ws/install/turtlebot3_msgs/local/lib/python3.10/dist-packages/turtlebot3_msgs/action'...
[5.095s] Listing '/workspace/ros2_ws/install/turtlebot3_msgs/local/lib/python3.10/dist-packages/turtlebot3_msgs/msg'...
[5.096s] Listing '/workspace/ros2_ws/install/turtlebot3_msgs/local/lib/python3.10/dist-packages/turtlebot3_msgs/srv'...
[5.096s] -- Up-to-date: /workspace/ros2_ws/install/turtlebot3_msgs/lib/libturtlebot3_msgs__rosidl_generator_py.so
[5.096s] -- Up-to-date: /workspace/ros2_ws/install/turtlebot3_msgs/share/turtlebot3_msgs/cmake/export_turtlebot3_msgs__rosidl_generator_cExport.cmake
[5.097s] -- Up-to-date: /workspace/ros2_ws/install/turtlebot3_msgs/share/turtlebot3_msgs/cmake/export_turtlebot3_msgs__rosidl_generator_cExport-noconfig.cmake
[5.097s] -- Up-to-date: /workspace/ros2_ws/install/turtlebot3_msgs/share/turtlebot3_msgs/cmake/export_turtlebot3_msgs__rosidl_typesupport_fastrtps_cExport.cmake
[5.097s] -- Up-to-date: /workspace/ros2_ws/install/turtlebot3_msgs/share/turtlebot3_msgs/cmake/export_turtlebot3_msgs__rosidl_typesupport_fastrtps_cExport-noconfig.cmake
[5.097s] -- Up-to-date: /workspace/ros2_ws/install/turtlebot3_msgs/share/turtlebot3_msgs/cmake/export_turtlebot3_msgs__rosidl_generator_cppExport.cmake
[5.098s] -- Up-to-date: /workspace/ros2_ws/install/turtlebot3_msgs/share/turtlebot3_msgs/cmake/export_turtlebot3_msgs__rosidl_typesupport_fastrtps_cppExport.cmake
[5.098s] -- Up-to-date: /workspace/ros2_ws/install/turtlebot3_msgs/share/turtlebot3_msgs/cmake/export_turtlebot3_msgs__rosidl_typesupport_fastrtps_cppExport-noconfig.cmake
[5.099s] -- Up-to-date: /workspace/ros2_ws/install/turtlebot3_msgs/share/turtlebot3_msgs/cmake/turtlebot3_msgs__rosidl_typesupport_introspection_cExport.cmake
[5.099s] -- Up-to-date: /workspace/ros2_ws/install/turtlebot3_msgs/share/turtlebot3_msgs/cmake/turtlebot3_msgs__rosidl_typesupport_introspection_cExport-noconfig.cmake
[5.099s] -- Up-to-date: /workspace/ros2_ws/install/turtlebot3_msgs/share/turtlebot3_msgs/cmake/turtlebot3_msgs__rosidl_typesupport_cExport.cmake
[5.100s] -- Up-to-date: /workspace/ros2_ws/install/turtlebot3_msgs/share/turtlebot3_msgs/cmake/turtlebot3_msgs__rosidl_typesupport_cExport-noconfig.cmake
[5.100s] -- Up-to-date: /workspace/ros2_ws/install/turtlebot3_msgs/share/turtlebot3_msgs/cmake/turtlebot3_msgs__rosidl_typesupport_introspection_cppExport.cmake
[5.101s] -- Up-to-date: /workspace/ros2_ws/install/turtlebot3_msgs/share/turtlebot3_msgs/cmake/turtlebot3_msgs__rosidl_typesupport_introspection_cppExport-noconfig.cmake
[5.101s] -- Up-to-date: /workspace/ros2_ws/install/turtlebot3_msgs/share/turtlebot3_msgs/cmake/turtlebot3_msgs__rosidl_typesupport_cppExport.cmake
[5.101s] -- Up-to-date: /workspace/ros2_ws/install/turtlebot3_msgs/share/turtlebot3_msgs/cmake/turtlebot3_msgs__rosidl_typesupport_cppExport-noconfig.cmake
[5.101s] -- Up-to-date: /workspace/ros2_ws/install/turtlebot3_msgs/share/turtlebot3_msgs/cmake/export_turtlebot3_msgs__rosidl_generator_pyExport.cmake
[5.101s] -- Up-to-date: /workspace/ros2_ws/install/turtlebot3_msgs/share/turtlebot3_msgs/cmake/export_turtlebot3_msgs__rosidl_generator_pyExport-noconfig.cmake
[5.313s] Invoked command in '/workspace/ros2_ws/build/turtlebot3_msgs' returned '0': CMAKE_PREFIX_PATH=${CMAKE_PREFIX_PATH}:/workspace/ros2_ws/install/voice_bot_pkg:/workspace/ros2_ws/install/turtlebot3_teleop:/workspace/ros2_ws/install/turtlebot3_example:/workspace/ros2_ws/install/servicio_suma:/workspace/ros2_ws/install/service_temp:/workspace/ros2_ws/install/recolector_pkg:/workspace/ros2_ws/install/primer_paquete:/workspace/ros2_ws/install/paquete1:/workspace/ros2_ws/install/p3_pkg:/workspace/ros2_ws/install/p2pkg:/workspace/ros2_ws/install/mi_accion:/workspace/ros2_ws/install/maze_pkg:/workspace/ros2_ws/install/battery_act:/workspace/ros2_ws/src/voice_bot_pkg/install/voice_bot_pkg:/workspace/install/servicio_suma:/opt/ros/humble /usr/bin/cmake --install /workspace/ros2_ws/build/turtlebot3_msgs
