[0.007s] Invoking command in '/workspace/ros2_ws/src/build/interfaz_servicio_suma': CMAKE_PREFIX_PATH=/workspace/ros2_ws/install/servicio_suma:/workspace/ros2_ws/install/servicio_operacion:/opt/ros/humble /usr/bin/cmake /workspace/ros2_ws/src/interfaz_servicio_suma -DCMAKE_INSTALL_PREFIX=/workspace/ros2_ws/src/install/interfaz_servicio_suma
[0.061s] -- The C compiler identification is GNU 11.4.0
[0.102s] -- The CXX compiler identification is GNU 11.4.0
[0.107s] -- Detecting C compiler ABI info
[0.169s] -- Detecting C compiler ABI info - done
[0.174s] -- Check for working C compiler: /usr/bin/cc - skipped
[0.174s] -- Detecting C compile features
[0.174s] -- Detecting C compile features - done
[0.176s] -- Detecting CXX compiler ABI info
[0.235s] -- Detecting CXX compiler ABI info - done
[0.243s] -- Check for working CXX compiler: /usr/bin/c++ - skipped
[0.243s] -- Detecting CXX compile features
[0.244s] -- Detecting CXX compile features - done
[0.247s] -- Found ament_cmake: 1.3.12 (/opt/ros/humble/share/ament_cmake/cmake)
[0.352s] -- Found Python3: /usr/bin/python3 (found version "3.10.12") found components: Interpreter 
[0.417s] -- Found std_msgs: 4.9.0 (/opt/ros/humble/share/std_msgs/cmake)
[0.441s] -- Found rosidl_generator_c: 3.1.8 (/opt/ros/humble/share/rosidl_generator_c/cmake)
[0.446s] -- Found rosidl_adapter: 3.1.8 (/opt/ros/humble/share/rosidl_adapter/cmake)
[0.452s] -- Found rosidl_generator_cpp: 3.1.8 (/opt/ros/humble/share/rosidl_generator_cpp/cmake)
[0.460s] -- Using all available rosidl_typesupport_c: rosidl_typesupport_fastrtps_c;rosidl_typesupport_introspection_c
[0.470s] -- Using all available rosidl_typesupport_cpp: rosidl_typesupport_fastrtps_cpp;rosidl_typesupport_introspection_cpp
[0.487s] -- Found rosidl_default_generators: 1.2.0 (/opt/ros/humble/share/rosidl_default_generators/cmake)
[0.673s] -- Found ament_cmake_ros: 0.10.0 (/opt/ros/humble/share/ament_cmake_ros/cmake)
[0.923s] -- Using all available rosidl_typesupport_c: rosidl_typesupport_fastrtps_c;rosidl_typesupport_introspection_c
[1.027s] -- Using all available rosidl_typesupport_cpp: rosidl_typesupport_fastrtps_cpp;rosidl_typesupport_introspection_cpp
[1.042s] -- Found PythonInterp: /usr/bin/python3 (found suitable version "3.10.12", minimum required is "3.6") 
[1.044s] -- Found python_cmake_module: 0.10.0 (/opt/ros/humble/share/python_cmake_module/cmake)
[1.066s] -- Found PythonLibs: /usr/lib/x86_64-linux-gnu/libpython3.10.so (found suitable version "3.10.12", minimum required is "3.5") 
[1.066s] -- Using PYTHON_EXECUTABLE: /usr/bin/python3
[1.067s] -- Using PYTHON_INCLUDE_DIRS: /usr/include/python3.10
[1.067s] -- Using PYTHON_LIBRARIES: /usr/lib/x86_64-linux-gnu/libpython3.10.so
[1.080s] -- Found PythonExtra: .so  
[1.112s] -- Found ament_lint_auto: 0.12.14 (/opt/ros/humble/share/ament_lint_auto/cmake)
[1.147s] -- Added test 'cppcheck' to perform static code analysis on C / C++ code
[1.148s] -- Configured cppcheck include dirs: 
[1.148s] -- Configured cppcheck exclude dirs and/or files: 
[1.151s] -- Added test 'flake8' to check Python code syntax and style conventions
[1.157s] -- Added test 'lint_cmake' to check CMake code style
[1.160s] -- Added test 'pep257' to check Python code against some of the docstring style conventions in PEP 257
[1.181s] -- Added test 'uncrustify' to check C / C++ code style
[1.181s] -- Configured uncrustify additional arguments: 
[1.184s] -- Added test 'xmllint' to check XML markup files
[1.186s] -- Configuring done
[1.202s] -- Generating done
[1.209s] -- Build files have been written to: /workspace/ros2_ws/src/build/interfaz_servicio_suma
[1.212s] Invoked command in '/workspace/ros2_ws/src/build/interfaz_servicio_suma' returned '0': CMAKE_PREFIX_PATH=/workspace/ros2_ws/install/servicio_suma:/workspace/ros2_ws/install/servicio_operacion:/opt/ros/humble /usr/bin/cmake /workspace/ros2_ws/src/interfaz_servicio_suma -DCMAKE_INSTALL_PREFIX=/workspace/ros2_ws/src/install/interfaz_servicio_suma
[1.213s] Invoking command in '/workspace/ros2_ws/src/build/interfaz_servicio_suma': CMAKE_PREFIX_PATH=/workspace/ros2_ws/install/servicio_suma:/workspace/ros2_ws/install/servicio_operacion:/opt/ros/humble /usr/bin/cmake --build /workspace/ros2_ws/src/build/interfaz_servicio_suma -- -j12 -l12
[1.248s] [  3%] [34m[1mGenerating C code for ROS interfaces[0m
[1.257s] [  6%] [34m[1mGenerating C++ code for ROS interfaces[0m
[1.266s] [  6%] Built target ament_cmake_python_copy_interfaz_servicio_suma
[1.438s] [  6%] Built target interfaz_servicio_suma__cpp
[1.449s] running egg_info
[1.450s] [  9%] [34m[1mGenerating C++ type support dispatch for ROS interfaces[0m
[1.450s] creating interfaz_servicio_suma.egg-info
[1.450s] [ 12%] [34m[1mGenerating C++ introspection for ROS interfaces[0m
[1.450s] writing interfaz_servicio_suma.egg-info/PKG-INFO
[1.450s] writing dependency_links to interfaz_servicio_suma.egg-info/dependency_links.txt
[1.451s] [ 16%] [34m[1mGenerating C++ type support for eProsima Fast-RTPS[0m
[1.451s] writing top-level names to interfaz_servicio_suma.egg-info/top_level.txt
[1.451s] writing manifest file 'interfaz_servicio_suma.egg-info/SOURCES.txt'
[1.452s] reading manifest file 'interfaz_servicio_suma.egg-info/SOURCES.txt'
[1.453s] writing manifest file 'interfaz_servicio_suma.egg-info/SOURCES.txt'
[1.476s] [ 16%] Built target ament_cmake_python_build_interfaz_servicio_suma_egg
[1.491s] [ 19%] [32mBuilding C object CMakeFiles/interfaz_servicio_suma__rosidl_generator_c.dir/rosidl_generator_c/interfaz_servicio_suma/srv/detail/add_two_ints__functions.c.o[0m
[1.552s] [ 22%] [32m[1mLinking C shared library libinterfaz_servicio_suma__rosidl_generator_c.so[0m
[1.589s] [ 22%] Built target interfaz_servicio_suma__rosidl_generator_c
[1.600s] [ 32%] [34m[1mGenerating C type support for eProsima Fast-RTPS[0m
[1.600s] [ 32%] [34m[1mGenerating C introspection for ROS interfaces[0m
[1.600s] [ 32%] [34m[1mGenerating C type support dispatch for ROS interfaces[0m
[1.641s] [ 35%] [32mBuilding CXX object CMakeFiles/interfaz_servicio_suma__rosidl_typesupport_cpp.dir/rosidl_typesupport_cpp/interfaz_servicio_suma/srv/add_two_ints__type_support.cpp.o[0m
[1.661s] [ 38%] [32mBuilding CXX object CMakeFiles/interfaz_servicio_suma__rosidl_typesupport_introspection_cpp.dir/rosidl_typesupport_introspection_cpp/interfaz_servicio_suma/srv/detail/add_two_ints__type_support.cpp.o[0m
[1.767s] [ 41%] [32mBuilding CXX object CMakeFiles/interfaz_servicio_suma__rosidl_typesupport_fastrtps_cpp.dir/rosidl_typesupport_fastrtps_cpp/interfaz_servicio_suma/srv/detail/dds_fastrtps/add_two_ints__type_support.cpp.o[0m
[1.836s] [ 45%] [32m[1mLinking CXX shared library libinterfaz_servicio_suma__rosidl_typesupport_cpp.so[0m
[1.873s] [ 48%] [32mBuilding CXX object CMakeFiles/interfaz_servicio_suma__rosidl_typesupport_c.dir/rosidl_typesupport_c/interfaz_servicio_suma/srv/add_two_ints__type_support.cpp.o[0m
[1.876s] [ 48%] Built target interfaz_servicio_suma__rosidl_typesupport_cpp
[1.901s] [ 51%] [32m[1mLinking CXX shared library libinterfaz_servicio_suma__rosidl_typesupport_c.so[0m
[1.921s] [ 54%] [32mBuilding C object CMakeFiles/interfaz_servicio_suma__rosidl_typesupport_introspection_c.dir/rosidl_typesupport_introspection_c/interfaz_servicio_suma/srv/detail/add_two_ints__type_support.c.o[0m
[1.922s] [ 58%] [32mBuilding CXX object CMakeFiles/interfaz_servicio_suma__rosidl_typesupport_fastrtps_c.dir/rosidl_typesupport_fastrtps_c/interfaz_servicio_suma/srv/detail/add_two_ints__type_support_c.cpp.o[0m
[1.939s] [ 61%] [32m[1mLinking CXX shared library libinterfaz_servicio_suma__rosidl_typesupport_introspection_cpp.so[0m
[1.940s] [ 61%] Built target interfaz_servicio_suma__rosidl_typesupport_c
[1.962s] [ 64%] [32m[1mLinking C shared library libinterfaz_servicio_suma__rosidl_typesupport_introspection_c.so[0m
[1.975s] [ 64%] Built target interfaz_servicio_suma__rosidl_typesupport_introspection_cpp
[1.991s] [ 64%] Built target interfaz_servicio_suma__rosidl_typesupport_introspection_c
[2.112s] [ 67%] [32m[1mLinking CXX shared library libinterfaz_servicio_suma__rosidl_typesupport_fastrtps_cpp.so[0m
[2.128s] [ 70%] [32m[1mLinking CXX shared library libinterfaz_servicio_suma__rosidl_typesupport_fastrtps_c.so[0m
[2.169s] [ 70%] Built target interfaz_servicio_suma__rosidl_typesupport_fastrtps_cpp
[2.188s] [ 70%] Built target interfaz_servicio_suma__rosidl_typesupport_fastrtps_c
[2.204s] [ 70%] Built target interfaz_servicio_suma
[2.219s] [ 74%] [34m[1mGenerating Python code for ROS interfaces[0m
[2.418s] [ 74%] Built target interfaz_servicio_suma__py
[2.436s] [ 77%] [32mBuilding C object CMakeFiles/interfaz_servicio_suma__rosidl_generator_py.dir/rosidl_generator_py/interfaz_servicio_suma/srv/_add_two_ints_s.c.o[0m
[2.499s] [ 80%] [32m[1mLinking C shared library rosidl_generator_py/interfaz_servicio_suma/libinterfaz_servicio_suma__rosidl_generator_py.so[0m
[2.529s] [ 80%] Built target interfaz_servicio_suma__rosidl_generator_py
[2.545s] [ 83%] [32mBuilding C object CMakeFiles/interfaz_servicio_suma__rosidl_typesupport_c__pyext.dir/rosidl_generator_py/interfaz_servicio_suma/_interfaz_servicio_suma_s.ep.rosidl_typesupport_c.c.o[0m
[2.549s] [ 90%] [32mBuilding C object CMakeFiles/interfaz_servicio_suma__rosidl_typesupport_introspection_c__pyext.dir/rosidl_generator_py/interfaz_servicio_suma/_interfaz_servicio_suma_s.ep.rosidl_typesupport_introspection_c.c.o[0m
[2.549s] [ 90%] [32mBuilding C object CMakeFiles/interfaz_servicio_suma__rosidl_typesupport_fastrtps_c__pyext.dir/rosidl_generator_py/interfaz_servicio_suma/_interfaz_servicio_suma_s.ep.rosidl_typesupport_fastrtps_c.c.o[0m
[2.617s] [ 93%] [32m[1mLinking C shared library rosidl_generator_py/interfaz_servicio_suma/interfaz_servicio_suma_s__rosidl_typesupport_fastrtps_c.cpython-310-x86_64-linux-gnu.so[0m
[2.619s] [ 96%] [32m[1mLinking C shared library rosidl_generator_py/interfaz_servicio_suma/interfaz_servicio_suma_s__rosidl_typesupport_introspection_c.cpython-310-x86_64-linux-gnu.so[0m
[2.649s] [100%] [32m[1mLinking C shared library rosidl_generator_py/interfaz_servicio_suma/interfaz_servicio_suma_s__rosidl_typesupport_c.cpython-310-x86_64-linux-gnu.so[0m
[2.651s] [100%] Built target interfaz_servicio_suma__rosidl_typesupport_fastrtps_c__pyext
[2.653s] [100%] Built target interfaz_servicio_suma__rosidl_typesupport_introspection_c__pyext
[2.682s] [100%] Built target interfaz_servicio_suma__rosidl_typesupport_c__pyext
[2.694s] Invoked command in '/workspace/ros2_ws/src/build/interfaz_servicio_suma' returned '0': CMAKE_PREFIX_PATH=/workspace/ros2_ws/install/servicio_suma:/workspace/ros2_ws/install/servicio_operacion:/opt/ros/humble /usr/bin/cmake --build /workspace/ros2_ws/src/build/interfaz_servicio_suma -- -j12 -l12
[2.705s] Invoking command in '/workspace/ros2_ws/src/build/interfaz_servicio_suma': CMAKE_PREFIX_PATH=/workspace/ros2_ws/install/servicio_suma:/workspace/ros2_ws/install/servicio_operacion:/opt/ros/humble /usr/bin/cmake --install /workspace/ros2_ws/src/build/interfaz_servicio_suma
[2.710s] -- Install configuration: ""
[2.710s] -- Installing: /workspace/ros2_ws/src/install/interfaz_servicio_suma/share/ament_index/resource_index/rosidl_interfaces/interfaz_servicio_suma
[2.710s] -- Installing: /workspace/ros2_ws/src/install/interfaz_servicio_suma/include/interfaz_servicio_suma/interfaz_servicio_suma
[2.710s] -- Installing: /workspace/ros2_ws/src/install/interfaz_servicio_suma/include/interfaz_servicio_suma/interfaz_servicio_suma/msg
[2.710s] -- Installing: /workspace/ros2_ws/src/install/interfaz_servicio_suma/include/interfaz_servicio_suma/interfaz_servicio_suma/msg/rosidl_generator_c__visibility_control.h
[2.710s] -- Installing: /workspace/ros2_ws/src/install/interfaz_servicio_suma/include/interfaz_servicio_suma/interfaz_servicio_suma/srv
[2.711s] -- Installing: /workspace/ros2_ws/src/install/interfaz_servicio_suma/include/interfaz_servicio_suma/interfaz_servicio_suma/srv/detail
[2.711s] -- Installing: /workspace/ros2_ws/src/install/interfaz_servicio_suma/include/interfaz_servicio_suma/interfaz_servicio_suma/srv/detail/add_two_ints__type_support.h
[2.711s] -- Installing: /workspace/ros2_ws/src/install/interfaz_servicio_suma/include/interfaz_servicio_suma/interfaz_servicio_suma/srv/detail/add_two_ints__functions.h
[2.711s] -- Installing: /workspace/ros2_ws/src/install/interfaz_servicio_suma/include/interfaz_servicio_suma/interfaz_servicio_suma/srv/detail/add_two_ints__struct.h
[2.711s] -- Installing: /workspace/ros2_ws/src/install/interfaz_servicio_suma/include/interfaz_servicio_suma/interfaz_servicio_suma/srv/detail/add_two_ints__functions.c
[2.711s] -- Installing: /workspace/ros2_ws/src/install/interfaz_servicio_suma/include/interfaz_servicio_suma/interfaz_servicio_suma/srv/add_two_ints.h
[2.711s] -- Installing: /workspace/ros2_ws/src/install/interfaz_servicio_suma/share/interfaz_servicio_suma/environment/library_path.sh
[2.711s] -- Installing: /workspace/ros2_ws/src/install/interfaz_servicio_suma/share/interfaz_servicio_suma/environment/library_path.dsv
[2.711s] -- Installing: /workspace/ros2_ws/src/install/interfaz_servicio_suma/lib/libinterfaz_servicio_suma__rosidl_generator_c.so
[2.712s] -- Set runtime path of "/workspace/ros2_ws/src/install/interfaz_servicio_suma/lib/libinterfaz_servicio_suma__rosidl_generator_c.so" to ""
[2.712s] -- Up-to-date: /workspace/ros2_ws/src/install/interfaz_servicio_suma/include/interfaz_servicio_suma/interfaz_servicio_suma
[2.712s] -- Up-to-date: /workspace/ros2_ws/src/install/interfaz_servicio_suma/include/interfaz_servicio_suma/interfaz_servicio_suma/msg
[2.712s] -- Installing: /workspace/ros2_ws/src/install/interfaz_servicio_suma/include/interfaz_servicio_suma/interfaz_servicio_suma/msg/rosidl_typesupport_fastrtps_c__visibility_control.h
[2.712s] -- Up-to-date: /workspace/ros2_ws/src/install/interfaz_servicio_suma/include/interfaz_servicio_suma/interfaz_servicio_suma/srv
[2.712s] -- Up-to-date: /workspace/ros2_ws/src/install/interfaz_servicio_suma/include/interfaz_servicio_suma/interfaz_servicio_suma/srv/detail
[2.712s] -- Installing: /workspace/ros2_ws/src/install/interfaz_servicio_suma/include/interfaz_servicio_suma/interfaz_servicio_suma/srv/detail/add_two_ints__rosidl_typesupport_fastrtps_c.h
[2.712s] -- Installing: /workspace/ros2_ws/src/install/interfaz_servicio_suma/lib/libinterfaz_servicio_suma__rosidl_typesupport_fastrtps_c.so
[2.712s] -- Set runtime path of "/workspace/ros2_ws/src/install/interfaz_servicio_suma/lib/libinterfaz_servicio_suma__rosidl_typesupport_fastrtps_c.so" to ""
[2.712s] -- Up-to-date: /workspace/ros2_ws/src/install/interfaz_servicio_suma/include/interfaz_servicio_suma/interfaz_servicio_suma
[2.712s] -- Up-to-date: /workspace/ros2_ws/src/install/interfaz_servicio_suma/include/interfaz_servicio_suma/interfaz_servicio_suma/msg
[2.712s] -- Installing: /workspace/ros2_ws/src/install/interfaz_servicio_suma/include/interfaz_servicio_suma/interfaz_servicio_suma/msg/rosidl_generator_cpp__visibility_control.hpp
[2.712s] -- Up-to-date: /workspace/ros2_ws/src/install/interfaz_servicio_suma/include/interfaz_servicio_suma/interfaz_servicio_suma/srv
[2.713s] -- Up-to-date: /workspace/ros2_ws/src/install/interfaz_servicio_suma/include/interfaz_servicio_suma/interfaz_servicio_suma/srv/detail
[2.713s] -- Installing: /workspace/ros2_ws/src/install/interfaz_servicio_suma/include/interfaz_servicio_suma/interfaz_servicio_suma/srv/detail/add_two_ints__builder.hpp
[2.713s] -- Installing: /workspace/ros2_ws/src/install/interfaz_servicio_suma/include/interfaz_servicio_suma/interfaz_servicio_suma/srv/detail/add_two_ints__traits.hpp
[2.713s] -- Installing: /workspace/ros2_ws/src/install/interfaz_servicio_suma/include/interfaz_servicio_suma/interfaz_servicio_suma/srv/detail/add_two_ints__struct.hpp
[2.713s] -- Installing: /workspace/ros2_ws/src/install/interfaz_servicio_suma/include/interfaz_servicio_suma/interfaz_servicio_suma/srv/detail/add_two_ints__type_support.hpp
[2.713s] -- Installing: /workspace/ros2_ws/src/install/interfaz_servicio_suma/include/interfaz_servicio_suma/interfaz_servicio_suma/srv/add_two_ints.hpp
[2.713s] -- Up-to-date: /workspace/ros2_ws/src/install/interfaz_servicio_suma/include/interfaz_servicio_suma/interfaz_servicio_suma
[2.713s] -- Up-to-date: /workspace/ros2_ws/src/install/interfaz_servicio_suma/include/interfaz_servicio_suma/interfaz_servicio_suma/msg
[2.713s] -- Installing: /workspace/ros2_ws/src/install/interfaz_servicio_suma/include/interfaz_servicio_suma/interfaz_servicio_suma/msg/rosidl_typesupport_fastrtps_cpp__visibility_control.h
[2.713s] -- Up-to-date: /workspace/ros2_ws/src/install/interfaz_servicio_suma/include/interfaz_servicio_suma/interfaz_servicio_suma/srv
[2.713s] -- Up-to-date: /workspace/ros2_ws/src/install/interfaz_servicio_suma/include/interfaz_servicio_suma/interfaz_servicio_suma/srv/detail
[2.713s] -- Installing: /workspace/ros2_ws/src/install/interfaz_servicio_suma/include/interfaz_servicio_suma/interfaz_servicio_suma/srv/detail/dds_fastrtps
[2.713s] -- Installing: /workspace/ros2_ws/src/install/interfaz_servicio_suma/include/interfaz_servicio_suma/interfaz_servicio_suma/srv/detail/add_two_ints__rosidl_typesupport_fastrtps_cpp.hpp
[2.714s] -- Installing: /workspace/ros2_ws/src/install/interfaz_servicio_suma/lib/libinterfaz_servicio_suma__rosidl_typesupport_fastrtps_cpp.so
[2.714s] -- Set runtime path of "/workspace/ros2_ws/src/install/interfaz_servicio_suma/lib/libinterfaz_servicio_suma__rosidl_typesupport_fastrtps_cpp.so" to ""
[2.714s] -- Up-to-date: /workspace/ros2_ws/src/install/interfaz_servicio_suma/include/interfaz_servicio_suma/interfaz_servicio_suma
[2.714s] -- Up-to-date: /workspace/ros2_ws/src/install/interfaz_servicio_suma/include/interfaz_servicio_suma/interfaz_servicio_suma/msg
[2.714s] -- Installing: /workspace/ros2_ws/src/install/interfaz_servicio_suma/include/interfaz_servicio_suma/interfaz_servicio_suma/msg/rosidl_typesupport_introspection_c__visibility_control.h
[2.714s] -- Up-to-date: /workspace/ros2_ws/src/install/interfaz_servicio_suma/include/interfaz_servicio_suma/interfaz_servicio_suma/srv
[2.714s] -- Up-to-date: /workspace/ros2_ws/src/install/interfaz_servicio_suma/include/interfaz_servicio_suma/interfaz_servicio_suma/srv/detail
[2.714s] -- Installing: /workspace/ros2_ws/src/install/interfaz_servicio_suma/include/interfaz_servicio_suma/interfaz_servicio_suma/srv/detail/add_two_ints__rosidl_typesupport_introspection_c.h
[2.714s] -- Installing: /workspace/ros2_ws/src/install/interfaz_servicio_suma/include/interfaz_servicio_suma/interfaz_servicio_suma/srv/detail/add_two_ints__type_support.c
[2.714s] -- Installing: /workspace/ros2_ws/src/install/interfaz_servicio_suma/lib/libinterfaz_servicio_suma__rosidl_typesupport_introspection_c.so
[2.714s] -- Set runtime path of "/workspace/ros2_ws/src/install/interfaz_servicio_suma/lib/libinterfaz_servicio_suma__rosidl_typesupport_introspection_c.so" to ""
[2.714s] -- Installing: /workspace/ros2_ws/src/install/interfaz_servicio_suma/lib/libinterfaz_servicio_suma__rosidl_typesupport_c.so
[2.714s] -- Set runtime path of "/workspace/ros2_ws/src/install/interfaz_servicio_suma/lib/libinterfaz_servicio_suma__rosidl_typesupport_c.so" to ""
[2.715s] -- Up-to-date: /workspace/ros2_ws/src/install/interfaz_servicio_suma/include/interfaz_servicio_suma/interfaz_servicio_suma
[2.715s] -- Up-to-date: /workspace/ros2_ws/src/install/interfaz_servicio_suma/include/interfaz_servicio_suma/interfaz_servicio_suma/srv
[2.715s] -- Up-to-date: /workspace/ros2_ws/src/install/interfaz_servicio_suma/include/interfaz_servicio_suma/interfaz_servicio_suma/srv/detail
[2.715s] -- Installing: /workspace/ros2_ws/src/install/interfaz_servicio_suma/include/interfaz_servicio_suma/interfaz_servicio_suma/srv/detail/add_two_ints__rosidl_typesupport_introspection_cpp.hpp
[2.715s] -- Installing: /workspace/ros2_ws/src/install/interfaz_servicio_suma/include/interfaz_servicio_suma/interfaz_servicio_suma/srv/detail/add_two_ints__type_support.cpp
[2.715s] -- Installing: /workspace/ros2_ws/src/install/interfaz_servicio_suma/lib/libinterfaz_servicio_suma__rosidl_typesupport_introspection_cpp.so
[2.715s] -- Set runtime path of "/workspace/ros2_ws/src/install/interfaz_servicio_suma/lib/libinterfaz_servicio_suma__rosidl_typesupport_introspection_cpp.so" to ""
[2.715s] -- Installing: /workspace/ros2_ws/src/install/interfaz_servicio_suma/lib/libinterfaz_servicio_suma__rosidl_typesupport_cpp.so
[2.715s] -- Set runtime path of "/workspace/ros2_ws/src/install/interfaz_servicio_suma/lib/libinterfaz_servicio_suma__rosidl_typesupport_cpp.so" to ""
[2.715s] -- Installing: /workspace/ros2_ws/src/install/interfaz_servicio_suma/share/interfaz_servicio_suma/environment/pythonpath.sh
[2.715s] -- Installing: /workspace/ros2_ws/src/install/interfaz_servicio_suma/share/interfaz_servicio_suma/environment/pythonpath.dsv
[2.715s] -- Installing: /workspace/ros2_ws/src/install/interfaz_servicio_suma/local/lib/python3.10/dist-packages/interfaz_servicio_suma-0.0.0-py3.10.egg-info
[2.715s] -- Installing: /workspace/ros2_ws/src/install/interfaz_servicio_suma/local/lib/python3.10/dist-packages/interfaz_servicio_suma-0.0.0-py3.10.egg-info/PKG-INFO
[2.715s] -- Installing: /workspace/ros2_ws/src/install/interfaz_servicio_suma/local/lib/python3.10/dist-packages/interfaz_servicio_suma-0.0.0-py3.10.egg-info/dependency_links.txt
[2.716s] -- Installing: /workspace/ros2_ws/src/install/interfaz_servicio_suma/local/lib/python3.10/dist-packages/interfaz_servicio_suma-0.0.0-py3.10.egg-info/SOURCES.txt
[2.716s] -- Installing: /workspace/ros2_ws/src/install/interfaz_servicio_suma/local/lib/python3.10/dist-packages/interfaz_servicio_suma-0.0.0-py3.10.egg-info/top_level.txt
[2.716s] -- Installing: /workspace/ros2_ws/src/install/interfaz_servicio_suma/local/lib/python3.10/dist-packages/interfaz_servicio_suma
[2.716s] -- Installing: /workspace/ros2_ws/src/install/interfaz_servicio_suma/local/lib/python3.10/dist-packages/interfaz_servicio_suma/interfaz_servicio_suma_s__rosidl_typesupport_introspection_c.cpython-310-x86_64-linux-gnu.so
[2.716s] -- Installing: /workspace/ros2_ws/src/install/interfaz_servicio_suma/local/lib/python3.10/dist-packages/interfaz_servicio_suma/_interfaz_servicio_suma_s.ep.rosidl_typesupport_fastrtps_c.c
[2.716s] -- Installing: /workspace/ros2_ws/src/install/interfaz_servicio_suma/local/lib/python3.10/dist-packages/interfaz_servicio_suma/interfaz_servicio_suma_s__rosidl_typesupport_c.cpython-310-x86_64-linux-gnu.so
[2.716s] -- Installing: /workspace/ros2_ws/src/install/interfaz_servicio_suma/local/lib/python3.10/dist-packages/interfaz_servicio_suma/libinterfaz_servicio_suma__rosidl_generator_py.so
[2.716s] -- Installing: /workspace/ros2_ws/src/install/interfaz_servicio_suma/local/lib/python3.10/dist-packages/interfaz_servicio_suma/interfaz_servicio_suma_s__rosidl_typesupport_fastrtps_c.cpython-310-x86_64-linux-gnu.so
[2.716s] -- Installing: /workspace/ros2_ws/src/install/interfaz_servicio_suma/local/lib/python3.10/dist-packages/interfaz_servicio_suma/_interfaz_servicio_suma_s.ep.rosidl_typesupport_introspection_c.c
[2.716s] -- Installing: /workspace/ros2_ws/src/install/interfaz_servicio_suma/local/lib/python3.10/dist-packages/interfaz_servicio_suma/srv
[2.716s] -- Installing: /workspace/ros2_ws/src/install/interfaz_servicio_suma/local/lib/python3.10/dist-packages/interfaz_servicio_suma/srv/_add_two_ints.py
[2.716s] -- Installing: /workspace/ros2_ws/src/install/interfaz_servicio_suma/local/lib/python3.10/dist-packages/interfaz_servicio_suma/srv/_add_two_ints_s.c
[2.716s] -- Installing: /workspace/ros2_ws/src/install/interfaz_servicio_suma/local/lib/python3.10/dist-packages/interfaz_servicio_suma/srv/__init__.py
[2.716s] -- Installing: /workspace/ros2_ws/src/install/interfaz_servicio_suma/local/lib/python3.10/dist-packages/interfaz_servicio_suma/__init__.py
[2.716s] -- Installing: /workspace/ros2_ws/src/install/interfaz_servicio_suma/local/lib/python3.10/dist-packages/interfaz_servicio_suma/_interfaz_servicio_suma_s.ep.rosidl_typesupport_c.c
[2.739s] Listing '/workspace/ros2_ws/src/install/interfaz_servicio_suma/local/lib/python3.10/dist-packages/interfaz_servicio_suma'...
[2.739s] Compiling '/workspace/ros2_ws/src/install/interfaz_servicio_suma/local/lib/python3.10/dist-packages/interfaz_servicio_suma/__init__.py'...
[2.739s] Listing '/workspace/ros2_ws/src/install/interfaz_servicio_suma/local/lib/python3.10/dist-packages/interfaz_servicio_suma/srv'...
[2.739s] Compiling '/workspace/ros2_ws/src/install/interfaz_servicio_suma/local/lib/python3.10/dist-packages/interfaz_servicio_suma/srv/__init__.py'...
[2.739s] Compiling '/workspace/ros2_ws/src/install/interfaz_servicio_suma/local/lib/python3.10/dist-packages/interfaz_servicio_suma/srv/_add_two_ints.py'...
[2.742s] -- Installing: /workspace/ros2_ws/src/install/interfaz_servicio_suma/local/lib/python3.10/dist-packages/interfaz_servicio_suma/interfaz_servicio_suma_s__rosidl_typesupport_fastrtps_c.cpython-310-x86_64-linux-gnu.so
[2.742s] -- Set runtime path of "/workspace/ros2_ws/src/install/interfaz_servicio_suma/local/lib/python3.10/dist-packages/interfaz_servicio_suma/interfaz_servicio_suma_s__rosidl_typesupport_fastrtps_c.cpython-310-x86_64-linux-gnu.so" to ""
[2.742s] -- Installing: /workspace/ros2_ws/src/install/interfaz_servicio_suma/local/lib/python3.10/dist-packages/interfaz_servicio_suma/interfaz_servicio_suma_s__rosidl_typesupport_introspection_c.cpython-310-x86_64-linux-gnu.so
[2.742s] -- Set runtime path of "/workspace/ros2_ws/src/install/interfaz_servicio_suma/local/lib/python3.10/dist-packages/interfaz_servicio_suma/interfaz_servicio_suma_s__rosidl_typesupport_introspection_c.cpython-310-x86_64-linux-gnu.so" to ""
[2.742s] -- Installing: /workspace/ros2_ws/src/install/interfaz_servicio_suma/local/lib/python3.10/dist-packages/interfaz_servicio_suma/interfaz_servicio_suma_s__rosidl_typesupport_c.cpython-310-x86_64-linux-gnu.so
[2.742s] -- Set runtime path of "/workspace/ros2_ws/src/install/interfaz_servicio_suma/local/lib/python3.10/dist-packages/interfaz_servicio_suma/interfaz_servicio_suma_s__rosidl_typesupport_c.cpython-310-x86_64-linux-gnu.so" to ""
[2.742s] -- Installing: /workspace/ros2_ws/src/install/interfaz_servicio_suma/lib/libinterfaz_servicio_suma__rosidl_generator_py.so
[2.742s] -- Set runtime path of "/workspace/ros2_ws/src/install/interfaz_servicio_suma/lib/libinterfaz_servicio_suma__rosidl_generator_py.so" to ""
[2.742s] -- Installing: /workspace/ros2_ws/src/install/interfaz_servicio_suma/share/interfaz_servicio_suma/srv/AddTwoInts.idl
[2.743s] -- Installing: /workspace/ros2_ws/src/install/interfaz_servicio_suma/share/interfaz_servicio_suma/srv/AddTwoInts.srv
[2.743s] -- Installing: /workspace/ros2_ws/src/install/interfaz_servicio_suma/share/interfaz_servicio_suma/srv/AddTwoInts_Request.msg
[2.743s] -- Installing: /workspace/ros2_ws/src/install/interfaz_servicio_suma/share/interfaz_servicio_suma/srv/AddTwoInts_Response.msg
[2.743s] -- Installing: /workspace/ros2_ws/src/install/interfaz_servicio_suma/share/ament_index/resource_index/package_run_dependencies/interfaz_servicio_suma
[2.743s] -- Installing: /workspace/ros2_ws/src/install/interfaz_servicio_suma/share/ament_index/resource_index/parent_prefix_path/interfaz_servicio_suma
[2.743s] -- Installing: /workspace/ros2_ws/src/install/interfaz_servicio_suma/share/interfaz_servicio_suma/environment/ament_prefix_path.sh
[2.743s] -- Installing: /workspace/ros2_ws/src/install/interfaz_servicio_suma/share/interfaz_servicio_suma/environment/ament_prefix_path.dsv
[2.743s] -- Installing: /workspace/ros2_ws/src/install/interfaz_servicio_suma/share/interfaz_servicio_suma/environment/path.sh
[2.743s] -- Installing: /workspace/ros2_ws/src/install/interfaz_servicio_suma/share/interfaz_servicio_suma/environment/path.dsv
[2.743s] -- Installing: /workspace/ros2_ws/src/install/interfaz_servicio_suma/share/interfaz_servicio_suma/local_setup.bash
[2.743s] -- Installing: /workspace/ros2_ws/src/install/interfaz_servicio_suma/share/interfaz_servicio_suma/local_setup.sh
[2.743s] -- Installing: /workspace/ros2_ws/src/install/interfaz_servicio_suma/share/interfaz_servicio_suma/local_setup.zsh
[2.744s] -- Installing: /workspace/ros2_ws/src/install/interfaz_servicio_suma/share/interfaz_servicio_suma/local_setup.dsv
[2.744s] -- Installing: /workspace/ros2_ws/src/install/interfaz_servicio_suma/share/interfaz_servicio_suma/package.dsv
[2.744s] -- Installing: /workspace/ros2_ws/src/install/interfaz_servicio_suma/share/ament_index/resource_index/packages/interfaz_servicio_suma
[2.744s] -- Installing: /workspace/ros2_ws/src/install/interfaz_servicio_suma/share/interfaz_servicio_suma/cmake/export_interfaz_servicio_suma__rosidl_generator_cExport.cmake
[2.744s] -- Installing: /workspace/ros2_ws/src/install/interfaz_servicio_suma/share/interfaz_servicio_suma/cmake/export_interfaz_servicio_suma__rosidl_generator_cExport-noconfig.cmake
[2.744s] -- Installing: /workspace/ros2_ws/src/install/interfaz_servicio_suma/share/interfaz_servicio_suma/cmake/export_interfaz_servicio_suma__rosidl_typesupport_fastrtps_cExport.cmake
[2.744s] -- Installing: /workspace/ros2_ws/src/install/interfaz_servicio_suma/share/interfaz_servicio_suma/cmake/export_interfaz_servicio_suma__rosidl_typesupport_fastrtps_cExport-noconfig.cmake
[2.744s] -- Installing: /workspace/ros2_ws/src/install/interfaz_servicio_suma/share/interfaz_servicio_suma/cmake/export_interfaz_servicio_suma__rosidl_generator_cppExport.cmake
[2.745s] -- Installing: /workspace/ros2_ws/src/install/interfaz_servicio_suma/share/interfaz_servicio_suma/cmake/export_interfaz_servicio_suma__rosidl_typesupport_fastrtps_cppExport.cmake
[2.745s] -- Installing: /workspace/ros2_ws/src/install/interfaz_servicio_suma/share/interfaz_servicio_suma/cmake/export_interfaz_servicio_suma__rosidl_typesupport_fastrtps_cppExport-noconfig.cmake
[2.745s] -- Installing: /workspace/ros2_ws/src/install/interfaz_servicio_suma/share/interfaz_servicio_suma/cmake/interfaz_servicio_suma__rosidl_typesupport_introspection_cExport.cmake
[2.745s] -- Installing: /workspace/ros2_ws/src/install/interfaz_servicio_suma/share/interfaz_servicio_suma/cmake/interfaz_servicio_suma__rosidl_typesupport_introspection_cExport-noconfig.cmake
[2.745s] -- Installing: /workspace/ros2_ws/src/install/interfaz_servicio_suma/share/interfaz_servicio_suma/cmake/interfaz_servicio_suma__rosidl_typesupport_cExport.cmake
[2.745s] -- Installing: /workspace/ros2_ws/src/install/interfaz_servicio_suma/share/interfaz_servicio_suma/cmake/interfaz_servicio_suma__rosidl_typesupport_cExport-noconfig.cmake
[2.745s] -- Installing: /workspace/ros2_ws/src/install/interfaz_servicio_suma/share/interfaz_servicio_suma/cmake/interfaz_servicio_suma__rosidl_typesupport_introspection_cppExport.cmake
[2.745s] -- Installing: /workspace/ros2_ws/src/install/interfaz_servicio_suma/share/interfaz_servicio_suma/cmake/interfaz_servicio_suma__rosidl_typesupport_introspection_cppExport-noconfig.cmake
[2.745s] -- Installing: /workspace/ros2_ws/src/install/interfaz_servicio_suma/share/interfaz_servicio_suma/cmake/interfaz_servicio_suma__rosidl_typesupport_cppExport.cmake
[2.745s] -- Installing: /workspace/ros2_ws/src/install/interfaz_servicio_suma/share/interfaz_servicio_suma/cmake/interfaz_servicio_suma__rosidl_typesupport_cppExport-noconfig.cmake
[2.745s] -- Installing: /workspace/ros2_ws/src/install/interfaz_servicio_suma/share/interfaz_servicio_suma/cmake/export_interfaz_servicio_suma__rosidl_generator_pyExport.cmake
[2.746s] -- Installing: /workspace/ros2_ws/src/install/interfaz_servicio_suma/share/interfaz_servicio_suma/cmake/export_interfaz_servicio_suma__rosidl_generator_pyExport-noconfig.cmake
[2.746s] -- Installing: /workspace/ros2_ws/src/install/interfaz_servicio_suma/share/interfaz_servicio_suma/cmake/rosidl_cmake-extras.cmake
[2.746s] -- Installing: /workspace/ros2_ws/src/install/interfaz_servicio_suma/share/interfaz_servicio_suma/cmake/ament_cmake_export_dependencies-extras.cmake
[2.746s] -- Installing: /workspace/ros2_ws/src/install/interfaz_servicio_suma/share/interfaz_servicio_suma/cmake/ament_cmake_export_include_directories-extras.cmake
[2.746s] -- Installing: /workspace/ros2_ws/src/install/interfaz_servicio_suma/share/interfaz_servicio_suma/cmake/ament_cmake_export_libraries-extras.cmake
[2.746s] -- Installing: /workspace/ros2_ws/src/install/interfaz_servicio_suma/share/interfaz_servicio_suma/cmake/ament_cmake_export_targets-extras.cmake
[2.746s] -- Installing: /workspace/ros2_ws/src/install/interfaz_servicio_suma/share/interfaz_servicio_suma/cmake/rosidl_cmake_export_typesupport_targets-extras.cmake
[2.746s] -- Installing: /workspace/ros2_ws/src/install/interfaz_servicio_suma/share/interfaz_servicio_suma/cmake/rosidl_cmake_export_typesupport_libraries-extras.cmake
[2.746s] -- Installing: /workspace/ros2_ws/src/install/interfaz_servicio_suma/share/interfaz_servicio_suma/cmake/interfaz_servicio_sumaConfig.cmake
[2.746s] -- Installing: /workspace/ros2_ws/src/install/interfaz_servicio_suma/share/interfaz_servicio_suma/cmake/interfaz_servicio_sumaConfig-version.cmake
[2.746s] -- Installing: /workspace/ros2_ws/src/install/interfaz_servicio_suma/share/interfaz_servicio_suma/package.xml
[2.748s] Invoked command in '/workspace/ros2_ws/src/build/interfaz_servicio_suma' returned '0': CMAKE_PREFIX_PATH=/workspace/ros2_ws/install/servicio_suma:/workspace/ros2_ws/install/servicio_operacion:/opt/ros/humble /usr/bin/cmake --install /workspace/ros2_ws/src/build/interfaz_servicio_suma
