[0.150s] Invoking command in '/workspace/ros2_ws/build/turtlebot3_gazebo': CMAKE_PREFIX_PATH=${CMAKE_PREFIX_PATH}:/workspace/ros2_ws/install/turtlebot3_teleop:/workspace/ros2_ws/install/turtlebot3_example:/workspace/ros2_ws/install/servicio_suma:/workspace/ros2_ws/install/service_temp:/workspace/ros2_ws/install/primer_paquete:/workspace/ros2_ws/install/paquete1:/workspace/ros2_ws/install/p3_pkg:/workspace/ros2_ws/install/p2pkg:/workspace/ros2_ws/install/mi_accion:/workspace/ros2_ws/install/battery_act:/workspace/install/servicio_suma:/opt/ros/humble /usr/bin/cmake --build /workspace/ros2_ws/build/turtlebot3_gazebo -- -j12 -l12
[2.216s] [ 16%] Built target turtlebot3_drive
[2.216s] [ 33%] Built target obstacles
[2.216s] [ 50%] Built target obstacle2
[2.216s] [ 66%] Built target obstacle1
[2.216s] [ 83%] Built target traffic_bar_plugin
[2.217s] [100%] Built target traffic_light_plugin
[2.254s] Invoked command in '/workspace/ros2_ws/build/turtlebot3_gazebo' returned '0': CMAKE_PREFIX_PATH=${CMAKE_PREFIX_PATH}:/workspace/ros2_ws/install/turtlebot3_teleop:/workspace/ros2_ws/install/turtlebot3_example:/workspace/ros2_ws/install/servicio_suma:/workspace/ros2_ws/install/service_temp:/workspace/ros2_ws/install/primer_paquete:/workspace/ros2_ws/install/paquete1:/workspace/ros2_ws/install/p3_pkg:/workspace/ros2_ws/install/p2pkg:/workspace/ros2_ws/install/mi_accion:/workspace/ros2_ws/install/battery_act:/workspace/install/servicio_suma:/opt/ros/humble /usr/bin/cmake --build /workspace/ros2_ws/build/turtlebot3_gazebo -- -j12 -l12
[2.258s] Invoking command in '/workspace/ros2_ws/build/turtlebot3_gazebo': CMAKE_PREFIX_PATH=${CMAKE_PREFIX_PATH}:/workspace/ros2_ws/install/turtlebot3_teleop:/workspace/ros2_ws/install/turtlebot3_example:/workspace/ros2_ws/install/servicio_suma:/workspace/ros2_ws/install/service_temp:/workspace/ros2_ws/install/primer_paquete:/workspace/ros2_ws/install/paquete1:/workspace/ros2_ws/install/p3_pkg:/workspace/ros2_ws/install/p2pkg:/workspace/ros2_ws/install/mi_accion:/workspace/ros2_ws/install/battery_act:/workspace/install/servicio_suma:/opt/ros/humble /usr/bin/cmake --install /workspace/ros2_ws/build/turtlebot3_gazebo
[2.375s] -- Install configuration: ""
[2.376s] -- Execute custom install script
[2.376s] -- Up-to-date symlink: /workspace/ros2_ws/install/turtlebot3_gazebo/lib/turtlebot3_gazebo/turtlebot3_drive
[2.376s] -- Up-to-date symlink: /workspace/ros2_ws/install/turtlebot3_gazebo/share/turtlebot3_gazebo//launch/empty_world.launch.py
[2.376s] -- Up-to-date symlink: /workspace/ros2_ws/install/turtlebot3_gazebo/share/turtlebot3_gazebo//launch/multi_robot.launch.py
[2.376s] -- Up-to-date symlink: /workspace/ros2_ws/install/turtlebot3_gazebo/share/turtlebot3_gazebo//launch/multi_spawn_turtlebot3.launch.py
[2.376s] -- Up-to-date symlink: /workspace/ros2_ws/install/turtlebot3_gazebo/share/turtlebot3_gazebo//launch/robot_state_publisher.launch.py
[2.376s] -- Up-to-date symlink: /workspace/ros2_ws/install/turtlebot3_gazebo/share/turtlebot3_gazebo//launch/spawn_turtlebot3.launch.py
[2.376s] -- Up-to-date symlink: /workspace/ros2_ws/install/turtlebot3_gazebo/share/turtlebot3_gazebo//launch/turtlebot3_autorace_2020.launch.py
[2.377s] -- Up-to-date symlink: /workspace/ros2_ws/install/turtlebot3_gazebo/share/turtlebot3_gazebo//launch/turtlebot3_dqn_stage1.launch.py
[2.377s] -- Up-to-date symlink: /workspace/ros2_ws/install/turtlebot3_gazebo/share/turtlebot3_gazebo//launch/turtlebot3_dqn_stage2.launch.py
[2.377s] -- Up-to-date symlink: /workspace/ros2_ws/install/turtlebot3_gazebo/share/turtlebot3_gazebo//launch/turtlebot3_dqn_stage3.launch.py
[2.377s] -- Up-to-date symlink: /workspace/ros2_ws/install/turtlebot3_gazebo/share/turtlebot3_gazebo//launch/turtlebot3_dqn_stage4.launch.py
[2.378s] -- Up-to-date symlink: /workspace/ros2_ws/install/turtlebot3_gazebo/share/turtlebot3_gazebo//launch/turtlebot3_house.launch.py
[2.378s] -- Up-to-date symlink: /workspace/ros2_ws/install/turtlebot3_gazebo/share/turtlebot3_gazebo//launch/turtlebot3_world.launch.py
[2.406s] -- Up-to-date symlink: /workspace/ros2_ws/install/turtlebot3_gazebo/share/turtlebot3_gazebo//models/turtlebot3_autorace_2020/checker/materials/checker.png
[2.408s] -- Up-to-date symlink: /workspace/ros2_ws/install/turtlebot3_gazebo/share/turtlebot3_gazebo//models/turtlebot3_autorace_2020/checker/materials/scripts/checker.material
[2.409s] -- Up-to-date symlink: /workspace/ros2_ws/install/turtlebot3_gazebo/share/turtlebot3_gazebo//models/turtlebot3_autorace_2020/checker/materials/textures/checker.png
[2.409s] -- Up-to-date symlink: /workspace/ros2_ws/install/turtlebot3_gazebo/share/turtlebot3_gazebo//models/turtlebot3_autorace_2020/checker/model.config
[2.409s] -- Up-to-date symlink: /workspace/ros2_ws/install/turtlebot3_gazebo/share/turtlebot3_gazebo//models/turtlebot3_autorace_2020/checker/model.sdf
[2.409s] -- Up-to-date symlink: /workspace/ros2_ws/install/turtlebot3_gazebo/share/turtlebot3_gazebo//models/turtlebot3_autorace_2020/course/materials/scripts/course.material
[2.409s] -- Up-to-date symlink: /workspace/ros2_ws/install/turtlebot3_gazebo/share/turtlebot3_gazebo//models/turtlebot3_autorace_2020/course/materials/textures/course.png
[2.409s] -- Up-to-date symlink: /workspace/ros2_ws/install/turtlebot3_gazebo/share/turtlebot3_gazebo//models/turtlebot3_autorace_2020/course/model.config
[2.410s] -- Up-to-date symlink: /workspace/ros2_ws/install/turtlebot3_gazebo/share/turtlebot3_gazebo//models/turtlebot3_autorace_2020/course/model.sdf
[2.411s] -- Up-to-date symlink: /workspace/ros2_ws/install/turtlebot3_gazebo/share/turtlebot3_gazebo//models/turtlebot3_autorace_2020/traffic_bar/materials/scripts/traffic_bar.material
[2.411s] -- Up-to-date symlink: /workspace/ros2_ws/install/turtlebot3_gazebo/share/turtlebot3_gazebo//models/turtlebot3_autorace_2020/traffic_bar/materials/textures/traffic_bar.png
[2.417s] -- Up-to-date symlink: /workspace/ros2_ws/install/turtlebot3_gazebo/share/turtlebot3_gazebo//models/turtlebot3_autorace_2020/traffic_bar/model.config
[2.417s] -- Up-to-date symlink: /workspace/ros2_ws/install/turtlebot3_gazebo/share/turtlebot3_gazebo//models/turtlebot3_autorace_2020/traffic_bar/model.sdf
[2.417s] -- Up-to-date symlink: /workspace/ros2_ws/install/turtlebot3_gazebo/share/turtlebot3_gazebo//models/turtlebot3_autorace_2020/traffic_construction/materials/scripts/traffic_construction.material
[2.418s] -- Up-to-date symlink: /workspace/ros2_ws/install/turtlebot3_gazebo/share/turtlebot3_gazebo//models/turtlebot3_autorace_2020/traffic_construction/materials/textures/traffic_construction.png
[2.418s] -- Up-to-date symlink: /workspace/ros2_ws/install/turtlebot3_gazebo/share/turtlebot3_gazebo//models/turtlebot3_autorace_2020/traffic_construction/model.config
[2.418s] -- Up-to-date symlink: /workspace/ros2_ws/install/turtlebot3_gazebo/share/turtlebot3_gazebo//models/turtlebot3_autorace_2020/traffic_construction/model.sdf
[2.419s] -- Up-to-date symlink: /workspace/ros2_ws/install/turtlebot3_gazebo/share/turtlebot3_gazebo//models/turtlebot3_autorace_2020/traffic_intersection/materials/scripts/traffic_intersection.material
[2.419s] -- Up-to-date symlink: /workspace/ros2_ws/install/turtlebot3_gazebo/share/turtlebot3_gazebo//models/turtlebot3_autorace_2020/traffic_intersection/materials/textures/traffic_intersection.png
[2.419s] -- Up-to-date symlink: /workspace/ros2_ws/install/turtlebot3_gazebo/share/turtlebot3_gazebo//models/turtlebot3_autorace_2020/traffic_intersection/model.config
[2.419s] -- Up-to-date symlink: /workspace/ros2_ws/install/turtlebot3_gazebo/share/turtlebot3_gazebo//models/turtlebot3_autorace_2020/traffic_intersection/model.sdf
[2.419s] -- Up-to-date symlink: /workspace/ros2_ws/install/turtlebot3_gazebo/share/turtlebot3_gazebo//models/turtlebot3_autorace_2020/traffic_left/materials/scripts/traffic_is_left.material
[2.420s] -- Up-to-date symlink: /workspace/ros2_ws/install/turtlebot3_gazebo/share/turtlebot3_gazebo//models/turtlebot3_autorace_2020/traffic_left/materials/textures/traffic_left.png
[2.420s] -- Up-to-date symlink: /workspace/ros2_ws/install/turtlebot3_gazebo/share/turtlebot3_gazebo//models/turtlebot3_autorace_2020/traffic_left/model.config
[2.420s] -- Up-to-date symlink: /workspace/ros2_ws/install/turtlebot3_gazebo/share/turtlebot3_gazebo//models/turtlebot3_autorace_2020/traffic_left/model.sdf
[2.420s] -- Up-to-date symlink: /workspace/ros2_ws/install/turtlebot3_gazebo/share/turtlebot3_gazebo//models/turtlebot3_autorace_2020/traffic_light/materials/scripts/traffic_light.material
[2.420s] -- Up-to-date symlink: /workspace/ros2_ws/install/turtlebot3_gazebo/share/turtlebot3_gazebo//models/turtlebot3_autorace_2020/traffic_light/materials/textures/traffic_light.png
[2.420s] -- Up-to-date symlink: /workspace/ros2_ws/install/turtlebot3_gazebo/share/turtlebot3_gazebo//models/turtlebot3_autorace_2020/traffic_light/materials/textures/traffic_light_green.png
[2.421s] -- Up-to-date symlink: /workspace/ros2_ws/install/turtlebot3_gazebo/share/turtlebot3_gazebo//models/turtlebot3_autorace_2020/traffic_light/materials/textures/traffic_light_red.png
[2.421s] -- Up-to-date symlink: /workspace/ros2_ws/install/turtlebot3_gazebo/share/turtlebot3_gazebo//models/turtlebot3_autorace_2020/traffic_light/materials/textures/traffic_light_yellow.png
[2.421s] -- Up-to-date symlink: /workspace/ros2_ws/install/turtlebot3_gazebo/share/turtlebot3_gazebo//models/turtlebot3_autorace_2020/traffic_light/model.config
[2.421s] -- Up-to-date symlink: /workspace/ros2_ws/install/turtlebot3_gazebo/share/turtlebot3_gazebo//models/turtlebot3_autorace_2020/traffic_light/model.sdf
[2.421s] -- Up-to-date symlink: /workspace/ros2_ws/install/turtlebot3_gazebo/share/turtlebot3_gazebo//models/turtlebot3_autorace_2020/traffic_noentry/materials/scripts/traffic_noentry.material
[2.421s] -- Up-to-date symlink: /workspace/ros2_ws/install/turtlebot3_gazebo/share/turtlebot3_gazebo//models/turtlebot3_autorace_2020/traffic_noentry/materials/textures/traffic_noentry.png
[2.421s] -- Up-to-date symlink: /workspace/ros2_ws/install/turtlebot3_gazebo/share/turtlebot3_gazebo//models/turtlebot3_autorace_2020/traffic_noentry/model.config
[2.422s] -- Up-to-date symlink: /workspace/ros2_ws/install/turtlebot3_gazebo/share/turtlebot3_gazebo//models/turtlebot3_autorace_2020/traffic_noentry/model.sdf
[2.422s] -- Up-to-date symlink: /workspace/ros2_ws/install/turtlebot3_gazebo/share/turtlebot3_gazebo//models/turtlebot3_autorace_2020/traffic_parking/materials/scripts/traffic_parking.material
[2.424s] -- Up-to-date symlink: /workspace/ros2_ws/install/turtlebot3_gazebo/share/turtlebot3_gazebo//models/turtlebot3_autorace_2020/traffic_parking/materials/textures/traffic_parking.png
[2.425s] -- Up-to-date symlink: /workspace/ros2_ws/install/turtlebot3_gazebo/share/turtlebot3_gazebo//models/turtlebot3_autorace_2020/traffic_parking/model.config
[2.425s] -- Up-to-date symlink: /workspace/ros2_ws/install/turtlebot3_gazebo/share/turtlebot3_gazebo//models/turtlebot3_autorace_2020/traffic_parking/model.sdf
[2.425s] -- Up-to-date symlink: /workspace/ros2_ws/install/turtlebot3_gazebo/share/turtlebot3_gazebo//models/turtlebot3_autorace_2020/traffic_pl_left/materials/scripts/traffic_pl_left.material
[2.425s] -- Up-to-date symlink: /workspace/ros2_ws/install/turtlebot3_gazebo/share/turtlebot3_gazebo//models/turtlebot3_autorace_2020/traffic_pl_left/materials/textures/traffic_pl_left.png
[2.430s] -- Up-to-date symlink: /workspace/ros2_ws/install/turtlebot3_gazebo/share/turtlebot3_gazebo//models/turtlebot3_autorace_2020/traffic_pl_left/model.config
[2.430s] -- Up-to-date symlink: /workspace/ros2_ws/install/turtlebot3_gazebo/share/turtlebot3_gazebo//models/turtlebot3_autorace_2020/traffic_pl_left/model.sdf
[2.430s] -- Up-to-date symlink: /workspace/ros2_ws/install/turtlebot3_gazebo/share/turtlebot3_gazebo//models/turtlebot3_autorace_2020/traffic_right/materials/scripts/traffic_right.material
[2.430s] -- Up-to-date symlink: /workspace/ros2_ws/install/turtlebot3_gazebo/share/turtlebot3_gazebo//models/turtlebot3_autorace_2020/traffic_right/materials/textures/traffic_right.png
[2.430s] -- Up-to-date symlink: /workspace/ros2_ws/install/turtlebot3_gazebo/share/turtlebot3_gazebo//models/turtlebot3_autorace_2020/traffic_right/model.config
[2.430s] -- Up-to-date symlink: /workspace/ros2_ws/install/turtlebot3_gazebo/share/turtlebot3_gazebo//models/turtlebot3_autorace_2020/traffic_right/model.sdf
[2.436s] -- Up-to-date symlink: /workspace/ros2_ws/install/turtlebot3_gazebo/share/turtlebot3_gazebo//models/turtlebot3_autorace_2020/traffic_stop/materials/scripts/traffic_stop.material
[2.436s] -- Up-to-date symlink: /workspace/ros2_ws/install/turtlebot3_gazebo/share/turtlebot3_gazebo//models/turtlebot3_autorace_2020/traffic_stop/materials/textures/traffic_stop.png
[2.436s] -- Up-to-date symlink: /workspace/ros2_ws/install/turtlebot3_gazebo/share/turtlebot3_gazebo//models/turtlebot3_autorace_2020/traffic_stop/model.config
[2.436s] -- Up-to-date symlink: /workspace/ros2_ws/install/turtlebot3_gazebo/share/turtlebot3_gazebo//models/turtlebot3_autorace_2020/traffic_stop/model.sdf
[2.436s] -- Up-to-date symlink: /workspace/ros2_ws/install/turtlebot3_gazebo/share/turtlebot3_gazebo//models/turtlebot3_autorace_2020/traffic_tunnel/materials/scripts/tunnel.material
[2.436s] -- Up-to-date symlink: /workspace/ros2_ws/install/turtlebot3_gazebo/share/turtlebot3_gazebo//models/turtlebot3_autorace_2020/traffic_tunnel/materials/textures/tunnel.png
[2.436s] -- Up-to-date symlink: /workspace/ros2_ws/install/turtlebot3_gazebo/share/turtlebot3_gazebo//models/turtlebot3_autorace_2020/traffic_tunnel/model.config
[2.440s] -- Up-to-date symlink: /workspace/ros2_ws/install/turtlebot3_gazebo/share/turtlebot3_gazebo//models/turtlebot3_autorace_2020/traffic_tunnel/model.sdf
[2.440s] -- Up-to-date symlink: /workspace/ros2_ws/install/turtlebot3_gazebo/share/turtlebot3_gazebo//models/turtlebot3_burger/model-1_4.sdf
[2.441s] -- Up-to-date symlink: /workspace/ros2_ws/install/turtlebot3_gazebo/share/turtlebot3_gazebo//models/turtlebot3_burger/model.config
[2.442s] -- Up-to-date symlink: /workspace/ros2_ws/install/turtlebot3_gazebo/share/turtlebot3_gazebo//models/turtlebot3_burger/model.sdf
[2.442s] -- Up-to-date symlink: /workspace/ros2_ws/install/turtlebot3_gazebo/share/turtlebot3_gazebo//models/turtlebot3_burger_cam/model-1_4.sdf
[2.443s] -- Up-to-date symlink: /workspace/ros2_ws/install/turtlebot3_gazebo/share/turtlebot3_gazebo//models/turtlebot3_burger_cam/model.config
[2.448s] -- Up-to-date symlink: /workspace/ros2_ws/install/turtlebot3_gazebo/share/turtlebot3_gazebo//models/turtlebot3_burger_cam/model.sdf
[2.453s] -- Up-to-date symlink: /workspace/ros2_ws/install/turtlebot3_gazebo/share/turtlebot3_gazebo//models/turtlebot3_common/meshes/bases/burger_base.stl
[2.453s] -- Up-to-date symlink: /workspace/ros2_ws/install/turtlebot3_gazebo/share/turtlebot3_gazebo//models/turtlebot3_common/meshes/bases/waffle_base.stl
[2.453s] -- Up-to-date symlink: /workspace/ros2_ws/install/turtlebot3_gazebo/share/turtlebot3_gazebo//models/turtlebot3_common/meshes/bases/waffle_pi_base.stl
[2.459s] -- Up-to-date symlink: /workspace/ros2_ws/install/turtlebot3_gazebo/share/turtlebot3_gazebo//models/turtlebot3_common/meshes/burger_base.dae
[2.478s] -- Up-to-date symlink: /workspace/ros2_ws/install/turtlebot3_gazebo/share/turtlebot3_gazebo//models/turtlebot3_common/meshes/lds.dae
[2.478s] -- Up-to-date symlink: /workspace/ros2_ws/install/turtlebot3_gazebo/share/turtlebot3_gazebo//models/turtlebot3_common/meshes/r200.dae
[2.496s] -- Up-to-date symlink: /workspace/ros2_ws/install/turtlebot3_gazebo/share/turtlebot3_gazebo//models/turtlebot3_common/meshes/sensors/astra.dae
[2.496s] -- Up-to-date symlink: /workspace/ros2_ws/install/turtlebot3_gazebo/share/turtlebot3_gazebo//models/turtlebot3_common/meshes/sensors/astra.jpg
[2.496s] -- Up-to-date symlink: /workspace/ros2_ws/install/turtlebot3_gazebo/share/turtlebot3_gazebo//models/turtlebot3_common/meshes/sensors/lds.stl
[2.497s] -- Up-to-date symlink: /workspace/ros2_ws/install/turtlebot3_gazebo/share/turtlebot3_gazebo//models/turtlebot3_common/meshes/sensors/r200.dae
[2.497s] -- Up-to-date symlink: /workspace/ros2_ws/install/turtlebot3_gazebo/share/turtlebot3_gazebo//models/turtlebot3_common/meshes/sensors/r200.jpg
[2.497s] -- Up-to-date symlink: /workspace/ros2_ws/install/turtlebot3_gazebo/share/turtlebot3_gazebo//models/turtlebot3_common/meshes/tire.dae
[2.497s] -- Up-to-date symlink: /workspace/ros2_ws/install/turtlebot3_gazebo/share/turtlebot3_gazebo//models/turtlebot3_common/meshes/waffle_base.dae
[2.497s] -- Up-to-date symlink: /workspace/ros2_ws/install/turtlebot3_gazebo/share/turtlebot3_gazebo//models/turtlebot3_common/meshes/waffle_pi_base.dae
[2.497s] -- Up-to-date symlink: /workspace/ros2_ws/install/turtlebot3_gazebo/share/turtlebot3_gazebo//models/turtlebot3_common/meshes/wheels/left_tire.stl
[2.497s] -- Up-to-date symlink: /workspace/ros2_ws/install/turtlebot3_gazebo/share/turtlebot3_gazebo//models/turtlebot3_common/meshes/wheels/right_tire.stl
[2.497s] -- Up-to-date symlink: /workspace/ros2_ws/install/turtlebot3_gazebo/share/turtlebot3_gazebo//models/turtlebot3_common/model.config
[2.497s] -- Up-to-date symlink: /workspace/ros2_ws/install/turtlebot3_gazebo/share/turtlebot3_gazebo//models/turtlebot3_dqn_world/goal_box/model.config
[2.498s] -- Up-to-date symlink: /workspace/ros2_ws/install/turtlebot3_gazebo/share/turtlebot3_gazebo//models/turtlebot3_dqn_world/goal_box/model.sdf
[2.498s] -- Up-to-date symlink: /workspace/ros2_ws/install/turtlebot3_gazebo/share/turtlebot3_gazebo//models/turtlebot3_dqn_world/inner_walls/model.config
[2.498s] -- Up-to-date symlink: /workspace/ros2_ws/install/turtlebot3_gazebo/share/turtlebot3_gazebo//models/turtlebot3_dqn_world/inner_walls/model.sdf
[2.498s] -- Up-to-date symlink: /workspace/ros2_ws/install/turtlebot3_gazebo/share/turtlebot3_gazebo//models/turtlebot3_dqn_world/model.config
[2.499s] -- Up-to-date symlink: /workspace/ros2_ws/install/turtlebot3_gazebo/share/turtlebot3_gazebo//models/turtlebot3_dqn_world/model.sdf
[2.499s] -- Up-to-date symlink: /workspace/ros2_ws/install/turtlebot3_gazebo/share/turtlebot3_gazebo//models/turtlebot3_dqn_world/obstacle1/model.config
[2.500s] -- Up-to-date symlink: /workspace/ros2_ws/install/turtlebot3_gazebo/share/turtlebot3_gazebo//models/turtlebot3_dqn_world/obstacle1/model.sdf
[2.500s] -- Up-to-date symlink: /workspace/ros2_ws/install/turtlebot3_gazebo/share/turtlebot3_gazebo//models/turtlebot3_dqn_world/obstacle2/model.config
[2.500s] -- Up-to-date symlink: /workspace/ros2_ws/install/turtlebot3_gazebo/share/turtlebot3_gazebo//models/turtlebot3_dqn_world/obstacle2/model.sdf
[2.501s] -- Up-to-date symlink: /workspace/ros2_ws/install/turtlebot3_gazebo/share/turtlebot3_gazebo//models/turtlebot3_dqn_world/obstacles/model.config
[2.501s] -- Up-to-date symlink: /workspace/ros2_ws/install/turtlebot3_gazebo/share/turtlebot3_gazebo//models/turtlebot3_dqn_world/obstacles/model.sdf
[2.502s] -- Up-to-date symlink: /workspace/ros2_ws/install/turtlebot3_gazebo/share/turtlebot3_gazebo//models/turtlebot3_house/model.config
[2.502s] -- Up-to-date symlink: /workspace/ros2_ws/install/turtlebot3_gazebo/share/turtlebot3_gazebo//models/turtlebot3_house/model.sdf
[2.503s] -- Up-to-date symlink: /workspace/ros2_ws/install/turtlebot3_gazebo/share/turtlebot3_gazebo//models/turtlebot3_waffle/model-1_4.sdf
[2.503s] -- Up-to-date symlink: /workspace/ros2_ws/install/turtlebot3_gazebo/share/turtlebot3_gazebo//models/turtlebot3_waffle/model.config
[2.503s] -- Up-to-date symlink: /workspace/ros2_ws/install/turtlebot3_gazebo/share/turtlebot3_gazebo//models/turtlebot3_waffle/model.sdf
[2.503s] -- Up-to-date symlink: /workspace/ros2_ws/install/turtlebot3_gazebo/share/turtlebot3_gazebo//models/turtlebot3_waffle_pi/model-1_4_.sdf
[2.503s] -- Up-to-date symlink: /workspace/ros2_ws/install/turtlebot3_gazebo/share/turtlebot3_gazebo//models/turtlebot3_waffle_pi/model.config
[2.503s] -- Up-to-date symlink: /workspace/ros2_ws/install/turtlebot3_gazebo/share/turtlebot3_gazebo//models/turtlebot3_waffle_pi/model.sdf
[2.503s] -- Up-to-date symlink: /workspace/ros2_ws/install/turtlebot3_gazebo/share/turtlebot3_gazebo//models/turtlebot3_world/meshes/hexagon.dae
[2.504s] -- Up-to-date symlink: /workspace/ros2_ws/install/turtlebot3_gazebo/share/turtlebot3_gazebo//models/turtlebot3_world/meshes/wall.dae
[2.504s] -- Up-to-date symlink: /workspace/ros2_ws/install/turtlebot3_gazebo/share/turtlebot3_gazebo//models/turtlebot3_world/model-1_4.sdf
[2.504s] -- Up-to-date symlink: /workspace/ros2_ws/install/turtlebot3_gazebo/share/turtlebot3_gazebo//models/turtlebot3_world/model.config
[2.505s] -- Up-to-date symlink: /workspace/ros2_ws/install/turtlebot3_gazebo/share/turtlebot3_gazebo//models/turtlebot3_world/model.sdf
[2.505s] -- Up-to-date symlink: /workspace/ros2_ws/install/turtlebot3_gazebo/share/turtlebot3_gazebo//rviz/tb3_gazebo.rviz
[2.507s] -- Up-to-date symlink: /workspace/ros2_ws/install/turtlebot3_gazebo/share/turtlebot3_gazebo//urdf/common_properties.urdf
[2.510s] -- Up-to-date symlink: /workspace/ros2_ws/install/turtlebot3_gazebo/share/turtlebot3_gazebo//urdf/turtlebot3_burger.urdf
[2.510s] -- Up-to-date symlink: /workspace/ros2_ws/install/turtlebot3_gazebo/share/turtlebot3_gazebo//urdf/turtlebot3_burger_cam.urdf
[2.510s] -- Up-to-date symlink: /workspace/ros2_ws/install/turtlebot3_gazebo/share/turtlebot3_gazebo//urdf/turtlebot3_waffle.urdf
[2.510s] -- Up-to-date symlink: /workspace/ros2_ws/install/turtlebot3_gazebo/share/turtlebot3_gazebo//urdf/turtlebot3_waffle_pi.urdf
[2.510s] -- Up-to-date symlink: /workspace/ros2_ws/install/turtlebot3_gazebo/share/turtlebot3_gazebo//worlds/empty_world.world
[2.510s] -- Up-to-date symlink: /workspace/ros2_ws/install/turtlebot3_gazebo/share/turtlebot3_gazebo//worlds/turtlebot3_autorace_2020.world
[2.510s] -- Up-to-date symlink: /workspace/ros2_ws/install/turtlebot3_gazebo/share/turtlebot3_gazebo//worlds/turtlebot3_dqn_stage1.world
[2.510s] -- Up-to-date symlink: /workspace/ros2_ws/install/turtlebot3_gazebo/share/turtlebot3_gazebo//worlds/turtlebot3_dqn_stage2.world
[2.510s] -- Up-to-date symlink: /workspace/ros2_ws/install/turtlebot3_gazebo/share/turtlebot3_gazebo//worlds/turtlebot3_dqn_stage3.world
[2.511s] -- Up-to-date symlink: /workspace/ros2_ws/install/turtlebot3_gazebo/share/turtlebot3_gazebo//worlds/turtlebot3_dqn_stage4.world
[2.511s] -- Up-to-date symlink: /workspace/ros2_ws/install/turtlebot3_gazebo/share/turtlebot3_gazebo//worlds/turtlebot3_house.world
[2.511s] -- Up-to-date symlink: /workspace/ros2_ws/install/turtlebot3_gazebo/share/turtlebot3_gazebo//worlds/turtlebot3_world.world
[2.511s] -- Up-to-date symlink: /workspace/ros2_ws/install/turtlebot3_gazebo/include//turtlebot3_gazebo/obstacle1.hpp
[2.511s] -- Up-to-date symlink: /workspace/ros2_ws/install/turtlebot3_gazebo/include//turtlebot3_gazebo/obstacle2.hpp
[2.511s] -- Up-to-date symlink: /workspace/ros2_ws/install/turtlebot3_gazebo/include//turtlebot3_gazebo/obstacles.hpp
[2.511s] -- Up-to-date symlink: /workspace/ros2_ws/install/turtlebot3_gazebo/include//turtlebot3_gazebo/traffic_bar_plugin.hpp
[2.511s] -- Up-to-date symlink: /workspace/ros2_ws/install/turtlebot3_gazebo/include//turtlebot3_gazebo/traffic_light_plugin.hpp
[2.511s] -- Up-to-date symlink: /workspace/ros2_ws/install/turtlebot3_gazebo/include//turtlebot3_gazebo/turtlebot3_drive.hpp
[2.511s] -- Up-to-date symlink: /workspace/ros2_ws/install/turtlebot3_gazebo/share/ament_index/resource_index/package_run_dependencies/turtlebot3_gazebo
[2.511s] -- Up-to-date symlink: /workspace/ros2_ws/install/turtlebot3_gazebo/share/ament_index/resource_index/parent_prefix_path/turtlebot3_gazebo
[2.511s] -- Up-to-date symlink: /workspace/ros2_ws/install/turtlebot3_gazebo/share/turtlebot3_gazebo/environment/ament_prefix_path.sh
[2.512s] -- Up-to-date symlink: /workspace/ros2_ws/install/turtlebot3_gazebo/share/turtlebot3_gazebo/environment/ament_prefix_path.dsv
[2.512s] -- Up-to-date symlink: /workspace/ros2_ws/install/turtlebot3_gazebo/share/turtlebot3_gazebo/environment/path.sh
[2.512s] -- Up-to-date symlink: /workspace/ros2_ws/install/turtlebot3_gazebo/share/turtlebot3_gazebo/environment/path.dsv
[2.512s] -- Up-to-date symlink: /workspace/ros2_ws/install/turtlebot3_gazebo/share/turtlebot3_gazebo/local_setup.bash
[2.512s] -- Up-to-date symlink: /workspace/ros2_ws/install/turtlebot3_gazebo/share/turtlebot3_gazebo/local_setup.sh
[2.512s] -- Up-to-date symlink: /workspace/ros2_ws/install/turtlebot3_gazebo/share/turtlebot3_gazebo/local_setup.zsh
[2.512s] -- Up-to-date symlink: /workspace/ros2_ws/install/turtlebot3_gazebo/share/turtlebot3_gazebo/local_setup.dsv
[2.512s] -- Symlinking: /workspace/ros2_ws/install/turtlebot3_gazebo/share/turtlebot3_gazebo/package.dsv
[2.521s] -- Up-to-date symlink: /workspace/ros2_ws/install/turtlebot3_gazebo/share/ament_index/resource_index/packages/turtlebot3_gazebo
[2.521s] -- Up-to-date symlink: /workspace/ros2_ws/install/turtlebot3_gazebo/share/turtlebot3_gazebo/cmake/ament_cmake_export_include_directories-extras.cmake
[2.521s] -- Up-to-date symlink: /workspace/ros2_ws/install/turtlebot3_gazebo/share/turtlebot3_gazebo/cmake/ament_cmake_export_dependencies-extras.cmake
[2.521s] -- Up-to-date symlink: /workspace/ros2_ws/install/turtlebot3_gazebo/share/turtlebot3_gazebo/cmake/turtlebot3_gazeboConfig.cmake
[2.522s] -- Up-to-date symlink: /workspace/ros2_ws/install/turtlebot3_gazebo/share/turtlebot3_gazebo/cmake/turtlebot3_gazeboConfig-version.cmake
[2.522s] -- Up-to-date symlink: /workspace/ros2_ws/install/turtlebot3_gazebo/share/turtlebot3_gazebo/package.xml
[2.655s] Invoked command in '/workspace/ros2_ws/build/turtlebot3_gazebo' returned '0': CMAKE_PREFIX_PATH=${CMAKE_PREFIX_PATH}:/workspace/ros2_ws/install/turtlebot3_teleop:/workspace/ros2_ws/install/turtlebot3_example:/workspace/ros2_ws/install/servicio_suma:/workspace/ros2_ws/install/service_temp:/workspace/ros2_ws/install/primer_paquete:/workspace/ros2_ws/install/paquete1:/workspace/ros2_ws/install/p3_pkg:/workspace/ros2_ws/install/p2pkg:/workspace/ros2_ws/install/mi_accion:/workspace/ros2_ws/install/battery_act:/workspace/install/servicio_suma:/opt/ros/humble /usr/bin/cmake --install /workspace/ros2_ws/build/turtlebot3_gazebo
