[2.623s] Invoking command in '/workspace/ros2_ws/src/primer_paquete': CMAKE_PREFIX_PATH=/workspace/ros2_ws/src/install/interfaz:/workspace/ros2_ws/src/install/vicpaq:/workspace/ros2_ws/src/install/p2pkg:/workspace/ros2_ws/src/install/interfaz_servicio_suma:/workspace/ros2_ws/src/install/interfaz-p2:/workspace/ros2_ws/install/vicpaq:/workspace/ros2_ws/install/turtlebot3:/workspace/ros2_ws/install/turtlebot3_simulations:/workspace/ros2_ws/install/turtlebot3_bringup:/workspace/ros2_ws/install/turtlebot3_node:/workspace/ros2_ws/install/turtlebot3_navigation2:/workspace/ros2_ws/install/turtlebot3_fake_node:/workspace/ros2_ws/install/turtlebot3_msgs:/workspace/ros2_ws/install/turtlebot3_manipulation_gazebo:/workspace/ros2_ws/install/turtlebot3_gazebo:/workspace/ros2_ws/install/turtlebot3_description:/workspace/ros2_ws/install/turtlebot3_cartographer:/workspace/ros2_ws/install/interfaz_servicio_suma:/workspace/ros2_ws/install/interfaz:/workspace/install/interfaz_servicio_suma LD_LIBRARY_PATH=/workspace/ros2_ws/src/install/interfaz/lib:/workspace/ros2_ws/src/install/interfaz_servicio_suma/lib:/workspace/ros2_ws/install/turtlebot3_msgs/lib:/workspace/ros2_ws/install/interfaz_servicio_suma/lib:/workspace/ros2_ws/install/interfaz/lib:/workspace/install/interfaz_servicio_suma/lib:/usr/lib/x86_64-linux-gnu/gazebo-11/plugins:/opt/ros/humble/opt/rviz_ogre_vendor/lib:/opt/ros/humble/lib/x86_64-linux-gnu:/opt/ros/humble/lib PYTHONPATH=/workspace/ros2_ws/src/build/primer_paquete/prefix_override:/usr/lib/python3/dist-packages/colcon_core/task/python/colcon_distutils_commands:/workspace/ros2_ws/src/install/primer_paquete/lib/python3.10/site-packages:${PYTHONPATH} /usr/bin/python3 -W ignore:setup.py install is deprecated -W ignore:easy_install command is deprecated setup.py egg_info --egg-base ../build/primer_paquete build --build-base /workspace/ros2_ws/src/build/primer_paquete/build install --record /workspace/ros2_ws/src/build/primer_paquete/install.log --single-version-externally-managed install_data
[3.380s] running egg_info
[3.382s] writing ../build/primer_paquete/primer_paquete.egg-info/PKG-INFO
[3.382s] writing dependency_links to ../build/primer_paquete/primer_paquete.egg-info/dependency_links.txt
[3.387s] writing entry points to ../build/primer_paquete/primer_paquete.egg-info/entry_points.txt
[3.387s] writing requirements to ../build/primer_paquete/primer_paquete.egg-info/requires.txt
[3.387s] writing top-level names to ../build/primer_paquete/primer_paquete.egg-info/top_level.txt
[3.388s] reading manifest file '../build/primer_paquete/primer_paquete.egg-info/SOURCES.txt'
[3.390s] adding license file 'LICENSE'
[3.403s] writing manifest file '../build/primer_paquete/primer_paquete.egg-info/SOURCES.txt'
[3.404s] running build
[3.405s] running build_py
[3.405s] running install
[3.406s] running install_lib
[3.406s] running install_data
[3.406s] running install_egg_info
[3.429s] removing '/workspace/ros2_ws/src/install/primer_paquete/lib/python3.10/site-packages/primer_paquete-0.0.0-py3.10.egg-info' (and everything under it)
[3.436s] Copying ../build/primer_paquete/primer_paquete.egg-info to /workspace/ros2_ws/src/install/primer_paquete/lib/python3.10/site-packages/primer_paquete-0.0.0-py3.10.egg-info
[3.438s] running install_scripts
[3.482s] Installing client script to /workspace/ros2_ws/src/install/primer_paquete/lib/primer_paquete
[3.482s] Installing server script to /workspace/ros2_ws/src/install/primer_paquete/lib/primer_paquete
[3.483s] writing list of installed files to '/workspace/ros2_ws/src/build/primer_paquete/install.log'
[3.526s] Invoked command in '/workspace/ros2_ws/src/primer_paquete' returned '0': CMAKE_PREFIX_PATH=/workspace/ros2_ws/src/install/interfaz:/workspace/ros2_ws/src/install/vicpaq:/workspace/ros2_ws/src/install/p2pkg:/workspace/ros2_ws/src/install/interfaz_servicio_suma:/workspace/ros2_ws/src/install/interfaz-p2:/workspace/ros2_ws/install/vicpaq:/workspace/ros2_ws/install/turtlebot3:/workspace/ros2_ws/install/turtlebot3_simulations:/workspace/ros2_ws/install/turtlebot3_bringup:/workspace/ros2_ws/install/turtlebot3_node:/workspace/ros2_ws/install/turtlebot3_navigation2:/workspace/ros2_ws/install/turtlebot3_fake_node:/workspace/ros2_ws/install/turtlebot3_msgs:/workspace/ros2_ws/install/turtlebot3_manipulation_gazebo:/workspace/ros2_ws/install/turtlebot3_gazebo:/workspace/ros2_ws/install/turtlebot3_description:/workspace/ros2_ws/install/turtlebot3_cartographer:/workspace/ros2_ws/install/interfaz_servicio_suma:/workspace/ros2_ws/install/interfaz:/workspace/install/interfaz_servicio_suma LD_LIBRARY_PATH=/workspace/ros2_ws/src/install/interfaz/lib:/workspace/ros2_ws/src/install/interfaz_servicio_suma/lib:/workspace/ros2_ws/install/turtlebot3_msgs/lib:/workspace/ros2_ws/install/interfaz_servicio_suma/lib:/workspace/ros2_ws/install/interfaz/lib:/workspace/install/interfaz_servicio_suma/lib:/usr/lib/x86_64-linux-gnu/gazebo-11/plugins:/opt/ros/humble/opt/rviz_ogre_vendor/lib:/opt/ros/humble/lib/x86_64-linux-gnu:/opt/ros/humble/lib PYTHONPATH=/workspace/ros2_ws/src/build/primer_paquete/prefix_override:/usr/lib/python3/dist-packages/colcon_core/task/python/colcon_distutils_commands:/workspace/ros2_ws/src/install/primer_paquete/lib/python3.10/site-packages:${PYTHONPATH} /usr/bin/python3 -W ignore:setup.py install is deprecated -W ignore:easy_install command is deprecated setup.py egg_info --egg-base ../build/primer_paquete build --build-base /workspace/ros2_ws/src/build/primer_paquete/build install --record /workspace/ros2_ws/src/build/primer_paquete/install.log --single-version-externally-managed install_data
