[0.373s] Invoking command in '/workspace/ros2_ws/src/primer_paquete': PYTHONPATH=/workspace/ros2_ws/src/primer_paquete/build/primer_paquete/prefix_override:/usr/lib/python3/dist-packages/colcon_core/task/python/colcon_distutils_commands:/workspace/ros2_ws/src/primer_paquete/install/primer_paquete/lib/python3.10/site-packages:${PYTHONPATH} /usr/bin/python3 -W ignore:setup.py install is deprecated -W ignore:easy_install command is deprecated setup.py egg_info --egg-base build/primer_paquete build --build-base /workspace/ros2_ws/src/primer_paquete/build/primer_paquete/build install --record /workspace/ros2_ws/src/primer_paquete/build/primer_paquete/install.log --single-version-externally-managed install_data
[0.511s] running egg_info
[0.512s] writing build/primer_paquete/primer_paquete.egg-info/PKG-INFO
[0.512s] writing dependency_links to build/primer_paquete/primer_paquete.egg-info/dependency_links.txt
[0.512s] writing entry points to build/primer_paquete/primer_paquete.egg-info/entry_points.txt
[0.512s] writing requirements to build/primer_paquete/primer_paquete.egg-info/requires.txt
[0.512s] writing top-level names to build/primer_paquete/primer_paquete.egg-info/top_level.txt
[0.513s] reading manifest file 'build/primer_paquete/primer_paquete.egg-info/SOURCES.txt'
[0.515s] adding license file 'LICENSE'
[0.515s] writing manifest file 'build/primer_paquete/primer_paquete.egg-info/SOURCES.txt'
[0.515s] running build
[0.515s] running build_py
[0.515s] copying primer_paquete/nodo_recibe.py -> /workspace/ros2_ws/src/primer_paquete/build/primer_paquete/build/lib/primer_paquete
[0.516s] copying primer_paquete/nodo_envia.py -> /workspace/ros2_ws/src/primer_paquete/build/primer_paquete/build/lib/primer_paquete
[0.516s] running install
[0.516s] running install_lib
[0.517s] copying /workspace/ros2_ws/src/primer_paquete/build/primer_paquete/build/lib/primer_paquete/nodo_recibe.py -> /workspace/ros2_ws/src/primer_paquete/install/primer_paquete/lib/python3.10/site-packages/primer_paquete
[0.517s] copying /workspace/ros2_ws/src/primer_paquete/build/primer_paquete/build/lib/primer_paquete/nodo_envia.py -> /workspace/ros2_ws/src/primer_paquete/install/primer_paquete/lib/python3.10/site-packages/primer_paquete
[0.517s] byte-compiling /workspace/ros2_ws/src/primer_paquete/install/primer_paquete/lib/python3.10/site-packages/primer_paquete/nodo_recibe.py to nodo_recibe.cpython-310.pyc
[0.518s] byte-compiling /workspace/ros2_ws/src/primer_paquete/install/primer_paquete/lib/python3.10/site-packages/primer_paquete/nodo_envia.py to nodo_envia.cpython-310.pyc
[0.518s] running install_data
[0.518s] copying package.xml -> /workspace/ros2_ws/src/primer_paquete/install/primer_paquete/share/primer_paquete
[0.518s] creating /workspace/ros2_ws/src/primer_paquete/install/primer_paquete/share/primer_paquete/launch
[0.518s] copying launch/mi_launch.py -> /workspace/ros2_ws/src/primer_paquete/install/primer_paquete/share/primer_paquete/launch
[0.518s] running install_egg_info
[0.520s] removing '/workspace/ros2_ws/src/primer_paquete/install/primer_paquete/lib/python3.10/site-packages/primer_paquete-0.0.0-py3.10.egg-info' (and everything under it)
[0.520s] Copying build/primer_paquete/primer_paquete.egg-info to /workspace/ros2_ws/src/primer_paquete/install/primer_paquete/lib/python3.10/site-packages/primer_paquete-0.0.0-py3.10.egg-info
[0.521s] running install_scripts
[0.534s] Installing client script to /workspace/ros2_ws/src/primer_paquete/install/primer_paquete/lib/primer_paquete
[0.534s] Installing server script to /workspace/ros2_ws/src/primer_paquete/install/primer_paquete/lib/primer_paquete
[0.534s] writing list of installed files to '/workspace/ros2_ws/src/primer_paquete/build/primer_paquete/install.log'
[0.549s] Invoked command in '/workspace/ros2_ws/src/primer_paquete' returned '0': PYTHONPATH=/workspace/ros2_ws/src/primer_paquete/build/primer_paquete/prefix_override:/usr/lib/python3/dist-packages/colcon_core/task/python/colcon_distutils_commands:/workspace/ros2_ws/src/primer_paquete/install/primer_paquete/lib/python3.10/site-packages:${PYTHONPATH} /usr/bin/python3 -W ignore:setup.py install is deprecated -W ignore:easy_install command is deprecated setup.py egg_info --egg-base build/primer_paquete build --build-base /workspace/ros2_ws/src/primer_paquete/build/primer_paquete/build install --record /workspace/ros2_ws/src/primer_paquete/build/primer_paquete/install.log --single-version-externally-managed install_data
