[1.544s] Invoking command in '/workspace/ros2_ws/src/maze_pkg': PYTHONPATH=/workspace/ros2_ws/build/maze_pkg/prefix_override:/usr/lib/python3/dist-packages/colcon_core/task/python/colcon_distutils_commands:/workspace/ros2_ws/install/maze_pkg/lib/python3.10/site-packages:${PYTHONPATH} /usr/bin/python3 -W ignore:setup.py install is deprecated -W ignore:easy_install command is deprecated setup.py egg_info --egg-base ../../build/maze_pkg build --build-base /workspace/ros2_ws/build/maze_pkg/build install --record /workspace/ros2_ws/build/maze_pkg/install.log --single-version-externally-managed install_data
[2.159s] running egg_info
[2.165s] writing ../../build/maze_pkg/maze_pkg.egg-info/PKG-INFO
[2.165s] writing dependency_links to ../../build/maze_pkg/maze_pkg.egg-info/dependency_links.txt
[2.166s] writing entry points to ../../build/maze_pkg/maze_pkg.egg-info/entry_points.txt
[2.166s] writing requirements to ../../build/maze_pkg/maze_pkg.egg-info/requires.txt
[2.166s] writing top-level names to ../../build/maze_pkg/maze_pkg.egg-info/top_level.txt
[2.168s] reading manifest file '../../build/maze_pkg/maze_pkg.egg-info/SOURCES.txt'
[2.170s] writing manifest file '../../build/maze_pkg/maze_pkg.egg-info/SOURCES.txt'
[2.171s] running build
[2.171s] running build_py
[2.172s] copying maze_pkg/res_maze.py -> /workspace/ros2_ws/build/maze_pkg/build/lib/maze_pkg
[2.172s] running install
[2.173s] running install_lib
[2.175s] copying /workspace/ros2_ws/build/maze_pkg/build/lib/maze_pkg/res_maze.py -> /workspace/ros2_ws/install/maze_pkg/lib/python3.10/site-packages/maze_pkg
[2.177s] byte-compiling /workspace/ros2_ws/install/maze_pkg/lib/python3.10/site-packages/maze_pkg/res_maze.py to res_maze.cpython-310.pyc
[2.181s] running install_data
[2.188s] running install_egg_info
[2.201s] removing '/workspace/ros2_ws/install/maze_pkg/lib/python3.10/site-packages/maze_pkg-0.0.0-py3.10.egg-info' (and everything under it)
[2.201s] Copying ../../build/maze_pkg/maze_pkg.egg-info to /workspace/ros2_ws/install/maze_pkg/lib/python3.10/site-packages/maze_pkg-0.0.0-py3.10.egg-info
[2.202s] running install_scripts
[2.269s] Installing res_maze script to /workspace/ros2_ws/install/maze_pkg/lib/maze_pkg
[2.270s] writing list of installed files to '/workspace/ros2_ws/build/maze_pkg/install.log'
[2.306s] Invoked command in '/workspace/ros2_ws/src/maze_pkg' returned '0': PYTHONPATH=/workspace/ros2_ws/build/maze_pkg/prefix_override:/usr/lib/python3/dist-packages/colcon_core/task/python/colcon_distutils_commands:/workspace/ros2_ws/install/maze_pkg/lib/python3.10/site-packages:${PYTHONPATH} /usr/bin/python3 -W ignore:setup.py install is deprecated -W ignore:easy_install command is deprecated setup.py egg_info --egg-base ../../build/maze_pkg build --build-base /workspace/ros2_ws/build/maze_pkg/build install --record /workspace/ros2_ws/build/maze_pkg/install.log --single-version-externally-managed install_data
