[2.735s] Invoking command in '/workspace/ros2_ws/build/primer_paquete': CMAKE_PREFIX_PATH=/workspace/ros2_ws/install/interfaz:/workspace/ros2_ws/install/vicpaq:/workspace/ros2_ws/install/turtlebot3:/workspace/ros2_ws/install/turtlebot3_simulations:/workspace/ros2_ws/install/turtlebot3_bringup:/workspace/ros2_ws/install/turtlebot3_node:/workspace/ros2_ws/install/turtlebot3_navigation2:/workspace/ros2_ws/install/turtlebot3_fake_node:/workspace/ros2_ws/install/turtlebot3_msgs:/workspace/ros2_ws/install/turtlebot3_manipulation_gazebo:/workspace/ros2_ws/install/turtlebot3_gazebo:/workspace/ros2_ws/install/turtlebot3_description:/workspace/ros2_ws/install/turtlebot3_cartographer:/workspace/ros2_ws/install/interfaz_servicio_suma:/workspace/install/interfaz_servicio_suma LD_LIBRARY_PATH=/workspace/ros2_ws/install/interfaz/lib:/workspace/ros2_ws/install/turtlebot3_msgs/lib:/workspace/ros2_ws/install/interfaz_servicio_suma/lib:/workspace/install/interfaz_servicio_suma/lib:/usr/lib/x86_64-linux-gnu/gazebo-11/plugins:/opt/ros/humble/opt/rviz_ogre_vendor/lib:/opt/ros/humble/lib/x86_64-linux-gnu:/opt/ros/humble/lib PYTHONPATH=/workspace/ros2_ws/build/primer_paquete/prefix_override:/usr/lib/python3/dist-packages/colcon_core/task/python/colcon_distutils_commands:/workspace/ros2_ws/install/primer_paquete/lib/python3.10/site-packages:${PYTHONPATH} /usr/bin/python3 -W ignore:setup.py install is deprecated -W ignore:easy_install command is deprecated setup.py develop --uninstall --editable --build-directory /workspace/ros2_ws/build/primer_paquete/build
[3.345s] running develop
[3.719s] Removing /workspace/ros2_ws/install/primer_paquete/lib/python3.10/site-packages/primer-paquete.egg-link (link to .)
[3.770s] Invoked command in '/workspace/ros2_ws/build/primer_paquete' returned '0': CMAKE_PREFIX_PATH=/workspace/ros2_ws/install/interfaz:/workspace/ros2_ws/install/vicpaq:/workspace/ros2_ws/install/turtlebot3:/workspace/ros2_ws/install/turtlebot3_simulations:/workspace/ros2_ws/install/turtlebot3_bringup:/workspace/ros2_ws/install/turtlebot3_node:/workspace/ros2_ws/install/turtlebot3_navigation2:/workspace/ros2_ws/install/turtlebot3_fake_node:/workspace/ros2_ws/install/turtlebot3_msgs:/workspace/ros2_ws/install/turtlebot3_manipulation_gazebo:/workspace/ros2_ws/install/turtlebot3_gazebo:/workspace/ros2_ws/install/turtlebot3_description:/workspace/ros2_ws/install/turtlebot3_cartographer:/workspace/ros2_ws/install/interfaz_servicio_suma:/workspace/install/interfaz_servicio_suma LD_LIBRARY_PATH=/workspace/ros2_ws/install/interfaz/lib:/workspace/ros2_ws/install/turtlebot3_msgs/lib:/workspace/ros2_ws/install/interfaz_servicio_suma/lib:/workspace/install/interfaz_servicio_suma/lib:/usr/lib/x86_64-linux-gnu/gazebo-11/plugins:/opt/ros/humble/opt/rviz_ogre_vendor/lib:/opt/ros/humble/lib/x86_64-linux-gnu:/opt/ros/humble/lib PYTHONPATH=/workspace/ros2_ws/build/primer_paquete/prefix_override:/usr/lib/python3/dist-packages/colcon_core/task/python/colcon_distutils_commands:/workspace/ros2_ws/install/primer_paquete/lib/python3.10/site-packages:${PYTHONPATH} /usr/bin/python3 -W ignore:setup.py install is deprecated -W ignore:easy_install command is deprecated setup.py develop --uninstall --editable --build-directory /workspace/ros2_ws/build/primer_paquete/build
[3.773s] Invoking command in '/workspace/ros2_ws/src/primer_paquete': CMAKE_PREFIX_PATH=/workspace/ros2_ws/install/interfaz:/workspace/ros2_ws/install/vicpaq:/workspace/ros2_ws/install/turtlebot3:/workspace/ros2_ws/install/turtlebot3_simulations:/workspace/ros2_ws/install/turtlebot3_bringup:/workspace/ros2_ws/install/turtlebot3_node:/workspace/ros2_ws/install/turtlebot3_navigation2:/workspace/ros2_ws/install/turtlebot3_fake_node:/workspace/ros2_ws/install/turtlebot3_msgs:/workspace/ros2_ws/install/turtlebot3_manipulation_gazebo:/workspace/ros2_ws/install/turtlebot3_gazebo:/workspace/ros2_ws/install/turtlebot3_description:/workspace/ros2_ws/install/turtlebot3_cartographer:/workspace/ros2_ws/install/interfaz_servicio_suma:/workspace/install/interfaz_servicio_suma LD_LIBRARY_PATH=/workspace/ros2_ws/install/interfaz/lib:/workspace/ros2_ws/install/turtlebot3_msgs/lib:/workspace/ros2_ws/install/interfaz_servicio_suma/lib:/workspace/install/interfaz_servicio_suma/lib:/usr/lib/x86_64-linux-gnu/gazebo-11/plugins:/opt/ros/humble/opt/rviz_ogre_vendor/lib:/opt/ros/humble/lib/x86_64-linux-gnu:/opt/ros/humble/lib PYTHONPATH=/workspace/ros2_ws/build/primer_paquete/prefix_override:/usr/lib/python3/dist-packages/colcon_core/task/python/colcon_distutils_commands:/workspace/ros2_ws/install/primer_paquete/lib/python3.10/site-packages:${PYTHONPATH} /usr/bin/python3 -W ignore:setup.py install is deprecated -W ignore:easy_install command is deprecated setup.py egg_info --egg-base ../../build/primer_paquete build --build-base /workspace/ros2_ws/build/primer_paquete/build install --record /workspace/ros2_ws/build/primer_paquete/install.log --single-version-externally-managed install_data --force
[4.320s] running egg_info
[4.321s] writing ../../build/primer_paquete/primer_paquete.egg-info/PKG-INFO
[4.322s] writing dependency_links to ../../build/primer_paquete/primer_paquete.egg-info/dependency_links.txt
[4.322s] writing entry points to ../../build/primer_paquete/primer_paquete.egg-info/entry_points.txt
[4.322s] writing requirements to ../../build/primer_paquete/primer_paquete.egg-info/requires.txt
[4.322s] writing top-level names to ../../build/primer_paquete/primer_paquete.egg-info/top_level.txt
[4.325s] reading manifest file '../../build/primer_paquete/primer_paquete.egg-info/SOURCES.txt'
[4.326s] adding license file 'LICENSE'
[4.327s] writing manifest file '../../build/primer_paquete/primer_paquete.egg-info/SOURCES.txt'
[4.327s] running build
[4.328s] running build_py
[4.328s] creating /workspace/ros2_ws/build/primer_paquete/build
[4.328s] creating /workspace/ros2_ws/build/primer_paquete/build/lib
[4.328s] creating /workspace/ros2_ws/build/primer_paquete/build/lib/primer_paquete
[4.328s] copying primer_paquete/nodo_recibe.py -> /workspace/ros2_ws/build/primer_paquete/build/lib/primer_paquete
[4.329s] copying primer_paquete/__init__.py -> /workspace/ros2_ws/build/primer_paquete/build/lib/primer_paquete
[4.329s] copying primer_paquete/nodo_envia.py -> /workspace/ros2_ws/build/primer_paquete/build/lib/primer_paquete
[4.330s] running install
[4.330s] running install_lib
[4.332s] creating /workspace/ros2_ws/install/primer_paquete/lib/python3.10/site-packages/primer_paquete
[4.332s] copying /workspace/ros2_ws/build/primer_paquete/build/lib/primer_paquete/nodo_recibe.py -> /workspace/ros2_ws/install/primer_paquete/lib/python3.10/site-packages/primer_paquete
[4.332s] copying /workspace/ros2_ws/build/primer_paquete/build/lib/primer_paquete/__init__.py -> /workspace/ros2_ws/install/primer_paquete/lib/python3.10/site-packages/primer_paquete
[4.332s] copying /workspace/ros2_ws/build/primer_paquete/build/lib/primer_paquete/nodo_envia.py -> /workspace/ros2_ws/install/primer_paquete/lib/python3.10/site-packages/primer_paquete
[4.334s] byte-compiling /workspace/ros2_ws/install/primer_paquete/lib/python3.10/site-packages/primer_paquete/nodo_recibe.py to nodo_recibe.cpython-310.pyc
[4.335s] byte-compiling /workspace/ros2_ws/install/primer_paquete/lib/python3.10/site-packages/primer_paquete/__init__.py to __init__.cpython-310.pyc
[4.335s] byte-compiling /workspace/ros2_ws/install/primer_paquete/lib/python3.10/site-packages/primer_paquete/nodo_envia.py to nodo_envia.cpython-310.pyc
[4.335s] running install_data
[4.336s] copying resource/primer_paquete -> /workspace/ros2_ws/install/primer_paquete/share/ament_index/resource_index/packages
[4.336s] copying package.xml -> /workspace/ros2_ws/install/primer_paquete/share/primer_paquete
[4.336s] copying launch/mi_launch.py -> /workspace/ros2_ws/install/primer_paquete/share/primer_paquete/launch
[4.337s] running install_egg_info
[4.342s] Copying ../../build/primer_paquete/primer_paquete.egg-info to /workspace/ros2_ws/install/primer_paquete/lib/python3.10/site-packages/primer_paquete-0.0.0-py3.10.egg-info
[4.344s] running install_scripts
[4.382s] Installing client script to /workspace/ros2_ws/install/primer_paquete/lib/primer_paquete
[4.383s] Installing server script to /workspace/ros2_ws/install/primer_paquete/lib/primer_paquete
[4.383s] writing list of installed files to '/workspace/ros2_ws/build/primer_paquete/install.log'
[4.417s] Invoked command in '/workspace/ros2_ws/src/primer_paquete' returned '0': CMAKE_PREFIX_PATH=/workspace/ros2_ws/install/interfaz:/workspace/ros2_ws/install/vicpaq:/workspace/ros2_ws/install/turtlebot3:/workspace/ros2_ws/install/turtlebot3_simulations:/workspace/ros2_ws/install/turtlebot3_bringup:/workspace/ros2_ws/install/turtlebot3_node:/workspace/ros2_ws/install/turtlebot3_navigation2:/workspace/ros2_ws/install/turtlebot3_fake_node:/workspace/ros2_ws/install/turtlebot3_msgs:/workspace/ros2_ws/install/turtlebot3_manipulation_gazebo:/workspace/ros2_ws/install/turtlebot3_gazebo:/workspace/ros2_ws/install/turtlebot3_description:/workspace/ros2_ws/install/turtlebot3_cartographer:/workspace/ros2_ws/install/interfaz_servicio_suma:/workspace/install/interfaz_servicio_suma LD_LIBRARY_PATH=/workspace/ros2_ws/install/interfaz/lib:/workspace/ros2_ws/install/turtlebot3_msgs/lib:/workspace/ros2_ws/install/interfaz_servicio_suma/lib:/workspace/install/interfaz_servicio_suma/lib:/usr/lib/x86_64-linux-gnu/gazebo-11/plugins:/opt/ros/humble/opt/rviz_ogre_vendor/lib:/opt/ros/humble/lib/x86_64-linux-gnu:/opt/ros/humble/lib PYTHONPATH=/workspace/ros2_ws/build/primer_paquete/prefix_override:/usr/lib/python3/dist-packages/colcon_core/task/python/colcon_distutils_commands:/workspace/ros2_ws/install/primer_paquete/lib/python3.10/site-packages:${PYTHONPATH} /usr/bin/python3 -W ignore:setup.py install is deprecated -W ignore:easy_install command is deprecated setup.py egg_info --egg-base ../../build/primer_paquete build --build-base /workspace/ros2_ws/build/primer_paquete/build install --record /workspace/ros2_ws/build/primer_paquete/install.log --single-version-externally-managed install_data --force
