[1.190s] Invoking command in '/workspace/ros2_ws/src/p3_pkg': PYTHONPATH=/workspace/ros2_ws/build/p3_pkg/prefix_override:/usr/lib/python3/dist-packages/colcon_core/task/python/colcon_distutils_commands:/workspace/ros2_ws/install/p3_pkg/lib/python3.10/site-packages:${PYTHONPATH} /usr/bin/python3 -W ignore:setup.py install is deprecated -W ignore:easy_install command is deprecated setup.py egg_info --egg-base ../../build/p3_pkg build --build-base /workspace/ros2_ws/build/p3_pkg/build install --record /workspace/ros2_ws/build/p3_pkg/install.log --single-version-externally-managed install_data
[1.641s] running egg_info
[1.641s] writing ../../build/p3_pkg/p3_pkg.egg-info/PKG-INFO
[1.642s] writing dependency_links to ../../build/p3_pkg/p3_pkg.egg-info/dependency_links.txt
[1.642s] writing entry points to ../../build/p3_pkg/p3_pkg.egg-info/entry_points.txt
[1.642s] writing requirements to ../../build/p3_pkg/p3_pkg.egg-info/requires.txt
[1.642s] writing top-level names to ../../build/p3_pkg/p3_pkg.egg-info/top_level.txt
[1.644s] reading manifest file '../../build/p3_pkg/p3_pkg.egg-info/SOURCES.txt'
[1.647s] writing manifest file '../../build/p3_pkg/p3_pkg.egg-info/SOURCES.txt'
[1.647s] running build
[1.647s] running build_py
[1.647s] copying p3_pkg/movimiento.py -> /workspace/ros2_ws/build/p3_pkg/build/lib/p3_pkg
[1.652s] running install
[1.652s] running install_lib
[1.653s] copying /workspace/ros2_ws/build/p3_pkg/build/lib/p3_pkg/movimiento.py -> /workspace/ros2_ws/install/p3_pkg/lib/python3.10/site-packages/p3_pkg
[1.655s] byte-compiling /workspace/ros2_ws/install/p3_pkg/lib/python3.10/site-packages/p3_pkg/movimiento.py to movimiento.cpython-310.pyc
[1.662s] running install_data
[1.662s] running install_egg_info
[1.662s] removing '/workspace/ros2_ws/install/p3_pkg/lib/python3.10/site-packages/p3_pkg-0.0.0-py3.10.egg-info' (and everything under it)
[1.663s] Copying ../../build/p3_pkg/p3_pkg.egg-info to /workspace/ros2_ws/install/p3_pkg/lib/python3.10/site-packages/p3_pkg-0.0.0-py3.10.egg-info
[1.664s] running install_scripts
[1.704s] Installing aparcamiento script to /workspace/ros2_ws/install/p3_pkg/lib/p3_pkg
[1.704s] Installing dibuja_mov script to /workspace/ros2_ws/install/p3_pkg/lib/p3_pkg
[1.707s] Installing movimiento script to /workspace/ros2_ws/install/p3_pkg/lib/p3_pkg
[1.707s] writing list of installed files to '/workspace/ros2_ws/build/p3_pkg/install.log'
[1.743s] Invoked command in '/workspace/ros2_ws/src/p3_pkg' returned '0': PYTHONPATH=/workspace/ros2_ws/build/p3_pkg/prefix_override:/usr/lib/python3/dist-packages/colcon_core/task/python/colcon_distutils_commands:/workspace/ros2_ws/install/p3_pkg/lib/python3.10/site-packages:${PYTHONPATH} /usr/bin/python3 -W ignore:setup.py install is deprecated -W ignore:easy_install command is deprecated setup.py egg_info --egg-base ../../build/p3_pkg build --build-base /workspace/ros2_ws/build/p3_pkg/build install --record /workspace/ros2_ws/build/p3_pkg/install.log --single-version-externally-managed install_data
