[0.073s] Invoking command in '/workspace/ros2_ws/src/build/turtlebot3_navigation2': CMAKE_PREFIX_PATH=${CMAKE_PREFIX_PATH}:/workspace/ros2_ws/src/install/servicio_suma:/workspace/ros2_ws/src/install/primer_paquete:/workspace/ros2_ws/src/install/paquete1:/workspace/ros2_ws/src/install/mi_accion:/workspace/ros2_ws/src/install/maze_pkg:/workspace/ros2_ws/install/turtlebot3_teleop:/workspace/ros2_ws/install/turtlebot3_example:/workspace/ros2_ws/install/servicio_suma:/workspace/ros2_ws/install/service_temp:/workspace/ros2_ws/install/primer_paquete:/workspace/ros2_ws/install/paquete1:/workspace/ros2_ws/install/p3_pkg:/workspace/ros2_ws/install/p2pkg:/workspace/ros2_ws/install/mi_accion:/workspace/ros2_ws/install/battery_act:/workspace/install/servicio_suma:/opt/ros/humble /usr/bin/cmake /workspace/ros2_ws/src/turtlebot3/turtlebot3_navigation2 -DCMAKE_INSTALL_PREFIX=/workspace/ros2_ws/src/install/turtlebot3_navigation2
[1.285s] -- The C compiler identification is GNU 11.4.0
[1.285s] -- The CXX compiler identification is GNU 11.4.0
[1.285s] -- Detecting C compiler ABI info
[1.285s] -- Detecting C compiler ABI info - done
[1.285s] -- Check for working C compiler: /usr/bin/cc - skipped
[1.285s] -- Detecting C compile features
[1.286s] -- Detecting C compile features - done
[1.286s] -- Detecting CXX compiler ABI info
[1.286s] -- Detecting CXX compiler ABI info - done
[1.286s] -- Check for working CXX compiler: /usr/bin/c++ - skipped
[1.286s] -- Detecting CXX compile features
[1.286s] -- Detecting CXX compile features - done
[1.286s] -- Found ament_cmake: 1.3.12 (/opt/ros/humble/share/ament_cmake/cmake)
[1.286s] -- Found Python3: /usr/bin/python3 (found version "3.10.12") found components: Interpreter 
[1.286s] -- Configuring done
[1.286s] -- Generating done
[1.286s] -- Build files have been written to: /workspace/ros2_ws/src/build/turtlebot3_navigation2
[1.540s] Invoked command in '/workspace/ros2_ws/src/build/turtlebot3_navigation2' returned '0': CMAKE_PREFIX_PATH=${CMAKE_PREFIX_PATH}:/workspace/ros2_ws/src/install/servicio_suma:/workspace/ros2_ws/src/install/primer_paquete:/workspace/ros2_ws/src/install/paquete1:/workspace/ros2_ws/src/install/mi_accion:/workspace/ros2_ws/src/install/maze_pkg:/workspace/ros2_ws/install/turtlebot3_teleop:/workspace/ros2_ws/install/turtlebot3_example:/workspace/ros2_ws/install/servicio_suma:/workspace/ros2_ws/install/service_temp:/workspace/ros2_ws/install/primer_paquete:/workspace/ros2_ws/install/paquete1:/workspace/ros2_ws/install/p3_pkg:/workspace/ros2_ws/install/p2pkg:/workspace/ros2_ws/install/mi_accion:/workspace/ros2_ws/install/battery_act:/workspace/install/servicio_suma:/opt/ros/humble /usr/bin/cmake /workspace/ros2_ws/src/turtlebot3/turtlebot3_navigation2 -DCMAKE_INSTALL_PREFIX=/workspace/ros2_ws/src/install/turtlebot3_navigation2
[1.541s] Invoking command in '/workspace/ros2_ws/src/build/turtlebot3_navigation2': CMAKE_PREFIX_PATH=${CMAKE_PREFIX_PATH}:/workspace/ros2_ws/src/install/servicio_suma:/workspace/ros2_ws/src/install/primer_paquete:/workspace/ros2_ws/src/install/paquete1:/workspace/ros2_ws/src/install/mi_accion:/workspace/ros2_ws/src/install/maze_pkg:/workspace/ros2_ws/install/turtlebot3_teleop:/workspace/ros2_ws/install/turtlebot3_example:/workspace/ros2_ws/install/servicio_suma:/workspace/ros2_ws/install/service_temp:/workspace/ros2_ws/install/primer_paquete:/workspace/ros2_ws/install/paquete1:/workspace/ros2_ws/install/p3_pkg:/workspace/ros2_ws/install/p2pkg:/workspace/ros2_ws/install/mi_accion:/workspace/ros2_ws/install/battery_act:/workspace/install/servicio_suma:/opt/ros/humble /usr/bin/cmake --build /workspace/ros2_ws/src/build/turtlebot3_navigation2 -- -j12 -l12
[1.593s] Invoked command in '/workspace/ros2_ws/src/build/turtlebot3_navigation2' returned '0': CMAKE_PREFIX_PATH=${CMAKE_PREFIX_PATH}:/workspace/ros2_ws/src/install/servicio_suma:/workspace/ros2_ws/src/install/primer_paquete:/workspace/ros2_ws/src/install/paquete1:/workspace/ros2_ws/src/install/mi_accion:/workspace/ros2_ws/src/install/maze_pkg:/workspace/ros2_ws/install/turtlebot3_teleop:/workspace/ros2_ws/install/turtlebot3_example:/workspace/ros2_ws/install/servicio_suma:/workspace/ros2_ws/install/service_temp:/workspace/ros2_ws/install/primer_paquete:/workspace/ros2_ws/install/paquete1:/workspace/ros2_ws/install/p3_pkg:/workspace/ros2_ws/install/p2pkg:/workspace/ros2_ws/install/mi_accion:/workspace/ros2_ws/install/battery_act:/workspace/install/servicio_suma:/opt/ros/humble /usr/bin/cmake --build /workspace/ros2_ws/src/build/turtlebot3_navigation2 -- -j12 -l12
[1.593s] Invoking command in '/workspace/ros2_ws/src/build/turtlebot3_navigation2': CMAKE_PREFIX_PATH=${CMAKE_PREFIX_PATH}:/workspace/ros2_ws/src/install/servicio_suma:/workspace/ros2_ws/src/install/primer_paquete:/workspace/ros2_ws/src/install/paquete1:/workspace/ros2_ws/src/install/mi_accion:/workspace/ros2_ws/src/install/maze_pkg:/workspace/ros2_ws/install/turtlebot3_teleop:/workspace/ros2_ws/install/turtlebot3_example:/workspace/ros2_ws/install/servicio_suma:/workspace/ros2_ws/install/service_temp:/workspace/ros2_ws/install/primer_paquete:/workspace/ros2_ws/install/paquete1:/workspace/ros2_ws/install/p3_pkg:/workspace/ros2_ws/install/p2pkg:/workspace/ros2_ws/install/mi_accion:/workspace/ros2_ws/install/battery_act:/workspace/install/servicio_suma:/opt/ros/humble /usr/bin/cmake --install /workspace/ros2_ws/src/build/turtlebot3_navigation2
[1.601s] -- Install configuration: ""
[1.601s] -- Installing: /workspace/ros2_ws/src/install/turtlebot3_navigation2/share/turtlebot3_navigation2/launch
[1.601s] -- Installing: /workspace/ros2_ws/src/install/turtlebot3_navigation2/share/turtlebot3_navigation2/launch/navigation2.launch.py
[1.601s] -- Installing: /workspace/ros2_ws/src/install/turtlebot3_navigation2/share/turtlebot3_navigation2/map
[1.601s] -- Installing: /workspace/ros2_ws/src/install/turtlebot3_navigation2/share/turtlebot3_navigation2/map/map.pgm
[1.604s] -- Installing: /workspace/ros2_ws/src/install/turtlebot3_navigation2/share/turtlebot3_navigation2/map/map.yaml
[1.604s] -- Installing: /workspace/ros2_ws/src/install/turtlebot3_navigation2/share/turtlebot3_navigation2/param
[1.604s] -- Installing: /workspace/ros2_ws/src/install/turtlebot3_navigation2/share/turtlebot3_navigation2/param/waffle_pi.yaml
[1.605s] -- Installing: /workspace/ros2_ws/src/install/turtlebot3_navigation2/share/turtlebot3_navigation2/param/waffle.yaml
[1.610s] -- Installing: /workspace/ros2_ws/src/install/turtlebot3_navigation2/share/turtlebot3_navigation2/param/humble
[1.610s] -- Installing: /workspace/ros2_ws/src/install/turtlebot3_navigation2/share/turtlebot3_navigation2/param/humble/waffle_pi.yaml
[1.621s] -- Installing: /workspace/ros2_ws/src/install/turtlebot3_navigation2/share/turtlebot3_navigation2/param/humble/waffle.yaml
[1.622s] -- Installing: /workspace/ros2_ws/src/install/turtlebot3_navigation2/share/turtlebot3_navigation2/param/humble/burger.yaml
[1.624s] -- Installing: /workspace/ros2_ws/src/install/turtlebot3_navigation2/share/turtlebot3_navigation2/param/humble/burger_cam.yaml
[1.625s] -- Installing: /workspace/ros2_ws/src/install/turtlebot3_navigation2/share/turtlebot3_navigation2/param/burger.yaml
[1.625s] -- Installing: /workspace/ros2_ws/src/install/turtlebot3_navigation2/share/turtlebot3_navigation2/param/burger_cam.yaml
[1.625s] -- Installing: /workspace/ros2_ws/src/install/turtlebot3_navigation2/share/turtlebot3_navigation2/rviz
[1.625s] -- Installing: /workspace/ros2_ws/src/install/turtlebot3_navigation2/share/turtlebot3_navigation2/rviz/tb3_navigation2.rviz
[1.633s] -- Installing: /workspace/ros2_ws/src/install/turtlebot3_navigation2/share/ament_index/resource_index/package_run_dependencies/turtlebot3_navigation2
[1.635s] -- Installing: /workspace/ros2_ws/src/install/turtlebot3_navigation2/share/ament_index/resource_index/parent_prefix_path/turtlebot3_navigation2
[1.635s] -- Installing: /workspace/ros2_ws/src/install/turtlebot3_navigation2/share/turtlebot3_navigation2/environment/ament_prefix_path.sh
[1.635s] -- Installing: /workspace/ros2_ws/src/install/turtlebot3_navigation2/share/turtlebot3_navigation2/environment/ament_prefix_path.dsv
[1.635s] -- Installing: /workspace/ros2_ws/src/install/turtlebot3_navigation2/share/turtlebot3_navigation2/environment/path.sh
[1.635s] -- Installing: /workspace/ros2_ws/src/install/turtlebot3_navigation2/share/turtlebot3_navigation2/environment/path.dsv
[1.635s] -- Installing: /workspace/ros2_ws/src/install/turtlebot3_navigation2/share/turtlebot3_navigation2/local_setup.bash
[1.635s] -- Installing: /workspace/ros2_ws/src/install/turtlebot3_navigation2/share/turtlebot3_navigation2/local_setup.sh
[1.635s] -- Installing: /workspace/ros2_ws/src/install/turtlebot3_navigation2/share/turtlebot3_navigation2/local_setup.zsh
[1.636s] -- Installing: /workspace/ros2_ws/src/install/turtlebot3_navigation2/share/turtlebot3_navigation2/local_setup.dsv
[1.636s] -- Installing: /workspace/ros2_ws/src/install/turtlebot3_navigation2/share/turtlebot3_navigation2/package.dsv
[1.636s] -- Installing: /workspace/ros2_ws/src/install/turtlebot3_navigation2/share/ament_index/resource_index/packages/turtlebot3_navigation2
[1.636s] -- Installing: /workspace/ros2_ws/src/install/turtlebot3_navigation2/share/turtlebot3_navigation2/cmake/turtlebot3_navigation2Config.cmake
[1.638s] -- Installing: /workspace/ros2_ws/src/install/turtlebot3_navigation2/share/turtlebot3_navigation2/cmake/turtlebot3_navigation2Config-version.cmake
[1.638s] -- Installing: /workspace/ros2_ws/src/install/turtlebot3_navigation2/share/turtlebot3_navigation2/package.xml
[1.639s] Invoked command in '/workspace/ros2_ws/src/build/turtlebot3_navigation2' returned '0': CMAKE_PREFIX_PATH=${CMAKE_PREFIX_PATH}:/workspace/ros2_ws/src/install/servicio_suma:/workspace/ros2_ws/src/install/primer_paquete:/workspace/ros2_ws/src/install/paquete1:/workspace/ros2_ws/src/install/mi_accion:/workspace/ros2_ws/src/install/maze_pkg:/workspace/ros2_ws/install/turtlebot3_teleop:/workspace/ros2_ws/install/turtlebot3_example:/workspace/ros2_ws/install/servicio_suma:/workspace/ros2_ws/install/service_temp:/workspace/ros2_ws/install/primer_paquete:/workspace/ros2_ws/install/paquete1:/workspace/ros2_ws/install/p3_pkg:/workspace/ros2_ws/install/p2pkg:/workspace/ros2_ws/install/mi_accion:/workspace/ros2_ws/install/battery_act:/workspace/install/servicio_suma:/opt/ros/humble /usr/bin/cmake --install /workspace/ros2_ws/src/build/turtlebot3_navigation2
