[3.596s] Invoking command in '/workspace/ros2_ws/build/primer_paquete': CMAKE_PREFIX_PATH=/workspace/ros2_ws/install/interfaz:/workspace/ros2_ws/install/vicpaq:/workspace/ros2_ws/install/turtlebot3:/workspace/ros2_ws/install/turtlebot3_simulations:/workspace/ros2_ws/install/turtlebot3_bringup:/workspace/ros2_ws/install/turtlebot3_node:/workspace/ros2_ws/install/turtlebot3_navigation2:/workspace/ros2_ws/install/turtlebot3_fake_node:/workspace/ros2_ws/install/turtlebot3_msgs:/workspace/ros2_ws/install/turtlebot3_manipulation_gazebo:/workspace/ros2_ws/install/turtlebot3_gazebo:/workspace/ros2_ws/install/turtlebot3_description:/workspace/ros2_ws/install/turtlebot3_cartographer:/workspace/ros2_ws/install/interfaz_servicio_suma:/workspace/install/interfaz_servicio_suma LD_LIBRARY_PATH=/workspace/ros2_ws/install/interfaz/lib:/workspace/ros2_ws/install/turtlebot3_msgs/lib:/workspace/ros2_ws/install/interfaz_servicio_suma/lib:/workspace/install/interfaz_servicio_suma/lib:/usr/lib/x86_64-linux-gnu/gazebo-11/plugins:/opt/ros/humble/opt/rviz_ogre_vendor/lib:/opt/ros/humble/lib/x86_64-linux-gnu:/opt/ros/humble/lib PYTHONPATH=/workspace/ros2_ws/build/primer_paquete/prefix_override:/usr/lib/python3/dist-packages/colcon_core/task/python/colcon_distutils_commands:/workspace/ros2_ws/install/primer_paquete/lib/python3.10/site-packages:${PYTHONPATH} /usr/bin/python3 -W ignore:setup.py install is deprecated -W ignore:easy_install command is deprecated setup.py develop --editable --build-directory /workspace/ros2_ws/build/primer_paquete/build --no-deps symlink_data
[4.390s] running develop
[5.008s] running egg_info
[5.010s] creating primer_paquete.egg-info
[5.013s] writing primer_paquete.egg-info/PKG-INFO
[5.014s] writing dependency_links to primer_paquete.egg-info/dependency_links.txt
[5.014s] writing entry points to primer_paquete.egg-info/entry_points.txt
[5.015s] writing requirements to primer_paquete.egg-info/requires.txt
[5.015s] writing top-level names to primer_paquete.egg-info/top_level.txt
[5.015s] writing manifest file 'primer_paquete.egg-info/SOURCES.txt'
[5.020s] reading manifest file 'primer_paquete.egg-info/SOURCES.txt'
[5.021s] writing manifest file 'primer_paquete.egg-info/SOURCES.txt'
[5.029s] running build_ext
[5.033s] Creating /workspace/ros2_ws/install/primer_paquete/lib/python3.10/site-packages/primer-paquete.egg-link (link to .)
[5.034s] Installing client script to /workspace/ros2_ws/install/primer_paquete/lib/primer_paquete
[5.034s] Installing server script to /workspace/ros2_ws/install/primer_paquete/lib/primer_paquete
[5.034s] 
[5.034s] Installed /workspace/ros2_ws/build/primer_paquete
[5.034s] running symlink_data
[5.034s] creating /workspace/ros2_ws/install/primer_paquete/share/ament_index
[5.035s] creating /workspace/ros2_ws/install/primer_paquete/share/ament_index/resource_index
[5.035s] creating /workspace/ros2_ws/install/primer_paquete/share/ament_index/resource_index/packages
[5.035s] symbolically linking /workspace/ros2_ws/build/primer_paquete/resource/primer_paquete -> /workspace/ros2_ws/install/primer_paquete/share/ament_index/resource_index/packages
[5.035s] symbolically linking /workspace/ros2_ws/build/primer_paquete/package.xml -> /workspace/ros2_ws/install/primer_paquete/share/primer_paquete
[5.035s] creating /workspace/ros2_ws/install/primer_paquete/share/primer_paquete/launch
[5.035s] symbolically linking /workspace/ros2_ws/build/primer_paquete/launch/mi_launch.py -> /workspace/ros2_ws/install/primer_paquete/share/primer_paquete/launch
[5.138s] Invoked command in '/workspace/ros2_ws/build/primer_paquete' returned '0': CMAKE_PREFIX_PATH=/workspace/ros2_ws/install/interfaz:/workspace/ros2_ws/install/vicpaq:/workspace/ros2_ws/install/turtlebot3:/workspace/ros2_ws/install/turtlebot3_simulations:/workspace/ros2_ws/install/turtlebot3_bringup:/workspace/ros2_ws/install/turtlebot3_node:/workspace/ros2_ws/install/turtlebot3_navigation2:/workspace/ros2_ws/install/turtlebot3_fake_node:/workspace/ros2_ws/install/turtlebot3_msgs:/workspace/ros2_ws/install/turtlebot3_manipulation_gazebo:/workspace/ros2_ws/install/turtlebot3_gazebo:/workspace/ros2_ws/install/turtlebot3_description:/workspace/ros2_ws/install/turtlebot3_cartographer:/workspace/ros2_ws/install/interfaz_servicio_suma:/workspace/install/interfaz_servicio_suma LD_LIBRARY_PATH=/workspace/ros2_ws/install/interfaz/lib:/workspace/ros2_ws/install/turtlebot3_msgs/lib:/workspace/ros2_ws/install/interfaz_servicio_suma/lib:/workspace/install/interfaz_servicio_suma/lib:/usr/lib/x86_64-linux-gnu/gazebo-11/plugins:/opt/ros/humble/opt/rviz_ogre_vendor/lib:/opt/ros/humble/lib/x86_64-linux-gnu:/opt/ros/humble/lib PYTHONPATH=/workspace/ros2_ws/build/primer_paquete/prefix_override:/usr/lib/python3/dist-packages/colcon_core/task/python/colcon_distutils_commands:/workspace/ros2_ws/install/primer_paquete/lib/python3.10/site-packages:${PYTHONPATH} /usr/bin/python3 -W ignore:setup.py install is deprecated -W ignore:easy_install command is deprecated setup.py develop --editable --build-directory /workspace/ros2_ws/build/primer_paquete/build --no-deps symlink_data
