[6.760s] Invoking command in '/workspace/ros2_ws/build/recolector_pkg': PYTHONPATH=/workspace/ros2_ws/build/recolector_pkg/prefix_override:/usr/lib/python3/dist-packages/colcon_core/task/python/colcon_distutils_commands:/workspace/ros2_ws/install/recolector_pkg/lib/python3.10/site-packages:${PYTHONPATH} /usr/bin/python3 -W ignore:setup.py install is deprecated -W ignore:easy_install command is deprecated setup.py develop --editable --build-directory /workspace/ros2_ws/build/recolector_pkg/build --no-deps symlink_data --force
[7.848s] running develop
[8.622s] running egg_info
[8.626s] writing recolector_pkg.egg-info/PKG-INFO
[8.627s] writing dependency_links to recolector_pkg.egg-info/dependency_links.txt
[8.629s] writing entry points to recolector_pkg.egg-info/entry_points.txt
[8.636s] writing requirements to recolector_pkg.egg-info/requires.txt
[8.636s] writing top-level names to recolector_pkg.egg-info/top_level.txt
[8.638s] reading manifest file 'recolector_pkg.egg-info/SOURCES.txt'
[8.638s] writing manifest file 'recolector_pkg.egg-info/SOURCES.txt'
[8.651s] running build_ext
[8.652s] Creating /workspace/ros2_ws/install/recolector_pkg/lib/python3.10/site-packages/recolector-pkg.egg-link (link to .)
[8.654s] Installing recolector script to /workspace/ros2_ws/install/recolector_pkg/lib/recolector_pkg
[8.658s] 
[8.658s] Installed /workspace/ros2_ws/build/recolector_pkg
[8.658s] running symlink_data
[8.658s] symbolically linking /workspace/ros2_ws/build/recolector_pkg/resource/recolector_pkg -> /workspace/ros2_ws/install/recolector_pkg/share/ament_index/resource_index/packages
[8.658s] symbolically linking /workspace/ros2_ws/build/recolector_pkg/package.xml -> /workspace/ros2_ws/install/recolector_pkg/share/recolector_pkg
[8.660s] symbolically linking /workspace/ros2_ws/build/recolector_pkg/launch/recolector.launch.py -> /workspace/ros2_ws/install/recolector_pkg/share/recolector_pkg/launch
[8.660s] symbolically linking /workspace/ros2_ws/build/recolector_pkg/worlds/huerto.world -> /workspace/ros2_ws/install/recolector_pkg/share/recolector_pkg/worlds
[9.981s] Invoked command in '/workspace/ros2_ws/build/recolector_pkg' returned '0': PYTHONPATH=/workspace/ros2_ws/build/recolector_pkg/prefix_override:/usr/lib/python3/dist-packages/colcon_core/task/python/colcon_distutils_commands:/workspace/ros2_ws/install/recolector_pkg/lib/python3.10/site-packages:${PYTHONPATH} /usr/bin/python3 -W ignore:setup.py install is deprecated -W ignore:easy_install command is deprecated setup.py develop --editable --build-directory /workspace/ros2_ws/build/recolector_pkg/build --no-deps symlink_data --force
