[7.622s] Invoking command in '/workspace/ros2_ws/src/paquete1': PYTHONPATH=/workspace/ros2_ws/build/paquete1/prefix_override:/usr/lib/python3/dist-packages/colcon_core/task/python/colcon_distutils_commands:/workspace/ros2_ws/install/paquete1/lib/python3.10/site-packages:${PYTHONPATH} /usr/bin/python3 -W ignore:setup.py install is deprecated -W ignore:easy_install command is deprecated setup.py egg_info --egg-base ../../build/paquete1 build --build-base /workspace/ros2_ws/build/paquete1/build install --record /workspace/ros2_ws/build/paquete1/install.log --single-version-externally-managed install_data
[8.366s] running egg_info
[8.367s] writing ../../build/paquete1/paquete1.egg-info/PKG-INFO
[8.367s] writing dependency_links to ../../build/paquete1/paquete1.egg-info/dependency_links.txt
[8.367s] writing entry points to ../../build/paquete1/paquete1.egg-info/entry_points.txt
[8.368s] writing requirements to ../../build/paquete1/paquete1.egg-info/requires.txt
[8.368s] writing top-level names to ../../build/paquete1/paquete1.egg-info/top_level.txt
[8.371s] reading manifest file '../../build/paquete1/paquete1.egg-info/SOURCES.txt'
[8.372s] adding license file 'LICENSE'
[8.374s] writing manifest file '../../build/paquete1/paquete1.egg-info/SOURCES.txt'
[8.374s] running build
[8.374s] running build_py
[8.375s] running install
[8.375s] running install_lib
[8.379s] running install_data
[8.379s] running install_egg_info
[8.386s] removing '/workspace/ros2_ws/install/paquete1/lib/python3.10/site-packages/paquete1-0.0.0-py3.10.egg-info' (and everything under it)
[8.387s] Copying ../../build/paquete1/paquete1.egg-info to /workspace/ros2_ws/install/paquete1/lib/python3.10/site-packages/paquete1-0.0.0-py3.10.egg-info
[8.389s] running install_scripts
[8.440s] writing list of installed files to '/workspace/ros2_ws/build/paquete1/install.log'
[9.053s] Invoked command in '/workspace/ros2_ws/src/paquete1' returned '0': PYTHONPATH=/workspace/ros2_ws/build/paquete1/prefix_override:/usr/lib/python3/dist-packages/colcon_core/task/python/colcon_distutils_commands:/workspace/ros2_ws/install/paquete1/lib/python3.10/site-packages:${PYTHONPATH} /usr/bin/python3 -W ignore:setup.py install is deprecated -W ignore:easy_install command is deprecated setup.py egg_info --egg-base ../../build/paquete1 build --build-base /workspace/ros2_ws/build/paquete1/build install --record /workspace/ros2_ws/build/paquete1/install.log --single-version-externally-managed install_data
