[0.382s] Invoking command in '/workspace/ros2_ws/src/p3_pkg': PYTHONPATH=/workspace/ros2_ws/build/p3_pkg/prefix_override:/usr/lib/python3/dist-packages/colcon_core/task/python/colcon_distutils_commands:/workspace/ros2_ws/install/p3_pkg/lib/python3.10/site-packages:${PYTHONPATH} /usr/bin/python3 -W ignore:setup.py install is deprecated -W ignore:easy_install command is deprecated setup.py egg_info --egg-base ../../build/p3_pkg build --build-base /workspace/ros2_ws/build/p3_pkg/build install --record /workspace/ros2_ws/build/p3_pkg/install.log --single-version-externally-managed install_data
[0.533s] running egg_info
[0.533s] writing ../../build/p3_pkg/p3_pkg.egg-info/PKG-INFO
[0.533s] writing dependency_links to ../../build/p3_pkg/p3_pkg.egg-info/dependency_links.txt
[0.534s] writing entry points to ../../build/p3_pkg/p3_pkg.egg-info/entry_points.txt
[0.534s] writing requirements to ../../build/p3_pkg/p3_pkg.egg-info/requires.txt
[0.534s] writing top-level names to ../../build/p3_pkg/p3_pkg.egg-info/top_level.txt
[0.535s] reading manifest file '../../build/p3_pkg/p3_pkg.egg-info/SOURCES.txt'
[0.536s] writing manifest file '../../build/p3_pkg/p3_pkg.egg-info/SOURCES.txt'
[0.536s] running build
[0.536s] running build_py
[0.536s] copying p3_pkg/movimiento.py -> /workspace/ros2_ws/build/p3_pkg/build/lib/p3_pkg
[0.536s] running install
[0.536s] running install_lib
[0.537s] copying /workspace/ros2_ws/build/p3_pkg/build/lib/p3_pkg/movimiento.py -> /workspace/ros2_ws/install/p3_pkg/lib/python3.10/site-packages/p3_pkg
[0.537s] byte-compiling /workspace/ros2_ws/install/p3_pkg/lib/python3.10/site-packages/p3_pkg/movimiento.py to movimiento.cpython-310.pyc
[0.539s] running install_data
[0.539s] running install_egg_info
[0.541s] removing '/workspace/ros2_ws/install/p3_pkg/lib/python3.10/site-packages/p3_pkg-0.0.0-py3.10.egg-info' (and everything under it)
[0.541s] Copying ../../build/p3_pkg/p3_pkg.egg-info to /workspace/ros2_ws/install/p3_pkg/lib/python3.10/site-packages/p3_pkg-0.0.0-py3.10.egg-info
[0.541s] running install_scripts
[0.555s] Installing aparcamiento script to /workspace/ros2_ws/install/p3_pkg/lib/p3_pkg
[0.555s] Installing dibuja_mov script to /workspace/ros2_ws/install/p3_pkg/lib/p3_pkg
[0.555s] Installing movimiento script to /workspace/ros2_ws/install/p3_pkg/lib/p3_pkg
[0.555s] writing list of installed files to '/workspace/ros2_ws/build/p3_pkg/install.log'
[0.569s] Invoked command in '/workspace/ros2_ws/src/p3_pkg' returned '0': PYTHONPATH=/workspace/ros2_ws/build/p3_pkg/prefix_override:/usr/lib/python3/dist-packages/colcon_core/task/python/colcon_distutils_commands:/workspace/ros2_ws/install/p3_pkg/lib/python3.10/site-packages:${PYTHONPATH} /usr/bin/python3 -W ignore:setup.py install is deprecated -W ignore:easy_install command is deprecated setup.py egg_info --egg-base ../../build/p3_pkg build --build-base /workspace/ros2_ws/build/p3_pkg/build install --record /workspace/ros2_ws/build/p3_pkg/install.log --single-version-externally-managed install_data
