[5.251s] Invoking command in '/workspace/ros2_ws/src/paquete1': PYTHONPATH=/workspace/ros2_ws/build/paquete1/prefix_override:/usr/lib/python3/dist-packages/colcon_core/task/python/colcon_distutils_commands:/workspace/ros2_ws/install/paquete1/lib/python3.10/site-packages:${PYTHONPATH} /usr/bin/python3 -W ignore:setup.py install is deprecated -W ignore:easy_install command is deprecated setup.py egg_info --egg-base ../../build/paquete1 build --build-base /workspace/ros2_ws/build/paquete1/build install --record /workspace/ros2_ws/build/paquete1/install.log --single-version-externally-managed install_data
[5.934s] running egg_info
[5.935s] writing ../../build/paquete1/paquete1.egg-info/PKG-INFO
[5.936s] writing dependency_links to ../../build/paquete1/paquete1.egg-info/dependency_links.txt
[5.937s] writing entry points to ../../build/paquete1/paquete1.egg-info/entry_points.txt
[5.938s] writing requirements to ../../build/paquete1/paquete1.egg-info/requires.txt
[5.938s] writing top-level names to ../../build/paquete1/paquete1.egg-info/top_level.txt
[5.952s] reading manifest file '../../build/paquete1/paquete1.egg-info/SOURCES.txt'
[5.953s] adding license file 'LICENSE'
[5.953s] writing manifest file '../../build/paquete1/paquete1.egg-info/SOURCES.txt'
[5.953s] running build
[5.954s] running build_py
[5.954s] running install
[5.960s] running install_lib
[5.967s] running install_data
[5.967s] running install_egg_info
[5.978s] removing '/workspace/ros2_ws/install/paquete1/lib/python3.10/site-packages/paquete1-0.0.0-py3.10.egg-info' (and everything under it)
[5.981s] Copying ../../build/paquete1/paquete1.egg-info to /workspace/ros2_ws/install/paquete1/lib/python3.10/site-packages/paquete1-0.0.0-py3.10.egg-info
[5.984s] running install_scripts
[6.042s] writing list of installed files to '/workspace/ros2_ws/build/paquete1/install.log'
[6.404s] Invoked command in '/workspace/ros2_ws/src/paquete1' returned '0': PYTHONPATH=/workspace/ros2_ws/build/paquete1/prefix_override:/usr/lib/python3/dist-packages/colcon_core/task/python/colcon_distutils_commands:/workspace/ros2_ws/install/paquete1/lib/python3.10/site-packages:${PYTHONPATH} /usr/bin/python3 -W ignore:setup.py install is deprecated -W ignore:easy_install command is deprecated setup.py egg_info --egg-base ../../build/paquete1 build --build-base /workspace/ros2_ws/build/paquete1/build install --record /workspace/ros2_ws/build/paquete1/install.log --single-version-externally-managed install_data
