[1.530s] Invoking command in '/workspace/ros2_ws/src/p3_pkg': PYTHONPATH=/workspace/ros2_ws/build/p3_pkg/prefix_override:/usr/lib/python3/dist-packages/colcon_core/task/python/colcon_distutils_commands:/workspace/ros2_ws/install/p3_pkg/lib/python3.10/site-packages:${PYTHONPATH} /usr/bin/python3 -W ignore:setup.py install is deprecated -W ignore:easy_install command is deprecated setup.py egg_info --egg-base ../../build/p3_pkg build --build-base /workspace/ros2_ws/build/p3_pkg/build install --record /workspace/ros2_ws/build/p3_pkg/install.log --single-version-externally-managed install_data
[2.137s] running egg_info
[2.138s] writing ../../build/p3_pkg/p3_pkg.egg-info/PKG-INFO
[2.138s] writing dependency_links to ../../build/p3_pkg/p3_pkg.egg-info/dependency_links.txt
[2.139s] writing entry points to ../../build/p3_pkg/p3_pkg.egg-info/entry_points.txt
[2.139s] writing requirements to ../../build/p3_pkg/p3_pkg.egg-info/requires.txt
[2.139s] writing top-level names to ../../build/p3_pkg/p3_pkg.egg-info/top_level.txt
[2.144s] reading manifest file '../../build/p3_pkg/p3_pkg.egg-info/SOURCES.txt'
[2.146s] writing manifest file '../../build/p3_pkg/p3_pkg.egg-info/SOURCES.txt'
[2.146s] running build
[2.146s] running build_py
[2.146s] copying p3_pkg/movimiento.py -> /workspace/ros2_ws/build/p3_pkg/build/lib/p3_pkg
[2.147s] running install
[2.147s] running install_lib
[2.149s] copying /workspace/ros2_ws/build/p3_pkg/build/lib/p3_pkg/movimiento.py -> /workspace/ros2_ws/install/p3_pkg/lib/python3.10/site-packages/p3_pkg
[2.152s] byte-compiling /workspace/ros2_ws/install/p3_pkg/lib/python3.10/site-packages/p3_pkg/movimiento.py to movimiento.cpython-310.pyc
[2.155s] running install_data
[2.155s] running install_egg_info
[2.160s] removing '/workspace/ros2_ws/install/p3_pkg/lib/python3.10/site-packages/p3_pkg-0.0.0-py3.10.egg-info' (and everything under it)
[2.160s] Copying ../../build/p3_pkg/p3_pkg.egg-info to /workspace/ros2_ws/install/p3_pkg/lib/python3.10/site-packages/p3_pkg-0.0.0-py3.10.egg-info
[2.161s] running install_scripts
[2.207s] Installing aparcamiento script to /workspace/ros2_ws/install/p3_pkg/lib/p3_pkg
[2.207s] Installing dibuja_mov script to /workspace/ros2_ws/install/p3_pkg/lib/p3_pkg
[2.208s] Installing movimiento script to /workspace/ros2_ws/install/p3_pkg/lib/p3_pkg
[2.208s] writing list of installed files to '/workspace/ros2_ws/build/p3_pkg/install.log'
[2.261s] Invoked command in '/workspace/ros2_ws/src/p3_pkg' returned '0': PYTHONPATH=/workspace/ros2_ws/build/p3_pkg/prefix_override:/usr/lib/python3/dist-packages/colcon_core/task/python/colcon_distutils_commands:/workspace/ros2_ws/install/p3_pkg/lib/python3.10/site-packages:${PYTHONPATH} /usr/bin/python3 -W ignore:setup.py install is deprecated -W ignore:easy_install command is deprecated setup.py egg_info --egg-base ../../build/p3_pkg build --build-base /workspace/ros2_ws/build/p3_pkg/build install --record /workspace/ros2_ws/build/p3_pkg/install.log --single-version-externally-managed install_data
