[0.240s] Invoking command in '/workspace/ros2_ws/src/build/vicpaq': CMAKE_PREFIX_PATH=${CMAKE_PREFIX_PATH}:/workspace/ros2_ws/src/primer_paquete/install/primer_paquete:/workspace/ros2_ws/install/servicio_suma:/workspace/ros2_ws/install/primer_paquete:/workspace/ros2_ws/install/paquete1:/opt/ros/humble /usr/bin/cmake --build /workspace/ros2_ws/src/build/vicpaq -- -j12 -l12
[0.286s] Invoked command in '/workspace/ros2_ws/src/build/vicpaq' returned '0': CMAKE_PREFIX_PATH=${CMAKE_PREFIX_PATH}:/workspace/ros2_ws/src/primer_paquete/install/primer_paquete:/workspace/ros2_ws/install/servicio_suma:/workspace/ros2_ws/install/primer_paquete:/workspace/ros2_ws/install/paquete1:/opt/ros/humble /usr/bin/cmake --build /workspace/ros2_ws/src/build/vicpaq -- -j12 -l12
[0.296s] Invoking command in '/workspace/ros2_ws/src/build/vicpaq': CMAKE_PREFIX_PATH=${CMAKE_PREFIX_PATH}:/workspace/ros2_ws/src/primer_paquete/install/primer_paquete:/workspace/ros2_ws/install/servicio_suma:/workspace/ros2_ws/install/primer_paquete:/workspace/ros2_ws/install/paquete1:/opt/ros/humble /usr/bin/cmake --install /workspace/ros2_ws/src/build/vicpaq
[0.305s] -- Install configuration: ""
[0.305s] -- Up-to-date: /workspace/ros2_ws/src/install/vicpaq/share/ament_index/resource_index/package_run_dependencies/vicpaq
[0.305s] -- Up-to-date: /workspace/ros2_ws/src/install/vicpaq/share/ament_index/resource_index/parent_prefix_path/vicpaq
[0.305s] -- Up-to-date: /workspace/ros2_ws/src/install/vicpaq/share/vicpaq/environment/ament_prefix_path.sh
[0.305s] -- Up-to-date: /workspace/ros2_ws/src/install/vicpaq/share/vicpaq/environment/ament_prefix_path.dsv
[0.305s] -- Up-to-date: /workspace/ros2_ws/src/install/vicpaq/share/vicpaq/environment/path.sh
[0.305s] -- Up-to-date: /workspace/ros2_ws/src/install/vicpaq/share/vicpaq/environment/path.dsv
[0.306s] -- Up-to-date: /workspace/ros2_ws/src/install/vicpaq/share/vicpaq/local_setup.bash
[0.306s] -- Up-to-date: /workspace/ros2_ws/src/install/vicpaq/share/vicpaq/local_setup.sh
[0.306s] -- Up-to-date: /workspace/ros2_ws/src/install/vicpaq/share/vicpaq/local_setup.zsh
[0.306s] -- Up-to-date: /workspace/ros2_ws/src/install/vicpaq/share/vicpaq/local_setup.dsv
[0.306s] -- Installing: /workspace/ros2_ws/src/install/vicpaq/share/vicpaq/package.dsv
[0.306s] -- Up-to-date: /workspace/ros2_ws/src/install/vicpaq/share/ament_index/resource_index/packages/vicpaq
[0.306s] -- Up-to-date: /workspace/ros2_ws/src/install/vicpaq/share/vicpaq/cmake/vicpaqConfig.cmake
[0.306s] -- Up-to-date: /workspace/ros2_ws/src/install/vicpaq/share/vicpaq/cmake/vicpaqConfig-version.cmake
[0.306s] -- Up-to-date: /workspace/ros2_ws/src/install/vicpaq/share/vicpaq/package.xml
[0.310s] Invoked command in '/workspace/ros2_ws/src/build/vicpaq' returned '0': CMAKE_PREFIX_PATH=${CMAKE_PREFIX_PATH}:/workspace/ros2_ws/src/primer_paquete/install/primer_paquete:/workspace/ros2_ws/install/servicio_suma:/workspace/ros2_ws/install/primer_paquete:/workspace/ros2_ws/install/paquete1:/opt/ros/humble /usr/bin/cmake --install /workspace/ros2_ws/src/build/vicpaq
