[2.757s] Invoking command in '/workspace/ros2_ws/build/battery_act': CMAKE_PREFIX_PATH=/workspace/ros2_ws/install/interfaz:/workspace/ros2_ws/install/vicpaq:/workspace/ros2_ws/install/turtlebot3:/workspace/ros2_ws/install/turtlebot3_simulations:/workspace/ros2_ws/install/turtlebot3_bringup:/workspace/ros2_ws/install/turtlebot3_node:/workspace/ros2_ws/install/turtlebot3_navigation2:/workspace/ros2_ws/install/turtlebot3_fake_node:/workspace/ros2_ws/install/turtlebot3_msgs:/workspace/ros2_ws/install/turtlebot3_manipulation_gazebo:/workspace/ros2_ws/install/turtlebot3_gazebo:/workspace/ros2_ws/install/turtlebot3_description:/workspace/ros2_ws/install/turtlebot3_cartographer:/workspace/ros2_ws/install/interfaz_servicio_suma:/workspace/install/interfaz_servicio_suma LD_LIBRARY_PATH=/workspace/ros2_ws/install/interfaz/lib:/workspace/ros2_ws/install/turtlebot3_msgs/lib:/workspace/ros2_ws/install/interfaz_servicio_suma/lib:/workspace/install/interfaz_servicio_suma/lib:/usr/lib/x86_64-linux-gnu/gazebo-11/plugins:/opt/ros/humble/opt/rviz_ogre_vendor/lib:/opt/ros/humble/lib/x86_64-linux-gnu:/opt/ros/humble/lib PYTHONPATH=/workspace/ros2_ws/build/battery_act/prefix_override:/usr/lib/python3/dist-packages/colcon_core/task/python/colcon_distutils_commands:/workspace/ros2_ws/install/battery_act/lib/python3.10/site-packages:${PYTHONPATH} /usr/bin/python3 -W ignore:setup.py install is deprecated -W ignore:easy_install command is deprecated setup.py develop --uninstall --editable --build-directory /workspace/ros2_ws/build/battery_act/build
[3.381s] running develop
[3.784s] Removing /workspace/ros2_ws/install/battery_act/lib/python3.10/site-packages/battery-act.egg-link (link to .)
[3.836s] Invoked command in '/workspace/ros2_ws/build/battery_act' returned '0': CMAKE_PREFIX_PATH=/workspace/ros2_ws/install/interfaz:/workspace/ros2_ws/install/vicpaq:/workspace/ros2_ws/install/turtlebot3:/workspace/ros2_ws/install/turtlebot3_simulations:/workspace/ros2_ws/install/turtlebot3_bringup:/workspace/ros2_ws/install/turtlebot3_node:/workspace/ros2_ws/install/turtlebot3_navigation2:/workspace/ros2_ws/install/turtlebot3_fake_node:/workspace/ros2_ws/install/turtlebot3_msgs:/workspace/ros2_ws/install/turtlebot3_manipulation_gazebo:/workspace/ros2_ws/install/turtlebot3_gazebo:/workspace/ros2_ws/install/turtlebot3_description:/workspace/ros2_ws/install/turtlebot3_cartographer:/workspace/ros2_ws/install/interfaz_servicio_suma:/workspace/install/interfaz_servicio_suma LD_LIBRARY_PATH=/workspace/ros2_ws/install/interfaz/lib:/workspace/ros2_ws/install/turtlebot3_msgs/lib:/workspace/ros2_ws/install/interfaz_servicio_suma/lib:/workspace/install/interfaz_servicio_suma/lib:/usr/lib/x86_64-linux-gnu/gazebo-11/plugins:/opt/ros/humble/opt/rviz_ogre_vendor/lib:/opt/ros/humble/lib/x86_64-linux-gnu:/opt/ros/humble/lib PYTHONPATH=/workspace/ros2_ws/build/battery_act/prefix_override:/usr/lib/python3/dist-packages/colcon_core/task/python/colcon_distutils_commands:/workspace/ros2_ws/install/battery_act/lib/python3.10/site-packages:${PYTHONPATH} /usr/bin/python3 -W ignore:setup.py install is deprecated -W ignore:easy_install command is deprecated setup.py develop --uninstall --editable --build-directory /workspace/ros2_ws/build/battery_act/build
[3.839s] Invoking command in '/workspace/ros2_ws/src/battery_act': CMAKE_PREFIX_PATH=/workspace/ros2_ws/install/interfaz:/workspace/ros2_ws/install/vicpaq:/workspace/ros2_ws/install/turtlebot3:/workspace/ros2_ws/install/turtlebot3_simulations:/workspace/ros2_ws/install/turtlebot3_bringup:/workspace/ros2_ws/install/turtlebot3_node:/workspace/ros2_ws/install/turtlebot3_navigation2:/workspace/ros2_ws/install/turtlebot3_fake_node:/workspace/ros2_ws/install/turtlebot3_msgs:/workspace/ros2_ws/install/turtlebot3_manipulation_gazebo:/workspace/ros2_ws/install/turtlebot3_gazebo:/workspace/ros2_ws/install/turtlebot3_description:/workspace/ros2_ws/install/turtlebot3_cartographer:/workspace/ros2_ws/install/interfaz_servicio_suma:/workspace/install/interfaz_servicio_suma LD_LIBRARY_PATH=/workspace/ros2_ws/install/interfaz/lib:/workspace/ros2_ws/install/turtlebot3_msgs/lib:/workspace/ros2_ws/install/interfaz_servicio_suma/lib:/workspace/install/interfaz_servicio_suma/lib:/usr/lib/x86_64-linux-gnu/gazebo-11/plugins:/opt/ros/humble/opt/rviz_ogre_vendor/lib:/opt/ros/humble/lib/x86_64-linux-gnu:/opt/ros/humble/lib PYTHONPATH=/workspace/ros2_ws/build/battery_act/prefix_override:/usr/lib/python3/dist-packages/colcon_core/task/python/colcon_distutils_commands:/workspace/ros2_ws/install/battery_act/lib/python3.10/site-packages:${PYTHONPATH} /usr/bin/python3 -W ignore:setup.py install is deprecated -W ignore:easy_install command is deprecated setup.py egg_info --egg-base ../../build/battery_act build --build-base /workspace/ros2_ws/build/battery_act/build install --record /workspace/ros2_ws/build/battery_act/install.log --single-version-externally-managed install_data --force
[4.300s] running egg_info
[4.301s] writing ../../build/battery_act/battery_act.egg-info/PKG-INFO
[4.301s] writing dependency_links to ../../build/battery_act/battery_act.egg-info/dependency_links.txt
[4.302s] writing entry points to ../../build/battery_act/battery_act.egg-info/entry_points.txt
[4.302s] writing requirements to ../../build/battery_act/battery_act.egg-info/requires.txt
[4.302s] writing top-level names to ../../build/battery_act/battery_act.egg-info/top_level.txt
[4.305s] reading manifest file '../../build/battery_act/battery_act.egg-info/SOURCES.txt'
[4.306s] adding license file 'LICENSE'
[4.308s] writing manifest file '../../build/battery_act/battery_act.egg-info/SOURCES.txt'
[4.308s] running build
[4.308s] running build_py
[4.308s] creating /workspace/ros2_ws/build/battery_act/build
[4.308s] creating /workspace/ros2_ws/build/battery_act/build/lib
[4.308s] creating /workspace/ros2_ws/build/battery_act/build/lib/battery_act
[4.308s] copying battery_act/battery_client.py -> /workspace/ros2_ws/build/battery_act/build/lib/battery_act
[4.309s] copying battery_act/battery_charger.py -> /workspace/ros2_ws/build/battery_act/build/lib/battery_act
[4.309s] copying battery_act/__init__.py -> /workspace/ros2_ws/build/battery_act/build/lib/battery_act
[4.310s] running install
[4.310s] running install_lib
[4.312s] creating /workspace/ros2_ws/install/battery_act/lib/python3.10/site-packages/battery_act
[4.312s] copying /workspace/ros2_ws/build/battery_act/build/lib/battery_act/battery_client.py -> /workspace/ros2_ws/install/battery_act/lib/python3.10/site-packages/battery_act
[4.312s] copying /workspace/ros2_ws/build/battery_act/build/lib/battery_act/battery_charger.py -> /workspace/ros2_ws/install/battery_act/lib/python3.10/site-packages/battery_act
[4.312s] copying /workspace/ros2_ws/build/battery_act/build/lib/battery_act/__init__.py -> /workspace/ros2_ws/install/battery_act/lib/python3.10/site-packages/battery_act
[4.313s] byte-compiling /workspace/ros2_ws/install/battery_act/lib/python3.10/site-packages/battery_act/battery_client.py to battery_client.cpython-310.pyc
[4.314s] byte-compiling /workspace/ros2_ws/install/battery_act/lib/python3.10/site-packages/battery_act/battery_charger.py to battery_charger.cpython-310.pyc
[4.315s] byte-compiling /workspace/ros2_ws/install/battery_act/lib/python3.10/site-packages/battery_act/__init__.py to __init__.cpython-310.pyc
[4.316s] running install_data
[4.316s] copying resource/battery_act -> /workspace/ros2_ws/install/battery_act/share/ament_index/resource_index/packages
[4.316s] copying package.xml -> /workspace/ros2_ws/install/battery_act/share/battery_act
[4.316s] running install_egg_info
[4.321s] Copying ../../build/battery_act/battery_act.egg-info to /workspace/ros2_ws/install/battery_act/lib/python3.10/site-packages/battery_act-0.0.0-py3.10.egg-info
[4.323s] running install_scripts
[4.353s] Installing client script to /workspace/ros2_ws/install/battery_act/lib/battery_act
[4.353s] Installing server script to /workspace/ros2_ws/install/battery_act/lib/battery_act
[4.353s] writing list of installed files to '/workspace/ros2_ws/build/battery_act/install.log'
[4.385s] Invoked command in '/workspace/ros2_ws/src/battery_act' returned '0': CMAKE_PREFIX_PATH=/workspace/ros2_ws/install/interfaz:/workspace/ros2_ws/install/vicpaq:/workspace/ros2_ws/install/turtlebot3:/workspace/ros2_ws/install/turtlebot3_simulations:/workspace/ros2_ws/install/turtlebot3_bringup:/workspace/ros2_ws/install/turtlebot3_node:/workspace/ros2_ws/install/turtlebot3_navigation2:/workspace/ros2_ws/install/turtlebot3_fake_node:/workspace/ros2_ws/install/turtlebot3_msgs:/workspace/ros2_ws/install/turtlebot3_manipulation_gazebo:/workspace/ros2_ws/install/turtlebot3_gazebo:/workspace/ros2_ws/install/turtlebot3_description:/workspace/ros2_ws/install/turtlebot3_cartographer:/workspace/ros2_ws/install/interfaz_servicio_suma:/workspace/install/interfaz_servicio_suma LD_LIBRARY_PATH=/workspace/ros2_ws/install/interfaz/lib:/workspace/ros2_ws/install/turtlebot3_msgs/lib:/workspace/ros2_ws/install/interfaz_servicio_suma/lib:/workspace/install/interfaz_servicio_suma/lib:/usr/lib/x86_64-linux-gnu/gazebo-11/plugins:/opt/ros/humble/opt/rviz_ogre_vendor/lib:/opt/ros/humble/lib/x86_64-linux-gnu:/opt/ros/humble/lib PYTHONPATH=/workspace/ros2_ws/build/battery_act/prefix_override:/usr/lib/python3/dist-packages/colcon_core/task/python/colcon_distutils_commands:/workspace/ros2_ws/install/battery_act/lib/python3.10/site-packages:${PYTHONPATH} /usr/bin/python3 -W ignore:setup.py install is deprecated -W ignore:easy_install command is deprecated setup.py egg_info --egg-base ../../build/battery_act build --build-base /workspace/ros2_ws/build/battery_act/build install --record /workspace/ros2_ws/build/battery_act/install.log --single-version-externally-managed install_data --force
