[0.442s] Invoking command in '/workspace/ros2_ws/src/p3_pkg': PYTHONPATH=/workspace/ros2_ws/build/p3_pkg/prefix_override:/usr/lib/python3/dist-packages/colcon_core/task/python/colcon_distutils_commands:/workspace/ros2_ws/install/p3_pkg/lib/python3.10/site-packages:${PYTHONPATH} /usr/bin/python3 -W ignore:setup.py install is deprecated -W ignore:easy_install command is deprecated setup.py egg_info --egg-base ../../build/p3_pkg build --build-base /workspace/ros2_ws/build/p3_pkg/build install --record /workspace/ros2_ws/build/p3_pkg/install.log --single-version-externally-managed install_data
[0.593s] running egg_info
[0.593s] writing ../../build/p3_pkg/p3_pkg.egg-info/PKG-INFO
[0.593s] writing dependency_links to ../../build/p3_pkg/p3_pkg.egg-info/dependency_links.txt
[0.593s] writing entry points to ../../build/p3_pkg/p3_pkg.egg-info/entry_points.txt
[0.594s] writing requirements to ../../build/p3_pkg/p3_pkg.egg-info/requires.txt
[0.594s] writing top-level names to ../../build/p3_pkg/p3_pkg.egg-info/top_level.txt
[0.594s] reading manifest file '../../build/p3_pkg/p3_pkg.egg-info/SOURCES.txt'
[0.595s] writing manifest file '../../build/p3_pkg/p3_pkg.egg-info/SOURCES.txt'
[0.595s] running build
[0.595s] running build_py
[0.595s] running install
[0.596s] running install_lib
[0.596s] running install_data
[0.597s] running install_egg_info
[0.598s] removing '/workspace/ros2_ws/install/p3_pkg/lib/python3.10/site-packages/p3_pkg-0.0.0-py3.10.egg-info' (and everything under it)
[0.598s] Copying ../../build/p3_pkg/p3_pkg.egg-info to /workspace/ros2_ws/install/p3_pkg/lib/python3.10/site-packages/p3_pkg-0.0.0-py3.10.egg-info
[0.599s] running install_scripts
[0.612s] Installing aparcamiento script to /workspace/ros2_ws/install/p3_pkg/lib/p3_pkg
[0.612s] Installing dibuja_mov script to /workspace/ros2_ws/install/p3_pkg/lib/p3_pkg
[0.612s] Installing movimiento script to /workspace/ros2_ws/install/p3_pkg/lib/p3_pkg
[0.612s] writing list of installed files to '/workspace/ros2_ws/build/p3_pkg/install.log'
[0.627s] Invoked command in '/workspace/ros2_ws/src/p3_pkg' returned '0': PYTHONPATH=/workspace/ros2_ws/build/p3_pkg/prefix_override:/usr/lib/python3/dist-packages/colcon_core/task/python/colcon_distutils_commands:/workspace/ros2_ws/install/p3_pkg/lib/python3.10/site-packages:${PYTHONPATH} /usr/bin/python3 -W ignore:setup.py install is deprecated -W ignore:easy_install command is deprecated setup.py egg_info --egg-base ../../build/p3_pkg build --build-base /workspace/ros2_ws/build/p3_pkg/build install --record /workspace/ros2_ws/build/p3_pkg/install.log --single-version-externally-managed install_data
