[0.065s] DEBUG:colcon:Command line arguments: ['/usr/bin/colcon', 'build']
[0.065s] DEBUG:colcon:Parsed command line arguments: Namespace(log_base=None, log_level=None, verb_name='build', build_base='build', install_base='install', merge_install=False, symlink_install=False, test_result_base=None, continue_on_error=False, executor='parallel', parallel_workers=12, event_handlers=None, ignore_user_meta=False, metas=['./colcon.meta'], base_paths=['.'], packages_ignore=None, packages_ignore_regex=None, paths=None, packages_up_to=None, packages_up_to_regex=None, packages_above=None, packages_above_and_dependencies=None, packages_above_depth=None, packages_select_by_dep=None, packages_skip_by_dep=None, packages_skip_up_to=None, packages_select_build_failed=False, packages_skip_build_finished=False, packages_select_test_failures=False, packages_skip_test_passed=False, packages_select=None, packages_skip=None, packages_select_regex=None, packages_skip_regex=None, packages_start=None, packages_end=None, allow_overriding=[], cmake_args=None, cmake_target=None, cmake_target_skip_unavailable=False, cmake_clean_cache=False, cmake_clean_first=False, cmake_force_configure=False, ament_cmake_args=None, catkin_cmake_args=None, catkin_skip_building_tests=False, mixin_files=None, mixin=None, verb_parser=<colcon_mixin.mixin.mixin_argument.MixinArgumentDecorator object at 0x744b448365f0>, verb_extension=<colcon_core.verb.build.BuildVerb object at 0x744b44836020>, main=<bound method BuildVerb.main of <colcon_core.verb.build.BuildVerb object at 0x744b44836020>>, mixin_verb=('build',))
[0.152s] Level 1:colcon.colcon_core.package_discovery:discover_packages(colcon_meta) check parameters
[0.153s] Level 1:colcon.colcon_core.package_discovery:discover_packages(recursive) check parameters
[0.153s] Level 1:colcon.colcon_core.package_discovery:discover_packages(ignore) check parameters
[0.153s] Level 1:colcon.colcon_core.package_discovery:discover_packages(path) check parameters
[0.153s] Level 1:colcon.colcon_core.package_discovery:discover_packages(colcon_meta) discover
[0.153s] Level 1:colcon.colcon_core.package_discovery:discover_packages(recursive) discover
[0.153s] INFO:colcon.colcon_core.package_discovery:Crawling recursively for packages in '/workspace/ros2_ws/src'
[0.153s] Level 1:colcon.colcon_core.package_identification:_identify(.) by extensions ['ignore', 'ignore_ament_install']
[0.153s] Level 1:colcon.colcon_core.package_identification:_identify(.) by extension 'ignore'
[0.153s] Level 1:colcon.colcon_core.package_identification:_identify(.) by extension 'ignore_ament_install'
[0.153s] Level 1:colcon.colcon_core.package_identification:_identify(.) by extensions ['colcon_pkg']
[0.153s] Level 1:colcon.colcon_core.package_identification:_identify(.) by extension 'colcon_pkg'
[0.153s] Level 1:colcon.colcon_core.package_identification:_identify(.) by extensions ['colcon_meta']
[0.153s] Level 1:colcon.colcon_core.package_identification:_identify(.) by extension 'colcon_meta'
[0.153s] Level 1:colcon.colcon_core.package_identification:_identify(.) by extensions ['ros']
[0.153s] Level 1:colcon.colcon_core.package_identification:_identify(.) by extension 'ros'
[0.159s] Level 1:colcon.colcon_core.package_identification:_identify(.) by extensions ['cmake', 'python']
[0.159s] Level 1:colcon.colcon_core.package_identification:_identify(.) by extension 'cmake'
[0.159s] Level 1:colcon.colcon_core.package_identification:_identify(.) by extension 'python'
[0.159s] Level 1:colcon.colcon_core.package_identification:_identify(.) by extensions ['python_setup_py']
[0.159s] Level 1:colcon.colcon_core.package_identification:_identify(.) by extension 'python_setup_py'
[0.159s] Level 1:colcon.colcon_core.package_identification:_identify(build) by extensions ['ignore', 'ignore_ament_install']
[0.160s] Level 1:colcon.colcon_core.package_identification:_identify(build) by extension 'ignore'
[0.160s] Level 1:colcon.colcon_core.package_identification:_identify(build) ignored
[0.160s] Level 1:colcon.colcon_core.package_identification:_identify(install) by extensions ['ignore', 'ignore_ament_install']
[0.160s] Level 1:colcon.colcon_core.package_identification:_identify(install) by extension 'ignore'
[0.160s] Level 1:colcon.colcon_core.package_identification:_identify(install) ignored
[0.160s] Level 1:colcon.colcon_core.package_identification:_identify(interfaz) by extensions ['ignore', 'ignore_ament_install']
[0.160s] Level 1:colcon.colcon_core.package_identification:_identify(interfaz) by extension 'ignore'
[0.160s] Level 1:colcon.colcon_core.package_identification:_identify(interfaz) by extension 'ignore_ament_install'
[0.160s] Level 1:colcon.colcon_core.package_identification:_identify(interfaz) by extensions ['colcon_pkg']
[0.160s] Level 1:colcon.colcon_core.package_identification:_identify(interfaz) by extension 'colcon_pkg'
[0.160s] Level 1:colcon.colcon_core.package_identification:_identify(interfaz) by extensions ['colcon_meta']
[0.160s] Level 1:colcon.colcon_core.package_identification:_identify(interfaz) by extension 'colcon_meta'
[0.160s] Level 1:colcon.colcon_core.package_identification:_identify(interfaz) by extensions ['ros']
[0.160s] Level 1:colcon.colcon_core.package_identification:_identify(interfaz) by extension 'ros'
[0.162s] DEBUG:colcon.colcon_core.package_identification:Package 'interfaz' with type 'ros.ament_cmake' and name 'interfaz'
[0.162s] Level 1:colcon.colcon_core.package_identification:_identify(interfaz_servicio_suma) by extensions ['ignore', 'ignore_ament_install']
[0.162s] Level 1:colcon.colcon_core.package_identification:_identify(interfaz_servicio_suma) by extension 'ignore'
[0.162s] Level 1:colcon.colcon_core.package_identification:_identify(interfaz_servicio_suma) by extension 'ignore_ament_install'
[0.162s] Level 1:colcon.colcon_core.package_identification:_identify(interfaz_servicio_suma) by extensions ['colcon_pkg']
[0.162s] Level 1:colcon.colcon_core.package_identification:_identify(interfaz_servicio_suma) by extension 'colcon_pkg'
[0.162s] Level 1:colcon.colcon_core.package_identification:_identify(interfaz_servicio_suma) by extensions ['colcon_meta']
[0.162s] Level 1:colcon.colcon_core.package_identification:_identify(interfaz_servicio_suma) by extension 'colcon_meta'
[0.162s] Level 1:colcon.colcon_core.package_identification:_identify(interfaz_servicio_suma) by extensions ['ros']
[0.162s] Level 1:colcon.colcon_core.package_identification:_identify(interfaz_servicio_suma) by extension 'ros'
[0.162s] DEBUG:colcon.colcon_core.package_identification:Package 'interfaz_servicio_suma' with type 'ros.ament_cmake' and name 'interfaz_servicio_suma'
[0.162s] Level 1:colcon.colcon_core.package_identification:_identify(log) by extensions ['ignore', 'ignore_ament_install']
[0.162s] Level 1:colcon.colcon_core.package_identification:_identify(log) by extension 'ignore'
[0.162s] Level 1:colcon.colcon_core.package_identification:_identify(log) ignored
[0.162s] Level 1:colcon.colcon_core.package_identification:_identify(mipaquete) by extensions ['ignore', 'ignore_ament_install']
[0.162s] Level 1:colcon.colcon_core.package_identification:_identify(mipaquete) by extension 'ignore'
[0.162s] Level 1:colcon.colcon_core.package_identification:_identify(mipaquete) by extension 'ignore_ament_install'
[0.163s] Level 1:colcon.colcon_core.package_identification:_identify(mipaquete) by extensions ['colcon_pkg']
[0.163s] Level 1:colcon.colcon_core.package_identification:_identify(mipaquete) by extension 'colcon_pkg'
[0.163s] Level 1:colcon.colcon_core.package_identification:_identify(mipaquete) by extensions ['colcon_meta']
[0.163s] Level 1:colcon.colcon_core.package_identification:_identify(mipaquete) by extension 'colcon_meta'
[0.163s] Level 1:colcon.colcon_core.package_identification:_identify(mipaquete) by extensions ['ros']
[0.163s] Level 1:colcon.colcon_core.package_identification:_identify(mipaquete) by extension 'ros'
[0.163s] Level 1:colcon.colcon_core.package_identification:_identify(mipaquete) by extensions ['cmake', 'python']
[0.163s] Level 1:colcon.colcon_core.package_identification:_identify(mipaquete) by extension 'cmake'
[0.163s] Level 1:colcon.colcon_core.package_identification:_identify(mipaquete) by extension 'python'
[0.163s] Level 1:colcon.colcon_core.package_identification:_identify(mipaquete) by extensions ['python_setup_py']
[0.163s] Level 1:colcon.colcon_core.package_identification:_identify(mipaquete) by extension 'python_setup_py'
[0.163s] Level 1:colcon.colcon_core.package_identification:_identify(p2pkg) by extensions ['ignore', 'ignore_ament_install']
[0.163s] Level 1:colcon.colcon_core.package_identification:_identify(p2pkg) by extension 'ignore'
[0.163s] Level 1:colcon.colcon_core.package_identification:_identify(p2pkg) by extension 'ignore_ament_install'
[0.163s] Level 1:colcon.colcon_core.package_identification:_identify(p2pkg) by extensions ['colcon_pkg']
[0.163s] Level 1:colcon.colcon_core.package_identification:_identify(p2pkg) by extension 'colcon_pkg'
[0.163s] Level 1:colcon.colcon_core.package_identification:_identify(p2pkg) by extensions ['colcon_meta']
[0.163s] Level 1:colcon.colcon_core.package_identification:_identify(p2pkg) by extension 'colcon_meta'
[0.163s] Level 1:colcon.colcon_core.package_identification:_identify(p2pkg) by extensions ['ros']
[0.163s] Level 1:colcon.colcon_core.package_identification:_identify(p2pkg) by extension 'ros'
[0.163s] DEBUG:colcon.colcon_core.package_identification:Package 'p2pkg' with type 'ros.ament_python' and name 'p2pkg'
[0.164s] Level 1:colcon.colcon_core.package_identification:_identify(paquete1) by extensions ['ignore', 'ignore_ament_install']
[0.164s] Level 1:colcon.colcon_core.package_identification:_identify(paquete1) by extension 'ignore'
[0.164s] Level 1:colcon.colcon_core.package_identification:_identify(paquete1) by extension 'ignore_ament_install'
[0.164s] Level 1:colcon.colcon_core.package_identification:_identify(paquete1) by extensions ['colcon_pkg']
[0.164s] Level 1:colcon.colcon_core.package_identification:_identify(paquete1) by extension 'colcon_pkg'
[0.164s] Level 1:colcon.colcon_core.package_identification:_identify(paquete1) by extensions ['colcon_meta']
[0.164s] Level 1:colcon.colcon_core.package_identification:_identify(paquete1) by extension 'colcon_meta'
[0.164s] Level 1:colcon.colcon_core.package_identification:_identify(paquete1) by extensions ['ros']
[0.164s] Level 1:colcon.colcon_core.package_identification:_identify(paquete1) by extension 'ros'
[0.164s] DEBUG:colcon.colcon_core.package_identification:Package 'paquete1' with type 'ros.ament_python' and name 'paquete1'
[0.164s] Level 1:colcon.colcon_core.package_identification:_identify(primer_paquete) by extensions ['ignore', 'ignore_ament_install']
[0.164s] Level 1:colcon.colcon_core.package_identification:_identify(primer_paquete) by extension 'ignore'
[0.164s] Level 1:colcon.colcon_core.package_identification:_identify(primer_paquete) by extension 'ignore_ament_install'
[0.164s] Level 1:colcon.colcon_core.package_identification:_identify(primer_paquete) by extensions ['colcon_pkg']
[0.164s] Level 1:colcon.colcon_core.package_identification:_identify(primer_paquete) by extension 'colcon_pkg'
[0.164s] Level 1:colcon.colcon_core.package_identification:_identify(primer_paquete) by extensions ['colcon_meta']
[0.164s] Level 1:colcon.colcon_core.package_identification:_identify(primer_paquete) by extension 'colcon_meta'
[0.164s] Level 1:colcon.colcon_core.package_identification:_identify(primer_paquete) by extensions ['ros']
[0.164s] Level 1:colcon.colcon_core.package_identification:_identify(primer_paquete) by extension 'ros'
[0.165s] DEBUG:colcon.colcon_core.package_identification:Package 'primer_paquete' with type 'ros.ament_python' and name 'primer_paquete'
[0.165s] Level 1:colcon.colcon_core.package_identification:_identify(servicio_suma) by extensions ['ignore', 'ignore_ament_install']
[0.165s] Level 1:colcon.colcon_core.package_identification:_identify(servicio_suma) by extension 'ignore'
[0.165s] Level 1:colcon.colcon_core.package_identification:_identify(servicio_suma) by extension 'ignore_ament_install'
[0.165s] Level 1:colcon.colcon_core.package_identification:_identify(servicio_suma) by extensions ['colcon_pkg']
[0.165s] Level 1:colcon.colcon_core.package_identification:_identify(servicio_suma) by extension 'colcon_pkg'
[0.165s] Level 1:colcon.colcon_core.package_identification:_identify(servicio_suma) by extensions ['colcon_meta']
[0.165s] Level 1:colcon.colcon_core.package_identification:_identify(servicio_suma) by extension 'colcon_meta'
[0.165s] Level 1:colcon.colcon_core.package_identification:_identify(servicio_suma) by extensions ['ros']
[0.165s] Level 1:colcon.colcon_core.package_identification:_identify(servicio_suma) by extension 'ros'
[0.165s] DEBUG:colcon.colcon_core.package_identification:Package 'servicio_suma' with type 'ros.ament_python' and name 'servicio_suma'
[0.165s] Level 1:colcon.colcon_core.package_identification:_identify(vicpaq) by extensions ['ignore', 'ignore_ament_install']
[0.165s] Level 1:colcon.colcon_core.package_identification:_identify(vicpaq) by extension 'ignore'
[0.165s] Level 1:colcon.colcon_core.package_identification:_identify(vicpaq) by extension 'ignore_ament_install'
[0.165s] Level 1:colcon.colcon_core.package_identification:_identify(vicpaq) by extensions ['colcon_pkg']
[0.165s] Level 1:colcon.colcon_core.package_identification:_identify(vicpaq) by extension 'colcon_pkg'
[0.165s] Level 1:colcon.colcon_core.package_identification:_identify(vicpaq) by extensions ['colcon_meta']
[0.165s] Level 1:colcon.colcon_core.package_identification:_identify(vicpaq) by extension 'colcon_meta'
[0.165s] Level 1:colcon.colcon_core.package_identification:_identify(vicpaq) by extensions ['ros']
[0.166s] Level 1:colcon.colcon_core.package_identification:_identify(vicpaq) by extension 'ros'
[0.166s] DEBUG:colcon.colcon_core.package_identification:Package 'vicpaq' with type 'ros.ament_cmake' and name 'vicpaq'
[0.166s] Level 1:colcon.colcon_core.package_discovery:discover_packages(recursive) using defaults
[0.166s] Level 1:colcon.colcon_core.package_discovery:discover_packages(ignore) discover
[0.166s] Level 1:colcon.colcon_core.package_discovery:discover_packages(ignore) using defaults
[0.166s] Level 1:colcon.colcon_core.package_discovery:discover_packages(path) discover
[0.166s] Level 1:colcon.colcon_core.package_discovery:discover_packages(path) using defaults
[0.184s] Level 1:colcon.colcon_core.package_discovery:discover_packages(prefix_path) check parameters
[0.184s] Level 1:colcon.colcon_core.package_discovery:discover_packages(prefix_path) discover
[0.185s] WARNING:colcon.colcon_ros.prefix_path.ament:The path '/workspace/ros2_ws/install/interfaz' in the environment variable AMENT_PREFIX_PATH doesn't exist
[0.185s] WARNING:colcon.colcon_ros.prefix_path.catkin:The path '/workspace/ros2_ws/install/interfaz' in the environment variable CMAKE_PREFIX_PATH doesn't exist
[0.186s] DEBUG:colcon.colcon_installed_package_information.package_discovery:Found 1 installed packages in /workspace/ros2_ws/src/primer_paquete/install
[0.186s] DEBUG:colcon.colcon_installed_package_information.package_discovery:Found 7 installed packages in /workspace/ros2_ws/install
[0.187s] DEBUG:colcon.colcon_installed_package_information.package_discovery:Found 386 installed packages in /opt/ros/humble
[0.188s] Level 1:colcon.colcon_core.package_discovery:discover_packages(prefix_path) using defaults
[0.215s] Level 5:colcon.colcon_core.verb:set package 'interfaz' build argument 'cmake_args' from command line to 'None'
[0.215s] Level 5:colcon.colcon_core.verb:set package 'interfaz' build argument 'cmake_target' from command line to 'None'
[0.215s] Level 5:colcon.colcon_core.verb:set package 'interfaz' build argument 'cmake_target_skip_unavailable' from command line to 'False'
[0.215s] Level 5:colcon.colcon_core.verb:set package 'interfaz' build argument 'cmake_clean_cache' from command line to 'False'
[0.215s] Level 5:colcon.colcon_core.verb:set package 'interfaz' build argument 'cmake_clean_first' from command line to 'False'
[0.215s] Level 5:colcon.colcon_core.verb:set package 'interfaz' build argument 'cmake_force_configure' from command line to 'False'
[0.215s] Level 5:colcon.colcon_core.verb:set package 'interfaz' build argument 'ament_cmake_args' from command line to 'None'
[0.215s] Level 5:colcon.colcon_core.verb:set package 'interfaz' build argument 'catkin_cmake_args' from command line to 'None'
[0.215s] Level 5:colcon.colcon_core.verb:set package 'interfaz' build argument 'catkin_skip_building_tests' from command line to 'False'
[0.215s] DEBUG:colcon.colcon_core.verb:Building package 'interfaz' with the following arguments: {'ament_cmake_args': None, 'build_base': '/workspace/ros2_ws/src/build/interfaz', 'catkin_cmake_args': None, 'catkin_skip_building_tests': False, 'cmake_args': None, 'cmake_clean_cache': False, 'cmake_clean_first': False, 'cmake_force_configure': False, 'cmake_target': None, 'cmake_target_skip_unavailable': False, 'install_base': '/workspace/ros2_ws/src/install/interfaz', 'merge_install': False, 'path': '/workspace/ros2_ws/src/interfaz', 'symlink_install': False, 'test_result_base': None}
[0.215s] Level 5:colcon.colcon_core.verb:set package 'interfaz_servicio_suma' build argument 'cmake_args' from command line to 'None'
[0.215s] Level 5:colcon.colcon_core.verb:set package 'interfaz_servicio_suma' build argument 'cmake_target' from command line to 'None'
[0.215s] Level 5:colcon.colcon_core.verb:set package 'interfaz_servicio_suma' build argument 'cmake_target_skip_unavailable' from command line to 'False'
[0.215s] Level 5:colcon.colcon_core.verb:set package 'interfaz_servicio_suma' build argument 'cmake_clean_cache' from command line to 'False'
[0.215s] Level 5:colcon.colcon_core.verb:set package 'interfaz_servicio_suma' build argument 'cmake_clean_first' from command line to 'False'
[0.215s] Level 5:colcon.colcon_core.verb:set package 'interfaz_servicio_suma' build argument 'cmake_force_configure' from command line to 'False'
[0.215s] Level 5:colcon.colcon_core.verb:set package 'interfaz_servicio_suma' build argument 'ament_cmake_args' from command line to 'None'
[0.215s] Level 5:colcon.colcon_core.verb:set package 'interfaz_servicio_suma' build argument 'catkin_cmake_args' from command line to 'None'
[0.215s] Level 5:colcon.colcon_core.verb:set package 'interfaz_servicio_suma' build argument 'catkin_skip_building_tests' from command line to 'False'
[0.215s] DEBUG:colcon.colcon_core.verb:Building package 'interfaz_servicio_suma' with the following arguments: {'ament_cmake_args': None, 'build_base': '/workspace/ros2_ws/src/build/interfaz_servicio_suma', 'catkin_cmake_args': None, 'catkin_skip_building_tests': False, 'cmake_args': None, 'cmake_clean_cache': False, 'cmake_clean_first': False, 'cmake_force_configure': False, 'cmake_target': None, 'cmake_target_skip_unavailable': False, 'install_base': '/workspace/ros2_ws/src/install/interfaz_servicio_suma', 'merge_install': False, 'path': '/workspace/ros2_ws/src/interfaz_servicio_suma', 'symlink_install': False, 'test_result_base': None}
[0.215s] Level 5:colcon.colcon_core.verb:set package 'paquete1' build argument 'cmake_args' from command line to 'None'
[0.215s] Level 5:colcon.colcon_core.verb:set package 'paquete1' build argument 'cmake_target' from command line to 'None'
[0.215s] Level 5:colcon.colcon_core.verb:set package 'paquete1' build argument 'cmake_target_skip_unavailable' from command line to 'False'
[0.215s] Level 5:colcon.colcon_core.verb:set package 'paquete1' build argument 'cmake_clean_cache' from command line to 'False'
[0.215s] Level 5:colcon.colcon_core.verb:set package 'paquete1' build argument 'cmake_clean_first' from command line to 'False'
[0.215s] Level 5:colcon.colcon_core.verb:set package 'paquete1' build argument 'cmake_force_configure' from command line to 'False'
[0.215s] Level 5:colcon.colcon_core.verb:set package 'paquete1' build argument 'ament_cmake_args' from command line to 'None'
[0.215s] Level 5:colcon.colcon_core.verb:set package 'paquete1' build argument 'catkin_cmake_args' from command line to 'None'
[0.215s] Level 5:colcon.colcon_core.verb:set package 'paquete1' build argument 'catkin_skip_building_tests' from command line to 'False'
[0.215s] DEBUG:colcon.colcon_core.verb:Building package 'paquete1' with the following arguments: {'ament_cmake_args': None, 'build_base': '/workspace/ros2_ws/src/build/paquete1', 'catkin_cmake_args': None, 'catkin_skip_building_tests': False, 'cmake_args': None, 'cmake_clean_cache': False, 'cmake_clean_first': False, 'cmake_force_configure': False, 'cmake_target': None, 'cmake_target_skip_unavailable': False, 'install_base': '/workspace/ros2_ws/src/install/paquete1', 'merge_install': False, 'path': '/workspace/ros2_ws/src/paquete1', 'symlink_install': False, 'test_result_base': None}
[0.216s] Level 5:colcon.colcon_core.verb:set package 'vicpaq' build argument 'cmake_args' from command line to 'None'
[0.216s] Level 5:colcon.colcon_core.verb:set package 'vicpaq' build argument 'cmake_target' from command line to 'None'
[0.216s] Level 5:colcon.colcon_core.verb:set package 'vicpaq' build argument 'cmake_target_skip_unavailable' from command line to 'False'
[0.216s] Level 5:colcon.colcon_core.verb:set package 'vicpaq' build argument 'cmake_clean_cache' from command line to 'False'
[0.216s] Level 5:colcon.colcon_core.verb:set package 'vicpaq' build argument 'cmake_clean_first' from command line to 'False'
[0.216s] Level 5:colcon.colcon_core.verb:set package 'vicpaq' build argument 'cmake_force_configure' from command line to 'False'
[0.216s] Level 5:colcon.colcon_core.verb:set package 'vicpaq' build argument 'ament_cmake_args' from command line to 'None'
[0.216s] Level 5:colcon.colcon_core.verb:set package 'vicpaq' build argument 'catkin_cmake_args' from command line to 'None'
[0.216s] Level 5:colcon.colcon_core.verb:set package 'vicpaq' build argument 'catkin_skip_building_tests' from command line to 'False'
[0.216s] DEBUG:colcon.colcon_core.verb:Building package 'vicpaq' with the following arguments: {'ament_cmake_args': None, 'build_base': '/workspace/ros2_ws/src/build/vicpaq', 'catkin_cmake_args': None, 'catkin_skip_building_tests': False, 'cmake_args': None, 'cmake_clean_cache': False, 'cmake_clean_first': False, 'cmake_force_configure': False, 'cmake_target': None, 'cmake_target_skip_unavailable': False, 'install_base': '/workspace/ros2_ws/src/install/vicpaq', 'merge_install': False, 'path': '/workspace/ros2_ws/src/vicpaq', 'symlink_install': False, 'test_result_base': None}
[0.216s] Level 5:colcon.colcon_core.verb:set package 'p2pkg' build argument 'cmake_args' from command line to 'None'
[0.216s] Level 5:colcon.colcon_core.verb:set package 'p2pkg' build argument 'cmake_target' from command line to 'None'
[0.216s] Level 5:colcon.colcon_core.verb:set package 'p2pkg' build argument 'cmake_target_skip_unavailable' from command line to 'False'
[0.216s] Level 5:colcon.colcon_core.verb:set package 'p2pkg' build argument 'cmake_clean_cache' from command line to 'False'
[0.216s] Level 5:colcon.colcon_core.verb:set package 'p2pkg' build argument 'cmake_clean_first' from command line to 'False'
[0.216s] Level 5:colcon.colcon_core.verb:set package 'p2pkg' build argument 'cmake_force_configure' from command line to 'False'
[0.216s] Level 5:colcon.colcon_core.verb:set package 'p2pkg' build argument 'ament_cmake_args' from command line to 'None'
[0.216s] Level 5:colcon.colcon_core.verb:set package 'p2pkg' build argument 'catkin_cmake_args' from command line to 'None'
[0.216s] Level 5:colcon.colcon_core.verb:set package 'p2pkg' build argument 'catkin_skip_building_tests' from command line to 'False'
[0.216s] DEBUG:colcon.colcon_core.verb:Building package 'p2pkg' with the following arguments: {'ament_cmake_args': None, 'build_base': '/workspace/ros2_ws/src/build/p2pkg', 'catkin_cmake_args': None, 'catkin_skip_building_tests': False, 'cmake_args': None, 'cmake_clean_cache': False, 'cmake_clean_first': False, 'cmake_force_configure': False, 'cmake_target': None, 'cmake_target_skip_unavailable': False, 'install_base': '/workspace/ros2_ws/src/install/p2pkg', 'merge_install': False, 'path': '/workspace/ros2_ws/src/p2pkg', 'symlink_install': False, 'test_result_base': None}
[0.216s] Level 5:colcon.colcon_core.verb:set package 'primer_paquete' build argument 'cmake_args' from command line to 'None'
[0.216s] Level 5:colcon.colcon_core.verb:set package 'primer_paquete' build argument 'cmake_target' from command line to 'None'
[0.216s] Level 5:colcon.colcon_core.verb:set package 'primer_paquete' build argument 'cmake_target_skip_unavailable' from command line to 'False'
[0.216s] Level 5:colcon.colcon_core.verb:set package 'primer_paquete' build argument 'cmake_clean_cache' from command line to 'False'
[0.216s] Level 5:colcon.colcon_core.verb:set package 'primer_paquete' build argument 'cmake_clean_first' from command line to 'False'
[0.216s] Level 5:colcon.colcon_core.verb:set package 'primer_paquete' build argument 'cmake_force_configure' from command line to 'False'
[0.216s] Level 5:colcon.colcon_core.verb:set package 'primer_paquete' build argument 'ament_cmake_args' from command line to 'None'
[0.216s] Level 5:colcon.colcon_core.verb:set package 'primer_paquete' build argument 'catkin_cmake_args' from command line to 'None'
[0.216s] Level 5:colcon.colcon_core.verb:set package 'primer_paquete' build argument 'catkin_skip_building_tests' from command line to 'False'
[0.216s] DEBUG:colcon.colcon_core.verb:Building package 'primer_paquete' with the following arguments: {'ament_cmake_args': None, 'build_base': '/workspace/ros2_ws/src/build/primer_paquete', 'catkin_cmake_args': None, 'catkin_skip_building_tests': False, 'cmake_args': None, 'cmake_clean_cache': False, 'cmake_clean_first': False, 'cmake_force_configure': False, 'cmake_target': None, 'cmake_target_skip_unavailable': False, 'install_base': '/workspace/ros2_ws/src/install/primer_paquete', 'merge_install': False, 'path': '/workspace/ros2_ws/src/primer_paquete', 'symlink_install': False, 'test_result_base': None}
[0.217s] Level 5:colcon.colcon_core.verb:set package 'servicio_suma' build argument 'cmake_args' from command line to 'None'
[0.217s] Level 5:colcon.colcon_core.verb:set package 'servicio_suma' build argument 'cmake_target' from command line to 'None'
[0.217s] Level 5:colcon.colcon_core.verb:set package 'servicio_suma' build argument 'cmake_target_skip_unavailable' from command line to 'False'
[0.217s] Level 5:colcon.colcon_core.verb:set package 'servicio_suma' build argument 'cmake_clean_cache' from command line to 'False'
[0.217s] Level 5:colcon.colcon_core.verb:set package 'servicio_suma' build argument 'cmake_clean_first' from command line to 'False'
[0.217s] Level 5:colcon.colcon_core.verb:set package 'servicio_suma' build argument 'cmake_force_configure' from command line to 'False'
[0.217s] Level 5:colcon.colcon_core.verb:set package 'servicio_suma' build argument 'ament_cmake_args' from command line to 'None'
[0.217s] Level 5:colcon.colcon_core.verb:set package 'servicio_suma' build argument 'catkin_cmake_args' from command line to 'None'
[0.217s] Level 5:colcon.colcon_core.verb:set package 'servicio_suma' build argument 'catkin_skip_building_tests' from command line to 'False'
[0.217s] DEBUG:colcon.colcon_core.verb:Building package 'servicio_suma' with the following arguments: {'ament_cmake_args': None, 'build_base': '/workspace/ros2_ws/src/build/servicio_suma', 'catkin_cmake_args': None, 'catkin_skip_building_tests': False, 'cmake_args': None, 'cmake_clean_cache': False, 'cmake_clean_first': False, 'cmake_force_configure': False, 'cmake_target': None, 'cmake_target_skip_unavailable': False, 'install_base': '/workspace/ros2_ws/src/install/servicio_suma', 'merge_install': False, 'path': '/workspace/ros2_ws/src/servicio_suma', 'symlink_install': False, 'test_result_base': None}
[0.217s] INFO:colcon.colcon_core.executor:Executing jobs using 'parallel' executor
[0.218s] DEBUG:colcon.colcon_parallel_executor.executor.parallel:run_until_complete
[0.218s] INFO:colcon.colcon_ros.task.ament_cmake.build:Building ROS package in '/workspace/ros2_ws/src/interfaz' with build type 'ament_cmake'
[0.219s] INFO:colcon.colcon_cmake.task.cmake.build:Building CMake package in '/workspace/ros2_ws/src/interfaz'
[0.221s] INFO:colcon.colcon_core.plugin_system:Skipping extension 'colcon_core.shell.bat': Not used on non-Windows systems
[0.221s] INFO:colcon.colcon_core.shell:Skip shell extension 'powershell' for command environment: Not usable outside of PowerShell
[0.221s] DEBUG:colcon.colcon_core.shell:Skip shell extension 'dsv' for command environment
[0.225s] INFO:colcon.colcon_ros.task.ament_cmake.build:Building ROS package in '/workspace/ros2_ws/src/interfaz_servicio_suma' with build type 'ament_cmake'
[0.225s] INFO:colcon.colcon_cmake.task.cmake.build:Building CMake package in '/workspace/ros2_ws/src/interfaz_servicio_suma'
[0.225s] INFO:colcon.colcon_core.shell:Skip shell extension 'powershell' for command environment: Not usable outside of PowerShell
[0.225s] DEBUG:colcon.colcon_core.shell:Skip shell extension 'dsv' for command environment
[0.228s] INFO:colcon.colcon_ros.task.ament_python.build:Building ROS package in '/workspace/ros2_ws/src/paquete1' with build type 'ament_python'
[0.228s] Level 1:colcon.colcon_core.shell:create_environment_hook('paquete1', 'ament_prefix_path')
[0.228s] INFO:colcon.colcon_core.shell:Creating environment hook '/workspace/ros2_ws/src/install/paquete1/share/paquete1/hook/ament_prefix_path.ps1'
[0.229s] INFO:colcon.colcon_core.shell:Creating environment descriptor '/workspace/ros2_ws/src/install/paquete1/share/paquete1/hook/ament_prefix_path.dsv'
[0.229s] INFO:colcon.colcon_core.shell:Creating environment hook '/workspace/ros2_ws/src/install/paquete1/share/paquete1/hook/ament_prefix_path.sh'
[0.230s] INFO:colcon.colcon_core.shell:Skip shell extension 'powershell' for command environment: Not usable outside of PowerShell
[0.230s] DEBUG:colcon.colcon_core.shell:Skip shell extension 'dsv' for command environment
[0.232s] INFO:colcon.colcon_ros.task.ament_cmake.build:Building ROS package in '/workspace/ros2_ws/src/vicpaq' with build type 'ament_cmake'
[0.232s] INFO:colcon.colcon_cmake.task.cmake.build:Building CMake package in '/workspace/ros2_ws/src/vicpaq'
[0.232s] INFO:colcon.colcon_core.shell:Skip shell extension 'powershell' for command environment: Not usable outside of PowerShell
[0.233s] DEBUG:colcon.colcon_core.shell:Skip shell extension 'dsv' for command environment
[0.239s] DEBUG:colcon.colcon_core.event_handler.log_command:Invoking command in '/workspace/ros2_ws/src/build/interfaz': CMAKE_PREFIX_PATH=${CMAKE_PREFIX_PATH}:/workspace/ros2_ws/src/primer_paquete/install/primer_paquete:/workspace/ros2_ws/install/servicio_suma:/workspace/ros2_ws/install/primer_paquete:/workspace/ros2_ws/install/paquete1:/opt/ros/humble /usr/bin/cmake --build /workspace/ros2_ws/src/build/interfaz -- -j12 -l12
[0.242s] DEBUG:colcon.colcon_core.event_handler.log_command:Invoking command in '/workspace/ros2_ws/src/build/interfaz_servicio_suma': CMAKE_PREFIX_PATH=${CMAKE_PREFIX_PATH}:/workspace/ros2_ws/src/primer_paquete/install/primer_paquete:/workspace/ros2_ws/install/servicio_suma:/workspace/ros2_ws/install/primer_paquete:/workspace/ros2_ws/install/paquete1:/opt/ros/humble /usr/bin/cmake --build /workspace/ros2_ws/src/build/interfaz_servicio_suma -- -j12 -l12
[0.460s] INFO:colcon.colcon_core.task.python.build:Building Python package in '/workspace/ros2_ws/src/paquete1'
[0.461s] INFO:colcon.colcon_core.shell:Skip shell extension 'powershell' for command environment: Not usable outside of PowerShell
[0.461s] DEBUG:colcon.colcon_core.shell:Skip shell extension 'dsv' for command environment
[0.473s] DEBUG:colcon.colcon_core.event_handler.log_command:Invoking command in '/workspace/ros2_ws/src/build/vicpaq': CMAKE_PREFIX_PATH=${CMAKE_PREFIX_PATH}:/workspace/ros2_ws/src/primer_paquete/install/primer_paquete:/workspace/ros2_ws/install/servicio_suma:/workspace/ros2_ws/install/primer_paquete:/workspace/ros2_ws/install/paquete1:/opt/ros/humble /usr/bin/cmake --build /workspace/ros2_ws/src/build/vicpaq -- -j12 -l12
[0.518s] DEBUG:colcon.colcon_core.event_handler.log_command:Invoked command in '/workspace/ros2_ws/src/build/vicpaq' returned '0': CMAKE_PREFIX_PATH=${CMAKE_PREFIX_PATH}:/workspace/ros2_ws/src/primer_paquete/install/primer_paquete:/workspace/ros2_ws/install/servicio_suma:/workspace/ros2_ws/install/primer_paquete:/workspace/ros2_ws/install/paquete1:/opt/ros/humble /usr/bin/cmake --build /workspace/ros2_ws/src/build/vicpaq -- -j12 -l12
[0.529s] DEBUG:colcon.colcon_core.event_handler.log_command:Invoking command in '/workspace/ros2_ws/src/build/vicpaq': CMAKE_PREFIX_PATH=${CMAKE_PREFIX_PATH}:/workspace/ros2_ws/src/primer_paquete/install/primer_paquete:/workspace/ros2_ws/install/servicio_suma:/workspace/ros2_ws/install/primer_paquete:/workspace/ros2_ws/install/paquete1:/opt/ros/humble /usr/bin/cmake --install /workspace/ros2_ws/src/build/vicpaq
[0.540s] DEBUG:colcon.colcon_core.event_handler.log_command:Invoked command in '/workspace/ros2_ws/src/build/interfaz_servicio_suma' returned '0': CMAKE_PREFIX_PATH=${CMAKE_PREFIX_PATH}:/workspace/ros2_ws/src/primer_paquete/install/primer_paquete:/workspace/ros2_ws/install/servicio_suma:/workspace/ros2_ws/install/primer_paquete:/workspace/ros2_ws/install/paquete1:/opt/ros/humble /usr/bin/cmake --build /workspace/ros2_ws/src/build/interfaz_servicio_suma -- -j12 -l12
[0.541s] DEBUG:colcon.colcon_core.event_handler.log_command:Invoking command in '/workspace/ros2_ws/src/build/interfaz_servicio_suma': CMAKE_PREFIX_PATH=${CMAKE_PREFIX_PATH}:/workspace/ros2_ws/src/primer_paquete/install/primer_paquete:/workspace/ros2_ws/install/servicio_suma:/workspace/ros2_ws/install/primer_paquete:/workspace/ros2_ws/install/paquete1:/opt/ros/humble /usr/bin/cmake --install /workspace/ros2_ws/src/build/interfaz_servicio_suma
[0.542s] Level 1:colcon.colcon_core.environment:create_environment_scripts_only(vicpaq)
[0.542s] DEBUG:colcon.colcon_core.event_handler.log_command:Invoked command in '/workspace/ros2_ws/src/build/vicpaq' returned '0': CMAKE_PREFIX_PATH=${CMAKE_PREFIX_PATH}:/workspace/ros2_ws/src/primer_paquete/install/primer_paquete:/workspace/ros2_ws/install/servicio_suma:/workspace/ros2_ws/install/primer_paquete:/workspace/ros2_ws/install/paquete1:/opt/ros/humble /usr/bin/cmake --install /workspace/ros2_ws/src/build/vicpaq
[0.544s] Level 1:colcon.colcon_core.environment:checking '/workspace/ros2_ws/src/install/vicpaq' for CMake module files
[0.545s] Level 1:colcon.colcon_core.environment:checking '/workspace/ros2_ws/src/install/vicpaq' for CMake config files
[0.545s] Level 1:colcon.colcon_core.shell:create_environment_hook('vicpaq', 'cmake_prefix_path')
[0.545s] INFO:colcon.colcon_core.shell:Creating environment hook '/workspace/ros2_ws/src/install/vicpaq/share/vicpaq/hook/cmake_prefix_path.ps1'
[0.546s] INFO:colcon.colcon_core.shell:Creating environment descriptor '/workspace/ros2_ws/src/install/vicpaq/share/vicpaq/hook/cmake_prefix_path.dsv'
[0.546s] INFO:colcon.colcon_core.shell:Creating environment hook '/workspace/ros2_ws/src/install/vicpaq/share/vicpaq/hook/cmake_prefix_path.sh'
[0.547s] Level 1:colcon.colcon_core.environment:checking '/workspace/ros2_ws/src/install/vicpaq/bin'
[0.547s] Level 1:colcon.colcon_core.environment:checking '/workspace/ros2_ws/src/install/vicpaq/lib/pkgconfig/vicpaq.pc'
[0.547s] Level 1:colcon.colcon_core.environment:checking '/workspace/ros2_ws/src/install/vicpaq/lib/python3.10/site-packages'
[0.547s] Level 1:colcon.colcon_core.environment:checking '/workspace/ros2_ws/src/install/vicpaq/bin'
[0.548s] INFO:colcon.colcon_core.shell:Creating package script '/workspace/ros2_ws/src/install/vicpaq/share/vicpaq/package.ps1'
[0.548s] INFO:colcon.colcon_core.shell:Creating package descriptor '/workspace/ros2_ws/src/install/vicpaq/share/vicpaq/package.dsv'
[0.549s] INFO:colcon.colcon_core.shell:Creating package script '/workspace/ros2_ws/src/install/vicpaq/share/vicpaq/package.sh'
[0.550s] INFO:colcon.colcon_core.shell:Creating package script '/workspace/ros2_ws/src/install/vicpaq/share/vicpaq/package.bash'
[0.551s] INFO:colcon.colcon_core.shell:Creating package script '/workspace/ros2_ws/src/install/vicpaq/share/vicpaq/package.zsh'
[0.552s] Level 1:colcon.colcon_core.environment:create_file_with_runtime_dependencies(/workspace/ros2_ws/src/install/vicpaq/share/colcon-core/packages/vicpaq)
[0.555s] Level 1:colcon.colcon_core.environment:create_environment_scripts_only(vicpaq)
[0.556s] Level 1:colcon.colcon_core.environment:checking '/workspace/ros2_ws/src/install/vicpaq' for CMake module files
[0.559s] Level 1:colcon.colcon_core.environment:checking '/workspace/ros2_ws/src/install/vicpaq' for CMake config files
[0.563s] Level 1:colcon.colcon_core.shell:create_environment_hook('vicpaq', 'cmake_prefix_path')
[0.563s] INFO:colcon.colcon_core.shell:Creating environment hook '/workspace/ros2_ws/src/install/vicpaq/share/vicpaq/hook/cmake_prefix_path.ps1'
[0.564s] INFO:colcon.colcon_core.shell:Creating environment descriptor '/workspace/ros2_ws/src/install/vicpaq/share/vicpaq/hook/cmake_prefix_path.dsv'
[0.564s] INFO:colcon.colcon_core.shell:Creating environment hook '/workspace/ros2_ws/src/install/vicpaq/share/vicpaq/hook/cmake_prefix_path.sh'
[0.565s] Level 1:colcon.colcon_core.environment:checking '/workspace/ros2_ws/src/install/vicpaq/bin'
[0.565s] Level 1:colcon.colcon_core.environment:checking '/workspace/ros2_ws/src/install/vicpaq/lib/pkgconfig/vicpaq.pc'
[0.565s] Level 1:colcon.colcon_core.environment:checking '/workspace/ros2_ws/src/install/vicpaq/lib/python3.10/site-packages'
[0.566s] Level 1:colcon.colcon_core.environment:checking '/workspace/ros2_ws/src/install/vicpaq/bin'
[0.566s] INFO:colcon.colcon_core.shell:Creating package script '/workspace/ros2_ws/src/install/vicpaq/share/vicpaq/package.ps1'
[0.567s] INFO:colcon.colcon_core.shell:Creating package descriptor '/workspace/ros2_ws/src/install/vicpaq/share/vicpaq/package.dsv'
[0.567s] INFO:colcon.colcon_core.shell:Creating package script '/workspace/ros2_ws/src/install/vicpaq/share/vicpaq/package.sh'
[0.568s] INFO:colcon.colcon_core.shell:Creating package script '/workspace/ros2_ws/src/install/vicpaq/share/vicpaq/package.bash'
[0.568s] INFO:colcon.colcon_core.shell:Creating package script '/workspace/ros2_ws/src/install/vicpaq/share/vicpaq/package.zsh'
[0.569s] Level 1:colcon.colcon_core.environment:create_file_with_runtime_dependencies(/workspace/ros2_ws/src/install/vicpaq/share/colcon-core/packages/vicpaq)
[0.601s] Level 1:colcon.colcon_core.environment:create_environment_scripts_only(interfaz_servicio_suma)
[0.601s] Level 1:colcon.colcon_core.environment:checking '/workspace/ros2_ws/src/install/interfaz_servicio_suma' for CMake module files
[0.601s] DEBUG:colcon.colcon_core.event_handler.log_command:Invoked command in '/workspace/ros2_ws/src/build/interfaz_servicio_suma' returned '0': CMAKE_PREFIX_PATH=${CMAKE_PREFIX_PATH}:/workspace/ros2_ws/src/primer_paquete/install/primer_paquete:/workspace/ros2_ws/install/servicio_suma:/workspace/ros2_ws/install/primer_paquete:/workspace/ros2_ws/install/paquete1:/opt/ros/humble /usr/bin/cmake --install /workspace/ros2_ws/src/build/interfaz_servicio_suma
[0.602s] Level 1:colcon.colcon_core.environment:checking '/workspace/ros2_ws/src/install/interfaz_servicio_suma' for CMake config files
[0.603s] Level 1:colcon.colcon_core.shell:create_environment_hook('interfaz_servicio_suma', 'cmake_prefix_path')
[0.603s] INFO:colcon.colcon_core.shell:Creating environment hook '/workspace/ros2_ws/src/install/interfaz_servicio_suma/share/interfaz_servicio_suma/hook/cmake_prefix_path.ps1'
[0.604s] INFO:colcon.colcon_core.shell:Creating environment descriptor '/workspace/ros2_ws/src/install/interfaz_servicio_suma/share/interfaz_servicio_suma/hook/cmake_prefix_path.dsv'
[0.604s] INFO:colcon.colcon_core.shell:Creating environment hook '/workspace/ros2_ws/src/install/interfaz_servicio_suma/share/interfaz_servicio_suma/hook/cmake_prefix_path.sh'
[0.605s] Level 1:colcon.colcon_core.environment:checking '/workspace/ros2_ws/src/install/interfaz_servicio_suma/lib'
[0.605s] Level 1:colcon.colcon_core.shell:create_environment_hook('interfaz_servicio_suma', 'ld_library_path_lib')
[0.606s] INFO:colcon.colcon_core.shell:Creating environment hook '/workspace/ros2_ws/src/install/interfaz_servicio_suma/share/interfaz_servicio_suma/hook/ld_library_path_lib.ps1'
[0.606s] INFO:colcon.colcon_core.shell:Creating environment descriptor '/workspace/ros2_ws/src/install/interfaz_servicio_suma/share/interfaz_servicio_suma/hook/ld_library_path_lib.dsv'
[0.607s] INFO:colcon.colcon_core.shell:Creating environment hook '/workspace/ros2_ws/src/install/interfaz_servicio_suma/share/interfaz_servicio_suma/hook/ld_library_path_lib.sh'
[0.607s] Level 1:colcon.colcon_core.environment:checking '/workspace/ros2_ws/src/install/interfaz_servicio_suma/bin'
[0.607s] Level 1:colcon.colcon_core.environment:checking '/workspace/ros2_ws/src/install/interfaz_servicio_suma/lib/pkgconfig/interfaz_servicio_suma.pc'
[0.607s] Level 1:colcon.colcon_core.environment:checking '/workspace/ros2_ws/src/install/interfaz_servicio_suma/lib/python3.10/site-packages'
[0.608s] Level 1:colcon.colcon_core.environment:checking '/workspace/ros2_ws/src/install/interfaz_servicio_suma/bin'
[0.608s] INFO:colcon.colcon_core.shell:Creating package script '/workspace/ros2_ws/src/install/interfaz_servicio_suma/share/interfaz_servicio_suma/package.ps1'
[0.609s] INFO:colcon.colcon_core.shell:Creating package descriptor '/workspace/ros2_ws/src/install/interfaz_servicio_suma/share/interfaz_servicio_suma/package.dsv'
[0.609s] INFO:colcon.colcon_core.shell:Creating package script '/workspace/ros2_ws/src/install/interfaz_servicio_suma/share/interfaz_servicio_suma/package.sh'
[0.609s] INFO:colcon.colcon_core.shell:Creating package script '/workspace/ros2_ws/src/install/interfaz_servicio_suma/share/interfaz_servicio_suma/package.bash'
[0.609s] INFO:colcon.colcon_core.shell:Creating package script '/workspace/ros2_ws/src/install/interfaz_servicio_suma/share/interfaz_servicio_suma/package.zsh'
[0.610s] Level 1:colcon.colcon_core.environment:create_file_with_runtime_dependencies(/workspace/ros2_ws/src/install/interfaz_servicio_suma/share/colcon-core/packages/interfaz_servicio_suma)
[0.610s] Level 1:colcon.colcon_core.environment:create_environment_scripts_only(interfaz_servicio_suma)
[0.610s] Level 1:colcon.colcon_core.environment:checking '/workspace/ros2_ws/src/install/interfaz_servicio_suma' for CMake module files
[0.611s] Level 1:colcon.colcon_core.environment:checking '/workspace/ros2_ws/src/install/interfaz_servicio_suma' for CMake config files
[0.611s] Level 1:colcon.colcon_core.shell:create_environment_hook('interfaz_servicio_suma', 'cmake_prefix_path')
[0.611s] INFO:colcon.colcon_core.shell:Creating environment hook '/workspace/ros2_ws/src/install/interfaz_servicio_suma/share/interfaz_servicio_suma/hook/cmake_prefix_path.ps1'
[0.612s] INFO:colcon.colcon_core.shell:Creating environment descriptor '/workspace/ros2_ws/src/install/interfaz_servicio_suma/share/interfaz_servicio_suma/hook/cmake_prefix_path.dsv'
[0.612s] INFO:colcon.colcon_core.shell:Creating environment hook '/workspace/ros2_ws/src/install/interfaz_servicio_suma/share/interfaz_servicio_suma/hook/cmake_prefix_path.sh'
[0.613s] Level 1:colcon.colcon_core.environment:checking '/workspace/ros2_ws/src/install/interfaz_servicio_suma/lib'
[0.613s] Level 1:colcon.colcon_core.shell:create_environment_hook('interfaz_servicio_suma', 'ld_library_path_lib')
[0.613s] INFO:colcon.colcon_core.shell:Creating environment hook '/workspace/ros2_ws/src/install/interfaz_servicio_suma/share/interfaz_servicio_suma/hook/ld_library_path_lib.ps1'
[0.613s] INFO:colcon.colcon_core.shell:Creating environment descriptor '/workspace/ros2_ws/src/install/interfaz_servicio_suma/share/interfaz_servicio_suma/hook/ld_library_path_lib.dsv'
[0.613s] INFO:colcon.colcon_core.shell:Creating environment hook '/workspace/ros2_ws/src/install/interfaz_servicio_suma/share/interfaz_servicio_suma/hook/ld_library_path_lib.sh'
[0.614s] Level 1:colcon.colcon_core.environment:checking '/workspace/ros2_ws/src/install/interfaz_servicio_suma/bin'
[0.614s] Level 1:colcon.colcon_core.environment:checking '/workspace/ros2_ws/src/install/interfaz_servicio_suma/lib/pkgconfig/interfaz_servicio_suma.pc'
[0.614s] Level 1:colcon.colcon_core.environment:checking '/workspace/ros2_ws/src/install/interfaz_servicio_suma/lib/python3.10/site-packages'
[0.614s] Level 1:colcon.colcon_core.environment:checking '/workspace/ros2_ws/src/install/interfaz_servicio_suma/bin'
[0.614s] INFO:colcon.colcon_core.shell:Creating package script '/workspace/ros2_ws/src/install/interfaz_servicio_suma/share/interfaz_servicio_suma/package.ps1'
[0.615s] INFO:colcon.colcon_core.shell:Creating package descriptor '/workspace/ros2_ws/src/install/interfaz_servicio_suma/share/interfaz_servicio_suma/package.dsv'
[0.615s] INFO:colcon.colcon_core.shell:Creating package script '/workspace/ros2_ws/src/install/interfaz_servicio_suma/share/interfaz_servicio_suma/package.sh'
[0.615s] INFO:colcon.colcon_core.shell:Creating package script '/workspace/ros2_ws/src/install/interfaz_servicio_suma/share/interfaz_servicio_suma/package.bash'
[0.616s] INFO:colcon.colcon_core.shell:Creating package script '/workspace/ros2_ws/src/install/interfaz_servicio_suma/share/interfaz_servicio_suma/package.zsh'
[0.616s] Level 1:colcon.colcon_core.environment:create_file_with_runtime_dependencies(/workspace/ros2_ws/src/install/interfaz_servicio_suma/share/colcon-core/packages/interfaz_servicio_suma)
[0.616s] INFO:colcon.colcon_ros.task.ament_python.build:Building ROS package in '/workspace/ros2_ws/src/servicio_suma' with build type 'ament_python'
[0.616s] Level 1:colcon.colcon_core.shell:create_environment_hook('servicio_suma', 'ament_prefix_path')
[0.617s] INFO:colcon.colcon_core.shell:Creating environment hook '/workspace/ros2_ws/src/install/servicio_suma/share/servicio_suma/hook/ament_prefix_path.ps1'
[0.617s] INFO:colcon.colcon_core.shell:Creating environment descriptor '/workspace/ros2_ws/src/install/servicio_suma/share/servicio_suma/hook/ament_prefix_path.dsv'
[0.618s] INFO:colcon.colcon_core.shell:Creating environment hook '/workspace/ros2_ws/src/install/servicio_suma/share/servicio_suma/hook/ament_prefix_path.sh'
[0.618s] INFO:colcon.colcon_core.shell:Skip shell extension 'powershell' for command environment: Not usable outside of PowerShell
[0.619s] DEBUG:colcon.colcon_core.shell:Skip shell extension 'dsv' for command environment
[0.840s] INFO:colcon.colcon_core.task.python.build:Building Python package in '/workspace/ros2_ws/src/servicio_suma'
[0.840s] INFO:colcon.colcon_core.shell:Skip shell extension 'powershell' for command environment: Not usable outside of PowerShell
[0.841s] DEBUG:colcon.colcon_core.shell:Skip shell extension 'dsv' for command environment
[0.906s] DEBUG:colcon.colcon_core.event_handler.log_command:Invoking command in '/workspace/ros2_ws/src/paquete1': PYTHONPATH=/workspace/ros2_ws/src/build/paquete1/prefix_override:/usr/lib/python3/dist-packages/colcon_core/task/python/colcon_distutils_commands:/workspace/ros2_ws/src/install/paquete1/lib/python3.10/site-packages:${PYTHONPATH} /usr/bin/python3 -W ignore:setup.py install is deprecated -W ignore:easy_install command is deprecated setup.py egg_info --egg-base ../build/paquete1 build --build-base /workspace/ros2_ws/src/build/paquete1/build install --record /workspace/ros2_ws/src/build/paquete1/install.log --single-version-externally-managed install_data
[1.132s] Level 1:colcon.colcon_core.environment:checking '/workspace/ros2_ws/src/install/paquete1' for CMake module files
[1.132s] DEBUG:colcon.colcon_core.event_handler.log_command:Invoked command in '/workspace/ros2_ws/src/paquete1' returned '0': PYTHONPATH=/workspace/ros2_ws/src/build/paquete1/prefix_override:/usr/lib/python3/dist-packages/colcon_core/task/python/colcon_distutils_commands:/workspace/ros2_ws/src/install/paquete1/lib/python3.10/site-packages:${PYTHONPATH} /usr/bin/python3 -W ignore:setup.py install is deprecated -W ignore:easy_install command is deprecated setup.py egg_info --egg-base ../build/paquete1 build --build-base /workspace/ros2_ws/src/build/paquete1/build install --record /workspace/ros2_ws/src/build/paquete1/install.log --single-version-externally-managed install_data
[1.133s] Level 1:colcon.colcon_core.environment:checking '/workspace/ros2_ws/src/install/paquete1' for CMake config files
[1.133s] Level 1:colcon.colcon_core.environment:checking '/workspace/ros2_ws/src/install/paquete1/lib'
[1.133s] Level 1:colcon.colcon_core.environment:checking '/workspace/ros2_ws/src/install/paquete1/bin'
[1.133s] Level 1:colcon.colcon_core.environment:checking '/workspace/ros2_ws/src/install/paquete1/lib/pkgconfig/paquete1.pc'
[1.134s] Level 1:colcon.colcon_core.environment:checking '/workspace/ros2_ws/src/install/paquete1/lib/python3.10/site-packages'
[1.134s] Level 1:colcon.colcon_core.shell:create_environment_hook('paquete1', 'pythonpath')
[1.134s] INFO:colcon.colcon_core.shell:Creating environment hook '/workspace/ros2_ws/src/install/paquete1/share/paquete1/hook/pythonpath.ps1'
[1.135s] INFO:colcon.colcon_core.shell:Creating environment descriptor '/workspace/ros2_ws/src/install/paquete1/share/paquete1/hook/pythonpath.dsv'
[1.135s] INFO:colcon.colcon_core.shell:Creating environment hook '/workspace/ros2_ws/src/install/paquete1/share/paquete1/hook/pythonpath.sh'
[1.136s] Level 1:colcon.colcon_core.environment:checking '/workspace/ros2_ws/src/install/paquete1/bin'
[1.136s] Level 1:colcon.colcon_core.environment:create_environment_scripts_only(paquete1)
[1.136s] INFO:colcon.colcon_core.shell:Creating package script '/workspace/ros2_ws/src/install/paquete1/share/paquete1/package.ps1'
[1.137s] INFO:colcon.colcon_core.shell:Creating package descriptor '/workspace/ros2_ws/src/install/paquete1/share/paquete1/package.dsv'
[1.137s] INFO:colcon.colcon_core.shell:Creating package script '/workspace/ros2_ws/src/install/paquete1/share/paquete1/package.sh'
[1.138s] INFO:colcon.colcon_core.shell:Creating package script '/workspace/ros2_ws/src/install/paquete1/share/paquete1/package.bash'
[1.138s] INFO:colcon.colcon_core.shell:Creating package script '/workspace/ros2_ws/src/install/paquete1/share/paquete1/package.zsh'
[1.139s] Level 1:colcon.colcon_core.environment:create_file_with_runtime_dependencies(/workspace/ros2_ws/src/install/paquete1/share/colcon-core/packages/paquete1)
[1.241s] DEBUG:colcon.colcon_core.event_handler.log_command:Invoking command in '/workspace/ros2_ws/src/servicio_suma': AMENT_PREFIX_PATH=/workspace/ros2_ws/src/install/interfaz_servicio_suma:${AMENT_PREFIX_PATH} CMAKE_PREFIX_PATH=/workspace/ros2_ws/src/install/interfaz_servicio_suma:${CMAKE_PREFIX_PATH} LD_LIBRARY_PATH=/workspace/ros2_ws/src/install/interfaz_servicio_suma/lib:${LD_LIBRARY_PATH} PYTHONPATH=/workspace/ros2_ws/src/build/servicio_suma/prefix_override:/usr/lib/python3/dist-packages/colcon_core/task/python/colcon_distutils_commands:/workspace/ros2_ws/src/install/servicio_suma/lib/python3.10/site-packages:/workspace/ros2_ws/src/install/interfaz_servicio_suma/local/lib/python3.10/dist-packages:${PYTHONPATH} /usr/bin/python3 -W ignore:setup.py install is deprecated -W ignore:easy_install command is deprecated setup.py egg_info --egg-base ../build/servicio_suma build --build-base /workspace/ros2_ws/src/build/servicio_suma/build install --record /workspace/ros2_ws/src/build/servicio_suma/install.log --single-version-externally-managed install_data
[1.457s] Level 1:colcon.colcon_core.environment:checking '/workspace/ros2_ws/src/install/servicio_suma' for CMake module files
[1.457s] DEBUG:colcon.colcon_core.event_handler.log_command:Invoked command in '/workspace/ros2_ws/src/servicio_suma' returned '0': AMENT_PREFIX_PATH=/workspace/ros2_ws/src/install/interfaz_servicio_suma:${AMENT_PREFIX_PATH} CMAKE_PREFIX_PATH=/workspace/ros2_ws/src/install/interfaz_servicio_suma:${CMAKE_PREFIX_PATH} LD_LIBRARY_PATH=/workspace/ros2_ws/src/install/interfaz_servicio_suma/lib:${LD_LIBRARY_PATH} PYTHONPATH=/workspace/ros2_ws/src/build/servicio_suma/prefix_override:/usr/lib/python3/dist-packages/colcon_core/task/python/colcon_distutils_commands:/workspace/ros2_ws/src/install/servicio_suma/lib/python3.10/site-packages:/workspace/ros2_ws/src/install/interfaz_servicio_suma/local/lib/python3.10/dist-packages:${PYTHONPATH} /usr/bin/python3 -W ignore:setup.py install is deprecated -W ignore:easy_install command is deprecated setup.py egg_info --egg-base ../build/servicio_suma build --build-base /workspace/ros2_ws/src/build/servicio_suma/build install --record /workspace/ros2_ws/src/build/servicio_suma/install.log --single-version-externally-managed install_data
[1.457s] Level 1:colcon.colcon_core.environment:checking '/workspace/ros2_ws/src/install/servicio_suma' for CMake config files
[1.458s] Level 1:colcon.colcon_core.environment:checking '/workspace/ros2_ws/src/install/servicio_suma/lib'
[1.458s] Level 1:colcon.colcon_core.environment:checking '/workspace/ros2_ws/src/install/servicio_suma/bin'
[1.458s] Level 1:colcon.colcon_core.environment:checking '/workspace/ros2_ws/src/install/servicio_suma/lib/pkgconfig/servicio_suma.pc'
[1.459s] Level 1:colcon.colcon_core.environment:checking '/workspace/ros2_ws/src/install/servicio_suma/lib/python3.10/site-packages'
[1.459s] Level 1:colcon.colcon_core.shell:create_environment_hook('servicio_suma', 'pythonpath')
[1.459s] INFO:colcon.colcon_core.shell:Creating environment hook '/workspace/ros2_ws/src/install/servicio_suma/share/servicio_suma/hook/pythonpath.ps1'
[1.459s] INFO:colcon.colcon_core.shell:Creating environment descriptor '/workspace/ros2_ws/src/install/servicio_suma/share/servicio_suma/hook/pythonpath.dsv'
[1.460s] INFO:colcon.colcon_core.shell:Creating environment hook '/workspace/ros2_ws/src/install/servicio_suma/share/servicio_suma/hook/pythonpath.sh'
[1.461s] Level 1:colcon.colcon_core.environment:checking '/workspace/ros2_ws/src/install/servicio_suma/bin'
[1.461s] Level 1:colcon.colcon_core.environment:create_environment_scripts_only(servicio_suma)
[1.461s] INFO:colcon.colcon_core.shell:Creating package script '/workspace/ros2_ws/src/install/servicio_suma/share/servicio_suma/package.ps1'
[1.462s] INFO:colcon.colcon_core.shell:Creating package descriptor '/workspace/ros2_ws/src/install/servicio_suma/share/servicio_suma/package.dsv'
[1.462s] INFO:colcon.colcon_core.shell:Creating package script '/workspace/ros2_ws/src/install/servicio_suma/share/servicio_suma/package.sh'
[1.463s] INFO:colcon.colcon_core.shell:Creating package script '/workspace/ros2_ws/src/install/servicio_suma/share/servicio_suma/package.bash'
[1.463s] INFO:colcon.colcon_core.shell:Creating package script '/workspace/ros2_ws/src/install/servicio_suma/share/servicio_suma/package.zsh'
[1.464s] Level 1:colcon.colcon_core.environment:create_file_with_runtime_dependencies(/workspace/ros2_ws/src/install/servicio_suma/share/colcon-core/packages/servicio_suma)
[4.623s] DEBUG:colcon.colcon_core.event_handler.log_command:Invoked command in '/workspace/ros2_ws/src/build/interfaz' returned '0': CMAKE_PREFIX_PATH=${CMAKE_PREFIX_PATH}:/workspace/ros2_ws/src/primer_paquete/install/primer_paquete:/workspace/ros2_ws/install/servicio_suma:/workspace/ros2_ws/install/primer_paquete:/workspace/ros2_ws/install/paquete1:/opt/ros/humble /usr/bin/cmake --build /workspace/ros2_ws/src/build/interfaz -- -j12 -l12
[4.625s] DEBUG:colcon.colcon_core.event_handler.log_command:Invoking command in '/workspace/ros2_ws/src/build/interfaz': CMAKE_PREFIX_PATH=${CMAKE_PREFIX_PATH}:/workspace/ros2_ws/src/primer_paquete/install/primer_paquete:/workspace/ros2_ws/install/servicio_suma:/workspace/ros2_ws/install/primer_paquete:/workspace/ros2_ws/install/paquete1:/opt/ros/humble /usr/bin/cmake --install /workspace/ros2_ws/src/build/interfaz
[4.698s] Level 1:colcon.colcon_core.environment:create_environment_scripts_only(interfaz)
[4.699s] Level 1:colcon.colcon_core.environment:checking '/workspace/ros2_ws/src/install/interfaz' for CMake module files
[4.699s] DEBUG:colcon.colcon_core.event_handler.log_command:Invoked command in '/workspace/ros2_ws/src/build/interfaz' returned '0': CMAKE_PREFIX_PATH=${CMAKE_PREFIX_PATH}:/workspace/ros2_ws/src/primer_paquete/install/primer_paquete:/workspace/ros2_ws/install/servicio_suma:/workspace/ros2_ws/install/primer_paquete:/workspace/ros2_ws/install/paquete1:/opt/ros/humble /usr/bin/cmake --install /workspace/ros2_ws/src/build/interfaz
[4.700s] Level 1:colcon.colcon_core.environment:checking '/workspace/ros2_ws/src/install/interfaz' for CMake config files
[4.701s] Level 1:colcon.colcon_core.shell:create_environment_hook('interfaz', 'cmake_prefix_path')
[4.701s] INFO:colcon.colcon_core.shell:Creating environment hook '/workspace/ros2_ws/src/install/interfaz/share/interfaz/hook/cmake_prefix_path.ps1'
[4.702s] INFO:colcon.colcon_core.shell:Creating environment descriptor '/workspace/ros2_ws/src/install/interfaz/share/interfaz/hook/cmake_prefix_path.dsv'
[4.703s] INFO:colcon.colcon_core.shell:Creating environment hook '/workspace/ros2_ws/src/install/interfaz/share/interfaz/hook/cmake_prefix_path.sh'
[4.703s] Level 1:colcon.colcon_core.environment:checking '/workspace/ros2_ws/src/install/interfaz/lib'
[4.703s] Level 1:colcon.colcon_core.shell:create_environment_hook('interfaz', 'ld_library_path_lib')
[4.704s] INFO:colcon.colcon_core.shell:Creating environment hook '/workspace/ros2_ws/src/install/interfaz/share/interfaz/hook/ld_library_path_lib.ps1'
[4.704s] INFO:colcon.colcon_core.shell:Creating environment descriptor '/workspace/ros2_ws/src/install/interfaz/share/interfaz/hook/ld_library_path_lib.dsv'
[4.704s] INFO:colcon.colcon_core.shell:Creating environment hook '/workspace/ros2_ws/src/install/interfaz/share/interfaz/hook/ld_library_path_lib.sh'
[4.705s] Level 1:colcon.colcon_core.environment:checking '/workspace/ros2_ws/src/install/interfaz/bin'
[4.705s] Level 1:colcon.colcon_core.environment:checking '/workspace/ros2_ws/src/install/interfaz/lib/pkgconfig/interfaz.pc'
[4.705s] Level 1:colcon.colcon_core.environment:checking '/workspace/ros2_ws/src/install/interfaz/lib/python3.10/site-packages'
[4.706s] Level 1:colcon.colcon_core.environment:checking '/workspace/ros2_ws/src/install/interfaz/bin'
[4.706s] INFO:colcon.colcon_core.shell:Creating package script '/workspace/ros2_ws/src/install/interfaz/share/interfaz/package.ps1'
[4.707s] INFO:colcon.colcon_core.shell:Creating package descriptor '/workspace/ros2_ws/src/install/interfaz/share/interfaz/package.dsv'
[4.707s] INFO:colcon.colcon_core.shell:Creating package script '/workspace/ros2_ws/src/install/interfaz/share/interfaz/package.sh'
[4.708s] INFO:colcon.colcon_core.shell:Creating package script '/workspace/ros2_ws/src/install/interfaz/share/interfaz/package.bash'
[4.708s] INFO:colcon.colcon_core.shell:Creating package script '/workspace/ros2_ws/src/install/interfaz/share/interfaz/package.zsh'
[4.708s] Level 1:colcon.colcon_core.environment:create_file_with_runtime_dependencies(/workspace/ros2_ws/src/install/interfaz/share/colcon-core/packages/interfaz)
[4.709s] Level 1:colcon.colcon_core.environment:create_environment_scripts_only(interfaz)
[4.709s] Level 1:colcon.colcon_core.environment:checking '/workspace/ros2_ws/src/install/interfaz' for CMake module files
[4.710s] Level 1:colcon.colcon_core.environment:checking '/workspace/ros2_ws/src/install/interfaz' for CMake config files
[4.711s] Level 1:colcon.colcon_core.shell:create_environment_hook('interfaz', 'cmake_prefix_path')
[4.711s] INFO:colcon.colcon_core.shell:Creating environment hook '/workspace/ros2_ws/src/install/interfaz/share/interfaz/hook/cmake_prefix_path.ps1'
[4.711s] INFO:colcon.colcon_core.shell:Creating environment descriptor '/workspace/ros2_ws/src/install/interfaz/share/interfaz/hook/cmake_prefix_path.dsv'
[4.712s] INFO:colcon.colcon_core.shell:Creating environment hook '/workspace/ros2_ws/src/install/interfaz/share/interfaz/hook/cmake_prefix_path.sh'
[4.712s] Level 1:colcon.colcon_core.environment:checking '/workspace/ros2_ws/src/install/interfaz/lib'
[4.712s] Level 1:colcon.colcon_core.shell:create_environment_hook('interfaz', 'ld_library_path_lib')
[4.713s] INFO:colcon.colcon_core.shell:Creating environment hook '/workspace/ros2_ws/src/install/interfaz/share/interfaz/hook/ld_library_path_lib.ps1'
[4.713s] INFO:colcon.colcon_core.shell:Creating environment descriptor '/workspace/ros2_ws/src/install/interfaz/share/interfaz/hook/ld_library_path_lib.dsv'
[4.714s] INFO:colcon.colcon_core.shell:Creating environment hook '/workspace/ros2_ws/src/install/interfaz/share/interfaz/hook/ld_library_path_lib.sh'
[4.714s] Level 1:colcon.colcon_core.environment:checking '/workspace/ros2_ws/src/install/interfaz/bin'
[4.714s] Level 1:colcon.colcon_core.environment:checking '/workspace/ros2_ws/src/install/interfaz/lib/pkgconfig/interfaz.pc'
[4.714s] Level 1:colcon.colcon_core.environment:checking '/workspace/ros2_ws/src/install/interfaz/lib/python3.10/site-packages'
[4.715s] Level 1:colcon.colcon_core.environment:checking '/workspace/ros2_ws/src/install/interfaz/bin'
[4.715s] INFO:colcon.colcon_core.shell:Creating package script '/workspace/ros2_ws/src/install/interfaz/share/interfaz/package.ps1'
[4.716s] INFO:colcon.colcon_core.shell:Creating package descriptor '/workspace/ros2_ws/src/install/interfaz/share/interfaz/package.dsv'
[4.716s] INFO:colcon.colcon_core.shell:Creating package script '/workspace/ros2_ws/src/install/interfaz/share/interfaz/package.sh'
[4.717s] INFO:colcon.colcon_core.shell:Creating package script '/workspace/ros2_ws/src/install/interfaz/share/interfaz/package.bash'
[4.717s] INFO:colcon.colcon_core.shell:Creating package script '/workspace/ros2_ws/src/install/interfaz/share/interfaz/package.zsh'
[4.718s] Level 1:colcon.colcon_core.environment:create_file_with_runtime_dependencies(/workspace/ros2_ws/src/install/interfaz/share/colcon-core/packages/interfaz)
[4.718s] INFO:colcon.colcon_ros.task.ament_python.build:Building ROS package in '/workspace/ros2_ws/src/p2pkg' with build type 'ament_python'
[4.718s] Level 1:colcon.colcon_core.shell:create_environment_hook('p2pkg', 'ament_prefix_path')
[4.718s] INFO:colcon.colcon_core.shell:Creating environment hook '/workspace/ros2_ws/src/install/p2pkg/share/p2pkg/hook/ament_prefix_path.ps1'
[4.719s] INFO:colcon.colcon_core.shell:Creating environment descriptor '/workspace/ros2_ws/src/install/p2pkg/share/p2pkg/hook/ament_prefix_path.dsv'
[4.720s] INFO:colcon.colcon_core.shell:Creating environment hook '/workspace/ros2_ws/src/install/p2pkg/share/p2pkg/hook/ament_prefix_path.sh'
[4.720s] INFO:colcon.colcon_core.shell:Skip shell extension 'powershell' for command environment: Not usable outside of PowerShell
[4.720s] DEBUG:colcon.colcon_core.shell:Skip shell extension 'dsv' for command environment
[4.723s] INFO:colcon.colcon_ros.task.ament_python.build:Building ROS package in '/workspace/ros2_ws/src/primer_paquete' with build type 'ament_python'
[4.723s] Level 1:colcon.colcon_core.shell:create_environment_hook('primer_paquete', 'ament_prefix_path')
[4.724s] INFO:colcon.colcon_core.shell:Creating environment hook '/workspace/ros2_ws/src/install/primer_paquete/share/primer_paquete/hook/ament_prefix_path.ps1'
[4.724s] INFO:colcon.colcon_core.shell:Creating environment descriptor '/workspace/ros2_ws/src/install/primer_paquete/share/primer_paquete/hook/ament_prefix_path.dsv'
[4.724s] INFO:colcon.colcon_core.shell:Creating environment hook '/workspace/ros2_ws/src/install/primer_paquete/share/primer_paquete/hook/ament_prefix_path.sh'
[4.725s] INFO:colcon.colcon_core.shell:Skip shell extension 'powershell' for command environment: Not usable outside of PowerShell
[4.725s] DEBUG:colcon.colcon_core.shell:Skip shell extension 'dsv' for command environment
[4.897s] INFO:colcon.colcon_core.task.python.build:Building Python package in '/workspace/ros2_ws/src/p2pkg'
[4.897s] INFO:colcon.colcon_core.shell:Skip shell extension 'powershell' for command environment: Not usable outside of PowerShell
[4.897s] DEBUG:colcon.colcon_core.shell:Skip shell extension 'dsv' for command environment
[5.050s] INFO:colcon.colcon_core.task.python.build:Building Python package in '/workspace/ros2_ws/src/primer_paquete'
[5.051s] INFO:colcon.colcon_core.shell:Skip shell extension 'powershell' for command environment: Not usable outside of PowerShell
[5.051s] DEBUG:colcon.colcon_core.shell:Skip shell extension 'dsv' for command environment
[5.313s] DEBUG:colcon.colcon_core.event_handler.log_command:Invoking command in '/workspace/ros2_ws/src/p2pkg': AMENT_PREFIX_PATH=/workspace/ros2_ws/src/install/interfaz:${AMENT_PREFIX_PATH} CMAKE_PREFIX_PATH=/workspace/ros2_ws/src/install/interfaz:${CMAKE_PREFIX_PATH} LD_LIBRARY_PATH=/workspace/ros2_ws/src/install/interfaz/lib:${LD_LIBRARY_PATH} PYTHONPATH=/workspace/ros2_ws/src/build/p2pkg/prefix_override:/usr/lib/python3/dist-packages/colcon_core/task/python/colcon_distutils_commands:/workspace/ros2_ws/src/install/p2pkg/lib/python3.10/site-packages:/workspace/ros2_ws/src/install/interfaz/local/lib/python3.10/dist-packages:${PYTHONPATH} /usr/bin/python3 -W ignore:setup.py install is deprecated -W ignore:easy_install command is deprecated setup.py egg_info --egg-base ../build/p2pkg build --build-base /workspace/ros2_ws/src/build/p2pkg/build install --record /workspace/ros2_ws/src/build/p2pkg/install.log --single-version-externally-managed install_data
[5.327s] DEBUG:colcon.colcon_core.event_handler.log_command:Invoking command in '/workspace/ros2_ws/src/primer_paquete': AMENT_PREFIX_PATH=/workspace/ros2_ws/src/install/interfaz:${AMENT_PREFIX_PATH} CMAKE_PREFIX_PATH=/workspace/ros2_ws/src/install/interfaz:${CMAKE_PREFIX_PATH} LD_LIBRARY_PATH=/workspace/ros2_ws/src/install/interfaz/lib:${LD_LIBRARY_PATH} PYTHONPATH=/workspace/ros2_ws/src/build/primer_paquete/prefix_override:/usr/lib/python3/dist-packages/colcon_core/task/python/colcon_distutils_commands:/workspace/ros2_ws/src/install/primer_paquete/lib/python3.10/site-packages:/workspace/ros2_ws/src/install/interfaz/local/lib/python3.10/dist-packages:${PYTHONPATH} /usr/bin/python3 -W ignore:setup.py install is deprecated -W ignore:easy_install command is deprecated setup.py egg_info --egg-base ../build/primer_paquete build --build-base /workspace/ros2_ws/src/build/primer_paquete/build install --record /workspace/ros2_ws/src/build/primer_paquete/install.log --single-version-externally-managed install_data
[5.536s] Level 1:colcon.colcon_core.environment:checking '/workspace/ros2_ws/src/install/p2pkg' for CMake module files
[5.537s] DEBUG:colcon.colcon_core.event_handler.log_command:Invoked command in '/workspace/ros2_ws/src/p2pkg' returned '0': AMENT_PREFIX_PATH=/workspace/ros2_ws/src/install/interfaz:${AMENT_PREFIX_PATH} CMAKE_PREFIX_PATH=/workspace/ros2_ws/src/install/interfaz:${CMAKE_PREFIX_PATH} LD_LIBRARY_PATH=/workspace/ros2_ws/src/install/interfaz/lib:${LD_LIBRARY_PATH} PYTHONPATH=/workspace/ros2_ws/src/build/p2pkg/prefix_override:/usr/lib/python3/dist-packages/colcon_core/task/python/colcon_distutils_commands:/workspace/ros2_ws/src/install/p2pkg/lib/python3.10/site-packages:/workspace/ros2_ws/src/install/interfaz/local/lib/python3.10/dist-packages:${PYTHONPATH} /usr/bin/python3 -W ignore:setup.py install is deprecated -W ignore:easy_install command is deprecated setup.py egg_info --egg-base ../build/p2pkg build --build-base /workspace/ros2_ws/src/build/p2pkg/build install --record /workspace/ros2_ws/src/build/p2pkg/install.log --single-version-externally-managed install_data
[5.537s] Level 1:colcon.colcon_core.environment:checking '/workspace/ros2_ws/src/install/p2pkg' for CMake config files
[5.538s] Level 1:colcon.colcon_core.shell:create_environment_hook('p2pkg', 'cmake_prefix_path')
[5.538s] INFO:colcon.colcon_core.shell:Creating environment hook '/workspace/ros2_ws/src/install/p2pkg/share/p2pkg/hook/cmake_prefix_path.ps1'
[5.539s] INFO:colcon.colcon_core.shell:Creating environment descriptor '/workspace/ros2_ws/src/install/p2pkg/share/p2pkg/hook/cmake_prefix_path.dsv'
[5.539s] INFO:colcon.colcon_core.shell:Creating environment hook '/workspace/ros2_ws/src/install/p2pkg/share/p2pkg/hook/cmake_prefix_path.sh'
[5.539s] Level 1:colcon.colcon_core.environment:checking '/workspace/ros2_ws/src/install/p2pkg/lib'
[5.540s] Level 1:colcon.colcon_core.environment:checking '/workspace/ros2_ws/src/install/p2pkg/bin'
[5.540s] Level 1:colcon.colcon_core.environment:checking '/workspace/ros2_ws/src/install/p2pkg/lib/pkgconfig/p2pkg.pc'
[5.540s] Level 1:colcon.colcon_core.environment:checking '/workspace/ros2_ws/src/install/p2pkg/lib/python3.10/site-packages'
[5.540s] Level 1:colcon.colcon_core.shell:create_environment_hook('p2pkg', 'pythonpath')
[5.540s] INFO:colcon.colcon_core.shell:Creating environment hook '/workspace/ros2_ws/src/install/p2pkg/share/p2pkg/hook/pythonpath.ps1'
[5.540s] INFO:colcon.colcon_core.shell:Creating environment descriptor '/workspace/ros2_ws/src/install/p2pkg/share/p2pkg/hook/pythonpath.dsv'
[5.541s] INFO:colcon.colcon_core.shell:Creating environment hook '/workspace/ros2_ws/src/install/p2pkg/share/p2pkg/hook/pythonpath.sh'
[5.541s] Level 1:colcon.colcon_core.environment:checking '/workspace/ros2_ws/src/install/p2pkg/bin'
[5.541s] Level 1:colcon.colcon_core.environment:create_environment_scripts_only(p2pkg)
[5.541s] INFO:colcon.colcon_core.shell:Creating package script '/workspace/ros2_ws/src/install/p2pkg/share/p2pkg/package.ps1'
[5.542s] INFO:colcon.colcon_core.shell:Creating package descriptor '/workspace/ros2_ws/src/install/p2pkg/share/p2pkg/package.dsv'
[5.542s] INFO:colcon.colcon_core.shell:Creating package script '/workspace/ros2_ws/src/install/p2pkg/share/p2pkg/package.sh'
[5.542s] INFO:colcon.colcon_core.shell:Creating package script '/workspace/ros2_ws/src/install/p2pkg/share/p2pkg/package.bash'
[5.543s] INFO:colcon.colcon_core.shell:Creating package script '/workspace/ros2_ws/src/install/p2pkg/share/p2pkg/package.zsh'
[5.543s] Level 1:colcon.colcon_core.environment:create_file_with_runtime_dependencies(/workspace/ros2_ws/src/install/p2pkg/share/colcon-core/packages/p2pkg)
[5.551s] Level 1:colcon.colcon_core.environment:checking '/workspace/ros2_ws/src/install/primer_paquete' for CMake module files
[5.552s] DEBUG:colcon.colcon_core.event_handler.log_command:Invoked command in '/workspace/ros2_ws/src/primer_paquete' returned '0': AMENT_PREFIX_PATH=/workspace/ros2_ws/src/install/interfaz:${AMENT_PREFIX_PATH} CMAKE_PREFIX_PATH=/workspace/ros2_ws/src/install/interfaz:${CMAKE_PREFIX_PATH} LD_LIBRARY_PATH=/workspace/ros2_ws/src/install/interfaz/lib:${LD_LIBRARY_PATH} PYTHONPATH=/workspace/ros2_ws/src/build/primer_paquete/prefix_override:/usr/lib/python3/dist-packages/colcon_core/task/python/colcon_distutils_commands:/workspace/ros2_ws/src/install/primer_paquete/lib/python3.10/site-packages:/workspace/ros2_ws/src/install/interfaz/local/lib/python3.10/dist-packages:${PYTHONPATH} /usr/bin/python3 -W ignore:setup.py install is deprecated -W ignore:easy_install command is deprecated setup.py egg_info --egg-base ../build/primer_paquete build --build-base /workspace/ros2_ws/src/build/primer_paquete/build install --record /workspace/ros2_ws/src/build/primer_paquete/install.log --single-version-externally-managed install_data
[5.552s] Level 1:colcon.colcon_core.environment:checking '/workspace/ros2_ws/src/install/primer_paquete' for CMake config files
[5.553s] Level 1:colcon.colcon_core.environment:checking '/workspace/ros2_ws/src/install/primer_paquete/lib'
[5.553s] Level 1:colcon.colcon_core.environment:checking '/workspace/ros2_ws/src/install/primer_paquete/bin'
[5.553s] Level 1:colcon.colcon_core.environment:checking '/workspace/ros2_ws/src/install/primer_paquete/lib/pkgconfig/primer_paquete.pc'
[5.553s] Level 1:colcon.colcon_core.environment:checking '/workspace/ros2_ws/src/install/primer_paquete/lib/python3.10/site-packages'
[5.553s] Level 1:colcon.colcon_core.shell:create_environment_hook('primer_paquete', 'pythonpath')
[5.554s] INFO:colcon.colcon_core.shell:Creating environment hook '/workspace/ros2_ws/src/install/primer_paquete/share/primer_paquete/hook/pythonpath.ps1'
[5.554s] INFO:colcon.colcon_core.shell:Creating environment descriptor '/workspace/ros2_ws/src/install/primer_paquete/share/primer_paquete/hook/pythonpath.dsv'
[5.555s] INFO:colcon.colcon_core.shell:Creating environment hook '/workspace/ros2_ws/src/install/primer_paquete/share/primer_paquete/hook/pythonpath.sh'
[5.556s] Level 1:colcon.colcon_core.environment:checking '/workspace/ros2_ws/src/install/primer_paquete/bin'
[5.556s] Level 1:colcon.colcon_core.environment:create_environment_scripts_only(primer_paquete)
[5.556s] INFO:colcon.colcon_core.shell:Creating package script '/workspace/ros2_ws/src/install/primer_paquete/share/primer_paquete/package.ps1'
[5.557s] INFO:colcon.colcon_core.shell:Creating package descriptor '/workspace/ros2_ws/src/install/primer_paquete/share/primer_paquete/package.dsv'
[5.557s] INFO:colcon.colcon_core.shell:Creating package script '/workspace/ros2_ws/src/install/primer_paquete/share/primer_paquete/package.sh'
[5.557s] INFO:colcon.colcon_core.shell:Creating package script '/workspace/ros2_ws/src/install/primer_paquete/share/primer_paquete/package.bash'
[5.557s] INFO:colcon.colcon_core.shell:Creating package script '/workspace/ros2_ws/src/install/primer_paquete/share/primer_paquete/package.zsh'
[5.558s] Level 1:colcon.colcon_core.environment:create_file_with_runtime_dependencies(/workspace/ros2_ws/src/install/primer_paquete/share/colcon-core/packages/primer_paquete)
[5.558s] DEBUG:colcon.colcon_parallel_executor.executor.parallel:closing loop
[5.558s] DEBUG:colcon.colcon_parallel_executor.executor.parallel:loop closed
[5.558s] DEBUG:colcon.colcon_parallel_executor.executor.parallel:run_until_complete finished with '0'
[5.558s] DEBUG:colcon.colcon_core.event_reactor:joining thread
[5.565s] INFO:colcon.colcon_core.plugin_system:Skipping extension 'colcon_notification.desktop_notification.notify_send': Could not find 'notify-send'
[5.565s] INFO:colcon.colcon_core.plugin_system:Skipping extension 'colcon_notification.desktop_notification.terminal_notifier': Not used on non-Darwin systems
[5.565s] INFO:colcon.colcon_core.plugin_system:Skipping extension 'colcon_notification.desktop_notification.win32': Not used on non-Windows systems
[5.565s] INFO:colcon.colcon_notification.desktop_notification:Sending desktop notification using 'notify2'
[5.567s] DEBUG:colcon.colcon_notification.desktop_notification.notify2:Failed to initialize notify2: org.freedesktop.DBus.Error.Spawn.ExecFailed: /usr/bin/dbus-launch terminated abnormally without any error message
[5.568s] DEBUG:colcon.colcon_core.event_reactor:joined thread
[5.568s] INFO:colcon.colcon_core.shell:Creating prefix script '/workspace/ros2_ws/src/install/local_setup.ps1'
[5.570s] INFO:colcon.colcon_core.shell:Creating prefix util module '/workspace/ros2_ws/src/install/_local_setup_util_ps1.py'
[5.571s] INFO:colcon.colcon_core.shell:Creating prefix chain script '/workspace/ros2_ws/src/install/setup.ps1'
[5.572s] INFO:colcon.colcon_core.shell:Creating prefix script '/workspace/ros2_ws/src/install/local_setup.sh'
[5.572s] INFO:colcon.colcon_core.shell:Creating prefix util module '/workspace/ros2_ws/src/install/_local_setup_util_sh.py'
[5.573s] INFO:colcon.colcon_core.shell:Creating prefix chain script '/workspace/ros2_ws/src/install/setup.sh'
[5.574s] INFO:colcon.colcon_core.shell:Creating prefix script '/workspace/ros2_ws/src/install/local_setup.bash'
[5.574s] INFO:colcon.colcon_core.shell:Creating prefix chain script '/workspace/ros2_ws/src/install/setup.bash'
[5.575s] INFO:colcon.colcon_core.shell:Creating prefix script '/workspace/ros2_ws/src/install/local_setup.zsh'
[5.575s] INFO:colcon.colcon_core.shell:Creating prefix chain script '/workspace/ros2_ws/src/install/setup.zsh'
