[5.412s] Invoking command in '/workspace/ros2_ws/src/servicio_suma': CMAKE_PREFIX_PATH=/workspace/ros2_ws/install/interfaz_servicio_suma:/workspace/ros2_ws/install/vicpaq:/workspace/ros2_ws/install/turtlebot3:/workspace/ros2_ws/install/turtlebot3_simulations:/workspace/ros2_ws/install/turtlebot3_bringup:/workspace/ros2_ws/install/turtlebot3_node:/workspace/ros2_ws/install/turtlebot3_navigation2:/workspace/ros2_ws/install/turtlebot3_fake_node:/workspace/ros2_ws/install/turtlebot3_msgs:/workspace/ros2_ws/install/turtlebot3_manipulation_gazebo:/workspace/ros2_ws/install/turtlebot3_gazebo:/workspace/ros2_ws/install/turtlebot3_description:/workspace/ros2_ws/install/turtlebot3_cartographer:/workspace/ros2_ws/install/interfaz:/workspace/install/interfaz_servicio_suma LD_LIBRARY_PATH=/workspace/ros2_ws/install/interfaz_servicio_suma/lib:/workspace/ros2_ws/install/turtlebot3_msgs/lib:/workspace/ros2_ws/install/interfaz/lib:/workspace/install/interfaz_servicio_suma/lib:/usr/lib/x86_64-linux-gnu/gazebo-11/plugins:/opt/ros/humble/opt/rviz_ogre_vendor/lib:/opt/ros/humble/lib/x86_64-linux-gnu:/opt/ros/humble/lib PYTHONPATH=/workspace/ros2_ws/build/servicio_suma/prefix_override:/usr/lib/python3/dist-packages/colcon_core/task/python/colcon_distutils_commands:/workspace/ros2_ws/install/servicio_suma/lib/python3.10/site-packages:${PYTHONPATH} /usr/bin/python3 -W ignore:setup.py install is deprecated -W ignore:easy_install command is deprecated setup.py egg_info --egg-base ../../build/servicio_suma build --build-base /workspace/ros2_ws/build/servicio_suma/build install --record /workspace/ros2_ws/build/servicio_suma/install.log --single-version-externally-managed install_data
[6.190s] running egg_info
[6.192s] writing ../../build/servicio_suma/servicio_suma.egg-info/PKG-INFO
[6.193s] writing dependency_links to ../../build/servicio_suma/servicio_suma.egg-info/dependency_links.txt
[6.194s] writing entry points to ../../build/servicio_suma/servicio_suma.egg-info/entry_points.txt
[6.195s] writing requirements to ../../build/servicio_suma/servicio_suma.egg-info/requires.txt
[6.196s] writing top-level names to ../../build/servicio_suma/servicio_suma.egg-info/top_level.txt
[6.201s] reading manifest file '../../build/servicio_suma/servicio_suma.egg-info/SOURCES.txt'
[6.202s] adding license file 'LICENSE'
[6.204s] writing manifest file '../../build/servicio_suma/servicio_suma.egg-info/SOURCES.txt'
[6.206s] running build
[6.206s] running build_py
[6.206s] running install
[6.208s] running install_lib
[6.211s] running install_data
[6.213s] running install_egg_info
[6.219s] removing '/workspace/ros2_ws/install/servicio_suma/lib/python3.10/site-packages/servicio_suma-0.0.0-py3.10.egg-info' (and everything under it)
[6.221s] Copying ../../build/servicio_suma/servicio_suma.egg-info to /workspace/ros2_ws/install/servicio_suma/lib/python3.10/site-packages/servicio_suma-0.0.0-py3.10.egg-info
[6.224s] running install_scripts
[6.282s] Installing client script to /workspace/ros2_ws/install/servicio_suma/lib/servicio_suma
[6.282s] Installing server script to /workspace/ros2_ws/install/servicio_suma/lib/servicio_suma
[6.282s] writing list of installed files to '/workspace/ros2_ws/build/servicio_suma/install.log'
[6.350s] Invoked command in '/workspace/ros2_ws/src/servicio_suma' returned '0': CMAKE_PREFIX_PATH=/workspace/ros2_ws/install/interfaz_servicio_suma:/workspace/ros2_ws/install/vicpaq:/workspace/ros2_ws/install/turtlebot3:/workspace/ros2_ws/install/turtlebot3_simulations:/workspace/ros2_ws/install/turtlebot3_bringup:/workspace/ros2_ws/install/turtlebot3_node:/workspace/ros2_ws/install/turtlebot3_navigation2:/workspace/ros2_ws/install/turtlebot3_fake_node:/workspace/ros2_ws/install/turtlebot3_msgs:/workspace/ros2_ws/install/turtlebot3_manipulation_gazebo:/workspace/ros2_ws/install/turtlebot3_gazebo:/workspace/ros2_ws/install/turtlebot3_description:/workspace/ros2_ws/install/turtlebot3_cartographer:/workspace/ros2_ws/install/interfaz:/workspace/install/interfaz_servicio_suma LD_LIBRARY_PATH=/workspace/ros2_ws/install/interfaz_servicio_suma/lib:/workspace/ros2_ws/install/turtlebot3_msgs/lib:/workspace/ros2_ws/install/interfaz/lib:/workspace/install/interfaz_servicio_suma/lib:/usr/lib/x86_64-linux-gnu/gazebo-11/plugins:/opt/ros/humble/opt/rviz_ogre_vendor/lib:/opt/ros/humble/lib/x86_64-linux-gnu:/opt/ros/humble/lib PYTHONPATH=/workspace/ros2_ws/build/servicio_suma/prefix_override:/usr/lib/python3/dist-packages/colcon_core/task/python/colcon_distutils_commands:/workspace/ros2_ws/install/servicio_suma/lib/python3.10/site-packages:${PYTHONPATH} /usr/bin/python3 -W ignore:setup.py install is deprecated -W ignore:easy_install command is deprecated setup.py egg_info --egg-base ../../build/servicio_suma build --build-base /workspace/ros2_ws/build/servicio_suma/build install --record /workspace/ros2_ws/build/servicio_suma/install.log --single-version-externally-managed install_data
