[2.741s] Invoking command in '/workspace/ros2_ws/build/servicio_suma': CMAKE_PREFIX_PATH=/workspace/ros2_ws/install/interfaz_servicio_suma:/workspace/ros2_ws/install/vicpaq:/workspace/ros2_ws/install/turtlebot3:/workspace/ros2_ws/install/turtlebot3_simulations:/workspace/ros2_ws/install/turtlebot3_bringup:/workspace/ros2_ws/install/turtlebot3_node:/workspace/ros2_ws/install/turtlebot3_navigation2:/workspace/ros2_ws/install/turtlebot3_fake_node:/workspace/ros2_ws/install/turtlebot3_msgs:/workspace/ros2_ws/install/turtlebot3_manipulation_gazebo:/workspace/ros2_ws/install/turtlebot3_gazebo:/workspace/ros2_ws/install/turtlebot3_description:/workspace/ros2_ws/install/turtlebot3_cartographer:/workspace/ros2_ws/install/interfaz:/workspace/install/interfaz_servicio_suma LD_LIBRARY_PATH=/workspace/ros2_ws/install/interfaz_servicio_suma/lib:/workspace/ros2_ws/install/turtlebot3_msgs/lib:/workspace/ros2_ws/install/interfaz/lib:/workspace/install/interfaz_servicio_suma/lib:/usr/lib/x86_64-linux-gnu/gazebo-11/plugins:/opt/ros/humble/opt/rviz_ogre_vendor/lib:/opt/ros/humble/lib/x86_64-linux-gnu:/opt/ros/humble/lib PYTHONPATH=/workspace/ros2_ws/build/servicio_suma/prefix_override:/usr/lib/python3/dist-packages/colcon_core/task/python/colcon_distutils_commands:/workspace/ros2_ws/install/servicio_suma/lib/python3.10/site-packages:${PYTHONPATH} /usr/bin/python3 -W ignore:setup.py install is deprecated -W ignore:easy_install command is deprecated setup.py develop --uninstall --editable --build-directory /workspace/ros2_ws/build/servicio_suma/build
[3.276s] running develop
[3.663s] Removing /workspace/ros2_ws/install/servicio_suma/lib/python3.10/site-packages/servicio-suma.egg-link (link to .)
[3.712s] Invoked command in '/workspace/ros2_ws/build/servicio_suma' returned '0': CMAKE_PREFIX_PATH=/workspace/ros2_ws/install/interfaz_servicio_suma:/workspace/ros2_ws/install/vicpaq:/workspace/ros2_ws/install/turtlebot3:/workspace/ros2_ws/install/turtlebot3_simulations:/workspace/ros2_ws/install/turtlebot3_bringup:/workspace/ros2_ws/install/turtlebot3_node:/workspace/ros2_ws/install/turtlebot3_navigation2:/workspace/ros2_ws/install/turtlebot3_fake_node:/workspace/ros2_ws/install/turtlebot3_msgs:/workspace/ros2_ws/install/turtlebot3_manipulation_gazebo:/workspace/ros2_ws/install/turtlebot3_gazebo:/workspace/ros2_ws/install/turtlebot3_description:/workspace/ros2_ws/install/turtlebot3_cartographer:/workspace/ros2_ws/install/interfaz:/workspace/install/interfaz_servicio_suma LD_LIBRARY_PATH=/workspace/ros2_ws/install/interfaz_servicio_suma/lib:/workspace/ros2_ws/install/turtlebot3_msgs/lib:/workspace/ros2_ws/install/interfaz/lib:/workspace/install/interfaz_servicio_suma/lib:/usr/lib/x86_64-linux-gnu/gazebo-11/plugins:/opt/ros/humble/opt/rviz_ogre_vendor/lib:/opt/ros/humble/lib/x86_64-linux-gnu:/opt/ros/humble/lib PYTHONPATH=/workspace/ros2_ws/build/servicio_suma/prefix_override:/usr/lib/python3/dist-packages/colcon_core/task/python/colcon_distutils_commands:/workspace/ros2_ws/install/servicio_suma/lib/python3.10/site-packages:${PYTHONPATH} /usr/bin/python3 -W ignore:setup.py install is deprecated -W ignore:easy_install command is deprecated setup.py develop --uninstall --editable --build-directory /workspace/ros2_ws/build/servicio_suma/build
[3.718s] Invoking command in '/workspace/ros2_ws/src/servicio_suma': CMAKE_PREFIX_PATH=/workspace/ros2_ws/install/interfaz_servicio_suma:/workspace/ros2_ws/install/vicpaq:/workspace/ros2_ws/install/turtlebot3:/workspace/ros2_ws/install/turtlebot3_simulations:/workspace/ros2_ws/install/turtlebot3_bringup:/workspace/ros2_ws/install/turtlebot3_node:/workspace/ros2_ws/install/turtlebot3_navigation2:/workspace/ros2_ws/install/turtlebot3_fake_node:/workspace/ros2_ws/install/turtlebot3_msgs:/workspace/ros2_ws/install/turtlebot3_manipulation_gazebo:/workspace/ros2_ws/install/turtlebot3_gazebo:/workspace/ros2_ws/install/turtlebot3_description:/workspace/ros2_ws/install/turtlebot3_cartographer:/workspace/ros2_ws/install/interfaz:/workspace/install/interfaz_servicio_suma LD_LIBRARY_PATH=/workspace/ros2_ws/install/interfaz_servicio_suma/lib:/workspace/ros2_ws/install/turtlebot3_msgs/lib:/workspace/ros2_ws/install/interfaz/lib:/workspace/install/interfaz_servicio_suma/lib:/usr/lib/x86_64-linux-gnu/gazebo-11/plugins:/opt/ros/humble/opt/rviz_ogre_vendor/lib:/opt/ros/humble/lib/x86_64-linux-gnu:/opt/ros/humble/lib PYTHONPATH=/workspace/ros2_ws/build/servicio_suma/prefix_override:/usr/lib/python3/dist-packages/colcon_core/task/python/colcon_distutils_commands:/workspace/ros2_ws/install/servicio_suma/lib/python3.10/site-packages:${PYTHONPATH} /usr/bin/python3 -W ignore:setup.py install is deprecated -W ignore:easy_install command is deprecated setup.py egg_info --egg-base ../../build/servicio_suma build --build-base /workspace/ros2_ws/build/servicio_suma/build install --record /workspace/ros2_ws/build/servicio_suma/install.log --single-version-externally-managed install_data --force
[4.294s] running egg_info
[4.295s] writing ../../build/servicio_suma/servicio_suma.egg-info/PKG-INFO
[4.296s] writing dependency_links to ../../build/servicio_suma/servicio_suma.egg-info/dependency_links.txt
[4.296s] writing entry points to ../../build/servicio_suma/servicio_suma.egg-info/entry_points.txt
[4.296s] writing requirements to ../../build/servicio_suma/servicio_suma.egg-info/requires.txt
[4.297s] writing top-level names to ../../build/servicio_suma/servicio_suma.egg-info/top_level.txt
[4.301s] reading manifest file '../../build/servicio_suma/servicio_suma.egg-info/SOURCES.txt'
[4.302s] adding license file 'LICENSE'
[4.303s] writing manifest file '../../build/servicio_suma/servicio_suma.egg-info/SOURCES.txt'
[4.303s] running build
[4.303s] running build_py
[4.304s] creating /workspace/ros2_ws/build/servicio_suma/build
[4.304s] creating /workspace/ros2_ws/build/servicio_suma/build/lib
[4.304s] creating /workspace/ros2_ws/build/servicio_suma/build/lib/servicio_suma
[4.304s] copying servicio_suma/add_two_ints_client.py -> /workspace/ros2_ws/build/servicio_suma/build/lib/servicio_suma
[4.304s] copying servicio_suma/add_two_ints_server.py -> /workspace/ros2_ws/build/servicio_suma/build/lib/servicio_suma
[4.305s] copying servicio_suma/__init__.py -> /workspace/ros2_ws/build/servicio_suma/build/lib/servicio_suma
[4.306s] running install
[4.306s] running install_lib
[4.308s] creating /workspace/ros2_ws/install/servicio_suma/lib/python3.10/site-packages/servicio_suma
[4.308s] copying /workspace/ros2_ws/build/servicio_suma/build/lib/servicio_suma/add_two_ints_client.py -> /workspace/ros2_ws/install/servicio_suma/lib/python3.10/site-packages/servicio_suma
[4.308s] copying /workspace/ros2_ws/build/servicio_suma/build/lib/servicio_suma/add_two_ints_server.py -> /workspace/ros2_ws/install/servicio_suma/lib/python3.10/site-packages/servicio_suma
[4.308s] copying /workspace/ros2_ws/build/servicio_suma/build/lib/servicio_suma/__init__.py -> /workspace/ros2_ws/install/servicio_suma/lib/python3.10/site-packages/servicio_suma
[4.311s] byte-compiling /workspace/ros2_ws/install/servicio_suma/lib/python3.10/site-packages/servicio_suma/add_two_ints_client.py to add_two_ints_client.cpython-310.pyc
[4.312s] byte-compiling /workspace/ros2_ws/install/servicio_suma/lib/python3.10/site-packages/servicio_suma/add_two_ints_server.py to add_two_ints_server.cpython-310.pyc
[4.312s] byte-compiling /workspace/ros2_ws/install/servicio_suma/lib/python3.10/site-packages/servicio_suma/__init__.py to __init__.cpython-310.pyc
[4.312s] running install_data
[4.312s] copying resource/servicio_suma -> /workspace/ros2_ws/install/servicio_suma/share/ament_index/resource_index/packages
[4.313s] copying package.xml -> /workspace/ros2_ws/install/servicio_suma/share/servicio_suma
[4.313s] running install_egg_info
[4.320s] Copying ../../build/servicio_suma/servicio_suma.egg-info to /workspace/ros2_ws/install/servicio_suma/lib/python3.10/site-packages/servicio_suma-0.0.0-py3.10.egg-info
[4.322s] running install_scripts
[4.367s] Installing client script to /workspace/ros2_ws/install/servicio_suma/lib/servicio_suma
[4.367s] Installing server script to /workspace/ros2_ws/install/servicio_suma/lib/servicio_suma
[4.368s] writing list of installed files to '/workspace/ros2_ws/build/servicio_suma/install.log'
[4.415s] Invoked command in '/workspace/ros2_ws/src/servicio_suma' returned '0': CMAKE_PREFIX_PATH=/workspace/ros2_ws/install/interfaz_servicio_suma:/workspace/ros2_ws/install/vicpaq:/workspace/ros2_ws/install/turtlebot3:/workspace/ros2_ws/install/turtlebot3_simulations:/workspace/ros2_ws/install/turtlebot3_bringup:/workspace/ros2_ws/install/turtlebot3_node:/workspace/ros2_ws/install/turtlebot3_navigation2:/workspace/ros2_ws/install/turtlebot3_fake_node:/workspace/ros2_ws/install/turtlebot3_msgs:/workspace/ros2_ws/install/turtlebot3_manipulation_gazebo:/workspace/ros2_ws/install/turtlebot3_gazebo:/workspace/ros2_ws/install/turtlebot3_description:/workspace/ros2_ws/install/turtlebot3_cartographer:/workspace/ros2_ws/install/interfaz:/workspace/install/interfaz_servicio_suma LD_LIBRARY_PATH=/workspace/ros2_ws/install/interfaz_servicio_suma/lib:/workspace/ros2_ws/install/turtlebot3_msgs/lib:/workspace/ros2_ws/install/interfaz/lib:/workspace/install/interfaz_servicio_suma/lib:/usr/lib/x86_64-linux-gnu/gazebo-11/plugins:/opt/ros/humble/opt/rviz_ogre_vendor/lib:/opt/ros/humble/lib/x86_64-linux-gnu:/opt/ros/humble/lib PYTHONPATH=/workspace/ros2_ws/build/servicio_suma/prefix_override:/usr/lib/python3/dist-packages/colcon_core/task/python/colcon_distutils_commands:/workspace/ros2_ws/install/servicio_suma/lib/python3.10/site-packages:${PYTHONPATH} /usr/bin/python3 -W ignore:setup.py install is deprecated -W ignore:easy_install command is deprecated setup.py egg_info --egg-base ../../build/servicio_suma build --build-base /workspace/ros2_ws/build/servicio_suma/build install --record /workspace/ros2_ws/build/servicio_suma/install.log --single-version-externally-managed install_data --force
