[2.710s] Invoking command in '/workspace/ros2_ws/build/mi_accion': PYTHONPATH=/workspace/ros2_ws/build/mi_accion/prefix_override:/usr/lib/python3/dist-packages/colcon_core/task/python/colcon_distutils_commands:/workspace/ros2_ws/install/mi_accion/lib/python3.10/site-packages:${PYTHONPATH} /usr/bin/python3 -W ignore:setup.py install is deprecated -W ignore:easy_install command is deprecated setup.py develop --editable --build-directory /workspace/ros2_ws/build/mi_accion/build --no-deps symlink_data
[3.707s] running develop
[4.214s] running egg_info
[4.220s] creating mi_accion.egg-info
[4.220s] writing mi_accion.egg-info/PKG-INFO
[4.221s] writing dependency_links to mi_accion.egg-info/dependency_links.txt
[4.221s] writing entry points to mi_accion.egg-info/entry_points.txt
[4.221s] writing requirements to mi_accion.egg-info/requires.txt
[4.221s] writing top-level names to mi_accion.egg-info/top_level.txt
[4.221s] writing manifest file 'mi_accion.egg-info/SOURCES.txt'
[4.233s] reading manifest file 'mi_accion.egg-info/SOURCES.txt'
[4.234s] writing manifest file 'mi_accion.egg-info/SOURCES.txt'
[4.246s] running build_ext
[4.247s] Creating /workspace/ros2_ws/install/mi_accion/lib/python3.10/site-packages/mi-accion.egg-link (link to .)
[4.252s] Installing client script to /workspace/ros2_ws/install/mi_accion/lib/mi_accion
[4.253s] Installing ej_client script to /workspace/ros2_ws/install/mi_accion/lib/mi_accion
[4.253s] Installing ej_server script to /workspace/ros2_ws/install/mi_accion/lib/mi_accion
[4.253s] Installing server script to /workspace/ros2_ws/install/mi_accion/lib/mi_accion
[4.253s] 
[4.253s] Installed /workspace/ros2_ws/build/mi_accion
[4.253s] running symlink_data
[4.253s] creating /workspace/ros2_ws/install/mi_accion/share/ament_index
[4.254s] creating /workspace/ros2_ws/install/mi_accion/share/ament_index/resource_index
[4.254s] creating /workspace/ros2_ws/install/mi_accion/share/ament_index/resource_index/packages
[4.258s] symbolically linking /workspace/ros2_ws/build/mi_accion/resource/mi_accion -> /workspace/ros2_ws/install/mi_accion/share/ament_index/resource_index/packages
[4.259s] symbolically linking /workspace/ros2_ws/build/mi_accion/package.xml -> /workspace/ros2_ws/install/mi_accion/share/mi_accion
[4.259s] creating /workspace/ros2_ws/install/mi_accion/share/mi_accion/launch
[4.262s] symbolically linking /workspace/ros2_ws/build/mi_accion/launch/launch_ejercicio4.py -> /workspace/ros2_ws/install/mi_accion/share/mi_accion/launch
[4.263s] symbolically linking /workspace/ros2_ws/build/mi_accion/launch/launch_ejercicio3.py -> /workspace/ros2_ws/install/mi_accion/share/mi_accion/launch
[4.387s] Invoked command in '/workspace/ros2_ws/build/mi_accion' returned '0': PYTHONPATH=/workspace/ros2_ws/build/mi_accion/prefix_override:/usr/lib/python3/dist-packages/colcon_core/task/python/colcon_distutils_commands:/workspace/ros2_ws/install/mi_accion/lib/python3.10/site-packages:${PYTHONPATH} /usr/bin/python3 -W ignore:setup.py install is deprecated -W ignore:easy_install command is deprecated setup.py develop --editable --build-directory /workspace/ros2_ws/build/mi_accion/build --no-deps symlink_data
