[0.367s] Invoking command in '/workspace/ros2_ws/src/primer_paquete': PYTHONPATH=/workspace/ros2_ws/src/build/primer_paquete/prefix_override:/usr/lib/python3/dist-packages/colcon_core/task/python/colcon_distutils_commands:/workspace/ros2_ws/src/install/primer_paquete/lib/python3.10/site-packages:${PYTHONPATH} /usr/bin/python3 -W ignore:setup.py install is deprecated -W ignore:easy_install command is deprecated setup.py egg_info --egg-base ../build/primer_paquete build --build-base /workspace/ros2_ws/src/build/primer_paquete/build install --record /workspace/ros2_ws/src/build/primer_paquete/install.log --single-version-externally-managed install_data
[0.501s] running egg_info
[0.501s] creating ../build/primer_paquete/primer_paquete.egg-info
[0.502s] writing ../build/primer_paquete/primer_paquete.egg-info/PKG-INFO
[0.502s] writing dependency_links to ../build/primer_paquete/primer_paquete.egg-info/dependency_links.txt
[0.502s] writing entry points to ../build/primer_paquete/primer_paquete.egg-info/entry_points.txt
[0.502s] writing requirements to ../build/primer_paquete/primer_paquete.egg-info/requires.txt
[0.502s] writing top-level names to ../build/primer_paquete/primer_paquete.egg-info/top_level.txt
[0.502s] writing manifest file '../build/primer_paquete/primer_paquete.egg-info/SOURCES.txt'
[0.503s] reading manifest file '../build/primer_paquete/primer_paquete.egg-info/SOURCES.txt'
[0.503s] adding license file 'LICENSE'
[0.503s] writing manifest file '../build/primer_paquete/primer_paquete.egg-info/SOURCES.txt'
[0.503s] running build
[0.503s] running build_py
[0.503s] creating /workspace/ros2_ws/src/build/primer_paquete/build
[0.503s] creating /workspace/ros2_ws/src/build/primer_paquete/build/lib
[0.503s] creating /workspace/ros2_ws/src/build/primer_paquete/build/lib/primer_paquete
[0.503s] copying primer_paquete/__init__.py -> /workspace/ros2_ws/src/build/primer_paquete/build/lib/primer_paquete
[0.503s] running install
[0.504s] running install_lib
[0.504s] creating /workspace/ros2_ws/src/install/primer_paquete/lib/python3.10/site-packages/primer_paquete
[0.504s] copying /workspace/ros2_ws/src/build/primer_paquete/build/lib/primer_paquete/__init__.py -> /workspace/ros2_ws/src/install/primer_paquete/lib/python3.10/site-packages/primer_paquete
[0.505s] byte-compiling /workspace/ros2_ws/src/install/primer_paquete/lib/python3.10/site-packages/primer_paquete/__init__.py to __init__.cpython-310.pyc
[0.505s] running install_data
[0.505s] creating /workspace/ros2_ws/src/install/primer_paquete/share/ament_index
[0.505s] creating /workspace/ros2_ws/src/install/primer_paquete/share/ament_index/resource_index
[0.505s] creating /workspace/ros2_ws/src/install/primer_paquete/share/ament_index/resource_index/packages
[0.505s] copying resource/primer_paquete -> /workspace/ros2_ws/src/install/primer_paquete/share/ament_index/resource_index/packages
[0.505s] copying package.xml -> /workspace/ros2_ws/src/install/primer_paquete/share/primer_paquete
[0.505s] running install_egg_info
[0.507s] Copying ../build/primer_paquete/primer_paquete.egg-info to /workspace/ros2_ws/src/install/primer_paquete/lib/python3.10/site-packages/primer_paquete-0.0.0-py3.10.egg-info
[0.507s] running install_scripts
[0.520s] writing list of installed files to '/workspace/ros2_ws/src/build/primer_paquete/install.log'
[0.534s] Invoked command in '/workspace/ros2_ws/src/primer_paquete' returned '0': PYTHONPATH=/workspace/ros2_ws/src/build/primer_paquete/prefix_override:/usr/lib/python3/dist-packages/colcon_core/task/python/colcon_distutils_commands:/workspace/ros2_ws/src/install/primer_paquete/lib/python3.10/site-packages:${PYTHONPATH} /usr/bin/python3 -W ignore:setup.py install is deprecated -W ignore:easy_install command is deprecated setup.py egg_info --egg-base ../build/primer_paquete build --build-base /workspace/ros2_ws/src/build/primer_paquete/build install --record /workspace/ros2_ws/src/build/primer_paquete/install.log --single-version-externally-managed install_data
