[0.543s] Invoking command in '/workspace/ros2_ws/src/servicio_suma': AMENT_PREFIX_PATH=/workspace/ros2_ws/src/install/interfaz_servicio_suma:${AMENT_PREFIX_PATH} CMAKE_PREFIX_PATH=/workspace/ros2_ws/src/install/interfaz_servicio_suma:${CMAKE_PREFIX_PATH} LD_LIBRARY_PATH=/workspace/ros2_ws/src/install/interfaz_servicio_suma/lib:${LD_LIBRARY_PATH} PYTHONPATH=/workspace/ros2_ws/src/build/servicio_suma/prefix_override:/usr/lib/python3/dist-packages/colcon_core/task/python/colcon_distutils_commands:/workspace/ros2_ws/src/install/servicio_suma/lib/python3.10/site-packages:/workspace/ros2_ws/src/install/interfaz_servicio_suma/local/lib/python3.10/dist-packages:${PYTHONPATH} /usr/bin/python3 -W ignore:setup.py install is deprecated -W ignore:easy_install command is deprecated setup.py egg_info --egg-base ../build/servicio_suma build --build-base /workspace/ros2_ws/src/build/servicio_suma/build install --record /workspace/ros2_ws/src/build/servicio_suma/install.log --single-version-externally-managed install_data
[0.715s] running egg_info
[0.716s] writing ../build/servicio_suma/servicio_suma.egg-info/PKG-INFO
[0.716s] writing dependency_links to ../build/servicio_suma/servicio_suma.egg-info/dependency_links.txt
[0.716s] writing entry points to ../build/servicio_suma/servicio_suma.egg-info/entry_points.txt
[0.716s] writing requirements to ../build/servicio_suma/servicio_suma.egg-info/requires.txt
[0.716s] writing top-level names to ../build/servicio_suma/servicio_suma.egg-info/top_level.txt
[0.717s] reading manifest file '../build/servicio_suma/servicio_suma.egg-info/SOURCES.txt'
[0.718s] adding license file 'LICENSE'
[0.718s] writing manifest file '../build/servicio_suma/servicio_suma.egg-info/SOURCES.txt'
[0.718s] running build
[0.719s] running build_py
[0.719s] running install
[0.719s] running install_lib
[0.720s] running install_data
[0.720s] running install_egg_info
[0.722s] removing '/workspace/ros2_ws/src/install/servicio_suma/lib/python3.10/site-packages/servicio_suma-0.0.0-py3.10.egg-info' (and everything under it)
[0.722s] Copying ../build/servicio_suma/servicio_suma.egg-info to /workspace/ros2_ws/src/install/servicio_suma/lib/python3.10/site-packages/servicio_suma-0.0.0-py3.10.egg-info
[0.723s] running install_scripts
[0.738s] Installing client script to /workspace/ros2_ws/src/install/servicio_suma/lib/servicio_suma
[0.738s] Installing server script to /workspace/ros2_ws/src/install/servicio_suma/lib/servicio_suma
[0.739s] writing list of installed files to '/workspace/ros2_ws/src/build/servicio_suma/install.log'
[0.756s] Invoked command in '/workspace/ros2_ws/src/servicio_suma' returned '0': AMENT_PREFIX_PATH=/workspace/ros2_ws/src/install/interfaz_servicio_suma:${AMENT_PREFIX_PATH} CMAKE_PREFIX_PATH=/workspace/ros2_ws/src/install/interfaz_servicio_suma:${CMAKE_PREFIX_PATH} LD_LIBRARY_PATH=/workspace/ros2_ws/src/install/interfaz_servicio_suma/lib:${LD_LIBRARY_PATH} PYTHONPATH=/workspace/ros2_ws/src/build/servicio_suma/prefix_override:/usr/lib/python3/dist-packages/colcon_core/task/python/colcon_distutils_commands:/workspace/ros2_ws/src/install/servicio_suma/lib/python3.10/site-packages:/workspace/ros2_ws/src/install/interfaz_servicio_suma/local/lib/python3.10/dist-packages:${PYTHONPATH} /usr/bin/python3 -W ignore:setup.py install is deprecated -W ignore:easy_install command is deprecated setup.py egg_info --egg-base ../build/servicio_suma build --build-base /workspace/ros2_ws/src/build/servicio_suma/build install --record /workspace/ros2_ws/src/build/servicio_suma/install.log --single-version-externally-managed install_data
