[0.055s] Invoking command in '/workspace/ros2_ws/build/interfaz_servicio_suma': CMAKE_PREFIX_PATH=${CMAKE_PREFIX_PATH}:/workspace/install/servicio_suma:/workspace/ros2_ws/install/vicpaq:/workspace/ros2_ws/install/servicio_suma:/workspace/ros2_ws/install/service_temp:/workspace/ros2_ws/install/primer_paquete:/workspace/ros2_ws/install/paquete1:/workspace/ros2_ws/install/battery_act:/opt/ros/humble /usr/bin/cmake /workspace/ros2_ws/src/interfaz_servicio_suma -DAMENT_CMAKE_SYMLINK_INSTALL=1 -DCMAKE_INSTALL_PREFIX=/workspace/ros2_ws/install/interfaz_servicio_suma
[0.999s] -- The C compiler identification is GNU 11.4.0
[1.000s] -- The CXX compiler identification is GNU 11.4.0
[1.000s] -- Detecting C compiler ABI info
[1.000s] -- Detecting C compiler ABI info - done
[1.000s] -- Check for working C compiler: /usr/bin/cc - skipped
[1.000s] -- Detecting C compile features
[1.000s] -- Detecting C compile features - done
[1.000s] -- Detecting CXX compiler ABI info
[1.000s] -- Detecting CXX compiler ABI info - done
[1.000s] -- Check for working CXX compiler: /usr/bin/c++ - skipped
[1.001s] -- Detecting CXX compile features
[1.001s] -- Detecting CXX compile features - done
[1.001s] -- Found ament_cmake: 1.3.12 (/opt/ros/humble/share/ament_cmake/cmake)
[1.001s] -- Found Python3: /usr/bin/python3 (found version "3.10.12") found components: Interpreter 
[1.001s] -- Override CMake install command with custom implementation using symlinks instead of copying resources
[1.001s] -- Found std_msgs: 4.9.0 (/opt/ros/humble/share/std_msgs/cmake)
[1.001s] -- Found rosidl_generator_c: 3.1.8 (/opt/ros/humble/share/rosidl_generator_c/cmake)
[1.002s] -- Found rosidl_adapter: 3.1.8 (/opt/ros/humble/share/rosidl_adapter/cmake)
[1.002s] -- Found rosidl_generator_cpp: 3.1.8 (/opt/ros/humble/share/rosidl_generator_cpp/cmake)
[1.003s] -- Using all available rosidl_typesupport_c: rosidl_typesupport_fastrtps_c;rosidl_typesupport_introspection_c
[1.003s] -- Using all available rosidl_typesupport_cpp: rosidl_typesupport_fastrtps_cpp;rosidl_typesupport_introspection_cpp
[1.004s] -- Found rosidl_default_generators: 1.2.0 (/opt/ros/humble/share/rosidl_default_generators/cmake)
[1.430s] -- Found ament_cmake_ros: 0.10.0 (/opt/ros/humble/share/ament_cmake_ros/cmake)
[1.918s] -- Using all available rosidl_typesupport_c: rosidl_typesupport_fastrtps_c;rosidl_typesupport_introspection_c
[2.089s] -- Using all available rosidl_typesupport_cpp: rosidl_typesupport_fastrtps_cpp;rosidl_typesupport_introspection_cpp
[2.123s] -- Found PythonInterp: /usr/bin/python3 (found suitable version "3.10.12", minimum required is "3.6") 
[2.128s] -- Found python_cmake_module: 0.10.0 (/opt/ros/humble/share/python_cmake_module/cmake)
[2.169s] -- Found PythonLibs: /usr/lib/x86_64-linux-gnu/libpython3.10.so (found suitable version "3.10.12", minimum required is "3.5") 
[2.169s] -- Using PYTHON_EXECUTABLE: /usr/bin/python3
[2.169s] -- Using PYTHON_INCLUDE_DIRS: /usr/include/python3.10
[2.169s] -- Using PYTHON_LIBRARIES: /usr/lib/x86_64-linux-gnu/libpython3.10.so
[2.205s] -- Found PythonExtra: .so  
[2.282s] -- Found ament_lint_auto: 0.12.14 (/opt/ros/humble/share/ament_lint_auto/cmake)
[2.344s] -- Added test 'cppcheck' to perform static code analysis on C / C++ code
[2.344s] -- Configured cppcheck include dirs: 
[2.344s] -- Configured cppcheck exclude dirs and/or files: 
[2.349s] -- Added test 'flake8' to check Python code syntax and style conventions
[2.357s] -- Added test 'lint_cmake' to check CMake code style
[2.362s] -- Added test 'pep257' to check Python code against some of the docstring style conventions in PEP 257
[2.394s] -- Added test 'uncrustify' to check C / C++ code style
[2.394s] -- Configured uncrustify additional arguments: 
[2.399s] -- Added test 'xmllint' to check XML markup files
[2.402s] -- Configuring done
[2.429s] -- Generating done
[2.439s] -- Build files have been written to: /workspace/ros2_ws/build/interfaz_servicio_suma
[2.444s] Invoked command in '/workspace/ros2_ws/build/interfaz_servicio_suma' returned '0': CMAKE_PREFIX_PATH=${CMAKE_PREFIX_PATH}:/workspace/install/servicio_suma:/workspace/ros2_ws/install/vicpaq:/workspace/ros2_ws/install/servicio_suma:/workspace/ros2_ws/install/service_temp:/workspace/ros2_ws/install/primer_paquete:/workspace/ros2_ws/install/paquete1:/workspace/ros2_ws/install/battery_act:/opt/ros/humble /usr/bin/cmake /workspace/ros2_ws/src/interfaz_servicio_suma -DAMENT_CMAKE_SYMLINK_INSTALL=1 -DCMAKE_INSTALL_PREFIX=/workspace/ros2_ws/install/interfaz_servicio_suma
[2.446s] Invoking command in '/workspace/ros2_ws/build/interfaz_servicio_suma': CMAKE_PREFIX_PATH=${CMAKE_PREFIX_PATH}:/workspace/install/servicio_suma:/workspace/ros2_ws/install/vicpaq:/workspace/ros2_ws/install/servicio_suma:/workspace/ros2_ws/install/service_temp:/workspace/ros2_ws/install/primer_paquete:/workspace/ros2_ws/install/paquete1:/workspace/ros2_ws/install/battery_act:/opt/ros/humble /usr/bin/cmake --build /workspace/ros2_ws/build/interfaz_servicio_suma -- -j12 -l12
[2.482s] [  3%] [34m[1mGenerating C code for ROS interfaces[0m
[2.497s] [  6%] [34m[1mGenerating C++ code for ROS interfaces[0m
[2.501s] [  6%] Built target ament_cmake_python_symlink_interfaz_servicio_suma
[2.870s] running egg_info
[2.870s] creating interfaz_servicio_suma.egg-info
[2.870s] writing interfaz_servicio_suma.egg-info/PKG-INFO
[2.870s] writing dependency_links to interfaz_servicio_suma.egg-info/dependency_links.txt
[2.870s] writing top-level names to interfaz_servicio_suma.egg-info/top_level.txt
[2.870s] writing manifest file 'interfaz_servicio_suma.egg-info/SOURCES.txt'
[2.870s] reading manifest file 'interfaz_servicio_suma.egg-info/SOURCES.txt'
[2.871s] writing manifest file 'interfaz_servicio_suma.egg-info/SOURCES.txt'
[2.872s] [  9%] [32mBuilding C object CMakeFiles/interfaz_servicio_suma__rosidl_generator_c.dir/rosidl_generator_c/interfaz_servicio_suma/srv/detail/add_two_ints__functions.c.o[0m
[2.896s] [  9%] Built target interfaz_servicio_suma__cpp
[2.910s] [ 12%] [34m[1mGenerating C++ type support for eProsima Fast-RTPS[0m
[2.911s] [ 12%] Built target ament_cmake_python_build_interfaz_servicio_suma_egg
[2.911s] [ 16%] [34m[1mGenerating C++ type support dispatch for ROS interfaces[0m
[2.916s] [ 19%] [34m[1mGenerating C++ introspection for ROS interfaces[0m
[2.953s] [ 22%] [32m[1mLinking C shared library libinterfaz_servicio_suma__rosidl_generator_c.so[0m
[2.990s] [ 22%] Built target interfaz_servicio_suma__rosidl_generator_c
[3.003s] [ 25%] [34m[1mGenerating C type support for eProsima Fast-RTPS[0m
[3.004s] [ 29%] [34m[1mGenerating C introspection for ROS interfaces[0m
[3.013s] [ 32%] [34m[1mGenerating C type support dispatch for ROS interfaces[0m
[3.323s] [ 35%] [32mBuilding CXX object CMakeFiles/interfaz_servicio_suma__rosidl_typesupport_cpp.dir/rosidl_typesupport_cpp/interfaz_servicio_suma/srv/add_two_ints__type_support.cpp.o[0m
[3.384s] [ 38%] [32mBuilding CXX object CMakeFiles/interfaz_servicio_suma__rosidl_typesupport_introspection_cpp.dir/rosidl_typesupport_introspection_cpp/interfaz_servicio_suma/srv/detail/add_two_ints__type_support.cpp.o[0m
[3.385s] [ 41%] [32mBuilding CXX object CMakeFiles/interfaz_servicio_suma__rosidl_typesupport_fastrtps_cpp.dir/rosidl_typesupport_fastrtps_cpp/interfaz_servicio_suma/srv/detail/dds_fastrtps/add_two_ints__type_support.cpp.o[0m
[3.463s] [ 45%] [32mBuilding CXX object CMakeFiles/interfaz_servicio_suma__rosidl_typesupport_c.dir/rosidl_typesupport_c/interfaz_servicio_suma/srv/add_two_ints__type_support.cpp.o[0m
[3.512s] [ 48%] [32mBuilding C object CMakeFiles/interfaz_servicio_suma__rosidl_typesupport_introspection_c.dir/rosidl_typesupport_introspection_c/interfaz_servicio_suma/srv/detail/add_two_ints__type_support.c.o[0m
[3.539s] [ 51%] [32m[1mLinking CXX shared library libinterfaz_servicio_suma__rosidl_typesupport_c.so[0m
[3.580s] [ 54%] [32mBuilding CXX object CMakeFiles/interfaz_servicio_suma__rosidl_typesupport_fastrtps_c.dir/rosidl_typesupport_fastrtps_c/interfaz_servicio_suma/srv/detail/add_two_ints__type_support_c.cpp.o[0m
[3.605s] [ 58%] [32m[1mLinking C shared library libinterfaz_servicio_suma__rosidl_typesupport_introspection_c.so[0m
[3.636s] [ 58%] Built target interfaz_servicio_suma__rosidl_typesupport_c
[3.667s] [ 58%] Built target interfaz_servicio_suma__rosidl_typesupport_introspection_c
[3.816s] [ 61%] [32m[1mLinking CXX shared library libinterfaz_servicio_suma__rosidl_typesupport_cpp.so[0m
[3.937s] [ 61%] Built target interfaz_servicio_suma__rosidl_typesupport_cpp
[4.113s] [ 64%] [32m[1mLinking CXX shared library libinterfaz_servicio_suma__rosidl_typesupport_introspection_cpp.so[0m
[4.214s] [ 67%] [32m[1mLinking CXX shared library libinterfaz_servicio_suma__rosidl_typesupport_fastrtps_c.so[0m
[4.226s] [ 70%] [32m[1mLinking CXX shared library libinterfaz_servicio_suma__rosidl_typesupport_fastrtps_cpp.so[0m
[4.236s] [ 70%] Built target interfaz_servicio_suma__rosidl_typesupport_introspection_cpp
[4.384s] [ 70%] Built target interfaz_servicio_suma__rosidl_typesupport_fastrtps_cpp
[4.463s] [ 70%] Built target interfaz_servicio_suma__rosidl_typesupport_fastrtps_c
[4.510s] [ 70%] Built target interfaz_servicio_suma
[4.556s] [ 74%] [34m[1mGenerating Python code for ROS interfaces[0m
[5.583s] [ 74%] Built target interfaz_servicio_suma__py
[5.646s] [ 77%] [32mBuilding C object CMakeFiles/interfaz_servicio_suma__rosidl_generator_py.dir/rosidl_generator_py/interfaz_servicio_suma/srv/_add_two_ints_s.c.o[0m
[6.071s] [ 80%] [32m[1mLinking C shared library rosidl_generator_py/interfaz_servicio_suma/libinterfaz_servicio_suma__rosidl_generator_py.so[0m
[6.239s] [ 80%] Built target interfaz_servicio_suma__rosidl_generator_py
[6.337s] [ 83%] [32mBuilding C object CMakeFiles/interfaz_servicio_suma__rosidl_typesupport_introspection_c__pyext.dir/rosidl_generator_py/interfaz_servicio_suma/_interfaz_servicio_suma_s.ep.rosidl_typesupport_introspection_c.c.o[0m
[6.355s] [ 87%] [32mBuilding C object CMakeFiles/interfaz_servicio_suma__rosidl_typesupport_fastrtps_c__pyext.dir/rosidl_generator_py/interfaz_servicio_suma/_interfaz_servicio_suma_s.ep.rosidl_typesupport_fastrtps_c.c.o[0m
[6.366s] [ 90%] [32mBuilding C object CMakeFiles/interfaz_servicio_suma__rosidl_typesupport_c__pyext.dir/rosidl_generator_py/interfaz_servicio_suma/_interfaz_servicio_suma_s.ep.rosidl_typesupport_c.c.o[0m
[6.678s] [ 93%] [32m[1mLinking C shared library rosidl_generator_py/interfaz_servicio_suma/interfaz_servicio_suma_s__rosidl_typesupport_fastrtps_c.cpython-310-x86_64-linux-gnu.so[0m
[6.715s] [ 96%] [32m[1mLinking C shared library rosidl_generator_py/interfaz_servicio_suma/interfaz_servicio_suma_s__rosidl_typesupport_c.cpython-310-x86_64-linux-gnu.so[0m
[6.827s] [ 96%] Built target interfaz_servicio_suma__rosidl_typesupport_fastrtps_c__pyext
[6.941s] [100%] [32m[1mLinking C shared library rosidl_generator_py/interfaz_servicio_suma/interfaz_servicio_suma_s__rosidl_typesupport_introspection_c.cpython-310-x86_64-linux-gnu.so[0m
[6.976s] [100%] Built target interfaz_servicio_suma__rosidl_typesupport_c__pyext
[7.070s] [100%] Built target interfaz_servicio_suma__rosidl_typesupport_introspection_c__pyext
[7.123s] Invoked command in '/workspace/ros2_ws/build/interfaz_servicio_suma' returned '0': CMAKE_PREFIX_PATH=${CMAKE_PREFIX_PATH}:/workspace/install/servicio_suma:/workspace/ros2_ws/install/vicpaq:/workspace/ros2_ws/install/servicio_suma:/workspace/ros2_ws/install/service_temp:/workspace/ros2_ws/install/primer_paquete:/workspace/ros2_ws/install/paquete1:/workspace/ros2_ws/install/battery_act:/opt/ros/humble /usr/bin/cmake --build /workspace/ros2_ws/build/interfaz_servicio_suma -- -j12 -l12
[7.124s] Invoking command in '/workspace/ros2_ws/build/interfaz_servicio_suma': CMAKE_PREFIX_PATH=${CMAKE_PREFIX_PATH}:/workspace/install/servicio_suma:/workspace/ros2_ws/install/vicpaq:/workspace/ros2_ws/install/servicio_suma:/workspace/ros2_ws/install/service_temp:/workspace/ros2_ws/install/primer_paquete:/workspace/ros2_ws/install/paquete1:/workspace/ros2_ws/install/battery_act:/opt/ros/humble /usr/bin/cmake --install /workspace/ros2_ws/build/interfaz_servicio_suma
[7.146s] -- Install configuration: ""
[7.151s] -- Execute custom install script
[7.151s] -- Symlinking: /workspace/ros2_ws/install/interfaz_servicio_suma/share/ament_index/resource_index/rosidl_interfaces/interfaz_servicio_suma
[7.199s] -- Symlinking: /workspace/ros2_ws/install/interfaz_servicio_suma/include/interfaz_servicio_suma/interfaz_servicio_suma/msg/rosidl_generator_c__visibility_control.h
[7.242s] -- Symlinking: /workspace/ros2_ws/install/interfaz_servicio_suma/include/interfaz_servicio_suma/interfaz_servicio_suma/srv/add_two_ints.h
[7.279s] -- Symlinking: /workspace/ros2_ws/install/interfaz_servicio_suma/include/interfaz_servicio_suma/interfaz_servicio_suma/srv/detail/add_two_ints__functions.h
[7.317s] -- Symlinking: /workspace/ros2_ws/install/interfaz_servicio_suma/include/interfaz_servicio_suma/interfaz_servicio_suma/srv/detail/add_two_ints__struct.h
[7.354s] -- Symlinking: /workspace/ros2_ws/install/interfaz_servicio_suma/include/interfaz_servicio_suma/interfaz_servicio_suma/srv/detail/add_two_ints__type_support.h
[7.389s] -- Symlinking: /workspace/ros2_ws/install/interfaz_servicio_suma/share/interfaz_servicio_suma/environment/library_path.sh
[7.428s] -- Symlinking: /workspace/ros2_ws/install/interfaz_servicio_suma/share/interfaz_servicio_suma/environment/library_path.dsv
[7.489s] -- Symlinking: /workspace/ros2_ws/install/interfaz_servicio_suma/include/interfaz_servicio_suma/interfaz_servicio_suma/msg/rosidl_typesupport_fastrtps_c__visibility_control.h
[7.528s] -- Symlinking: /workspace/ros2_ws/install/interfaz_servicio_suma/include/interfaz_servicio_suma/interfaz_servicio_suma/srv/detail/add_two_ints__rosidl_typesupport_fastrtps_c.h
[7.576s] -- Symlinking: /workspace/ros2_ws/install/interfaz_servicio_suma/include/interfaz_servicio_suma/interfaz_servicio_suma/msg/rosidl_generator_cpp__visibility_control.hpp
[7.599s] -- Symlinking: /workspace/ros2_ws/install/interfaz_servicio_suma/include/interfaz_servicio_suma/interfaz_servicio_suma/srv/add_two_ints.hpp
[7.626s] -- Symlinking: /workspace/ros2_ws/install/interfaz_servicio_suma/include/interfaz_servicio_suma/interfaz_servicio_suma/srv/detail/add_two_ints__builder.hpp
[7.655s] -- Symlinking: /workspace/ros2_ws/install/interfaz_servicio_suma/include/interfaz_servicio_suma/interfaz_servicio_suma/srv/detail/add_two_ints__struct.hpp
[7.685s] -- Symlinking: /workspace/ros2_ws/install/interfaz_servicio_suma/include/interfaz_servicio_suma/interfaz_servicio_suma/srv/detail/add_two_ints__traits.hpp
[7.713s] -- Symlinking: /workspace/ros2_ws/install/interfaz_servicio_suma/include/interfaz_servicio_suma/interfaz_servicio_suma/srv/detail/add_two_ints__type_support.hpp
[7.741s] -- Symlinking: /workspace/ros2_ws/install/interfaz_servicio_suma/include/interfaz_servicio_suma/interfaz_servicio_suma/msg/rosidl_typesupport_fastrtps_cpp__visibility_control.h
[7.769s] -- Symlinking: /workspace/ros2_ws/install/interfaz_servicio_suma/include/interfaz_servicio_suma/interfaz_servicio_suma/srv/detail/add_two_ints__rosidl_typesupport_fastrtps_cpp.hpp
[7.813s] -- Symlinking: /workspace/ros2_ws/install/interfaz_servicio_suma/include/interfaz_servicio_suma/interfaz_servicio_suma/msg/rosidl_typesupport_introspection_c__visibility_control.h
[7.840s] -- Symlinking: /workspace/ros2_ws/install/interfaz_servicio_suma/include/interfaz_servicio_suma/interfaz_servicio_suma/srv/detail/add_two_ints__rosidl_typesupport_introspection_c.h
[7.864s] -- Symlinking: /workspace/ros2_ws/install/interfaz_servicio_suma/include/interfaz_servicio_suma/interfaz_servicio_suma/srv/detail/add_two_ints__rosidl_typesupport_introspection_cpp.hpp
[7.896s] -- Symlinking: /workspace/ros2_ws/install/interfaz_servicio_suma/share/interfaz_servicio_suma/environment/pythonpath.sh
[7.930s] -- Symlinking: /workspace/ros2_ws/install/interfaz_servicio_suma/share/interfaz_servicio_suma/environment/pythonpath.dsv
[7.978s] -- Symlinking: /workspace/ros2_ws/install/interfaz_servicio_suma/local/lib/python3.10/dist-packages/interfaz_servicio_suma-0.0.0-py3.10.egg-info/PKG-INFO
[7.990s] -- Symlinking: /workspace/ros2_ws/install/interfaz_servicio_suma/local/lib/python3.10/dist-packages/interfaz_servicio_suma-0.0.0-py3.10.egg-info/SOURCES.txt
[8.009s] -- Symlinking: /workspace/ros2_ws/install/interfaz_servicio_suma/local/lib/python3.10/dist-packages/interfaz_servicio_suma-0.0.0-py3.10.egg-info/dependency_links.txt
[8.037s] -- Symlinking: /workspace/ros2_ws/install/interfaz_servicio_suma/local/lib/python3.10/dist-packages/interfaz_servicio_suma-0.0.0-py3.10.egg-info/top_level.txt
[8.055s] -- Symlinking: /workspace/ros2_ws/install/interfaz_servicio_suma/local/lib/python3.10/dist-packages/interfaz_servicio_suma/__init__.py
[8.080s] -- Symlinking: /workspace/ros2_ws/install/interfaz_servicio_suma/local/lib/python3.10/dist-packages/interfaz_servicio_suma/_interfaz_servicio_suma_s.ep.rosidl_typesupport_c.c
[8.122s] -- Symlinking: /workspace/ros2_ws/install/interfaz_servicio_suma/local/lib/python3.10/dist-packages/interfaz_servicio_suma/_interfaz_servicio_suma_s.ep.rosidl_typesupport_fastrtps_c.c
[8.172s] -- Symlinking: /workspace/ros2_ws/install/interfaz_servicio_suma/local/lib/python3.10/dist-packages/interfaz_servicio_suma/_interfaz_servicio_suma_s.ep.rosidl_typesupport_introspection_c.c
[8.210s] -- Symlinking: /workspace/ros2_ws/install/interfaz_servicio_suma/local/lib/python3.10/dist-packages/interfaz_servicio_suma/interfaz_servicio_suma_s__rosidl_typesupport_c.cpython-310-x86_64-linux-gnu.so
[8.235s] -- Symlinking: /workspace/ros2_ws/install/interfaz_servicio_suma/local/lib/python3.10/dist-packages/interfaz_servicio_suma/interfaz_servicio_suma_s__rosidl_typesupport_fastrtps_c.cpython-310-x86_64-linux-gnu.so
[8.263s] -- Symlinking: /workspace/ros2_ws/install/interfaz_servicio_suma/local/lib/python3.10/dist-packages/interfaz_servicio_suma/interfaz_servicio_suma_s__rosidl_typesupport_introspection_c.cpython-310-x86_64-linux-gnu.so
[8.294s] -- Symlinking: /workspace/ros2_ws/install/interfaz_servicio_suma/local/lib/python3.10/dist-packages/interfaz_servicio_suma/libinterfaz_servicio_suma__rosidl_generator_py.so
[8.319s] -- Symlinking: /workspace/ros2_ws/install/interfaz_servicio_suma/local/lib/python3.10/dist-packages/interfaz_servicio_suma/srv/__init__.py
[8.354s] -- Symlinking: /workspace/ros2_ws/install/interfaz_servicio_suma/local/lib/python3.10/dist-packages/interfaz_servicio_suma/srv/_add_two_ints.py
[8.387s] -- Symlinking: /workspace/ros2_ws/install/interfaz_servicio_suma/local/lib/python3.10/dist-packages/interfaz_servicio_suma/srv/_add_two_ints_s.c
[8.421s] -- Up-to-date symlink: /workspace/ros2_ws/install/interfaz_servicio_suma/local/lib/python3.10/dist-packages/interfaz_servicio_suma/interfaz_servicio_suma_s__rosidl_typesupport_fastrtps_c.cpython-310-x86_64-linux-gnu.so
[8.421s] -- Up-to-date symlink: /workspace/ros2_ws/install/interfaz_servicio_suma/local/lib/python3.10/dist-packages/interfaz_servicio_suma/interfaz_servicio_suma_s__rosidl_typesupport_introspection_c.cpython-310-x86_64-linux-gnu.so
[8.421s] -- Up-to-date symlink: /workspace/ros2_ws/install/interfaz_servicio_suma/local/lib/python3.10/dist-packages/interfaz_servicio_suma/interfaz_servicio_suma_s__rosidl_typesupport_c.cpython-310-x86_64-linux-gnu.so
[8.422s] -- Symlinking: /workspace/ros2_ws/install/interfaz_servicio_suma/share/interfaz_servicio_suma/srv/AddTwoInts.idl
[8.461s] -- Symlinking: /workspace/ros2_ws/install/interfaz_servicio_suma/share/interfaz_servicio_suma/srv/AddTwoInts.srv
[8.491s] -- Symlinking: /workspace/ros2_ws/install/interfaz_servicio_suma/share/interfaz_servicio_suma/srv/AddTwoInts_Request.msg
[8.515s] -- Symlinking: /workspace/ros2_ws/install/interfaz_servicio_suma/share/interfaz_servicio_suma/srv/AddTwoInts_Response.msg
[8.548s] -- Symlinking: /workspace/ros2_ws/install/interfaz_servicio_suma/share/ament_index/resource_index/package_run_dependencies/interfaz_servicio_suma
[8.590s] -- Symlinking: /workspace/ros2_ws/install/interfaz_servicio_suma/share/ament_index/resource_index/parent_prefix_path/interfaz_servicio_suma
[8.627s] -- Symlinking: /workspace/ros2_ws/install/interfaz_servicio_suma/share/interfaz_servicio_suma/environment/ament_prefix_path.sh
[8.671s] -- Symlinking: /workspace/ros2_ws/install/interfaz_servicio_suma/share/interfaz_servicio_suma/environment/ament_prefix_path.dsv
[8.710s] -- Symlinking: /workspace/ros2_ws/install/interfaz_servicio_suma/share/interfaz_servicio_suma/environment/path.sh
[8.749s] -- Symlinking: /workspace/ros2_ws/install/interfaz_servicio_suma/share/interfaz_servicio_suma/environment/path.dsv
[8.803s] -- Symlinking: /workspace/ros2_ws/install/interfaz_servicio_suma/share/interfaz_servicio_suma/local_setup.bash
[8.834s] -- Symlinking: /workspace/ros2_ws/install/interfaz_servicio_suma/share/interfaz_servicio_suma/local_setup.sh
[8.893s] -- Symlinking: /workspace/ros2_ws/install/interfaz_servicio_suma/share/interfaz_servicio_suma/local_setup.zsh
[8.935s] -- Symlinking: /workspace/ros2_ws/install/interfaz_servicio_suma/share/interfaz_servicio_suma/local_setup.dsv
[8.967s] -- Symlinking: /workspace/ros2_ws/install/interfaz_servicio_suma/share/interfaz_servicio_suma/package.dsv
[8.989s] -- Symlinking: /workspace/ros2_ws/install/interfaz_servicio_suma/share/ament_index/resource_index/packages/interfaz_servicio_suma
[9.015s] -- Symlinking: /workspace/ros2_ws/install/interfaz_servicio_suma/share/interfaz_servicio_suma/cmake/rosidl_cmake-extras.cmake
[9.043s] -- Symlinking: /workspace/ros2_ws/install/interfaz_servicio_suma/share/interfaz_servicio_suma/cmake/ament_cmake_export_dependencies-extras.cmake
[9.073s] -- Symlinking: /workspace/ros2_ws/install/interfaz_servicio_suma/share/interfaz_servicio_suma/cmake/ament_cmake_export_include_directories-extras.cmake
[9.102s] -- Symlinking: /workspace/ros2_ws/install/interfaz_servicio_suma/share/interfaz_servicio_suma/cmake/ament_cmake_export_libraries-extras.cmake
[9.128s] -- Symlinking: /workspace/ros2_ws/install/interfaz_servicio_suma/share/interfaz_servicio_suma/cmake/ament_cmake_export_targets-extras.cmake
[9.156s] -- Symlinking: /workspace/ros2_ws/install/interfaz_servicio_suma/share/interfaz_servicio_suma/cmake/rosidl_cmake_export_typesupport_targets-extras.cmake
[9.188s] -- Symlinking: /workspace/ros2_ws/install/interfaz_servicio_suma/share/interfaz_servicio_suma/cmake/rosidl_cmake_export_typesupport_libraries-extras.cmake
[9.218s] -- Symlinking: /workspace/ros2_ws/install/interfaz_servicio_suma/share/interfaz_servicio_suma/cmake/interfaz_servicio_sumaConfig.cmake
[9.244s] -- Symlinking: /workspace/ros2_ws/install/interfaz_servicio_suma/share/interfaz_servicio_suma/cmake/interfaz_servicio_sumaConfig-version.cmake
[9.289s] -- Symlinking: /workspace/ros2_ws/install/interfaz_servicio_suma/share/interfaz_servicio_suma/package.xml
[9.331s] -- Installing: /workspace/ros2_ws/install/interfaz_servicio_suma/lib/libinterfaz_servicio_suma__rosidl_generator_c.so
[9.337s] -- Set runtime path of "/workspace/ros2_ws/install/interfaz_servicio_suma/lib/libinterfaz_servicio_suma__rosidl_generator_c.so" to ""
[9.337s] -- Installing: /workspace/ros2_ws/install/interfaz_servicio_suma/lib/libinterfaz_servicio_suma__rosidl_typesupport_fastrtps_c.so
[9.338s] -- Set runtime path of "/workspace/ros2_ws/install/interfaz_servicio_suma/lib/libinterfaz_servicio_suma__rosidl_typesupport_fastrtps_c.so" to ""
[9.341s] -- Installing: /workspace/ros2_ws/install/interfaz_servicio_suma/lib/libinterfaz_servicio_suma__rosidl_typesupport_fastrtps_cpp.so
[9.341s] -- Set runtime path of "/workspace/ros2_ws/install/interfaz_servicio_suma/lib/libinterfaz_servicio_suma__rosidl_typesupport_fastrtps_cpp.so" to ""
[9.341s] -- Installing: /workspace/ros2_ws/install/interfaz_servicio_suma/lib/libinterfaz_servicio_suma__rosidl_typesupport_introspection_c.so
[9.342s] -- Set runtime path of "/workspace/ros2_ws/install/interfaz_servicio_suma/lib/libinterfaz_servicio_suma__rosidl_typesupport_introspection_c.so" to ""
[9.342s] -- Installing: /workspace/ros2_ws/install/interfaz_servicio_suma/lib/libinterfaz_servicio_suma__rosidl_typesupport_c.so
[9.348s] -- Set runtime path of "/workspace/ros2_ws/install/interfaz_servicio_suma/lib/libinterfaz_servicio_suma__rosidl_typesupport_c.so" to ""
[9.348s] -- Installing: /workspace/ros2_ws/install/interfaz_servicio_suma/lib/libinterfaz_servicio_suma__rosidl_typesupport_introspection_cpp.so
[9.348s] -- Set runtime path of "/workspace/ros2_ws/install/interfaz_servicio_suma/lib/libinterfaz_servicio_suma__rosidl_typesupport_introspection_cpp.so" to ""
[9.348s] -- Installing: /workspace/ros2_ws/install/interfaz_servicio_suma/lib/libinterfaz_servicio_suma__rosidl_typesupport_cpp.so
[9.348s] -- Set runtime path of "/workspace/ros2_ws/install/interfaz_servicio_suma/lib/libinterfaz_servicio_suma__rosidl_typesupport_cpp.so" to ""
[9.456s] Listing '/workspace/ros2_ws/install/interfaz_servicio_suma/local/lib/python3.10/dist-packages/interfaz_servicio_suma'...
[9.456s] Compiling '/workspace/ros2_ws/install/interfaz_servicio_suma/local/lib/python3.10/dist-packages/interfaz_servicio_suma/__init__.py'...
[9.456s] Listing '/workspace/ros2_ws/install/interfaz_servicio_suma/local/lib/python3.10/dist-packages/interfaz_servicio_suma/srv'...
[9.457s] Compiling '/workspace/ros2_ws/install/interfaz_servicio_suma/local/lib/python3.10/dist-packages/interfaz_servicio_suma/srv/__init__.py'...
[9.457s] Compiling '/workspace/ros2_ws/install/interfaz_servicio_suma/local/lib/python3.10/dist-packages/interfaz_servicio_suma/srv/_add_two_ints.py'...
[9.465s] -- Installing: /workspace/ros2_ws/install/interfaz_servicio_suma/lib/libinterfaz_servicio_suma__rosidl_generator_py.so
[9.465s] -- Set runtime path of "/workspace/ros2_ws/install/interfaz_servicio_suma/lib/libinterfaz_servicio_suma__rosidl_generator_py.so" to ""
[9.466s] -- Installing: /workspace/ros2_ws/install/interfaz_servicio_suma/share/interfaz_servicio_suma/cmake/export_interfaz_servicio_suma__rosidl_generator_cExport.cmake
[9.466s] -- Installing: /workspace/ros2_ws/install/interfaz_servicio_suma/share/interfaz_servicio_suma/cmake/export_interfaz_servicio_suma__rosidl_generator_cExport-noconfig.cmake
[9.466s] -- Installing: /workspace/ros2_ws/install/interfaz_servicio_suma/share/interfaz_servicio_suma/cmake/export_interfaz_servicio_suma__rosidl_typesupport_fastrtps_cExport.cmake
[9.467s] -- Installing: /workspace/ros2_ws/install/interfaz_servicio_suma/share/interfaz_servicio_suma/cmake/export_interfaz_servicio_suma__rosidl_typesupport_fastrtps_cExport-noconfig.cmake
[9.472s] -- Installing: /workspace/ros2_ws/install/interfaz_servicio_suma/share/interfaz_servicio_suma/cmake/export_interfaz_servicio_suma__rosidl_generator_cppExport.cmake
[9.472s] -- Installing: /workspace/ros2_ws/install/interfaz_servicio_suma/share/interfaz_servicio_suma/cmake/export_interfaz_servicio_suma__rosidl_typesupport_fastrtps_cppExport.cmake
[9.477s] -- Installing: /workspace/ros2_ws/install/interfaz_servicio_suma/share/interfaz_servicio_suma/cmake/export_interfaz_servicio_suma__rosidl_typesupport_fastrtps_cppExport-noconfig.cmake
[9.477s] -- Installing: /workspace/ros2_ws/install/interfaz_servicio_suma/share/interfaz_servicio_suma/cmake/interfaz_servicio_suma__rosidl_typesupport_introspection_cExport.cmake
[9.477s] -- Installing: /workspace/ros2_ws/install/interfaz_servicio_suma/share/interfaz_servicio_suma/cmake/interfaz_servicio_suma__rosidl_typesupport_introspection_cExport-noconfig.cmake
[9.477s] -- Installing: /workspace/ros2_ws/install/interfaz_servicio_suma/share/interfaz_servicio_suma/cmake/interfaz_servicio_suma__rosidl_typesupport_cExport.cmake
[9.482s] -- Installing: /workspace/ros2_ws/install/interfaz_servicio_suma/share/interfaz_servicio_suma/cmake/interfaz_servicio_suma__rosidl_typesupport_cExport-noconfig.cmake
[9.482s] -- Installing: /workspace/ros2_ws/install/interfaz_servicio_suma/share/interfaz_servicio_suma/cmake/interfaz_servicio_suma__rosidl_typesupport_introspection_cppExport.cmake
[9.482s] -- Installing: /workspace/ros2_ws/install/interfaz_servicio_suma/share/interfaz_servicio_suma/cmake/interfaz_servicio_suma__rosidl_typesupport_introspection_cppExport-noconfig.cmake
[9.482s] -- Installing: /workspace/ros2_ws/install/interfaz_servicio_suma/share/interfaz_servicio_suma/cmake/interfaz_servicio_suma__rosidl_typesupport_cppExport.cmake
[9.482s] -- Installing: /workspace/ros2_ws/install/interfaz_servicio_suma/share/interfaz_servicio_suma/cmake/interfaz_servicio_suma__rosidl_typesupport_cppExport-noconfig.cmake
[9.482s] -- Installing: /workspace/ros2_ws/install/interfaz_servicio_suma/share/interfaz_servicio_suma/cmake/export_interfaz_servicio_suma__rosidl_generator_pyExport.cmake
[9.483s] -- Installing: /workspace/ros2_ws/install/interfaz_servicio_suma/share/interfaz_servicio_suma/cmake/export_interfaz_servicio_suma__rosidl_generator_pyExport-noconfig.cmake
[9.499s] Invoked command in '/workspace/ros2_ws/build/interfaz_servicio_suma' returned '0': CMAKE_PREFIX_PATH=${CMAKE_PREFIX_PATH}:/workspace/install/servicio_suma:/workspace/ros2_ws/install/vicpaq:/workspace/ros2_ws/install/servicio_suma:/workspace/ros2_ws/install/service_temp:/workspace/ros2_ws/install/primer_paquete:/workspace/ros2_ws/install/paquete1:/workspace/ros2_ws/install/battery_act:/opt/ros/humble /usr/bin/cmake --install /workspace/ros2_ws/build/interfaz_servicio_suma
